[2025-11-02T01:50:05.191+0000] {taskinstance.py:1956} INFO - Dependencies all met for dep_context=non-requeueable deps ti=<TaskInstance: gold_dimensions_pipeline.dbt_dim_date manual__2025-11-02T01:40:23.478659+00:00 [queued]>
[2025-11-02T01:50:05.203+0000] {taskinstance.py:1956} INFO - Dependencies all met for dep_context=requeueable deps ti=<TaskInstance: gold_dimensions_pipeline.dbt_dim_date manual__2025-11-02T01:40:23.478659+00:00 [queued]>
[2025-11-02T01:50:05.204+0000] {taskinstance.py:2170} INFO - Starting attempt 4 of 6
[2025-11-02T01:50:05.219+0000] {taskinstance.py:2191} INFO - Executing <Task(PythonOperator): dbt_dim_date> on 2025-11-02 01:40:23.478659+00:00
[2025-11-02T01:50:05.225+0000] {standard_task_runner.py:60} INFO - Started process 4542 to run task
[2025-11-02T01:50:05.230+0000] {standard_task_runner.py:87} INFO - Running: ['***', 'tasks', 'run', 'gold_dimensions_pipeline', 'dbt_dim_date', 'manual__2025-11-02T01:40:23.478659+00:00', '--job-id', '261', '--raw', '--subdir', 'DAGS_FOLDER/gold_dag.py', '--cfg-path', '/tmp/tmpbdc3bh7y']
[2025-11-02T01:50:05.233+0000] {standard_task_runner.py:88} INFO - Job 261: Subtask dbt_dim_date
[2025-11-02T01:50:05.336+0000] {task_command.py:423} INFO - Running <TaskInstance: gold_dimensions_pipeline.dbt_dim_date manual__2025-11-02T01:40:23.478659+00:00 [running]> on host 3b0074fa0b5e
[2025-11-02T01:50:05.490+0000] {taskinstance.py:2480} INFO - Exporting env vars: AIRFLOW_CTX_DAG_OWNER='***' AIRFLOW_CTX_DAG_ID='gold_dimensions_pipeline' AIRFLOW_CTX_TASK_ID='dbt_dim_date' AIRFLOW_CTX_EXECUTION_DATE='2025-11-02T01:40:23.478659+00:00' AIRFLOW_CTX_TRY_NUMBER='4' AIRFLOW_CTX_DAG_RUN_ID='manual__2025-11-02T01:40:23.478659+00:00'
[2025-11-02T01:50:10.147+0000] {logging_mixin.py:188} INFO - ==== DBT STDOUT ====
[2025-11-02T01:50:10.148+0000] {logging_mixin.py:188} INFO - 01:50:08  Running with dbt=1.5.9
01:50:08  Registered adapter: clickhouse=1.5.2
01:50:08  [WARNING]: Configuration paths exist in your dbt_project.yml file which do not apply to any resources.
There are 1 unused configuration paths:
- models.ck_project.gold.fact
01:50:08  Found 7 models, 17 tests, 0 snapshots, 0 analyses, 349 macros, 0 operations, 0 seed files, 6 sources, 0 exposures, 0 metrics, 0 groups
01:50:08  
01:50:09  Concurrency: 4 threads (target='dev')
01:50:09  
01:50:09  1 of 1 START sql table model default.dim_date .................................. [RUN]
01:50:09  1 of 1 OK created sql table model default.dim_date ............................. [OK in 0.17s]
01:50:09  
01:50:09  Finished running 1 table model in 0 hours 0 minutes and 0.43 seconds (0.43s).
01:50:09  
01:50:09  Completed successfully
01:50:09  
01:50:09  Done. PASS=1 WARN=0 ERROR=0 SKIP=0 TOTAL=1
[2025-11-02T01:50:10.149+0000] {logging_mixin.py:188} INFO - ==== DBT STDERR ====
[2025-11-02T01:50:10.150+0000] {python.py:201} INFO - Done. Returned value was: None
[2025-11-02T01:50:10.164+0000] {taskinstance.py:1138} INFO - Marking task as SUCCESS. dag_id=gold_dimensions_pipeline, task_id=dbt_dim_date, execution_date=20251102T014023, start_date=20251102T015005, end_date=20251102T015010
[2025-11-02T01:50:10.189+0000] {local_task_job_runner.py:234} INFO - Task exited with return code 0
[2025-11-02T01:50:10.216+0000] {taskinstance.py:3280} INFO - 3 downstream tasks scheduled from follow-on schedule check
