[2025-11-02T14:42:54.137+0000] {taskinstance.py:1956} INFO - Dependencies all met for dep_context=non-requeueable deps ti=<TaskInstance: gold_dimensions_pipeline.dbt_dim_date manual__2025-11-02T14:42:52.499830+00:00 [queued]>
[2025-11-02T14:42:54.159+0000] {taskinstance.py:1956} INFO - Dependencies all met for dep_context=requeueable deps ti=<TaskInstance: gold_dimensions_pipeline.dbt_dim_date manual__2025-11-02T14:42:52.499830+00:00 [queued]>
[2025-11-02T14:42:54.162+0000] {taskinstance.py:2170} INFO - Starting attempt 1 of 3
[2025-11-02T14:42:54.192+0000] {taskinstance.py:2191} INFO - Executing <Task(PythonOperator): dbt_dim_date> on 2025-11-02 14:42:52.499830+00:00
[2025-11-02T14:42:54.201+0000] {standard_task_runner.py:60} INFO - Started process 16837 to run task
[2025-11-02T14:42:54.208+0000] {standard_task_runner.py:87} INFO - Running: ['***', 'tasks', 'run', 'gold_dimensions_pipeline', 'dbt_dim_date', 'manual__2025-11-02T14:42:52.499830+00:00', '--job-id', '431', '--raw', '--subdir', 'DAGS_FOLDER/gold_dag.py', '--cfg-path', '/tmp/tmp3bhaewro']
[2025-11-02T14:42:54.220+0000] {standard_task_runner.py:88} INFO - Job 431: Subtask dbt_dim_date
[2025-11-02T14:42:54.356+0000] {task_command.py:423} INFO - Running <TaskInstance: gold_dimensions_pipeline.dbt_dim_date manual__2025-11-02T14:42:52.499830+00:00 [running]> on host 0d39d4365eb9
[2025-11-02T14:42:54.479+0000] {taskinstance.py:2480} INFO - Exporting env vars: AIRFLOW_CTX_DAG_OWNER='***' AIRFLOW_CTX_DAG_ID='gold_dimensions_pipeline' AIRFLOW_CTX_TASK_ID='dbt_dim_date' AIRFLOW_CTX_EXECUTION_DATE='2025-11-02T14:42:52.499830+00:00' AIRFLOW_CTX_TRY_NUMBER='1' AIRFLOW_CTX_DAG_RUN_ID='manual__2025-11-02T14:42:52.499830+00:00'
[2025-11-02T14:42:59.168+0000] {logging_mixin.py:188} INFO - 14:42:59  Running with dbt=1.5.9
[2025-11-02T14:42:59.356+0000] {logging_mixin.py:188} INFO - 14:42:59  Registered adapter: clickhouse=1.5.2
[2025-11-02T14:43:01.867+0000] {logging_mixin.py:188} INFO - 14:43:01  [WARNING]: Configuration paths exist in your dbt_project.yml file which do not apply to any resources.
[2025-11-02T14:43:01.869+0000] {logging_mixin.py:188} INFO - There are 1 unused configuration paths:
[2025-11-02T14:43:01.869+0000] {logging_mixin.py:188} INFO - - models.ck_project.bronze
[2025-11-02T14:43:01.931+0000] {logging_mixin.py:188} INFO - 14:43:01  Found 8 models, 20 tests, 0 snapshots, 0 analyses, 349 macros, 0 operations, 0 seed files, 6 sources, 0 exposures, 0 metrics, 0 groups
[2025-11-02T14:43:01.939+0000] {logging_mixin.py:188} INFO - 14:43:01
[2025-11-02T14:43:02.416+0000] {logging_mixin.py:188} INFO - 14:43:02  Concurrency: 4 threads (target='dev')
[2025-11-02T14:43:02.417+0000] {logging_mixin.py:188} INFO - 14:43:02
[2025-11-02T14:43:02.445+0000] {logging_mixin.py:188} INFO - 14:43:02  1 of 1 START sql table model gold.dim_date ..................................... [RUN]
[2025-11-02T14:43:02.716+0000] {logging_mixin.py:188} INFO - 14:43:02  1 of 1 OK created sql table model gold.dim_date ................................ [OK in 0.27s]
[2025-11-02T14:43:02.728+0000] {logging_mixin.py:188} INFO - 14:43:02
[2025-11-02T14:43:02.729+0000] {logging_mixin.py:188} INFO - 14:43:02  Finished running 1 table model in 0 hours 0 minutes and 0.79 seconds (0.79s).
[2025-11-02T14:43:02.765+0000] {logging_mixin.py:188} INFO - 14:43:02
[2025-11-02T14:43:02.768+0000] {logging_mixin.py:188} INFO - 14:43:02  Completed successfully
[2025-11-02T14:43:02.769+0000] {logging_mixin.py:188} INFO - 14:43:02
[2025-11-02T14:43:02.771+0000] {logging_mixin.py:188} INFO - 14:43:02  Done. PASS=1 WARN=0 ERROR=0 SKIP=0 TOTAL=1
[2025-11-02T14:43:03.563+0000] {python.py:201} INFO - Done. Returned value was: None
[2025-11-02T14:43:03.586+0000] {taskinstance.py:1138} INFO - Marking task as SUCCESS. dag_id=gold_dimensions_pipeline, task_id=dbt_dim_date, execution_date=20251102T144252, start_date=20251102T144254, end_date=20251102T144303
[2025-11-02T14:43:03.622+0000] {local_task_job_runner.py:234} INFO - Task exited with return code 0
[2025-11-02T14:43:03.650+0000] {taskinstance.py:3280} INFO - 0 downstream tasks scheduled from follow-on schedule check
