[2025-11-01T20:23:24.862+0000] {taskinstance.py:1956} INFO - Dependencies all met for dep_context=non-requeueable deps ti=<TaskInstance: silver_transformation_pipeline.dbt_run_payments scheduled__2025-10-24T00:00:00+00:00 [queued]>
[2025-11-01T20:23:24.872+0000] {taskinstance.py:1956} INFO - Dependencies all met for dep_context=requeueable deps ti=<TaskInstance: silver_transformation_pipeline.dbt_run_payments scheduled__2025-10-24T00:00:00+00:00 [queued]>
[2025-11-01T20:23:24.873+0000] {taskinstance.py:2170} INFO - Starting attempt 1 of 2
[2025-11-01T20:23:24.890+0000] {taskinstance.py:2191} INFO - Executing <Task(PythonOperator): dbt_run_payments> on 2025-10-24 00:00:00+00:00
[2025-11-01T20:23:24.898+0000] {standard_task_runner.py:60} INFO - Started process 2116 to run task
[2025-11-01T20:23:24.903+0000] {standard_task_runner.py:87} INFO - Running: ['***', 'tasks', 'run', 'silver_transformation_pipeline', 'dbt_run_payments', 'scheduled__2025-10-24T00:00:00+00:00', '--job-id', '220', '--raw', '--subdir', 'DAGS_FOLDER/silver_dag.py', '--cfg-path', '/tmp/tmp2x1buip7']
[2025-11-01T20:23:24.905+0000] {standard_task_runner.py:88} INFO - Job 220: Subtask dbt_run_payments
[2025-11-01T20:23:25.003+0000] {task_command.py:423} INFO - Running <TaskInstance: silver_transformation_pipeline.dbt_run_payments scheduled__2025-10-24T00:00:00+00:00 [running]> on host 6335aa85b335
[2025-11-01T20:23:25.127+0000] {taskinstance.py:2480} INFO - Exporting env vars: AIRFLOW_CTX_DAG_OWNER='***' AIRFLOW_CTX_DAG_ID='silver_transformation_pipeline' AIRFLOW_CTX_TASK_ID='dbt_run_payments' AIRFLOW_CTX_EXECUTION_DATE='2025-10-24T00:00:00+00:00' AIRFLOW_CTX_TRY_NUMBER='1' AIRFLOW_CTX_DAG_RUN_ID='scheduled__2025-10-24T00:00:00+00:00'
[2025-11-01T20:23:31.943+0000] {python.py:201} INFO - Done. Returned value was: None
[2025-11-01T20:23:31.967+0000] {taskinstance.py:1138} INFO - Marking task as SUCCESS. dag_id=silver_transformation_pipeline, task_id=dbt_run_payments, execution_date=20251024T000000, start_date=20251101T202324, end_date=20251101T202331
[2025-11-01T20:23:32.046+0000] {local_task_job_runner.py:234} INFO - Task exited with return code 0
[2025-11-01T20:23:32.072+0000] {taskinstance.py:3280} INFO - 0 downstream tasks scheduled from follow-on schedule check
[2025-11-02T01:38:42.237+0000] {taskinstance.py:1956} INFO - Dependencies all met for dep_context=non-requeueable deps ti=<TaskInstance: silver_transformation_pipeline.dbt_run_payments scheduled__2025-10-24T00:00:00+00:00 [queued]>
[2025-11-02T01:38:42.248+0000] {taskinstance.py:1956} INFO - Dependencies all met for dep_context=requeueable deps ti=<TaskInstance: silver_transformation_pipeline.dbt_run_payments scheduled__2025-10-24T00:00:00+00:00 [queued]>
[2025-11-02T01:38:42.248+0000] {taskinstance.py:2170} INFO - Starting attempt 1 of 2
[2025-11-02T01:38:42.270+0000] {taskinstance.py:2191} INFO - Executing <Task(PythonOperator): dbt_run_payments> on 2025-10-24 00:00:00+00:00
[2025-11-02T01:38:42.276+0000] {standard_task_runner.py:60} INFO - Started process 3136 to run task
[2025-11-02T01:38:42.281+0000] {standard_task_runner.py:87} INFO - Running: ['***', 'tasks', 'run', 'silver_transformation_pipeline', 'dbt_run_payments', 'scheduled__2025-10-24T00:00:00+00:00', '--job-id', '224', '--raw', '--subdir', 'DAGS_FOLDER/silver_dag.py', '--cfg-path', '/tmp/tmpseftz2il']
[2025-11-02T01:38:42.283+0000] {standard_task_runner.py:88} INFO - Job 224: Subtask dbt_run_payments
[2025-11-02T01:38:42.363+0000] {task_command.py:423} INFO - Running <TaskInstance: silver_transformation_pipeline.dbt_run_payments scheduled__2025-10-24T00:00:00+00:00 [running]> on host 3b0074fa0b5e
[2025-11-02T01:38:42.473+0000] {taskinstance.py:2480} INFO - Exporting env vars: AIRFLOW_CTX_DAG_OWNER='***' AIRFLOW_CTX_DAG_ID='silver_transformation_pipeline' AIRFLOW_CTX_TASK_ID='dbt_run_payments' AIRFLOW_CTX_EXECUTION_DATE='2025-10-24T00:00:00+00:00' AIRFLOW_CTX_TRY_NUMBER='1' AIRFLOW_CTX_DAG_RUN_ID='scheduled__2025-10-24T00:00:00+00:00'
[2025-11-02T01:38:49.034+0000] {python.py:201} INFO - Done. Returned value was: None
[2025-11-02T01:38:49.047+0000] {taskinstance.py:1138} INFO - Marking task as SUCCESS. dag_id=silver_transformation_pipeline, task_id=dbt_run_payments, execution_date=20251024T000000, start_date=20251102T013842, end_date=20251102T013849
[2025-11-02T01:38:49.103+0000] {local_task_job_runner.py:234} INFO - Task exited with return code 0
[2025-11-02T01:38:49.144+0000] {taskinstance.py:3280} INFO - 0 downstream tasks scheduled from follow-on schedule check
[2025-11-02T11:34:25.241+0000] {taskinstance.py:1956} INFO - Dependencies all met for dep_context=non-requeueable deps ti=<TaskInstance: silver_transformation_pipeline.dbt_run_payments scheduled__2025-10-24T00:00:00+00:00 [queued]>
[2025-11-02T11:34:25.256+0000] {taskinstance.py:1956} INFO - Dependencies all met for dep_context=requeueable deps ti=<TaskInstance: silver_transformation_pipeline.dbt_run_payments scheduled__2025-10-24T00:00:00+00:00 [queued]>
[2025-11-02T11:34:25.257+0000] {taskinstance.py:2170} INFO - Starting attempt 1 of 2
[2025-11-02T11:34:25.275+0000] {taskinstance.py:2191} INFO - Executing <Task(PythonOperator): dbt_run_payments> on 2025-10-24 00:00:00+00:00
[2025-11-02T11:34:25.283+0000] {standard_task_runner.py:60} INFO - Started process 3321 to run task
[2025-11-02T11:34:25.290+0000] {standard_task_runner.py:87} INFO - Running: ['***', 'tasks', 'run', 'silver_transformation_pipeline', 'dbt_run_payments', 'scheduled__2025-10-24T00:00:00+00:00', '--job-id', '237', '--raw', '--subdir', 'DAGS_FOLDER/silver_dag.py', '--cfg-path', '/tmp/tmptkr75o39']
[2025-11-02T11:34:25.294+0000] {standard_task_runner.py:88} INFO - Job 237: Subtask dbt_run_payments
[2025-11-02T11:34:25.400+0000] {task_command.py:423} INFO - Running <TaskInstance: silver_transformation_pipeline.dbt_run_payments scheduled__2025-10-24T00:00:00+00:00 [running]> on host 0d39d4365eb9
[2025-11-02T11:34:25.529+0000] {taskinstance.py:2480} INFO - Exporting env vars: AIRFLOW_CTX_DAG_OWNER='***' AIRFLOW_CTX_DAG_ID='silver_transformation_pipeline' AIRFLOW_CTX_TASK_ID='dbt_run_payments' AIRFLOW_CTX_EXECUTION_DATE='2025-10-24T00:00:00+00:00' AIRFLOW_CTX_TRY_NUMBER='1' AIRFLOW_CTX_DAG_RUN_ID='scheduled__2025-10-24T00:00:00+00:00'
[2025-11-02T11:34:33.731+0000] {python.py:201} INFO - Done. Returned value was: None
[2025-11-02T11:34:33.754+0000] {taskinstance.py:1138} INFO - Marking task as SUCCESS. dag_id=silver_transformation_pipeline, task_id=dbt_run_payments, execution_date=20251024T000000, start_date=20251102T113425, end_date=20251102T113433
[2025-11-02T11:34:33.799+0000] {local_task_job_runner.py:234} INFO - Task exited with return code 0
[2025-11-02T11:34:33.823+0000] {taskinstance.py:3280} INFO - 0 downstream tasks scheduled from follow-on schedule check
