[2025-11-01T15:09:10.453+0000] {taskinstance.py:1956} INFO - Dependencies all met for dep_context=non-requeueable deps ti=<TaskInstance: silver_transformation_pipeline.dbt_run_linktx manual__2025-11-01T15:09:08.717658+00:00 [queued]>
[2025-11-01T15:09:10.466+0000] {taskinstance.py:1956} INFO - Dependencies all met for dep_context=requeueable deps ti=<TaskInstance: silver_transformation_pipeline.dbt_run_linktx manual__2025-11-01T15:09:08.717658+00:00 [queued]>
[2025-11-01T15:09:10.466+0000] {taskinstance.py:2170} INFO - Starting attempt 1 of 2
[2025-11-01T15:09:10.484+0000] {taskinstance.py:2191} INFO - Executing <Task(PythonOperator): dbt_run_linktx> on 2025-11-01 15:09:08.717658+00:00
[2025-11-01T15:09:10.491+0000] {standard_task_runner.py:60} INFO - Started process 843 to run task
[2025-11-01T15:09:10.496+0000] {standard_task_runner.py:87} INFO - Running: ['***', 'tasks', 'run', 'silver_transformation_pipeline', 'dbt_run_linktx', 'manual__2025-11-01T15:09:08.717658+00:00', '--job-id', '32', '--raw', '--subdir', 'DAGS_FOLDER/silver_dag.py', '--cfg-path', '/tmp/tmpkrutkx3y']
[2025-11-01T15:09:10.500+0000] {standard_task_runner.py:88} INFO - Job 32: Subtask dbt_run_linktx
[2025-11-01T15:09:10.587+0000] {task_command.py:423} INFO - Running <TaskInstance: silver_transformation_pipeline.dbt_run_linktx manual__2025-11-01T15:09:08.717658+00:00 [running]> on host 7f2b5a16b237
[2025-11-01T15:09:10.703+0000] {taskinstance.py:2480} INFO - Exporting env vars: AIRFLOW_CTX_DAG_OWNER='***' AIRFLOW_CTX_DAG_ID='silver_transformation_pipeline' AIRFLOW_CTX_TASK_ID='dbt_run_linktx' AIRFLOW_CTX_EXECUTION_DATE='2025-11-01T15:09:08.717658+00:00' AIRFLOW_CTX_TRY_NUMBER='1' AIRFLOW_CTX_DAG_RUN_ID='manual__2025-11-01T15:09:08.717658+00:00'
[2025-11-01T15:09:10.766+0000] {taskinstance.py:2698} ERROR - Task failed with exception
Traceback (most recent call last):
  File "/home/airflow/.local/lib/python3.8/site-packages/airflow/models/taskinstance.py", line 433, in _execute_task
    result = execute_callable(context=context, **execute_callable_kwargs)
  File "/home/airflow/.local/lib/python3.8/site-packages/airflow/operators/python.py", line 199, in execute
    return_value = self.execute_callable()
  File "/home/airflow/.local/lib/python3.8/site-packages/airflow/operators/python.py", line 216, in execute_callable
    return self.python_callable(*self.op_args, **self.op_kwargs)
  File "/opt/airflow/dags/silver_dag.py", line 118, in <lambda>
    python_callable=lambda ds, **_: _run_dbt("silver_link_transactions", ds=ds, full_refresh=False, pass_ds_lagged=True),
  File "/opt/airflow/dags/silver_dag.py", line 70, in _run_dbt
    raise RuntimeError(f"dbt failed ({proc.returncode}).\nSTDOUT:\n{proc.stdout}\n\nSTDERR:\n{proc.stderr}")
RuntimeError: dbt failed (1).
STDOUT:


STDERR:
/usr/local/bin/python: No module named dbt.__main__; 'dbt' is a package and cannot be directly executed

[2025-11-01T15:09:10.783+0000] {taskinstance.py:1138} INFO - Marking task as UP_FOR_RETRY. dag_id=silver_transformation_pipeline, task_id=dbt_run_linktx, execution_date=20251101T150908, start_date=20251101T150910, end_date=20251101T150910
[2025-11-01T15:09:10.801+0000] {standard_task_runner.py:107} ERROR - Failed to execute job 32 for task dbt_run_linktx (dbt failed (1).
STDOUT:


STDERR:
/usr/local/bin/python: No module named dbt.__main__; 'dbt' is a package and cannot be directly executed
; 843)
[2025-11-01T15:09:10.830+0000] {local_task_job_runner.py:234} INFO - Task exited with return code 1
[2025-11-01T15:09:10.861+0000] {taskinstance.py:3280} INFO - 0 downstream tasks scheduled from follow-on schedule check
