[2025-11-01T20:21:46.040+0000] {taskinstance.py:1956} INFO - Dependencies all met for dep_context=non-requeueable deps ti=<TaskInstance: silver_transformation_pipeline.dbt_run_payments scheduled__2025-10-14T00:00:00+00:00 [queued]>
[2025-11-01T20:21:46.053+0000] {taskinstance.py:1956} INFO - Dependencies all met for dep_context=requeueable deps ti=<TaskInstance: silver_transformation_pipeline.dbt_run_payments scheduled__2025-10-14T00:00:00+00:00 [queued]>
[2025-11-01T20:21:46.058+0000] {taskinstance.py:2170} INFO - Starting attempt 1 of 2
[2025-11-01T20:21:46.075+0000] {taskinstance.py:2191} INFO - Executing <Task(PythonOperator): dbt_run_payments> on 2025-10-14 00:00:00+00:00
[2025-11-01T20:21:46.081+0000] {standard_task_runner.py:60} INFO - Started process 1598 to run task
[2025-11-01T20:21:46.086+0000] {standard_task_runner.py:87} INFO - Running: ['***', 'tasks', 'run', 'silver_transformation_pipeline', 'dbt_run_payments', 'scheduled__2025-10-14T00:00:00+00:00', '--job-id', '180', '--raw', '--subdir', 'DAGS_FOLDER/silver_dag.py', '--cfg-path', '/tmp/tmpfwy288_s']
[2025-11-01T20:21:46.089+0000] {standard_task_runner.py:88} INFO - Job 180: Subtask dbt_run_payments
[2025-11-01T20:21:46.185+0000] {task_command.py:423} INFO - Running <TaskInstance: silver_transformation_pipeline.dbt_run_payments scheduled__2025-10-14T00:00:00+00:00 [running]> on host 6335aa85b335
[2025-11-01T20:21:46.324+0000] {taskinstance.py:2480} INFO - Exporting env vars: AIRFLOW_CTX_DAG_OWNER='***' AIRFLOW_CTX_DAG_ID='silver_transformation_pipeline' AIRFLOW_CTX_TASK_ID='dbt_run_payments' AIRFLOW_CTX_EXECUTION_DATE='2025-10-14T00:00:00+00:00' AIRFLOW_CTX_TRY_NUMBER='1' AIRFLOW_CTX_DAG_RUN_ID='scheduled__2025-10-14T00:00:00+00:00'
[2025-11-01T20:21:53.040+0000] {python.py:201} INFO - Done. Returned value was: None
[2025-11-01T20:21:53.057+0000] {taskinstance.py:1138} INFO - Marking task as SUCCESS. dag_id=silver_transformation_pipeline, task_id=dbt_run_payments, execution_date=20251014T000000, start_date=20251101T202146, end_date=20251101T202153
[2025-11-01T20:21:53.112+0000] {local_task_job_runner.py:234} INFO - Task exited with return code 0
[2025-11-01T20:21:53.134+0000] {taskinstance.py:3280} INFO - 0 downstream tasks scheduled from follow-on schedule check
[2025-11-02T01:37:00.641+0000] {taskinstance.py:1956} INFO - Dependencies all met for dep_context=non-requeueable deps ti=<TaskInstance: silver_transformation_pipeline.dbt_run_payments scheduled__2025-10-14T00:00:00+00:00 [queued]>
[2025-11-02T01:37:00.654+0000] {taskinstance.py:1956} INFO - Dependencies all met for dep_context=requeueable deps ti=<TaskInstance: silver_transformation_pipeline.dbt_run_payments scheduled__2025-10-14T00:00:00+00:00 [queued]>
[2025-11-02T01:37:00.655+0000] {taskinstance.py:2170} INFO - Starting attempt 1 of 2
[2025-11-02T01:37:00.677+0000] {taskinstance.py:2191} INFO - Executing <Task(PythonOperator): dbt_run_payments> on 2025-10-14 00:00:00+00:00
[2025-11-02T01:37:00.689+0000] {standard_task_runner.py:60} INFO - Started process 2375 to run task
[2025-11-02T01:37:00.694+0000] {standard_task_runner.py:87} INFO - Running: ['***', 'tasks', 'run', 'silver_transformation_pipeline', 'dbt_run_payments', 'scheduled__2025-10-14T00:00:00+00:00', '--job-id', '184', '--raw', '--subdir', 'DAGS_FOLDER/silver_dag.py', '--cfg-path', '/tmp/tmpvil79_wz']
[2025-11-02T01:37:00.708+0000] {standard_task_runner.py:88} INFO - Job 184: Subtask dbt_run_payments
[2025-11-02T01:37:00.829+0000] {task_command.py:423} INFO - Running <TaskInstance: silver_transformation_pipeline.dbt_run_payments scheduled__2025-10-14T00:00:00+00:00 [running]> on host 3b0074fa0b5e
[2025-11-02T01:37:00.970+0000] {taskinstance.py:2480} INFO - Exporting env vars: AIRFLOW_CTX_DAG_OWNER='***' AIRFLOW_CTX_DAG_ID='silver_transformation_pipeline' AIRFLOW_CTX_TASK_ID='dbt_run_payments' AIRFLOW_CTX_EXECUTION_DATE='2025-10-14T00:00:00+00:00' AIRFLOW_CTX_TRY_NUMBER='1' AIRFLOW_CTX_DAG_RUN_ID='scheduled__2025-10-14T00:00:00+00:00'
[2025-11-02T01:37:07.832+0000] {python.py:201} INFO - Done. Returned value was: None
[2025-11-02T01:37:07.848+0000] {taskinstance.py:1138} INFO - Marking task as SUCCESS. dag_id=silver_transformation_pipeline, task_id=dbt_run_payments, execution_date=20251014T000000, start_date=20251102T013700, end_date=20251102T013707
[2025-11-02T01:37:07.887+0000] {local_task_job_runner.py:234} INFO - Task exited with return code 0
[2025-11-02T01:37:07.912+0000] {taskinstance.py:3280} INFO - 0 downstream tasks scheduled from follow-on schedule check
[2025-11-02T11:32:22.519+0000] {taskinstance.py:1956} INFO - Dependencies all met for dep_context=non-requeueable deps ti=<TaskInstance: silver_transformation_pipeline.dbt_run_payments scheduled__2025-10-14T00:00:00+00:00 [queued]>
[2025-11-02T11:32:22.531+0000] {taskinstance.py:1956} INFO - Dependencies all met for dep_context=requeueable deps ti=<TaskInstance: silver_transformation_pipeline.dbt_run_payments scheduled__2025-10-14T00:00:00+00:00 [queued]>
[2025-11-02T11:32:22.531+0000] {taskinstance.py:2170} INFO - Starting attempt 1 of 2
[2025-11-02T11:32:22.552+0000] {taskinstance.py:2191} INFO - Executing <Task(PythonOperator): dbt_run_payments> on 2025-10-14 00:00:00+00:00
[2025-11-02T11:32:22.559+0000] {standard_task_runner.py:60} INFO - Started process 2499 to run task
[2025-11-02T11:32:22.563+0000] {standard_task_runner.py:87} INFO - Running: ['***', 'tasks', 'run', 'silver_transformation_pipeline', 'dbt_run_payments', 'scheduled__2025-10-14T00:00:00+00:00', '--job-id', '196', '--raw', '--subdir', 'DAGS_FOLDER/silver_dag.py', '--cfg-path', '/tmp/tmpph2iwgc1']
[2025-11-02T11:32:22.566+0000] {standard_task_runner.py:88} INFO - Job 196: Subtask dbt_run_payments
[2025-11-02T11:32:22.658+0000] {task_command.py:423} INFO - Running <TaskInstance: silver_transformation_pipeline.dbt_run_payments scheduled__2025-10-14T00:00:00+00:00 [running]> on host 0d39d4365eb9
[2025-11-02T11:32:22.777+0000] {taskinstance.py:2480} INFO - Exporting env vars: AIRFLOW_CTX_DAG_OWNER='***' AIRFLOW_CTX_DAG_ID='silver_transformation_pipeline' AIRFLOW_CTX_TASK_ID='dbt_run_payments' AIRFLOW_CTX_EXECUTION_DATE='2025-10-14T00:00:00+00:00' AIRFLOW_CTX_TRY_NUMBER='1' AIRFLOW_CTX_DAG_RUN_ID='scheduled__2025-10-14T00:00:00+00:00'
[2025-11-02T11:32:30.966+0000] {python.py:201} INFO - Done. Returned value was: None
[2025-11-02T11:32:30.994+0000] {taskinstance.py:1138} INFO - Marking task as SUCCESS. dag_id=silver_transformation_pipeline, task_id=dbt_run_payments, execution_date=20251014T000000, start_date=20251102T113222, end_date=20251102T113230
[2025-11-02T11:32:31.048+0000] {local_task_job_runner.py:234} INFO - Task exited with return code 0
[2025-11-02T11:32:31.080+0000] {taskinstance.py:3280} INFO - 0 downstream tasks scheduled from follow-on schedule check
