[2025-11-01T20:07:09.881+0000] {taskinstance.py:1956} INFO - Dependencies all met for dep_context=non-requeueable deps ti=<TaskInstance: ingestion_pipeline.load_payments_bronze scheduled__2025-10-24T00:00:00+00:00 [queued]>
[2025-11-01T20:07:09.917+0000] {taskinstance.py:1956} INFO - Dependencies all met for dep_context=requeueable deps ti=<TaskInstance: ingestion_pipeline.load_payments_bronze scheduled__2025-10-24T00:00:00+00:00 [queued]>
[2025-11-01T20:07:09.919+0000] {taskinstance.py:2170} INFO - Starting attempt 1 of 2
[2025-11-01T20:07:10.034+0000] {taskinstance.py:2191} INFO - Executing <Task(PythonOperator): load_payments_bronze> on 2025-10-24 00:00:00+00:00
[2025-11-01T20:07:10.111+0000] {standard_task_runner.py:60} INFO - Started process 714 to run task
[2025-11-01T20:07:10.097+0000] {standard_task_runner.py:87} INFO - Running: ['***', 'tasks', 'run', 'ingestion_pipeline', 'load_payments_bronze', 'scheduled__2025-10-24T00:00:00+00:00', '--job-id', '99', '--raw', '--subdir', 'DAGS_FOLDER/ingestion_dag.py', '--cfg-path', '/tmp/tmpznq4beig']
[2025-11-01T20:07:10.136+0000] {standard_task_runner.py:88} INFO - Job 99: Subtask load_payments_bronze
[2025-11-01T20:07:10.609+0000] {task_command.py:423} INFO - Running <TaskInstance: ingestion_pipeline.load_payments_bronze scheduled__2025-10-24T00:00:00+00:00 [running]> on host 1a955fda0cfd
[2025-11-01T20:07:11.100+0000] {taskinstance.py:2480} INFO - Exporting env vars: AIRFLOW_CTX_DAG_OWNER='***' AIRFLOW_CTX_DAG_ID='ingestion_pipeline' AIRFLOW_CTX_TASK_ID='load_payments_bronze' AIRFLOW_CTX_EXECUTION_DATE='2025-10-24T00:00:00+00:00' AIRFLOW_CTX_TRY_NUMBER='1' AIRFLOW_CTX_DAG_RUN_ID='scheduled__2025-10-24T00:00:00+00:00'
[2025-11-01T20:07:14.402+0000] {payments_to_clickhouse.py:89} INFO - [payments->ch] Target CSV: /tmp/data/payments/payments-20251024.csv
[2025-11-01T20:07:14.442+0000] {payments_to_clickhouse.py:94} INFO - [payments->ch] Folder listing: ['payments-20251001.csv', 'payments-20251002.csv', 'payments-20251003.csv']
[2025-11-01T20:07:14.444+0000] {payments_to_clickhouse.py:100} WARNING - [payments->ch] File not found. Skipping.
[2025-11-01T20:07:14.444+0000] {python.py:201} INFO - Done. Returned value was: None
[2025-11-01T20:07:14.480+0000] {taskinstance.py:1138} INFO - Marking task as SUCCESS. dag_id=ingestion_pipeline, task_id=load_payments_bronze, execution_date=20251024T000000, start_date=20251101T200709, end_date=20251101T200714
[2025-11-01T20:07:14.663+0000] {local_task_job_runner.py:234} INFO - Task exited with return code 0
[2025-11-01T20:07:15.055+0000] {taskinstance.py:3280} INFO - 0 downstream tasks scheduled from follow-on schedule check
[2025-11-01T20:18:32.839+0000] {taskinstance.py:1956} INFO - Dependencies all met for dep_context=non-requeueable deps ti=<TaskInstance: ingestion_pipeline.load_payments_bronze scheduled__2025-10-24T00:00:00+00:00 [queued]>
[2025-11-01T20:18:32.874+0000] {taskinstance.py:1956} INFO - Dependencies all met for dep_context=requeueable deps ti=<TaskInstance: ingestion_pipeline.load_payments_bronze scheduled__2025-10-24T00:00:00+00:00 [queued]>
[2025-11-01T20:18:32.875+0000] {taskinstance.py:2170} INFO - Starting attempt 1 of 2
[2025-11-01T20:18:32.970+0000] {taskinstance.py:2191} INFO - Executing <Task(PythonOperator): load_payments_bronze> on 2025-10-24 00:00:00+00:00
[2025-11-01T20:18:32.998+0000] {standard_task_runner.py:60} INFO - Started process 703 to run task
[2025-11-01T20:18:33.013+0000] {standard_task_runner.py:87} INFO - Running: ['***', 'tasks', 'run', 'ingestion_pipeline', 'load_payments_bronze', 'scheduled__2025-10-24T00:00:00+00:00', '--job-id', '96', '--raw', '--subdir', 'DAGS_FOLDER/ingestion_dag.py', '--cfg-path', '/tmp/tmp8z0zr1pj']
[2025-11-01T20:18:33.025+0000] {standard_task_runner.py:88} INFO - Job 96: Subtask load_payments_bronze
[2025-11-01T20:18:33.270+0000] {task_command.py:423} INFO - Running <TaskInstance: ingestion_pipeline.load_payments_bronze scheduled__2025-10-24T00:00:00+00:00 [running]> on host 6335aa85b335
[2025-11-01T20:18:33.930+0000] {taskinstance.py:2480} INFO - Exporting env vars: AIRFLOW_CTX_DAG_OWNER='***' AIRFLOW_CTX_DAG_ID='ingestion_pipeline' AIRFLOW_CTX_TASK_ID='load_payments_bronze' AIRFLOW_CTX_EXECUTION_DATE='2025-10-24T00:00:00+00:00' AIRFLOW_CTX_TRY_NUMBER='1' AIRFLOW_CTX_DAG_RUN_ID='scheduled__2025-10-24T00:00:00+00:00'
[2025-11-01T20:18:36.737+0000] {payments_to_clickhouse.py:89} INFO - [payments->ch] Target CSV: /tmp/data/payments/payments-20251024.csv
[2025-11-01T20:18:36.747+0000] {payments_to_clickhouse.py:94} INFO - [payments->ch] Folder listing: ['payments-20251001.csv', 'payments-20251002.csv', 'payments-20251003.csv', 'payments-20251004.csv']
[2025-11-01T20:18:36.754+0000] {payments_to_clickhouse.py:100} WARNING - [payments->ch] File not found. Skipping.
[2025-11-01T20:18:36.757+0000] {python.py:201} INFO - Done. Returned value was: None
[2025-11-01T20:18:36.837+0000] {taskinstance.py:1138} INFO - Marking task as SUCCESS. dag_id=ingestion_pipeline, task_id=load_payments_bronze, execution_date=20251024T000000, start_date=20251101T201832, end_date=20251101T201836
[2025-11-01T20:18:36.944+0000] {local_task_job_runner.py:234} INFO - Task exited with return code 0
[2025-11-01T20:18:36.997+0000] {taskinstance.py:3280} INFO - 0 downstream tasks scheduled from follow-on schedule check
