[2025-11-01T20:21:15.876+0000] {taskinstance.py:1956} INFO - Dependencies all met for dep_context=non-requeueable deps ti=<TaskInstance: silver_transformation_pipeline.dbt_run_merchants scheduled__2025-10-11T00:00:00+00:00 [queued]>
[2025-11-01T20:21:15.889+0000] {taskinstance.py:1956} INFO - Dependencies all met for dep_context=requeueable deps ti=<TaskInstance: silver_transformation_pipeline.dbt_run_merchants scheduled__2025-10-11T00:00:00+00:00 [queued]>
[2025-11-01T20:21:15.890+0000] {taskinstance.py:2170} INFO - Starting attempt 1 of 2
[2025-11-01T20:21:15.906+0000] {taskinstance.py:2191} INFO - Executing <Task(PythonOperator): dbt_run_merchants> on 2025-10-11 00:00:00+00:00
[2025-11-01T20:21:15.914+0000] {standard_task_runner.py:60} INFO - Started process 1445 to run task
[2025-11-01T20:21:15.919+0000] {standard_task_runner.py:87} INFO - Running: ['***', 'tasks', 'run', 'silver_transformation_pipeline', 'dbt_run_merchants', 'scheduled__2025-10-11T00:00:00+00:00', '--job-id', '167', '--raw', '--subdir', 'DAGS_FOLDER/silver_dag.py', '--cfg-path', '/tmp/tmpv6xlikbh']
[2025-11-01T20:21:15.923+0000] {standard_task_runner.py:88} INFO - Job 167: Subtask dbt_run_merchants
[2025-11-01T20:21:16.013+0000] {task_command.py:423} INFO - Running <TaskInstance: silver_transformation_pipeline.dbt_run_merchants scheduled__2025-10-11T00:00:00+00:00 [running]> on host 6335aa85b335
[2025-11-01T20:21:16.157+0000] {taskinstance.py:2480} INFO - Exporting env vars: AIRFLOW_CTX_DAG_OWNER='***' AIRFLOW_CTX_DAG_ID='silver_transformation_pipeline' AIRFLOW_CTX_TASK_ID='dbt_run_merchants' AIRFLOW_CTX_EXECUTION_DATE='2025-10-11T00:00:00+00:00' AIRFLOW_CTX_TRY_NUMBER='1' AIRFLOW_CTX_DAG_RUN_ID='scheduled__2025-10-11T00:00:00+00:00'
[2025-11-01T20:21:23.010+0000] {python.py:201} INFO - Done. Returned value was: None
[2025-11-01T20:21:23.029+0000] {taskinstance.py:1138} INFO - Marking task as SUCCESS. dag_id=silver_transformation_pipeline, task_id=dbt_run_merchants, execution_date=20251011T000000, start_date=20251101T202115, end_date=20251101T202123
[2025-11-01T20:21:23.067+0000] {local_task_job_runner.py:234} INFO - Task exited with return code 0
[2025-11-01T20:21:23.088+0000] {taskinstance.py:3280} INFO - 0 downstream tasks scheduled from follow-on schedule check
[2025-11-02T01:36:28.422+0000] {taskinstance.py:1956} INFO - Dependencies all met for dep_context=non-requeueable deps ti=<TaskInstance: silver_transformation_pipeline.dbt_run_merchants scheduled__2025-10-11T00:00:00+00:00 [queued]>
[2025-11-02T01:36:28.433+0000] {taskinstance.py:1956} INFO - Dependencies all met for dep_context=requeueable deps ti=<TaskInstance: silver_transformation_pipeline.dbt_run_merchants scheduled__2025-10-11T00:00:00+00:00 [queued]>
[2025-11-02T01:36:28.434+0000] {taskinstance.py:2170} INFO - Starting attempt 1 of 2
[2025-11-02T01:36:28.451+0000] {taskinstance.py:2191} INFO - Executing <Task(PythonOperator): dbt_run_merchants> on 2025-10-11 00:00:00+00:00
[2025-11-02T01:36:28.459+0000] {standard_task_runner.py:60} INFO - Started process 2144 to run task
[2025-11-02T01:36:28.464+0000] {standard_task_runner.py:87} INFO - Running: ['***', 'tasks', 'run', 'silver_transformation_pipeline', 'dbt_run_merchants', 'scheduled__2025-10-11T00:00:00+00:00', '--job-id', '171', '--raw', '--subdir', 'DAGS_FOLDER/silver_dag.py', '--cfg-path', '/tmp/tmp5qa2_2cy']
[2025-11-02T01:36:28.468+0000] {standard_task_runner.py:88} INFO - Job 171: Subtask dbt_run_merchants
[2025-11-02T01:36:28.551+0000] {task_command.py:423} INFO - Running <TaskInstance: silver_transformation_pipeline.dbt_run_merchants scheduled__2025-10-11T00:00:00+00:00 [running]> on host 3b0074fa0b5e
[2025-11-02T01:36:28.667+0000] {taskinstance.py:2480} INFO - Exporting env vars: AIRFLOW_CTX_DAG_OWNER='***' AIRFLOW_CTX_DAG_ID='silver_transformation_pipeline' AIRFLOW_CTX_TASK_ID='dbt_run_merchants' AIRFLOW_CTX_EXECUTION_DATE='2025-10-11T00:00:00+00:00' AIRFLOW_CTX_TRY_NUMBER='1' AIRFLOW_CTX_DAG_RUN_ID='scheduled__2025-10-11T00:00:00+00:00'
[2025-11-02T01:36:36.504+0000] {python.py:201} INFO - Done. Returned value was: None
[2025-11-02T01:36:36.521+0000] {taskinstance.py:1138} INFO - Marking task as SUCCESS. dag_id=silver_transformation_pipeline, task_id=dbt_run_merchants, execution_date=20251011T000000, start_date=20251102T013628, end_date=20251102T013636
[2025-11-02T01:36:36.558+0000] {local_task_job_runner.py:234} INFO - Task exited with return code 0
[2025-11-02T01:36:36.582+0000] {taskinstance.py:3280} INFO - 0 downstream tasks scheduled from follow-on schedule check
[2025-11-02T11:31:38.931+0000] {taskinstance.py:1956} INFO - Dependencies all met for dep_context=non-requeueable deps ti=<TaskInstance: silver_transformation_pipeline.dbt_run_merchants scheduled__2025-10-11T00:00:00+00:00 [queued]>
[2025-11-02T11:31:38.955+0000] {taskinstance.py:1956} INFO - Dependencies all met for dep_context=requeueable deps ti=<TaskInstance: silver_transformation_pipeline.dbt_run_merchants scheduled__2025-10-11T00:00:00+00:00 [queued]>
[2025-11-02T11:31:38.957+0000] {taskinstance.py:2170} INFO - Starting attempt 1 of 2
[2025-11-02T11:31:38.995+0000] {taskinstance.py:2191} INFO - Executing <Task(PythonOperator): dbt_run_merchants> on 2025-10-11 00:00:00+00:00
[2025-11-02T11:31:39.005+0000] {standard_task_runner.py:60} INFO - Started process 2209 to run task
[2025-11-02T11:31:39.011+0000] {standard_task_runner.py:87} INFO - Running: ['***', 'tasks', 'run', 'silver_transformation_pipeline', 'dbt_run_merchants', 'scheduled__2025-10-11T00:00:00+00:00', '--job-id', '185', '--raw', '--subdir', 'DAGS_FOLDER/silver_dag.py', '--cfg-path', '/tmp/tmpi3ppjb4m']
[2025-11-02T11:31:39.016+0000] {standard_task_runner.py:88} INFO - Job 185: Subtask dbt_run_merchants
[2025-11-02T11:31:39.161+0000] {task_command.py:423} INFO - Running <TaskInstance: silver_transformation_pipeline.dbt_run_merchants scheduled__2025-10-11T00:00:00+00:00 [running]> on host 0d39d4365eb9
[2025-11-02T11:31:39.366+0000] {taskinstance.py:2480} INFO - Exporting env vars: AIRFLOW_CTX_DAG_OWNER='***' AIRFLOW_CTX_DAG_ID='silver_transformation_pipeline' AIRFLOW_CTX_TASK_ID='dbt_run_merchants' AIRFLOW_CTX_EXECUTION_DATE='2025-10-11T00:00:00+00:00' AIRFLOW_CTX_TRY_NUMBER='1' AIRFLOW_CTX_DAG_RUN_ID='scheduled__2025-10-11T00:00:00+00:00'
[2025-11-02T11:31:53.383+0000] {python.py:201} INFO - Done. Returned value was: None
[2025-11-02T11:31:53.410+0000] {taskinstance.py:1138} INFO - Marking task as SUCCESS. dag_id=silver_transformation_pipeline, task_id=dbt_run_merchants, execution_date=20251011T000000, start_date=20251102T113138, end_date=20251102T113153
[2025-11-02T11:31:53.477+0000] {local_task_job_runner.py:234} INFO - Task exited with return code 0
[2025-11-02T11:31:53.500+0000] {taskinstance.py:3280} INFO - 0 downstream tasks scheduled from follow-on schedule check
