[2025-11-01T20:23:45.138+0000] {taskinstance.py:1956} INFO - Dependencies all met for dep_context=non-requeueable deps ti=<TaskInstance: silver_transformation_pipeline.dbt_run_merchants scheduled__2025-10-26T00:00:00+00:00 [queued]>
[2025-11-01T20:23:45.150+0000] {taskinstance.py:1956} INFO - Dependencies all met for dep_context=requeueable deps ti=<TaskInstance: silver_transformation_pipeline.dbt_run_merchants scheduled__2025-10-26T00:00:00+00:00 [queued]>
[2025-11-01T20:23:45.151+0000] {taskinstance.py:2170} INFO - Starting attempt 1 of 2
[2025-11-01T20:23:45.178+0000] {taskinstance.py:2191} INFO - Executing <Task(PythonOperator): dbt_run_merchants> on 2025-10-26 00:00:00+00:00
[2025-11-01T20:23:45.187+0000] {standard_task_runner.py:60} INFO - Started process 2202 to run task
[2025-11-01T20:23:45.192+0000] {standard_task_runner.py:87} INFO - Running: ['***', 'tasks', 'run', 'silver_transformation_pipeline', 'dbt_run_merchants', 'scheduled__2025-10-26T00:00:00+00:00', '--job-id', '228', '--raw', '--subdir', 'DAGS_FOLDER/silver_dag.py', '--cfg-path', '/tmp/tmp3hb9ygyt']
[2025-11-01T20:23:45.194+0000] {standard_task_runner.py:88} INFO - Job 228: Subtask dbt_run_merchants
[2025-11-01T20:23:45.287+0000] {task_command.py:423} INFO - Running <TaskInstance: silver_transformation_pipeline.dbt_run_merchants scheduled__2025-10-26T00:00:00+00:00 [running]> on host 6335aa85b335
[2025-11-01T20:23:45.448+0000] {taskinstance.py:2480} INFO - Exporting env vars: AIRFLOW_CTX_DAG_OWNER='***' AIRFLOW_CTX_DAG_ID='silver_transformation_pipeline' AIRFLOW_CTX_TASK_ID='dbt_run_merchants' AIRFLOW_CTX_EXECUTION_DATE='2025-10-26T00:00:00+00:00' AIRFLOW_CTX_TRY_NUMBER='1' AIRFLOW_CTX_DAG_RUN_ID='scheduled__2025-10-26T00:00:00+00:00'
[2025-11-01T20:23:52.188+0000] {python.py:201} INFO - Done. Returned value was: None
[2025-11-01T20:23:52.204+0000] {taskinstance.py:1138} INFO - Marking task as SUCCESS. dag_id=silver_transformation_pipeline, task_id=dbt_run_merchants, execution_date=20251026T000000, start_date=20251101T202345, end_date=20251101T202352
[2025-11-01T20:23:52.226+0000] {local_task_job_runner.py:234} INFO - Task exited with return code 0
[2025-11-01T20:23:52.250+0000] {taskinstance.py:3280} INFO - 0 downstream tasks scheduled from follow-on schedule check
[2025-11-02T01:39:02.522+0000] {taskinstance.py:1956} INFO - Dependencies all met for dep_context=non-requeueable deps ti=<TaskInstance: silver_transformation_pipeline.dbt_run_merchants scheduled__2025-10-26T00:00:00+00:00 [queued]>
[2025-11-02T01:39:02.532+0000] {taskinstance.py:1956} INFO - Dependencies all met for dep_context=requeueable deps ti=<TaskInstance: silver_transformation_pipeline.dbt_run_merchants scheduled__2025-10-26T00:00:00+00:00 [queued]>
[2025-11-02T01:39:02.532+0000] {taskinstance.py:2170} INFO - Starting attempt 1 of 2
[2025-11-02T01:39:02.549+0000] {taskinstance.py:2191} INFO - Executing <Task(PythonOperator): dbt_run_merchants> on 2025-10-26 00:00:00+00:00
[2025-11-02T01:39:02.555+0000] {standard_task_runner.py:60} INFO - Started process 3294 to run task
[2025-11-02T01:39:02.560+0000] {standard_task_runner.py:87} INFO - Running: ['***', 'tasks', 'run', 'silver_transformation_pipeline', 'dbt_run_merchants', 'scheduled__2025-10-26T00:00:00+00:00', '--job-id', '232', '--raw', '--subdir', 'DAGS_FOLDER/silver_dag.py', '--cfg-path', '/tmp/tmpguf2duua']
[2025-11-02T01:39:02.564+0000] {standard_task_runner.py:88} INFO - Job 232: Subtask dbt_run_merchants
[2025-11-02T01:39:02.646+0000] {task_command.py:423} INFO - Running <TaskInstance: silver_transformation_pipeline.dbt_run_merchants scheduled__2025-10-26T00:00:00+00:00 [running]> on host 3b0074fa0b5e
[2025-11-02T01:39:02.769+0000] {taskinstance.py:2480} INFO - Exporting env vars: AIRFLOW_CTX_DAG_OWNER='***' AIRFLOW_CTX_DAG_ID='silver_transformation_pipeline' AIRFLOW_CTX_TASK_ID='dbt_run_merchants' AIRFLOW_CTX_EXECUTION_DATE='2025-10-26T00:00:00+00:00' AIRFLOW_CTX_TRY_NUMBER='1' AIRFLOW_CTX_DAG_RUN_ID='scheduled__2025-10-26T00:00:00+00:00'
[2025-11-02T01:39:10.304+0000] {python.py:201} INFO - Done. Returned value was: None
[2025-11-02T01:39:10.323+0000] {taskinstance.py:1138} INFO - Marking task as SUCCESS. dag_id=silver_transformation_pipeline, task_id=dbt_run_merchants, execution_date=20251026T000000, start_date=20251102T013902, end_date=20251102T013910
[2025-11-02T01:39:10.363+0000] {local_task_job_runner.py:234} INFO - Task exited with return code 0
[2025-11-02T01:39:10.386+0000] {taskinstance.py:3280} INFO - 0 downstream tasks scheduled from follow-on schedule check
[2025-11-02T11:34:50.578+0000] {taskinstance.py:1956} INFO - Dependencies all met for dep_context=non-requeueable deps ti=<TaskInstance: silver_transformation_pipeline.dbt_run_merchants scheduled__2025-10-26T00:00:00+00:00 [queued]>
[2025-11-02T11:34:50.590+0000] {taskinstance.py:1956} INFO - Dependencies all met for dep_context=requeueable deps ti=<TaskInstance: silver_transformation_pipeline.dbt_run_merchants scheduled__2025-10-26T00:00:00+00:00 [queued]>
[2025-11-02T11:34:50.591+0000] {taskinstance.py:2170} INFO - Starting attempt 1 of 2
[2025-11-02T11:34:50.608+0000] {taskinstance.py:2191} INFO - Executing <Task(PythonOperator): dbt_run_merchants> on 2025-10-26 00:00:00+00:00
[2025-11-02T11:34:50.613+0000] {standard_task_runner.py:60} INFO - Started process 3491 to run task
[2025-11-02T11:34:50.619+0000] {standard_task_runner.py:87} INFO - Running: ['***', 'tasks', 'run', 'silver_transformation_pipeline', 'dbt_run_merchants', 'scheduled__2025-10-26T00:00:00+00:00', '--job-id', '243', '--raw', '--subdir', 'DAGS_FOLDER/silver_dag.py', '--cfg-path', '/tmp/tmpgrlz5lq8']
[2025-11-02T11:34:50.622+0000] {standard_task_runner.py:88} INFO - Job 243: Subtask dbt_run_merchants
[2025-11-02T11:34:50.713+0000] {task_command.py:423} INFO - Running <TaskInstance: silver_transformation_pipeline.dbt_run_merchants scheduled__2025-10-26T00:00:00+00:00 [running]> on host 0d39d4365eb9
[2025-11-02T11:34:50.830+0000] {taskinstance.py:2480} INFO - Exporting env vars: AIRFLOW_CTX_DAG_OWNER='***' AIRFLOW_CTX_DAG_ID='silver_transformation_pipeline' AIRFLOW_CTX_TASK_ID='dbt_run_merchants' AIRFLOW_CTX_EXECUTION_DATE='2025-10-26T00:00:00+00:00' AIRFLOW_CTX_TRY_NUMBER='1' AIRFLOW_CTX_DAG_RUN_ID='scheduled__2025-10-26T00:00:00+00:00'
[2025-11-02T11:34:59.132+0000] {python.py:201} INFO - Done. Returned value was: None
[2025-11-02T11:34:59.158+0000] {taskinstance.py:1138} INFO - Marking task as SUCCESS. dag_id=silver_transformation_pipeline, task_id=dbt_run_merchants, execution_date=20251026T000000, start_date=20251102T113450, end_date=20251102T113459
[2025-11-02T11:34:59.200+0000] {local_task_job_runner.py:234} INFO - Task exited with return code 0
[2025-11-02T11:34:59.244+0000] {taskinstance.py:3280} INFO - 0 downstream tasks scheduled from follow-on schedule check
