[2025-11-01T20:07:03.961+0000] {taskinstance.py:1956} INFO - Dependencies all met for dep_context=non-requeueable deps ti=<TaskInstance: ingestion_pipeline.load_link_transactions_to_mongo scheduled__2025-10-23T00:00:00+00:00 [queued]>
[2025-11-01T20:07:04.015+0000] {taskinstance.py:1956} INFO - Dependencies all met for dep_context=requeueable deps ti=<TaskInstance: ingestion_pipeline.load_link_transactions_to_mongo scheduled__2025-10-23T00:00:00+00:00 [queued]>
[2025-11-01T20:07:04.021+0000] {taskinstance.py:2170} INFO - Starting attempt 1 of 2
[2025-11-01T20:07:04.108+0000] {taskinstance.py:2191} INFO - Executing <Task(PythonOperator): load_link_transactions_to_mongo> on 2025-10-23 00:00:00+00:00
[2025-11-01T20:07:04.143+0000] {standard_task_runner.py:60} INFO - Started process 666 to run task
[2025-11-01T20:07:04.153+0000] {standard_task_runner.py:87} INFO - Running: ['***', 'tasks', 'run', 'ingestion_pipeline', 'load_link_transactions_to_mongo', 'scheduled__2025-10-23T00:00:00+00:00', '--job-id', '87', '--raw', '--subdir', 'DAGS_FOLDER/ingestion_dag.py', '--cfg-path', '/tmp/tmpvpn35h6w']
[2025-11-01T20:07:04.166+0000] {standard_task_runner.py:88} INFO - Job 87: Subtask load_link_transactions_to_mongo
[2025-11-01T20:07:04.579+0000] {task_command.py:423} INFO - Running <TaskInstance: ingestion_pipeline.load_link_transactions_to_mongo scheduled__2025-10-23T00:00:00+00:00 [running]> on host 1a955fda0cfd
[2025-11-01T20:07:05.087+0000] {taskinstance.py:2480} INFO - Exporting env vars: AIRFLOW_CTX_DAG_OWNER='***' AIRFLOW_CTX_DAG_ID='ingestion_pipeline' AIRFLOW_CTX_TASK_ID='load_link_transactions_to_mongo' AIRFLOW_CTX_EXECUTION_DATE='2025-10-23T00:00:00+00:00' AIRFLOW_CTX_TRY_NUMBER='1' AIRFLOW_CTX_DAG_RUN_ID='scheduled__2025-10-23T00:00:00+00:00'
[2025-11-01T20:07:08.571+0000] {mongo_ingestion.py:59} INFO - [mongo/link_tx] Target CSV: /tmp/data/link_transactions/link_transactions-20251023.csv
[2025-11-01T20:07:08.586+0000] {mongo_ingestion.py:62} INFO - [mongo/link_tx] Directory listing: ['link_transactions-20251001.csv', 'link_transactions-20251002.csv', 'link_transactions-20251003.csv', 'link_transactions-20251004.csv']
[2025-11-01T20:07:08.588+0000] {crypto.py:82} WARNING - empty cryptography key - values will not be stored encrypted.
[2025-11-01T20:07:08.590+0000] {base.py:83} INFO - Using connection ID 'mongo_default' for task execution.
[2025-11-01T20:07:08.771+0000] {mongo_ingestion.py:80} WARNING - [mongo/link_tx] File not found; indexes ensured; skipping.
[2025-11-01T20:07:08.779+0000] {mongo_ingestion.py:154} INFO - [mongo/link_tx] MongoDB connection closed.
[2025-11-01T20:07:08.786+0000] {python.py:201} INFO - Done. Returned value was: None
[2025-11-01T20:07:08.852+0000] {taskinstance.py:1138} INFO - Marking task as SUCCESS. dag_id=ingestion_pipeline, task_id=load_link_transactions_to_mongo, execution_date=20251023T000000, start_date=20251101T200703, end_date=20251101T200708
[2025-11-01T20:07:10.156+0000] {local_task_job_runner.py:234} INFO - Task exited with return code 0
[2025-11-01T20:07:10.376+0000] {taskinstance.py:3280} INFO - 1 downstream tasks scheduled from follow-on schedule check
[2025-11-01T20:18:27.730+0000] {taskinstance.py:1956} INFO - Dependencies all met for dep_context=non-requeueable deps ti=<TaskInstance: ingestion_pipeline.load_link_transactions_to_mongo scheduled__2025-10-23T00:00:00+00:00 [queued]>
[2025-11-01T20:18:27.870+0000] {taskinstance.py:1956} INFO - Dependencies all met for dep_context=requeueable deps ti=<TaskInstance: ingestion_pipeline.load_link_transactions_to_mongo scheduled__2025-10-23T00:00:00+00:00 [queued]>
[2025-11-01T20:18:27.880+0000] {taskinstance.py:2170} INFO - Starting attempt 1 of 2
[2025-11-01T20:18:27.988+0000] {taskinstance.py:2191} INFO - Executing <Task(PythonOperator): load_link_transactions_to_mongo> on 2025-10-23 00:00:00+00:00
[2025-11-01T20:18:28.010+0000] {standard_task_runner.py:60} INFO - Started process 653 to run task
[2025-11-01T20:18:28.030+0000] {standard_task_runner.py:87} INFO - Running: ['***', 'tasks', 'run', 'ingestion_pipeline', 'load_link_transactions_to_mongo', 'scheduled__2025-10-23T00:00:00+00:00', '--job-id', '85', '--raw', '--subdir', 'DAGS_FOLDER/ingestion_dag.py', '--cfg-path', '/tmp/tmp5p7zymbb']
[2025-11-01T20:18:28.034+0000] {standard_task_runner.py:88} INFO - Job 85: Subtask load_link_transactions_to_mongo
[2025-11-01T20:18:28.361+0000] {task_command.py:423} INFO - Running <TaskInstance: ingestion_pipeline.load_link_transactions_to_mongo scheduled__2025-10-23T00:00:00+00:00 [running]> on host 6335aa85b335
[2025-11-01T20:18:28.819+0000] {taskinstance.py:2480} INFO - Exporting env vars: AIRFLOW_CTX_DAG_OWNER='***' AIRFLOW_CTX_DAG_ID='ingestion_pipeline' AIRFLOW_CTX_TASK_ID='load_link_transactions_to_mongo' AIRFLOW_CTX_EXECUTION_DATE='2025-10-23T00:00:00+00:00' AIRFLOW_CTX_TRY_NUMBER='1' AIRFLOW_CTX_DAG_RUN_ID='scheduled__2025-10-23T00:00:00+00:00'
[2025-11-01T20:18:31.097+0000] {mongo_ingestion.py:59} INFO - [mongo/link_tx] Target CSV: /tmp/data/link_transactions/link_transactions-20251023.csv
[2025-11-01T20:18:31.108+0000] {mongo_ingestion.py:62} INFO - [mongo/link_tx] Directory listing: ['link_transactions-20251001.csv', 'link_transactions-20251002.csv', 'link_transactions-20251003.csv', 'link_transactions-20251004.csv']
[2025-11-01T20:18:31.116+0000] {crypto.py:82} WARNING - empty cryptography key - values will not be stored encrypted.
[2025-11-01T20:18:31.118+0000] {base.py:83} INFO - Using connection ID 'mongo_default' for task execution.
[2025-11-01T20:18:31.185+0000] {mongo_ingestion.py:80} WARNING - [mongo/link_tx] File not found; indexes ensured; skipping.
[2025-11-01T20:18:31.188+0000] {mongo_ingestion.py:154} INFO - [mongo/link_tx] MongoDB connection closed.
[2025-11-01T20:18:31.189+0000] {python.py:201} INFO - Done. Returned value was: None
[2025-11-01T20:18:31.215+0000] {taskinstance.py:1138} INFO - Marking task as SUCCESS. dag_id=ingestion_pipeline, task_id=load_link_transactions_to_mongo, execution_date=20251023T000000, start_date=20251101T201827, end_date=20251101T201831
[2025-11-01T20:18:31.505+0000] {local_task_job_runner.py:234} INFO - Task exited with return code 0
[2025-11-01T20:18:31.628+0000] {taskinstance.py:3280} INFO - 1 downstream tasks scheduled from follow-on schedule check
[2025-11-02T01:29:49.787+0000] {taskinstance.py:1956} INFO - Dependencies all met for dep_context=non-requeueable deps ti=<TaskInstance: ingestion_pipeline.load_link_transactions_to_mongo scheduled__2025-10-23T00:00:00+00:00 [queued]>
[2025-11-02T01:29:49.829+0000] {taskinstance.py:1956} INFO - Dependencies all met for dep_context=requeueable deps ti=<TaskInstance: ingestion_pipeline.load_link_transactions_to_mongo scheduled__2025-10-23T00:00:00+00:00 [queued]>
[2025-11-02T01:29:49.837+0000] {taskinstance.py:2170} INFO - Starting attempt 1 of 2
[2025-11-02T01:29:49.926+0000] {taskinstance.py:2191} INFO - Executing <Task(PythonOperator): load_link_transactions_to_mongo> on 2025-10-23 00:00:00+00:00
[2025-11-02T01:29:49.963+0000] {standard_task_runner.py:60} INFO - Started process 826 to run task
[2025-11-02T01:29:50.006+0000] {standard_task_runner.py:87} INFO - Running: ['***', 'tasks', 'run', 'ingestion_pipeline', 'load_link_transactions_to_mongo', 'scheduled__2025-10-23T00:00:00+00:00', '--job-id', '85', '--raw', '--subdir', 'DAGS_FOLDER/ingestion_dag.py', '--cfg-path', '/tmp/tmpfyq66nrg']
[2025-11-02T01:29:50.057+0000] {standard_task_runner.py:88} INFO - Job 85: Subtask load_link_transactions_to_mongo
[2025-11-02T01:29:50.403+0000] {task_command.py:423} INFO - Running <TaskInstance: ingestion_pipeline.load_link_transactions_to_mongo scheduled__2025-10-23T00:00:00+00:00 [running]> on host 3b0074fa0b5e
[2025-11-02T01:29:50.863+0000] {taskinstance.py:2480} INFO - Exporting env vars: AIRFLOW_CTX_DAG_OWNER='***' AIRFLOW_CTX_DAG_ID='ingestion_pipeline' AIRFLOW_CTX_TASK_ID='load_link_transactions_to_mongo' AIRFLOW_CTX_EXECUTION_DATE='2025-10-23T00:00:00+00:00' AIRFLOW_CTX_TRY_NUMBER='1' AIRFLOW_CTX_DAG_RUN_ID='scheduled__2025-10-23T00:00:00+00:00'
[2025-11-02T01:29:54.978+0000] {mongo_ingestion.py:59} INFO - [mongo/link_tx] Target CSV: /tmp/data/link_transactions/link_transactions-20251023.csv
[2025-11-02T01:29:55.005+0000] {mongo_ingestion.py:62} INFO - [mongo/link_tx] Directory listing: ['link_transactions-20251001.csv', 'link_transactions-20251002.csv', 'link_transactions-20251003.csv', 'link_transactions-20251004.csv']
[2025-11-02T01:29:55.007+0000] {crypto.py:82} WARNING - empty cryptography key - values will not be stored encrypted.
[2025-11-02T01:29:55.008+0000] {base.py:83} INFO - Using connection ID 'mongo_default' for task execution.
[2025-11-02T01:29:55.259+0000] {mongo_ingestion.py:80} WARNING - [mongo/link_tx] File not found; indexes ensured; skipping.
[2025-11-02T01:29:55.291+0000] {mongo_ingestion.py:154} INFO - [mongo/link_tx] MongoDB connection closed.
[2025-11-02T01:29:55.315+0000] {python.py:201} INFO - Done. Returned value was: None
[2025-11-02T01:29:55.419+0000] {taskinstance.py:1138} INFO - Marking task as SUCCESS. dag_id=ingestion_pipeline, task_id=load_link_transactions_to_mongo, execution_date=20251023T000000, start_date=20251102T012949, end_date=20251102T012955
[2025-11-02T01:29:55.740+0000] {local_task_job_runner.py:234} INFO - Task exited with return code 0
[2025-11-02T01:29:55.965+0000] {taskinstance.py:3280} INFO - 1 downstream tasks scheduled from follow-on schedule check
[2025-11-02T11:27:55.368+0000] {taskinstance.py:1956} INFO - Dependencies all met for dep_context=non-requeueable deps ti=<TaskInstance: ingestion_pipeline.load_link_transactions_to_mongo scheduled__2025-10-23T00:00:00+00:00 [queued]>
[2025-11-02T11:27:55.404+0000] {taskinstance.py:1956} INFO - Dependencies all met for dep_context=requeueable deps ti=<TaskInstance: ingestion_pipeline.load_link_transactions_to_mongo scheduled__2025-10-23T00:00:00+00:00 [queued]>
[2025-11-02T11:27:55.420+0000] {taskinstance.py:2170} INFO - Starting attempt 1 of 2
[2025-11-02T11:27:55.490+0000] {taskinstance.py:2191} INFO - Executing <Task(PythonOperator): load_link_transactions_to_mongo> on 2025-10-23 00:00:00+00:00
[2025-11-02T11:27:55.518+0000] {standard_task_runner.py:60} INFO - Started process 981 to run task
[2025-11-02T11:27:55.533+0000] {standard_task_runner.py:87} INFO - Running: ['***', 'tasks', 'run', 'ingestion_pipeline', 'load_link_transactions_to_mongo', 'scheduled__2025-10-23T00:00:00+00:00', '--job-id', '94', '--raw', '--subdir', 'DAGS_FOLDER/ingestion_dag.py', '--cfg-path', '/tmp/tmpmc2400d_']
[2025-11-02T11:27:55.550+0000] {standard_task_runner.py:88} INFO - Job 94: Subtask load_link_transactions_to_mongo
[2025-11-02T11:27:55.940+0000] {task_command.py:423} INFO - Running <TaskInstance: ingestion_pipeline.load_link_transactions_to_mongo scheduled__2025-10-23T00:00:00+00:00 [running]> on host 0d39d4365eb9
[2025-11-02T11:27:56.293+0000] {taskinstance.py:2480} INFO - Exporting env vars: AIRFLOW_CTX_DAG_OWNER='***' AIRFLOW_CTX_DAG_ID='ingestion_pipeline' AIRFLOW_CTX_TASK_ID='load_link_transactions_to_mongo' AIRFLOW_CTX_EXECUTION_DATE='2025-10-23T00:00:00+00:00' AIRFLOW_CTX_TRY_NUMBER='1' AIRFLOW_CTX_DAG_RUN_ID='scheduled__2025-10-23T00:00:00+00:00'
[2025-11-02T11:27:57.893+0000] {mongo_ingestion.py:59} INFO - [mongo/link_tx] Target CSV: /tmp/data/link_transactions/link_transactions-20251023.csv
[2025-11-02T11:27:57.905+0000] {mongo_ingestion.py:62} INFO - [mongo/link_tx] Directory listing: ['link_transactions-20251001.csv', 'link_transactions-20251002.csv', 'link_transactions-20251003.csv', 'link_transactions-20251004.csv']
[2025-11-02T11:27:57.907+0000] {crypto.py:82} WARNING - empty cryptography key - values will not be stored encrypted.
[2025-11-02T11:27:57.911+0000] {base.py:83} INFO - Using connection ID 'mongo_default' for task execution.
[2025-11-02T11:27:58.042+0000] {mongo_ingestion.py:80} WARNING - [mongo/link_tx] File not found; indexes ensured; skipping.
[2025-11-02T11:27:58.049+0000] {mongo_ingestion.py:154} INFO - [mongo/link_tx] MongoDB connection closed.
[2025-11-02T11:27:58.054+0000] {python.py:201} INFO - Done. Returned value was: None
[2025-11-02T11:27:58.098+0000] {taskinstance.py:1138} INFO - Marking task as SUCCESS. dag_id=ingestion_pipeline, task_id=load_link_transactions_to_mongo, execution_date=20251023T000000, start_date=20251102T112755, end_date=20251102T112758
[2025-11-02T11:27:58.203+0000] {local_task_job_runner.py:234} INFO - Task exited with return code 0
[2025-11-02T11:27:58.281+0000] {taskinstance.py:3280} INFO - 1 downstream tasks scheduled from follow-on schedule check
