[2025-11-02T00:28:37.207+0000] {taskinstance.py:1956} INFO - Dependencies all met for dep_context=non-requeueable deps ti=<TaskInstance: gold_dimensions_pipeline.dbt_dim_payment_method scheduled__2025-10-18T00:00:00+00:00 [queued]>
[2025-11-02T00:28:37.227+0000] {taskinstance.py:1956} INFO - Dependencies all met for dep_context=requeueable deps ti=<TaskInstance: gold_dimensions_pipeline.dbt_dim_payment_method scheduled__2025-10-18T00:00:00+00:00 [queued]>
[2025-11-02T00:28:37.228+0000] {taskinstance.py:2170} INFO - Starting attempt 1 of 2
[2025-11-02T00:28:37.247+0000] {taskinstance.py:2191} INFO - Executing <Task(PythonOperator): dbt_dim_payment_method> on 2025-10-18 00:00:00+00:00
[2025-11-02T00:28:37.256+0000] {standard_task_runner.py:60} INFO - Started process 15828 to run task
[2025-11-02T00:28:37.261+0000] {standard_task_runner.py:87} INFO - Running: ['***', 'tasks', 'run', 'gold_dimensions_pipeline', 'dbt_dim_payment_method', 'scheduled__2025-10-18T00:00:00+00:00', '--job-id', '373', '--raw', '--subdir', 'DAGS_FOLDER/gold_dag.py', '--cfg-path', '/tmp/tmpo6wdz8bf']
[2025-11-02T00:28:37.265+0000] {standard_task_runner.py:88} INFO - Job 373: Subtask dbt_dim_payment_method
[2025-11-02T00:28:37.361+0000] {task_command.py:423} INFO - Running <TaskInstance: gold_dimensions_pipeline.dbt_dim_payment_method scheduled__2025-10-18T00:00:00+00:00 [running]> on host 6335aa85b335
[2025-11-02T00:28:37.503+0000] {taskinstance.py:2480} INFO - Exporting env vars: AIRFLOW_CTX_DAG_OWNER='***' AIRFLOW_CTX_DAG_ID='gold_dimensions_pipeline' AIRFLOW_CTX_TASK_ID='dbt_dim_payment_method' AIRFLOW_CTX_EXECUTION_DATE='2025-10-18T00:00:00+00:00' AIRFLOW_CTX_TRY_NUMBER='1' AIRFLOW_CTX_DAG_RUN_ID='scheduled__2025-10-18T00:00:00+00:00'
[2025-11-02T00:28:47.049+0000] {python.py:201} INFO - Done. Returned value was: None
[2025-11-02T00:28:47.067+0000] {taskinstance.py:1138} INFO - Marking task as SUCCESS. dag_id=gold_dimensions_pipeline, task_id=dbt_dim_payment_method, execution_date=20251018T000000, start_date=20251102T002837, end_date=20251102T002847
[2025-11-02T00:28:47.117+0000] {local_task_job_runner.py:234} INFO - Task exited with return code 0
[2025-11-02T00:28:47.138+0000] {taskinstance.py:3280} INFO - 0 downstream tasks scheduled from follow-on schedule check
[2025-11-02T11:44:49.868+0000] {taskinstance.py:1956} INFO - Dependencies all met for dep_context=non-requeueable deps ti=<TaskInstance: gold_dimensions_pipeline.dbt_dim_payment_method scheduled__2025-10-18T00:00:00+00:00 [queued]>
[2025-11-02T11:44:49.881+0000] {taskinstance.py:1956} INFO - Dependencies all met for dep_context=requeueable deps ti=<TaskInstance: gold_dimensions_pipeline.dbt_dim_payment_method scheduled__2025-10-18T00:00:00+00:00 [queued]>
[2025-11-02T11:44:49.882+0000] {taskinstance.py:2170} INFO - Starting attempt 1 of 3
[2025-11-02T11:44:49.899+0000] {taskinstance.py:2191} INFO - Executing <Task(PythonOperator): dbt_dim_payment_method> on 2025-10-18 00:00:00+00:00
[2025-11-02T11:44:49.905+0000] {standard_task_runner.py:60} INFO - Started process 5645 to run task
[2025-11-02T11:44:49.910+0000] {standard_task_runner.py:87} INFO - Running: ['***', 'tasks', 'run', 'gold_dimensions_pipeline', 'dbt_dim_payment_method', 'scheduled__2025-10-18T00:00:00+00:00', '--job-id', '343', '--raw', '--subdir', 'DAGS_FOLDER/gold_dag.py', '--cfg-path', '/tmp/tmphne0lc7y']
[2025-11-02T11:44:49.913+0000] {standard_task_runner.py:88} INFO - Job 343: Subtask dbt_dim_payment_method
[2025-11-02T11:44:50.010+0000] {task_command.py:423} INFO - Running <TaskInstance: gold_dimensions_pipeline.dbt_dim_payment_method scheduled__2025-10-18T00:00:00+00:00 [running]> on host 0d39d4365eb9
[2025-11-02T11:44:50.124+0000] {taskinstance.py:2480} INFO - Exporting env vars: AIRFLOW_CTX_DAG_OWNER='***' AIRFLOW_CTX_DAG_ID='gold_dimensions_pipeline' AIRFLOW_CTX_TASK_ID='dbt_dim_payment_method' AIRFLOW_CTX_EXECUTION_DATE='2025-10-18T00:00:00+00:00' AIRFLOW_CTX_TRY_NUMBER='1' AIRFLOW_CTX_DAG_RUN_ID='scheduled__2025-10-18T00:00:00+00:00'
[2025-11-02T11:44:56.456+0000] {logging_mixin.py:188} INFO - ==== DBT STDOUT ====
[2025-11-02T11:44:56.458+0000] {logging_mixin.py:188} INFO - 11:44:53  Running with dbt=1.5.9
11:44:53  Registered adapter: clickhouse=1.5.2
11:44:54  [WARNING]: Configuration paths exist in your dbt_project.yml file which do not apply to any resources.
There are 2 unused configuration paths:
- models.ck_project.bronze
- models.ck_project.gold.fact
11:44:54  Found 7 models, 17 tests, 0 snapshots, 0 analyses, 349 macros, 0 operations, 0 seed files, 6 sources, 0 exposures, 0 metrics, 0 groups
11:44:54  
11:44:54  Concurrency: 4 threads (target='dev')
11:44:54  
11:44:54  1 of 1 START sql table model gold.dim_payment_method ........................... [RUN]
11:44:55  1 of 1 OK created sql table model gold.dim_payment_method ...................... [OK in 0.39s]
11:44:55  
11:44:55  Finished running 1 table model in 0 hours 0 minutes and 0.94 seconds (0.94s).
11:44:55  
11:44:55  Completed successfully
11:44:55  
11:44:55  Done. PASS=1 WARN=0 ERROR=0 SKIP=0 TOTAL=1
[2025-11-02T11:44:56.459+0000] {logging_mixin.py:188} INFO - ==== DBT STDERR ====
[2025-11-02T11:44:56.461+0000] {python.py:201} INFO - Done. Returned value was: None
[2025-11-02T11:44:56.479+0000] {taskinstance.py:1138} INFO - Marking task as SUCCESS. dag_id=gold_dimensions_pipeline, task_id=dbt_dim_payment_method, execution_date=20251018T000000, start_date=20251102T114449, end_date=20251102T114456
[2025-11-02T11:44:56.504+0000] {local_task_job_runner.py:234} INFO - Task exited with return code 0
[2025-11-02T11:44:56.525+0000] {taskinstance.py:3280} INFO - 0 downstream tasks scheduled from follow-on schedule check
