[2025-11-01T20:21:46.016+0000] {taskinstance.py:1956} INFO - Dependencies all met for dep_context=non-requeueable deps ti=<TaskInstance: silver_transformation_pipeline.dbt_run_merchants scheduled__2025-10-14T00:00:00+00:00 [queued]>
[2025-11-01T20:21:46.027+0000] {taskinstance.py:1956} INFO - Dependencies all met for dep_context=requeueable deps ti=<TaskInstance: silver_transformation_pipeline.dbt_run_merchants scheduled__2025-10-14T00:00:00+00:00 [queued]>
[2025-11-01T20:21:46.028+0000] {taskinstance.py:2170} INFO - Starting attempt 1 of 2
[2025-11-01T20:21:46.045+0000] {taskinstance.py:2191} INFO - Executing <Task(PythonOperator): dbt_run_merchants> on 2025-10-14 00:00:00+00:00
[2025-11-01T20:21:46.052+0000] {standard_task_runner.py:60} INFO - Started process 1596 to run task
[2025-11-01T20:21:46.056+0000] {standard_task_runner.py:87} INFO - Running: ['***', 'tasks', 'run', 'silver_transformation_pipeline', 'dbt_run_merchants', 'scheduled__2025-10-14T00:00:00+00:00', '--job-id', '179', '--raw', '--subdir', 'DAGS_FOLDER/silver_dag.py', '--cfg-path', '/tmp/tmpeybn0r_n']
[2025-11-01T20:21:46.058+0000] {standard_task_runner.py:88} INFO - Job 179: Subtask dbt_run_merchants
[2025-11-01T20:21:46.158+0000] {task_command.py:423} INFO - Running <TaskInstance: silver_transformation_pipeline.dbt_run_merchants scheduled__2025-10-14T00:00:00+00:00 [running]> on host 6335aa85b335
[2025-11-01T20:21:46.291+0000] {taskinstance.py:2480} INFO - Exporting env vars: AIRFLOW_CTX_DAG_OWNER='***' AIRFLOW_CTX_DAG_ID='silver_transformation_pipeline' AIRFLOW_CTX_TASK_ID='dbt_run_merchants' AIRFLOW_CTX_EXECUTION_DATE='2025-10-14T00:00:00+00:00' AIRFLOW_CTX_TRY_NUMBER='1' AIRFLOW_CTX_DAG_RUN_ID='scheduled__2025-10-14T00:00:00+00:00'
[2025-11-01T20:21:53.044+0000] {python.py:201} INFO - Done. Returned value was: None
[2025-11-01T20:21:53.059+0000] {taskinstance.py:1138} INFO - Marking task as SUCCESS. dag_id=silver_transformation_pipeline, task_id=dbt_run_merchants, execution_date=20251014T000000, start_date=20251101T202146, end_date=20251101T202153
[2025-11-01T20:21:53.130+0000] {local_task_job_runner.py:234} INFO - Task exited with return code 0
[2025-11-01T20:21:53.150+0000] {taskinstance.py:3280} INFO - 0 downstream tasks scheduled from follow-on schedule check
[2025-11-02T01:37:00.643+0000] {taskinstance.py:1956} INFO - Dependencies all met for dep_context=non-requeueable deps ti=<TaskInstance: silver_transformation_pipeline.dbt_run_merchants scheduled__2025-10-14T00:00:00+00:00 [queued]>
[2025-11-02T01:37:00.656+0000] {taskinstance.py:1956} INFO - Dependencies all met for dep_context=requeueable deps ti=<TaskInstance: silver_transformation_pipeline.dbt_run_merchants scheduled__2025-10-14T00:00:00+00:00 [queued]>
[2025-11-02T01:37:00.657+0000] {taskinstance.py:2170} INFO - Starting attempt 1 of 2
[2025-11-02T01:37:00.685+0000] {taskinstance.py:2191} INFO - Executing <Task(PythonOperator): dbt_run_merchants> on 2025-10-14 00:00:00+00:00
[2025-11-02T01:37:00.698+0000] {standard_task_runner.py:60} INFO - Started process 2376 to run task
[2025-11-02T01:37:00.707+0000] {standard_task_runner.py:87} INFO - Running: ['***', 'tasks', 'run', 'silver_transformation_pipeline', 'dbt_run_merchants', 'scheduled__2025-10-14T00:00:00+00:00', '--job-id', '185', '--raw', '--subdir', 'DAGS_FOLDER/silver_dag.py', '--cfg-path', '/tmp/tmp5ut10oh6']
[2025-11-02T01:37:00.713+0000] {standard_task_runner.py:88} INFO - Job 185: Subtask dbt_run_merchants
[2025-11-02T01:37:00.837+0000] {task_command.py:423} INFO - Running <TaskInstance: silver_transformation_pipeline.dbt_run_merchants scheduled__2025-10-14T00:00:00+00:00 [running]> on host 3b0074fa0b5e
[2025-11-02T01:37:00.988+0000] {taskinstance.py:2480} INFO - Exporting env vars: AIRFLOW_CTX_DAG_OWNER='***' AIRFLOW_CTX_DAG_ID='silver_transformation_pipeline' AIRFLOW_CTX_TASK_ID='dbt_run_merchants' AIRFLOW_CTX_EXECUTION_DATE='2025-10-14T00:00:00+00:00' AIRFLOW_CTX_TRY_NUMBER='1' AIRFLOW_CTX_DAG_RUN_ID='scheduled__2025-10-14T00:00:00+00:00'
[2025-11-02T01:37:07.827+0000] {python.py:201} INFO - Done. Returned value was: None
[2025-11-02T01:37:07.843+0000] {taskinstance.py:1138} INFO - Marking task as SUCCESS. dag_id=silver_transformation_pipeline, task_id=dbt_run_merchants, execution_date=20251014T000000, start_date=20251102T013700, end_date=20251102T013707
[2025-11-02T01:37:07.896+0000] {local_task_job_runner.py:234} INFO - Task exited with return code 0
[2025-11-02T01:37:07.923+0000] {taskinstance.py:3280} INFO - 0 downstream tasks scheduled from follow-on schedule check
[2025-11-02T11:32:22.528+0000] {taskinstance.py:1956} INFO - Dependencies all met for dep_context=non-requeueable deps ti=<TaskInstance: silver_transformation_pipeline.dbt_run_merchants scheduled__2025-10-14T00:00:00+00:00 [queued]>
[2025-11-02T11:32:22.539+0000] {taskinstance.py:1956} INFO - Dependencies all met for dep_context=requeueable deps ti=<TaskInstance: silver_transformation_pipeline.dbt_run_merchants scheduled__2025-10-14T00:00:00+00:00 [queued]>
[2025-11-02T11:32:22.540+0000] {taskinstance.py:2170} INFO - Starting attempt 1 of 2
[2025-11-02T11:32:22.554+0000] {taskinstance.py:2191} INFO - Executing <Task(PythonOperator): dbt_run_merchants> on 2025-10-14 00:00:00+00:00
[2025-11-02T11:32:22.562+0000] {standard_task_runner.py:60} INFO - Started process 2500 to run task
[2025-11-02T11:32:22.567+0000] {standard_task_runner.py:87} INFO - Running: ['***', 'tasks', 'run', 'silver_transformation_pipeline', 'dbt_run_merchants', 'scheduled__2025-10-14T00:00:00+00:00', '--job-id', '195', '--raw', '--subdir', 'DAGS_FOLDER/silver_dag.py', '--cfg-path', '/tmp/tmpiecb87ir']
[2025-11-02T11:32:22.570+0000] {standard_task_runner.py:88} INFO - Job 195: Subtask dbt_run_merchants
[2025-11-02T11:32:22.662+0000] {task_command.py:423} INFO - Running <TaskInstance: silver_transformation_pipeline.dbt_run_merchants scheduled__2025-10-14T00:00:00+00:00 [running]> on host 0d39d4365eb9
[2025-11-02T11:32:22.777+0000] {taskinstance.py:2480} INFO - Exporting env vars: AIRFLOW_CTX_DAG_OWNER='***' AIRFLOW_CTX_DAG_ID='silver_transformation_pipeline' AIRFLOW_CTX_TASK_ID='dbt_run_merchants' AIRFLOW_CTX_EXECUTION_DATE='2025-10-14T00:00:00+00:00' AIRFLOW_CTX_TRY_NUMBER='1' AIRFLOW_CTX_DAG_RUN_ID='scheduled__2025-10-14T00:00:00+00:00'
[2025-11-02T11:32:31.084+0000] {python.py:201} INFO - Done. Returned value was: None
[2025-11-02T11:32:31.114+0000] {taskinstance.py:1138} INFO - Marking task as SUCCESS. dag_id=silver_transformation_pipeline, task_id=dbt_run_merchants, execution_date=20251014T000000, start_date=20251102T113222, end_date=20251102T113231
[2025-11-02T11:32:31.178+0000] {local_task_job_runner.py:234} INFO - Task exited with return code 0
[2025-11-02T11:32:31.210+0000] {taskinstance.py:3280} INFO - 0 downstream tasks scheduled from follow-on schedule check
