[2025-11-01T20:21:26.716+0000] {taskinstance.py:1956} INFO - Dependencies all met for dep_context=non-requeueable deps ti=<TaskInstance: silver_transformation_pipeline.dbt_run_linktx scheduled__2025-10-12T00:00:00+00:00 [queued]>
[2025-11-01T20:21:26.729+0000] {taskinstance.py:1956} INFO - Dependencies all met for dep_context=requeueable deps ti=<TaskInstance: silver_transformation_pipeline.dbt_run_linktx scheduled__2025-10-12T00:00:00+00:00 [queued]>
[2025-11-01T20:21:26.731+0000] {taskinstance.py:2170} INFO - Starting attempt 1 of 2
[2025-11-01T20:21:26.750+0000] {taskinstance.py:2191} INFO - Executing <Task(PythonOperator): dbt_run_linktx> on 2025-10-12 00:00:00+00:00
[2025-11-01T20:21:26.758+0000] {standard_task_runner.py:60} INFO - Started process 1505 to run task
[2025-11-01T20:21:26.763+0000] {standard_task_runner.py:87} INFO - Running: ['***', 'tasks', 'run', 'silver_transformation_pipeline', 'dbt_run_linktx', 'scheduled__2025-10-12T00:00:00+00:00', '--job-id', '172', '--raw', '--subdir', 'DAGS_FOLDER/silver_dag.py', '--cfg-path', '/tmp/tmpqeih_6xa']
[2025-11-01T20:21:26.770+0000] {standard_task_runner.py:88} INFO - Job 172: Subtask dbt_run_linktx
[2025-11-01T20:21:26.862+0000] {task_command.py:423} INFO - Running <TaskInstance: silver_transformation_pipeline.dbt_run_linktx scheduled__2025-10-12T00:00:00+00:00 [running]> on host 6335aa85b335
[2025-11-01T20:21:26.981+0000] {taskinstance.py:2480} INFO - Exporting env vars: AIRFLOW_CTX_DAG_OWNER='***' AIRFLOW_CTX_DAG_ID='silver_transformation_pipeline' AIRFLOW_CTX_TASK_ID='dbt_run_linktx' AIRFLOW_CTX_EXECUTION_DATE='2025-10-12T00:00:00+00:00' AIRFLOW_CTX_TRY_NUMBER='1' AIRFLOW_CTX_DAG_RUN_ID='scheduled__2025-10-12T00:00:00+00:00'
[2025-11-01T20:21:33.507+0000] {python.py:201} INFO - Done. Returned value was: None
[2025-11-01T20:21:33.530+0000] {taskinstance.py:1138} INFO - Marking task as SUCCESS. dag_id=silver_transformation_pipeline, task_id=dbt_run_linktx, execution_date=20251012T000000, start_date=20251101T202126, end_date=20251101T202133
[2025-11-01T20:21:33.588+0000] {local_task_job_runner.py:234} INFO - Task exited with return code 0
[2025-11-01T20:21:33.615+0000] {taskinstance.py:3280} INFO - 0 downstream tasks scheduled from follow-on schedule check
[2025-11-02T01:36:40.224+0000] {taskinstance.py:1956} INFO - Dependencies all met for dep_context=non-requeueable deps ti=<TaskInstance: silver_transformation_pipeline.dbt_run_linktx scheduled__2025-10-12T00:00:00+00:00 [queued]>
[2025-11-02T01:36:40.237+0000] {taskinstance.py:1956} INFO - Dependencies all met for dep_context=requeueable deps ti=<TaskInstance: silver_transformation_pipeline.dbt_run_linktx scheduled__2025-10-12T00:00:00+00:00 [queued]>
[2025-11-02T01:36:40.237+0000] {taskinstance.py:2170} INFO - Starting attempt 1 of 2
[2025-11-02T01:36:40.258+0000] {taskinstance.py:2191} INFO - Executing <Task(PythonOperator): dbt_run_linktx> on 2025-10-12 00:00:00+00:00
[2025-11-02T01:36:40.270+0000] {standard_task_runner.py:60} INFO - Started process 2215 to run task
[2025-11-02T01:36:40.282+0000] {standard_task_runner.py:87} INFO - Running: ['***', 'tasks', 'run', 'silver_transformation_pipeline', 'dbt_run_linktx', 'scheduled__2025-10-12T00:00:00+00:00', '--job-id', '175', '--raw', '--subdir', 'DAGS_FOLDER/silver_dag.py', '--cfg-path', '/tmp/tmpp41wpdvs']
[2025-11-02T01:36:40.288+0000] {standard_task_runner.py:88} INFO - Job 175: Subtask dbt_run_linktx
[2025-11-02T01:36:40.372+0000] {task_command.py:423} INFO - Running <TaskInstance: silver_transformation_pipeline.dbt_run_linktx scheduled__2025-10-12T00:00:00+00:00 [running]> on host 3b0074fa0b5e
[2025-11-02T01:36:40.484+0000] {taskinstance.py:2480} INFO - Exporting env vars: AIRFLOW_CTX_DAG_OWNER='***' AIRFLOW_CTX_DAG_ID='silver_transformation_pipeline' AIRFLOW_CTX_TASK_ID='dbt_run_linktx' AIRFLOW_CTX_EXECUTION_DATE='2025-10-12T00:00:00+00:00' AIRFLOW_CTX_TRY_NUMBER='1' AIRFLOW_CTX_DAG_RUN_ID='scheduled__2025-10-12T00:00:00+00:00'
[2025-11-02T01:36:47.038+0000] {python.py:201} INFO - Done. Returned value was: None
[2025-11-02T01:36:47.056+0000] {taskinstance.py:1138} INFO - Marking task as SUCCESS. dag_id=silver_transformation_pipeline, task_id=dbt_run_linktx, execution_date=20251012T000000, start_date=20251102T013640, end_date=20251102T013647
[2025-11-02T01:36:47.102+0000] {local_task_job_runner.py:234} INFO - Task exited with return code 0
[2025-11-02T01:36:47.124+0000] {taskinstance.py:3280} INFO - 0 downstream tasks scheduled from follow-on schedule check
[2025-11-02T11:31:57.268+0000] {taskinstance.py:1956} INFO - Dependencies all met for dep_context=non-requeueable deps ti=<TaskInstance: silver_transformation_pipeline.dbt_run_linktx scheduled__2025-10-12T00:00:00+00:00 [queued]>
[2025-11-02T11:31:57.280+0000] {taskinstance.py:1956} INFO - Dependencies all met for dep_context=requeueable deps ti=<TaskInstance: silver_transformation_pipeline.dbt_run_linktx scheduled__2025-10-12T00:00:00+00:00 [queued]>
[2025-11-02T11:31:57.281+0000] {taskinstance.py:2170} INFO - Starting attempt 1 of 2
[2025-11-02T11:31:57.297+0000] {taskinstance.py:2191} INFO - Executing <Task(PythonOperator): dbt_run_linktx> on 2025-10-12 00:00:00+00:00
[2025-11-02T11:31:57.303+0000] {standard_task_runner.py:60} INFO - Started process 2330 to run task
[2025-11-02T11:31:57.308+0000] {standard_task_runner.py:87} INFO - Running: ['***', 'tasks', 'run', 'silver_transformation_pipeline', 'dbt_run_linktx', 'scheduled__2025-10-12T00:00:00+00:00', '--job-id', '189', '--raw', '--subdir', 'DAGS_FOLDER/silver_dag.py', '--cfg-path', '/tmp/tmpfkzu2ug_']
[2025-11-02T11:31:57.310+0000] {standard_task_runner.py:88} INFO - Job 189: Subtask dbt_run_linktx
[2025-11-02T11:31:57.407+0000] {task_command.py:423} INFO - Running <TaskInstance: silver_transformation_pipeline.dbt_run_linktx scheduled__2025-10-12T00:00:00+00:00 [running]> on host 0d39d4365eb9
[2025-11-02T11:31:57.519+0000] {taskinstance.py:2480} INFO - Exporting env vars: AIRFLOW_CTX_DAG_OWNER='***' AIRFLOW_CTX_DAG_ID='silver_transformation_pipeline' AIRFLOW_CTX_TASK_ID='dbt_run_linktx' AIRFLOW_CTX_EXECUTION_DATE='2025-10-12T00:00:00+00:00' AIRFLOW_CTX_TRY_NUMBER='1' AIRFLOW_CTX_DAG_RUN_ID='scheduled__2025-10-12T00:00:00+00:00'
[2025-11-02T11:32:05.759+0000] {python.py:201} INFO - Done. Returned value was: None
[2025-11-02T11:32:05.783+0000] {taskinstance.py:1138} INFO - Marking task as SUCCESS. dag_id=silver_transformation_pipeline, task_id=dbt_run_linktx, execution_date=20251012T000000, start_date=20251102T113157, end_date=20251102T113205
[2025-11-02T11:32:05.842+0000] {local_task_job_runner.py:234} INFO - Task exited with return code 0
[2025-11-02T11:32:05.872+0000] {taskinstance.py:3280} INFO - 0 downstream tasks scheduled from follow-on schedule check
