[2025-11-01T20:22:27.198+0000] {taskinstance.py:1956} INFO - Dependencies all met for dep_context=non-requeueable deps ti=<TaskInstance: silver_transformation_pipeline.dbt_run_payments scheduled__2025-10-18T00:00:00+00:00 [queued]>
[2025-11-01T20:22:27.219+0000] {taskinstance.py:1956} INFO - Dependencies all met for dep_context=requeueable deps ti=<TaskInstance: silver_transformation_pipeline.dbt_run_payments scheduled__2025-10-18T00:00:00+00:00 [queued]>
[2025-11-01T20:22:27.221+0000] {taskinstance.py:2170} INFO - Starting attempt 1 of 2
[2025-11-01T20:22:27.239+0000] {taskinstance.py:2191} INFO - Executing <Task(PythonOperator): dbt_run_payments> on 2025-10-18 00:00:00+00:00
[2025-11-01T20:22:27.249+0000] {standard_task_runner.py:60} INFO - Started process 1811 to run task
[2025-11-01T20:22:27.254+0000] {standard_task_runner.py:87} INFO - Running: ['***', 'tasks', 'run', 'silver_transformation_pipeline', 'dbt_run_payments', 'scheduled__2025-10-18T00:00:00+00:00', '--job-id', '195', '--raw', '--subdir', 'DAGS_FOLDER/silver_dag.py', '--cfg-path', '/tmp/tmpbi4oa20p']
[2025-11-01T20:22:27.258+0000] {standard_task_runner.py:88} INFO - Job 195: Subtask dbt_run_payments
[2025-11-01T20:22:27.340+0000] {task_command.py:423} INFO - Running <TaskInstance: silver_transformation_pipeline.dbt_run_payments scheduled__2025-10-18T00:00:00+00:00 [running]> on host 6335aa85b335
[2025-11-01T20:22:27.457+0000] {taskinstance.py:2480} INFO - Exporting env vars: AIRFLOW_CTX_DAG_OWNER='***' AIRFLOW_CTX_DAG_ID='silver_transformation_pipeline' AIRFLOW_CTX_TASK_ID='dbt_run_payments' AIRFLOW_CTX_EXECUTION_DATE='2025-10-18T00:00:00+00:00' AIRFLOW_CTX_TRY_NUMBER='1' AIRFLOW_CTX_DAG_RUN_ID='scheduled__2025-10-18T00:00:00+00:00'
[2025-11-01T20:22:33.265+0000] {python.py:201} INFO - Done. Returned value was: None
[2025-11-01T20:22:33.285+0000] {taskinstance.py:1138} INFO - Marking task as SUCCESS. dag_id=silver_transformation_pipeline, task_id=dbt_run_payments, execution_date=20251018T000000, start_date=20251101T202227, end_date=20251101T202233
[2025-11-01T20:22:33.310+0000] {local_task_job_runner.py:234} INFO - Task exited with return code 0
[2025-11-01T20:22:33.330+0000] {taskinstance.py:3280} INFO - 0 downstream tasks scheduled from follow-on schedule check
[2025-11-02T01:37:41.338+0000] {taskinstance.py:1956} INFO - Dependencies all met for dep_context=non-requeueable deps ti=<TaskInstance: silver_transformation_pipeline.dbt_run_payments scheduled__2025-10-18T00:00:00+00:00 [queued]>
[2025-11-02T01:37:41.349+0000] {taskinstance.py:1956} INFO - Dependencies all met for dep_context=requeueable deps ti=<TaskInstance: silver_transformation_pipeline.dbt_run_payments scheduled__2025-10-18T00:00:00+00:00 [queued]>
[2025-11-02T01:37:41.350+0000] {taskinstance.py:2170} INFO - Starting attempt 1 of 2
[2025-11-02T01:37:41.372+0000] {taskinstance.py:2191} INFO - Executing <Task(PythonOperator): dbt_run_payments> on 2025-10-18 00:00:00+00:00
[2025-11-02T01:37:41.378+0000] {standard_task_runner.py:60} INFO - Started process 2676 to run task
[2025-11-02T01:37:41.383+0000] {standard_task_runner.py:87} INFO - Running: ['***', 'tasks', 'run', 'silver_transformation_pipeline', 'dbt_run_payments', 'scheduled__2025-10-18T00:00:00+00:00', '--job-id', '201', '--raw', '--subdir', 'DAGS_FOLDER/silver_dag.py', '--cfg-path', '/tmp/tmps6ewcn6i']
[2025-11-02T01:37:41.386+0000] {standard_task_runner.py:88} INFO - Job 201: Subtask dbt_run_payments
[2025-11-02T01:37:41.470+0000] {task_command.py:423} INFO - Running <TaskInstance: silver_transformation_pipeline.dbt_run_payments scheduled__2025-10-18T00:00:00+00:00 [running]> on host 3b0074fa0b5e
[2025-11-02T01:37:41.577+0000] {taskinstance.py:2480} INFO - Exporting env vars: AIRFLOW_CTX_DAG_OWNER='***' AIRFLOW_CTX_DAG_ID='silver_transformation_pipeline' AIRFLOW_CTX_TASK_ID='dbt_run_payments' AIRFLOW_CTX_EXECUTION_DATE='2025-10-18T00:00:00+00:00' AIRFLOW_CTX_TRY_NUMBER='1' AIRFLOW_CTX_DAG_RUN_ID='scheduled__2025-10-18T00:00:00+00:00'
[2025-11-02T01:37:48.261+0000] {python.py:201} INFO - Done. Returned value was: None
[2025-11-02T01:37:48.284+0000] {taskinstance.py:1138} INFO - Marking task as SUCCESS. dag_id=silver_transformation_pipeline, task_id=dbt_run_payments, execution_date=20251018T000000, start_date=20251102T013741, end_date=20251102T013748
[2025-11-02T01:37:48.360+0000] {local_task_job_runner.py:234} INFO - Task exited with return code 0
[2025-11-02T01:37:48.395+0000] {taskinstance.py:3280} INFO - 0 downstream tasks scheduled from follow-on schedule check
[2025-11-02T11:33:10.128+0000] {taskinstance.py:1956} INFO - Dependencies all met for dep_context=non-requeueable deps ti=<TaskInstance: silver_transformation_pipeline.dbt_run_payments scheduled__2025-10-18T00:00:00+00:00 [queued]>
[2025-11-02T11:33:10.140+0000] {taskinstance.py:1956} INFO - Dependencies all met for dep_context=requeueable deps ti=<TaskInstance: silver_transformation_pipeline.dbt_run_payments scheduled__2025-10-18T00:00:00+00:00 [queued]>
[2025-11-02T11:33:10.142+0000] {taskinstance.py:2170} INFO - Starting attempt 1 of 2
[2025-11-02T11:33:10.167+0000] {taskinstance.py:2191} INFO - Executing <Task(PythonOperator): dbt_run_payments> on 2025-10-18 00:00:00+00:00
[2025-11-02T11:33:10.174+0000] {standard_task_runner.py:60} INFO - Started process 2816 to run task
[2025-11-02T11:33:10.185+0000] {standard_task_runner.py:87} INFO - Running: ['***', 'tasks', 'run', 'silver_transformation_pipeline', 'dbt_run_payments', 'scheduled__2025-10-18T00:00:00+00:00', '--job-id', '211', '--raw', '--subdir', 'DAGS_FOLDER/silver_dag.py', '--cfg-path', '/tmp/tmp4nuppvpj']
[2025-11-02T11:33:10.189+0000] {standard_task_runner.py:88} INFO - Job 211: Subtask dbt_run_payments
[2025-11-02T11:33:10.286+0000] {task_command.py:423} INFO - Running <TaskInstance: silver_transformation_pipeline.dbt_run_payments scheduled__2025-10-18T00:00:00+00:00 [running]> on host 0d39d4365eb9
[2025-11-02T11:33:10.412+0000] {taskinstance.py:2480} INFO - Exporting env vars: AIRFLOW_CTX_DAG_OWNER='***' AIRFLOW_CTX_DAG_ID='silver_transformation_pipeline' AIRFLOW_CTX_TASK_ID='dbt_run_payments' AIRFLOW_CTX_EXECUTION_DATE='2025-10-18T00:00:00+00:00' AIRFLOW_CTX_TRY_NUMBER='1' AIRFLOW_CTX_DAG_RUN_ID='scheduled__2025-10-18T00:00:00+00:00'
[2025-11-02T11:33:18.749+0000] {python.py:201} INFO - Done. Returned value was: None
[2025-11-02T11:33:18.771+0000] {taskinstance.py:1138} INFO - Marking task as SUCCESS. dag_id=silver_transformation_pipeline, task_id=dbt_run_payments, execution_date=20251018T000000, start_date=20251102T113310, end_date=20251102T113318
[2025-11-02T11:33:18.844+0000] {local_task_job_runner.py:234} INFO - Task exited with return code 0
[2025-11-02T11:33:18.882+0000] {taskinstance.py:3280} INFO - 0 downstream tasks scheduled from follow-on schedule check
