[2025-11-01T20:21:46.040+0000] {taskinstance.py:1956} INFO - Dependencies all met for dep_context=non-requeueable deps ti=<TaskInstance: silver_transformation_pipeline.dbt_run_linktx scheduled__2025-10-14T00:00:00+00:00 [queued]>
[2025-11-01T20:21:46.053+0000] {taskinstance.py:1956} INFO - Dependencies all met for dep_context=requeueable deps ti=<TaskInstance: silver_transformation_pipeline.dbt_run_linktx scheduled__2025-10-14T00:00:00+00:00 [queued]>
[2025-11-01T20:21:46.058+0000] {taskinstance.py:2170} INFO - Starting attempt 1 of 2
[2025-11-01T20:21:46.074+0000] {taskinstance.py:2191} INFO - Executing <Task(PythonOperator): dbt_run_linktx> on 2025-10-14 00:00:00+00:00
[2025-11-01T20:21:46.081+0000] {standard_task_runner.py:60} INFO - Started process 1597 to run task
[2025-11-01T20:21:46.086+0000] {standard_task_runner.py:87} INFO - Running: ['***', 'tasks', 'run', 'silver_transformation_pipeline', 'dbt_run_linktx', 'scheduled__2025-10-14T00:00:00+00:00', '--job-id', '181', '--raw', '--subdir', 'DAGS_FOLDER/silver_dag.py', '--cfg-path', '/tmp/tmpq4vmefx9']
[2025-11-01T20:21:46.089+0000] {standard_task_runner.py:88} INFO - Job 181: Subtask dbt_run_linktx
[2025-11-01T20:21:46.191+0000] {task_command.py:423} INFO - Running <TaskInstance: silver_transformation_pipeline.dbt_run_linktx scheduled__2025-10-14T00:00:00+00:00 [running]> on host 6335aa85b335
[2025-11-01T20:21:46.335+0000] {taskinstance.py:2480} INFO - Exporting env vars: AIRFLOW_CTX_DAG_OWNER='***' AIRFLOW_CTX_DAG_ID='silver_transformation_pipeline' AIRFLOW_CTX_TASK_ID='dbt_run_linktx' AIRFLOW_CTX_EXECUTION_DATE='2025-10-14T00:00:00+00:00' AIRFLOW_CTX_TRY_NUMBER='1' AIRFLOW_CTX_DAG_RUN_ID='scheduled__2025-10-14T00:00:00+00:00'
[2025-11-01T20:21:53.207+0000] {python.py:201} INFO - Done. Returned value was: None
[2025-11-01T20:21:53.220+0000] {taskinstance.py:1138} INFO - Marking task as SUCCESS. dag_id=silver_transformation_pipeline, task_id=dbt_run_linktx, execution_date=20251014T000000, start_date=20251101T202146, end_date=20251101T202153
[2025-11-01T20:21:53.268+0000] {local_task_job_runner.py:234} INFO - Task exited with return code 0
[2025-11-01T20:21:53.286+0000] {taskinstance.py:3280} INFO - 0 downstream tasks scheduled from follow-on schedule check
[2025-11-02T01:37:00.636+0000] {taskinstance.py:1956} INFO - Dependencies all met for dep_context=non-requeueable deps ti=<TaskInstance: silver_transformation_pipeline.dbt_run_linktx scheduled__2025-10-14T00:00:00+00:00 [queued]>
[2025-11-02T01:37:00.650+0000] {taskinstance.py:1956} INFO - Dependencies all met for dep_context=requeueable deps ti=<TaskInstance: silver_transformation_pipeline.dbt_run_linktx scheduled__2025-10-14T00:00:00+00:00 [queued]>
[2025-11-02T01:37:00.651+0000] {taskinstance.py:2170} INFO - Starting attempt 1 of 2
[2025-11-02T01:37:00.672+0000] {taskinstance.py:2191} INFO - Executing <Task(PythonOperator): dbt_run_linktx> on 2025-10-14 00:00:00+00:00
[2025-11-02T01:37:00.684+0000] {standard_task_runner.py:60} INFO - Started process 2374 to run task
[2025-11-02T01:37:00.690+0000] {standard_task_runner.py:87} INFO - Running: ['***', 'tasks', 'run', 'silver_transformation_pipeline', 'dbt_run_linktx', 'scheduled__2025-10-14T00:00:00+00:00', '--job-id', '183', '--raw', '--subdir', 'DAGS_FOLDER/silver_dag.py', '--cfg-path', '/tmp/tmp8xjtylv5']
[2025-11-02T01:37:00.703+0000] {standard_task_runner.py:88} INFO - Job 183: Subtask dbt_run_linktx
[2025-11-02T01:37:00.823+0000] {task_command.py:423} INFO - Running <TaskInstance: silver_transformation_pipeline.dbt_run_linktx scheduled__2025-10-14T00:00:00+00:00 [running]> on host 3b0074fa0b5e
[2025-11-02T01:37:00.965+0000] {taskinstance.py:2480} INFO - Exporting env vars: AIRFLOW_CTX_DAG_OWNER='***' AIRFLOW_CTX_DAG_ID='silver_transformation_pipeline' AIRFLOW_CTX_TASK_ID='dbt_run_linktx' AIRFLOW_CTX_EXECUTION_DATE='2025-10-14T00:00:00+00:00' AIRFLOW_CTX_TRY_NUMBER='1' AIRFLOW_CTX_DAG_RUN_ID='scheduled__2025-10-14T00:00:00+00:00'
[2025-11-02T01:37:08.000+0000] {python.py:201} INFO - Done. Returned value was: None
[2025-11-02T01:37:08.014+0000] {taskinstance.py:1138} INFO - Marking task as SUCCESS. dag_id=silver_transformation_pipeline, task_id=dbt_run_linktx, execution_date=20251014T000000, start_date=20251102T013700, end_date=20251102T013708
[2025-11-02T01:37:08.051+0000] {local_task_job_runner.py:234} INFO - Task exited with return code 0
[2025-11-02T01:37:08.069+0000] {taskinstance.py:3280} INFO - 0 downstream tasks scheduled from follow-on schedule check
[2025-11-02T11:32:22.530+0000] {taskinstance.py:1956} INFO - Dependencies all met for dep_context=non-requeueable deps ti=<TaskInstance: silver_transformation_pipeline.dbt_run_linktx scheduled__2025-10-14T00:00:00+00:00 [queued]>
[2025-11-02T11:32:22.540+0000] {taskinstance.py:1956} INFO - Dependencies all met for dep_context=requeueable deps ti=<TaskInstance: silver_transformation_pipeline.dbt_run_linktx scheduled__2025-10-14T00:00:00+00:00 [queued]>
[2025-11-02T11:32:22.541+0000] {taskinstance.py:2170} INFO - Starting attempt 1 of 2
[2025-11-02T11:32:22.557+0000] {taskinstance.py:2191} INFO - Executing <Task(PythonOperator): dbt_run_linktx> on 2025-10-14 00:00:00+00:00
[2025-11-02T11:32:22.564+0000] {standard_task_runner.py:60} INFO - Started process 2501 to run task
[2025-11-02T11:32:22.570+0000] {standard_task_runner.py:87} INFO - Running: ['***', 'tasks', 'run', 'silver_transformation_pipeline', 'dbt_run_linktx', 'scheduled__2025-10-14T00:00:00+00:00', '--job-id', '197', '--raw', '--subdir', 'DAGS_FOLDER/silver_dag.py', '--cfg-path', '/tmp/tmpkstnd_mz']
[2025-11-02T11:32:22.573+0000] {standard_task_runner.py:88} INFO - Job 197: Subtask dbt_run_linktx
[2025-11-02T11:32:22.662+0000] {task_command.py:423} INFO - Running <TaskInstance: silver_transformation_pipeline.dbt_run_linktx scheduled__2025-10-14T00:00:00+00:00 [running]> on host 0d39d4365eb9
[2025-11-02T11:32:22.782+0000] {taskinstance.py:2480} INFO - Exporting env vars: AIRFLOW_CTX_DAG_OWNER='***' AIRFLOW_CTX_DAG_ID='silver_transformation_pipeline' AIRFLOW_CTX_TASK_ID='dbt_run_linktx' AIRFLOW_CTX_EXECUTION_DATE='2025-10-14T00:00:00+00:00' AIRFLOW_CTX_TRY_NUMBER='1' AIRFLOW_CTX_DAG_RUN_ID='scheduled__2025-10-14T00:00:00+00:00'
[2025-11-02T11:32:31.013+0000] {python.py:201} INFO - Done. Returned value was: None
[2025-11-02T11:32:31.040+0000] {taskinstance.py:1138} INFO - Marking task as SUCCESS. dag_id=silver_transformation_pipeline, task_id=dbt_run_linktx, execution_date=20251014T000000, start_date=20251102T113222, end_date=20251102T113231
[2025-11-02T11:32:31.089+0000] {local_task_job_runner.py:234} INFO - Task exited with return code 0
[2025-11-02T11:32:31.130+0000] {taskinstance.py:3280} INFO - 0 downstream tasks scheduled from follow-on schedule check
