[2025-10-31T22:31:55.985+0000] {taskinstance.py:1956} INFO - Dependencies all met for dep_context=non-requeueable deps ti=<TaskInstance: ingestion_pipeline.silver_dbt.dbt_run_incrementals manual__2025-10-31T22:31:52.250995+00:00 [queued]>
[2025-10-31T22:31:55.996+0000] {taskinstance.py:1956} INFO - Dependencies all met for dep_context=requeueable deps ti=<TaskInstance: ingestion_pipeline.silver_dbt.dbt_run_incrementals manual__2025-10-31T22:31:52.250995+00:00 [queued]>
[2025-10-31T22:31:55.997+0000] {taskinstance.py:2170} INFO - Starting attempt 1 of 2
[2025-10-31T22:31:56.015+0000] {taskinstance.py:2191} INFO - Executing <Task(BashOperator): silver_dbt.dbt_run_incrementals> on 2025-10-31 22:31:52.250995+00:00
[2025-10-31T22:31:56.024+0000] {standard_task_runner.py:60} INFO - Started process 1731 to run task
[2025-10-31T22:31:56.031+0000] {standard_task_runner.py:87} INFO - Running: ['***', 'tasks', 'run', 'ingestion_pipeline', 'silver_dbt.dbt_run_incrementals', 'manual__2025-10-31T22:31:52.250995+00:00', '--job-id', '33', '--raw', '--subdir', 'DAGS_FOLDER/ingestion_dag.py', '--cfg-path', '/tmp/tmpb7azrjek']
[2025-10-31T22:31:56.034+0000] {standard_task_runner.py:88} INFO - Job 33: Subtask silver_dbt.dbt_run_incrementals
[2025-10-31T22:31:56.111+0000] {task_command.py:423} INFO - Running <TaskInstance: ingestion_pipeline.silver_dbt.dbt_run_incrementals manual__2025-10-31T22:31:52.250995+00:00 [running]> on host 68d81e27198f
[2025-10-31T22:31:56.205+0000] {taskinstance.py:2480} INFO - Exporting env vars: AIRFLOW_CTX_DAG_OWNER='***' AIRFLOW_CTX_DAG_ID='ingestion_pipeline' AIRFLOW_CTX_TASK_ID='silver_dbt.dbt_run_incrementals' AIRFLOW_CTX_EXECUTION_DATE='2025-10-31T22:31:52.250995+00:00' AIRFLOW_CTX_TRY_NUMBER='1' AIRFLOW_CTX_DAG_RUN_ID='manual__2025-10-31T22:31:52.250995+00:00'
[2025-10-31T22:31:56.206+0000] {subprocess.py:63} INFO - Tmp dir root location: /tmp
[2025-10-31T22:31:56.208+0000] {subprocess.py:75} INFO - Running command: ['/usr/bin/bash', '-c', 'docker exec -i dbt bash -lc \'\nset -e\ncd /dbt\nDBT_VARS=$(python - <<"PY"\nfrom datetime import datetime, timedelta\nimport json\nds = "2025-10-31"\nlag_days = 0\nlagged = (datetime.strptime(ds, "%Y-%m-%d") - timedelta(days=lag_days)).strftime("%Y-%m-%d")\nprint(json.dumps({"ds_lagged": lagged}))\nPY\n)\necho "dbt vars => ${DBT_VARS}"\ndbt --no-use-colors run --profiles-dir /dbt --select silver_payments silver_link_transactions --vars "${DBT_VARS}"\n\'']
[2025-10-31T22:31:56.220+0000] {subprocess.py:86} INFO - Output:
[2025-10-31T22:31:56.447+0000] {subprocess.py:93} INFO - dbt vars => {"ds_lagged": "2025-10-31"}
[2025-10-31T22:31:58.508+0000] {subprocess.py:93} INFO - 22:31:58  Running with dbt=1.10.13
[2025-10-31T22:31:58.798+0000] {subprocess.py:93} INFO - 22:31:58  Registered adapter: clickhouse=1.9.5
[2025-10-31T22:31:59.343+0000] {subprocess.py:93} INFO - 22:31:59  Found 3 models, 3 sources, 488 macros
[2025-10-31T22:31:59.348+0000] {subprocess.py:93} INFO - 22:31:59
[2025-10-31T22:31:59.349+0000] {subprocess.py:93} INFO - 22:31:59  Concurrency: 4 threads (target='dev')
[2025-10-31T22:31:59.351+0000] {subprocess.py:93} INFO - 22:31:59
[2025-10-31T22:31:59.649+0000] {subprocess.py:93} INFO - 22:31:59  1 of 2 START sql incremental model `silver`.`silver_link_transactions` ......... [RUN]
[2025-10-31T22:31:59.650+0000] {subprocess.py:93} INFO - 22:31:59  2 of 2 START sql incremental model `silver`.`silver_payments` .................. [RUN]
[2025-10-31T22:32:00.067+0000] {subprocess.py:93} INFO - 22:32:00  2 of 2 OK created sql incremental model `silver`.`silver_payments` ............. [OK in 0.41s]
[2025-10-31T22:32:00.129+0000] {subprocess.py:93} INFO - 22:32:00  1 of 2 OK created sql incremental model `silver`.`silver_link_transactions` .... [OK in 0.48s]
[2025-10-31T22:32:00.139+0000] {subprocess.py:93} INFO - 22:32:00
[2025-10-31T22:32:00.141+0000] {subprocess.py:93} INFO - 22:32:00  Finished running 2 incremental models in 0 hours 0 minutes and 0.79 seconds (0.79s).
[2025-10-31T22:32:00.226+0000] {subprocess.py:93} INFO - 22:32:00
[2025-10-31T22:32:00.228+0000] {subprocess.py:93} INFO - 22:32:00  Completed successfully
[2025-10-31T22:32:00.228+0000] {subprocess.py:93} INFO - 22:32:00
[2025-10-31T22:32:00.230+0000] {subprocess.py:93} INFO - 22:32:00  Done. PASS=2 WARN=0 ERROR=0 SKIP=0 NO-OP=0 TOTAL=2
[2025-10-31T22:32:01.204+0000] {subprocess.py:97} INFO - Command exited with return code 0
[2025-10-31T22:32:01.232+0000] {taskinstance.py:1138} INFO - Marking task as SUCCESS. dag_id=ingestion_pipeline, task_id=silver_dbt.dbt_run_incrementals, execution_date=20251031T223152, start_date=20251031T223155, end_date=20251031T223201
[2025-10-31T22:32:01.275+0000] {local_task_job_runner.py:234} INFO - Task exited with return code 0
[2025-10-31T22:32:01.293+0000] {taskinstance.py:3280} INFO - 0 downstream tasks scheduled from follow-on schedule check
