[2025-11-01T20:12:59.586+0000] {taskinstance.py:1956} INFO - Dependencies all met for dep_context=non-requeueable deps ti=<TaskInstance: silver_transformation_pipeline.dbt_run_merchants scheduled__2025-10-02T00:00:00+00:00 [queued]>
[2025-11-01T20:12:59.597+0000] {taskinstance.py:1956} INFO - Dependencies all met for dep_context=requeueable deps ti=<TaskInstance: silver_transformation_pipeline.dbt_run_merchants scheduled__2025-10-02T00:00:00+00:00 [queued]>
[2025-11-01T20:12:59.598+0000] {taskinstance.py:2170} INFO - Starting attempt 1 of 2
[2025-11-01T20:12:59.613+0000] {taskinstance.py:2191} INFO - Executing <Task(PythonOperator): dbt_run_merchants> on 2025-10-02 00:00:00+00:00
[2025-11-01T20:12:59.619+0000] {standard_task_runner.py:60} INFO - Started process 1341 to run task
[2025-11-01T20:12:59.624+0000] {standard_task_runner.py:87} INFO - Running: ['***', 'tasks', 'run', 'silver_transformation_pipeline', 'dbt_run_merchants', 'scheduled__2025-10-02T00:00:00+00:00', '--job-id', '137', '--raw', '--subdir', 'DAGS_FOLDER/silver_dag.py', '--cfg-path', '/tmp/tmpogw0b0k_']
[2025-11-01T20:12:59.627+0000] {standard_task_runner.py:88} INFO - Job 137: Subtask dbt_run_merchants
[2025-11-01T20:12:59.715+0000] {task_command.py:423} INFO - Running <TaskInstance: silver_transformation_pipeline.dbt_run_merchants scheduled__2025-10-02T00:00:00+00:00 [running]> on host 1a955fda0cfd
[2025-11-01T20:12:59.835+0000] {taskinstance.py:2480} INFO - Exporting env vars: AIRFLOW_CTX_DAG_OWNER='***' AIRFLOW_CTX_DAG_ID='silver_transformation_pipeline' AIRFLOW_CTX_TASK_ID='dbt_run_merchants' AIRFLOW_CTX_EXECUTION_DATE='2025-10-02T00:00:00+00:00' AIRFLOW_CTX_TRY_NUMBER='1' AIRFLOW_CTX_DAG_RUN_ID='scheduled__2025-10-02T00:00:00+00:00'
[2025-11-01T20:13:05.581+0000] {python.py:201} INFO - Done. Returned value was: None
[2025-11-01T20:13:05.599+0000] {taskinstance.py:1138} INFO - Marking task as SUCCESS. dag_id=silver_transformation_pipeline, task_id=dbt_run_merchants, execution_date=20251002T000000, start_date=20251101T201259, end_date=20251101T201305
[2025-11-01T20:13:05.650+0000] {local_task_job_runner.py:234} INFO - Task exited with return code 0
[2025-11-01T20:13:05.679+0000] {taskinstance.py:3280} INFO - 0 downstream tasks scheduled from follow-on schedule check
[2025-11-01T20:19:39.873+0000] {taskinstance.py:1956} INFO - Dependencies all met for dep_context=non-requeueable deps ti=<TaskInstance: silver_transformation_pipeline.dbt_run_merchants scheduled__2025-10-02T00:00:00+00:00 [queued]>
[2025-11-01T20:19:39.889+0000] {taskinstance.py:1956} INFO - Dependencies all met for dep_context=requeueable deps ti=<TaskInstance: silver_transformation_pipeline.dbt_run_merchants scheduled__2025-10-02T00:00:00+00:00 [queued]>
[2025-11-01T20:19:39.890+0000] {taskinstance.py:2170} INFO - Starting attempt 1 of 2
[2025-11-01T20:19:39.913+0000] {taskinstance.py:2191} INFO - Executing <Task(PythonOperator): dbt_run_merchants> on 2025-10-02 00:00:00+00:00
[2025-11-01T20:19:39.920+0000] {standard_task_runner.py:60} INFO - Started process 970 to run task
[2025-11-01T20:19:39.924+0000] {standard_task_runner.py:87} INFO - Running: ['***', 'tasks', 'run', 'silver_transformation_pipeline', 'dbt_run_merchants', 'scheduled__2025-10-02T00:00:00+00:00', '--job-id', '132', '--raw', '--subdir', 'DAGS_FOLDER/silver_dag.py', '--cfg-path', '/tmp/tmpm17rkg1c']
[2025-11-01T20:19:39.927+0000] {standard_task_runner.py:88} INFO - Job 132: Subtask dbt_run_merchants
[2025-11-01T20:19:40.031+0000] {task_command.py:423} INFO - Running <TaskInstance: silver_transformation_pipeline.dbt_run_merchants scheduled__2025-10-02T00:00:00+00:00 [running]> on host 6335aa85b335
[2025-11-01T20:19:40.161+0000] {taskinstance.py:2480} INFO - Exporting env vars: AIRFLOW_CTX_DAG_OWNER='***' AIRFLOW_CTX_DAG_ID='silver_transformation_pipeline' AIRFLOW_CTX_TASK_ID='dbt_run_merchants' AIRFLOW_CTX_EXECUTION_DATE='2025-10-02T00:00:00+00:00' AIRFLOW_CTX_TRY_NUMBER='1' AIRFLOW_CTX_DAG_RUN_ID='scheduled__2025-10-02T00:00:00+00:00'
[2025-11-01T20:19:46.077+0000] {python.py:201} INFO - Done. Returned value was: None
[2025-11-01T20:19:46.100+0000] {taskinstance.py:1138} INFO - Marking task as SUCCESS. dag_id=silver_transformation_pipeline, task_id=dbt_run_merchants, execution_date=20251002T000000, start_date=20251101T201939, end_date=20251101T201946
[2025-11-01T20:19:46.182+0000] {local_task_job_runner.py:234} INFO - Task exited with return code 0
[2025-11-01T20:19:46.217+0000] {taskinstance.py:3280} INFO - 0 downstream tasks scheduled from follow-on schedule check
[2025-11-02T01:34:52.815+0000] {taskinstance.py:1956} INFO - Dependencies all met for dep_context=non-requeueable deps ti=<TaskInstance: silver_transformation_pipeline.dbt_run_merchants scheduled__2025-10-02T00:00:00+00:00 [queued]>
[2025-11-02T01:34:52.826+0000] {taskinstance.py:1956} INFO - Dependencies all met for dep_context=requeueable deps ti=<TaskInstance: silver_transformation_pipeline.dbt_run_merchants scheduled__2025-10-02T00:00:00+00:00 [queued]>
[2025-11-02T01:34:52.826+0000] {taskinstance.py:2170} INFO - Starting attempt 1 of 2
[2025-11-02T01:34:52.843+0000] {taskinstance.py:2191} INFO - Executing <Task(PythonOperator): dbt_run_merchants> on 2025-10-02 00:00:00+00:00
[2025-11-02T01:34:52.848+0000] {standard_task_runner.py:60} INFO - Started process 1435 to run task
[2025-11-02T01:34:52.853+0000] {standard_task_runner.py:87} INFO - Running: ['***', 'tasks', 'run', 'silver_transformation_pipeline', 'dbt_run_merchants', 'scheduled__2025-10-02T00:00:00+00:00', '--job-id', '136', '--raw', '--subdir', 'DAGS_FOLDER/silver_dag.py', '--cfg-path', '/tmp/tmpxjj1ernn']
[2025-11-02T01:34:52.855+0000] {standard_task_runner.py:88} INFO - Job 136: Subtask dbt_run_merchants
[2025-11-02T01:34:52.941+0000] {task_command.py:423} INFO - Running <TaskInstance: silver_transformation_pipeline.dbt_run_merchants scheduled__2025-10-02T00:00:00+00:00 [running]> on host 3b0074fa0b5e
[2025-11-02T01:34:53.057+0000] {taskinstance.py:2480} INFO - Exporting env vars: AIRFLOW_CTX_DAG_OWNER='***' AIRFLOW_CTX_DAG_ID='silver_transformation_pipeline' AIRFLOW_CTX_TASK_ID='dbt_run_merchants' AIRFLOW_CTX_EXECUTION_DATE='2025-10-02T00:00:00+00:00' AIRFLOW_CTX_TRY_NUMBER='1' AIRFLOW_CTX_DAG_RUN_ID='scheduled__2025-10-02T00:00:00+00:00'
[2025-11-02T01:34:59.356+0000] {python.py:201} INFO - Done. Returned value was: None
[2025-11-02T01:34:59.371+0000] {taskinstance.py:1138} INFO - Marking task as SUCCESS. dag_id=silver_transformation_pipeline, task_id=dbt_run_merchants, execution_date=20251002T000000, start_date=20251102T013452, end_date=20251102T013459
[2025-11-02T01:34:59.430+0000] {local_task_job_runner.py:234} INFO - Task exited with return code 0
[2025-11-02T01:34:59.448+0000] {taskinstance.py:3280} INFO - 0 downstream tasks scheduled from follow-on schedule check
[2025-11-02T11:29:40.960+0000] {taskinstance.py:1956} INFO - Dependencies all met for dep_context=non-requeueable deps ti=<TaskInstance: silver_transformation_pipeline.dbt_run_merchants scheduled__2025-10-02T00:00:00+00:00 [queued]>
[2025-11-02T11:29:40.972+0000] {taskinstance.py:1956} INFO - Dependencies all met for dep_context=requeueable deps ti=<TaskInstance: silver_transformation_pipeline.dbt_run_merchants scheduled__2025-10-02T00:00:00+00:00 [queued]>
[2025-11-02T11:29:40.973+0000] {taskinstance.py:2170} INFO - Starting attempt 1 of 2
[2025-11-02T11:29:40.994+0000] {taskinstance.py:2191} INFO - Executing <Task(PythonOperator): dbt_run_merchants> on 2025-10-02 00:00:00+00:00
[2025-11-02T11:29:41.005+0000] {standard_task_runner.py:60} INFO - Started process 1444 to run task
[2025-11-02T11:29:41.013+0000] {standard_task_runner.py:87} INFO - Running: ['***', 'tasks', 'run', 'silver_transformation_pipeline', 'dbt_run_merchants', 'scheduled__2025-10-02T00:00:00+00:00', '--job-id', '143', '--raw', '--subdir', 'DAGS_FOLDER/silver_dag.py', '--cfg-path', '/tmp/tmp452s4wd1']
[2025-11-02T11:29:41.016+0000] {standard_task_runner.py:88} INFO - Job 143: Subtask dbt_run_merchants
[2025-11-02T11:29:41.144+0000] {task_command.py:423} INFO - Running <TaskInstance: silver_transformation_pipeline.dbt_run_merchants scheduled__2025-10-02T00:00:00+00:00 [running]> on host 0d39d4365eb9
[2025-11-02T11:29:41.311+0000] {taskinstance.py:2480} INFO - Exporting env vars: AIRFLOW_CTX_DAG_OWNER='***' AIRFLOW_CTX_DAG_ID='silver_transformation_pipeline' AIRFLOW_CTX_TASK_ID='dbt_run_merchants' AIRFLOW_CTX_EXECUTION_DATE='2025-10-02T00:00:00+00:00' AIRFLOW_CTX_TRY_NUMBER='1' AIRFLOW_CTX_DAG_RUN_ID='scheduled__2025-10-02T00:00:00+00:00'
[2025-11-02T11:29:50.640+0000] {python.py:201} INFO - Done. Returned value was: None
[2025-11-02T11:29:50.659+0000] {taskinstance.py:1138} INFO - Marking task as SUCCESS. dag_id=silver_transformation_pipeline, task_id=dbt_run_merchants, execution_date=20251002T000000, start_date=20251102T112940, end_date=20251102T112950
[2025-11-02T11:29:50.718+0000] {local_task_job_runner.py:234} INFO - Task exited with return code 0
[2025-11-02T11:29:50.735+0000] {taskinstance.py:3280} INFO - 0 downstream tasks scheduled from follow-on schedule check
