[2025-11-08T00:18:14.359+0000] {taskinstance.py:1956} INFO - Dependencies all met for dep_context=non-requeueable deps ti=<TaskInstance: ingestion_pipeline.load_link_transactions_bronze_from_mongo scheduled__2025-11-07T00:00:00+00:00 [queued]>
[2025-11-08T00:18:14.372+0000] {taskinstance.py:1956} INFO - Dependencies all met for dep_context=requeueable deps ti=<TaskInstance: ingestion_pipeline.load_link_transactions_bronze_from_mongo scheduled__2025-11-07T00:00:00+00:00 [queued]>
[2025-11-08T00:18:14.373+0000] {taskinstance.py:2170} INFO - Starting attempt 1 of 2
[2025-11-08T00:18:14.397+0000] {taskinstance.py:2191} INFO - Executing <Task(PythonOperator): load_link_transactions_bronze_from_mongo> on 2025-11-07 00:00:00+00:00
[2025-11-08T00:18:14.403+0000] {standard_task_runner.py:60} INFO - Started process 52321 to run task
[2025-11-08T00:18:14.409+0000] {standard_task_runner.py:87} INFO - Running: ['***', 'tasks', 'run', 'ingestion_pipeline', 'load_link_transactions_bronze_from_mongo', 'scheduled__2025-11-07T00:00:00+00:00', '--job-id', '505', '--raw', '--subdir', 'DAGS_FOLDER/ingestion_dag.py', '--cfg-path', '/tmp/tmppomld7tp']
[2025-11-08T00:18:14.413+0000] {standard_task_runner.py:88} INFO - Job 505: Subtask load_link_transactions_bronze_from_mongo
[2025-11-08T00:18:14.538+0000] {task_command.py:423} INFO - Running <TaskInstance: ingestion_pipeline.load_link_transactions_bronze_from_mongo scheduled__2025-11-07T00:00:00+00:00 [running]> on host 0d39d4365eb9
[2025-11-08T00:18:14.687+0000] {taskinstance.py:2480} INFO - Exporting env vars: AIRFLOW_CTX_DAG_OWNER='***' AIRFLOW_CTX_DAG_ID='ingestion_pipeline' AIRFLOW_CTX_TASK_ID='load_link_transactions_bronze_from_mongo' AIRFLOW_CTX_EXECUTION_DATE='2025-11-07T00:00:00+00:00' AIRFLOW_CTX_TRY_NUMBER='1' AIRFLOW_CTX_DAG_RUN_ID='scheduled__2025-11-07T00:00:00+00:00'
[2025-11-08T00:18:16.033+0000] {crypto.py:82} WARNING - empty cryptography key - values will not be stored encrypted.
[2025-11-08T00:18:16.035+0000] {base.py:83} INFO - Using connection ID 'mongo_default' for task execution.
[2025-11-08T00:18:16.063+0000] {base.py:83} INFO - Using connection ID 'clickhouse_default' for task execution.
[2025-11-08T00:18:16.077+0000] {mongo_to_clickhouse.py:241} INFO - [mongo->ch] Mongo query: {'_snapshot_date': {'$gte': datetime.datetime(2025, 11, 7, 0, 0), '$lte': datetime.datetime(2025, 11, 7, 23, 59, 59, 999000)}}
[2025-11-08T00:18:16.088+0000] {mongo_to_clickhouse.py:172} INFO - [mongo->ch] Dropped partition for _snapshot_date=2025-11-07.
[2025-11-08T00:18:16.147+0000] {mongo_to_clickhouse.py:275} INFO - [mongo->ch] Inserted 0 rows into bronze.link_transactions.
[2025-11-08T00:18:16.148+0000] {mongo_to_clickhouse.py:277} INFO - [mongo->ch] No matching docs found for given filter.
[2025-11-08T00:18:16.151+0000] {python.py:201} INFO - Done. Returned value was: None
[2025-11-08T00:18:16.182+0000] {taskinstance.py:1138} INFO - Marking task as SUCCESS. dag_id=ingestion_pipeline, task_id=load_link_transactions_bronze_from_mongo, execution_date=20251107T000000, start_date=20251108T001814, end_date=20251108T001816
[2025-11-08T00:18:16.271+0000] {local_task_job_runner.py:234} INFO - Task exited with return code 0
[2025-11-08T00:18:16.303+0000] {taskinstance.py:3280} INFO - 0 downstream tasks scheduled from follow-on schedule check
