[2025-10-31T21:06:52.591+0000] {taskinstance.py:1956} INFO - Dependencies all met for dep_context=non-requeueable deps ti=<TaskInstance: ingestion_pipeline.load_payments_bronze manual__2025-10-31T21:06:51.611283+00:00 [queued]>
[2025-10-31T21:06:52.605+0000] {taskinstance.py:1956} INFO - Dependencies all met for dep_context=requeueable deps ti=<TaskInstance: ingestion_pipeline.load_payments_bronze manual__2025-10-31T21:06:51.611283+00:00 [queued]>
[2025-10-31T21:06:52.607+0000] {taskinstance.py:2170} INFO - Starting attempt 1 of 2
[2025-10-31T21:06:52.627+0000] {taskinstance.py:2191} INFO - Executing <Task(PythonOperator): load_payments_bronze> on 2025-10-31 21:06:51.611283+00:00
[2025-10-31T21:06:52.637+0000] {standard_task_runner.py:60} INFO - Started process 454 to run task
[2025-10-31T21:06:52.645+0000] {standard_task_runner.py:87} INFO - Running: ['***', 'tasks', 'run', 'ingestion_pipeline', 'load_payments_bronze', 'manual__2025-10-31T21:06:51.611283+00:00', '--job-id', '16', '--raw', '--subdir', 'DAGS_FOLDER/ingestion_dag.py', '--cfg-path', '/tmp/tmpcudc_b9c']
[2025-10-31T21:06:52.648+0000] {standard_task_runner.py:88} INFO - Job 16: Subtask load_payments_bronze
[2025-10-31T21:06:52.761+0000] {task_command.py:423} INFO - Running <TaskInstance: ingestion_pipeline.load_payments_bronze manual__2025-10-31T21:06:51.611283+00:00 [running]> on host c45a3ec2f76e
[2025-10-31T21:06:52.900+0000] {taskinstance.py:2480} INFO - Exporting env vars: AIRFLOW_CTX_DAG_OWNER='***' AIRFLOW_CTX_DAG_ID='ingestion_pipeline' AIRFLOW_CTX_TASK_ID='load_payments_bronze' AIRFLOW_CTX_EXECUTION_DATE='2025-10-31T21:06:51.611283+00:00' AIRFLOW_CTX_TRY_NUMBER='1' AIRFLOW_CTX_DAG_RUN_ID='manual__2025-10-31T21:06:51.611283+00:00'
[2025-10-31T21:06:53.689+0000] {payments_to_clickhouse.py:90} INFO - [payments->ch] Target CSV: /tmp/data/payments/payments-20251002.csv
[2025-10-31T21:06:53.692+0000] {payments_to_clickhouse.py:95} INFO - [payments->ch] Folder listing: ['payments-20251001.csv', 'payments-20251002.csv', 'payments-20251003.csv']
[2025-10-31T21:06:53.720+0000] {crypto.py:82} WARNING - empty cryptography key - values will not be stored encrypted.
[2025-10-31T21:06:53.721+0000] {base.py:83} INFO - Using connection ID 'clickhouse_default' for task execution.
[2025-10-31T21:06:53.740+0000] {payments_to_clickhouse.py:185} INFO - [payments->ch] Deleted existing rows for _source_file=payments-20251002.csv.
[2025-10-31T21:06:53.754+0000] {payments_to_clickhouse.py:197} INFO - [payments->ch] Deleted existing rows for _snapshot_date=2025-10-02.
[2025-10-31T21:06:53.860+0000] {payments_to_clickhouse.py:211} INFO - [payments->ch] Inserted 781 rows into bronze.payments.
[2025-10-31T21:06:53.862+0000] {python.py:201} INFO - Done. Returned value was: None
[2025-10-31T21:06:53.882+0000] {taskinstance.py:1138} INFO - Marking task as SUCCESS. dag_id=ingestion_pipeline, task_id=load_payments_bronze, execution_date=20251031T210651, start_date=20251031T210652, end_date=20251031T210653
[2025-10-31T21:06:53.940+0000] {local_task_job_runner.py:234} INFO - Task exited with return code 0
[2025-10-31T21:06:53.971+0000] {taskinstance.py:3280} INFO - 1 downstream tasks scheduled from follow-on schedule check
