[2025-10-31T20:08:28.134+0000] {taskinstance.py:1956} INFO - Dependencies all met for dep_context=non-requeueable deps ti=<TaskInstance: ingestion_pipeline.silver_dbt.dbt_run_incrementals manual__2025-10-31T20:08:19.566196+00:00 [queued]>
[2025-10-31T20:08:28.145+0000] {taskinstance.py:1956} INFO - Dependencies all met for dep_context=requeueable deps ti=<TaskInstance: ingestion_pipeline.silver_dbt.dbt_run_incrementals manual__2025-10-31T20:08:19.566196+00:00 [queued]>
[2025-10-31T20:08:28.146+0000] {taskinstance.py:2170} INFO - Starting attempt 1 of 2
[2025-10-31T20:08:28.163+0000] {taskinstance.py:2191} INFO - Executing <Task(BashOperator): silver_dbt.dbt_run_incrementals> on 2025-10-31 20:08:19.566196+00:00
[2025-10-31T20:08:28.168+0000] {standard_task_runner.py:60} INFO - Started process 694 to run task
[2025-10-31T20:08:28.173+0000] {standard_task_runner.py:87} INFO - Running: ['***', 'tasks', 'run', 'ingestion_pipeline', 'silver_dbt.dbt_run_incrementals', 'manual__2025-10-31T20:08:19.566196+00:00', '--job-id', '31', '--raw', '--subdir', 'DAGS_FOLDER/ingestion_dag.py', '--cfg-path', '/tmp/tmpn49ikgp4']
[2025-10-31T20:08:28.176+0000] {standard_task_runner.py:88} INFO - Job 31: Subtask silver_dbt.dbt_run_incrementals
[2025-10-31T20:08:28.253+0000] {task_command.py:423} INFO - Running <TaskInstance: ingestion_pipeline.silver_dbt.dbt_run_incrementals manual__2025-10-31T20:08:19.566196+00:00 [running]> on host c2d20b09a38d
[2025-10-31T20:08:28.352+0000] {taskinstance.py:2480} INFO - Exporting env vars: AIRFLOW_CTX_DAG_OWNER='***' AIRFLOW_CTX_DAG_ID='ingestion_pipeline' AIRFLOW_CTX_TASK_ID='silver_dbt.dbt_run_incrementals' AIRFLOW_CTX_EXECUTION_DATE='2025-10-31T20:08:19.566196+00:00' AIRFLOW_CTX_TRY_NUMBER='1' AIRFLOW_CTX_DAG_RUN_ID='manual__2025-10-31T20:08:19.566196+00:00'
[2025-10-31T20:08:28.354+0000] {subprocess.py:63} INFO - Tmp dir root location: /tmp
[2025-10-31T20:08:28.356+0000] {subprocess.py:75} INFO - Running command: ['/usr/bin/bash', '-c', 'docker exec -i dbt bash -lc \'\nset -e\ncd /dbt\nDBT_VARS=$(python - <<"PY"\nfrom datetime import datetime, timedelta\nimport json\nds = "2025-10-31"\nlag_days = 29\nlagged = (datetime.strptime(ds, "%Y-%m-%d") - timedelta(days=lag_days)).strftime("%Y-%m-%d")\nprint(json.dumps({"ds_lagged": lagged}))\nPY\n)\necho "dbt vars => ${DBT_VARS}"\ndbt --no-use-colors run --profiles-dir /dbt --select silver_payments silver_link_transactions --vars "${DBT_VARS}"\n\'']
[2025-10-31T20:08:28.366+0000] {subprocess.py:86} INFO - Output:
[2025-10-31T20:08:28.497+0000] {subprocess.py:93} INFO - dbt vars => {"ds_lagged": "2025-10-02"}
[2025-10-31T20:08:30.109+0000] {subprocess.py:93} INFO - 20:08:30  Running with dbt=1.10.13
[2025-10-31T20:08:30.378+0000] {subprocess.py:93} INFO - 20:08:30  Registered adapter: clickhouse=1.9.5
[2025-10-31T20:08:30.798+0000] {subprocess.py:93} INFO - 20:08:30  Found 3 models, 3 sources, 488 macros
[2025-10-31T20:08:30.802+0000] {subprocess.py:93} INFO - 20:08:30
[2025-10-31T20:08:30.803+0000] {subprocess.py:93} INFO - 20:08:30  Concurrency: 4 threads (target='dev')
[2025-10-31T20:08:30.804+0000] {subprocess.py:93} INFO - 20:08:30
[2025-10-31T20:08:31.059+0000] {subprocess.py:93} INFO - 20:08:31  1 of 2 START sql incremental model `silver`.`silver_link_transactions` ......... [RUN]
[2025-10-31T20:08:31.061+0000] {subprocess.py:93} INFO - 20:08:31  2 of 2 START sql incremental model `silver`.`silver_payments` .................. [RUN]
[2025-10-31T20:08:31.531+0000] {subprocess.py:93} INFO - 20:08:31  1 of 2 OK created sql incremental model `silver`.`silver_link_transactions` .... [OK in 0.46s]
[2025-10-31T20:08:31.575+0000] {subprocess.py:93} INFO - 20:08:31  2 of 2 OK created sql incremental model `silver`.`silver_payments` ............. [OK in 0.51s]
[2025-10-31T20:08:31.584+0000] {subprocess.py:93} INFO - 20:08:31
[2025-10-31T20:08:31.585+0000] {subprocess.py:93} INFO - 20:08:31  Finished running 2 incremental models in 0 hours 0 minutes and 0.78 seconds (0.78s).
[2025-10-31T20:08:31.644+0000] {subprocess.py:93} INFO - 20:08:31
[2025-10-31T20:08:31.645+0000] {subprocess.py:93} INFO - 20:08:31  Completed successfully
[2025-10-31T20:08:31.646+0000] {subprocess.py:93} INFO - 20:08:31
[2025-10-31T20:08:31.648+0000] {subprocess.py:93} INFO - 20:08:31  Done. PASS=2 WARN=0 ERROR=0 SKIP=0 NO-OP=0 TOTAL=2
[2025-10-31T20:08:32.506+0000] {subprocess.py:97} INFO - Command exited with return code 0
[2025-10-31T20:08:32.546+0000] {taskinstance.py:1138} INFO - Marking task as SUCCESS. dag_id=ingestion_pipeline, task_id=silver_dbt.dbt_run_incrementals, execution_date=20251031T200819, start_date=20251031T200828, end_date=20251031T200832
[2025-10-31T20:08:32.609+0000] {local_task_job_runner.py:234} INFO - Task exited with return code 0
[2025-10-31T20:08:32.626+0000] {taskinstance.py:3280} INFO - 0 downstream tasks scheduled from follow-on schedule check
