[2025-11-02T19:15:20.509+0000] {taskinstance.py:1956} INFO - Dependencies all met for dep_context=non-requeueable deps ti=<TaskInstance: gold_layer_pipeline.dbt_dim_payment_state manual__2025-11-02T19:15:01.234712+00:00 [queued]>
[2025-11-02T19:15:20.526+0000] {taskinstance.py:1956} INFO - Dependencies all met for dep_context=requeueable deps ti=<TaskInstance: gold_layer_pipeline.dbt_dim_payment_state manual__2025-11-02T19:15:01.234712+00:00 [queued]>
[2025-11-02T19:15:20.527+0000] {taskinstance.py:2170} INFO - Starting attempt 1 of 3
[2025-11-02T19:15:20.547+0000] {taskinstance.py:2191} INFO - Executing <Task(PythonOperator): dbt_dim_payment_state> on 2025-11-02 19:15:01.234712+00:00
[2025-11-02T19:15:20.558+0000] {standard_task_runner.py:60} INFO - Started process 29531 to run task
[2025-11-02T19:15:20.563+0000] {standard_task_runner.py:87} INFO - Running: ['***', 'tasks', 'run', 'gold_layer_pipeline', 'dbt_dim_payment_state', 'manual__2025-11-02T19:15:01.234712+00:00', '--job-id', '451', '--raw', '--subdir', 'DAGS_FOLDER/gold_dag.py', '--cfg-path', '/tmp/tmpku87zsn2']
[2025-11-02T19:15:20.567+0000] {standard_task_runner.py:88} INFO - Job 451: Subtask dbt_dim_payment_state
[2025-11-02T19:15:20.667+0000] {task_command.py:423} INFO - Running <TaskInstance: gold_layer_pipeline.dbt_dim_payment_state manual__2025-11-02T19:15:01.234712+00:00 [running]> on host 0d39d4365eb9
[2025-11-02T19:15:20.797+0000] {taskinstance.py:2480} INFO - Exporting env vars: AIRFLOW_CTX_DAG_OWNER='***' AIRFLOW_CTX_DAG_ID='gold_layer_pipeline' AIRFLOW_CTX_TASK_ID='dbt_dim_payment_state' AIRFLOW_CTX_EXECUTION_DATE='2025-11-02T19:15:01.234712+00:00' AIRFLOW_CTX_TRY_NUMBER='1' AIRFLOW_CTX_DAG_RUN_ID='manual__2025-11-02T19:15:01.234712+00:00'
[2025-11-02T19:15:26.310+0000] {logging_mixin.py:188} INFO - 19:15:26  Running with dbt=1.5.9
[2025-11-02T19:15:26.556+0000] {logging_mixin.py:188} INFO - 19:15:26  Registered adapter: clickhouse=1.5.2
[2025-11-02T19:15:29.497+0000] {logging_mixin.py:188} INFO - 19:15:29  [WARNING]: Configuration paths exist in your dbt_project.yml file which do not apply to any resources.
[2025-11-02T19:15:29.498+0000] {logging_mixin.py:188} INFO - There are 1 unused configuration paths:
[2025-11-02T19:15:29.500+0000] {logging_mixin.py:188} INFO - - models.ck_project.bronze
[2025-11-02T19:15:29.549+0000] {logging_mixin.py:188} INFO - 19:15:29  Found 8 models, 20 tests, 0 snapshots, 0 analyses, 349 macros, 0 operations, 0 seed files, 6 sources, 0 exposures, 0 metrics, 0 groups
[2025-11-02T19:15:29.553+0000] {logging_mixin.py:188} INFO - 19:15:29
[2025-11-02T19:15:30.060+0000] {logging_mixin.py:188} INFO - 19:15:30  Concurrency: 4 threads (target='dev')
[2025-11-02T19:15:30.062+0000] {logging_mixin.py:188} INFO - 19:15:30
[2025-11-02T19:15:30.090+0000] {logging_mixin.py:188} INFO - 19:15:30  1 of 1 START sql table model gold.dim_payment_state ............................ [RUN]
[2025-11-02T19:15:30.416+0000] {logging_mixin.py:188} INFO - 19:15:30  1 of 1 OK created sql table model gold.dim_payment_state ....................... [OK in 0.32s]
[2025-11-02T19:15:30.426+0000] {logging_mixin.py:188} INFO - 19:15:30
[2025-11-02T19:15:30.427+0000] {logging_mixin.py:188} INFO - 19:15:30  Finished running 1 table model in 0 hours 0 minutes and 0.87 seconds (0.87s).
[2025-11-02T19:15:30.451+0000] {logging_mixin.py:188} INFO - 19:15:30
[2025-11-02T19:15:30.452+0000] {logging_mixin.py:188} INFO - 19:15:30  Completed successfully
[2025-11-02T19:15:30.453+0000] {logging_mixin.py:188} INFO - 19:15:30
[2025-11-02T19:15:30.455+0000] {logging_mixin.py:188} INFO - 19:15:30  Done. PASS=1 WARN=0 ERROR=0 SKIP=0 TOTAL=1
[2025-11-02T19:15:31.561+0000] {python.py:201} INFO - Done. Returned value was: None
[2025-11-02T19:15:31.589+0000] {taskinstance.py:1138} INFO - Marking task as SUCCESS. dag_id=gold_layer_pipeline, task_id=dbt_dim_payment_state, execution_date=20251102T191501, start_date=20251102T191520, end_date=20251102T191531
[2025-11-02T19:15:31.648+0000] {local_task_job_runner.py:234} INFO - Task exited with return code 0
[2025-11-02T19:15:31.684+0000] {taskinstance.py:3280} INFO - 0 downstream tasks scheduled from follow-on schedule check
