[2025-10-31T19:34:29.163+0000] {taskinstance.py:1956} INFO - Dependencies all met for dep_context=non-requeueable deps ti=<TaskInstance: ingestion_pipeline.load_payments_bronze manual__2025-10-31T19:34:27.900233+00:00 [queued]>
[2025-10-31T19:34:29.178+0000] {taskinstance.py:1956} INFO - Dependencies all met for dep_context=requeueable deps ti=<TaskInstance: ingestion_pipeline.load_payments_bronze manual__2025-10-31T19:34:27.900233+00:00 [queued]>
[2025-10-31T19:34:29.179+0000] {taskinstance.py:2170} INFO - Starting attempt 1 of 2
[2025-10-31T19:34:29.212+0000] {taskinstance.py:2191} INFO - Executing <Task(PythonOperator): load_payments_bronze> on 2025-10-31 19:34:27.900233+00:00
[2025-10-31T19:34:29.221+0000] {standard_task_runner.py:60} INFO - Started process 408 to run task
[2025-10-31T19:34:29.234+0000] {standard_task_runner.py:87} INFO - Running: ['***', 'tasks', 'run', 'ingestion_pipeline', 'load_payments_bronze', 'manual__2025-10-31T19:34:27.900233+00:00', '--job-id', '7', '--raw', '--subdir', 'DAGS_FOLDER/ingestion_dag.py', '--cfg-path', '/tmp/tmptpbcctf5']
[2025-10-31T19:34:29.241+0000] {standard_task_runner.py:88} INFO - Job 7: Subtask load_payments_bronze
[2025-10-31T19:34:29.410+0000] {task_command.py:423} INFO - Running <TaskInstance: ingestion_pipeline.load_payments_bronze manual__2025-10-31T19:34:27.900233+00:00 [running]> on host 3ff65ab69399
[2025-10-31T19:34:29.587+0000] {taskinstance.py:2480} INFO - Exporting env vars: AIRFLOW_CTX_DAG_OWNER='***' AIRFLOW_CTX_DAG_ID='ingestion_pipeline' AIRFLOW_CTX_TASK_ID='load_payments_bronze' AIRFLOW_CTX_EXECUTION_DATE='2025-10-31T19:34:27.900233+00:00' AIRFLOW_CTX_TRY_NUMBER='1' AIRFLOW_CTX_DAG_RUN_ID='manual__2025-10-31T19:34:27.900233+00:00'
[2025-10-31T19:34:32.205+0000] {payments_to_clickhouse.py:90} INFO - [payments->ch] Target CSV: /tmp/data/payments/payments-20251002.csv
[2025-10-31T19:34:32.211+0000] {payments_to_clickhouse.py:95} INFO - [payments->ch] Folder listing: ['payments-20251001.csv', 'payments-20251002.csv', 'payments-20251003.csv']
[2025-10-31T19:34:32.251+0000] {crypto.py:82} WARNING - empty cryptography key - values will not be stored encrypted.
[2025-10-31T19:34:32.252+0000] {base.py:83} INFO - Using connection ID 'clickhouse_default' for task execution.
[2025-10-31T19:34:32.305+0000] {payments_to_clickhouse.py:185} INFO - [payments->ch] Deleted existing rows for _source_file=payments-20251002.csv.
[2025-10-31T19:34:32.327+0000] {payments_to_clickhouse.py:197} INFO - [payments->ch] Deleted existing rows for _snapshot_date=2025-10-02.
[2025-10-31T19:34:32.470+0000] {payments_to_clickhouse.py:211} INFO - [payments->ch] Inserted 781 rows into bronze.payments.
[2025-10-31T19:34:32.474+0000] {python.py:201} INFO - Done. Returned value was: None
[2025-10-31T19:34:32.517+0000] {taskinstance.py:1138} INFO - Marking task as SUCCESS. dag_id=ingestion_pipeline, task_id=load_payments_bronze, execution_date=20251031T193427, start_date=20251031T193429, end_date=20251031T193432
[2025-10-31T19:34:32.585+0000] {local_task_job_runner.py:234} INFO - Task exited with return code 0
[2025-10-31T19:34:32.636+0000] {taskinstance.py:3280} INFO - 1 downstream tasks scheduled from follow-on schedule check
