[2025-11-02T00:26:27.577+0000] {taskinstance.py:1956} INFO - Dependencies all met for dep_context=non-requeueable deps ti=<TaskInstance: gold_dimensions_pipeline.dbt_dim_payment_method scheduled__2025-10-09T00:00:00+00:00 [queued]>
[2025-11-02T00:26:27.593+0000] {taskinstance.py:1956} INFO - Dependencies all met for dep_context=requeueable deps ti=<TaskInstance: gold_dimensions_pipeline.dbt_dim_payment_method scheduled__2025-10-09T00:00:00+00:00 [queued]>
[2025-11-02T00:26:27.594+0000] {taskinstance.py:2170} INFO - Starting attempt 1 of 2
[2025-11-02T00:26:27.616+0000] {taskinstance.py:2191} INFO - Executing <Task(PythonOperator): dbt_dim_payment_method> on 2025-10-09 00:00:00+00:00
[2025-11-02T00:26:27.624+0000] {standard_task_runner.py:60} INFO - Started process 14988 to run task
[2025-11-02T00:26:27.629+0000] {standard_task_runner.py:87} INFO - Running: ['***', 'tasks', 'run', 'gold_dimensions_pipeline', 'dbt_dim_payment_method', 'scheduled__2025-10-09T00:00:00+00:00', '--job-id', '326', '--raw', '--subdir', 'DAGS_FOLDER/gold_dag.py', '--cfg-path', '/tmp/tmpuahumtba']
[2025-11-02T00:26:27.634+0000] {standard_task_runner.py:88} INFO - Job 326: Subtask dbt_dim_payment_method
[2025-11-02T00:26:27.815+0000] {task_command.py:423} INFO - Running <TaskInstance: gold_dimensions_pipeline.dbt_dim_payment_method scheduled__2025-10-09T00:00:00+00:00 [running]> on host 6335aa85b335
[2025-11-02T00:26:28.028+0000] {taskinstance.py:2480} INFO - Exporting env vars: AIRFLOW_CTX_DAG_OWNER='***' AIRFLOW_CTX_DAG_ID='gold_dimensions_pipeline' AIRFLOW_CTX_TASK_ID='dbt_dim_payment_method' AIRFLOW_CTX_EXECUTION_DATE='2025-10-09T00:00:00+00:00' AIRFLOW_CTX_TRY_NUMBER='1' AIRFLOW_CTX_DAG_RUN_ID='scheduled__2025-10-09T00:00:00+00:00'
[2025-11-02T00:26:38.970+0000] {python.py:201} INFO - Done. Returned value was: None
[2025-11-02T00:26:38.989+0000] {taskinstance.py:1138} INFO - Marking task as SUCCESS. dag_id=gold_dimensions_pipeline, task_id=dbt_dim_payment_method, execution_date=20251009T000000, start_date=20251102T002627, end_date=20251102T002638
[2025-11-02T00:26:39.037+0000] {local_task_job_runner.py:234} INFO - Task exited with return code 0
[2025-11-02T00:26:39.062+0000] {taskinstance.py:3280} INFO - 0 downstream tasks scheduled from follow-on schedule check
[2025-11-02T11:42:40.028+0000] {taskinstance.py:1956} INFO - Dependencies all met for dep_context=non-requeueable deps ti=<TaskInstance: gold_dimensions_pipeline.dbt_dim_payment_method scheduled__2025-10-09T00:00:00+00:00 [queued]>
[2025-11-02T11:42:40.040+0000] {taskinstance.py:1956} INFO - Dependencies all met for dep_context=requeueable deps ti=<TaskInstance: gold_dimensions_pipeline.dbt_dim_payment_method scheduled__2025-10-09T00:00:00+00:00 [queued]>
[2025-11-02T11:42:40.041+0000] {taskinstance.py:2170} INFO - Starting attempt 1 of 3
[2025-11-02T11:42:40.056+0000] {taskinstance.py:2191} INFO - Executing <Task(PythonOperator): dbt_dim_payment_method> on 2025-10-09 00:00:00+00:00
[2025-11-02T11:42:40.065+0000] {standard_task_runner.py:60} INFO - Started process 4995 to run task
[2025-11-02T11:42:40.069+0000] {standard_task_runner.py:87} INFO - Running: ['***', 'tasks', 'run', 'gold_dimensions_pipeline', 'dbt_dim_payment_method', 'scheduled__2025-10-09T00:00:00+00:00', '--job-id', '307', '--raw', '--subdir', 'DAGS_FOLDER/gold_dag.py', '--cfg-path', '/tmp/tmpochxp0zu']
[2025-11-02T11:42:40.073+0000] {standard_task_runner.py:88} INFO - Job 307: Subtask dbt_dim_payment_method
[2025-11-02T11:42:40.174+0000] {task_command.py:423} INFO - Running <TaskInstance: gold_dimensions_pipeline.dbt_dim_payment_method scheduled__2025-10-09T00:00:00+00:00 [running]> on host 0d39d4365eb9
[2025-11-02T11:42:40.291+0000] {taskinstance.py:2480} INFO - Exporting env vars: AIRFLOW_CTX_DAG_OWNER='***' AIRFLOW_CTX_DAG_ID='gold_dimensions_pipeline' AIRFLOW_CTX_TASK_ID='dbt_dim_payment_method' AIRFLOW_CTX_EXECUTION_DATE='2025-10-09T00:00:00+00:00' AIRFLOW_CTX_TRY_NUMBER='1' AIRFLOW_CTX_DAG_RUN_ID='scheduled__2025-10-09T00:00:00+00:00'
[2025-11-02T11:42:47.010+0000] {logging_mixin.py:188} INFO - ==== DBT STDOUT ====
[2025-11-02T11:42:47.011+0000] {logging_mixin.py:188} INFO - 11:42:44  Running with dbt=1.5.9
11:42:44  Registered adapter: clickhouse=1.5.2
11:42:45  [WARNING]: Configuration paths exist in your dbt_project.yml file which do not apply to any resources.
There are 2 unused configuration paths:
- models.ck_project.bronze
- models.ck_project.gold.fact
11:42:45  Found 7 models, 17 tests, 0 snapshots, 0 analyses, 349 macros, 0 operations, 0 seed files, 6 sources, 0 exposures, 0 metrics, 0 groups
11:42:45  
11:42:45  Concurrency: 4 threads (target='dev')
11:42:45  
11:42:45  1 of 1 START sql table model gold.dim_payment_method ........................... [RUN]
11:42:45  1 of 1 OK created sql table model gold.dim_payment_method ...................... [OK in 0.30s]
11:42:45  
11:42:45  Finished running 1 table model in 0 hours 0 minutes and 0.78 seconds (0.78s).
11:42:46  
11:42:46  Completed successfully
11:42:46  
11:42:46  Done. PASS=1 WARN=0 ERROR=0 SKIP=0 TOTAL=1
[2025-11-02T11:42:47.012+0000] {logging_mixin.py:188} INFO - ==== DBT STDERR ====
[2025-11-02T11:42:47.012+0000] {python.py:201} INFO - Done. Returned value was: None
[2025-11-02T11:42:47.033+0000] {taskinstance.py:1138} INFO - Marking task as SUCCESS. dag_id=gold_dimensions_pipeline, task_id=dbt_dim_payment_method, execution_date=20251009T000000, start_date=20251102T114240, end_date=20251102T114247
[2025-11-02T11:42:47.079+0000] {local_task_job_runner.py:234} INFO - Task exited with return code 0
[2025-11-02T11:42:47.099+0000] {taskinstance.py:3280} INFO - 0 downstream tasks scheduled from follow-on schedule check
