[2025-11-01T20:13:49.954+0000] {taskinstance.py:1956} INFO - Dependencies all met for dep_context=non-requeueable deps ti=<TaskInstance: silver_transformation_pipeline.dbt_run_linktx scheduled__2025-10-07T00:00:00+00:00 [queued]>
[2025-11-01T20:13:49.971+0000] {taskinstance.py:1956} INFO - Dependencies all met for dep_context=requeueable deps ti=<TaskInstance: silver_transformation_pipeline.dbt_run_linktx scheduled__2025-10-07T00:00:00+00:00 [queued]>
[2025-11-01T20:13:49.972+0000] {taskinstance.py:2170} INFO - Starting attempt 1 of 2
[2025-11-01T20:13:49.997+0000] {taskinstance.py:2191} INFO - Executing <Task(PythonOperator): dbt_run_linktx> on 2025-10-07 00:00:00+00:00
[2025-11-01T20:13:50.005+0000] {standard_task_runner.py:60} INFO - Started process 1578 to run task
[2025-11-01T20:13:50.010+0000] {standard_task_runner.py:87} INFO - Running: ['***', 'tasks', 'run', 'silver_transformation_pipeline', 'dbt_run_linktx', 'scheduled__2025-10-07T00:00:00+00:00', '--job-id', '157', '--raw', '--subdir', 'DAGS_FOLDER/silver_dag.py', '--cfg-path', '/tmp/tmpqotranff']
[2025-11-01T20:13:50.015+0000] {standard_task_runner.py:88} INFO - Job 157: Subtask dbt_run_linktx
[2025-11-01T20:13:50.098+0000] {task_command.py:423} INFO - Running <TaskInstance: silver_transformation_pipeline.dbt_run_linktx scheduled__2025-10-07T00:00:00+00:00 [running]> on host 1a955fda0cfd
[2025-11-01T20:13:50.206+0000] {taskinstance.py:2480} INFO - Exporting env vars: AIRFLOW_CTX_DAG_OWNER='***' AIRFLOW_CTX_DAG_ID='silver_transformation_pipeline' AIRFLOW_CTX_TASK_ID='dbt_run_linktx' AIRFLOW_CTX_EXECUTION_DATE='2025-10-07T00:00:00+00:00' AIRFLOW_CTX_TRY_NUMBER='1' AIRFLOW_CTX_DAG_RUN_ID='scheduled__2025-10-07T00:00:00+00:00'
[2025-11-01T20:13:57.128+0000] {python.py:201} INFO - Done. Returned value was: None
[2025-11-01T20:13:57.146+0000] {taskinstance.py:1138} INFO - Marking task as SUCCESS. dag_id=silver_transformation_pipeline, task_id=dbt_run_linktx, execution_date=20251007T000000, start_date=20251101T201349, end_date=20251101T201357
[2025-11-01T20:13:57.195+0000] {local_task_job_runner.py:234} INFO - Task exited with return code 0
[2025-11-01T20:13:57.217+0000] {taskinstance.py:3280} INFO - 0 downstream tasks scheduled from follow-on schedule check
[2025-11-01T20:20:33.035+0000] {taskinstance.py:1956} INFO - Dependencies all met for dep_context=non-requeueable deps ti=<TaskInstance: silver_transformation_pipeline.dbt_run_linktx scheduled__2025-10-07T00:00:00+00:00 [queued]>
[2025-11-01T20:20:33.046+0000] {taskinstance.py:1956} INFO - Dependencies all met for dep_context=requeueable deps ti=<TaskInstance: silver_transformation_pipeline.dbt_run_linktx scheduled__2025-10-07T00:00:00+00:00 [queued]>
[2025-11-01T20:20:33.047+0000] {taskinstance.py:2170} INFO - Starting attempt 1 of 2
[2025-11-01T20:20:33.065+0000] {taskinstance.py:2191} INFO - Executing <Task(PythonOperator): dbt_run_linktx> on 2025-10-07 00:00:00+00:00
[2025-11-01T20:20:33.074+0000] {standard_task_runner.py:60} INFO - Started process 1236 to run task
[2025-11-01T20:20:33.079+0000] {standard_task_runner.py:87} INFO - Running: ['***', 'tasks', 'run', 'silver_transformation_pipeline', 'dbt_run_linktx', 'scheduled__2025-10-07T00:00:00+00:00', '--job-id', '153', '--raw', '--subdir', 'DAGS_FOLDER/silver_dag.py', '--cfg-path', '/tmp/tmpgshabjux']
[2025-11-01T20:20:33.083+0000] {standard_task_runner.py:88} INFO - Job 153: Subtask dbt_run_linktx
[2025-11-01T20:20:33.175+0000] {task_command.py:423} INFO - Running <TaskInstance: silver_transformation_pipeline.dbt_run_linktx scheduled__2025-10-07T00:00:00+00:00 [running]> on host 6335aa85b335
[2025-11-01T20:20:33.302+0000] {taskinstance.py:2480} INFO - Exporting env vars: AIRFLOW_CTX_DAG_OWNER='***' AIRFLOW_CTX_DAG_ID='silver_transformation_pipeline' AIRFLOW_CTX_TASK_ID='dbt_run_linktx' AIRFLOW_CTX_EXECUTION_DATE='2025-10-07T00:00:00+00:00' AIRFLOW_CTX_TRY_NUMBER='1' AIRFLOW_CTX_DAG_RUN_ID='scheduled__2025-10-07T00:00:00+00:00'
[2025-11-01T20:20:39.408+0000] {python.py:201} INFO - Done. Returned value was: None
[2025-11-01T20:20:39.427+0000] {taskinstance.py:1138} INFO - Marking task as SUCCESS. dag_id=silver_transformation_pipeline, task_id=dbt_run_linktx, execution_date=20251007T000000, start_date=20251101T202033, end_date=20251101T202039
[2025-11-01T20:20:39.462+0000] {local_task_job_runner.py:234} INFO - Task exited with return code 0
[2025-11-01T20:20:39.497+0000] {taskinstance.py:3280} INFO - 0 downstream tasks scheduled from follow-on schedule check
