[2025-11-01T17:45:38.748+0000] {taskinstance.py:1956} INFO - Dependencies all met for dep_context=non-requeueable deps ti=<TaskInstance: silver_transformation_pipeline.dbt_run_payments manual__2025-11-01T17:45:36.037406+00:00 [queued]>
[2025-11-01T17:45:38.760+0000] {taskinstance.py:1956} INFO - Dependencies all met for dep_context=requeueable deps ti=<TaskInstance: silver_transformation_pipeline.dbt_run_payments manual__2025-11-01T17:45:36.037406+00:00 [queued]>
[2025-11-01T17:45:38.760+0000] {taskinstance.py:2170} INFO - Starting attempt 1 of 2
[2025-11-01T17:45:38.778+0000] {taskinstance.py:2191} INFO - Executing <Task(PythonOperator): dbt_run_payments> on 2025-11-01 17:45:36.037406+00:00
[2025-11-01T17:45:38.787+0000] {standard_task_runner.py:60} INFO - Started process 3876 to run task
[2025-11-01T17:45:38.792+0000] {standard_task_runner.py:87} INFO - Running: ['***', 'tasks', 'run', 'silver_transformation_pipeline', 'dbt_run_payments', 'manual__2025-11-01T17:45:36.037406+00:00', '--job-id', '89', '--raw', '--subdir', 'DAGS_FOLDER/silver_dag.py', '--cfg-path', '/tmp/tmpd6ck24ui']
[2025-11-01T17:45:38.795+0000] {standard_task_runner.py:88} INFO - Job 89: Subtask dbt_run_payments
[2025-11-01T17:45:38.903+0000] {task_command.py:423} INFO - Running <TaskInstance: silver_transformation_pipeline.dbt_run_payments manual__2025-11-01T17:45:36.037406+00:00 [running]> on host 69cecc54c654
[2025-11-01T17:45:39.074+0000] {taskinstance.py:2480} INFO - Exporting env vars: AIRFLOW_CTX_DAG_OWNER='***' AIRFLOW_CTX_DAG_ID='silver_transformation_pipeline' AIRFLOW_CTX_TASK_ID='dbt_run_payments' AIRFLOW_CTX_EXECUTION_DATE='2025-11-01T17:45:36.037406+00:00' AIRFLOW_CTX_TRY_NUMBER='1' AIRFLOW_CTX_DAG_RUN_ID='manual__2025-11-01T17:45:36.037406+00:00'
[2025-11-01T17:45:44.942+0000] {taskinstance.py:2698} ERROR - Task failed with exception
Traceback (most recent call last):
  File "/home/airflow/.local/lib/python3.8/site-packages/airflow/models/taskinstance.py", line 433, in _execute_task
    result = execute_callable(context=context, **execute_callable_kwargs)
  File "/home/airflow/.local/lib/python3.8/site-packages/airflow/operators/python.py", line 199, in execute
    return_value = self.execute_callable()
  File "/home/airflow/.local/lib/python3.8/site-packages/airflow/operators/python.py", line 216, in execute_callable
    return self.python_callable(*self.op_args, **self.op_kwargs)
  File "/opt/airflow/dags/silver_dag.py", line 180, in <lambda>
    python_callable=lambda ds, **_: _run_dbt("silver_payments", ds=ds, full_refresh=False, pass_ds_lagged=True),
  File "/opt/airflow/dags/silver_dag.py", line 149, in _run_dbt
    raise RuntimeError(f"dbt failed ({proc.returncode}).\nSTDOUT:\n{proc.stdout}\n\nSTDERR:\n{proc.stderr}")
RuntimeError: dbt failed (1).
STDOUT:
17:45:42  Running with dbt=1.5.9
17:45:42  Registered adapter: clickhouse=1.5.2
17:45:42  Unable to do partial parsing because config vars, config profile, or config target have changed
17:45:43  Found 3 models, 0 tests, 0 snapshots, 0 analyses, 349 macros, 0 operations, 0 seed files, 3 sources, 0 exposures, 0 metrics, 0 groups
17:45:43  
17:45:44  Concurrency: 4 threads (target='dev')
17:45:44  
17:45:44  1 of 1 START sql incremental model silver.silver_payments ...................... [RUN]
17:45:44  1 of 1 ERROR creating sql incremental model silver.silver_payments ............. [ERROR in 0.12s]
17:45:44  
17:45:44  Finished running 1 incremental model in 0 hours 0 minutes and 0.44 seconds (0.44s).
17:45:44  
17:45:44  Completed with 1 error and 0 warnings:
17:45:44  
17:45:44  Database Error in model silver_payments (models/silver/silver_payments.sql)
17:45:44    Code: 43.
17:45:44    DB::Exception: Illegal type Date of first argument of function parseDateTimeBestEffortOrNull. Conversion functions with postfix 'OrZero' or 'OrNull' should take String argument: In scope  agg. Stack trace:
17:45:44    
17:45:44    0. DB::Exception::Exception(DB::Exception::MessageMasked&&, int, bool) @ 0x00000000137a855f
17:45:44    1. DB::Exception::Exception(String&&, int, String, bool) @ 0x000000000cae7e8e
17:45:44    2. DB::Exception::Exception(PreformattedMessage&&, int) @ 0x000000000cae7940
17:45:44    3. DB::Exception::Exception<String, String>(int, FormatStringHelperImpl<std::type_identity<String>::type, std::type_identity<String>::type>, String&&, String&&) @ 0x000000000cae72ab
17:45:44    4. DB::detail::FunctionConvertFromString<DB::DataTypeDateTime, DB::detail::NameParseDateTimeBestEffortOrNull, (DB::detail::ConvertFromStringExceptionMode)2, (DB::detail::ConvertFromStringParsingMode)1>::getReturnTypeImpl(std::vector<DB::ColumnWithTypeAndName, std::allocator<DB::ColumnWithTypeAndName>> const&) const @ 0x000000000a5f0665
17:45:44    5. DB::IFunctionOverloadResolver::getReturnType(std::vector<DB::ColumnWithTypeAndName, std::allocator<DB::ColumnWithTypeAndName>> const&) const @ 0x00000000164221b1
17:45:44    6. DB::IFunctionOverloadResolver::build(std::vector<DB::ColumnWithTypeAndName, std::allocator<DB::ColumnWithTypeAndName>> const&) const @ 0x0000000016422ac6
17:45:44    7. DB::QueryAnalyzer::resolveFunction(std::shared_ptr<DB::IQueryTreeNode>&, DB::IdentifierResolveScope&) @ 0x0000000017aabd41
17:45:44    8. DB::QueryAnalyzer::resolveExpressionNode(std::shared_ptr<DB::IQueryTreeNode>&, DB::IdentifierResolveScope&, bool, bool, bool) @ 0x00000000178372f3
17:45:44    9. DB::QueryAnalyzer::resolveExpressionNodeList(std::shared_ptr<DB::IQueryTreeNode>&, DB::IdentifierResolveScope&, bool, bool) @ 0x00000000178366c0
17:45:44    10. DB::QueryAnalyzer::resolveFunction(std::shared_ptr<DB::IQueryTreeNode>&, DB::IdentifierResolveScope&) @ 0x0000000017aa66c7
17:45:44    11. DB::QueryAnalyzer::resolveExpressionNode(std::shared_ptr<DB::IQueryTreeNode>&, DB::IdentifierResolveScope&, bool, bool, bool) @ 0x00000000178372f3
17:45:44    12. DB::QueryAnalyzer::resolveExpressionNodeList(std::shared_ptr<DB::IQueryTreeNode>&, DB::IdentifierResolveScope&, bool, bool) @ 0x00000000178366c0
17:45:44    13. DB::QueryAnalyzer::resolveFunction(std::shared_ptr<DB::IQueryTreeNode>&, DB::IdentifierResolveScope&) @ 0x0000000017aa66c7
17:45:44    14. DB::QueryAnalyzer::resolveExpressionNode(std::shared_ptr<DB::IQueryTreeNode>&, DB::IdentifierResolveScope&, bool, bool, bool) @ 0x00000000178372f3
17:45:44    15. DB::QueryAnalyzer::resolveExpressionNodeList(std::shared_ptr<DB::IQueryTreeNode>&, DB::IdentifierResolveScope&, bool, bool) @ 0x00000000178366c0
17:45:44    16. DB::QueryAnalyzer::resolveProjectionExpressionNodeList(std::shared_ptr<DB::IQueryTreeNode>&, DB::IdentifierResolveScope&) @ 0x0000000017859ea7
17:45:44    17. DB::QueryAnalyzer::resolveQuery(std::shared_ptr<DB::IQueryTreeNode> const&, DB::IdentifierResolveScope&) @ 0x000000001782d06b
17:45:44    18. DB::QueryAnalyzer::resolveExpressionNode(std::shared_ptr<DB::IQueryTreeNode>&, DB::IdentifierResolveScope&, bool, bool, bool) @ 0x0000000017837221
17:45:44    19. DB::QueryAnalyzer::resolveQueryJoinTreeNode(std::shared_ptr<DB::IQueryTreeNode>&, DB::IdentifierResolveScope&, DB::QueryExpressionsAliasVisitor&) @ 0x000000001785ae58
17:45:44    20. DB::QueryAnalyzer::resolveQuery(std::shared_ptr<DB::IQueryTreeNode> const&, DB::IdentifierResolveScope&) @ 0x000000001782d021
17:45:44    21. DB::QueryAnalyzer::resolve(std::shared_ptr<DB::IQueryTreeNode>&, std::shared_ptr<DB::IQueryTreeNode> const&, std::shared_ptr<DB::Context const>) @ 0x000000001782a87a
17:45:44    22. DB::QueryAnalysisPass::run(std::shared_ptr<DB::IQueryTreeNode>&, std::shared_ptr<DB::Context const>) @ 0x0000000017829edc
17:45:44    23. DB::QueryTreePassManager::run(std::shared_ptr<DB::IQueryTreeNode>) @ 0x000000001787d276
17:45:44    24. DB::buildQueryTreeAndRunPasses(std::shared_ptr<DB::IAST> const&, DB::SelectQueryOptions const&, std::shared_ptr<DB::Context const> const&, std::shared_ptr<DB::IStorage> const&) (.llvm.8096503222789336007) @ 0x00000000183bd40d
17:45:44    25. DB::InterpreterSelectQueryAnalyzer::InterpreterSelectQueryAnalyzer(std::shared_ptr<DB::IAST> const&, std::shared_ptr<DB::Context const> const&, DB::SelectQueryOptions const&, std::vector<String, std::allocator<String>> const&) @ 0x00000000183bb32a
17:45:44    26. DB::InterpreterSelectQueryAnalyzer::getSampleBlock(std::shared_ptr<DB::IAST> const&, std::shared_ptr<DB::Context const> const&, DB::SelectQueryOptions const&) @ 0x00000000183bd86a
17:45:44    27. DB::InterpreterCreateQuery::getTablePropertiesAndNormalizeCreateQuery(DB::ASTCreateQuery&, DB::LoadingStrictnessLevel) const @ 0x00000000182e49d3
17:45:44    28. DB::InterpreterCreateQuery::createTable(DB::ASTCreateQuery&) @ 0x00000000182ed2c5
17:45:44    29. DB::InterpreterCreateQuery::execute() @ 0x0000000018303978
17:45:44    30. DB::executeQueryImpl(char const*, char const*, std::shared_ptr<DB::Context>, DB::QueryFlags, DB::QueryProcessingStage::Enum, std::unique_ptr<DB::ReadBuffer, std::default_delete<DB::ReadBuffer>>&, std::shared_ptr<DB::IAST>&, std::shared_ptr<DB::ImplicitTransactionControlExecutor>) @ 0x0000000018780440
17:45:44    31. DB::executeQuery(String const&, std::shared_ptr<DB::Context>, DB::QueryFlags, DB::QueryProcessingStage::Enum) @ 0x00000000187786cb
17:45:44  
17:45:44  Done. PASS=0 WARN=0 ERROR=1 SKIP=0 TOTAL=1


STDERR:

[2025-11-01T17:45:44.958+0000] {taskinstance.py:1138} INFO - Marking task as UP_FOR_RETRY. dag_id=silver_transformation_pipeline, task_id=dbt_run_payments, execution_date=20251101T174536, start_date=20251101T174538, end_date=20251101T174544
[2025-11-01T17:45:44.972+0000] {standard_task_runner.py:107} ERROR - Failed to execute job 89 for task dbt_run_payments (dbt failed (1).
STDOUT:
17:45:42  Running with dbt=1.5.9
17:45:42  Registered adapter: clickhouse=1.5.2
17:45:42  Unable to do partial parsing because config vars, config profile, or config target have changed
17:45:43  Found 3 models, 0 tests, 0 snapshots, 0 analyses, 349 macros, 0 operations, 0 seed files, 3 sources, 0 exposures, 0 metrics, 0 groups
17:45:43  
17:45:44  Concurrency: 4 threads (target='dev')
17:45:44  
17:45:44  1 of 1 START sql incremental model silver.silver_payments ...................... [RUN]
17:45:44  1 of 1 ERROR creating sql incremental model silver.silver_payments ............. [ERROR in 0.12s]
17:45:44  
17:45:44  Finished running 1 incremental model in 0 hours 0 minutes and 0.44 seconds (0.44s).
17:45:44  
17:45:44  Completed with 1 error and 0 warnings:
17:45:44  
17:45:44  Database Error in model silver_payments (models/silver/silver_payments.sql)
17:45:44    Code: 43.
17:45:44    DB::Exception: Illegal type Date of first argument of function parseDateTimeBestEffortOrNull. Conversion functions with postfix 'OrZero' or 'OrNull' should take String argument: In scope  agg. Stack trace:
17:45:44    
17:45:44    0. DB::Exception::Exception(DB::Exception::MessageMasked&&, int, bool) @ 0x00000000137a855f
17:45:44    1. DB::Exception::Exception(String&&, int, String, bool) @ 0x000000000cae7e8e
17:45:44    2. DB::Exception::Exception(PreformattedMessage&&, int) @ 0x000000000cae7940
17:45:44    3. DB::Exception::Exception<String, String>(int, FormatStringHelperImpl<std::type_identity<String>::type, std::type_identity<String>::type>, String&&, String&&) @ 0x000000000cae72ab
17:45:44    4. DB::detail::FunctionConvertFromString<DB::DataTypeDateTime, DB::detail::NameParseDateTimeBestEffortOrNull, (DB::detail::ConvertFromStringExceptionMode)2, (DB::detail::ConvertFromStringParsingMode)1>::getReturnTypeImpl(std::vector<DB::ColumnWithTypeAndName, std::allocator<DB::ColumnWithTypeAndName>> const&) const @ 0x000000000a5f0665
17:45:44    5. DB::IFunctionOverloadResolver::getReturnType(std::vector<DB::ColumnWithTypeAndName, std::allocator<DB::ColumnWithTypeAndName>> const&) const @ 0x00000000164221b1
17:45:44    6. DB::IFunctionOverloadResolver::build(std::vector<DB::ColumnWithTypeAndName, std::allocator<DB::ColumnWithTypeAndName>> const&) const @ 0x0000000016422ac6
17:45:44    7. DB::QueryAnalyzer::resolveFunction(std::shared_ptr<DB::IQueryTreeNode>&, DB::IdentifierResolveScope&) @ 0x0000000017aabd41
17:45:44    8. DB::QueryAnalyzer::resolveExpressionNode(std::shared_ptr<DB::IQueryTreeNode>&, DB::IdentifierResolveScope&, bool, bool, bool) @ 0x00000000178372f3
17:45:44    9. DB::QueryAnalyzer::resolveExpressionNodeList(std::shared_ptr<DB::IQueryTreeNode>&, DB::IdentifierResolveScope&, bool, bool) @ 0x00000000178366c0
17:45:44    10. DB::QueryAnalyzer::resolveFunction(std::shared_ptr<DB::IQueryTreeNode>&, DB::IdentifierResolveScope&) @ 0x0000000017aa66c7
17:45:44    11. DB::QueryAnalyzer::resolveExpressionNode(std::shared_ptr<DB::IQueryTreeNode>&, DB::IdentifierResolveScope&, bool, bool, bool) @ 0x00000000178372f3
17:45:44    12. DB::QueryAnalyzer::resolveExpressionNodeList(std::shared_ptr<DB::IQueryTreeNode>&, DB::IdentifierResolveScope&, bool, bool) @ 0x00000000178366c0
17:45:44    13. DB::QueryAnalyzer::resolveFunction(std::shared_ptr<DB::IQueryTreeNode>&, DB::IdentifierResolveScope&) @ 0x0000000017aa66c7
17:45:44    14. DB::QueryAnalyzer::resolveExpressionNode(std::shared_ptr<DB::IQueryTreeNode>&, DB::IdentifierResolveScope&, bool, bool, bool) @ 0x00000000178372f3
17:45:44    15. DB::QueryAnalyzer::resolveExpressionNodeList(std::shared_ptr<DB::IQueryTreeNode>&, DB::IdentifierResolveScope&, bool, bool) @ 0x00000000178366c0
17:45:44    16. DB::QueryAnalyzer::resolveProjectionExpressionNodeList(std::shared_ptr<DB::IQueryTreeNode>&, DB::IdentifierResolveScope&) @ 0x0000000017859ea7
17:45:44    17. DB::QueryAnalyzer::resolveQuery(std::shared_ptr<DB::IQueryTreeNode> const&, DB::IdentifierResolveScope&) @ 0x000000001782d06b
17:45:44    18. DB::QueryAnalyzer::resolveExpressionNode(std::shared_ptr<DB::IQueryTreeNode>&, DB::IdentifierResolveScope&, bool, bool, bool) @ 0x0000000017837221
17:45:44    19. DB::QueryAnalyzer::resolveQueryJoinTreeNode(std::shared_ptr<DB::IQueryTreeNode>&, DB::IdentifierResolveScope&, DB::QueryExpressionsAliasVisitor&) @ 0x000000001785ae58
17:45:44    20. DB::QueryAnalyzer::resolveQuery(std::shared_ptr<DB::IQueryTreeNode> const&, DB::IdentifierResolveScope&) @ 0x000000001782d021
17:45:44    21. DB::QueryAnalyzer::resolve(std::shared_ptr<DB::IQueryTreeNode>&, std::shared_ptr<DB::IQueryTreeNode> const&, std::shared_ptr<DB::Context const>) @ 0x000000001782a87a
17:45:44    22. DB::QueryAnalysisPass::run(std::shared_ptr<DB::IQueryTreeNode>&, std::shared_ptr<DB::Context const>) @ 0x0000000017829edc
17:45:44    23. DB::QueryTreePassManager::run(std::shared_ptr<DB::IQueryTreeNode>) @ 0x000000001787d276
17:45:44    24. DB::buildQueryTreeAndRunPasses(std::shared_ptr<DB::IAST> const&, DB::SelectQueryOptions const&, std::shared_ptr<DB::Context const> const&, std::shared_ptr<DB::IStorage> const&) (.llvm.8096503222789336007) @ 0x00000000183bd40d
17:45:44    25. DB::InterpreterSelectQueryAnalyzer::InterpreterSelectQueryAnalyzer(std::shared_ptr<DB::IAST> const&, std::shared_ptr<DB::Context const> const&, DB::SelectQueryOptions const&, std::vector<String, std::allocator<String>> const&) @ 0x00000000183bb32a
17:45:44    26. DB::InterpreterSelectQueryAnalyzer::getSampleBlock(std::shared_ptr<DB::IAST> const&, std::shared_ptr<DB::Context const> const&, DB::SelectQueryOptions const&) @ 0x00000000183bd86a
17:45:44    27. DB::InterpreterCreateQuery::getTablePropertiesAndNormalizeCreateQuery(DB::ASTCreateQuery&, DB::LoadingStrictnessLevel) const @ 0x00000000182e49d3
17:45:44    28. DB::InterpreterCreateQuery::createTable(DB::ASTCreateQuery&) @ 0x00000000182ed2c5
17:45:44    29. DB::InterpreterCreateQuery::execute() @ 0x0000000018303978
17:45:44    30. DB::executeQueryImpl(char const*, char const*, std::shared_ptr<DB::Context>, DB::QueryFlags, DB::QueryProcessingStage::Enum, std::unique_ptr<DB::ReadBuffer, std::default_delete<DB::ReadBuffer>>&, std::shared_ptr<DB::IAST>&, std::shared_ptr<DB::ImplicitTransactionControlExecutor>) @ 0x0000000018780440
17:45:44    31. DB::executeQuery(String const&, std::shared_ptr<DB::Context>, DB::QueryFlags, DB::QueryProcessingStage::Enum) @ 0x00000000187786cb
17:45:44  
17:45:44  Done. PASS=0 WARN=0 ERROR=1 SKIP=0 TOTAL=1


STDERR:
; 3876)
[2025-11-01T17:45:45.017+0000] {local_task_job_runner.py:234} INFO - Task exited with return code 1
[2025-11-01T17:45:45.036+0000] {taskinstance.py:3280} INFO - 0 downstream tasks scheduled from follow-on schedule check
