[2025-11-01T20:23:36.028+0000] {taskinstance.py:1956} INFO - Dependencies all met for dep_context=non-requeueable deps ti=<TaskInstance: silver_transformation_pipeline.dbt_run_merchants scheduled__2025-10-25T00:00:00+00:00 [queued]>
[2025-11-01T20:23:36.039+0000] {taskinstance.py:1956} INFO - Dependencies all met for dep_context=requeueable deps ti=<TaskInstance: silver_transformation_pipeline.dbt_run_merchants scheduled__2025-10-25T00:00:00+00:00 [queued]>
[2025-11-01T20:23:36.040+0000] {taskinstance.py:2170} INFO - Starting attempt 1 of 2
[2025-11-01T20:23:36.055+0000] {taskinstance.py:2191} INFO - Executing <Task(PythonOperator): dbt_run_merchants> on 2025-10-25 00:00:00+00:00
[2025-11-01T20:23:36.064+0000] {standard_task_runner.py:60} INFO - Started process 2159 to run task
[2025-11-01T20:23:36.068+0000] {standard_task_runner.py:87} INFO - Running: ['***', 'tasks', 'run', 'silver_transformation_pipeline', 'dbt_run_merchants', 'scheduled__2025-10-25T00:00:00+00:00', '--job-id', '225', '--raw', '--subdir', 'DAGS_FOLDER/silver_dag.py', '--cfg-path', '/tmp/tmp4cxfnch0']
[2025-11-01T20:23:36.071+0000] {standard_task_runner.py:88} INFO - Job 225: Subtask dbt_run_merchants
[2025-11-01T20:23:36.147+0000] {task_command.py:423} INFO - Running <TaskInstance: silver_transformation_pipeline.dbt_run_merchants scheduled__2025-10-25T00:00:00+00:00 [running]> on host 6335aa85b335
[2025-11-01T20:23:36.266+0000] {taskinstance.py:2480} INFO - Exporting env vars: AIRFLOW_CTX_DAG_OWNER='***' AIRFLOW_CTX_DAG_ID='silver_transformation_pipeline' AIRFLOW_CTX_TASK_ID='dbt_run_merchants' AIRFLOW_CTX_EXECUTION_DATE='2025-10-25T00:00:00+00:00' AIRFLOW_CTX_TRY_NUMBER='1' AIRFLOW_CTX_DAG_RUN_ID='scheduled__2025-10-25T00:00:00+00:00'
[2025-11-01T20:23:42.414+0000] {python.py:201} INFO - Done. Returned value was: None
[2025-11-01T20:23:42.434+0000] {taskinstance.py:1138} INFO - Marking task as SUCCESS. dag_id=silver_transformation_pipeline, task_id=dbt_run_merchants, execution_date=20251025T000000, start_date=20251101T202336, end_date=20251101T202342
[2025-11-01T20:23:42.493+0000] {local_task_job_runner.py:234} INFO - Task exited with return code 0
[2025-11-01T20:23:42.511+0000] {taskinstance.py:3280} INFO - 0 downstream tasks scheduled from follow-on schedule check
[2025-11-02T01:38:52.342+0000] {taskinstance.py:1956} INFO - Dependencies all met for dep_context=non-requeueable deps ti=<TaskInstance: silver_transformation_pipeline.dbt_run_merchants scheduled__2025-10-25T00:00:00+00:00 [queued]>
[2025-11-02T01:38:52.354+0000] {taskinstance.py:1956} INFO - Dependencies all met for dep_context=requeueable deps ti=<TaskInstance: silver_transformation_pipeline.dbt_run_merchants scheduled__2025-10-25T00:00:00+00:00 [queued]>
[2025-11-02T01:38:52.355+0000] {taskinstance.py:2170} INFO - Starting attempt 1 of 2
[2025-11-02T01:38:52.373+0000] {taskinstance.py:2191} INFO - Executing <Task(PythonOperator): dbt_run_merchants> on 2025-10-25 00:00:00+00:00
[2025-11-02T01:38:52.380+0000] {standard_task_runner.py:60} INFO - Started process 3199 to run task
[2025-11-02T01:38:52.386+0000] {standard_task_runner.py:87} INFO - Running: ['***', 'tasks', 'run', 'silver_transformation_pipeline', 'dbt_run_merchants', 'scheduled__2025-10-25T00:00:00+00:00', '--job-id', '227', '--raw', '--subdir', 'DAGS_FOLDER/silver_dag.py', '--cfg-path', '/tmp/tmp4g1044nw']
[2025-11-02T01:38:52.389+0000] {standard_task_runner.py:88} INFO - Job 227: Subtask dbt_run_merchants
[2025-11-02T01:38:52.480+0000] {task_command.py:423} INFO - Running <TaskInstance: silver_transformation_pipeline.dbt_run_merchants scheduled__2025-10-25T00:00:00+00:00 [running]> on host 3b0074fa0b5e
[2025-11-02T01:38:52.598+0000] {taskinstance.py:2480} INFO - Exporting env vars: AIRFLOW_CTX_DAG_OWNER='***' AIRFLOW_CTX_DAG_ID='silver_transformation_pipeline' AIRFLOW_CTX_TASK_ID='dbt_run_merchants' AIRFLOW_CTX_EXECUTION_DATE='2025-10-25T00:00:00+00:00' AIRFLOW_CTX_TRY_NUMBER='1' AIRFLOW_CTX_DAG_RUN_ID='scheduled__2025-10-25T00:00:00+00:00'
[2025-11-02T01:38:59.668+0000] {python.py:201} INFO - Done. Returned value was: None
[2025-11-02T01:38:59.686+0000] {taskinstance.py:1138} INFO - Marking task as SUCCESS. dag_id=silver_transformation_pipeline, task_id=dbt_run_merchants, execution_date=20251025T000000, start_date=20251102T013852, end_date=20251102T013859
[2025-11-02T01:38:59.736+0000] {local_task_job_runner.py:234} INFO - Task exited with return code 0
[2025-11-02T01:38:59.761+0000] {taskinstance.py:3280} INFO - 0 downstream tasks scheduled from follow-on schedule check
[2025-11-02T11:34:37.534+0000] {taskinstance.py:1956} INFO - Dependencies all met for dep_context=non-requeueable deps ti=<TaskInstance: silver_transformation_pipeline.dbt_run_merchants scheduled__2025-10-25T00:00:00+00:00 [queued]>
[2025-11-02T11:34:37.546+0000] {taskinstance.py:1956} INFO - Dependencies all met for dep_context=requeueable deps ti=<TaskInstance: silver_transformation_pipeline.dbt_run_merchants scheduled__2025-10-25T00:00:00+00:00 [queued]>
[2025-11-02T11:34:37.548+0000] {taskinstance.py:2170} INFO - Starting attempt 1 of 2
[2025-11-02T11:34:37.565+0000] {taskinstance.py:2191} INFO - Executing <Task(PythonOperator): dbt_run_merchants> on 2025-10-25 00:00:00+00:00
[2025-11-02T11:34:37.571+0000] {standard_task_runner.py:60} INFO - Started process 3394 to run task
[2025-11-02T11:34:37.577+0000] {standard_task_runner.py:87} INFO - Running: ['***', 'tasks', 'run', 'silver_transformation_pipeline', 'dbt_run_merchants', 'scheduled__2025-10-25T00:00:00+00:00', '--job-id', '241', '--raw', '--subdir', 'DAGS_FOLDER/silver_dag.py', '--cfg-path', '/tmp/tmpwuo6m6k1']
[2025-11-02T11:34:37.579+0000] {standard_task_runner.py:88} INFO - Job 241: Subtask dbt_run_merchants
[2025-11-02T11:34:37.672+0000] {task_command.py:423} INFO - Running <TaskInstance: silver_transformation_pipeline.dbt_run_merchants scheduled__2025-10-25T00:00:00+00:00 [running]> on host 0d39d4365eb9
[2025-11-02T11:34:37.796+0000] {taskinstance.py:2480} INFO - Exporting env vars: AIRFLOW_CTX_DAG_OWNER='***' AIRFLOW_CTX_DAG_ID='silver_transformation_pipeline' AIRFLOW_CTX_TASK_ID='dbt_run_merchants' AIRFLOW_CTX_EXECUTION_DATE='2025-10-25T00:00:00+00:00' AIRFLOW_CTX_TRY_NUMBER='1' AIRFLOW_CTX_DAG_RUN_ID='scheduled__2025-10-25T00:00:00+00:00'
[2025-11-02T11:34:46.704+0000] {python.py:201} INFO - Done. Returned value was: None
[2025-11-02T11:34:46.720+0000] {taskinstance.py:1138} INFO - Marking task as SUCCESS. dag_id=silver_transformation_pipeline, task_id=dbt_run_merchants, execution_date=20251025T000000, start_date=20251102T113437, end_date=20251102T113446
[2025-11-02T11:34:46.764+0000] {local_task_job_runner.py:234} INFO - Task exited with return code 0
[2025-11-02T11:34:46.800+0000] {taskinstance.py:3280} INFO - 0 downstream tasks scheduled from follow-on schedule check
