[2025-11-01T20:06:18.408+0000] {taskinstance.py:1956} INFO - Dependencies all met for dep_context=non-requeueable deps ti=<TaskInstance: ingestion_pipeline.load_merchants_bronze scheduled__2025-10-04T00:00:00+00:00 [queued]>
[2025-11-01T20:06:18.505+0000] {taskinstance.py:1956} INFO - Dependencies all met for dep_context=requeueable deps ti=<TaskInstance: ingestion_pipeline.load_merchants_bronze scheduled__2025-10-04T00:00:00+00:00 [queued]>
[2025-11-01T20:06:18.519+0000] {taskinstance.py:2170} INFO - Starting attempt 1 of 2
[2025-11-01T20:06:18.592+0000] {taskinstance.py:2191} INFO - Executing <Task(PythonOperator): load_merchants_bronze> on 2025-10-04 00:00:00+00:00
[2025-11-01T20:06:18.668+0000] {standard_task_runner.py:60} INFO - Started process 305 to run task
[2025-11-01T20:06:18.773+0000] {standard_task_runner.py:87} INFO - Running: ['***', 'tasks', 'run', 'ingestion_pipeline', 'load_merchants_bronze', 'scheduled__2025-10-04T00:00:00+00:00', '--job-id', '13', '--raw', '--subdir', 'DAGS_FOLDER/ingestion_dag.py', '--cfg-path', '/tmp/tmpo4ryu3qw']
[2025-11-01T20:06:18.832+0000] {standard_task_runner.py:88} INFO - Job 13: Subtask load_merchants_bronze
[2025-11-01T20:06:19.288+0000] {task_command.py:423} INFO - Running <TaskInstance: ingestion_pipeline.load_merchants_bronze scheduled__2025-10-04T00:00:00+00:00 [running]> on host 1a955fda0cfd
[2025-11-01T20:06:19.587+0000] {taskinstance.py:2480} INFO - Exporting env vars: AIRFLOW_CTX_DAG_OWNER='***' AIRFLOW_CTX_DAG_ID='ingestion_pipeline' AIRFLOW_CTX_TASK_ID='load_merchants_bronze' AIRFLOW_CTX_EXECUTION_DATE='2025-10-04T00:00:00+00:00' AIRFLOW_CTX_TRY_NUMBER='1' AIRFLOW_CTX_DAG_RUN_ID='scheduled__2025-10-04T00:00:00+00:00'
[2025-11-01T20:06:30.115+0000] {merchants_to_clickhouse.py:86} INFO - [merchants->ch] Target CSV: /tmp/data/merchants/merchants-20251004.csv
[2025-11-01T20:06:30.193+0000] {merchants_to_clickhouse.py:91} INFO - [merchants->ch] Folder listing: ['merchants-20251029.csv']
[2025-11-01T20:06:30.194+0000] {crypto.py:82} WARNING - empty cryptography key - values will not be stored encrypted.
[2025-11-01T20:06:30.212+0000] {base.py:83} INFO - Using connection ID 'clickhouse_default' for task execution.
[2025-11-01T20:06:30.272+0000] {merchants_to_clickhouse.py:134} WARNING - [merchants->ch] File not found. Table ensured. Skipping insert.
[2025-11-01T20:06:30.289+0000] {python.py:201} INFO - Done. Returned value was: None
[2025-11-01T20:06:30.361+0000] {taskinstance.py:1138} INFO - Marking task as SUCCESS. dag_id=ingestion_pipeline, task_id=load_merchants_bronze, execution_date=20251004T000000, start_date=20251101T200618, end_date=20251101T200630
[2025-11-01T20:06:30.792+0000] {local_task_job_runner.py:234} INFO - Task exited with return code 0
[2025-11-01T20:06:30.910+0000] {taskinstance.py:3280} INFO - 0 downstream tasks scheduled from follow-on schedule check
[2025-11-01T20:17:48.881+0000] {taskinstance.py:1956} INFO - Dependencies all met for dep_context=non-requeueable deps ti=<TaskInstance: ingestion_pipeline.load_merchants_bronze scheduled__2025-10-04T00:00:00+00:00 [queued]>
[2025-11-01T20:17:48.936+0000] {taskinstance.py:1956} INFO - Dependencies all met for dep_context=requeueable deps ti=<TaskInstance: ingestion_pipeline.load_merchants_bronze scheduled__2025-10-04T00:00:00+00:00 [queued]>
[2025-11-01T20:17:48.941+0000] {taskinstance.py:2170} INFO - Starting attempt 1 of 2
[2025-11-01T20:17:49.015+0000] {taskinstance.py:2191} INFO - Executing <Task(PythonOperator): load_merchants_bronze> on 2025-10-04 00:00:00+00:00
[2025-11-01T20:17:49.043+0000] {standard_task_runner.py:60} INFO - Started process 301 to run task
[2025-11-01T20:17:49.059+0000] {standard_task_runner.py:87} INFO - Running: ['***', 'tasks', 'run', 'ingestion_pipeline', 'load_merchants_bronze', 'scheduled__2025-10-04T00:00:00+00:00', '--job-id', '12', '--raw', '--subdir', 'DAGS_FOLDER/ingestion_dag.py', '--cfg-path', '/tmp/tmpnmhbu6nn']
[2025-11-01T20:17:49.065+0000] {standard_task_runner.py:88} INFO - Job 12: Subtask load_merchants_bronze
[2025-11-01T20:17:49.431+0000] {task_command.py:423} INFO - Running <TaskInstance: ingestion_pipeline.load_merchants_bronze scheduled__2025-10-04T00:00:00+00:00 [running]> on host 6335aa85b335
[2025-11-01T20:17:49.730+0000] {taskinstance.py:2480} INFO - Exporting env vars: AIRFLOW_CTX_DAG_OWNER='***' AIRFLOW_CTX_DAG_ID='ingestion_pipeline' AIRFLOW_CTX_TASK_ID='load_merchants_bronze' AIRFLOW_CTX_EXECUTION_DATE='2025-10-04T00:00:00+00:00' AIRFLOW_CTX_TRY_NUMBER='1' AIRFLOW_CTX_DAG_RUN_ID='scheduled__2025-10-04T00:00:00+00:00'
[2025-11-01T20:17:57.449+0000] {merchants_to_clickhouse.py:86} INFO - [merchants->ch] Target CSV: /tmp/data/merchants/merchants-20251004.csv
[2025-11-01T20:17:57.465+0000] {merchants_to_clickhouse.py:91} INFO - [merchants->ch] Folder listing: ['merchants-20251029.csv', 'merchants-20251030.csv']
[2025-11-01T20:17:57.494+0000] {crypto.py:82} WARNING - empty cryptography key - values will not be stored encrypted.
[2025-11-01T20:17:57.498+0000] {base.py:83} INFO - Using connection ID 'clickhouse_default' for task execution.
[2025-11-01T20:17:57.559+0000] {merchants_to_clickhouse.py:134} WARNING - [merchants->ch] File not found. Table ensured. Skipping insert.
[2025-11-01T20:17:57.568+0000] {python.py:201} INFO - Done. Returned value was: None
[2025-11-01T20:17:57.631+0000] {taskinstance.py:1138} INFO - Marking task as SUCCESS. dag_id=ingestion_pipeline, task_id=load_merchants_bronze, execution_date=20251004T000000, start_date=20251101T201748, end_date=20251101T201757
[2025-11-01T20:17:58.088+0000] {local_task_job_runner.py:234} INFO - Task exited with return code 0
[2025-11-01T20:17:58.160+0000] {taskinstance.py:3280} INFO - 0 downstream tasks scheduled from follow-on schedule check
[2025-11-02T01:28:50.792+0000] {taskinstance.py:1956} INFO - Dependencies all met for dep_context=non-requeueable deps ti=<TaskInstance: ingestion_pipeline.load_merchants_bronze scheduled__2025-10-04T00:00:00+00:00 [queued]>
[2025-11-02T01:28:50.821+0000] {taskinstance.py:1956} INFO - Dependencies all met for dep_context=requeueable deps ti=<TaskInstance: ingestion_pipeline.load_merchants_bronze scheduled__2025-10-04T00:00:00+00:00 [queued]>
[2025-11-02T01:28:50.826+0000] {taskinstance.py:2170} INFO - Starting attempt 1 of 2
[2025-11-02T01:28:51.080+0000] {taskinstance.py:2191} INFO - Executing <Task(PythonOperator): load_merchants_bronze> on 2025-10-04 00:00:00+00:00
[2025-11-02T01:28:51.141+0000] {standard_task_runner.py:60} INFO - Started process 417 to run task
[2025-11-02T01:28:51.175+0000] {standard_task_runner.py:87} INFO - Running: ['***', 'tasks', 'run', 'ingestion_pipeline', 'load_merchants_bronze', 'scheduled__2025-10-04T00:00:00+00:00', '--job-id', '13', '--raw', '--subdir', 'DAGS_FOLDER/ingestion_dag.py', '--cfg-path', '/tmp/tmpsq7hd763']
[2025-11-02T01:28:51.218+0000] {standard_task_runner.py:88} INFO - Job 13: Subtask load_merchants_bronze
[2025-11-02T01:28:51.658+0000] {task_command.py:423} INFO - Running <TaskInstance: ingestion_pipeline.load_merchants_bronze scheduled__2025-10-04T00:00:00+00:00 [running]> on host 3b0074fa0b5e
[2025-11-02T01:28:52.464+0000] {taskinstance.py:2480} INFO - Exporting env vars: AIRFLOW_CTX_DAG_OWNER='***' AIRFLOW_CTX_DAG_ID='ingestion_pipeline' AIRFLOW_CTX_TASK_ID='load_merchants_bronze' AIRFLOW_CTX_EXECUTION_DATE='2025-10-04T00:00:00+00:00' AIRFLOW_CTX_TRY_NUMBER='1' AIRFLOW_CTX_DAG_RUN_ID='scheduled__2025-10-04T00:00:00+00:00'
[2025-11-02T01:29:04.264+0000] {merchants_to_clickhouse.py:86} INFO - [merchants->ch] Target CSV: /tmp/data/merchants/merchants-20251004.csv
[2025-11-02T01:29:04.320+0000] {merchants_to_clickhouse.py:91} INFO - [merchants->ch] Folder listing: ['merchants-20251029.csv', 'merchants-20251030.csv']
[2025-11-02T01:29:04.355+0000] {crypto.py:82} WARNING - empty cryptography key - values will not be stored encrypted.
[2025-11-02T01:29:04.373+0000] {base.py:83} INFO - Using connection ID 'clickhouse_default' for task execution.
[2025-11-02T01:29:04.408+0000] {merchants_to_clickhouse.py:134} WARNING - [merchants->ch] File not found. Table ensured. Skipping insert.
[2025-11-02T01:29:04.420+0000] {python.py:201} INFO - Done. Returned value was: None
[2025-11-02T01:29:04.487+0000] {taskinstance.py:1138} INFO - Marking task as SUCCESS. dag_id=ingestion_pipeline, task_id=load_merchants_bronze, execution_date=20251004T000000, start_date=20251102T012850, end_date=20251102T012904
[2025-11-02T01:29:05.205+0000] {local_task_job_runner.py:234} INFO - Task exited with return code 0
[2025-11-02T01:29:05.432+0000] {taskinstance.py:3280} INFO - 0 downstream tasks scheduled from follow-on schedule check
[2025-11-02T11:26:53.899+0000] {taskinstance.py:1956} INFO - Dependencies all met for dep_context=non-requeueable deps ti=<TaskInstance: ingestion_pipeline.load_merchants_bronze scheduled__2025-10-04T00:00:00+00:00 [queued]>
[2025-11-02T11:26:54.055+0000] {taskinstance.py:1956} INFO - Dependencies all met for dep_context=requeueable deps ti=<TaskInstance: ingestion_pipeline.load_merchants_bronze scheduled__2025-10-04T00:00:00+00:00 [queued]>
[2025-11-02T11:26:54.059+0000] {taskinstance.py:2170} INFO - Starting attempt 1 of 2
[2025-11-02T11:26:54.233+0000] {taskinstance.py:2191} INFO - Executing <Task(PythonOperator): load_merchants_bronze> on 2025-10-04 00:00:00+00:00
[2025-11-02T11:26:54.353+0000] {standard_task_runner.py:60} INFO - Started process 542 to run task
[2025-11-02T11:26:54.408+0000] {standard_task_runner.py:87} INFO - Running: ['***', 'tasks', 'run', 'ingestion_pipeline', 'load_merchants_bronze', 'scheduled__2025-10-04T00:00:00+00:00', '--job-id', '16', '--raw', '--subdir', 'DAGS_FOLDER/ingestion_dag.py', '--cfg-path', '/tmp/tmppt0s8zen']
[2025-11-02T11:26:54.440+0000] {standard_task_runner.py:88} INFO - Job 16: Subtask load_merchants_bronze
[2025-11-02T11:26:55.022+0000] {task_command.py:423} INFO - Running <TaskInstance: ingestion_pipeline.load_merchants_bronze scheduled__2025-10-04T00:00:00+00:00 [running]> on host 0d39d4365eb9
[2025-11-02T11:26:55.718+0000] {taskinstance.py:2480} INFO - Exporting env vars: AIRFLOW_CTX_DAG_OWNER='***' AIRFLOW_CTX_DAG_ID='ingestion_pipeline' AIRFLOW_CTX_TASK_ID='load_merchants_bronze' AIRFLOW_CTX_EXECUTION_DATE='2025-10-04T00:00:00+00:00' AIRFLOW_CTX_TRY_NUMBER='1' AIRFLOW_CTX_DAG_RUN_ID='scheduled__2025-10-04T00:00:00+00:00'
[2025-11-02T11:27:08.490+0000] {merchants_to_clickhouse.py:86} INFO - [merchants->ch] Target CSV: /tmp/data/merchants/merchants-20251004.csv
[2025-11-02T11:27:08.507+0000] {merchants_to_clickhouse.py:91} INFO - [merchants->ch] Folder listing: ['merchants-20251029.csv', 'merchants-20251030.csv']
[2025-11-02T11:27:08.510+0000] {crypto.py:82} WARNING - empty cryptography key - values will not be stored encrypted.
[2025-11-02T11:27:08.516+0000] {base.py:83} INFO - Using connection ID 'clickhouse_default' for task execution.
[2025-11-02T11:27:08.546+0000] {merchants_to_clickhouse.py:134} WARNING - [merchants->ch] File not found. Table ensured. Skipping insert.
[2025-11-02T11:27:08.563+0000] {python.py:201} INFO - Done. Returned value was: None
[2025-11-02T11:27:08.753+0000] {taskinstance.py:1138} INFO - Marking task as SUCCESS. dag_id=ingestion_pipeline, task_id=load_merchants_bronze, execution_date=20251004T000000, start_date=20251102T112653, end_date=20251102T112708
[2025-11-02T11:27:09.595+0000] {local_task_job_runner.py:234} INFO - Task exited with return code 0
[2025-11-02T11:27:10.042+0000] {taskinstance.py:3280} INFO - 0 downstream tasks scheduled from follow-on schedule check
