[2025-10-31T22:16:49.048+0000] {taskinstance.py:1956} INFO - Dependencies all met for dep_context=non-requeueable deps ti=<TaskInstance: ingestion_pipeline.load_link_transactions_bronze_from_mongo manual__2025-10-31T22:16:47.833970+00:00 [queued]>
[2025-10-31T22:16:49.064+0000] {taskinstance.py:1956} INFO - Dependencies all met for dep_context=requeueable deps ti=<TaskInstance: ingestion_pipeline.load_link_transactions_bronze_from_mongo manual__2025-10-31T22:16:47.833970+00:00 [queued]>
[2025-10-31T22:16:49.065+0000] {taskinstance.py:2170} INFO - Starting attempt 1 of 2
[2025-10-31T22:16:49.090+0000] {taskinstance.py:2191} INFO - Executing <Task(PythonOperator): load_link_transactions_bronze_from_mongo> on 2025-10-31 22:16:47.833970+00:00
[2025-10-31T22:16:49.104+0000] {standard_task_runner.py:60} INFO - Started process 578 to run task
[2025-10-31T22:16:49.113+0000] {standard_task_runner.py:87} INFO - Running: ['***', 'tasks', 'run', 'ingestion_pipeline', 'load_link_transactions_bronze_from_mongo', 'manual__2025-10-31T22:16:47.833970+00:00', '--job-id', '17', '--raw', '--subdir', 'DAGS_FOLDER/ingestion_dag.py', '--cfg-path', '/tmp/tmplur49sqm']
[2025-10-31T22:16:49.118+0000] {standard_task_runner.py:88} INFO - Job 17: Subtask load_link_transactions_bronze_from_mongo
[2025-10-31T22:16:49.260+0000] {task_command.py:423} INFO - Running <TaskInstance: ingestion_pipeline.load_link_transactions_bronze_from_mongo manual__2025-10-31T22:16:47.833970+00:00 [running]> on host 68d81e27198f
[2025-10-31T22:16:49.405+0000] {taskinstance.py:2480} INFO - Exporting env vars: AIRFLOW_CTX_DAG_OWNER='***' AIRFLOW_CTX_DAG_ID='ingestion_pipeline' AIRFLOW_CTX_TASK_ID='load_link_transactions_bronze_from_mongo' AIRFLOW_CTX_EXECUTION_DATE='2025-10-31T22:16:47.833970+00:00' AIRFLOW_CTX_TRY_NUMBER='1' AIRFLOW_CTX_DAG_RUN_ID='manual__2025-10-31T22:16:47.833970+00:00'
[2025-10-31T22:16:50.472+0000] {mongo_to_clickhouse.py:169} INFO - [mongo->ch] Query window: 2025-10-31 00:00:00..2025-11-01 00:00:00
[2025-10-31T22:16:50.474+0000] {crypto.py:82} WARNING - empty cryptography key - values will not be stored encrypted.
[2025-10-31T22:16:50.479+0000] {base.py:83} INFO - Using connection ID 'mongo_default' for task execution.
[2025-10-31T22:16:50.494+0000] {base.py:83} INFO - Using connection ID 'clickhouse_default' for task execution.
[2025-10-31T22:16:50.536+0000] {mongo_to_clickhouse.py:280} INFO - [mongo->ch] No new rows, but idempotency cleanup removed any prior rows for 'mongo:link_transactions_raw:20251031'.
[2025-10-31T22:16:50.538+0000] {mongo_to_clickhouse.py:287} INFO - [mongo->ch] Inserted 0 rows into bronze.link_transactions.
[2025-10-31T22:16:50.539+0000] {mongo_to_clickhouse.py:289} INFO - [mongo->ch] No matching docs found for given filter.
[2025-10-31T22:16:50.542+0000] {python.py:201} INFO - Done. Returned value was: None
[2025-10-31T22:16:50.559+0000] {taskinstance.py:1138} INFO - Marking task as SUCCESS. dag_id=ingestion_pipeline, task_id=load_link_transactions_bronze_from_mongo, execution_date=20251031T221647, start_date=20251031T221649, end_date=20251031T221650
[2025-10-31T22:16:50.614+0000] {local_task_job_runner.py:234} INFO - Task exited with return code 0
[2025-10-31T22:16:50.646+0000] {taskinstance.py:3280} INFO - 1 downstream tasks scheduled from follow-on schedule check
