[2025-11-02T00:30:29.328+0000] {taskinstance.py:1956} INFO - Dependencies all met for dep_context=non-requeueable deps ti=<TaskInstance: gold_dimensions_pipeline.dbt_dim_date scheduled__2025-10-26T00:00:00+00:00 [queued]>
[2025-11-02T00:30:29.342+0000] {taskinstance.py:1956} INFO - Dependencies all met for dep_context=requeueable deps ti=<TaskInstance: gold_dimensions_pipeline.dbt_dim_date scheduled__2025-10-26T00:00:00+00:00 [queued]>
[2025-11-02T00:30:29.342+0000] {taskinstance.py:2170} INFO - Starting attempt 1 of 2
[2025-11-02T00:30:29.364+0000] {taskinstance.py:2191} INFO - Executing <Task(PythonOperator): dbt_dim_date> on 2025-10-26 00:00:00+00:00
[2025-11-02T00:30:29.376+0000] {standard_task_runner.py:60} INFO - Started process 16568 to run task
[2025-11-02T00:30:29.382+0000] {standard_task_runner.py:87} INFO - Running: ['***', 'tasks', 'run', 'gold_dimensions_pipeline', 'dbt_dim_date', 'scheduled__2025-10-26T00:00:00+00:00', '--job-id', '412', '--raw', '--subdir', 'DAGS_FOLDER/gold_dag.py', '--cfg-path', '/tmp/tmpzeyb25my']
[2025-11-02T00:30:29.389+0000] {standard_task_runner.py:88} INFO - Job 412: Subtask dbt_dim_date
[2025-11-02T00:30:29.497+0000] {task_command.py:423} INFO - Running <TaskInstance: gold_dimensions_pipeline.dbt_dim_date scheduled__2025-10-26T00:00:00+00:00 [running]> on host 6335aa85b335
[2025-11-02T00:30:29.641+0000] {taskinstance.py:2480} INFO - Exporting env vars: AIRFLOW_CTX_DAG_OWNER='***' AIRFLOW_CTX_DAG_ID='gold_dimensions_pipeline' AIRFLOW_CTX_TASK_ID='dbt_dim_date' AIRFLOW_CTX_EXECUTION_DATE='2025-10-26T00:00:00+00:00' AIRFLOW_CTX_TRY_NUMBER='1' AIRFLOW_CTX_DAG_RUN_ID='scheduled__2025-10-26T00:00:00+00:00'
[2025-11-02T00:30:39.297+0000] {python.py:201} INFO - Done. Returned value was: None
[2025-11-02T00:30:39.316+0000] {taskinstance.py:1138} INFO - Marking task as SUCCESS. dag_id=gold_dimensions_pipeline, task_id=dbt_dim_date, execution_date=20251026T000000, start_date=20251102T003029, end_date=20251102T003039
[2025-11-02T00:30:39.389+0000] {local_task_job_runner.py:234} INFO - Task exited with return code 0
[2025-11-02T00:30:39.426+0000] {taskinstance.py:3280} INFO - 0 downstream tasks scheduled from follow-on schedule check
[2025-11-02T11:57:27.413+0000] {taskinstance.py:1956} INFO - Dependencies all met for dep_context=non-requeueable deps ti=<TaskInstance: gold_dimensions_pipeline.dbt_dim_date scheduled__2025-10-26T00:00:00+00:00 [queued]>
[2025-11-02T11:57:27.424+0000] {taskinstance.py:1956} INFO - Dependencies all met for dep_context=requeueable deps ti=<TaskInstance: gold_dimensions_pipeline.dbt_dim_date scheduled__2025-10-26T00:00:00+00:00 [queued]>
[2025-11-02T11:57:27.425+0000] {taskinstance.py:2170} INFO - Starting attempt 1 of 3
[2025-11-02T11:57:27.441+0000] {taskinstance.py:2191} INFO - Executing <Task(PythonOperator): dbt_dim_date> on 2025-10-26 00:00:00+00:00
[2025-11-02T11:57:27.449+0000] {standard_task_runner.py:60} INFO - Started process 6250 to run task
[2025-11-02T11:57:27.452+0000] {standard_task_runner.py:87} INFO - Running: ['***', 'tasks', 'run', 'gold_dimensions_pipeline', 'dbt_dim_date', 'scheduled__2025-10-26T00:00:00+00:00', '--job-id', '372', '--raw', '--subdir', 'DAGS_FOLDER/gold_dag.py', '--cfg-path', '/tmp/tmpsl25rwbd']
[2025-11-02T11:57:27.455+0000] {standard_task_runner.py:88} INFO - Job 372: Subtask dbt_dim_date
[2025-11-02T11:57:27.554+0000] {task_command.py:423} INFO - Running <TaskInstance: gold_dimensions_pipeline.dbt_dim_date scheduled__2025-10-26T00:00:00+00:00 [running]> on host 0d39d4365eb9
[2025-11-02T11:57:27.673+0000] {taskinstance.py:2480} INFO - Exporting env vars: AIRFLOW_CTX_DAG_OWNER='***' AIRFLOW_CTX_DAG_ID='gold_dimensions_pipeline' AIRFLOW_CTX_TASK_ID='dbt_dim_date' AIRFLOW_CTX_EXECUTION_DATE='2025-10-26T00:00:00+00:00' AIRFLOW_CTX_TRY_NUMBER='1' AIRFLOW_CTX_DAG_RUN_ID='scheduled__2025-10-26T00:00:00+00:00'
[2025-11-02T11:57:32.475+0000] {logging_mixin.py:188} INFO - ==== DBT STDOUT ====
[2025-11-02T11:57:32.476+0000] {logging_mixin.py:188} INFO - 11:57:30  Running with dbt=1.5.9
11:57:30  Registered adapter: clickhouse=1.5.2
11:57:30  [WARNING]: Configuration paths exist in your dbt_project.yml file which do not apply to any resources.
There are 2 unused configuration paths:
- models.ck_project.gold.fact
- models.ck_project.bronze
11:57:30  Found 7 models, 17 tests, 0 snapshots, 0 analyses, 349 macros, 0 operations, 0 seed files, 6 sources, 0 exposures, 0 metrics, 0 groups
11:57:30  
11:57:31  Concurrency: 4 threads (target='dev')
11:57:31  
11:57:31  1 of 1 START sql table model gold.dim_date ..................................... [RUN]
11:57:31  1 of 1 OK created sql table model gold.dim_date ................................ [OK in 0.28s]
11:57:31  
11:57:31  Finished running 1 table model in 0 hours 0 minutes and 0.63 seconds (0.63s).
11:57:31  
11:57:31  Completed successfully
11:57:31  
11:57:31  Done. PASS=1 WARN=0 ERROR=0 SKIP=0 TOTAL=1
[2025-11-02T11:57:32.477+0000] {logging_mixin.py:188} INFO - ==== DBT STDERR ====
[2025-11-02T11:57:32.478+0000] {python.py:201} INFO - Done. Returned value was: None
[2025-11-02T11:57:32.497+0000] {taskinstance.py:1138} INFO - Marking task as SUCCESS. dag_id=gold_dimensions_pipeline, task_id=dbt_dim_date, execution_date=20251026T000000, start_date=20251102T115727, end_date=20251102T115732
[2025-11-02T11:57:32.527+0000] {local_task_job_runner.py:234} INFO - Task exited with return code 0
[2025-11-02T11:57:32.566+0000] {taskinstance.py:3280} INFO - 3 downstream tasks scheduled from follow-on schedule check
