[2025-11-28T17:12:26.612+0000] {taskinstance.py:1956} INFO - Dependencies all met for dep_context=non-requeueable deps ti=<TaskInstance: gold_layer_pipeline.dbt_dim_payment_method scheduled__2025-10-07T00:00:00+00:00 [queued]>
[2025-11-28T17:12:26.625+0000] {taskinstance.py:1956} INFO - Dependencies all met for dep_context=requeueable deps ti=<TaskInstance: gold_layer_pipeline.dbt_dim_payment_method scheduled__2025-10-07T00:00:00+00:00 [queued]>
[2025-11-28T17:12:26.626+0000] {taskinstance.py:2170} INFO - Starting attempt 1 of 3
[2025-11-28T17:12:26.642+0000] {taskinstance.py:2191} INFO - Executing <Task(PythonOperator): dbt_dim_payment_method> on 2025-10-07 00:00:00+00:00
[2025-11-28T17:12:26.651+0000] {standard_task_runner.py:60} INFO - Started process 11927 to run task
[2025-11-28T17:12:26.655+0000] {standard_task_runner.py:87} INFO - Running: ['***', 'tasks', 'run', 'gold_layer_pipeline', 'dbt_dim_payment_method', 'scheduled__2025-10-07T00:00:00+00:00', '--job-id', '684', '--raw', '--subdir', 'DAGS_FOLDER/gold_dag.py', '--cfg-path', '/tmp/tmp406w0mf9']
[2025-11-28T17:12:26.658+0000] {standard_task_runner.py:88} INFO - Job 684: Subtask dbt_dim_payment_method
[2025-11-28T17:12:26.757+0000] {task_command.py:423} INFO - Running <TaskInstance: gold_layer_pipeline.dbt_dim_payment_method scheduled__2025-10-07T00:00:00+00:00 [running]> on host b34d3694f5a7
[2025-11-28T17:12:26.901+0000] {taskinstance.py:2480} INFO - Exporting env vars: AIRFLOW_CTX_DAG_OWNER='***' AIRFLOW_CTX_DAG_ID='gold_layer_pipeline' AIRFLOW_CTX_TASK_ID='dbt_dim_payment_method' AIRFLOW_CTX_EXECUTION_DATE='2025-10-07T00:00:00+00:00' AIRFLOW_CTX_TRY_NUMBER='1' AIRFLOW_CTX_DAG_RUN_ID='scheduled__2025-10-07T00:00:00+00:00'
[2025-11-28T17:12:30.633+0000] {logging_mixin.py:188} INFO - 17:12:30  Running with dbt=1.5.9
[2025-11-28T17:12:30.792+0000] {logging_mixin.py:188} INFO - 17:12:30  Registered adapter: clickhouse=1.5.2
[2025-11-28T17:12:33.314+0000] {logging_mixin.py:188} INFO - 17:12:33  [WARNING]: Configuration paths exist in your dbt_project.yml file which do not apply to any resources.
[2025-11-28T17:12:33.315+0000] {logging_mixin.py:188} INFO - There are 1 unused configuration paths:
[2025-11-28T17:12:33.315+0000] {logging_mixin.py:188} INFO - - models.ck_project.bronze
[2025-11-28T17:12:33.366+0000] {logging_mixin.py:188} INFO - 17:12:33  Found 8 models, 20 tests, 0 snapshots, 0 analyses, 349 macros, 0 operations, 0 seed files, 6 sources, 0 exposures, 0 metrics, 0 groups
[2025-11-28T17:12:33.371+0000] {logging_mixin.py:188} INFO - 17:12:33
[2025-11-28T17:12:33.664+0000] {logging_mixin.py:188} INFO - 17:12:33
[2025-11-28T17:12:33.665+0000] {logging_mixin.py:188} INFO - 17:12:33  Finished running  in 0 hours 0 minutes and 0.29 seconds (0.29s).
[2025-11-28T17:12:33.666+0000] {logging_mixin.py:188} INFO - 17:12:33  Encountered an error:
[2025-11-28T17:12:33.667+0000] {logging_mixin.py:188} INFO - Database Error
[2025-11-28T17:12:33.668+0000] {logging_mixin.py:188} INFO -   Code: 516.
[2025-11-28T17:12:33.668+0000] {logging_mixin.py:188} INFO -   DB::Exception: default: Authentication failed: password is incorrect, or there is no user with such name.
[2025-11-28T17:12:33.669+0000] {logging_mixin.py:188} INFO -   If you use ClickHouse Cloud, the password can be reset at https://clickhouse.cloud/
[2025-11-28T17:12:33.669+0000] {logging_mixin.py:188} INFO -   on the settings page for the corresponding service.
[2025-11-28T17:12:33.670+0000] {logging_mixin.py:188} INFO -   If you have installed ClickHouse and forgot password you can reset it in the configuration file.
[2025-11-28T17:12:33.670+0000] {logging_mixin.py:188} INFO -   The password for default user is typically located at /etc/clickhouse-server/users.d/default-password.xml
[2025-11-28T17:12:33.671+0000] {logging_mixin.py:188} INFO -   and deleting this file will reset the password.
[2025-11-28T17:12:33.671+0000] {logging_mixin.py:188} INFO -   See also /etc/clickhouse-server/users.xml on the server where ClickHouse is installed.
[2025-11-28T17:12:33.671+0000] {logging_mixin.py:188} INFO -   . Stack trace:
[2025-11-28T17:12:33.672+0000] {logging_mixin.py:188} INFO -   0. DB::Exception::Exception(DB::Exception::MessageMasked&&, int, bool) @ 0x00000000137a855f
[2025-11-28T17:12:33.673+0000] {logging_mixin.py:188} INFO -   1. DB::Exception::Exception(String&&, int, String, bool) @ 0x000000000cae7e8e
[2025-11-28T17:12:33.673+0000] {logging_mixin.py:188} INFO -   2. DB::Exception::Exception(PreformattedMessage&&, int) @ 0x000000000cae7940
[2025-11-28T17:12:33.674+0000] {logging_mixin.py:188} INFO -   3. DB::AccessControl::authenticate(DB::Credentials const&, Poco::Net::IPAddress const&, DB::ClientInfo const&) const @ 0x0000000016c5c123
[2025-11-28T17:12:33.675+0000] {logging_mixin.py:188} INFO -   4. DB::Session::authenticate(DB::Credentials const&, Poco::Net::SocketAddress const&, std::vector<String, std::allocator<String>> const&) @ 0x00000000184732f2
[2025-11-28T17:12:33.676+0000] {logging_mixin.py:188} INFO -   5. DB::Session::authenticate(String const&, String const&, Poco::Net::SocketAddress const&, std::vector<String, std::allocator<String>> const&) @ 0x00000000184727b2
[2025-11-28T17:12:33.677+0000] {logging_mixin.py:188} INFO -   6. DB::TCPHandler::receiveHello() @ 0x0000000019e38ff9
[2025-11-28T17:12:33.678+0000] {logging_mixin.py:188} INFO -   7. DB::TCPHandler::runImpl() @ 0x0000000019e29a13
[2025-11-28T17:12:33.678+0000] {logging_mixin.py:188} INFO -   8. DB::TCPHandler::run() @ 0x0000000019e4f119
[2025-11-28T17:12:33.679+0000] {logging_mixin.py:188} INFO -   9. Poco::Net::TCPServerConnection::start() @ 0x000000001ef4ed07
[2025-11-28T17:12:33.680+0000] {logging_mixin.py:188} INFO -   10. Poco::Net::TCPServerDispatcher::run() @ 0x000000001ef4f199
[2025-11-28T17:12:33.680+0000] {logging_mixin.py:188} INFO -   11. Poco::PooledThread::run() @ 0x000000001ef15b87
[2025-11-28T17:12:33.681+0000] {logging_mixin.py:188} INFO -   12. Poco::ThreadImpl::runnableEntry(void*) @ 0x000000001ef13f81
[2025-11-28T17:12:33.681+0000] {logging_mixin.py:188} INFO -   13. ? @ 0x0000000000094ac3
[2025-11-28T17:12:33.682+0000] {logging_mixin.py:188} INFO -   14. ? @ 0x0000000000125a74
[2025-11-28T17:12:34.577+0000] {taskinstance.py:2698} ERROR - Task failed with exception
Traceback (most recent call last):
  File "/home/airflow/.local/lib/python3.8/site-packages/airflow/models/taskinstance.py", line 433, in _execute_task
    result = execute_callable(context=context, **execute_callable_kwargs)
  File "/home/airflow/.local/lib/python3.8/site-packages/airflow/operators/python.py", line 199, in execute
    return_value = self.execute_callable()
  File "/home/airflow/.local/lib/python3.8/site-packages/airflow/operators/python.py", line 216, in execute_callable
    return self.python_callable(*self.op_args, **self.op_kwargs)
  File "/opt/airflow/dags/gold_dag.py", line 123, in <lambda>
    python_callable=lambda **_: _run_dbt("dim_payment_method"),
  File "/opt/airflow/dags/gold_dag.py", line 90, in _run_dbt
    raise RuntimeError(f"dbt failed (exit {ret}). See logs above.")
RuntimeError: dbt failed (exit 2). See logs above.
[2025-11-28T17:12:34.599+0000] {taskinstance.py:1138} INFO - Marking task as UP_FOR_RETRY. dag_id=gold_layer_pipeline, task_id=dbt_dim_payment_method, execution_date=20251007T000000, start_date=20251128T171226, end_date=20251128T171234
[2025-11-28T17:12:34.616+0000] {standard_task_runner.py:107} ERROR - Failed to execute job 684 for task dbt_dim_payment_method (dbt failed (exit 2). See logs above.; 11927)
[2025-11-28T17:12:34.662+0000] {local_task_job_runner.py:234} INFO - Task exited with return code 1
[2025-11-28T17:12:34.691+0000] {taskinstance.py:3280} INFO - 0 downstream tasks scheduled from follow-on schedule check
