[2025-11-02T18:26:01.996+0000] {taskinstance.py:1956} INFO - Dependencies all met for dep_context=non-requeueable deps ti=<TaskInstance: gold_dimensions_pipeline.dbt_dim_date scheduled__2025-10-03T00:00:00+00:00 [queued]>
[2025-11-02T18:26:02.014+0000] {taskinstance.py:1956} INFO - Dependencies all met for dep_context=requeueable deps ti=<TaskInstance: gold_dimensions_pipeline.dbt_dim_date scheduled__2025-10-03T00:00:00+00:00 [queued]>
[2025-11-02T18:26:02.015+0000] {taskinstance.py:2170} INFO - Starting attempt 1 of 3
[2025-11-02T18:26:02.036+0000] {taskinstance.py:2191} INFO - Executing <Task(PythonOperator): dbt_dim_date> on 2025-10-03 00:00:00+00:00
[2025-11-02T18:26:02.047+0000] {standard_task_runner.py:60} INFO - Started process 6445 to run task
[2025-11-02T18:26:02.053+0000] {standard_task_runner.py:87} INFO - Running: ['***', 'tasks', 'run', 'gold_dimensions_pipeline', 'dbt_dim_date', 'scheduled__2025-10-03T00:00:00+00:00', '--job-id', '33', '--raw', '--subdir', 'DAGS_FOLDER/gold_dag.py', '--cfg-path', '/tmp/tmpvm20gg0s']
[2025-11-02T18:26:02.059+0000] {standard_task_runner.py:88} INFO - Job 33: Subtask dbt_dim_date
[2025-11-02T18:26:02.206+0000] {task_command.py:423} INFO - Running <TaskInstance: gold_dimensions_pipeline.dbt_dim_date scheduled__2025-10-03T00:00:00+00:00 [running]> on host 65b87e279dde
[2025-11-02T18:26:02.362+0000] {taskinstance.py:2480} INFO - Exporting env vars: AIRFLOW_CTX_DAG_OWNER='***' AIRFLOW_CTX_DAG_ID='gold_dimensions_pipeline' AIRFLOW_CTX_TASK_ID='dbt_dim_date' AIRFLOW_CTX_EXECUTION_DATE='2025-10-03T00:00:00+00:00' AIRFLOW_CTX_TRY_NUMBER='1' AIRFLOW_CTX_DAG_RUN_ID='scheduled__2025-10-03T00:00:00+00:00'
[2025-11-02T18:26:06.463+0000] {logging_mixin.py:188} INFO - 18:26:06  Running with dbt=1.5.9
[2025-11-02T18:26:06.706+0000] {logging_mixin.py:188} INFO - 18:26:06  Registered adapter: clickhouse=1.5.2
[2025-11-02T18:26:09.099+0000] {logging_mixin.py:188} INFO - 18:26:09  [WARNING]: Configuration paths exist in your dbt_project.yml file which do not apply to any resources.
[2025-11-02T18:26:09.100+0000] {logging_mixin.py:188} INFO - There are 1 unused configuration paths:
[2025-11-02T18:26:09.100+0000] {logging_mixin.py:188} INFO - - models.ck_project.bronze
[2025-11-02T18:26:09.161+0000] {logging_mixin.py:188} INFO - 18:26:09  Found 8 models, 20 tests, 0 snapshots, 0 analyses, 349 macros, 0 operations, 0 seed files, 6 sources, 0 exposures, 0 metrics, 0 groups
[2025-11-02T18:26:09.167+0000] {logging_mixin.py:188} INFO - 18:26:09
[2025-11-02T18:26:09.669+0000] {logging_mixin.py:188} INFO - 18:26:09  Concurrency: 4 threads (target='dev')
[2025-11-02T18:26:09.670+0000] {logging_mixin.py:188} INFO - 18:26:09
[2025-11-02T18:26:09.723+0000] {logging_mixin.py:188} INFO - 18:26:09  1 of 1 START sql table model gold.dim_date ..................................... [RUN]
[2025-11-02T18:26:10.082+0000] {logging_mixin.py:188} INFO - 18:26:10  1 of 1 OK created sql table model gold.dim_date ................................ [OK in 0.35s]
[2025-11-02T18:26:10.094+0000] {logging_mixin.py:188} INFO - 18:26:10
[2025-11-02T18:26:10.095+0000] {logging_mixin.py:188} INFO - 18:26:10  Finished running 1 table model in 0 hours 0 minutes and 0.93 seconds (0.93s).
[2025-11-02T18:26:10.128+0000] {logging_mixin.py:188} INFO - 18:26:10
[2025-11-02T18:26:10.130+0000] {logging_mixin.py:188} INFO - 18:26:10  Completed successfully
[2025-11-02T18:26:10.132+0000] {logging_mixin.py:188} INFO - 18:26:10
[2025-11-02T18:26:10.133+0000] {logging_mixin.py:188} INFO - 18:26:10  Done. PASS=1 WARN=0 ERROR=0 SKIP=0 TOTAL=1
[2025-11-02T18:26:11.118+0000] {python.py:201} INFO - Done. Returned value was: None
[2025-11-02T18:26:11.146+0000] {taskinstance.py:1138} INFO - Marking task as SUCCESS. dag_id=gold_dimensions_pipeline, task_id=dbt_dim_date, execution_date=20251003T000000, start_date=20251102T182601, end_date=20251102T182611
[2025-11-02T18:26:11.241+0000] {local_task_job_runner.py:234} INFO - Task exited with return code 0
[2025-11-02T18:26:11.302+0000] {taskinstance.py:3280} INFO - 0 downstream tasks scheduled from follow-on schedule check
