[2025-11-02T00:25:57.542+0000] {taskinstance.py:1956} INFO - Dependencies all met for dep_context=non-requeueable deps ti=<TaskInstance: gold_dimensions_pipeline.dbt_dim_date scheduled__2025-10-07T00:00:00+00:00 [queued]>
[2025-11-02T00:25:57.561+0000] {taskinstance.py:1956} INFO - Dependencies all met for dep_context=requeueable deps ti=<TaskInstance: gold_dimensions_pipeline.dbt_dim_date scheduled__2025-10-07T00:00:00+00:00 [queued]>
[2025-11-02T00:25:57.563+0000] {taskinstance.py:2170} INFO - Starting attempt 1 of 2
[2025-11-02T00:25:57.591+0000] {taskinstance.py:2191} INFO - Executing <Task(PythonOperator): dbt_dim_date> on 2025-10-07 00:00:00+00:00
[2025-11-02T00:25:57.607+0000] {standard_task_runner.py:60} INFO - Started process 14803 to run task
[2025-11-02T00:25:57.615+0000] {standard_task_runner.py:87} INFO - Running: ['***', 'tasks', 'run', 'gold_dimensions_pipeline', 'dbt_dim_date', 'scheduled__2025-10-07T00:00:00+00:00', '--job-id', '315', '--raw', '--subdir', 'DAGS_FOLDER/gold_dag.py', '--cfg-path', '/tmp/tmpnkxdspk7']
[2025-11-02T00:25:57.626+0000] {standard_task_runner.py:88} INFO - Job 315: Subtask dbt_dim_date
[2025-11-02T00:25:57.764+0000] {task_command.py:423} INFO - Running <TaskInstance: gold_dimensions_pipeline.dbt_dim_date scheduled__2025-10-07T00:00:00+00:00 [running]> on host 6335aa85b335
[2025-11-02T00:25:57.938+0000] {taskinstance.py:2480} INFO - Exporting env vars: AIRFLOW_CTX_DAG_OWNER='***' AIRFLOW_CTX_DAG_ID='gold_dimensions_pipeline' AIRFLOW_CTX_TASK_ID='dbt_dim_date' AIRFLOW_CTX_EXECUTION_DATE='2025-10-07T00:00:00+00:00' AIRFLOW_CTX_TRY_NUMBER='1' AIRFLOW_CTX_DAG_RUN_ID='scheduled__2025-10-07T00:00:00+00:00'
[2025-11-02T00:26:10.065+0000] {python.py:201} INFO - Done. Returned value was: None
[2025-11-02T00:26:10.095+0000] {taskinstance.py:1138} INFO - Marking task as SUCCESS. dag_id=gold_dimensions_pipeline, task_id=dbt_dim_date, execution_date=20251007T000000, start_date=20251102T002557, end_date=20251102T002610
[2025-11-02T00:26:10.165+0000] {local_task_job_runner.py:234} INFO - Task exited with return code 0
[2025-11-02T00:26:10.185+0000] {taskinstance.py:3280} INFO - 0 downstream tasks scheduled from follow-on schedule check
[2025-11-02T11:42:02.432+0000] {taskinstance.py:1956} INFO - Dependencies all met for dep_context=non-requeueable deps ti=<TaskInstance: gold_dimensions_pipeline.dbt_dim_date scheduled__2025-10-07T00:00:00+00:00 [queued]>
[2025-11-02T11:42:02.448+0000] {taskinstance.py:1956} INFO - Dependencies all met for dep_context=requeueable deps ti=<TaskInstance: gold_dimensions_pipeline.dbt_dim_date scheduled__2025-10-07T00:00:00+00:00 [queued]>
[2025-11-02T11:42:02.449+0000] {taskinstance.py:2170} INFO - Starting attempt 1 of 3
[2025-11-02T11:42:02.467+0000] {taskinstance.py:2191} INFO - Executing <Task(PythonOperator): dbt_dim_date> on 2025-10-07 00:00:00+00:00
[2025-11-02T11:42:02.474+0000] {standard_task_runner.py:60} INFO - Started process 4832 to run task
[2025-11-02T11:42:02.479+0000] {standard_task_runner.py:87} INFO - Running: ['***', 'tasks', 'run', 'gold_dimensions_pipeline', 'dbt_dim_date', 'scheduled__2025-10-07T00:00:00+00:00', '--job-id', '296', '--raw', '--subdir', 'DAGS_FOLDER/gold_dag.py', '--cfg-path', '/tmp/tmpbwq592rc']
[2025-11-02T11:42:02.484+0000] {standard_task_runner.py:88} INFO - Job 296: Subtask dbt_dim_date
[2025-11-02T11:42:02.582+0000] {task_command.py:423} INFO - Running <TaskInstance: gold_dimensions_pipeline.dbt_dim_date scheduled__2025-10-07T00:00:00+00:00 [running]> on host 0d39d4365eb9
[2025-11-02T11:42:02.711+0000] {taskinstance.py:2480} INFO - Exporting env vars: AIRFLOW_CTX_DAG_OWNER='***' AIRFLOW_CTX_DAG_ID='gold_dimensions_pipeline' AIRFLOW_CTX_TASK_ID='dbt_dim_date' AIRFLOW_CTX_EXECUTION_DATE='2025-10-07T00:00:00+00:00' AIRFLOW_CTX_TRY_NUMBER='1' AIRFLOW_CTX_DAG_RUN_ID='scheduled__2025-10-07T00:00:00+00:00'
[2025-11-02T11:42:07.966+0000] {logging_mixin.py:188} INFO - ==== DBT STDOUT ====
[2025-11-02T11:42:07.967+0000] {logging_mixin.py:188} INFO - 11:42:05  Running with dbt=1.5.9
11:42:05  Registered adapter: clickhouse=1.5.2
11:42:06  [WARNING]: Configuration paths exist in your dbt_project.yml file which do not apply to any resources.
There are 2 unused configuration paths:
- models.ck_project.bronze
- models.ck_project.gold.fact
11:42:06  Found 7 models, 17 tests, 0 snapshots, 0 analyses, 349 macros, 0 operations, 0 seed files, 6 sources, 0 exposures, 0 metrics, 0 groups
11:42:06  
11:42:06  Concurrency: 4 threads (target='dev')
11:42:06  
11:42:06  1 of 1 START sql table model gold.dim_date ..................................... [RUN]
11:42:06  1 of 1 OK created sql table model gold.dim_date ................................ [OK in 0.25s]
11:42:06  
11:42:06  Finished running 1 table model in 0 hours 0 minutes and 0.61 seconds (0.61s).
11:42:06  
11:42:06  Completed successfully
11:42:06  
11:42:06  Done. PASS=1 WARN=0 ERROR=0 SKIP=0 TOTAL=1
[2025-11-02T11:42:07.967+0000] {logging_mixin.py:188} INFO - ==== DBT STDERR ====
[2025-11-02T11:42:07.968+0000] {python.py:201} INFO - Done. Returned value was: None
[2025-11-02T11:42:07.987+0000] {taskinstance.py:1138} INFO - Marking task as SUCCESS. dag_id=gold_dimensions_pipeline, task_id=dbt_dim_date, execution_date=20251007T000000, start_date=20251102T114202, end_date=20251102T114207
[2025-11-02T11:42:08.044+0000] {local_task_job_runner.py:234} INFO - Task exited with return code 0
[2025-11-02T11:42:08.067+0000] {taskinstance.py:3280} INFO - 3 downstream tasks scheduled from follow-on schedule check
