[2025-11-04T13:11:33.476+0000] {processor.py:161} INFO - Started process (PID=34571) to work on /opt/airflow/dags/ingestion_dag.py
[2025-11-04T13:11:33.491+0000] {processor.py:830} INFO - Processing file /opt/airflow/dags/ingestion_dag.py for tasks to queue
[2025-11-04T13:11:33.495+0000] {logging_mixin.py:188} INFO - [2025-11-04T13:11:33.494+0000] {dagbag.py:538} INFO - Filling up the DagBag from /opt/airflow/dags/ingestion_dag.py
[2025-11-04T13:11:34.463+0000] {processor.py:840} INFO - DAG(s) 'ingestion_pipeline' retrieved from /opt/airflow/dags/ingestion_dag.py
[2025-11-04T13:11:34.663+0000] {logging_mixin.py:188} INFO - [2025-11-04T13:11:34.663+0000] {dag.py:3036} INFO - Sync 1 DAGs
[2025-11-04T13:11:34.800+0000] {logging_mixin.py:188} INFO - [2025-11-04T13:11:34.800+0000] {dag.py:3823} INFO - Setting next_dagrun for ingestion_pipeline to 2025-11-04 00:00:00+00:00, run_after=2025-11-05 00:00:00+00:00
[2025-11-04T13:11:35.040+0000] {processor.py:183} INFO - Processing /opt/airflow/dags/ingestion_dag.py took 1.606 seconds
[2025-11-04T13:12:05.450+0000] {processor.py:161} INFO - Started process (PID=34687) to work on /opt/airflow/dags/ingestion_dag.py
[2025-11-04T13:12:05.452+0000] {processor.py:830} INFO - Processing file /opt/airflow/dags/ingestion_dag.py for tasks to queue
[2025-11-04T13:12:05.456+0000] {logging_mixin.py:188} INFO - [2025-11-04T13:12:05.455+0000] {dagbag.py:538} INFO - Filling up the DagBag from /opt/airflow/dags/ingestion_dag.py
[2025-11-04T13:12:06.305+0000] {processor.py:840} INFO - DAG(s) 'ingestion_pipeline' retrieved from /opt/airflow/dags/ingestion_dag.py
[2025-11-04T13:12:06.441+0000] {logging_mixin.py:188} INFO - [2025-11-04T13:12:06.441+0000] {dag.py:3036} INFO - Sync 1 DAGs
[2025-11-04T13:12:06.592+0000] {logging_mixin.py:188} INFO - [2025-11-04T13:12:06.592+0000] {dag.py:3823} INFO - Setting next_dagrun for ingestion_pipeline to 2025-11-04 00:00:00+00:00, run_after=2025-11-05 00:00:00+00:00
[2025-11-04T13:12:06.774+0000] {processor.py:183} INFO - Processing /opt/airflow/dags/ingestion_dag.py took 1.331 seconds
[2025-11-04T13:12:37.414+0000] {processor.py:161} INFO - Started process (PID=34727) to work on /opt/airflow/dags/ingestion_dag.py
[2025-11-04T13:12:37.416+0000] {processor.py:830} INFO - Processing file /opt/airflow/dags/ingestion_dag.py for tasks to queue
[2025-11-04T13:12:37.417+0000] {logging_mixin.py:188} INFO - [2025-11-04T13:12:37.417+0000] {dagbag.py:538} INFO - Filling up the DagBag from /opt/airflow/dags/ingestion_dag.py
[2025-11-04T13:12:37.524+0000] {processor.py:840} INFO - DAG(s) 'ingestion_pipeline' retrieved from /opt/airflow/dags/ingestion_dag.py
[2025-11-04T13:12:37.594+0000] {logging_mixin.py:188} INFO - [2025-11-04T13:12:37.594+0000] {dag.py:3036} INFO - Sync 1 DAGs
[2025-11-04T13:12:37.660+0000] {logging_mixin.py:188} INFO - [2025-11-04T13:12:37.655+0000] {dag.py:3823} INFO - Setting next_dagrun for ingestion_pipeline to 2025-11-04 00:00:00+00:00, run_after=2025-11-05 00:00:00+00:00
[2025-11-04T13:12:37.700+0000] {processor.py:183} INFO - Processing /opt/airflow/dags/ingestion_dag.py took 0.294 seconds
[2025-11-04T13:13:07.818+0000] {processor.py:161} INFO - Started process (PID=34762) to work on /opt/airflow/dags/ingestion_dag.py
[2025-11-04T13:13:07.820+0000] {processor.py:830} INFO - Processing file /opt/airflow/dags/ingestion_dag.py for tasks to queue
[2025-11-04T13:13:07.823+0000] {logging_mixin.py:188} INFO - [2025-11-04T13:13:07.822+0000] {dagbag.py:538} INFO - Filling up the DagBag from /opt/airflow/dags/ingestion_dag.py
[2025-11-04T13:13:07.948+0000] {processor.py:840} INFO - DAG(s) 'ingestion_pipeline' retrieved from /opt/airflow/dags/ingestion_dag.py
[2025-11-04T13:13:08.018+0000] {logging_mixin.py:188} INFO - [2025-11-04T13:13:08.018+0000] {dag.py:3036} INFO - Sync 1 DAGs
[2025-11-04T13:13:08.060+0000] {logging_mixin.py:188} INFO - [2025-11-04T13:13:08.059+0000] {dag.py:3823} INFO - Setting next_dagrun for ingestion_pipeline to 2025-11-04 00:00:00+00:00, run_after=2025-11-05 00:00:00+00:00
[2025-11-04T13:13:08.105+0000] {processor.py:183} INFO - Processing /opt/airflow/dags/ingestion_dag.py took 0.292 seconds
[2025-11-04T13:13:38.414+0000] {processor.py:161} INFO - Started process (PID=34797) to work on /opt/airflow/dags/ingestion_dag.py
[2025-11-04T13:13:38.418+0000] {processor.py:830} INFO - Processing file /opt/airflow/dags/ingestion_dag.py for tasks to queue
[2025-11-04T13:13:38.421+0000] {logging_mixin.py:188} INFO - [2025-11-04T13:13:38.420+0000] {dagbag.py:538} INFO - Filling up the DagBag from /opt/airflow/dags/ingestion_dag.py
[2025-11-04T13:13:38.619+0000] {processor.py:840} INFO - DAG(s) 'ingestion_pipeline' retrieved from /opt/airflow/dags/ingestion_dag.py
[2025-11-04T13:13:38.728+0000] {logging_mixin.py:188} INFO - [2025-11-04T13:13:38.727+0000] {dag.py:3036} INFO - Sync 1 DAGs
[2025-11-04T13:13:38.818+0000] {logging_mixin.py:188} INFO - [2025-11-04T13:13:38.818+0000] {dag.py:3823} INFO - Setting next_dagrun for ingestion_pipeline to 2025-11-04 00:00:00+00:00, run_after=2025-11-05 00:00:00+00:00
[2025-11-04T13:13:38.903+0000] {processor.py:183} INFO - Processing /opt/airflow/dags/ingestion_dag.py took 0.503 seconds
[2025-11-04T13:14:09.478+0000] {processor.py:161} INFO - Started process (PID=34832) to work on /opt/airflow/dags/ingestion_dag.py
[2025-11-04T13:14:09.480+0000] {processor.py:830} INFO - Processing file /opt/airflow/dags/ingestion_dag.py for tasks to queue
[2025-11-04T13:14:09.482+0000] {logging_mixin.py:188} INFO - [2025-11-04T13:14:09.482+0000] {dagbag.py:538} INFO - Filling up the DagBag from /opt/airflow/dags/ingestion_dag.py
[2025-11-04T13:14:09.601+0000] {processor.py:840} INFO - DAG(s) 'ingestion_pipeline' retrieved from /opt/airflow/dags/ingestion_dag.py
[2025-11-04T13:14:09.640+0000] {logging_mixin.py:188} INFO - [2025-11-04T13:14:09.640+0000] {dag.py:3036} INFO - Sync 1 DAGs
[2025-11-04T13:14:09.707+0000] {logging_mixin.py:188} INFO - [2025-11-04T13:14:09.707+0000] {dag.py:3823} INFO - Setting next_dagrun for ingestion_pipeline to 2025-11-04 00:00:00+00:00, run_after=2025-11-05 00:00:00+00:00
[2025-11-04T13:14:09.744+0000] {processor.py:183} INFO - Processing /opt/airflow/dags/ingestion_dag.py took 0.271 seconds
[2025-11-04T13:14:40.204+0000] {processor.py:161} INFO - Started process (PID=34867) to work on /opt/airflow/dags/ingestion_dag.py
[2025-11-04T13:14:40.206+0000] {processor.py:830} INFO - Processing file /opt/airflow/dags/ingestion_dag.py for tasks to queue
[2025-11-04T13:14:40.208+0000] {logging_mixin.py:188} INFO - [2025-11-04T13:14:40.208+0000] {dagbag.py:538} INFO - Filling up the DagBag from /opt/airflow/dags/ingestion_dag.py
[2025-11-04T13:14:40.362+0000] {processor.py:840} INFO - DAG(s) 'ingestion_pipeline' retrieved from /opt/airflow/dags/ingestion_dag.py
[2025-11-04T13:14:40.403+0000] {logging_mixin.py:188} INFO - [2025-11-04T13:14:40.402+0000] {dag.py:3036} INFO - Sync 1 DAGs
[2025-11-04T13:14:40.435+0000] {logging_mixin.py:188} INFO - [2025-11-04T13:14:40.435+0000] {dag.py:3823} INFO - Setting next_dagrun for ingestion_pipeline to 2025-11-04 00:00:00+00:00, run_after=2025-11-05 00:00:00+00:00
[2025-11-04T13:14:40.484+0000] {processor.py:183} INFO - Processing /opt/airflow/dags/ingestion_dag.py took 0.286 seconds
[2025-11-04T13:15:10.618+0000] {processor.py:161} INFO - Started process (PID=34902) to work on /opt/airflow/dags/ingestion_dag.py
[2025-11-04T13:15:10.621+0000] {processor.py:830} INFO - Processing file /opt/airflow/dags/ingestion_dag.py for tasks to queue
[2025-11-04T13:15:10.626+0000] {logging_mixin.py:188} INFO - [2025-11-04T13:15:10.625+0000] {dagbag.py:538} INFO - Filling up the DagBag from /opt/airflow/dags/ingestion_dag.py
[2025-11-04T13:15:10.748+0000] {processor.py:840} INFO - DAG(s) 'ingestion_pipeline' retrieved from /opt/airflow/dags/ingestion_dag.py
[2025-11-04T13:15:10.786+0000] {logging_mixin.py:188} INFO - [2025-11-04T13:15:10.785+0000] {dag.py:3036} INFO - Sync 1 DAGs
[2025-11-04T13:15:10.808+0000] {logging_mixin.py:188} INFO - [2025-11-04T13:15:10.808+0000] {dag.py:3823} INFO - Setting next_dagrun for ingestion_pipeline to 2025-11-04 00:00:00+00:00, run_after=2025-11-05 00:00:00+00:00
[2025-11-04T13:15:10.833+0000] {processor.py:183} INFO - Processing /opt/airflow/dags/ingestion_dag.py took 0.223 seconds
[2025-11-04T13:15:40.902+0000] {processor.py:161} INFO - Started process (PID=34937) to work on /opt/airflow/dags/ingestion_dag.py
[2025-11-04T13:15:40.904+0000] {processor.py:830} INFO - Processing file /opt/airflow/dags/ingestion_dag.py for tasks to queue
[2025-11-04T13:15:40.905+0000] {logging_mixin.py:188} INFO - [2025-11-04T13:15:40.905+0000] {dagbag.py:538} INFO - Filling up the DagBag from /opt/airflow/dags/ingestion_dag.py
[2025-11-04T13:15:40.992+0000] {processor.py:840} INFO - DAG(s) 'ingestion_pipeline' retrieved from /opt/airflow/dags/ingestion_dag.py
[2025-11-04T13:15:41.026+0000] {logging_mixin.py:188} INFO - [2025-11-04T13:15:41.026+0000] {dag.py:3036} INFO - Sync 1 DAGs
[2025-11-04T13:15:41.053+0000] {logging_mixin.py:188} INFO - [2025-11-04T13:15:41.052+0000] {dag.py:3823} INFO - Setting next_dagrun for ingestion_pipeline to 2025-11-04 00:00:00+00:00, run_after=2025-11-05 00:00:00+00:00
[2025-11-04T13:15:41.085+0000] {processor.py:183} INFO - Processing /opt/airflow/dags/ingestion_dag.py took 0.187 seconds
[2025-11-04T13:16:11.292+0000] {processor.py:161} INFO - Started process (PID=34972) to work on /opt/airflow/dags/ingestion_dag.py
[2025-11-04T13:16:11.294+0000] {processor.py:830} INFO - Processing file /opt/airflow/dags/ingestion_dag.py for tasks to queue
[2025-11-04T13:16:11.296+0000] {logging_mixin.py:188} INFO - [2025-11-04T13:16:11.296+0000] {dagbag.py:538} INFO - Filling up the DagBag from /opt/airflow/dags/ingestion_dag.py
[2025-11-04T13:16:11.428+0000] {processor.py:840} INFO - DAG(s) 'ingestion_pipeline' retrieved from /opt/airflow/dags/ingestion_dag.py
[2025-11-04T13:16:11.468+0000] {logging_mixin.py:188} INFO - [2025-11-04T13:16:11.468+0000] {dag.py:3036} INFO - Sync 1 DAGs
[2025-11-04T13:16:11.497+0000] {logging_mixin.py:188} INFO - [2025-11-04T13:16:11.496+0000] {dag.py:3823} INFO - Setting next_dagrun for ingestion_pipeline to 2025-11-04 00:00:00+00:00, run_after=2025-11-05 00:00:00+00:00
[2025-11-04T13:16:11.531+0000] {processor.py:183} INFO - Processing /opt/airflow/dags/ingestion_dag.py took 0.243 seconds
[2025-11-04T13:16:42.199+0000] {processor.py:161} INFO - Started process (PID=35007) to work on /opt/airflow/dags/ingestion_dag.py
[2025-11-04T13:16:42.202+0000] {processor.py:830} INFO - Processing file /opt/airflow/dags/ingestion_dag.py for tasks to queue
[2025-11-04T13:16:42.205+0000] {logging_mixin.py:188} INFO - [2025-11-04T13:16:42.205+0000] {dagbag.py:538} INFO - Filling up the DagBag from /opt/airflow/dags/ingestion_dag.py
[2025-11-04T13:16:42.340+0000] {processor.py:840} INFO - DAG(s) 'ingestion_pipeline' retrieved from /opt/airflow/dags/ingestion_dag.py
[2025-11-04T13:16:42.409+0000] {logging_mixin.py:188} INFO - [2025-11-04T13:16:42.409+0000] {dag.py:3036} INFO - Sync 1 DAGs
[2025-11-04T13:16:42.457+0000] {logging_mixin.py:188} INFO - [2025-11-04T13:16:42.456+0000] {dag.py:3823} INFO - Setting next_dagrun for ingestion_pipeline to 2025-11-04 00:00:00+00:00, run_after=2025-11-05 00:00:00+00:00
[2025-11-04T13:16:42.494+0000] {processor.py:183} INFO - Processing /opt/airflow/dags/ingestion_dag.py took 0.304 seconds
[2025-11-04T13:17:12.762+0000] {processor.py:161} INFO - Started process (PID=35042) to work on /opt/airflow/dags/ingestion_dag.py
[2025-11-04T13:17:12.764+0000] {processor.py:830} INFO - Processing file /opt/airflow/dags/ingestion_dag.py for tasks to queue
[2025-11-04T13:17:12.766+0000] {logging_mixin.py:188} INFO - [2025-11-04T13:17:12.766+0000] {dagbag.py:538} INFO - Filling up the DagBag from /opt/airflow/dags/ingestion_dag.py
[2025-11-04T13:17:12.889+0000] {processor.py:840} INFO - DAG(s) 'ingestion_pipeline' retrieved from /opt/airflow/dags/ingestion_dag.py
[2025-11-04T13:17:12.933+0000] {logging_mixin.py:188} INFO - [2025-11-04T13:17:12.933+0000] {dag.py:3036} INFO - Sync 1 DAGs
[2025-11-04T13:17:12.970+0000] {logging_mixin.py:188} INFO - [2025-11-04T13:17:12.969+0000] {dag.py:3823} INFO - Setting next_dagrun for ingestion_pipeline to 2025-11-04 00:00:00+00:00, run_after=2025-11-05 00:00:00+00:00
[2025-11-04T13:17:13.033+0000] {processor.py:183} INFO - Processing /opt/airflow/dags/ingestion_dag.py took 0.276 seconds
[2025-11-04T13:17:43.503+0000] {processor.py:161} INFO - Started process (PID=35075) to work on /opt/airflow/dags/ingestion_dag.py
[2025-11-04T13:17:43.508+0000] {processor.py:830} INFO - Processing file /opt/airflow/dags/ingestion_dag.py for tasks to queue
[2025-11-04T13:17:43.515+0000] {logging_mixin.py:188} INFO - [2025-11-04T13:17:43.514+0000] {dagbag.py:538} INFO - Filling up the DagBag from /opt/airflow/dags/ingestion_dag.py
[2025-11-04T13:17:43.904+0000] {processor.py:840} INFO - DAG(s) 'ingestion_pipeline' retrieved from /opt/airflow/dags/ingestion_dag.py
[2025-11-04T13:17:44.055+0000] {logging_mixin.py:188} INFO - [2025-11-04T13:17:44.054+0000] {dag.py:3036} INFO - Sync 1 DAGs
[2025-11-04T13:17:44.214+0000] {logging_mixin.py:188} INFO - [2025-11-04T13:17:44.213+0000] {dag.py:3823} INFO - Setting next_dagrun for ingestion_pipeline to 2025-11-04 00:00:00+00:00, run_after=2025-11-05 00:00:00+00:00
[2025-11-04T13:17:44.306+0000] {processor.py:183} INFO - Processing /opt/airflow/dags/ingestion_dag.py took 0.819 seconds
[2025-11-04T13:18:14.549+0000] {processor.py:161} INFO - Started process (PID=35107) to work on /opt/airflow/dags/ingestion_dag.py
[2025-11-04T13:18:14.552+0000] {processor.py:830} INFO - Processing file /opt/airflow/dags/ingestion_dag.py for tasks to queue
[2025-11-04T13:18:14.554+0000] {logging_mixin.py:188} INFO - [2025-11-04T13:18:14.553+0000] {dagbag.py:538} INFO - Filling up the DagBag from /opt/airflow/dags/ingestion_dag.py
[2025-11-04T13:18:14.714+0000] {processor.py:840} INFO - DAG(s) 'ingestion_pipeline' retrieved from /opt/airflow/dags/ingestion_dag.py
[2025-11-04T13:18:14.790+0000] {logging_mixin.py:188} INFO - [2025-11-04T13:18:14.790+0000] {dag.py:3036} INFO - Sync 1 DAGs
[2025-11-04T13:18:14.853+0000] {logging_mixin.py:188} INFO - [2025-11-04T13:18:14.852+0000] {dag.py:3823} INFO - Setting next_dagrun for ingestion_pipeline to 2025-11-04 00:00:00+00:00, run_after=2025-11-05 00:00:00+00:00
[2025-11-04T13:18:14.903+0000] {processor.py:183} INFO - Processing /opt/airflow/dags/ingestion_dag.py took 0.364 seconds
[2025-11-04T13:18:45.184+0000] {processor.py:161} INFO - Started process (PID=35142) to work on /opt/airflow/dags/ingestion_dag.py
[2025-11-04T13:18:45.186+0000] {processor.py:830} INFO - Processing file /opt/airflow/dags/ingestion_dag.py for tasks to queue
[2025-11-04T13:18:45.188+0000] {logging_mixin.py:188} INFO - [2025-11-04T13:18:45.187+0000] {dagbag.py:538} INFO - Filling up the DagBag from /opt/airflow/dags/ingestion_dag.py
[2025-11-04T13:18:45.280+0000] {processor.py:840} INFO - DAG(s) 'ingestion_pipeline' retrieved from /opt/airflow/dags/ingestion_dag.py
[2025-11-04T13:18:45.316+0000] {logging_mixin.py:188} INFO - [2025-11-04T13:18:45.316+0000] {dag.py:3036} INFO - Sync 1 DAGs
[2025-11-04T13:18:45.337+0000] {logging_mixin.py:188} INFO - [2025-11-04T13:18:45.337+0000] {dag.py:3823} INFO - Setting next_dagrun for ingestion_pipeline to 2025-11-04 00:00:00+00:00, run_after=2025-11-05 00:00:00+00:00
[2025-11-04T13:18:45.364+0000] {processor.py:183} INFO - Processing /opt/airflow/dags/ingestion_dag.py took 0.187 seconds
[2025-11-04T13:19:15.679+0000] {processor.py:161} INFO - Started process (PID=35177) to work on /opt/airflow/dags/ingestion_dag.py
[2025-11-04T13:19:15.682+0000] {processor.py:830} INFO - Processing file /opt/airflow/dags/ingestion_dag.py for tasks to queue
[2025-11-04T13:19:15.685+0000] {logging_mixin.py:188} INFO - [2025-11-04T13:19:15.684+0000] {dagbag.py:538} INFO - Filling up the DagBag from /opt/airflow/dags/ingestion_dag.py
[2025-11-04T13:19:15.814+0000] {processor.py:840} INFO - DAG(s) 'ingestion_pipeline' retrieved from /opt/airflow/dags/ingestion_dag.py
[2025-11-04T13:19:15.858+0000] {logging_mixin.py:188} INFO - [2025-11-04T13:19:15.858+0000] {dag.py:3036} INFO - Sync 1 DAGs
[2025-11-04T13:19:15.896+0000] {logging_mixin.py:188} INFO - [2025-11-04T13:19:15.896+0000] {dag.py:3823} INFO - Setting next_dagrun for ingestion_pipeline to 2025-11-04 00:00:00+00:00, run_after=2025-11-05 00:00:00+00:00
[2025-11-04T13:19:15.926+0000] {processor.py:183} INFO - Processing /opt/airflow/dags/ingestion_dag.py took 0.252 seconds
[2025-11-04T13:19:46.155+0000] {processor.py:161} INFO - Started process (PID=35222) to work on /opt/airflow/dags/ingestion_dag.py
[2025-11-04T13:19:46.156+0000] {processor.py:830} INFO - Processing file /opt/airflow/dags/ingestion_dag.py for tasks to queue
[2025-11-04T13:19:46.158+0000] {logging_mixin.py:188} INFO - [2025-11-04T13:19:46.157+0000] {dagbag.py:538} INFO - Filling up the DagBag from /opt/airflow/dags/ingestion_dag.py
[2025-11-04T13:19:46.243+0000] {processor.py:840} INFO - DAG(s) 'ingestion_pipeline' retrieved from /opt/airflow/dags/ingestion_dag.py
[2025-11-04T13:19:46.279+0000] {logging_mixin.py:188} INFO - [2025-11-04T13:19:46.278+0000] {dag.py:3036} INFO - Sync 1 DAGs
[2025-11-04T13:19:46.306+0000] {logging_mixin.py:188} INFO - [2025-11-04T13:19:46.306+0000] {dag.py:3823} INFO - Setting next_dagrun for ingestion_pipeline to 2025-11-04 00:00:00+00:00, run_after=2025-11-05 00:00:00+00:00
[2025-11-04T13:19:46.337+0000] {processor.py:183} INFO - Processing /opt/airflow/dags/ingestion_dag.py took 0.186 seconds
[2025-11-04T13:20:16.724+0000] {processor.py:161} INFO - Started process (PID=35262) to work on /opt/airflow/dags/ingestion_dag.py
[2025-11-04T13:20:16.726+0000] {processor.py:830} INFO - Processing file /opt/airflow/dags/ingestion_dag.py for tasks to queue
[2025-11-04T13:20:16.727+0000] {logging_mixin.py:188} INFO - [2025-11-04T13:20:16.727+0000] {dagbag.py:538} INFO - Filling up the DagBag from /opt/airflow/dags/ingestion_dag.py
[2025-11-04T13:20:16.845+0000] {processor.py:840} INFO - DAG(s) 'ingestion_pipeline' retrieved from /opt/airflow/dags/ingestion_dag.py
[2025-11-04T13:20:16.892+0000] {logging_mixin.py:188} INFO - [2025-11-04T13:20:16.891+0000] {dag.py:3036} INFO - Sync 1 DAGs
[2025-11-04T13:20:16.929+0000] {logging_mixin.py:188} INFO - [2025-11-04T13:20:16.928+0000] {dag.py:3823} INFO - Setting next_dagrun for ingestion_pipeline to 2025-11-04 00:00:00+00:00, run_after=2025-11-05 00:00:00+00:00
[2025-11-04T13:20:16.957+0000] {processor.py:183} INFO - Processing /opt/airflow/dags/ingestion_dag.py took 0.238 seconds
[2025-11-04T13:20:47.074+0000] {processor.py:161} INFO - Started process (PID=35297) to work on /opt/airflow/dags/ingestion_dag.py
[2025-11-04T13:20:47.076+0000] {processor.py:830} INFO - Processing file /opt/airflow/dags/ingestion_dag.py for tasks to queue
[2025-11-04T13:20:47.077+0000] {logging_mixin.py:188} INFO - [2025-11-04T13:20:47.077+0000] {dagbag.py:538} INFO - Filling up the DagBag from /opt/airflow/dags/ingestion_dag.py
[2025-11-04T13:20:47.176+0000] {processor.py:840} INFO - DAG(s) 'ingestion_pipeline' retrieved from /opt/airflow/dags/ingestion_dag.py
[2025-11-04T13:20:47.221+0000] {logging_mixin.py:188} INFO - [2025-11-04T13:20:47.220+0000] {dag.py:3036} INFO - Sync 1 DAGs
[2025-11-04T13:20:47.256+0000] {logging_mixin.py:188} INFO - [2025-11-04T13:20:47.256+0000] {dag.py:3823} INFO - Setting next_dagrun for ingestion_pipeline to 2025-11-04 00:00:00+00:00, run_after=2025-11-05 00:00:00+00:00
[2025-11-04T13:20:47.288+0000] {processor.py:183} INFO - Processing /opt/airflow/dags/ingestion_dag.py took 0.217 seconds
[2025-11-04T13:21:17.515+0000] {processor.py:161} INFO - Started process (PID=35332) to work on /opt/airflow/dags/ingestion_dag.py
[2025-11-04T13:21:17.517+0000] {processor.py:830} INFO - Processing file /opt/airflow/dags/ingestion_dag.py for tasks to queue
[2025-11-04T13:21:17.521+0000] {logging_mixin.py:188} INFO - [2025-11-04T13:21:17.519+0000] {dagbag.py:538} INFO - Filling up the DagBag from /opt/airflow/dags/ingestion_dag.py
[2025-11-04T13:21:17.661+0000] {processor.py:840} INFO - DAG(s) 'ingestion_pipeline' retrieved from /opt/airflow/dags/ingestion_dag.py
[2025-11-04T13:21:17.708+0000] {logging_mixin.py:188} INFO - [2025-11-04T13:21:17.708+0000] {dag.py:3036} INFO - Sync 1 DAGs
[2025-11-04T13:21:17.739+0000] {logging_mixin.py:188} INFO - [2025-11-04T13:21:17.739+0000] {dag.py:3823} INFO - Setting next_dagrun for ingestion_pipeline to 2025-11-04 00:00:00+00:00, run_after=2025-11-05 00:00:00+00:00
[2025-11-04T13:21:17.771+0000] {processor.py:183} INFO - Processing /opt/airflow/dags/ingestion_dag.py took 0.260 seconds
[2025-11-04T13:21:48.973+0000] {processor.py:161} INFO - Started process (PID=35367) to work on /opt/airflow/dags/ingestion_dag.py
[2025-11-04T13:21:48.974+0000] {processor.py:830} INFO - Processing file /opt/airflow/dags/ingestion_dag.py for tasks to queue
[2025-11-04T13:21:48.976+0000] {logging_mixin.py:188} INFO - [2025-11-04T13:21:48.975+0000] {dagbag.py:538} INFO - Filling up the DagBag from /opt/airflow/dags/ingestion_dag.py
[2025-11-04T13:21:49.074+0000] {processor.py:840} INFO - DAG(s) 'ingestion_pipeline' retrieved from /opt/airflow/dags/ingestion_dag.py
[2025-11-04T13:21:49.116+0000] {logging_mixin.py:188} INFO - [2025-11-04T13:21:49.116+0000] {dag.py:3036} INFO - Sync 1 DAGs
[2025-11-04T13:21:49.146+0000] {logging_mixin.py:188} INFO - [2025-11-04T13:21:49.146+0000] {dag.py:3823} INFO - Setting next_dagrun for ingestion_pipeline to 2025-11-04 00:00:00+00:00, run_after=2025-11-05 00:00:00+00:00
[2025-11-04T13:21:49.192+0000] {processor.py:183} INFO - Processing /opt/airflow/dags/ingestion_dag.py took 0.225 seconds
[2025-11-04T13:22:19.665+0000] {processor.py:161} INFO - Started process (PID=35397) to work on /opt/airflow/dags/ingestion_dag.py
[2025-11-04T13:22:19.667+0000] {processor.py:830} INFO - Processing file /opt/airflow/dags/ingestion_dag.py for tasks to queue
[2025-11-04T13:22:19.670+0000] {logging_mixin.py:188} INFO - [2025-11-04T13:22:19.669+0000] {dagbag.py:538} INFO - Filling up the DagBag from /opt/airflow/dags/ingestion_dag.py
[2025-11-04T13:22:19.792+0000] {processor.py:840} INFO - DAG(s) 'ingestion_pipeline' retrieved from /opt/airflow/dags/ingestion_dag.py
[2025-11-04T13:22:19.840+0000] {logging_mixin.py:188} INFO - [2025-11-04T13:22:19.840+0000] {dag.py:3036} INFO - Sync 1 DAGs
[2025-11-04T13:22:19.871+0000] {logging_mixin.py:188} INFO - [2025-11-04T13:22:19.870+0000] {dag.py:3823} INFO - Setting next_dagrun for ingestion_pipeline to 2025-11-04 00:00:00+00:00, run_after=2025-11-05 00:00:00+00:00
[2025-11-04T13:22:19.898+0000] {processor.py:183} INFO - Processing /opt/airflow/dags/ingestion_dag.py took 0.237 seconds
[2025-11-04T13:22:50.459+0000] {processor.py:161} INFO - Started process (PID=35435) to work on /opt/airflow/dags/ingestion_dag.py
[2025-11-04T13:22:50.461+0000] {processor.py:830} INFO - Processing file /opt/airflow/dags/ingestion_dag.py for tasks to queue
[2025-11-04T13:22:50.464+0000] {logging_mixin.py:188} INFO - [2025-11-04T13:22:50.463+0000] {dagbag.py:538} INFO - Filling up the DagBag from /opt/airflow/dags/ingestion_dag.py
[2025-11-04T13:22:50.642+0000] {processor.py:840} INFO - DAG(s) 'ingestion_pipeline' retrieved from /opt/airflow/dags/ingestion_dag.py
[2025-11-04T13:22:50.695+0000] {logging_mixin.py:188} INFO - [2025-11-04T13:22:50.694+0000] {dag.py:3036} INFO - Sync 1 DAGs
[2025-11-04T13:22:50.747+0000] {logging_mixin.py:188} INFO - [2025-11-04T13:22:50.746+0000] {dag.py:3823} INFO - Setting next_dagrun for ingestion_pipeline to 2025-11-04 00:00:00+00:00, run_after=2025-11-05 00:00:00+00:00
[2025-11-04T13:22:50.793+0000] {processor.py:183} INFO - Processing /opt/airflow/dags/ingestion_dag.py took 0.340 seconds
[2025-11-04T13:23:21.641+0000] {processor.py:161} INFO - Started process (PID=35470) to work on /opt/airflow/dags/ingestion_dag.py
[2025-11-04T13:23:21.643+0000] {processor.py:830} INFO - Processing file /opt/airflow/dags/ingestion_dag.py for tasks to queue
[2025-11-04T13:23:21.645+0000] {logging_mixin.py:188} INFO - [2025-11-04T13:23:21.644+0000] {dagbag.py:538} INFO - Filling up the DagBag from /opt/airflow/dags/ingestion_dag.py
[2025-11-04T13:23:21.852+0000] {processor.py:840} INFO - DAG(s) 'ingestion_pipeline' retrieved from /opt/airflow/dags/ingestion_dag.py
[2025-11-04T13:23:21.891+0000] {logging_mixin.py:188} INFO - [2025-11-04T13:23:21.890+0000] {dag.py:3036} INFO - Sync 1 DAGs
[2025-11-04T13:23:21.919+0000] {logging_mixin.py:188} INFO - [2025-11-04T13:23:21.919+0000] {dag.py:3823} INFO - Setting next_dagrun for ingestion_pipeline to 2025-11-04 00:00:00+00:00, run_after=2025-11-05 00:00:00+00:00
[2025-11-04T13:23:21.949+0000] {processor.py:183} INFO - Processing /opt/airflow/dags/ingestion_dag.py took 0.314 seconds
[2025-11-04T13:23:52.088+0000] {processor.py:161} INFO - Started process (PID=35505) to work on /opt/airflow/dags/ingestion_dag.py
[2025-11-04T13:23:52.089+0000] {processor.py:830} INFO - Processing file /opt/airflow/dags/ingestion_dag.py for tasks to queue
[2025-11-04T13:23:52.091+0000] {logging_mixin.py:188} INFO - [2025-11-04T13:23:52.091+0000] {dagbag.py:538} INFO - Filling up the DagBag from /opt/airflow/dags/ingestion_dag.py
[2025-11-04T13:23:52.197+0000] {processor.py:840} INFO - DAG(s) 'ingestion_pipeline' retrieved from /opt/airflow/dags/ingestion_dag.py
[2025-11-04T13:23:52.243+0000] {logging_mixin.py:188} INFO - [2025-11-04T13:23:52.243+0000] {dag.py:3036} INFO - Sync 1 DAGs
[2025-11-04T13:23:52.272+0000] {logging_mixin.py:188} INFO - [2025-11-04T13:23:52.271+0000] {dag.py:3823} INFO - Setting next_dagrun for ingestion_pipeline to 2025-11-04 00:00:00+00:00, run_after=2025-11-05 00:00:00+00:00
[2025-11-04T13:23:52.306+0000] {processor.py:183} INFO - Processing /opt/airflow/dags/ingestion_dag.py took 0.223 seconds
[2025-11-04T13:24:22.641+0000] {processor.py:161} INFO - Started process (PID=35540) to work on /opt/airflow/dags/ingestion_dag.py
[2025-11-04T13:24:22.648+0000] {processor.py:830} INFO - Processing file /opt/airflow/dags/ingestion_dag.py for tasks to queue
[2025-11-04T13:24:22.651+0000] {logging_mixin.py:188} INFO - [2025-11-04T13:24:22.650+0000] {dagbag.py:538} INFO - Filling up the DagBag from /opt/airflow/dags/ingestion_dag.py
[2025-11-04T13:24:22.874+0000] {processor.py:840} INFO - DAG(s) 'ingestion_pipeline' retrieved from /opt/airflow/dags/ingestion_dag.py
[2025-11-04T13:24:22.940+0000] {logging_mixin.py:188} INFO - [2025-11-04T13:24:22.939+0000] {dag.py:3036} INFO - Sync 1 DAGs
[2025-11-04T13:24:22.992+0000] {logging_mixin.py:188} INFO - [2025-11-04T13:24:22.991+0000] {dag.py:3823} INFO - Setting next_dagrun for ingestion_pipeline to 2025-11-04 00:00:00+00:00, run_after=2025-11-05 00:00:00+00:00
[2025-11-04T13:24:23.058+0000] {processor.py:183} INFO - Processing /opt/airflow/dags/ingestion_dag.py took 0.434 seconds
[2025-11-04T13:24:53.206+0000] {processor.py:161} INFO - Started process (PID=35572) to work on /opt/airflow/dags/ingestion_dag.py
[2025-11-04T13:24:53.208+0000] {processor.py:830} INFO - Processing file /opt/airflow/dags/ingestion_dag.py for tasks to queue
[2025-11-04T13:24:53.210+0000] {logging_mixin.py:188} INFO - [2025-11-04T13:24:53.210+0000] {dagbag.py:538} INFO - Filling up the DagBag from /opt/airflow/dags/ingestion_dag.py
[2025-11-04T13:24:53.334+0000] {processor.py:840} INFO - DAG(s) 'ingestion_pipeline' retrieved from /opt/airflow/dags/ingestion_dag.py
[2025-11-04T13:24:53.367+0000] {logging_mixin.py:188} INFO - [2025-11-04T13:24:53.366+0000] {dag.py:3036} INFO - Sync 1 DAGs
[2025-11-04T13:24:53.398+0000] {logging_mixin.py:188} INFO - [2025-11-04T13:24:53.398+0000] {dag.py:3823} INFO - Setting next_dagrun for ingestion_pipeline to 2025-11-04 00:00:00+00:00, run_after=2025-11-05 00:00:00+00:00
[2025-11-04T13:24:53.428+0000] {processor.py:183} INFO - Processing /opt/airflow/dags/ingestion_dag.py took 0.228 seconds
[2025-11-04T13:25:23.661+0000] {processor.py:161} INFO - Started process (PID=35607) to work on /opt/airflow/dags/ingestion_dag.py
[2025-11-04T13:25:23.663+0000] {processor.py:830} INFO - Processing file /opt/airflow/dags/ingestion_dag.py for tasks to queue
[2025-11-04T13:25:23.665+0000] {logging_mixin.py:188} INFO - [2025-11-04T13:25:23.664+0000] {dagbag.py:538} INFO - Filling up the DagBag from /opt/airflow/dags/ingestion_dag.py
[2025-11-04T13:25:23.770+0000] {processor.py:840} INFO - DAG(s) 'ingestion_pipeline' retrieved from /opt/airflow/dags/ingestion_dag.py
[2025-11-04T13:25:23.809+0000] {logging_mixin.py:188} INFO - [2025-11-04T13:25:23.809+0000] {dag.py:3036} INFO - Sync 1 DAGs
[2025-11-04T13:25:23.837+0000] {logging_mixin.py:188} INFO - [2025-11-04T13:25:23.837+0000] {dag.py:3823} INFO - Setting next_dagrun for ingestion_pipeline to 2025-11-04 00:00:00+00:00, run_after=2025-11-05 00:00:00+00:00
[2025-11-04T13:25:23.871+0000] {processor.py:183} INFO - Processing /opt/airflow/dags/ingestion_dag.py took 0.217 seconds
[2025-11-04T13:25:54.028+0000] {processor.py:161} INFO - Started process (PID=35647) to work on /opt/airflow/dags/ingestion_dag.py
[2025-11-04T13:25:54.030+0000] {processor.py:830} INFO - Processing file /opt/airflow/dags/ingestion_dag.py for tasks to queue
[2025-11-04T13:25:54.031+0000] {logging_mixin.py:188} INFO - [2025-11-04T13:25:54.031+0000] {dagbag.py:538} INFO - Filling up the DagBag from /opt/airflow/dags/ingestion_dag.py
[2025-11-04T13:25:54.133+0000] {processor.py:840} INFO - DAG(s) 'ingestion_pipeline' retrieved from /opt/airflow/dags/ingestion_dag.py
[2025-11-04T13:25:54.175+0000] {logging_mixin.py:188} INFO - [2025-11-04T13:25:54.174+0000] {dag.py:3036} INFO - Sync 1 DAGs
[2025-11-04T13:25:54.205+0000] {logging_mixin.py:188} INFO - [2025-11-04T13:25:54.204+0000] {dag.py:3823} INFO - Setting next_dagrun for ingestion_pipeline to 2025-11-04 00:00:00+00:00, run_after=2025-11-05 00:00:00+00:00
[2025-11-04T13:25:54.236+0000] {processor.py:183} INFO - Processing /opt/airflow/dags/ingestion_dag.py took 0.213 seconds
[2025-11-04T13:26:24.408+0000] {processor.py:161} INFO - Started process (PID=35682) to work on /opt/airflow/dags/ingestion_dag.py
[2025-11-04T13:26:24.410+0000] {processor.py:830} INFO - Processing file /opt/airflow/dags/ingestion_dag.py for tasks to queue
[2025-11-04T13:26:24.411+0000] {logging_mixin.py:188} INFO - [2025-11-04T13:26:24.411+0000] {dagbag.py:538} INFO - Filling up the DagBag from /opt/airflow/dags/ingestion_dag.py
[2025-11-04T13:26:24.558+0000] {processor.py:840} INFO - DAG(s) 'ingestion_pipeline' retrieved from /opt/airflow/dags/ingestion_dag.py
[2025-11-04T13:26:24.616+0000] {logging_mixin.py:188} INFO - [2025-11-04T13:26:24.615+0000] {dag.py:3036} INFO - Sync 1 DAGs
[2025-11-04T13:26:24.651+0000] {logging_mixin.py:188} INFO - [2025-11-04T13:26:24.650+0000] {dag.py:3823} INFO - Setting next_dagrun for ingestion_pipeline to 2025-11-04 00:00:00+00:00, run_after=2025-11-05 00:00:00+00:00
[2025-11-04T13:26:24.697+0000] {processor.py:183} INFO - Processing /opt/airflow/dags/ingestion_dag.py took 0.294 seconds
[2025-11-04T13:26:55.692+0000] {processor.py:161} INFO - Started process (PID=35717) to work on /opt/airflow/dags/ingestion_dag.py
[2025-11-04T13:26:55.693+0000] {processor.py:830} INFO - Processing file /opt/airflow/dags/ingestion_dag.py for tasks to queue
[2025-11-04T13:26:55.695+0000] {logging_mixin.py:188} INFO - [2025-11-04T13:26:55.695+0000] {dagbag.py:538} INFO - Filling up the DagBag from /opt/airflow/dags/ingestion_dag.py
[2025-11-04T13:26:55.818+0000] {processor.py:840} INFO - DAG(s) 'ingestion_pipeline' retrieved from /opt/airflow/dags/ingestion_dag.py
[2025-11-04T13:26:55.871+0000] {logging_mixin.py:188} INFO - [2025-11-04T13:26:55.871+0000] {dag.py:3036} INFO - Sync 1 DAGs
[2025-11-04T13:26:55.906+0000] {logging_mixin.py:188} INFO - [2025-11-04T13:26:55.906+0000] {dag.py:3823} INFO - Setting next_dagrun for ingestion_pipeline to 2025-11-04 00:00:00+00:00, run_after=2025-11-05 00:00:00+00:00
[2025-11-04T13:26:55.934+0000] {processor.py:183} INFO - Processing /opt/airflow/dags/ingestion_dag.py took 0.252 seconds
[2025-11-04T13:27:26.027+0000] {processor.py:161} INFO - Started process (PID=35752) to work on /opt/airflow/dags/ingestion_dag.py
[2025-11-04T13:27:26.029+0000] {processor.py:830} INFO - Processing file /opt/airflow/dags/ingestion_dag.py for tasks to queue
[2025-11-04T13:27:26.030+0000] {logging_mixin.py:188} INFO - [2025-11-04T13:27:26.030+0000] {dagbag.py:538} INFO - Filling up the DagBag from /opt/airflow/dags/ingestion_dag.py
[2025-11-04T13:27:26.141+0000] {processor.py:840} INFO - DAG(s) 'ingestion_pipeline' retrieved from /opt/airflow/dags/ingestion_dag.py
[2025-11-04T13:27:26.181+0000] {logging_mixin.py:188} INFO - [2025-11-04T13:27:26.180+0000] {dag.py:3036} INFO - Sync 1 DAGs
[2025-11-04T13:27:26.214+0000] {logging_mixin.py:188} INFO - [2025-11-04T13:27:26.213+0000] {dag.py:3823} INFO - Setting next_dagrun for ingestion_pipeline to 2025-11-04 00:00:00+00:00, run_after=2025-11-05 00:00:00+00:00
[2025-11-04T13:27:26.246+0000] {processor.py:183} INFO - Processing /opt/airflow/dags/ingestion_dag.py took 0.224 seconds
[2025-11-04T13:27:56.389+0000] {processor.py:161} INFO - Started process (PID=35787) to work on /opt/airflow/dags/ingestion_dag.py
[2025-11-04T13:27:56.391+0000] {processor.py:830} INFO - Processing file /opt/airflow/dags/ingestion_dag.py for tasks to queue
[2025-11-04T13:27:56.392+0000] {logging_mixin.py:188} INFO - [2025-11-04T13:27:56.392+0000] {dagbag.py:538} INFO - Filling up the DagBag from /opt/airflow/dags/ingestion_dag.py
[2025-11-04T13:27:56.558+0000] {processor.py:840} INFO - DAG(s) 'ingestion_pipeline' retrieved from /opt/airflow/dags/ingestion_dag.py
[2025-11-04T13:27:56.598+0000] {logging_mixin.py:188} INFO - [2025-11-04T13:27:56.598+0000] {dag.py:3036} INFO - Sync 1 DAGs
[2025-11-04T13:27:56.629+0000] {logging_mixin.py:188} INFO - [2025-11-04T13:27:56.629+0000] {dag.py:3823} INFO - Setting next_dagrun for ingestion_pipeline to 2025-11-04 00:00:00+00:00, run_after=2025-11-05 00:00:00+00:00
[2025-11-04T13:27:56.663+0000] {processor.py:183} INFO - Processing /opt/airflow/dags/ingestion_dag.py took 0.278 seconds
[2025-11-04T13:28:26.789+0000] {processor.py:161} INFO - Started process (PID=35822) to work on /opt/airflow/dags/ingestion_dag.py
[2025-11-04T13:28:26.791+0000] {processor.py:830} INFO - Processing file /opt/airflow/dags/ingestion_dag.py for tasks to queue
[2025-11-04T13:28:26.793+0000] {logging_mixin.py:188} INFO - [2025-11-04T13:28:26.792+0000] {dagbag.py:538} INFO - Filling up the DagBag from /opt/airflow/dags/ingestion_dag.py
[2025-11-04T13:28:26.930+0000] {processor.py:840} INFO - DAG(s) 'ingestion_pipeline' retrieved from /opt/airflow/dags/ingestion_dag.py
[2025-11-04T13:28:26.969+0000] {logging_mixin.py:188} INFO - [2025-11-04T13:28:26.969+0000] {dag.py:3036} INFO - Sync 1 DAGs
[2025-11-04T13:28:26.999+0000] {logging_mixin.py:188} INFO - [2025-11-04T13:28:26.998+0000] {dag.py:3823} INFO - Setting next_dagrun for ingestion_pipeline to 2025-11-04 00:00:00+00:00, run_after=2025-11-05 00:00:00+00:00
[2025-11-04T13:28:27.036+0000] {processor.py:183} INFO - Processing /opt/airflow/dags/ingestion_dag.py took 0.253 seconds
[2025-11-04T13:28:57.146+0000] {processor.py:161} INFO - Started process (PID=35857) to work on /opt/airflow/dags/ingestion_dag.py
[2025-11-04T13:28:57.148+0000] {processor.py:830} INFO - Processing file /opt/airflow/dags/ingestion_dag.py for tasks to queue
[2025-11-04T13:28:57.150+0000] {logging_mixin.py:188} INFO - [2025-11-04T13:28:57.150+0000] {dagbag.py:538} INFO - Filling up the DagBag from /opt/airflow/dags/ingestion_dag.py
[2025-11-04T13:28:57.264+0000] {processor.py:840} INFO - DAG(s) 'ingestion_pipeline' retrieved from /opt/airflow/dags/ingestion_dag.py
[2025-11-04T13:28:57.297+0000] {logging_mixin.py:188} INFO - [2025-11-04T13:28:57.297+0000] {dag.py:3036} INFO - Sync 1 DAGs
[2025-11-04T13:28:57.322+0000] {logging_mixin.py:188} INFO - [2025-11-04T13:28:57.322+0000] {dag.py:3823} INFO - Setting next_dagrun for ingestion_pipeline to 2025-11-04 00:00:00+00:00, run_after=2025-11-05 00:00:00+00:00
[2025-11-04T13:28:57.356+0000] {processor.py:183} INFO - Processing /opt/airflow/dags/ingestion_dag.py took 0.215 seconds
[2025-11-04T13:29:27.458+0000] {processor.py:161} INFO - Started process (PID=35892) to work on /opt/airflow/dags/ingestion_dag.py
[2025-11-04T13:29:27.461+0000] {processor.py:830} INFO - Processing file /opt/airflow/dags/ingestion_dag.py for tasks to queue
[2025-11-04T13:29:27.465+0000] {logging_mixin.py:188} INFO - [2025-11-04T13:29:27.463+0000] {dagbag.py:538} INFO - Filling up the DagBag from /opt/airflow/dags/ingestion_dag.py
[2025-11-04T13:29:27.582+0000] {processor.py:840} INFO - DAG(s) 'ingestion_pipeline' retrieved from /opt/airflow/dags/ingestion_dag.py
[2025-11-04T13:29:27.620+0000] {logging_mixin.py:188} INFO - [2025-11-04T13:29:27.619+0000] {dag.py:3036} INFO - Sync 1 DAGs
[2025-11-04T13:29:27.647+0000] {logging_mixin.py:188} INFO - [2025-11-04T13:29:27.647+0000] {dag.py:3823} INFO - Setting next_dagrun for ingestion_pipeline to 2025-11-04 00:00:00+00:00, run_after=2025-11-05 00:00:00+00:00
[2025-11-04T13:29:27.675+0000] {processor.py:183} INFO - Processing /opt/airflow/dags/ingestion_dag.py took 0.222 seconds
[2025-11-04T13:29:57.832+0000] {processor.py:161} INFO - Started process (PID=35927) to work on /opt/airflow/dags/ingestion_dag.py
[2025-11-04T13:29:57.835+0000] {processor.py:830} INFO - Processing file /opt/airflow/dags/ingestion_dag.py for tasks to queue
[2025-11-04T13:29:57.837+0000] {logging_mixin.py:188} INFO - [2025-11-04T13:29:57.836+0000] {dagbag.py:538} INFO - Filling up the DagBag from /opt/airflow/dags/ingestion_dag.py
[2025-11-04T13:29:57.968+0000] {processor.py:840} INFO - DAG(s) 'ingestion_pipeline' retrieved from /opt/airflow/dags/ingestion_dag.py
[2025-11-04T13:29:58.001+0000] {logging_mixin.py:188} INFO - [2025-11-04T13:29:58.001+0000] {dag.py:3036} INFO - Sync 1 DAGs
[2025-11-04T13:29:58.029+0000] {logging_mixin.py:188} INFO - [2025-11-04T13:29:58.029+0000] {dag.py:3823} INFO - Setting next_dagrun for ingestion_pipeline to 2025-11-04 00:00:00+00:00, run_after=2025-11-05 00:00:00+00:00
[2025-11-04T13:29:58.064+0000] {processor.py:183} INFO - Processing /opt/airflow/dags/ingestion_dag.py took 0.238 seconds
[2025-11-04T13:30:28.200+0000] {processor.py:161} INFO - Started process (PID=35962) to work on /opt/airflow/dags/ingestion_dag.py
[2025-11-04T13:30:28.202+0000] {processor.py:830} INFO - Processing file /opt/airflow/dags/ingestion_dag.py for tasks to queue
[2025-11-04T13:30:28.204+0000] {logging_mixin.py:188} INFO - [2025-11-04T13:30:28.203+0000] {dagbag.py:538} INFO - Filling up the DagBag from /opt/airflow/dags/ingestion_dag.py
[2025-11-04T13:30:28.335+0000] {processor.py:840} INFO - DAG(s) 'ingestion_pipeline' retrieved from /opt/airflow/dags/ingestion_dag.py
[2025-11-04T13:30:28.371+0000] {logging_mixin.py:188} INFO - [2025-11-04T13:30:28.371+0000] {dag.py:3036} INFO - Sync 1 DAGs
[2025-11-04T13:30:28.398+0000] {logging_mixin.py:188} INFO - [2025-11-04T13:30:28.398+0000] {dag.py:3823} INFO - Setting next_dagrun for ingestion_pipeline to 2025-11-04 00:00:00+00:00, run_after=2025-11-05 00:00:00+00:00
[2025-11-04T13:30:28.428+0000] {processor.py:183} INFO - Processing /opt/airflow/dags/ingestion_dag.py took 0.233 seconds
[2025-11-04T13:30:58.528+0000] {processor.py:161} INFO - Started process (PID=35997) to work on /opt/airflow/dags/ingestion_dag.py
[2025-11-04T13:30:58.531+0000] {processor.py:830} INFO - Processing file /opt/airflow/dags/ingestion_dag.py for tasks to queue
[2025-11-04T13:30:58.534+0000] {logging_mixin.py:188} INFO - [2025-11-04T13:30:58.533+0000] {dagbag.py:538} INFO - Filling up the DagBag from /opt/airflow/dags/ingestion_dag.py
[2025-11-04T13:30:58.683+0000] {processor.py:840} INFO - DAG(s) 'ingestion_pipeline' retrieved from /opt/airflow/dags/ingestion_dag.py
[2025-11-04T13:30:58.722+0000] {logging_mixin.py:188} INFO - [2025-11-04T13:30:58.722+0000] {dag.py:3036} INFO - Sync 1 DAGs
[2025-11-04T13:30:58.760+0000] {logging_mixin.py:188} INFO - [2025-11-04T13:30:58.760+0000] {dag.py:3823} INFO - Setting next_dagrun for ingestion_pipeline to 2025-11-04 00:00:00+00:00, run_after=2025-11-05 00:00:00+00:00
[2025-11-04T13:30:58.793+0000] {processor.py:183} INFO - Processing /opt/airflow/dags/ingestion_dag.py took 0.272 seconds
[2025-11-04T13:31:28.905+0000] {processor.py:161} INFO - Started process (PID=36032) to work on /opt/airflow/dags/ingestion_dag.py
[2025-11-04T13:31:28.907+0000] {processor.py:830} INFO - Processing file /opt/airflow/dags/ingestion_dag.py for tasks to queue
[2025-11-04T13:31:28.909+0000] {logging_mixin.py:188} INFO - [2025-11-04T13:31:28.908+0000] {dagbag.py:538} INFO - Filling up the DagBag from /opt/airflow/dags/ingestion_dag.py
[2025-11-04T13:31:29.030+0000] {processor.py:840} INFO - DAG(s) 'ingestion_pipeline' retrieved from /opt/airflow/dags/ingestion_dag.py
[2025-11-04T13:31:29.071+0000] {logging_mixin.py:188} INFO - [2025-11-04T13:31:29.071+0000] {dag.py:3036} INFO - Sync 1 DAGs
[2025-11-04T13:31:29.101+0000] {logging_mixin.py:188} INFO - [2025-11-04T13:31:29.100+0000] {dag.py:3823} INFO - Setting next_dagrun for ingestion_pipeline to 2025-11-04 00:00:00+00:00, run_after=2025-11-05 00:00:00+00:00
[2025-11-04T13:31:29.132+0000] {processor.py:183} INFO - Processing /opt/airflow/dags/ingestion_dag.py took 0.232 seconds
[2025-11-04T13:31:59.380+0000] {processor.py:161} INFO - Started process (PID=36067) to work on /opt/airflow/dags/ingestion_dag.py
[2025-11-04T13:31:59.382+0000] {processor.py:830} INFO - Processing file /opt/airflow/dags/ingestion_dag.py for tasks to queue
[2025-11-04T13:31:59.384+0000] {logging_mixin.py:188} INFO - [2025-11-04T13:31:59.383+0000] {dagbag.py:538} INFO - Filling up the DagBag from /opt/airflow/dags/ingestion_dag.py
[2025-11-04T13:31:59.509+0000] {processor.py:840} INFO - DAG(s) 'ingestion_pipeline' retrieved from /opt/airflow/dags/ingestion_dag.py
[2025-11-04T13:31:59.549+0000] {logging_mixin.py:188} INFO - [2025-11-04T13:31:59.549+0000] {dag.py:3036} INFO - Sync 1 DAGs
[2025-11-04T13:31:59.577+0000] {logging_mixin.py:188} INFO - [2025-11-04T13:31:59.577+0000] {dag.py:3823} INFO - Setting next_dagrun for ingestion_pipeline to 2025-11-04 00:00:00+00:00, run_after=2025-11-05 00:00:00+00:00
[2025-11-04T13:31:59.620+0000] {processor.py:183} INFO - Processing /opt/airflow/dags/ingestion_dag.py took 0.246 seconds
[2025-11-04T13:32:29.741+0000] {processor.py:161} INFO - Started process (PID=36102) to work on /opt/airflow/dags/ingestion_dag.py
[2025-11-04T13:32:29.744+0000] {processor.py:830} INFO - Processing file /opt/airflow/dags/ingestion_dag.py for tasks to queue
[2025-11-04T13:32:29.746+0000] {logging_mixin.py:188} INFO - [2025-11-04T13:32:29.746+0000] {dagbag.py:538} INFO - Filling up the DagBag from /opt/airflow/dags/ingestion_dag.py
[2025-11-04T13:32:29.896+0000] {processor.py:840} INFO - DAG(s) 'ingestion_pipeline' retrieved from /opt/airflow/dags/ingestion_dag.py
[2025-11-04T13:32:29.936+0000] {logging_mixin.py:188} INFO - [2025-11-04T13:32:29.936+0000] {dag.py:3036} INFO - Sync 1 DAGs
[2025-11-04T13:32:29.963+0000] {logging_mixin.py:188} INFO - [2025-11-04T13:32:29.963+0000] {dag.py:3823} INFO - Setting next_dagrun for ingestion_pipeline to 2025-11-04 00:00:00+00:00, run_after=2025-11-05 00:00:00+00:00
[2025-11-04T13:32:30.001+0000] {processor.py:183} INFO - Processing /opt/airflow/dags/ingestion_dag.py took 0.267 seconds
[2025-11-04T13:33:00.097+0000] {processor.py:161} INFO - Started process (PID=36137) to work on /opt/airflow/dags/ingestion_dag.py
[2025-11-04T13:33:00.099+0000] {processor.py:830} INFO - Processing file /opt/airflow/dags/ingestion_dag.py for tasks to queue
[2025-11-04T13:33:00.102+0000] {logging_mixin.py:188} INFO - [2025-11-04T13:33:00.101+0000] {dagbag.py:538} INFO - Filling up the DagBag from /opt/airflow/dags/ingestion_dag.py
[2025-11-04T13:33:00.204+0000] {processor.py:840} INFO - DAG(s) 'ingestion_pipeline' retrieved from /opt/airflow/dags/ingestion_dag.py
[2025-11-04T13:33:00.244+0000] {logging_mixin.py:188} INFO - [2025-11-04T13:33:00.243+0000] {dag.py:3036} INFO - Sync 1 DAGs
[2025-11-04T13:33:00.271+0000] {logging_mixin.py:188} INFO - [2025-11-04T13:33:00.270+0000] {dag.py:3823} INFO - Setting next_dagrun for ingestion_pipeline to 2025-11-04 00:00:00+00:00, run_after=2025-11-05 00:00:00+00:00
[2025-11-04T13:33:00.305+0000] {processor.py:183} INFO - Processing /opt/airflow/dags/ingestion_dag.py took 0.211 seconds
[2025-11-04T13:33:30.427+0000] {processor.py:161} INFO - Started process (PID=36172) to work on /opt/airflow/dags/ingestion_dag.py
[2025-11-04T13:33:30.428+0000] {processor.py:830} INFO - Processing file /opt/airflow/dags/ingestion_dag.py for tasks to queue
[2025-11-04T13:33:30.430+0000] {logging_mixin.py:188} INFO - [2025-11-04T13:33:30.430+0000] {dagbag.py:538} INFO - Filling up the DagBag from /opt/airflow/dags/ingestion_dag.py
[2025-11-04T13:33:30.597+0000] {processor.py:840} INFO - DAG(s) 'ingestion_pipeline' retrieved from /opt/airflow/dags/ingestion_dag.py
[2025-11-04T13:33:30.647+0000] {logging_mixin.py:188} INFO - [2025-11-04T13:33:30.647+0000] {dag.py:3036} INFO - Sync 1 DAGs
[2025-11-04T13:33:30.680+0000] {logging_mixin.py:188} INFO - [2025-11-04T13:33:30.680+0000] {dag.py:3823} INFO - Setting next_dagrun for ingestion_pipeline to 2025-11-04 00:00:00+00:00, run_after=2025-11-05 00:00:00+00:00
[2025-11-04T13:33:30.715+0000] {processor.py:183} INFO - Processing /opt/airflow/dags/ingestion_dag.py took 0.293 seconds
[2025-11-04T13:34:00.895+0000] {processor.py:161} INFO - Started process (PID=36207) to work on /opt/airflow/dags/ingestion_dag.py
[2025-11-04T13:34:00.897+0000] {processor.py:830} INFO - Processing file /opt/airflow/dags/ingestion_dag.py for tasks to queue
[2025-11-04T13:34:00.898+0000] {logging_mixin.py:188} INFO - [2025-11-04T13:34:00.898+0000] {dagbag.py:538} INFO - Filling up the DagBag from /opt/airflow/dags/ingestion_dag.py
[2025-11-04T13:34:01.065+0000] {processor.py:840} INFO - DAG(s) 'ingestion_pipeline' retrieved from /opt/airflow/dags/ingestion_dag.py
[2025-11-04T13:34:01.102+0000] {logging_mixin.py:188} INFO - [2025-11-04T13:34:01.101+0000] {dag.py:3036} INFO - Sync 1 DAGs
[2025-11-04T13:34:01.142+0000] {logging_mixin.py:188} INFO - [2025-11-04T13:34:01.142+0000] {dag.py:3823} INFO - Setting next_dagrun for ingestion_pipeline to 2025-11-04 00:00:00+00:00, run_after=2025-11-05 00:00:00+00:00
[2025-11-04T13:34:01.173+0000] {processor.py:183} INFO - Processing /opt/airflow/dags/ingestion_dag.py took 0.285 seconds
[2025-11-04T13:34:31.372+0000] {processor.py:161} INFO - Started process (PID=36242) to work on /opt/airflow/dags/ingestion_dag.py
[2025-11-04T13:34:31.377+0000] {processor.py:830} INFO - Processing file /opt/airflow/dags/ingestion_dag.py for tasks to queue
[2025-11-04T13:34:31.379+0000] {logging_mixin.py:188} INFO - [2025-11-04T13:34:31.379+0000] {dagbag.py:538} INFO - Filling up the DagBag from /opt/airflow/dags/ingestion_dag.py
[2025-11-04T13:34:31.498+0000] {processor.py:840} INFO - DAG(s) 'ingestion_pipeline' retrieved from /opt/airflow/dags/ingestion_dag.py
[2025-11-04T13:34:31.552+0000] {logging_mixin.py:188} INFO - [2025-11-04T13:34:31.552+0000] {dag.py:3036} INFO - Sync 1 DAGs
[2025-11-04T13:34:31.593+0000] {logging_mixin.py:188} INFO - [2025-11-04T13:34:31.593+0000] {dag.py:3823} INFO - Setting next_dagrun for ingestion_pipeline to 2025-11-04 00:00:00+00:00, run_after=2025-11-05 00:00:00+00:00
[2025-11-04T13:34:31.636+0000] {processor.py:183} INFO - Processing /opt/airflow/dags/ingestion_dag.py took 0.269 seconds
[2025-11-04T13:35:01.820+0000] {processor.py:161} INFO - Started process (PID=36277) to work on /opt/airflow/dags/ingestion_dag.py
[2025-11-04T13:35:01.823+0000] {processor.py:830} INFO - Processing file /opt/airflow/dags/ingestion_dag.py for tasks to queue
[2025-11-04T13:35:01.825+0000] {logging_mixin.py:188} INFO - [2025-11-04T13:35:01.824+0000] {dagbag.py:538} INFO - Filling up the DagBag from /opt/airflow/dags/ingestion_dag.py
[2025-11-04T13:35:01.955+0000] {processor.py:840} INFO - DAG(s) 'ingestion_pipeline' retrieved from /opt/airflow/dags/ingestion_dag.py
[2025-11-04T13:35:01.993+0000] {logging_mixin.py:188} INFO - [2025-11-04T13:35:01.992+0000] {dag.py:3036} INFO - Sync 1 DAGs
[2025-11-04T13:35:02.025+0000] {logging_mixin.py:188} INFO - [2025-11-04T13:35:02.025+0000] {dag.py:3823} INFO - Setting next_dagrun for ingestion_pipeline to 2025-11-04 00:00:00+00:00, run_after=2025-11-05 00:00:00+00:00
[2025-11-04T13:35:02.059+0000] {processor.py:183} INFO - Processing /opt/airflow/dags/ingestion_dag.py took 0.246 seconds
[2025-11-04T13:35:32.158+0000] {processor.py:161} INFO - Started process (PID=36312) to work on /opt/airflow/dags/ingestion_dag.py
[2025-11-04T13:35:32.160+0000] {processor.py:830} INFO - Processing file /opt/airflow/dags/ingestion_dag.py for tasks to queue
[2025-11-04T13:35:32.162+0000] {logging_mixin.py:188} INFO - [2025-11-04T13:35:32.161+0000] {dagbag.py:538} INFO - Filling up the DagBag from /opt/airflow/dags/ingestion_dag.py
[2025-11-04T13:35:32.306+0000] {processor.py:840} INFO - DAG(s) 'ingestion_pipeline' retrieved from /opt/airflow/dags/ingestion_dag.py
[2025-11-04T13:35:32.345+0000] {logging_mixin.py:188} INFO - [2025-11-04T13:35:32.345+0000] {dag.py:3036} INFO - Sync 1 DAGs
[2025-11-04T13:35:32.378+0000] {logging_mixin.py:188} INFO - [2025-11-04T13:35:32.378+0000] {dag.py:3823} INFO - Setting next_dagrun for ingestion_pipeline to 2025-11-04 00:00:00+00:00, run_after=2025-11-05 00:00:00+00:00
[2025-11-04T13:35:32.411+0000] {processor.py:183} INFO - Processing /opt/airflow/dags/ingestion_dag.py took 0.257 seconds
[2025-11-04T13:36:02.604+0000] {processor.py:161} INFO - Started process (PID=36347) to work on /opt/airflow/dags/ingestion_dag.py
[2025-11-04T13:36:02.606+0000] {processor.py:830} INFO - Processing file /opt/airflow/dags/ingestion_dag.py for tasks to queue
[2025-11-04T13:36:02.608+0000] {logging_mixin.py:188} INFO - [2025-11-04T13:36:02.607+0000] {dagbag.py:538} INFO - Filling up the DagBag from /opt/airflow/dags/ingestion_dag.py
[2025-11-04T13:36:02.777+0000] {processor.py:840} INFO - DAG(s) 'ingestion_pipeline' retrieved from /opt/airflow/dags/ingestion_dag.py
[2025-11-04T13:36:02.825+0000] {logging_mixin.py:188} INFO - [2025-11-04T13:36:02.825+0000] {dag.py:3036} INFO - Sync 1 DAGs
[2025-11-04T13:36:02.857+0000] {logging_mixin.py:188} INFO - [2025-11-04T13:36:02.856+0000] {dag.py:3823} INFO - Setting next_dagrun for ingestion_pipeline to 2025-11-04 00:00:00+00:00, run_after=2025-11-05 00:00:00+00:00
[2025-11-04T13:36:02.897+0000] {processor.py:183} INFO - Processing /opt/airflow/dags/ingestion_dag.py took 0.297 seconds
[2025-11-04T13:37:17.871+0000] {processor.py:161} INFO - Started process (PID=36362) to work on /opt/airflow/dags/ingestion_dag.py
[2025-11-04T13:37:17.873+0000] {processor.py:830} INFO - Processing file /opt/airflow/dags/ingestion_dag.py for tasks to queue
[2025-11-04T13:37:17.875+0000] {logging_mixin.py:188} INFO - [2025-11-04T13:37:17.874+0000] {dagbag.py:538} INFO - Filling up the DagBag from /opt/airflow/dags/ingestion_dag.py
[2025-11-04T13:37:18.063+0000] {processor.py:840} INFO - DAG(s) 'ingestion_pipeline' retrieved from /opt/airflow/dags/ingestion_dag.py
[2025-11-04T13:37:18.191+0000] {logging_mixin.py:188} INFO - [2025-11-04T13:37:18.190+0000] {dag.py:3036} INFO - Sync 1 DAGs
[2025-11-04T13:37:18.260+0000] {logging_mixin.py:188} INFO - [2025-11-04T13:37:18.259+0000] {dag.py:3823} INFO - Setting next_dagrun for ingestion_pipeline to 2025-11-04 00:00:00+00:00, run_after=2025-11-05 00:00:00+00:00
[2025-11-04T13:37:18.321+0000] {processor.py:183} INFO - Processing /opt/airflow/dags/ingestion_dag.py took 0.463 seconds
[2025-11-04T14:05:06.358+0000] {processor.py:161} INFO - Started process (PID=36400) to work on /opt/airflow/dags/ingestion_dag.py
[2025-11-04T14:05:06.380+0000] {processor.py:830} INFO - Processing file /opt/airflow/dags/ingestion_dag.py for tasks to queue
[2025-11-04T14:05:06.388+0000] {logging_mixin.py:188} INFO - [2025-11-04T14:05:06.387+0000] {dagbag.py:538} INFO - Filling up the DagBag from /opt/airflow/dags/ingestion_dag.py
[2025-11-04T14:05:06.524+0000] {processor.py:840} INFO - DAG(s) 'ingestion_pipeline' retrieved from /opt/airflow/dags/ingestion_dag.py
[2025-11-04T14:05:06.582+0000] {logging_mixin.py:188} INFO - [2025-11-04T14:05:06.581+0000] {dag.py:3036} INFO - Sync 1 DAGs
[2025-11-04T14:05:06.631+0000] {logging_mixin.py:188} INFO - [2025-11-04T14:05:06.631+0000] {dag.py:3823} INFO - Setting next_dagrun for ingestion_pipeline to 2025-11-04 00:00:00+00:00, run_after=2025-11-05 00:00:00+00:00
[2025-11-04T14:05:06.684+0000] {processor.py:183} INFO - Processing /opt/airflow/dags/ingestion_dag.py took 0.343 seconds
