[2025-11-04T13:11:31.684+0000] {processor.py:161} INFO - Started process (PID=34563) to work on /opt/airflow/dags/silver_dag.py
[2025-11-04T13:11:31.695+0000] {processor.py:830} INFO - Processing file /opt/airflow/dags/silver_dag.py for tasks to queue
[2025-11-04T13:11:31.716+0000] {logging_mixin.py:188} INFO - [2025-11-04T13:11:31.712+0000] {dagbag.py:538} INFO - Filling up the DagBag from /opt/airflow/dags/silver_dag.py
[2025-11-04T13:11:32.934+0000] {processor.py:840} INFO - DAG(s) 'silver_transformation_pipeline' retrieved from /opt/airflow/dags/silver_dag.py
[2025-11-04T13:11:33.159+0000] {logging_mixin.py:188} INFO - [2025-11-04T13:11:33.158+0000] {dag.py:3036} INFO - Sync 1 DAGs
[2025-11-04T13:11:33.592+0000] {processor.py:183} INFO - Processing /opt/airflow/dags/silver_dag.py took 1.941 seconds
[2025-11-04T13:12:04.104+0000] {processor.py:161} INFO - Started process (PID=34682) to work on /opt/airflow/dags/silver_dag.py
[2025-11-04T13:12:04.106+0000] {processor.py:830} INFO - Processing file /opt/airflow/dags/silver_dag.py for tasks to queue
[2025-11-04T13:12:04.108+0000] {logging_mixin.py:188} INFO - [2025-11-04T13:12:04.107+0000] {dagbag.py:538} INFO - Filling up the DagBag from /opt/airflow/dags/silver_dag.py
[2025-11-04T13:12:04.395+0000] {processor.py:840} INFO - DAG(s) 'silver_transformation_pipeline' retrieved from /opt/airflow/dags/silver_dag.py
[2025-11-04T13:12:04.422+0000] {logging_mixin.py:188} INFO - [2025-11-04T13:12:04.422+0000] {dag.py:3036} INFO - Sync 1 DAGs
[2025-11-04T13:12:04.451+0000] {logging_mixin.py:188} INFO - [2025-11-04T13:12:04.451+0000] {dag.py:3823} INFO - Setting next_dagrun for silver_transformation_pipeline to 2025-11-04 00:00:00+00:00, run_after=2025-11-05 00:00:00+00:00
[2025-11-04T13:12:04.494+0000] {processor.py:183} INFO - Processing /opt/airflow/dags/silver_dag.py took 0.395 seconds
[2025-11-04T13:12:35.167+0000] {processor.py:161} INFO - Started process (PID=34717) to work on /opt/airflow/dags/silver_dag.py
[2025-11-04T13:12:35.171+0000] {processor.py:830} INFO - Processing file /opt/airflow/dags/silver_dag.py for tasks to queue
[2025-11-04T13:12:35.176+0000] {logging_mixin.py:188} INFO - [2025-11-04T13:12:35.175+0000] {dagbag.py:538} INFO - Filling up the DagBag from /opt/airflow/dags/silver_dag.py
[2025-11-04T13:12:35.494+0000] {processor.py:840} INFO - DAG(s) 'silver_transformation_pipeline' retrieved from /opt/airflow/dags/silver_dag.py
[2025-11-04T13:12:35.535+0000] {logging_mixin.py:188} INFO - [2025-11-04T13:12:35.535+0000] {dag.py:3036} INFO - Sync 1 DAGs
[2025-11-04T13:12:35.582+0000] {logging_mixin.py:188} INFO - [2025-11-04T13:12:35.581+0000] {dag.py:3823} INFO - Setting next_dagrun for silver_transformation_pipeline to 2025-11-04 00:00:00+00:00, run_after=2025-11-05 00:00:00+00:00
[2025-11-04T13:12:35.623+0000] {processor.py:183} INFO - Processing /opt/airflow/dags/silver_dag.py took 0.460 seconds
[2025-11-04T13:13:05.795+0000] {processor.py:161} INFO - Started process (PID=34752) to work on /opt/airflow/dags/silver_dag.py
[2025-11-04T13:13:05.797+0000] {processor.py:830} INFO - Processing file /opt/airflow/dags/silver_dag.py for tasks to queue
[2025-11-04T13:13:05.801+0000] {logging_mixin.py:188} INFO - [2025-11-04T13:13:05.799+0000] {dagbag.py:538} INFO - Filling up the DagBag from /opt/airflow/dags/silver_dag.py
[2025-11-04T13:13:06.318+0000] {processor.py:840} INFO - DAG(s) 'silver_transformation_pipeline' retrieved from /opt/airflow/dags/silver_dag.py
[2025-11-04T13:13:06.358+0000] {logging_mixin.py:188} INFO - [2025-11-04T13:13:06.358+0000] {dag.py:3036} INFO - Sync 1 DAGs
[2025-11-04T13:13:06.400+0000] {logging_mixin.py:188} INFO - [2025-11-04T13:13:06.399+0000] {dag.py:3823} INFO - Setting next_dagrun for silver_transformation_pipeline to 2025-11-04 00:00:00+00:00, run_after=2025-11-05 00:00:00+00:00
[2025-11-04T13:13:06.463+0000] {processor.py:183} INFO - Processing /opt/airflow/dags/silver_dag.py took 0.672 seconds
[2025-11-04T13:13:37.149+0000] {processor.py:161} INFO - Started process (PID=34787) to work on /opt/airflow/dags/silver_dag.py
[2025-11-04T13:13:37.152+0000] {processor.py:830} INFO - Processing file /opt/airflow/dags/silver_dag.py for tasks to queue
[2025-11-04T13:13:37.156+0000] {logging_mixin.py:188} INFO - [2025-11-04T13:13:37.155+0000] {dagbag.py:538} INFO - Filling up the DagBag from /opt/airflow/dags/silver_dag.py
[2025-11-04T13:13:37.615+0000] {processor.py:840} INFO - DAG(s) 'silver_transformation_pipeline' retrieved from /opt/airflow/dags/silver_dag.py
[2025-11-04T13:13:37.657+0000] {logging_mixin.py:188} INFO - [2025-11-04T13:13:37.657+0000] {dag.py:3036} INFO - Sync 1 DAGs
[2025-11-04T13:13:37.707+0000] {logging_mixin.py:188} INFO - [2025-11-04T13:13:37.706+0000] {dag.py:3823} INFO - Setting next_dagrun for silver_transformation_pipeline to 2025-11-04 00:00:00+00:00, run_after=2025-11-05 00:00:00+00:00
[2025-11-04T13:13:37.744+0000] {processor.py:183} INFO - Processing /opt/airflow/dags/silver_dag.py took 0.608 seconds
[2025-11-04T13:14:08.183+0000] {processor.py:161} INFO - Started process (PID=34822) to work on /opt/airflow/dags/silver_dag.py
[2025-11-04T13:14:08.187+0000] {processor.py:830} INFO - Processing file /opt/airflow/dags/silver_dag.py for tasks to queue
[2025-11-04T13:14:08.190+0000] {logging_mixin.py:188} INFO - [2025-11-04T13:14:08.189+0000] {dagbag.py:538} INFO - Filling up the DagBag from /opt/airflow/dags/silver_dag.py
[2025-11-04T13:14:08.544+0000] {processor.py:840} INFO - DAG(s) 'silver_transformation_pipeline' retrieved from /opt/airflow/dags/silver_dag.py
[2025-11-04T13:14:08.575+0000] {logging_mixin.py:188} INFO - [2025-11-04T13:14:08.575+0000] {dag.py:3036} INFO - Sync 1 DAGs
[2025-11-04T13:14:08.610+0000] {logging_mixin.py:188} INFO - [2025-11-04T13:14:08.609+0000] {dag.py:3823} INFO - Setting next_dagrun for silver_transformation_pipeline to 2025-11-04 00:00:00+00:00, run_after=2025-11-05 00:00:00+00:00
[2025-11-04T13:14:08.656+0000] {processor.py:183} INFO - Processing /opt/airflow/dags/silver_dag.py took 0.481 seconds
[2025-11-04T13:14:38.770+0000] {processor.py:161} INFO - Started process (PID=34862) to work on /opt/airflow/dags/silver_dag.py
[2025-11-04T13:14:38.772+0000] {processor.py:830} INFO - Processing file /opt/airflow/dags/silver_dag.py for tasks to queue
[2025-11-04T13:14:38.773+0000] {logging_mixin.py:188} INFO - [2025-11-04T13:14:38.773+0000] {dagbag.py:538} INFO - Filling up the DagBag from /opt/airflow/dags/silver_dag.py
[2025-11-04T13:14:38.985+0000] {processor.py:840} INFO - DAG(s) 'silver_transformation_pipeline' retrieved from /opt/airflow/dags/silver_dag.py
[2025-11-04T13:14:39.004+0000] {logging_mixin.py:188} INFO - [2025-11-04T13:14:39.004+0000] {dag.py:3036} INFO - Sync 1 DAGs
[2025-11-04T13:14:39.038+0000] {logging_mixin.py:188} INFO - [2025-11-04T13:14:39.037+0000] {dag.py:3823} INFO - Setting next_dagrun for silver_transformation_pipeline to 2025-11-04 00:00:00+00:00, run_after=2025-11-05 00:00:00+00:00
[2025-11-04T13:14:39.073+0000] {processor.py:183} INFO - Processing /opt/airflow/dags/silver_dag.py took 0.307 seconds
[2025-11-04T13:15:09.187+0000] {processor.py:161} INFO - Started process (PID=34897) to work on /opt/airflow/dags/silver_dag.py
[2025-11-04T13:15:09.189+0000] {processor.py:830} INFO - Processing file /opt/airflow/dags/silver_dag.py for tasks to queue
[2025-11-04T13:15:09.191+0000] {logging_mixin.py:188} INFO - [2025-11-04T13:15:09.190+0000] {dagbag.py:538} INFO - Filling up the DagBag from /opt/airflow/dags/silver_dag.py
[2025-11-04T13:15:09.419+0000] {processor.py:840} INFO - DAG(s) 'silver_transformation_pipeline' retrieved from /opt/airflow/dags/silver_dag.py
[2025-11-04T13:15:09.447+0000] {logging_mixin.py:188} INFO - [2025-11-04T13:15:09.446+0000] {dag.py:3036} INFO - Sync 1 DAGs
[2025-11-04T13:15:09.478+0000] {logging_mixin.py:188} INFO - [2025-11-04T13:15:09.477+0000] {dag.py:3823} INFO - Setting next_dagrun for silver_transformation_pipeline to 2025-11-04 00:00:00+00:00, run_after=2025-11-05 00:00:00+00:00
[2025-11-04T13:15:09.507+0000] {processor.py:183} INFO - Processing /opt/airflow/dags/silver_dag.py took 0.327 seconds
[2025-11-04T13:15:40.456+0000] {processor.py:161} INFO - Started process (PID=34932) to work on /opt/airflow/dags/silver_dag.py
[2025-11-04T13:15:40.458+0000] {processor.py:830} INFO - Processing file /opt/airflow/dags/silver_dag.py for tasks to queue
[2025-11-04T13:15:40.460+0000] {logging_mixin.py:188} INFO - [2025-11-04T13:15:40.459+0000] {dagbag.py:538} INFO - Filling up the DagBag from /opt/airflow/dags/silver_dag.py
[2025-11-04T13:15:40.762+0000] {processor.py:840} INFO - DAG(s) 'silver_transformation_pipeline' retrieved from /opt/airflow/dags/silver_dag.py
[2025-11-04T13:15:40.780+0000] {logging_mixin.py:188} INFO - [2025-11-04T13:15:40.779+0000] {dag.py:3036} INFO - Sync 1 DAGs
[2025-11-04T13:15:40.806+0000] {logging_mixin.py:188} INFO - [2025-11-04T13:15:40.806+0000] {dag.py:3823} INFO - Setting next_dagrun for silver_transformation_pipeline to 2025-11-04 00:00:00+00:00, run_after=2025-11-05 00:00:00+00:00
[2025-11-04T13:15:40.835+0000] {processor.py:183} INFO - Processing /opt/airflow/dags/silver_dag.py took 0.382 seconds
[2025-11-04T13:16:10.928+0000] {processor.py:161} INFO - Started process (PID=34967) to work on /opt/airflow/dags/silver_dag.py
[2025-11-04T13:16:10.930+0000] {processor.py:830} INFO - Processing file /opt/airflow/dags/silver_dag.py for tasks to queue
[2025-11-04T13:16:10.933+0000] {logging_mixin.py:188} INFO - [2025-11-04T13:16:10.932+0000] {dagbag.py:538} INFO - Filling up the DagBag from /opt/airflow/dags/silver_dag.py
[2025-11-04T13:16:11.129+0000] {processor.py:840} INFO - DAG(s) 'silver_transformation_pipeline' retrieved from /opt/airflow/dags/silver_dag.py
[2025-11-04T13:16:11.150+0000] {logging_mixin.py:188} INFO - [2025-11-04T13:16:11.150+0000] {dag.py:3036} INFO - Sync 1 DAGs
[2025-11-04T13:16:11.178+0000] {logging_mixin.py:188} INFO - [2025-11-04T13:16:11.177+0000] {dag.py:3823} INFO - Setting next_dagrun for silver_transformation_pipeline to 2025-11-04 00:00:00+00:00, run_after=2025-11-05 00:00:00+00:00
[2025-11-04T13:16:11.206+0000] {processor.py:183} INFO - Processing /opt/airflow/dags/silver_dag.py took 0.282 seconds
[2025-11-04T13:16:41.409+0000] {processor.py:161} INFO - Started process (PID=35002) to work on /opt/airflow/dags/silver_dag.py
[2025-11-04T13:16:41.411+0000] {processor.py:830} INFO - Processing file /opt/airflow/dags/silver_dag.py for tasks to queue
[2025-11-04T13:16:41.413+0000] {logging_mixin.py:188} INFO - [2025-11-04T13:16:41.412+0000] {dagbag.py:538} INFO - Filling up the DagBag from /opt/airflow/dags/silver_dag.py
[2025-11-04T13:16:41.813+0000] {processor.py:840} INFO - DAG(s) 'silver_transformation_pipeline' retrieved from /opt/airflow/dags/silver_dag.py
[2025-11-04T13:16:41.866+0000] {logging_mixin.py:188} INFO - [2025-11-04T13:16:41.866+0000] {dag.py:3036} INFO - Sync 1 DAGs
[2025-11-04T13:16:41.953+0000] {logging_mixin.py:188} INFO - [2025-11-04T13:16:41.952+0000] {dag.py:3823} INFO - Setting next_dagrun for silver_transformation_pipeline to 2025-11-04 00:00:00+00:00, run_after=2025-11-05 00:00:00+00:00
[2025-11-04T13:16:42.031+0000] {processor.py:183} INFO - Processing /opt/airflow/dags/silver_dag.py took 0.626 seconds
[2025-11-04T13:17:12.164+0000] {processor.py:161} INFO - Started process (PID=35037) to work on /opt/airflow/dags/silver_dag.py
[2025-11-04T13:17:12.166+0000] {processor.py:830} INFO - Processing file /opt/airflow/dags/silver_dag.py for tasks to queue
[2025-11-04T13:17:12.168+0000] {logging_mixin.py:188} INFO - [2025-11-04T13:17:12.168+0000] {dagbag.py:538} INFO - Filling up the DagBag from /opt/airflow/dags/silver_dag.py
[2025-11-04T13:17:12.526+0000] {processor.py:840} INFO - DAG(s) 'silver_transformation_pipeline' retrieved from /opt/airflow/dags/silver_dag.py
[2025-11-04T13:17:12.583+0000] {logging_mixin.py:188} INFO - [2025-11-04T13:17:12.582+0000] {dag.py:3036} INFO - Sync 1 DAGs
[2025-11-04T13:17:12.631+0000] {logging_mixin.py:188} INFO - [2025-11-04T13:17:12.630+0000] {dag.py:3823} INFO - Setting next_dagrun for silver_transformation_pipeline to 2025-11-04 00:00:00+00:00, run_after=2025-11-05 00:00:00+00:00
[2025-11-04T13:17:12.669+0000] {processor.py:183} INFO - Processing /opt/airflow/dags/silver_dag.py took 0.511 seconds
[2025-11-04T13:17:43.460+0000] {processor.py:161} INFO - Started process (PID=35072) to work on /opt/airflow/dags/silver_dag.py
[2025-11-04T13:17:43.466+0000] {processor.py:830} INFO - Processing file /opt/airflow/dags/silver_dag.py for tasks to queue
[2025-11-04T13:17:43.468+0000] {logging_mixin.py:188} INFO - [2025-11-04T13:17:43.467+0000] {dagbag.py:538} INFO - Filling up the DagBag from /opt/airflow/dags/silver_dag.py
[2025-11-04T13:17:44.306+0000] {processor.py:840} INFO - DAG(s) 'silver_transformation_pipeline' retrieved from /opt/airflow/dags/silver_dag.py
[2025-11-04T13:17:44.369+0000] {logging_mixin.py:188} INFO - [2025-11-04T13:17:44.369+0000] {dag.py:3036} INFO - Sync 1 DAGs
[2025-11-04T13:17:44.507+0000] {logging_mixin.py:188} INFO - [2025-11-04T13:17:44.505+0000] {dag.py:3823} INFO - Setting next_dagrun for silver_transformation_pipeline to 2025-11-04 00:00:00+00:00, run_after=2025-11-05 00:00:00+00:00
[2025-11-04T13:17:44.586+0000] {processor.py:183} INFO - Processing /opt/airflow/dags/silver_dag.py took 1.132 seconds
[2025-11-04T13:18:14.997+0000] {processor.py:161} INFO - Started process (PID=35112) to work on /opt/airflow/dags/silver_dag.py
[2025-11-04T13:18:15.000+0000] {processor.py:830} INFO - Processing file /opt/airflow/dags/silver_dag.py for tasks to queue
[2025-11-04T13:18:15.004+0000] {logging_mixin.py:188} INFO - [2025-11-04T13:18:15.003+0000] {dagbag.py:538} INFO - Filling up the DagBag from /opt/airflow/dags/silver_dag.py
[2025-11-04T13:18:15.330+0000] {processor.py:840} INFO - DAG(s) 'silver_transformation_pipeline' retrieved from /opt/airflow/dags/silver_dag.py
[2025-11-04T13:18:15.354+0000] {logging_mixin.py:188} INFO - [2025-11-04T13:18:15.354+0000] {dag.py:3036} INFO - Sync 1 DAGs
[2025-11-04T13:18:15.394+0000] {logging_mixin.py:188} INFO - [2025-11-04T13:18:15.394+0000] {dag.py:3823} INFO - Setting next_dagrun for silver_transformation_pipeline to 2025-11-04 00:00:00+00:00, run_after=2025-11-05 00:00:00+00:00
[2025-11-04T13:18:15.429+0000] {processor.py:183} INFO - Processing /opt/airflow/dags/silver_dag.py took 0.443 seconds
[2025-11-04T13:18:45.566+0000] {processor.py:161} INFO - Started process (PID=35157) to work on /opt/airflow/dags/silver_dag.py
[2025-11-04T13:18:45.568+0000] {processor.py:830} INFO - Processing file /opt/airflow/dags/silver_dag.py for tasks to queue
[2025-11-04T13:18:45.570+0000] {logging_mixin.py:188} INFO - [2025-11-04T13:18:45.569+0000] {dagbag.py:538} INFO - Filling up the DagBag from /opt/airflow/dags/silver_dag.py
[2025-11-04T13:18:45.851+0000] {processor.py:840} INFO - DAG(s) 'silver_transformation_pipeline' retrieved from /opt/airflow/dags/silver_dag.py
[2025-11-04T13:18:45.875+0000] {logging_mixin.py:188} INFO - [2025-11-04T13:18:45.875+0000] {dag.py:3036} INFO - Sync 1 DAGs
[2025-11-04T13:18:45.910+0000] {logging_mixin.py:188} INFO - [2025-11-04T13:18:45.909+0000] {dag.py:3823} INFO - Setting next_dagrun for silver_transformation_pipeline to 2025-11-04 00:00:00+00:00, run_after=2025-11-05 00:00:00+00:00
[2025-11-04T13:18:45.946+0000] {processor.py:183} INFO - Processing /opt/airflow/dags/silver_dag.py took 0.383 seconds
[2025-11-04T13:19:16.149+0000] {processor.py:161} INFO - Started process (PID=35197) to work on /opt/airflow/dags/silver_dag.py
[2025-11-04T13:19:16.150+0000] {processor.py:830} INFO - Processing file /opt/airflow/dags/silver_dag.py for tasks to queue
[2025-11-04T13:19:16.152+0000] {logging_mixin.py:188} INFO - [2025-11-04T13:19:16.152+0000] {dagbag.py:538} INFO - Filling up the DagBag from /opt/airflow/dags/silver_dag.py
[2025-11-04T13:19:16.366+0000] {processor.py:840} INFO - DAG(s) 'silver_transformation_pipeline' retrieved from /opt/airflow/dags/silver_dag.py
[2025-11-04T13:19:16.394+0000] {logging_mixin.py:188} INFO - [2025-11-04T13:19:16.393+0000] {dag.py:3036} INFO - Sync 1 DAGs
[2025-11-04T13:19:16.424+0000] {logging_mixin.py:188} INFO - [2025-11-04T13:19:16.424+0000] {dag.py:3823} INFO - Setting next_dagrun for silver_transformation_pipeline to 2025-11-04 00:00:00+00:00, run_after=2025-11-05 00:00:00+00:00
[2025-11-04T13:19:16.466+0000] {processor.py:183} INFO - Processing /opt/airflow/dags/silver_dag.py took 0.322 seconds
[2025-11-04T13:19:47.334+0000] {processor.py:161} INFO - Started process (PID=35232) to work on /opt/airflow/dags/silver_dag.py
[2025-11-04T13:19:47.336+0000] {processor.py:830} INFO - Processing file /opt/airflow/dags/silver_dag.py for tasks to queue
[2025-11-04T13:19:47.338+0000] {logging_mixin.py:188} INFO - [2025-11-04T13:19:47.337+0000] {dagbag.py:538} INFO - Filling up the DagBag from /opt/airflow/dags/silver_dag.py
[2025-11-04T13:19:47.593+0000] {processor.py:840} INFO - DAG(s) 'silver_transformation_pipeline' retrieved from /opt/airflow/dags/silver_dag.py
[2025-11-04T13:19:47.613+0000] {logging_mixin.py:188} INFO - [2025-11-04T13:19:47.613+0000] {dag.py:3036} INFO - Sync 1 DAGs
[2025-11-04T13:19:47.638+0000] {logging_mixin.py:188} INFO - [2025-11-04T13:19:47.637+0000] {dag.py:3823} INFO - Setting next_dagrun for silver_transformation_pipeline to 2025-11-04 00:00:00+00:00, run_after=2025-11-05 00:00:00+00:00
[2025-11-04T13:19:47.677+0000] {processor.py:183} INFO - Processing /opt/airflow/dags/silver_dag.py took 0.349 seconds
[2025-11-04T13:20:17.781+0000] {processor.py:161} INFO - Started process (PID=35267) to work on /opt/airflow/dags/silver_dag.py
[2025-11-04T13:20:17.784+0000] {processor.py:830} INFO - Processing file /opt/airflow/dags/silver_dag.py for tasks to queue
[2025-11-04T13:20:17.785+0000] {logging_mixin.py:188} INFO - [2025-11-04T13:20:17.785+0000] {dagbag.py:538} INFO - Filling up the DagBag from /opt/airflow/dags/silver_dag.py
[2025-11-04T13:20:18.001+0000] {processor.py:840} INFO - DAG(s) 'silver_transformation_pipeline' retrieved from /opt/airflow/dags/silver_dag.py
[2025-11-04T13:20:18.031+0000] {logging_mixin.py:188} INFO - [2025-11-04T13:20:18.030+0000] {dag.py:3036} INFO - Sync 1 DAGs
[2025-11-04T13:20:18.059+0000] {logging_mixin.py:188} INFO - [2025-11-04T13:20:18.058+0000] {dag.py:3823} INFO - Setting next_dagrun for silver_transformation_pipeline to 2025-11-04 00:00:00+00:00, run_after=2025-11-05 00:00:00+00:00
[2025-11-04T13:20:18.087+0000] {processor.py:183} INFO - Processing /opt/airflow/dags/silver_dag.py took 0.310 seconds
[2025-11-04T13:20:48.414+0000] {processor.py:161} INFO - Started process (PID=35302) to work on /opt/airflow/dags/silver_dag.py
[2025-11-04T13:20:48.415+0000] {processor.py:830} INFO - Processing file /opt/airflow/dags/silver_dag.py for tasks to queue
[2025-11-04T13:20:48.417+0000] {logging_mixin.py:188} INFO - [2025-11-04T13:20:48.417+0000] {dagbag.py:538} INFO - Filling up the DagBag from /opt/airflow/dags/silver_dag.py
[2025-11-04T13:20:48.678+0000] {processor.py:840} INFO - DAG(s) 'silver_transformation_pipeline' retrieved from /opt/airflow/dags/silver_dag.py
[2025-11-04T13:20:48.710+0000] {logging_mixin.py:188} INFO - [2025-11-04T13:20:48.709+0000] {dag.py:3036} INFO - Sync 1 DAGs
[2025-11-04T13:20:48.740+0000] {logging_mixin.py:188} INFO - [2025-11-04T13:20:48.740+0000] {dag.py:3823} INFO - Setting next_dagrun for silver_transformation_pipeline to 2025-11-04 00:00:00+00:00, run_after=2025-11-05 00:00:00+00:00
[2025-11-04T13:20:48.774+0000] {processor.py:183} INFO - Processing /opt/airflow/dags/silver_dag.py took 0.367 seconds
[2025-11-04T13:21:18.862+0000] {processor.py:161} INFO - Started process (PID=35337) to work on /opt/airflow/dags/silver_dag.py
[2025-11-04T13:21:18.863+0000] {processor.py:830} INFO - Processing file /opt/airflow/dags/silver_dag.py for tasks to queue
[2025-11-04T13:21:18.865+0000] {logging_mixin.py:188} INFO - [2025-11-04T13:21:18.864+0000] {dagbag.py:538} INFO - Filling up the DagBag from /opt/airflow/dags/silver_dag.py
[2025-11-04T13:21:19.064+0000] {processor.py:840} INFO - DAG(s) 'silver_transformation_pipeline' retrieved from /opt/airflow/dags/silver_dag.py
[2025-11-04T13:21:19.084+0000] {logging_mixin.py:188} INFO - [2025-11-04T13:21:19.084+0000] {dag.py:3036} INFO - Sync 1 DAGs
[2025-11-04T13:21:19.112+0000] {logging_mixin.py:188} INFO - [2025-11-04T13:21:19.111+0000] {dag.py:3823} INFO - Setting next_dagrun for silver_transformation_pipeline to 2025-11-04 00:00:00+00:00, run_after=2025-11-05 00:00:00+00:00
[2025-11-04T13:21:19.139+0000] {processor.py:183} INFO - Processing /opt/airflow/dags/silver_dag.py took 0.281 seconds
[2025-11-04T13:21:49.263+0000] {processor.py:161} INFO - Started process (PID=35372) to work on /opt/airflow/dags/silver_dag.py
[2025-11-04T13:21:49.265+0000] {processor.py:830} INFO - Processing file /opt/airflow/dags/silver_dag.py for tasks to queue
[2025-11-04T13:21:49.267+0000] {logging_mixin.py:188} INFO - [2025-11-04T13:21:49.266+0000] {dagbag.py:538} INFO - Filling up the DagBag from /opt/airflow/dags/silver_dag.py
[2025-11-04T13:21:49.519+0000] {processor.py:840} INFO - DAG(s) 'silver_transformation_pipeline' retrieved from /opt/airflow/dags/silver_dag.py
[2025-11-04T13:21:49.554+0000] {logging_mixin.py:188} INFO - [2025-11-04T13:21:49.554+0000] {dag.py:3036} INFO - Sync 1 DAGs
[2025-11-04T13:21:49.593+0000] {logging_mixin.py:188} INFO - [2025-11-04T13:21:49.593+0000] {dag.py:3823} INFO - Setting next_dagrun for silver_transformation_pipeline to 2025-11-04 00:00:00+00:00, run_after=2025-11-05 00:00:00+00:00
[2025-11-04T13:21:49.633+0000] {processor.py:183} INFO - Processing /opt/airflow/dags/silver_dag.py took 0.375 seconds
[2025-11-04T13:22:19.909+0000] {processor.py:161} INFO - Started process (PID=35405) to work on /opt/airflow/dags/silver_dag.py
[2025-11-04T13:22:19.911+0000] {processor.py:830} INFO - Processing file /opt/airflow/dags/silver_dag.py for tasks to queue
[2025-11-04T13:22:19.913+0000] {logging_mixin.py:188} INFO - [2025-11-04T13:22:19.912+0000] {dagbag.py:538} INFO - Filling up the DagBag from /opt/airflow/dags/silver_dag.py
[2025-11-04T13:22:20.160+0000] {processor.py:840} INFO - DAG(s) 'silver_transformation_pipeline' retrieved from /opt/airflow/dags/silver_dag.py
[2025-11-04T13:22:20.179+0000] {logging_mixin.py:188} INFO - [2025-11-04T13:22:20.178+0000] {dag.py:3036} INFO - Sync 1 DAGs
[2025-11-04T13:22:20.208+0000] {logging_mixin.py:188} INFO - [2025-11-04T13:22:20.208+0000] {dag.py:3823} INFO - Setting next_dagrun for silver_transformation_pipeline to 2025-11-04 00:00:00+00:00, run_after=2025-11-05 00:00:00+00:00
[2025-11-04T13:22:20.229+0000] {processor.py:183} INFO - Processing /opt/airflow/dags/silver_dag.py took 0.325 seconds
[2025-11-04T13:22:50.407+0000] {processor.py:161} INFO - Started process (PID=35432) to work on /opt/airflow/dags/silver_dag.py
[2025-11-04T13:22:50.410+0000] {processor.py:830} INFO - Processing file /opt/airflow/dags/silver_dag.py for tasks to queue
[2025-11-04T13:22:50.415+0000] {logging_mixin.py:188} INFO - [2025-11-04T13:22:50.414+0000] {dagbag.py:538} INFO - Filling up the DagBag from /opt/airflow/dags/silver_dag.py
[2025-11-04T13:22:50.833+0000] {processor.py:840} INFO - DAG(s) 'silver_transformation_pipeline' retrieved from /opt/airflow/dags/silver_dag.py
[2025-11-04T13:22:50.866+0000] {logging_mixin.py:188} INFO - [2025-11-04T13:22:50.866+0000] {dag.py:3036} INFO - Sync 1 DAGs
[2025-11-04T13:22:50.916+0000] {logging_mixin.py:188} INFO - [2025-11-04T13:22:50.916+0000] {dag.py:3823} INFO - Setting next_dagrun for silver_transformation_pipeline to 2025-11-04 00:00:00+00:00, run_after=2025-11-05 00:00:00+00:00
[2025-11-04T13:22:50.966+0000] {processor.py:183} INFO - Processing /opt/airflow/dags/silver_dag.py took 0.566 seconds
[2025-11-04T13:23:21.629+0000] {processor.py:161} INFO - Started process (PID=35467) to work on /opt/airflow/dags/silver_dag.py
[2025-11-04T13:23:21.633+0000] {processor.py:830} INFO - Processing file /opt/airflow/dags/silver_dag.py for tasks to queue
[2025-11-04T13:23:21.636+0000] {logging_mixin.py:188} INFO - [2025-11-04T13:23:21.635+0000] {dagbag.py:538} INFO - Filling up the DagBag from /opt/airflow/dags/silver_dag.py
[2025-11-04T13:23:21.871+0000] {processor.py:840} INFO - DAG(s) 'silver_transformation_pipeline' retrieved from /opt/airflow/dags/silver_dag.py
[2025-11-04T13:23:21.892+0000] {logging_mixin.py:188} INFO - [2025-11-04T13:23:21.892+0000] {dag.py:3036} INFO - Sync 1 DAGs
[2025-11-04T13:23:21.918+0000] {logging_mixin.py:188} INFO - [2025-11-04T13:23:21.918+0000] {dag.py:3823} INFO - Setting next_dagrun for silver_transformation_pipeline to 2025-11-04 00:00:00+00:00, run_after=2025-11-05 00:00:00+00:00
[2025-11-04T13:23:21.949+0000] {processor.py:183} INFO - Processing /opt/airflow/dags/silver_dag.py took 0.329 seconds
[2025-11-04T13:23:52.091+0000] {processor.py:161} INFO - Started process (PID=35502) to work on /opt/airflow/dags/silver_dag.py
[2025-11-04T13:23:52.092+0000] {processor.py:830} INFO - Processing file /opt/airflow/dags/silver_dag.py for tasks to queue
[2025-11-04T13:23:52.094+0000] {logging_mixin.py:188} INFO - [2025-11-04T13:23:52.094+0000] {dagbag.py:538} INFO - Filling up the DagBag from /opt/airflow/dags/silver_dag.py
[2025-11-04T13:23:52.375+0000] {processor.py:840} INFO - DAG(s) 'silver_transformation_pipeline' retrieved from /opt/airflow/dags/silver_dag.py
[2025-11-04T13:23:52.401+0000] {logging_mixin.py:188} INFO - [2025-11-04T13:23:52.400+0000] {dag.py:3036} INFO - Sync 1 DAGs
[2025-11-04T13:23:52.432+0000] {logging_mixin.py:188} INFO - [2025-11-04T13:23:52.431+0000] {dag.py:3823} INFO - Setting next_dagrun for silver_transformation_pipeline to 2025-11-04 00:00:00+00:00, run_after=2025-11-05 00:00:00+00:00
[2025-11-04T13:23:52.466+0000] {processor.py:183} INFO - Processing /opt/airflow/dags/silver_dag.py took 0.390 seconds
[2025-11-04T13:24:22.604+0000] {processor.py:161} INFO - Started process (PID=35537) to work on /opt/airflow/dags/silver_dag.py
[2025-11-04T13:24:22.607+0000] {processor.py:830} INFO - Processing file /opt/airflow/dags/silver_dag.py for tasks to queue
[2025-11-04T13:24:22.611+0000] {logging_mixin.py:188} INFO - [2025-11-04T13:24:22.610+0000] {dagbag.py:538} INFO - Filling up the DagBag from /opt/airflow/dags/silver_dag.py
[2025-11-04T13:24:23.038+0000] {processor.py:840} INFO - DAG(s) 'silver_transformation_pipeline' retrieved from /opt/airflow/dags/silver_dag.py
[2025-11-04T13:24:23.114+0000] {logging_mixin.py:188} INFO - [2025-11-04T13:24:23.114+0000] {dag.py:3036} INFO - Sync 1 DAGs
[2025-11-04T13:24:23.170+0000] {logging_mixin.py:188} INFO - [2025-11-04T13:24:23.169+0000] {dag.py:3823} INFO - Setting next_dagrun for silver_transformation_pipeline to 2025-11-04 00:00:00+00:00, run_after=2025-11-05 00:00:00+00:00
[2025-11-04T13:24:23.205+0000] {processor.py:183} INFO - Processing /opt/airflow/dags/silver_dag.py took 0.607 seconds
[2025-11-04T13:24:53.503+0000] {processor.py:161} INFO - Started process (PID=35577) to work on /opt/airflow/dags/silver_dag.py
[2025-11-04T13:24:53.505+0000] {processor.py:830} INFO - Processing file /opt/airflow/dags/silver_dag.py for tasks to queue
[2025-11-04T13:24:53.507+0000] {logging_mixin.py:188} INFO - [2025-11-04T13:24:53.507+0000] {dagbag.py:538} INFO - Filling up the DagBag from /opt/airflow/dags/silver_dag.py
[2025-11-04T13:24:53.736+0000] {processor.py:840} INFO - DAG(s) 'silver_transformation_pipeline' retrieved from /opt/airflow/dags/silver_dag.py
[2025-11-04T13:24:53.755+0000] {logging_mixin.py:188} INFO - [2025-11-04T13:24:53.754+0000] {dag.py:3036} INFO - Sync 1 DAGs
[2025-11-04T13:24:53.788+0000] {logging_mixin.py:188} INFO - [2025-11-04T13:24:53.787+0000] {dag.py:3823} INFO - Setting next_dagrun for silver_transformation_pipeline to 2025-11-04 00:00:00+00:00, run_after=2025-11-05 00:00:00+00:00
[2025-11-04T13:24:53.820+0000] {processor.py:183} INFO - Processing /opt/airflow/dags/silver_dag.py took 0.322 seconds
[2025-11-04T13:25:23.950+0000] {processor.py:161} INFO - Started process (PID=35617) to work on /opt/airflow/dags/silver_dag.py
[2025-11-04T13:25:23.951+0000] {processor.py:830} INFO - Processing file /opt/airflow/dags/silver_dag.py for tasks to queue
[2025-11-04T13:25:23.953+0000] {logging_mixin.py:188} INFO - [2025-11-04T13:25:23.953+0000] {dagbag.py:538} INFO - Filling up the DagBag from /opt/airflow/dags/silver_dag.py
[2025-11-04T13:25:24.157+0000] {processor.py:840} INFO - DAG(s) 'silver_transformation_pipeline' retrieved from /opt/airflow/dags/silver_dag.py
[2025-11-04T13:25:24.179+0000] {logging_mixin.py:188} INFO - [2025-11-04T13:25:24.179+0000] {dag.py:3036} INFO - Sync 1 DAGs
[2025-11-04T13:25:24.210+0000] {logging_mixin.py:188} INFO - [2025-11-04T13:25:24.210+0000] {dag.py:3823} INFO - Setting next_dagrun for silver_transformation_pipeline to 2025-11-04 00:00:00+00:00, run_after=2025-11-05 00:00:00+00:00
[2025-11-04T13:25:24.240+0000] {processor.py:183} INFO - Processing /opt/airflow/dags/silver_dag.py took 0.293 seconds
[2025-11-04T13:25:55.073+0000] {processor.py:161} INFO - Started process (PID=35652) to work on /opt/airflow/dags/silver_dag.py
[2025-11-04T13:25:55.076+0000] {processor.py:830} INFO - Processing file /opt/airflow/dags/silver_dag.py for tasks to queue
[2025-11-04T13:25:55.078+0000] {logging_mixin.py:188} INFO - [2025-11-04T13:25:55.077+0000] {dagbag.py:538} INFO - Filling up the DagBag from /opt/airflow/dags/silver_dag.py
[2025-11-04T13:25:55.308+0000] {processor.py:840} INFO - DAG(s) 'silver_transformation_pipeline' retrieved from /opt/airflow/dags/silver_dag.py
[2025-11-04T13:25:55.330+0000] {logging_mixin.py:188} INFO - [2025-11-04T13:25:55.330+0000] {dag.py:3036} INFO - Sync 1 DAGs
[2025-11-04T13:25:55.358+0000] {logging_mixin.py:188} INFO - [2025-11-04T13:25:55.358+0000] {dag.py:3823} INFO - Setting next_dagrun for silver_transformation_pipeline to 2025-11-04 00:00:00+00:00, run_after=2025-11-05 00:00:00+00:00
[2025-11-04T13:25:55.388+0000] {processor.py:183} INFO - Processing /opt/airflow/dags/silver_dag.py took 0.320 seconds
[2025-11-04T13:26:25.800+0000] {processor.py:161} INFO - Started process (PID=35687) to work on /opt/airflow/dags/silver_dag.py
[2025-11-04T13:26:25.802+0000] {processor.py:830} INFO - Processing file /opt/airflow/dags/silver_dag.py for tasks to queue
[2025-11-04T13:26:25.804+0000] {logging_mixin.py:188} INFO - [2025-11-04T13:26:25.804+0000] {dagbag.py:538} INFO - Filling up the DagBag from /opt/airflow/dags/silver_dag.py
[2025-11-04T13:26:26.015+0000] {processor.py:840} INFO - DAG(s) 'silver_transformation_pipeline' retrieved from /opt/airflow/dags/silver_dag.py
[2025-11-04T13:26:26.043+0000] {logging_mixin.py:188} INFO - [2025-11-04T13:26:26.042+0000] {dag.py:3036} INFO - Sync 1 DAGs
[2025-11-04T13:26:26.075+0000] {logging_mixin.py:188} INFO - [2025-11-04T13:26:26.074+0000] {dag.py:3823} INFO - Setting next_dagrun for silver_transformation_pipeline to 2025-11-04 00:00:00+00:00, run_after=2025-11-05 00:00:00+00:00
[2025-11-04T13:26:26.105+0000] {processor.py:183} INFO - Processing /opt/airflow/dags/silver_dag.py took 0.309 seconds
[2025-11-04T13:26:56.787+0000] {processor.py:161} INFO - Started process (PID=35722) to work on /opt/airflow/dags/silver_dag.py
[2025-11-04T13:26:56.790+0000] {processor.py:830} INFO - Processing file /opt/airflow/dags/silver_dag.py for tasks to queue
[2025-11-04T13:26:56.791+0000] {logging_mixin.py:188} INFO - [2025-11-04T13:26:56.791+0000] {dagbag.py:538} INFO - Filling up the DagBag from /opt/airflow/dags/silver_dag.py
[2025-11-04T13:26:56.993+0000] {processor.py:840} INFO - DAG(s) 'silver_transformation_pipeline' retrieved from /opt/airflow/dags/silver_dag.py
[2025-11-04T13:26:57.016+0000] {logging_mixin.py:188} INFO - [2025-11-04T13:26:57.015+0000] {dag.py:3036} INFO - Sync 1 DAGs
[2025-11-04T13:26:57.046+0000] {logging_mixin.py:188} INFO - [2025-11-04T13:26:57.046+0000] {dag.py:3823} INFO - Setting next_dagrun for silver_transformation_pipeline to 2025-11-04 00:00:00+00:00, run_after=2025-11-05 00:00:00+00:00
[2025-11-04T13:26:57.083+0000] {processor.py:183} INFO - Processing /opt/airflow/dags/silver_dag.py took 0.303 seconds
[2025-11-04T13:27:27.363+0000] {processor.py:161} INFO - Started process (PID=35757) to work on /opt/airflow/dags/silver_dag.py
[2025-11-04T13:27:27.365+0000] {processor.py:830} INFO - Processing file /opt/airflow/dags/silver_dag.py for tasks to queue
[2025-11-04T13:27:27.367+0000] {logging_mixin.py:188} INFO - [2025-11-04T13:27:27.367+0000] {dagbag.py:538} INFO - Filling up the DagBag from /opt/airflow/dags/silver_dag.py
[2025-11-04T13:27:27.608+0000] {processor.py:840} INFO - DAG(s) 'silver_transformation_pipeline' retrieved from /opt/airflow/dags/silver_dag.py
[2025-11-04T13:27:27.629+0000] {logging_mixin.py:188} INFO - [2025-11-04T13:27:27.629+0000] {dag.py:3036} INFO - Sync 1 DAGs
[2025-11-04T13:27:27.658+0000] {logging_mixin.py:188} INFO - [2025-11-04T13:27:27.658+0000] {dag.py:3823} INFO - Setting next_dagrun for silver_transformation_pipeline to 2025-11-04 00:00:00+00:00, run_after=2025-11-05 00:00:00+00:00
[2025-11-04T13:27:27.685+0000] {processor.py:183} INFO - Processing /opt/airflow/dags/silver_dag.py took 0.325 seconds
[2025-11-04T13:27:57.797+0000] {processor.py:161} INFO - Started process (PID=35792) to work on /opt/airflow/dags/silver_dag.py
[2025-11-04T13:27:57.799+0000] {processor.py:830} INFO - Processing file /opt/airflow/dags/silver_dag.py for tasks to queue
[2025-11-04T13:27:57.801+0000] {logging_mixin.py:188} INFO - [2025-11-04T13:27:57.800+0000] {dagbag.py:538} INFO - Filling up the DagBag from /opt/airflow/dags/silver_dag.py
[2025-11-04T13:27:58.057+0000] {processor.py:840} INFO - DAG(s) 'silver_transformation_pipeline' retrieved from /opt/airflow/dags/silver_dag.py
[2025-11-04T13:27:58.076+0000] {logging_mixin.py:188} INFO - [2025-11-04T13:27:58.076+0000] {dag.py:3036} INFO - Sync 1 DAGs
[2025-11-04T13:27:58.110+0000] {logging_mixin.py:188} INFO - [2025-11-04T13:27:58.110+0000] {dag.py:3823} INFO - Setting next_dagrun for silver_transformation_pipeline to 2025-11-04 00:00:00+00:00, run_after=2025-11-05 00:00:00+00:00
[2025-11-04T13:27:58.144+0000] {processor.py:183} INFO - Processing /opt/airflow/dags/silver_dag.py took 0.351 seconds
[2025-11-04T13:28:28.837+0000] {processor.py:161} INFO - Started process (PID=35827) to work on /opt/airflow/dags/silver_dag.py
[2025-11-04T13:28:28.839+0000] {processor.py:830} INFO - Processing file /opt/airflow/dags/silver_dag.py for tasks to queue
[2025-11-04T13:28:28.841+0000] {logging_mixin.py:188} INFO - [2025-11-04T13:28:28.841+0000] {dagbag.py:538} INFO - Filling up the DagBag from /opt/airflow/dags/silver_dag.py
[2025-11-04T13:28:29.069+0000] {processor.py:840} INFO - DAG(s) 'silver_transformation_pipeline' retrieved from /opt/airflow/dags/silver_dag.py
[2025-11-04T13:28:29.093+0000] {logging_mixin.py:188} INFO - [2025-11-04T13:28:29.092+0000] {dag.py:3036} INFO - Sync 1 DAGs
[2025-11-04T13:28:29.126+0000] {logging_mixin.py:188} INFO - [2025-11-04T13:28:29.126+0000] {dag.py:3823} INFO - Setting next_dagrun for silver_transformation_pipeline to 2025-11-04 00:00:00+00:00, run_after=2025-11-05 00:00:00+00:00
[2025-11-04T13:28:29.156+0000] {processor.py:183} INFO - Processing /opt/airflow/dags/silver_dag.py took 0.324 seconds
[2025-11-04T13:28:59.269+0000] {processor.py:161} INFO - Started process (PID=35862) to work on /opt/airflow/dags/silver_dag.py
[2025-11-04T13:28:59.271+0000] {processor.py:830} INFO - Processing file /opt/airflow/dags/silver_dag.py for tasks to queue
[2025-11-04T13:28:59.273+0000] {logging_mixin.py:188} INFO - [2025-11-04T13:28:59.273+0000] {dagbag.py:538} INFO - Filling up the DagBag from /opt/airflow/dags/silver_dag.py
[2025-11-04T13:28:59.484+0000] {processor.py:840} INFO - DAG(s) 'silver_transformation_pipeline' retrieved from /opt/airflow/dags/silver_dag.py
[2025-11-04T13:28:59.507+0000] {logging_mixin.py:188} INFO - [2025-11-04T13:28:59.506+0000] {dag.py:3036} INFO - Sync 1 DAGs
[2025-11-04T13:28:59.543+0000] {logging_mixin.py:188} INFO - [2025-11-04T13:28:59.542+0000] {dag.py:3823} INFO - Setting next_dagrun for silver_transformation_pipeline to 2025-11-04 00:00:00+00:00, run_after=2025-11-05 00:00:00+00:00
[2025-11-04T13:28:59.578+0000] {processor.py:183} INFO - Processing /opt/airflow/dags/silver_dag.py took 0.315 seconds
[2025-11-04T13:29:29.811+0000] {processor.py:161} INFO - Started process (PID=35897) to work on /opt/airflow/dags/silver_dag.py
[2025-11-04T13:29:29.813+0000] {processor.py:830} INFO - Processing file /opt/airflow/dags/silver_dag.py for tasks to queue
[2025-11-04T13:29:29.816+0000] {logging_mixin.py:188} INFO - [2025-11-04T13:29:29.815+0000] {dagbag.py:538} INFO - Filling up the DagBag from /opt/airflow/dags/silver_dag.py
[2025-11-04T13:29:30.021+0000] {processor.py:840} INFO - DAG(s) 'silver_transformation_pipeline' retrieved from /opt/airflow/dags/silver_dag.py
[2025-11-04T13:29:30.043+0000] {logging_mixin.py:188} INFO - [2025-11-04T13:29:30.042+0000] {dag.py:3036} INFO - Sync 1 DAGs
[2025-11-04T13:29:30.070+0000] {logging_mixin.py:188} INFO - [2025-11-04T13:29:30.069+0000] {dag.py:3823} INFO - Setting next_dagrun for silver_transformation_pipeline to 2025-11-04 00:00:00+00:00, run_after=2025-11-05 00:00:00+00:00
[2025-11-04T13:29:30.105+0000] {processor.py:183} INFO - Processing /opt/airflow/dags/silver_dag.py took 0.300 seconds
[2025-11-04T13:30:00.957+0000] {processor.py:161} INFO - Started process (PID=35932) to work on /opt/airflow/dags/silver_dag.py
[2025-11-04T13:30:00.960+0000] {processor.py:830} INFO - Processing file /opt/airflow/dags/silver_dag.py for tasks to queue
[2025-11-04T13:30:00.964+0000] {logging_mixin.py:188} INFO - [2025-11-04T13:30:00.963+0000] {dagbag.py:538} INFO - Filling up the DagBag from /opt/airflow/dags/silver_dag.py
[2025-11-04T13:30:01.281+0000] {processor.py:840} INFO - DAG(s) 'silver_transformation_pipeline' retrieved from /opt/airflow/dags/silver_dag.py
[2025-11-04T13:30:01.336+0000] {logging_mixin.py:188} INFO - [2025-11-04T13:30:01.335+0000] {dag.py:3036} INFO - Sync 1 DAGs
[2025-11-04T13:30:01.389+0000] {logging_mixin.py:188} INFO - [2025-11-04T13:30:01.388+0000] {dag.py:3823} INFO - Setting next_dagrun for silver_transformation_pipeline to 2025-11-04 00:00:00+00:00, run_after=2025-11-05 00:00:00+00:00
[2025-11-04T13:30:01.434+0000] {processor.py:183} INFO - Processing /opt/airflow/dags/silver_dag.py took 0.490 seconds
[2025-11-04T13:30:31.579+0000] {processor.py:161} INFO - Started process (PID=35967) to work on /opt/airflow/dags/silver_dag.py
[2025-11-04T13:30:31.582+0000] {processor.py:830} INFO - Processing file /opt/airflow/dags/silver_dag.py for tasks to queue
[2025-11-04T13:30:31.584+0000] {logging_mixin.py:188} INFO - [2025-11-04T13:30:31.584+0000] {dagbag.py:538} INFO - Filling up the DagBag from /opt/airflow/dags/silver_dag.py
[2025-11-04T13:30:31.793+0000] {processor.py:840} INFO - DAG(s) 'silver_transformation_pipeline' retrieved from /opt/airflow/dags/silver_dag.py
[2025-11-04T13:30:31.821+0000] {logging_mixin.py:188} INFO - [2025-11-04T13:30:31.821+0000] {dag.py:3036} INFO - Sync 1 DAGs
[2025-11-04T13:30:31.867+0000] {logging_mixin.py:188} INFO - [2025-11-04T13:30:31.866+0000] {dag.py:3823} INFO - Setting next_dagrun for silver_transformation_pipeline to 2025-11-04 00:00:00+00:00, run_after=2025-11-05 00:00:00+00:00
[2025-11-04T13:30:31.895+0000] {processor.py:183} INFO - Processing /opt/airflow/dags/silver_dag.py took 0.329 seconds
[2025-11-04T13:31:02.717+0000] {processor.py:161} INFO - Started process (PID=36002) to work on /opt/airflow/dags/silver_dag.py
[2025-11-04T13:31:02.720+0000] {processor.py:830} INFO - Processing file /opt/airflow/dags/silver_dag.py for tasks to queue
[2025-11-04T13:31:02.723+0000] {logging_mixin.py:188} INFO - [2025-11-04T13:31:02.722+0000] {dagbag.py:538} INFO - Filling up the DagBag from /opt/airflow/dags/silver_dag.py
[2025-11-04T13:31:02.982+0000] {processor.py:840} INFO - DAG(s) 'silver_transformation_pipeline' retrieved from /opt/airflow/dags/silver_dag.py
[2025-11-04T13:31:03.005+0000] {logging_mixin.py:188} INFO - [2025-11-04T13:31:03.005+0000] {dag.py:3036} INFO - Sync 1 DAGs
[2025-11-04T13:31:03.033+0000] {logging_mixin.py:188} INFO - [2025-11-04T13:31:03.033+0000] {dag.py:3823} INFO - Setting next_dagrun for silver_transformation_pipeline to 2025-11-04 00:00:00+00:00, run_after=2025-11-05 00:00:00+00:00
[2025-11-04T13:31:03.071+0000] {processor.py:183} INFO - Processing /opt/airflow/dags/silver_dag.py took 0.361 seconds
[2025-11-04T13:31:33.410+0000] {processor.py:161} INFO - Started process (PID=36037) to work on /opt/airflow/dags/silver_dag.py
[2025-11-04T13:31:33.413+0000] {processor.py:830} INFO - Processing file /opt/airflow/dags/silver_dag.py for tasks to queue
[2025-11-04T13:31:33.415+0000] {logging_mixin.py:188} INFO - [2025-11-04T13:31:33.414+0000] {dagbag.py:538} INFO - Filling up the DagBag from /opt/airflow/dags/silver_dag.py
[2025-11-04T13:31:33.641+0000] {processor.py:840} INFO - DAG(s) 'silver_transformation_pipeline' retrieved from /opt/airflow/dags/silver_dag.py
[2025-11-04T13:31:33.666+0000] {logging_mixin.py:188} INFO - [2025-11-04T13:31:33.665+0000] {dag.py:3036} INFO - Sync 1 DAGs
[2025-11-04T13:31:33.697+0000] {logging_mixin.py:188} INFO - [2025-11-04T13:31:33.697+0000] {dag.py:3823} INFO - Setting next_dagrun for silver_transformation_pipeline to 2025-11-04 00:00:00+00:00, run_after=2025-11-05 00:00:00+00:00
[2025-11-04T13:31:33.731+0000] {processor.py:183} INFO - Processing /opt/airflow/dags/silver_dag.py took 0.327 seconds
[2025-11-04T13:32:04.554+0000] {processor.py:161} INFO - Started process (PID=36072) to work on /opt/airflow/dags/silver_dag.py
[2025-11-04T13:32:04.557+0000] {processor.py:830} INFO - Processing file /opt/airflow/dags/silver_dag.py for tasks to queue
[2025-11-04T13:32:04.560+0000] {logging_mixin.py:188} INFO - [2025-11-04T13:32:04.559+0000] {dagbag.py:538} INFO - Filling up the DagBag from /opt/airflow/dags/silver_dag.py
[2025-11-04T13:32:04.747+0000] {processor.py:840} INFO - DAG(s) 'silver_transformation_pipeline' retrieved from /opt/airflow/dags/silver_dag.py
[2025-11-04T13:32:04.778+0000] {logging_mixin.py:188} INFO - [2025-11-04T13:32:04.777+0000] {dag.py:3036} INFO - Sync 1 DAGs
[2025-11-04T13:32:04.808+0000] {logging_mixin.py:188} INFO - [2025-11-04T13:32:04.808+0000] {dag.py:3823} INFO - Setting next_dagrun for silver_transformation_pipeline to 2025-11-04 00:00:00+00:00, run_after=2025-11-05 00:00:00+00:00
[2025-11-04T13:32:04.847+0000] {processor.py:183} INFO - Processing /opt/airflow/dags/silver_dag.py took 0.298 seconds
[2025-11-04T13:32:35.179+0000] {processor.py:161} INFO - Started process (PID=36107) to work on /opt/airflow/dags/silver_dag.py
[2025-11-04T13:32:35.182+0000] {processor.py:830} INFO - Processing file /opt/airflow/dags/silver_dag.py for tasks to queue
[2025-11-04T13:32:35.184+0000] {logging_mixin.py:188} INFO - [2025-11-04T13:32:35.183+0000] {dagbag.py:538} INFO - Filling up the DagBag from /opt/airflow/dags/silver_dag.py
[2025-11-04T13:32:35.374+0000] {processor.py:840} INFO - DAG(s) 'silver_transformation_pipeline' retrieved from /opt/airflow/dags/silver_dag.py
[2025-11-04T13:32:35.395+0000] {logging_mixin.py:188} INFO - [2025-11-04T13:32:35.395+0000] {dag.py:3036} INFO - Sync 1 DAGs
[2025-11-04T13:32:35.419+0000] {logging_mixin.py:188} INFO - [2025-11-04T13:32:35.418+0000] {dag.py:3823} INFO - Setting next_dagrun for silver_transformation_pipeline to 2025-11-04 00:00:00+00:00, run_after=2025-11-05 00:00:00+00:00
[2025-11-04T13:32:35.454+0000] {processor.py:183} INFO - Processing /opt/airflow/dags/silver_dag.py took 0.280 seconds
[2025-11-04T13:33:06.327+0000] {processor.py:161} INFO - Started process (PID=36142) to work on /opt/airflow/dags/silver_dag.py
[2025-11-04T13:33:06.330+0000] {processor.py:830} INFO - Processing file /opt/airflow/dags/silver_dag.py for tasks to queue
[2025-11-04T13:33:06.332+0000] {logging_mixin.py:188} INFO - [2025-11-04T13:33:06.332+0000] {dagbag.py:538} INFO - Filling up the DagBag from /opt/airflow/dags/silver_dag.py
[2025-11-04T13:33:06.546+0000] {processor.py:840} INFO - DAG(s) 'silver_transformation_pipeline' retrieved from /opt/airflow/dags/silver_dag.py
[2025-11-04T13:33:06.567+0000] {logging_mixin.py:188} INFO - [2025-11-04T13:33:06.567+0000] {dag.py:3036} INFO - Sync 1 DAGs
[2025-11-04T13:33:06.590+0000] {logging_mixin.py:188} INFO - [2025-11-04T13:33:06.590+0000] {dag.py:3823} INFO - Setting next_dagrun for silver_transformation_pipeline to 2025-11-04 00:00:00+00:00, run_after=2025-11-05 00:00:00+00:00
[2025-11-04T13:33:06.620+0000] {processor.py:183} INFO - Processing /opt/airflow/dags/silver_dag.py took 0.299 seconds
[2025-11-04T13:33:36.947+0000] {processor.py:161} INFO - Started process (PID=36177) to work on /opt/airflow/dags/silver_dag.py
[2025-11-04T13:33:36.949+0000] {processor.py:830} INFO - Processing file /opt/airflow/dags/silver_dag.py for tasks to queue
[2025-11-04T13:33:36.951+0000] {logging_mixin.py:188} INFO - [2025-11-04T13:33:36.950+0000] {dagbag.py:538} INFO - Filling up the DagBag from /opt/airflow/dags/silver_dag.py
[2025-11-04T13:33:37.176+0000] {processor.py:840} INFO - DAG(s) 'silver_transformation_pipeline' retrieved from /opt/airflow/dags/silver_dag.py
[2025-11-04T13:33:37.197+0000] {logging_mixin.py:188} INFO - [2025-11-04T13:33:37.196+0000] {dag.py:3036} INFO - Sync 1 DAGs
[2025-11-04T13:33:37.222+0000] {logging_mixin.py:188} INFO - [2025-11-04T13:33:37.222+0000] {dag.py:3823} INFO - Setting next_dagrun for silver_transformation_pipeline to 2025-11-04 00:00:00+00:00, run_after=2025-11-05 00:00:00+00:00
[2025-11-04T13:33:37.253+0000] {processor.py:183} INFO - Processing /opt/airflow/dags/silver_dag.py took 0.311 seconds
[2025-11-04T13:34:07.390+0000] {processor.py:161} INFO - Started process (PID=36212) to work on /opt/airflow/dags/silver_dag.py
[2025-11-04T13:34:07.393+0000] {processor.py:830} INFO - Processing file /opt/airflow/dags/silver_dag.py for tasks to queue
[2025-11-04T13:34:07.394+0000] {logging_mixin.py:188} INFO - [2025-11-04T13:34:07.394+0000] {dagbag.py:538} INFO - Filling up the DagBag from /opt/airflow/dags/silver_dag.py
[2025-11-04T13:34:07.628+0000] {processor.py:840} INFO - DAG(s) 'silver_transformation_pipeline' retrieved from /opt/airflow/dags/silver_dag.py
[2025-11-04T13:34:07.651+0000] {logging_mixin.py:188} INFO - [2025-11-04T13:34:07.650+0000] {dag.py:3036} INFO - Sync 1 DAGs
[2025-11-04T13:34:07.678+0000] {logging_mixin.py:188} INFO - [2025-11-04T13:34:07.677+0000] {dag.py:3823} INFO - Setting next_dagrun for silver_transformation_pipeline to 2025-11-04 00:00:00+00:00, run_after=2025-11-05 00:00:00+00:00
[2025-11-04T13:34:07.706+0000] {processor.py:183} INFO - Processing /opt/airflow/dags/silver_dag.py took 0.322 seconds
[2025-11-04T13:34:37.901+0000] {processor.py:161} INFO - Started process (PID=36247) to work on /opt/airflow/dags/silver_dag.py
[2025-11-04T13:34:37.904+0000] {processor.py:830} INFO - Processing file /opt/airflow/dags/silver_dag.py for tasks to queue
[2025-11-04T13:34:37.910+0000] {logging_mixin.py:188} INFO - [2025-11-04T13:34:37.908+0000] {dagbag.py:538} INFO - Filling up the DagBag from /opt/airflow/dags/silver_dag.py
[2025-11-04T13:34:38.136+0000] {processor.py:840} INFO - DAG(s) 'silver_transformation_pipeline' retrieved from /opt/airflow/dags/silver_dag.py
[2025-11-04T13:34:38.160+0000] {logging_mixin.py:188} INFO - [2025-11-04T13:34:38.160+0000] {dag.py:3036} INFO - Sync 1 DAGs
[2025-11-04T13:34:38.186+0000] {logging_mixin.py:188} INFO - [2025-11-04T13:34:38.186+0000] {dag.py:3823} INFO - Setting next_dagrun for silver_transformation_pipeline to 2025-11-04 00:00:00+00:00, run_after=2025-11-05 00:00:00+00:00
[2025-11-04T13:34:38.220+0000] {processor.py:183} INFO - Processing /opt/airflow/dags/silver_dag.py took 0.323 seconds
[2025-11-04T13:35:09.094+0000] {processor.py:161} INFO - Started process (PID=36282) to work on /opt/airflow/dags/silver_dag.py
[2025-11-04T13:35:09.096+0000] {processor.py:830} INFO - Processing file /opt/airflow/dags/silver_dag.py for tasks to queue
[2025-11-04T13:35:09.097+0000] {logging_mixin.py:188} INFO - [2025-11-04T13:35:09.097+0000] {dagbag.py:538} INFO - Filling up the DagBag from /opt/airflow/dags/silver_dag.py
[2025-11-04T13:35:09.324+0000] {processor.py:840} INFO - DAG(s) 'silver_transformation_pipeline' retrieved from /opt/airflow/dags/silver_dag.py
[2025-11-04T13:35:09.345+0000] {logging_mixin.py:188} INFO - [2025-11-04T13:35:09.345+0000] {dag.py:3036} INFO - Sync 1 DAGs
[2025-11-04T13:35:09.376+0000] {logging_mixin.py:188} INFO - [2025-11-04T13:35:09.375+0000] {dag.py:3823} INFO - Setting next_dagrun for silver_transformation_pipeline to 2025-11-04 00:00:00+00:00, run_after=2025-11-05 00:00:00+00:00
[2025-11-04T13:35:09.412+0000] {processor.py:183} INFO - Processing /opt/airflow/dags/silver_dag.py took 0.321 seconds
[2025-11-04T13:35:39.698+0000] {processor.py:161} INFO - Started process (PID=36317) to work on /opt/airflow/dags/silver_dag.py
[2025-11-04T13:35:39.701+0000] {processor.py:830} INFO - Processing file /opt/airflow/dags/silver_dag.py for tasks to queue
[2025-11-04T13:35:39.703+0000] {logging_mixin.py:188} INFO - [2025-11-04T13:35:39.703+0000] {dagbag.py:538} INFO - Filling up the DagBag from /opt/airflow/dags/silver_dag.py
[2025-11-04T13:35:39.923+0000] {processor.py:840} INFO - DAG(s) 'silver_transformation_pipeline' retrieved from /opt/airflow/dags/silver_dag.py
[2025-11-04T13:35:39.943+0000] {logging_mixin.py:188} INFO - [2025-11-04T13:35:39.943+0000] {dag.py:3036} INFO - Sync 1 DAGs
[2025-11-04T13:35:39.975+0000] {logging_mixin.py:188} INFO - [2025-11-04T13:35:39.975+0000] {dag.py:3823} INFO - Setting next_dagrun for silver_transformation_pipeline to 2025-11-04 00:00:00+00:00, run_after=2025-11-05 00:00:00+00:00
[2025-11-04T13:35:40.012+0000] {processor.py:183} INFO - Processing /opt/airflow/dags/silver_dag.py took 0.319 seconds
[2025-11-04T13:37:17.434+0000] {processor.py:161} INFO - Started process (PID=36357) to work on /opt/airflow/dags/silver_dag.py
[2025-11-04T13:37:17.437+0000] {processor.py:830} INFO - Processing file /opt/airflow/dags/silver_dag.py for tasks to queue
[2025-11-04T13:37:17.449+0000] {logging_mixin.py:188} INFO - [2025-11-04T13:37:17.448+0000] {dagbag.py:538} INFO - Filling up the DagBag from /opt/airflow/dags/silver_dag.py
[2025-11-04T13:37:18.249+0000] {processor.py:840} INFO - DAG(s) 'silver_transformation_pipeline' retrieved from /opt/airflow/dags/silver_dag.py
[2025-11-04T13:37:18.292+0000] {logging_mixin.py:188} INFO - [2025-11-04T13:37:18.292+0000] {dag.py:3036} INFO - Sync 1 DAGs
[2025-11-04T13:37:18.351+0000] {logging_mixin.py:188} INFO - [2025-11-04T13:37:18.350+0000] {dag.py:3823} INFO - Setting next_dagrun for silver_transformation_pipeline to 2025-11-04 00:00:00+00:00, run_after=2025-11-05 00:00:00+00:00
[2025-11-04T13:37:18.405+0000] {processor.py:183} INFO - Processing /opt/airflow/dags/silver_dag.py took 0.994 seconds
[2025-11-04T14:05:05.213+0000] {processor.py:161} INFO - Started process (PID=36394) to work on /opt/airflow/dags/silver_dag.py
[2025-11-04T14:05:05.246+0000] {processor.py:830} INFO - Processing file /opt/airflow/dags/silver_dag.py for tasks to queue
[2025-11-04T14:05:05.287+0000] {logging_mixin.py:188} INFO - [2025-11-04T14:05:05.287+0000] {dagbag.py:538} INFO - Filling up the DagBag from /opt/airflow/dags/silver_dag.py
[2025-11-04T14:05:06.436+0000] {processor.py:840} INFO - DAG(s) 'silver_transformation_pipeline' retrieved from /opt/airflow/dags/silver_dag.py
[2025-11-04T14:05:06.472+0000] {logging_mixin.py:188} INFO - [2025-11-04T14:05:06.471+0000] {dag.py:3036} INFO - Sync 1 DAGs
[2025-11-04T14:05:06.518+0000] {logging_mixin.py:188} INFO - [2025-11-04T14:05:06.517+0000] {dag.py:3823} INFO - Setting next_dagrun for silver_transformation_pipeline to 2025-11-04 00:00:00+00:00, run_after=2025-11-05 00:00:00+00:00
[2025-11-04T14:05:06.563+0000] {processor.py:183} INFO - Processing /opt/airflow/dags/silver_dag.py took 1.371 seconds
