[2025-11-07T05:07:23.791+0000] {taskinstance.py:1956} INFO - Dependencies all met for dep_context=non-requeueable deps ti=<TaskInstance: silver_transformation_pipeline.dbt_run_payments scheduled__2025-11-06T00:00:00+00:00 [queued]>
[2025-11-07T05:07:23.836+0000] {taskinstance.py:1956} INFO - Dependencies all met for dep_context=requeueable deps ti=<TaskInstance: silver_transformation_pipeline.dbt_run_payments scheduled__2025-11-06T00:00:00+00:00 [queued]>
[2025-11-07T05:07:23.845+0000] {taskinstance.py:2170} INFO - Starting attempt 1 of 2
[2025-11-07T05:07:23.898+0000] {taskinstance.py:2191} INFO - Executing <Task(PythonOperator): dbt_run_payments> on 2025-11-06 00:00:00+00:00
[2025-11-07T05:07:23.910+0000] {standard_task_runner.py:60} INFO - Started process 48401 to run task
[2025-11-07T05:07:23.914+0000] {standard_task_runner.py:87} INFO - Running: ['***', 'tasks', 'run', 'silver_transformation_pipeline', 'dbt_run_payments', 'scheduled__2025-11-06T00:00:00+00:00', '--job-id', '494', '--raw', '--subdir', 'DAGS_FOLDER/silver_dag.py', '--cfg-path', '/tmp/tmp2n4jf2nc']
[2025-11-07T05:07:23.930+0000] {standard_task_runner.py:88} INFO - Job 494: Subtask dbt_run_payments
[2025-11-07T05:07:24.125+0000] {task_command.py:423} INFO - Running <TaskInstance: silver_transformation_pipeline.dbt_run_payments scheduled__2025-11-06T00:00:00+00:00 [running]> on host 0d39d4365eb9
[2025-11-07T05:07:24.366+0000] {taskinstance.py:2480} INFO - Exporting env vars: AIRFLOW_CTX_DAG_OWNER='***' AIRFLOW_CTX_DAG_ID='silver_transformation_pipeline' AIRFLOW_CTX_TASK_ID='dbt_run_payments' AIRFLOW_CTX_EXECUTION_DATE='2025-11-06T00:00:00+00:00' AIRFLOW_CTX_TRY_NUMBER='1' AIRFLOW_CTX_DAG_RUN_ID='scheduled__2025-11-06T00:00:00+00:00'
[2025-11-07T09:17:09.033+0000] {local_task_job_runner.py:211} ERROR - Heartbeat time limit exceeded!
[2025-11-07T09:17:09.204+0000] {process_utils.py:131} INFO - Sending 15 to group 48401. PIDs of all processes in the group: [48405, 48401]
[2025-11-07T09:17:09.281+0000] {process_utils.py:86} INFO - Sending the signal 15 to group 48401
[2025-11-07T09:17:09.330+0000] {taskinstance.py:2450} ERROR - Received SIGTERM. Terminating subprocesses.
[2025-11-07T09:17:09.845+0000] {process_utils.py:79} INFO - Process psutil.Process(pid=48405, status='terminated', started='05:07:23') (48405) terminated with exit code None
[2025-11-07T09:17:09.564+0000] {taskinstance.py:2698} ERROR - Task failed with exception
Traceback (most recent call last):
  File "/home/airflow/.local/lib/python3.8/site-packages/airflow/models/taskinstance.py", line 433, in _execute_task
    result = execute_callable(context=context, **execute_callable_kwargs)
  File "/home/airflow/.local/lib/python3.8/site-packages/airflow/operators/python.py", line 199, in execute
    return_value = self.execute_callable()
  File "/home/airflow/.local/lib/python3.8/site-packages/airflow/operators/python.py", line 216, in execute_callable
    return self.python_callable(*self.op_args, **self.op_kwargs)
  File "/opt/airflow/dags/silver_dag.py", line 188, in <lambda>
    python_callable=lambda ds, **_: _run_dbt("silver_payments", ds=ds, full_refresh=False, pass_ds_lagged=True),
  File "/opt/airflow/dags/silver_dag.py", line 148, in _run_dbt
    proc = subprocess.run(args, text=True, capture_output=True)
  File "/usr/local/lib/python3.8/subprocess.py", line 495, in run
    stdout, stderr = process.communicate(input, timeout=timeout)
  File "/usr/local/lib/python3.8/subprocess.py", line 1028, in communicate
    stdout, stderr = self._communicate(input, endtime, timeout)
  File "/usr/local/lib/python3.8/subprocess.py", line 1884, in _communicate
    ready = selector.select(timeout)
  File "/usr/local/lib/python3.8/selectors.py", line 415, in select
    fd_event_list = self._selector.poll(timeout)
  File "/home/airflow/.local/lib/python3.8/site-packages/airflow/models/taskinstance.py", line 2452, in signal_handler
    raise AirflowException("Task received SIGTERM signal")
airflow.exceptions.AirflowException: Task received SIGTERM signal
[2025-11-07T09:17:10.107+0000] {taskinstance.py:1138} INFO - Marking task as UP_FOR_RETRY. dag_id=silver_transformation_pipeline, task_id=dbt_run_payments, execution_date=20251106T000000, start_date=20251107T050723, end_date=20251107T091710
[2025-11-07T09:17:10.792+0000] {standard_task_runner.py:107} ERROR - Failed to execute job 494 for task dbt_run_payments (Task received SIGTERM signal; 48401)
[2025-11-07T09:17:10.857+0000] {process_utils.py:79} INFO - Process psutil.Process(pid=48401, status='terminated', exitcode=1, started='05:07:23') (48401) terminated with exit code 1
