[2025-11-01T15:14:13.243+0000] {taskinstance.py:1956} INFO - Dependencies all met for dep_context=non-requeueable deps ti=<TaskInstance: silver_transformation_pipeline.dbt_run_payments manual__2025-11-01T15:14:11.534328+00:00 [queued]>
[2025-11-01T15:14:13.256+0000] {taskinstance.py:1956} INFO - Dependencies all met for dep_context=requeueable deps ti=<TaskInstance: silver_transformation_pipeline.dbt_run_payments manual__2025-11-01T15:14:11.534328+00:00 [queued]>
[2025-11-01T15:14:13.257+0000] {taskinstance.py:2170} INFO - Starting attempt 1 of 2
[2025-11-01T15:14:13.280+0000] {taskinstance.py:2191} INFO - Executing <Task(PythonOperator): dbt_run_payments> on 2025-11-01 15:14:11.534328+00:00
[2025-11-01T15:14:13.289+0000] {standard_task_runner.py:60} INFO - Started process 1175 to run task
[2025-11-01T15:14:13.296+0000] {standard_task_runner.py:87} INFO - Running: ['***', 'tasks', 'run', 'silver_transformation_pipeline', 'dbt_run_payments', 'manual__2025-11-01T15:14:11.534328+00:00', '--job-id', '35', '--raw', '--subdir', 'DAGS_FOLDER/silver_dag.py', '--cfg-path', '/tmp/tmpx3p6wzu8']
[2025-11-01T15:14:13.305+0000] {standard_task_runner.py:88} INFO - Job 35: Subtask dbt_run_payments
[2025-11-01T15:14:13.404+0000] {task_command.py:423} INFO - Running <TaskInstance: silver_transformation_pipeline.dbt_run_payments manual__2025-11-01T15:14:11.534328+00:00 [running]> on host 7f2b5a16b237
[2025-11-01T15:14:13.520+0000] {taskinstance.py:2480} INFO - Exporting env vars: AIRFLOW_CTX_DAG_OWNER='***' AIRFLOW_CTX_DAG_ID='silver_transformation_pipeline' AIRFLOW_CTX_TASK_ID='dbt_run_payments' AIRFLOW_CTX_EXECUTION_DATE='2025-11-01T15:14:11.534328+00:00' AIRFLOW_CTX_TRY_NUMBER='1' AIRFLOW_CTX_DAG_RUN_ID='manual__2025-11-01T15:14:11.534328+00:00'
[2025-11-01T15:14:18.353+0000] {taskinstance.py:2698} ERROR - Task failed with exception
Traceback (most recent call last):
  File "/home/airflow/.local/lib/python3.8/site-packages/airflow/models/taskinstance.py", line 433, in _execute_task
    result = execute_callable(context=context, **execute_callable_kwargs)
  File "/home/airflow/.local/lib/python3.8/site-packages/airflow/operators/python.py", line 199, in execute
    return_value = self.execute_callable()
  File "/home/airflow/.local/lib/python3.8/site-packages/airflow/operators/python.py", line 216, in execute_callable
    return self.python_callable(*self.op_args, **self.op_kwargs)
  File "/opt/airflow/dags/silver_dag.py", line 125, in <lambda>
    python_callable=lambda ds, **_: _run_dbt("silver_payments", ds=ds, full_refresh=False, pass_ds_lagged=True),
  File "/opt/airflow/dags/silver_dag.py", line 92, in _run_dbt
    raise RuntimeError(f"dbt failed ({proc.returncode}).\nSTDOUT:\n{proc.stdout}\n\nSTDERR:\n{proc.stderr}")
RuntimeError: dbt failed (2).
STDOUT:
15:14:16  Running with dbt=1.5.9
15:14:17  Registered adapter: clickhouse=1.5.2
15:14:17  Unable to do partial parsing because of a version mismatch
15:14:17  Encountered an error:
Compilation Error
  dbt found two macros named "generate_database_name" in the project
  "ck_project".
   To fix this error, rename or remove one of the following macros:
      - macros/naming.sql
      - macros/adapter.sql


STDERR:

[2025-11-01T15:14:18.381+0000] {taskinstance.py:1138} INFO - Marking task as UP_FOR_RETRY. dag_id=silver_transformation_pipeline, task_id=dbt_run_payments, execution_date=20251101T151411, start_date=20251101T151413, end_date=20251101T151418
[2025-11-01T15:14:18.400+0000] {standard_task_runner.py:107} ERROR - Failed to execute job 35 for task dbt_run_payments (dbt failed (2).
STDOUT:
15:14:16  Running with dbt=1.5.9
15:14:17  Registered adapter: clickhouse=1.5.2
15:14:17  Unable to do partial parsing because of a version mismatch
15:14:17  Encountered an error:
Compilation Error
  dbt found two macros named "generate_database_name" in the project
  "ck_project".
   To fix this error, rename or remove one of the following macros:
      - macros/naming.sql
      - macros/adapter.sql


STDERR:
; 1175)
[2025-11-01T15:14:18.426+0000] {local_task_job_runner.py:234} INFO - Task exited with return code 1
[2025-11-01T15:14:18.450+0000] {taskinstance.py:3280} INFO - 0 downstream tasks scheduled from follow-on schedule check
