[2025-10-31T20:49:28.703+0000] {taskinstance.py:1956} INFO - Dependencies all met for dep_context=non-requeueable deps ti=<TaskInstance: ingestion_pipeline.silver_dbt.dbt_run_incrementals manual__2025-10-31T20:49:20.494428+00:00 [queued]>
[2025-10-31T20:49:28.713+0000] {taskinstance.py:1956} INFO - Dependencies all met for dep_context=requeueable deps ti=<TaskInstance: ingestion_pipeline.silver_dbt.dbt_run_incrementals manual__2025-10-31T20:49:20.494428+00:00 [queued]>
[2025-10-31T20:49:28.714+0000] {taskinstance.py:2170} INFO - Starting attempt 1 of 2
[2025-10-31T20:49:28.731+0000] {taskinstance.py:2191} INFO - Executing <Task(BashOperator): silver_dbt.dbt_run_incrementals> on 2025-10-31 20:49:20.494428+00:00
[2025-10-31T20:49:28.737+0000] {standard_task_runner.py:60} INFO - Started process 1963 to run task
[2025-10-31T20:49:28.741+0000] {standard_task_runner.py:87} INFO - Running: ['***', 'tasks', 'run', 'ingestion_pipeline', 'silver_dbt.dbt_run_incrementals', 'manual__2025-10-31T20:49:20.494428+00:00', '--job-id', '71', '--raw', '--subdir', 'DAGS_FOLDER/ingestion_dag.py', '--cfg-path', '/tmp/tmprdacxl1a']
[2025-10-31T20:49:28.745+0000] {standard_task_runner.py:88} INFO - Job 71: Subtask silver_dbt.dbt_run_incrementals
[2025-10-31T20:49:28.822+0000] {task_command.py:423} INFO - Running <TaskInstance: ingestion_pipeline.silver_dbt.dbt_run_incrementals manual__2025-10-31T20:49:20.494428+00:00 [running]> on host f865f80ec1e7
[2025-10-31T20:49:28.924+0000] {taskinstance.py:2480} INFO - Exporting env vars: AIRFLOW_CTX_DAG_OWNER='***' AIRFLOW_CTX_DAG_ID='ingestion_pipeline' AIRFLOW_CTX_TASK_ID='silver_dbt.dbt_run_incrementals' AIRFLOW_CTX_EXECUTION_DATE='2025-10-31T20:49:20.494428+00:00' AIRFLOW_CTX_TRY_NUMBER='1' AIRFLOW_CTX_DAG_RUN_ID='manual__2025-10-31T20:49:20.494428+00:00'
[2025-10-31T20:49:28.927+0000] {subprocess.py:63} INFO - Tmp dir root location: /tmp
[2025-10-31T20:49:28.929+0000] {subprocess.py:75} INFO - Running command: ['/usr/bin/bash', '-c', 'docker exec -i dbt bash -lc \'\nset -e\ncd /dbt\nDBT_VARS=$(python - <<"PY"\nfrom datetime import datetime, timedelta\nimport json\nds = "2025-10-31"\nlag_days = 29\nlagged = (datetime.strptime(ds, "%Y-%m-%d") - timedelta(days=lag_days)).strftime("%Y-%m-%d")\nprint(json.dumps({"ds_lagged": lagged}))\nPY\n)\necho "dbt vars => ${DBT_VARS}"\ndbt --no-use-colors run --profiles-dir /dbt --select silver_payments silver_link_transactions --vars "${DBT_VARS}"\n\'']
[2025-10-31T20:49:28.942+0000] {subprocess.py:86} INFO - Output:
[2025-10-31T20:49:29.084+0000] {subprocess.py:93} INFO - dbt vars => {"ds_lagged": "2025-10-02"}
[2025-10-31T20:49:30.623+0000] {subprocess.py:93} INFO - 20:49:30  Running with dbt=1.10.13
[2025-10-31T20:49:31.068+0000] {subprocess.py:93} INFO - 20:49:31  Registered adapter: clickhouse=1.9.5
[2025-10-31T20:49:31.248+0000] {subprocess.py:93} INFO - 20:49:31  Unable to do partial parsing because config vars, config profile, or config target have changed
[2025-10-31T20:49:32.292+0000] {subprocess.py:93} INFO - 20:49:32  Encountered an error:
[2025-10-31T20:49:32.294+0000] {subprocess.py:93} INFO - Compilation Error in model silver_link_transactions (models/silver/silver_link_transactions.sql)
[2025-10-31T20:49:32.295+0000] {subprocess.py:93} INFO -   invalid syntax for function call expression
[2025-10-31T20:49:32.296+0000] {subprocess.py:93} INFO -     line 69
[2025-10-31T20:49:32.297+0000] {subprocess.py:93} INFO -       {{ config(
[2025-10-31T20:49:33.139+0000] {subprocess.py:97} INFO - Command exited with return code 2
[2025-10-31T20:49:33.156+0000] {taskinstance.py:2698} ERROR - Task failed with exception
Traceback (most recent call last):
  File "/home/airflow/.local/lib/python3.8/site-packages/airflow/models/taskinstance.py", line 433, in _execute_task
    result = execute_callable(context=context, **execute_callable_kwargs)
  File "/home/airflow/.local/lib/python3.8/site-packages/airflow/operators/bash.py", line 212, in execute
    raise AirflowException(
airflow.exceptions.AirflowException: Bash command failed. The command returned a non-zero exit code 2.
[2025-10-31T20:49:33.161+0000] {taskinstance.py:1138} INFO - Marking task as UP_FOR_RETRY. dag_id=ingestion_pipeline, task_id=silver_dbt.dbt_run_incrementals, execution_date=20251031T204920, start_date=20251031T204928, end_date=20251031T204933
[2025-10-31T20:49:33.175+0000] {standard_task_runner.py:107} ERROR - Failed to execute job 71 for task silver_dbt.dbt_run_incrementals (Bash command failed. The command returned a non-zero exit code 2.; 1963)
[2025-10-31T20:49:33.187+0000] {local_task_job_runner.py:234} INFO - Task exited with return code 1
[2025-10-31T20:49:33.207+0000] {taskinstance.py:3280} INFO - 0 downstream tasks scheduled from follow-on schedule check
