[2025-11-02T00:27:10.682+0000] {taskinstance.py:1956} INFO - Dependencies all met for dep_context=non-requeueable deps ti=<TaskInstance: gold_dimensions_pipeline.dbt_dim_payment_state scheduled__2025-10-12T00:00:00+00:00 [queued]>
[2025-11-02T00:27:10.699+0000] {taskinstance.py:1956} INFO - Dependencies all met for dep_context=requeueable deps ti=<TaskInstance: gold_dimensions_pipeline.dbt_dim_payment_state scheduled__2025-10-12T00:00:00+00:00 [queued]>
[2025-11-02T00:27:10.701+0000] {taskinstance.py:2170} INFO - Starting attempt 1 of 2
[2025-11-02T00:27:10.722+0000] {taskinstance.py:2191} INFO - Executing <Task(PythonOperator): dbt_dim_payment_state> on 2025-10-12 00:00:00+00:00
[2025-11-02T00:27:10.733+0000] {standard_task_runner.py:60} INFO - Started process 15258 to run task
[2025-11-02T00:27:10.739+0000] {standard_task_runner.py:87} INFO - Running: ['***', 'tasks', 'run', 'gold_dimensions_pipeline', 'dbt_dim_payment_state', 'scheduled__2025-10-12T00:00:00+00:00', '--job-id', '341', '--raw', '--subdir', 'DAGS_FOLDER/gold_dag.py', '--cfg-path', '/tmp/tmps42fonka']
[2025-11-02T00:27:10.746+0000] {standard_task_runner.py:88} INFO - Job 341: Subtask dbt_dim_payment_state
[2025-11-02T00:27:10.907+0000] {task_command.py:423} INFO - Running <TaskInstance: gold_dimensions_pipeline.dbt_dim_payment_state scheduled__2025-10-12T00:00:00+00:00 [running]> on host 6335aa85b335
[2025-11-02T00:27:11.122+0000] {taskinstance.py:2480} INFO - Exporting env vars: AIRFLOW_CTX_DAG_OWNER='***' AIRFLOW_CTX_DAG_ID='gold_dimensions_pipeline' AIRFLOW_CTX_TASK_ID='dbt_dim_payment_state' AIRFLOW_CTX_EXECUTION_DATE='2025-10-12T00:00:00+00:00' AIRFLOW_CTX_TRY_NUMBER='1' AIRFLOW_CTX_DAG_RUN_ID='scheduled__2025-10-12T00:00:00+00:00'
[2025-11-02T00:27:20.681+0000] {python.py:201} INFO - Done. Returned value was: None
[2025-11-02T00:27:20.706+0000] {taskinstance.py:1138} INFO - Marking task as SUCCESS. dag_id=gold_dimensions_pipeline, task_id=dbt_dim_payment_state, execution_date=20251012T000000, start_date=20251102T002710, end_date=20251102T002720
[2025-11-02T00:27:20.750+0000] {local_task_job_runner.py:234} INFO - Task exited with return code 0
[2025-11-02T00:27:20.780+0000] {taskinstance.py:3280} INFO - 0 downstream tasks scheduled from follow-on schedule check
[2025-11-02T11:43:23.488+0000] {taskinstance.py:1956} INFO - Dependencies all met for dep_context=non-requeueable deps ti=<TaskInstance: gold_dimensions_pipeline.dbt_dim_payment_state scheduled__2025-10-12T00:00:00+00:00 [queued]>
[2025-11-02T11:43:23.504+0000] {taskinstance.py:1956} INFO - Dependencies all met for dep_context=requeueable deps ti=<TaskInstance: gold_dimensions_pipeline.dbt_dim_payment_state scheduled__2025-10-12T00:00:00+00:00 [queued]>
[2025-11-02T11:43:23.505+0000] {taskinstance.py:2170} INFO - Starting attempt 1 of 3
[2025-11-02T11:43:23.526+0000] {taskinstance.py:2191} INFO - Executing <Task(PythonOperator): dbt_dim_payment_state> on 2025-10-12 00:00:00+00:00
[2025-11-02T11:43:23.533+0000] {standard_task_runner.py:60} INFO - Started process 5229 to run task
[2025-11-02T11:43:23.538+0000] {standard_task_runner.py:87} INFO - Running: ['***', 'tasks', 'run', 'gold_dimensions_pipeline', 'dbt_dim_payment_state', 'scheduled__2025-10-12T00:00:00+00:00', '--job-id', '319', '--raw', '--subdir', 'DAGS_FOLDER/gold_dag.py', '--cfg-path', '/tmp/tmpdr9vs066']
[2025-11-02T11:43:23.541+0000] {standard_task_runner.py:88} INFO - Job 319: Subtask dbt_dim_payment_state
[2025-11-02T11:43:23.631+0000] {task_command.py:423} INFO - Running <TaskInstance: gold_dimensions_pipeline.dbt_dim_payment_state scheduled__2025-10-12T00:00:00+00:00 [running]> on host 0d39d4365eb9
[2025-11-02T11:43:23.743+0000] {taskinstance.py:2480} INFO - Exporting env vars: AIRFLOW_CTX_DAG_OWNER='***' AIRFLOW_CTX_DAG_ID='gold_dimensions_pipeline' AIRFLOW_CTX_TASK_ID='dbt_dim_payment_state' AIRFLOW_CTX_EXECUTION_DATE='2025-10-12T00:00:00+00:00' AIRFLOW_CTX_TRY_NUMBER='1' AIRFLOW_CTX_DAG_RUN_ID='scheduled__2025-10-12T00:00:00+00:00'
[2025-11-02T11:43:30.533+0000] {logging_mixin.py:188} INFO - ==== DBT STDOUT ====
[2025-11-02T11:43:30.534+0000] {logging_mixin.py:188} INFO - 11:43:27  Running with dbt=1.5.9
11:43:28  Registered adapter: clickhouse=1.5.2
11:43:28  [WARNING]: Configuration paths exist in your dbt_project.yml file which do not apply to any resources.
There are 2 unused configuration paths:
- models.ck_project.gold.fact
- models.ck_project.bronze
11:43:28  Found 7 models, 17 tests, 0 snapshots, 0 analyses, 349 macros, 0 operations, 0 seed files, 6 sources, 0 exposures, 0 metrics, 0 groups
11:43:28  
11:43:29  Concurrency: 4 threads (target='dev')
11:43:29  
11:43:29  1 of 1 START sql table model gold.dim_payment_state ............................ [RUN]
11:43:29  1 of 1 OK created sql table model gold.dim_payment_state ....................... [OK in 0.31s]
11:43:29  
11:43:29  Finished running 1 table model in 0 hours 0 minutes and 0.89 seconds (0.89s).
11:43:29  
11:43:29  Completed successfully
11:43:29  
11:43:29  Done. PASS=1 WARN=0 ERROR=0 SKIP=0 TOTAL=1
[2025-11-02T11:43:30.535+0000] {logging_mixin.py:188} INFO - ==== DBT STDERR ====
[2025-11-02T11:43:30.536+0000] {python.py:201} INFO - Done. Returned value was: None
[2025-11-02T11:43:30.558+0000] {taskinstance.py:1138} INFO - Marking task as SUCCESS. dag_id=gold_dimensions_pipeline, task_id=dbt_dim_payment_state, execution_date=20251012T000000, start_date=20251102T114323, end_date=20251102T114330
[2025-11-02T11:43:30.618+0000] {local_task_job_runner.py:234} INFO - Task exited with return code 0
[2025-11-02T11:43:30.638+0000] {taskinstance.py:3280} INFO - 0 downstream tasks scheduled from follow-on schedule check
