[2025-11-02T18:47:10.070+0000] {taskinstance.py:1956} INFO - Dependencies all met for dep_context=non-requeueable deps ti=<TaskInstance: gold_dimensions_pipeline.dbt_dim_merchants scheduled__2025-10-05T00:00:00+00:00 [queued]>
[2025-11-02T18:47:10.088+0000] {taskinstance.py:1956} INFO - Dependencies all met for dep_context=requeueable deps ti=<TaskInstance: gold_dimensions_pipeline.dbt_dim_merchants scheduled__2025-10-05T00:00:00+00:00 [queued]>
[2025-11-02T18:47:10.090+0000] {taskinstance.py:2170} INFO - Starting attempt 1 of 3
[2025-11-02T18:47:10.114+0000] {taskinstance.py:2191} INFO - Executing <Task(PythonOperator): dbt_dim_merchants> on 2025-10-05 00:00:00+00:00
[2025-11-02T18:47:10.124+0000] {standard_task_runner.py:60} INFO - Started process 8228 to run task
[2025-11-02T18:47:10.134+0000] {standard_task_runner.py:87} INFO - Running: ['***', 'tasks', 'run', 'gold_dimensions_pipeline', 'dbt_dim_merchants', 'scheduled__2025-10-05T00:00:00+00:00', '--job-id', '48', '--raw', '--subdir', 'DAGS_FOLDER/gold_dag.py', '--cfg-path', '/tmp/tmprs6gzxsk']
[2025-11-02T18:47:10.140+0000] {standard_task_runner.py:88} INFO - Job 48: Subtask dbt_dim_merchants
[2025-11-02T18:47:10.288+0000] {task_command.py:423} INFO - Running <TaskInstance: gold_dimensions_pipeline.dbt_dim_merchants scheduled__2025-10-05T00:00:00+00:00 [running]> on host 65b87e279dde
[2025-11-02T18:47:10.448+0000] {taskinstance.py:2480} INFO - Exporting env vars: AIRFLOW_CTX_DAG_OWNER='***' AIRFLOW_CTX_DAG_ID='gold_dimensions_pipeline' AIRFLOW_CTX_TASK_ID='dbt_dim_merchants' AIRFLOW_CTX_EXECUTION_DATE='2025-10-05T00:00:00+00:00' AIRFLOW_CTX_TRY_NUMBER='1' AIRFLOW_CTX_DAG_RUN_ID='scheduled__2025-10-05T00:00:00+00:00'
[2025-11-02T18:47:14.004+0000] {logging_mixin.py:188} INFO - 18:47:14  Running with dbt=1.5.9
[2025-11-02T18:47:14.215+0000] {logging_mixin.py:188} INFO - 18:47:14  Registered adapter: clickhouse=1.5.2
[2025-11-02T18:47:16.393+0000] {logging_mixin.py:188} INFO - 18:47:16  [WARNING]: Configuration paths exist in your dbt_project.yml file which do not apply to any resources.
[2025-11-02T18:47:16.394+0000] {logging_mixin.py:188} INFO - There are 1 unused configuration paths:
[2025-11-02T18:47:16.395+0000] {logging_mixin.py:188} INFO - - models.ck_project.bronze
[2025-11-02T18:47:16.447+0000] {logging_mixin.py:188} INFO - 18:47:16  Found 8 models, 20 tests, 0 snapshots, 0 analyses, 349 macros, 0 operations, 0 seed files, 6 sources, 0 exposures, 0 metrics, 0 groups
[2025-11-02T18:47:16.453+0000] {logging_mixin.py:188} INFO - 18:47:16
[2025-11-02T18:47:16.939+0000] {logging_mixin.py:188} INFO - 18:47:16  Concurrency: 4 threads (target='dev')
[2025-11-02T18:47:16.940+0000] {logging_mixin.py:188} INFO - 18:47:16
[2025-11-02T18:47:16.979+0000] {logging_mixin.py:188} INFO - 18:47:16  1 of 1 START sql table model gold.dim_merchants ................................ [RUN]
[2025-11-02T18:47:17.152+0000] {logging_mixin.py:188} INFO - 18:47:17  1 of 1 ERROR creating sql table model gold.dim_merchants ....................... [ERROR in 0.17s]
[2025-11-02T18:47:17.166+0000] {logging_mixin.py:188} INFO - 18:47:17
[2025-11-02T18:47:17.168+0000] {logging_mixin.py:188} INFO - 18:47:17  Finished running 1 table model in 0 hours 0 minutes and 0.71 seconds (0.71s).
[2025-11-02T18:47:17.212+0000] {logging_mixin.py:188} INFO - 18:47:17
[2025-11-02T18:47:17.213+0000] {logging_mixin.py:188} INFO - 18:47:17  Completed with 1 error and 0 warnings:
[2025-11-02T18:47:17.215+0000] {logging_mixin.py:188} INFO - 18:47:17
[2025-11-02T18:47:17.216+0000] {logging_mixin.py:188} INFO - 18:47:17  Database Error in model dim_merchants (models/gold/dim/dim_merchants.sql)
[2025-11-02T18:47:17.217+0000] {logging_mixin.py:188} INFO - 18:47:17    Code: 81.
[2025-11-02T18:47:17.219+0000] {logging_mixin.py:188} INFO - 18:47:17    DB::Exception: Database silver does not exist. Stack trace:
[2025-11-02T18:47:17.220+0000] {logging_mixin.py:188} INFO - 18:47:17
[2025-11-02T18:47:17.222+0000] {logging_mixin.py:188} INFO - 18:47:17    0. DB::Exception::Exception(DB::Exception::MessageMasked&&, int, bool) @ 0x00000000137a855f
[2025-11-02T18:47:17.223+0000] {logging_mixin.py:188} INFO - 18:47:17    1. DB::Exception::Exception(String&&, int, String, bool) @ 0x000000000cae7e8e
[2025-11-02T18:47:17.224+0000] {logging_mixin.py:188} INFO - 18:47:17    2. DB::Exception::Exception(PreformattedMessage&&, int) @ 0x000000000cae7940
[2025-11-02T18:47:17.225+0000] {logging_mixin.py:188} INFO - 18:47:17    3. DB::Exception::Exception<String>(int, FormatStringHelperImpl<std::type_identity<String>::type>, String&&) @ 0x000000000cae74ab
[2025-11-02T18:47:17.227+0000] {logging_mixin.py:188} INFO - 18:47:17    4. DB::DatabaseCatalog::getDatabase(String const&) const @ 0x00000000181f2a4a
[2025-11-02T18:47:17.228+0000] {logging_mixin.py:188} INFO - 18:47:17    5. DB::Context::resolveStorageID(DB::StorageID, DB::Context::StorageNamespace) const @ 0x0000000018109f71
[2025-11-02T18:47:17.230+0000] {logging_mixin.py:188} INFO - 18:47:17    6. DB::IdentifierResolver::tryResolveTableIdentifier(DB::Identifier const&, std::shared_ptr<DB::Context const> const&) @ 0x0000000017a91618
[2025-11-02T18:47:17.231+0000] {logging_mixin.py:188} INFO - 18:47:17    7. DB::QueryAnalyzer::tryResolveIdentifier(DB::IdentifierLookup const&, DB::IdentifierResolveScope&, DB::IdentifierResolveContext) @ 0x000000001784563c
[2025-11-02T18:47:17.233+0000] {logging_mixin.py:188} INFO - 18:47:17    8. DB::QueryAnalyzer::resolveQuery(std::shared_ptr<DB::IQueryTreeNode> const&, DB::IdentifierResolveScope&) @ 0x000000001782bebb
[2025-11-02T18:47:17.234+0000] {logging_mixin.py:188} INFO - 18:47:17    9. DB::QueryAnalyzer::resolveExpressionNode(std::shared_ptr<DB::IQueryTreeNode>&, DB::IdentifierResolveScope&, bool, bool, bool) @ 0x0000000017837221
[2025-11-02T18:47:17.236+0000] {logging_mixin.py:188} INFO - 18:47:17    10. DB::QueryAnalyzer::resolveQueryJoinTreeNode(std::shared_ptr<DB::IQueryTreeNode>&, DB::IdentifierResolveScope&, DB::QueryExpressionsAliasVisitor&) @ 0x000000001785ae58
[2025-11-02T18:47:17.237+0000] {logging_mixin.py:188} INFO - 18:47:17    11. DB::QueryAnalyzer::resolveQuery(std::shared_ptr<DB::IQueryTreeNode> const&, DB::IdentifierResolveScope&) @ 0x000000001782d021
[2025-11-02T18:47:17.238+0000] {logging_mixin.py:188} INFO - 18:47:17    12. DB::QueryAnalyzer::resolveExpressionNode(std::shared_ptr<DB::IQueryTreeNode>&, DB::IdentifierResolveScope&, bool, bool, bool) @ 0x0000000017837221
[2025-11-02T18:47:17.240+0000] {logging_mixin.py:188} INFO - 18:47:17    13. DB::QueryAnalyzer::resolveQueryJoinTreeNode(std::shared_ptr<DB::IQueryTreeNode>&, DB::IdentifierResolveScope&, DB::QueryExpressionsAliasVisitor&) @ 0x000000001785ae58
[2025-11-02T18:47:17.241+0000] {logging_mixin.py:188} INFO - 18:47:17    14. DB::QueryAnalyzer::resolveQuery(std::shared_ptr<DB::IQueryTreeNode> const&, DB::IdentifierResolveScope&) @ 0x000000001782d021
[2025-11-02T18:47:17.243+0000] {logging_mixin.py:188} INFO - 18:47:17    15. DB::QueryAnalyzer::resolve(std::shared_ptr<DB::IQueryTreeNode>&, std::shared_ptr<DB::IQueryTreeNode> const&, std::shared_ptr<DB::Context const>) @ 0x000000001782a87a
[2025-11-02T18:47:17.244+0000] {logging_mixin.py:188} INFO - 18:47:17    16. DB::QueryAnalysisPass::run(std::shared_ptr<DB::IQueryTreeNode>&, std::shared_ptr<DB::Context const>) @ 0x0000000017829edc
[2025-11-02T18:47:17.246+0000] {logging_mixin.py:188} INFO - 18:47:17    17. DB::QueryTreePassManager::run(std::shared_ptr<DB::IQueryTreeNode>) @ 0x000000001787d276
[2025-11-02T18:47:17.247+0000] {logging_mixin.py:188} INFO - 18:47:17    18. DB::buildQueryTreeAndRunPasses(std::shared_ptr<DB::IAST> const&, DB::SelectQueryOptions const&, std::shared_ptr<DB::Context const> const&, std::shared_ptr<DB::IStorage> const&) (.llvm.8096503222789336007) @ 0x00000000183bd40d
[2025-11-02T18:47:17.249+0000] {logging_mixin.py:188} INFO - 18:47:17    19. DB::InterpreterSelectQueryAnalyzer::InterpreterSelectQueryAnalyzer(std::shared_ptr<DB::IAST> const&, std::shared_ptr<DB::Context const> const&, DB::SelectQueryOptions const&, std::vector<String, std::allocator<String>> const&) @ 0x00000000183bb32a
[2025-11-02T18:47:17.250+0000] {logging_mixin.py:188} INFO - 18:47:17    20. DB::InterpreterSelectQueryAnalyzer::getSampleBlock(std::shared_ptr<DB::IAST> const&, std::shared_ptr<DB::Context const> const&, DB::SelectQueryOptions const&) @ 0x00000000183bd86a
[2025-11-02T18:47:17.251+0000] {logging_mixin.py:188} INFO - 18:47:17    21. DB::InterpreterCreateQuery::getTablePropertiesAndNormalizeCreateQuery(DB::ASTCreateQuery&, DB::LoadingStrictnessLevel) const @ 0x00000000182e49d3
[2025-11-02T18:47:17.252+0000] {logging_mixin.py:188} INFO - 18:47:17    22. DB::InterpreterCreateQuery::createTable(DB::ASTCreateQuery&) @ 0x00000000182ed2c5
[2025-11-02T18:47:17.253+0000] {logging_mixin.py:188} INFO - 18:47:17    23. DB::InterpreterCreateQuery::execute() @ 0x0000000018303978
[2025-11-02T18:47:17.255+0000] {logging_mixin.py:188} INFO - 18:47:17    24. DB::executeQueryImpl(char const*, char const*, std::shared_ptr<DB::Context>, DB::QueryFlags, DB::QueryProcessingStage::Enum, std::unique_ptr<DB::ReadBuffer, std::default_delete<DB::ReadBuffer>>&, std::shared_ptr<DB::IAST>&, std::shared_ptr<DB::ImplicitTransactionControlExecutor>) @ 0x0000000018780440
[2025-11-02T18:47:17.256+0000] {logging_mixin.py:188} INFO - 18:47:17    25. DB::executeQuery(String const&, std::shared_ptr<DB::Context>, DB::QueryFlags, DB::QueryProcessingStage::Enum) @ 0x00000000187786cb
[2025-11-02T18:47:17.256+0000] {logging_mixin.py:188} INFO - 18:47:17    26. DB::TCPHandler::runImpl() @ 0x0000000019e2d3db
[2025-11-02T18:47:17.257+0000] {logging_mixin.py:188} INFO - 18:47:17    27. DB::TCPHandler::run() @ 0x0000000019e4f119
[2025-11-02T18:47:17.259+0000] {logging_mixin.py:188} INFO - 18:47:17    28. Poco::Net::TCPServerConnection::start() @ 0x000000001ef4ed07
[2025-11-02T18:47:17.260+0000] {logging_mixin.py:188} INFO - 18:47:17    29. Poco::Net::TCPServerDispatcher::run() @ 0x000000001ef4f199
[2025-11-02T18:47:17.261+0000] {logging_mixin.py:188} INFO - 18:47:17    30. Poco::PooledThread::run() @ 0x000000001ef15b87
[2025-11-02T18:47:17.262+0000] {logging_mixin.py:188} INFO - 18:47:17    31. Poco::ThreadImpl::runnableEntry(void*) @ 0x000000001ef13f81
[2025-11-02T18:47:17.263+0000] {logging_mixin.py:188} INFO - 18:47:17
[2025-11-02T18:47:17.265+0000] {logging_mixin.py:188} INFO - 18:47:17  Done. PASS=0 WARN=0 ERROR=1 SKIP=0 TOTAL=1
[2025-11-02T18:47:18.216+0000] {taskinstance.py:2698} ERROR - Task failed with exception
Traceback (most recent call last):
  File "/home/airflow/.local/lib/python3.8/site-packages/airflow/models/taskinstance.py", line 433, in _execute_task
    result = execute_callable(context=context, **execute_callable_kwargs)
  File "/home/airflow/.local/lib/python3.8/site-packages/airflow/operators/python.py", line 199, in execute
    return_value = self.execute_callable()
  File "/home/airflow/.local/lib/python3.8/site-packages/airflow/operators/python.py", line 216, in execute_callable
    return self.python_callable(*self.op_args, **self.op_kwargs)
  File "/opt/airflow/dags/gold_dag.py", line 136, in <lambda>
    python_callable=lambda **_: _run_dbt("dim_merchants"),
  File "/opt/airflow/dags/gold_dag.py", line 90, in _run_dbt
    raise RuntimeError(f"dbt failed (exit {ret}). See logs above.")
RuntimeError: dbt failed (exit 1). See logs above.
[2025-11-02T18:47:18.244+0000] {taskinstance.py:1138} INFO - Marking task as UP_FOR_RETRY. dag_id=gold_dimensions_pipeline, task_id=dbt_dim_merchants, execution_date=20251005T000000, start_date=20251102T184710, end_date=20251102T184718
[2025-11-02T18:47:18.278+0000] {standard_task_runner.py:107} ERROR - Failed to execute job 48 for task dbt_dim_merchants (dbt failed (exit 1). See logs above.; 8228)
[2025-11-02T18:47:18.302+0000] {local_task_job_runner.py:234} INFO - Task exited with return code 1
[2025-11-02T18:47:18.344+0000] {taskinstance.py:3280} INFO - 0 downstream tasks scheduled from follow-on schedule check
