[2025-11-29T01:23:53.308+0000] {processor.py:161} INFO - Started process (PID=14697) to work on /opt/airflow/dags/gold_dag.py
[2025-11-29T01:23:53.316+0000] {processor.py:830} INFO - Processing file /opt/airflow/dags/gold_dag.py for tasks to queue
[2025-11-29T01:23:53.323+0000] {logging_mixin.py:188} INFO - [2025-11-29T01:23:53.322+0000] {dagbag.py:538} INFO - Filling up the DagBag from /opt/airflow/dags/gold_dag.py
[2025-11-29T01:23:53.508+0000] {processor.py:840} INFO - DAG(s) 'gold_layer_pipeline' retrieved from /opt/airflow/dags/gold_dag.py
[2025-11-29T01:23:53.625+0000] {logging_mixin.py:188} INFO - [2025-11-29T01:23:53.624+0000] {dag.py:3036} INFO - Sync 1 DAGs
[2025-11-29T01:23:53.884+0000] {processor.py:183} INFO - Processing /opt/airflow/dags/gold_dag.py took 0.597 seconds
[2025-11-29T01:43:01.704+0000] {processor.py:161} INFO - Started process (PID=14735) to work on /opt/airflow/dags/gold_dag.py
[2025-11-29T01:43:01.708+0000] {processor.py:830} INFO - Processing file /opt/airflow/dags/gold_dag.py for tasks to queue
[2025-11-29T01:43:01.711+0000] {logging_mixin.py:188} INFO - [2025-11-29T01:43:01.710+0000] {dagbag.py:538} INFO - Filling up the DagBag from /opt/airflow/dags/gold_dag.py
[2025-11-29T01:43:01.781+0000] {processor.py:840} INFO - DAG(s) 'gold_layer_pipeline' retrieved from /opt/airflow/dags/gold_dag.py
[2025-11-29T01:43:01.870+0000] {logging_mixin.py:188} INFO - [2025-11-29T01:43:01.869+0000] {dag.py:3036} INFO - Sync 1 DAGs
[2025-11-29T01:43:02.071+0000] {processor.py:183} INFO - Processing /opt/airflow/dags/gold_dag.py took 0.376 seconds
[2025-11-29T01:43:02.319+0000] {processor.py:161} INFO - Started process (PID=14743) to work on /opt/airflow/dags/gold_dag.py
[2025-11-29T01:43:02.322+0000] {processor.py:830} INFO - Processing file /opt/airflow/dags/gold_dag.py for tasks to queue
[2025-11-29T01:43:02.334+0000] {logging_mixin.py:188} INFO - [2025-11-29T01:43:02.323+0000] {dagbag.py:538} INFO - Filling up the DagBag from /opt/airflow/dags/gold_dag.py
[2025-11-29T02:10:25.615+0000] {processor.py:840} INFO - DAG(s) 'gold_layer_pipeline' retrieved from /opt/airflow/dags/gold_dag.py
[2025-11-29T02:10:25.868+0000] {logging_mixin.py:188} INFO - [2025-11-29T02:10:25.868+0000] {taskinstance.py:2700} ERROR - {'DAG Id': 'gold_layer_pipeline', 'Task Id': 'dbt_dim_payment_state', 'Run Id': 'scheduled__2025-10-10T00:00:00+00:00', 'Hostname': 'b34d3694f5a7'}
[2025-11-29T02:10:26.029+0000] {logging_mixin.py:188} INFO - [2025-11-29T02:10:26.028+0000] {taskinstance.py:1138} INFO - Marking task as FAILED. dag_id=gold_layer_pipeline, task_id=dbt_dim_payment_state, execution_date=20251010T000000, start_date=20251129T012351, end_date=20251129T021025
[2025-11-29T02:10:26.146+0000] {processor.py:791} INFO - Executed failure callback for <TaskInstance: gold_layer_pipeline.dbt_dim_payment_state scheduled__2025-10-10T00:00:00+00:00 [failed]> in state failed
[2025-11-29T02:10:26.213+0000] {logging_mixin.py:188} INFO - [2025-11-29T02:10:26.212+0000] {taskinstance.py:2700} ERROR - {'DAG Id': 'gold_layer_pipeline', 'Task Id': 'dbt_dim_payment_method', 'Run Id': 'scheduled__2025-10-10T00:00:00+00:00', 'Hostname': 'b34d3694f5a7'}
[2025-11-29T02:10:26.279+0000] {logging_mixin.py:188} INFO - [2025-11-29T02:10:26.279+0000] {taskinstance.py:1138} INFO - Marking task as UP_FOR_RETRY. dag_id=gold_layer_pipeline, task_id=dbt_dim_payment_method, execution_date=20251010T000000, start_date=20251129T012351, end_date=20251129T021026
[2025-11-29T02:10:26.288+0000] {processor.py:791} INFO - Executed failure callback for <TaskInstance: gold_layer_pipeline.dbt_dim_payment_method scheduled__2025-10-10T00:00:00+00:00 [up_for_retry]> in state up_for_retry
[2025-11-29T02:10:26.303+0000] {logging_mixin.py:188} INFO - [2025-11-29T02:10:26.303+0000] {taskinstance.py:2700} ERROR - {'DAG Id': 'gold_layer_pipeline', 'Task Id': 'dbt_dim_merchants', 'Run Id': 'scheduled__2025-10-10T00:00:00+00:00', 'Hostname': 'b34d3694f5a7'}
[2025-11-29T02:10:26.397+0000] {logging_mixin.py:188} INFO - [2025-11-29T02:10:26.396+0000] {taskinstance.py:1138} INFO - Marking task as UP_FOR_RETRY. dag_id=gold_layer_pipeline, task_id=dbt_dim_merchants, execution_date=20251010T000000, start_date=20251129T012351, end_date=20251129T021026
[2025-11-29T02:10:26.421+0000] {processor.py:791} INFO - Executed failure callback for <TaskInstance: gold_layer_pipeline.dbt_dim_merchants scheduled__2025-10-10T00:00:00+00:00 [up_for_retry]> in state up_for_retry
[2025-11-29T02:10:26.539+0000] {logging_mixin.py:188} INFO - [2025-11-29T02:10:26.535+0000] {dag.py:3036} INFO - Sync 1 DAGs
[2025-11-29T02:10:26.792+0000] {processor.py:183} INFO - Processing /opt/airflow/dags/gold_dag.py took 1.383 seconds
[2025-11-29T02:10:57.224+0000] {processor.py:161} INFO - Started process (PID=14795) to work on /opt/airflow/dags/gold_dag.py
[2025-11-29T02:10:57.226+0000] {processor.py:830} INFO - Processing file /opt/airflow/dags/gold_dag.py for tasks to queue
[2025-11-29T02:10:57.227+0000] {logging_mixin.py:188} INFO - [2025-11-29T02:10:57.226+0000] {dagbag.py:538} INFO - Filling up the DagBag from /opt/airflow/dags/gold_dag.py
[2025-11-29T02:10:57.255+0000] {processor.py:840} INFO - DAG(s) 'gold_layer_pipeline' retrieved from /opt/airflow/dags/gold_dag.py
[2025-11-29T02:10:57.290+0000] {logging_mixin.py:188} INFO - [2025-11-29T02:10:57.289+0000] {dag.py:3036} INFO - Sync 1 DAGs
[2025-11-29T02:10:57.345+0000] {processor.py:183} INFO - Processing /opt/airflow/dags/gold_dag.py took 0.124 seconds
[2025-11-29T02:11:28.372+0000] {processor.py:161} INFO - Started process (PID=14830) to work on /opt/airflow/dags/gold_dag.py
[2025-11-29T02:11:28.374+0000] {processor.py:830} INFO - Processing file /opt/airflow/dags/gold_dag.py for tasks to queue
[2025-11-29T02:11:28.376+0000] {logging_mixin.py:188} INFO - [2025-11-29T02:11:28.375+0000] {dagbag.py:538} INFO - Filling up the DagBag from /opt/airflow/dags/gold_dag.py
[2025-11-29T02:11:28.423+0000] {processor.py:840} INFO - DAG(s) 'gold_layer_pipeline' retrieved from /opt/airflow/dags/gold_dag.py
[2025-11-29T02:11:28.474+0000] {logging_mixin.py:188} INFO - [2025-11-29T02:11:28.473+0000] {dag.py:3036} INFO - Sync 1 DAGs
[2025-11-29T02:11:28.533+0000] {processor.py:183} INFO - Processing /opt/airflow/dags/gold_dag.py took 0.165 seconds
[2025-11-29T02:11:58.751+0000] {processor.py:161} INFO - Started process (PID=14865) to work on /opt/airflow/dags/gold_dag.py
[2025-11-29T02:11:58.752+0000] {processor.py:830} INFO - Processing file /opt/airflow/dags/gold_dag.py for tasks to queue
[2025-11-29T02:11:58.754+0000] {logging_mixin.py:188} INFO - [2025-11-29T02:11:58.753+0000] {dagbag.py:538} INFO - Filling up the DagBag from /opt/airflow/dags/gold_dag.py
[2025-11-29T02:11:58.776+0000] {processor.py:840} INFO - DAG(s) 'gold_layer_pipeline' retrieved from /opt/airflow/dags/gold_dag.py
[2025-11-29T02:11:58.806+0000] {logging_mixin.py:188} INFO - [2025-11-29T02:11:58.806+0000] {dag.py:3036} INFO - Sync 1 DAGs
[2025-11-29T02:11:58.852+0000] {processor.py:183} INFO - Processing /opt/airflow/dags/gold_dag.py took 0.104 seconds
[2025-11-29T10:21:21.344+0000] {processor.py:161} INFO - Started process (PID=14904) to work on /opt/airflow/dags/gold_dag.py
[2025-11-29T10:21:21.357+0000] {processor.py:830} INFO - Processing file /opt/airflow/dags/gold_dag.py for tasks to queue
[2025-11-29T10:21:21.359+0000] {logging_mixin.py:188} INFO - [2025-11-29T10:21:21.358+0000] {dagbag.py:538} INFO - Filling up the DagBag from /opt/airflow/dags/gold_dag.py
[2025-11-29T10:21:21.452+0000] {processor.py:840} INFO - DAG(s) 'gold_layer_pipeline' retrieved from /opt/airflow/dags/gold_dag.py
[2025-11-29T10:21:21.573+0000] {logging_mixin.py:188} INFO - [2025-11-29T10:21:21.573+0000] {dag.py:3036} INFO - Sync 1 DAGs
[2025-11-29T10:21:21.759+0000] {processor.py:183} INFO - Processing /opt/airflow/dags/gold_dag.py took 0.430 seconds
[2025-11-29T10:34:28.941+0000] {processor.py:161} INFO - Started process (PID=14930) to work on /opt/airflow/dags/gold_dag.py
[2025-11-29T10:34:28.943+0000] {processor.py:830} INFO - Processing file /opt/airflow/dags/gold_dag.py for tasks to queue
[2025-11-29T10:34:28.955+0000] {logging_mixin.py:188} INFO - [2025-11-29T10:34:28.955+0000] {dagbag.py:538} INFO - Filling up the DagBag from /opt/airflow/dags/gold_dag.py
[2025-11-29T10:34:29.014+0000] {processor.py:840} INFO - DAG(s) 'gold_layer_pipeline' retrieved from /opt/airflow/dags/gold_dag.py
[2025-11-29T10:34:29.125+0000] {logging_mixin.py:188} INFO - [2025-11-29T10:34:29.125+0000] {dag.py:3036} INFO - Sync 1 DAGs
[2025-11-29T10:34:29.278+0000] {processor.py:183} INFO - Processing /opt/airflow/dags/gold_dag.py took 0.344 seconds
[2025-11-29T10:35:00.199+0000] {processor.py:161} INFO - Started process (PID=15026) to work on /opt/airflow/dags/gold_dag.py
[2025-11-29T10:35:00.201+0000] {processor.py:830} INFO - Processing file /opt/airflow/dags/gold_dag.py for tasks to queue
[2025-11-29T10:35:00.202+0000] {logging_mixin.py:188} INFO - [2025-11-29T10:35:00.202+0000] {dagbag.py:538} INFO - Filling up the DagBag from /opt/airflow/dags/gold_dag.py
[2025-11-29T10:35:00.224+0000] {processor.py:840} INFO - DAG(s) 'gold_layer_pipeline' retrieved from /opt/airflow/dags/gold_dag.py
[2025-11-29T10:35:00.255+0000] {logging_mixin.py:188} INFO - [2025-11-29T10:35:00.255+0000] {dag.py:3036} INFO - Sync 1 DAGs
[2025-11-29T10:35:00.296+0000] {processor.py:183} INFO - Processing /opt/airflow/dags/gold_dag.py took 0.101 seconds
[2025-11-29T10:35:30.356+0000] {processor.py:161} INFO - Started process (PID=15061) to work on /opt/airflow/dags/gold_dag.py
[2025-11-29T10:35:30.357+0000] {processor.py:830} INFO - Processing file /opt/airflow/dags/gold_dag.py for tasks to queue
[2025-11-29T10:35:30.358+0000] {logging_mixin.py:188} INFO - [2025-11-29T10:35:30.357+0000] {dagbag.py:538} INFO - Filling up the DagBag from /opt/airflow/dags/gold_dag.py
[2025-11-29T10:35:30.376+0000] {processor.py:840} INFO - DAG(s) 'gold_layer_pipeline' retrieved from /opt/airflow/dags/gold_dag.py
[2025-11-29T10:35:30.404+0000] {logging_mixin.py:188} INFO - [2025-11-29T10:35:30.404+0000] {dag.py:3036} INFO - Sync 1 DAGs
[2025-11-29T10:35:30.571+0000] {processor.py:183} INFO - Processing /opt/airflow/dags/gold_dag.py took 0.219 seconds
[2025-11-29T10:36:00.745+0000] {processor.py:161} INFO - Started process (PID=15096) to work on /opt/airflow/dags/gold_dag.py
[2025-11-29T10:36:00.746+0000] {processor.py:830} INFO - Processing file /opt/airflow/dags/gold_dag.py for tasks to queue
[2025-11-29T10:36:00.748+0000] {logging_mixin.py:188} INFO - [2025-11-29T10:36:00.747+0000] {dagbag.py:538} INFO - Filling up the DagBag from /opt/airflow/dags/gold_dag.py
[2025-11-29T10:36:00.771+0000] {processor.py:840} INFO - DAG(s) 'gold_layer_pipeline' retrieved from /opt/airflow/dags/gold_dag.py
[2025-11-29T10:36:00.799+0000] {logging_mixin.py:188} INFO - [2025-11-29T10:36:00.799+0000] {dag.py:3036} INFO - Sync 1 DAGs
[2025-11-29T10:36:00.949+0000] {processor.py:183} INFO - Processing /opt/airflow/dags/gold_dag.py took 0.207 seconds
[2025-11-29T10:36:31.168+0000] {processor.py:161} INFO - Started process (PID=15131) to work on /opt/airflow/dags/gold_dag.py
[2025-11-29T10:36:31.170+0000] {processor.py:830} INFO - Processing file /opt/airflow/dags/gold_dag.py for tasks to queue
[2025-11-29T10:36:31.171+0000] {logging_mixin.py:188} INFO - [2025-11-29T10:36:31.170+0000] {dagbag.py:538} INFO - Filling up the DagBag from /opt/airflow/dags/gold_dag.py
[2025-11-29T10:36:31.202+0000] {processor.py:840} INFO - DAG(s) 'gold_layer_pipeline' retrieved from /opt/airflow/dags/gold_dag.py
[2025-11-29T10:36:31.239+0000] {logging_mixin.py:188} INFO - [2025-11-29T10:36:31.239+0000] {dag.py:3036} INFO - Sync 1 DAGs
[2025-11-29T10:36:31.400+0000] {processor.py:183} INFO - Processing /opt/airflow/dags/gold_dag.py took 0.235 seconds
[2025-11-29T10:37:01.565+0000] {processor.py:161} INFO - Started process (PID=15166) to work on /opt/airflow/dags/gold_dag.py
[2025-11-29T10:37:01.566+0000] {processor.py:830} INFO - Processing file /opt/airflow/dags/gold_dag.py for tasks to queue
[2025-11-29T10:37:01.567+0000] {logging_mixin.py:188} INFO - [2025-11-29T10:37:01.567+0000] {dagbag.py:538} INFO - Filling up the DagBag from /opt/airflow/dags/gold_dag.py
[2025-11-29T10:37:01.585+0000] {processor.py:840} INFO - DAG(s) 'gold_layer_pipeline' retrieved from /opt/airflow/dags/gold_dag.py
[2025-11-29T10:37:01.613+0000] {logging_mixin.py:188} INFO - [2025-11-29T10:37:01.613+0000] {dag.py:3036} INFO - Sync 1 DAGs
[2025-11-29T10:37:01.652+0000] {processor.py:183} INFO - Processing /opt/airflow/dags/gold_dag.py took 0.090 seconds
[2025-11-29T10:37:31.716+0000] {processor.py:161} INFO - Started process (PID=15201) to work on /opt/airflow/dags/gold_dag.py
[2025-11-29T10:37:31.717+0000] {processor.py:830} INFO - Processing file /opt/airflow/dags/gold_dag.py for tasks to queue
[2025-11-29T10:37:31.719+0000] {logging_mixin.py:188} INFO - [2025-11-29T10:37:31.718+0000] {dagbag.py:538} INFO - Filling up the DagBag from /opt/airflow/dags/gold_dag.py
[2025-11-29T10:37:31.742+0000] {processor.py:840} INFO - DAG(s) 'gold_layer_pipeline' retrieved from /opt/airflow/dags/gold_dag.py
[2025-11-29T10:37:31.778+0000] {logging_mixin.py:188} INFO - [2025-11-29T10:37:31.778+0000] {dag.py:3036} INFO - Sync 1 DAGs
[2025-11-29T10:37:31.836+0000] {processor.py:183} INFO - Processing /opt/airflow/dags/gold_dag.py took 0.124 seconds
[2025-11-29T10:38:02.015+0000] {processor.py:161} INFO - Started process (PID=15249) to work on /opt/airflow/dags/gold_dag.py
[2025-11-29T10:38:02.016+0000] {processor.py:830} INFO - Processing file /opt/airflow/dags/gold_dag.py for tasks to queue
[2025-11-29T10:38:02.018+0000] {logging_mixin.py:188} INFO - [2025-11-29T10:38:02.017+0000] {dagbag.py:538} INFO - Filling up the DagBag from /opt/airflow/dags/gold_dag.py
[2025-11-29T10:38:02.039+0000] {processor.py:840} INFO - DAG(s) 'gold_layer_pipeline' retrieved from /opt/airflow/dags/gold_dag.py
[2025-11-29T10:38:02.073+0000] {logging_mixin.py:188} INFO - [2025-11-29T10:38:02.073+0000] {dag.py:3036} INFO - Sync 1 DAGs
[2025-11-29T10:38:02.132+0000] {processor.py:183} INFO - Processing /opt/airflow/dags/gold_dag.py took 0.120 seconds
[2025-11-29T10:38:32.866+0000] {processor.py:161} INFO - Started process (PID=15336) to work on /opt/airflow/dags/gold_dag.py
[2025-11-29T10:38:32.867+0000] {processor.py:830} INFO - Processing file /opt/airflow/dags/gold_dag.py for tasks to queue
[2025-11-29T10:38:32.868+0000] {logging_mixin.py:188} INFO - [2025-11-29T10:38:32.868+0000] {dagbag.py:538} INFO - Filling up the DagBag from /opt/airflow/dags/gold_dag.py
[2025-11-29T10:38:32.886+0000] {processor.py:840} INFO - DAG(s) 'gold_layer_pipeline' retrieved from /opt/airflow/dags/gold_dag.py
[2025-11-29T10:38:32.914+0000] {logging_mixin.py:188} INFO - [2025-11-29T10:38:32.914+0000] {dag.py:3036} INFO - Sync 1 DAGs
[2025-11-29T10:38:32.955+0000] {processor.py:183} INFO - Processing /opt/airflow/dags/gold_dag.py took 0.092 seconds
[2025-11-29T10:39:03.062+0000] {processor.py:161} INFO - Started process (PID=15371) to work on /opt/airflow/dags/gold_dag.py
[2025-11-29T10:39:03.063+0000] {processor.py:830} INFO - Processing file /opt/airflow/dags/gold_dag.py for tasks to queue
[2025-11-29T10:39:03.064+0000] {logging_mixin.py:188} INFO - [2025-11-29T10:39:03.064+0000] {dagbag.py:538} INFO - Filling up the DagBag from /opt/airflow/dags/gold_dag.py
[2025-11-29T10:39:03.085+0000] {processor.py:840} INFO - DAG(s) 'gold_layer_pipeline' retrieved from /opt/airflow/dags/gold_dag.py
[2025-11-29T10:39:03.115+0000] {logging_mixin.py:188} INFO - [2025-11-29T10:39:03.115+0000] {dag.py:3036} INFO - Sync 1 DAGs
[2025-11-29T10:39:03.162+0000] {processor.py:183} INFO - Processing /opt/airflow/dags/gold_dag.py took 0.104 seconds
[2025-11-29T10:39:33.254+0000] {processor.py:161} INFO - Started process (PID=15458) to work on /opt/airflow/dags/gold_dag.py
[2025-11-29T10:39:33.255+0000] {processor.py:830} INFO - Processing file /opt/airflow/dags/gold_dag.py for tasks to queue
[2025-11-29T10:39:33.256+0000] {logging_mixin.py:188} INFO - [2025-11-29T10:39:33.256+0000] {dagbag.py:538} INFO - Filling up the DagBag from /opt/airflow/dags/gold_dag.py
[2025-11-29T10:39:33.276+0000] {processor.py:840} INFO - DAG(s) 'gold_layer_pipeline' retrieved from /opt/airflow/dags/gold_dag.py
[2025-11-29T10:39:33.305+0000] {logging_mixin.py:188} INFO - [2025-11-29T10:39:33.304+0000] {dag.py:3036} INFO - Sync 1 DAGs
[2025-11-29T10:39:33.355+0000] {processor.py:183} INFO - Processing /opt/airflow/dags/gold_dag.py took 0.105 seconds
[2025-11-29T10:40:04.166+0000] {processor.py:161} INFO - Started process (PID=15493) to work on /opt/airflow/dags/gold_dag.py
[2025-11-29T10:40:04.167+0000] {processor.py:830} INFO - Processing file /opt/airflow/dags/gold_dag.py for tasks to queue
[2025-11-29T10:40:04.169+0000] {logging_mixin.py:188} INFO - [2025-11-29T10:40:04.168+0000] {dagbag.py:538} INFO - Filling up the DagBag from /opt/airflow/dags/gold_dag.py
[2025-11-29T10:40:04.201+0000] {processor.py:840} INFO - DAG(s) 'gold_layer_pipeline' retrieved from /opt/airflow/dags/gold_dag.py
[2025-11-29T10:40:04.238+0000] {logging_mixin.py:188} INFO - [2025-11-29T10:40:04.238+0000] {dag.py:3036} INFO - Sync 1 DAGs
[2025-11-29T10:40:04.317+0000] {processor.py:183} INFO - Processing /opt/airflow/dags/gold_dag.py took 0.155 seconds
[2025-11-29T10:40:34.721+0000] {processor.py:161} INFO - Started process (PID=15528) to work on /opt/airflow/dags/gold_dag.py
[2025-11-29T10:40:34.722+0000] {processor.py:830} INFO - Processing file /opt/airflow/dags/gold_dag.py for tasks to queue
[2025-11-29T10:40:34.723+0000] {logging_mixin.py:188} INFO - [2025-11-29T10:40:34.723+0000] {dagbag.py:538} INFO - Filling up the DagBag from /opt/airflow/dags/gold_dag.py
[2025-11-29T10:40:34.743+0000] {processor.py:840} INFO - DAG(s) 'gold_layer_pipeline' retrieved from /opt/airflow/dags/gold_dag.py
[2025-11-29T10:40:34.773+0000] {logging_mixin.py:188} INFO - [2025-11-29T10:40:34.773+0000] {dag.py:3036} INFO - Sync 1 DAGs
[2025-11-29T10:40:34.823+0000] {processor.py:183} INFO - Processing /opt/airflow/dags/gold_dag.py took 0.106 seconds
[2025-11-29T10:41:04.908+0000] {processor.py:161} INFO - Started process (PID=15563) to work on /opt/airflow/dags/gold_dag.py
[2025-11-29T10:41:04.910+0000] {processor.py:830} INFO - Processing file /opt/airflow/dags/gold_dag.py for tasks to queue
[2025-11-29T10:41:04.911+0000] {logging_mixin.py:188} INFO - [2025-11-29T10:41:04.910+0000] {dagbag.py:538} INFO - Filling up the DagBag from /opt/airflow/dags/gold_dag.py
[2025-11-29T10:41:04.942+0000] {processor.py:840} INFO - DAG(s) 'gold_layer_pipeline' retrieved from /opt/airflow/dags/gold_dag.py
[2025-11-29T10:41:04.974+0000] {logging_mixin.py:188} INFO - [2025-11-29T10:41:04.974+0000] {dag.py:3036} INFO - Sync 1 DAGs
[2025-11-29T10:41:05.025+0000] {processor.py:183} INFO - Processing /opt/airflow/dags/gold_dag.py took 0.120 seconds
[2025-11-29T10:41:35.140+0000] {processor.py:161} INFO - Started process (PID=15598) to work on /opt/airflow/dags/gold_dag.py
[2025-11-29T10:41:35.142+0000] {processor.py:830} INFO - Processing file /opt/airflow/dags/gold_dag.py for tasks to queue
[2025-11-29T10:41:35.143+0000] {logging_mixin.py:188} INFO - [2025-11-29T10:41:35.142+0000] {dagbag.py:538} INFO - Filling up the DagBag from /opt/airflow/dags/gold_dag.py
[2025-11-29T10:41:35.166+0000] {processor.py:840} INFO - DAG(s) 'gold_layer_pipeline' retrieved from /opt/airflow/dags/gold_dag.py
[2025-11-29T10:41:35.200+0000] {logging_mixin.py:188} INFO - [2025-11-29T10:41:35.200+0000] {dag.py:3036} INFO - Sync 1 DAGs
[2025-11-29T10:41:35.242+0000] {processor.py:183} INFO - Processing /opt/airflow/dags/gold_dag.py took 0.106 seconds
[2025-11-29T10:42:06.015+0000] {processor.py:161} INFO - Started process (PID=15633) to work on /opt/airflow/dags/gold_dag.py
[2025-11-29T10:42:06.017+0000] {processor.py:830} INFO - Processing file /opt/airflow/dags/gold_dag.py for tasks to queue
[2025-11-29T10:42:06.018+0000] {logging_mixin.py:188} INFO - [2025-11-29T10:42:06.018+0000] {dagbag.py:538} INFO - Filling up the DagBag from /opt/airflow/dags/gold_dag.py
[2025-11-29T10:42:06.042+0000] {processor.py:840} INFO - DAG(s) 'gold_layer_pipeline' retrieved from /opt/airflow/dags/gold_dag.py
[2025-11-29T10:42:06.075+0000] {logging_mixin.py:188} INFO - [2025-11-29T10:42:06.075+0000] {dag.py:3036} INFO - Sync 1 DAGs
[2025-11-29T10:42:06.119+0000] {processor.py:183} INFO - Processing /opt/airflow/dags/gold_dag.py took 0.108 seconds
[2025-11-29T10:42:36.196+0000] {processor.py:161} INFO - Started process (PID=15673) to work on /opt/airflow/dags/gold_dag.py
[2025-11-29T10:42:36.198+0000] {processor.py:830} INFO - Processing file /opt/airflow/dags/gold_dag.py for tasks to queue
[2025-11-29T10:42:36.199+0000] {logging_mixin.py:188} INFO - [2025-11-29T10:42:36.198+0000] {dagbag.py:538} INFO - Filling up the DagBag from /opt/airflow/dags/gold_dag.py
[2025-11-29T10:42:36.224+0000] {processor.py:840} INFO - DAG(s) 'gold_layer_pipeline' retrieved from /opt/airflow/dags/gold_dag.py
[2025-11-29T10:42:36.259+0000] {logging_mixin.py:188} INFO - [2025-11-29T10:42:36.258+0000] {dag.py:3036} INFO - Sync 1 DAGs
[2025-11-29T10:42:36.299+0000] {processor.py:183} INFO - Processing /opt/airflow/dags/gold_dag.py took 0.106 seconds
[2025-11-29T10:43:06.430+0000] {processor.py:161} INFO - Started process (PID=15703) to work on /opt/airflow/dags/gold_dag.py
[2025-11-29T10:43:06.431+0000] {processor.py:830} INFO - Processing file /opt/airflow/dags/gold_dag.py for tasks to queue
[2025-11-29T10:43:06.432+0000] {logging_mixin.py:188} INFO - [2025-11-29T10:43:06.432+0000] {dagbag.py:538} INFO - Filling up the DagBag from /opt/airflow/dags/gold_dag.py
[2025-11-29T10:43:06.457+0000] {processor.py:840} INFO - DAG(s) 'gold_layer_pipeline' retrieved from /opt/airflow/dags/gold_dag.py
[2025-11-29T10:43:06.496+0000] {logging_mixin.py:188} INFO - [2025-11-29T10:43:06.495+0000] {dag.py:3036} INFO - Sync 1 DAGs
[2025-11-29T10:43:06.553+0000] {processor.py:183} INFO - Processing /opt/airflow/dags/gold_dag.py took 0.127 seconds
[2025-11-29T10:43:17.081+0000] {processor.py:161} INFO - Started process (PID=15738) to work on /opt/airflow/dags/gold_dag.py
[2025-11-29T10:43:17.083+0000] {processor.py:830} INFO - Processing file /opt/airflow/dags/gold_dag.py for tasks to queue
[2025-11-29T10:43:17.084+0000] {logging_mixin.py:188} INFO - [2025-11-29T10:43:17.083+0000] {dagbag.py:538} INFO - Filling up the DagBag from /opt/airflow/dags/gold_dag.py
[2025-11-29T10:43:17.117+0000] {processor.py:840} INFO - DAG(s) 'gold_layer_pipeline' retrieved from /opt/airflow/dags/gold_dag.py
[2025-11-29T10:43:17.224+0000] {logging_mixin.py:188} INFO - [2025-11-29T10:43:17.224+0000] {dag.py:3036} INFO - Sync 1 DAGs
[2025-11-29T10:43:17.280+0000] {processor.py:183} INFO - Processing /opt/airflow/dags/gold_dag.py took 0.202 seconds
[2025-11-29T10:43:19.295+0000] {processor.py:161} INFO - Started process (PID=15743) to work on /opt/airflow/dags/gold_dag.py
[2025-11-29T10:43:19.296+0000] {processor.py:830} INFO - Processing file /opt/airflow/dags/gold_dag.py for tasks to queue
[2025-11-29T10:43:19.297+0000] {logging_mixin.py:188} INFO - [2025-11-29T10:43:19.297+0000] {dagbag.py:538} INFO - Filling up the DagBag from /opt/airflow/dags/gold_dag.py
[2025-11-29T10:43:19.326+0000] {processor.py:840} INFO - DAG(s) 'gold_layer_pipeline' retrieved from /opt/airflow/dags/gold_dag.py
[2025-11-29T10:43:19.346+0000] {logging_mixin.py:188} INFO - [2025-11-29T10:43:19.346+0000] {dag.py:3036} INFO - Sync 1 DAGs
[2025-11-29T10:43:19.398+0000] {processor.py:183} INFO - Processing /opt/airflow/dags/gold_dag.py took 0.107 seconds
[2025-11-29T10:43:49.490+0000] {processor.py:161} INFO - Started process (PID=15778) to work on /opt/airflow/dags/gold_dag.py
[2025-11-29T10:43:49.491+0000] {processor.py:830} INFO - Processing file /opt/airflow/dags/gold_dag.py for tasks to queue
[2025-11-29T10:43:49.492+0000] {logging_mixin.py:188} INFO - [2025-11-29T10:43:49.492+0000] {dagbag.py:538} INFO - Filling up the DagBag from /opt/airflow/dags/gold_dag.py
[2025-11-29T10:43:49.512+0000] {processor.py:840} INFO - DAG(s) 'gold_layer_pipeline' retrieved from /opt/airflow/dags/gold_dag.py
[2025-11-29T10:43:49.539+0000] {logging_mixin.py:188} INFO - [2025-11-29T10:43:49.539+0000] {dag.py:3036} INFO - Sync 1 DAGs
[2025-11-29T10:43:49.591+0000] {processor.py:183} INFO - Processing /opt/airflow/dags/gold_dag.py took 0.105 seconds
[2025-11-29T10:44:19.892+0000] {processor.py:161} INFO - Started process (PID=15817) to work on /opt/airflow/dags/gold_dag.py
[2025-11-29T10:44:19.894+0000] {processor.py:830} INFO - Processing file /opt/airflow/dags/gold_dag.py for tasks to queue
[2025-11-29T10:44:19.895+0000] {logging_mixin.py:188} INFO - [2025-11-29T10:44:19.895+0000] {dagbag.py:538} INFO - Filling up the DagBag from /opt/airflow/dags/gold_dag.py
[2025-11-29T10:44:19.929+0000] {processor.py:840} INFO - DAG(s) 'gold_layer_pipeline' retrieved from /opt/airflow/dags/gold_dag.py
[2025-11-29T10:44:19.975+0000] {logging_mixin.py:188} INFO - [2025-11-29T10:44:19.975+0000] {dag.py:3036} INFO - Sync 1 DAGs
[2025-11-29T10:44:20.040+0000] {processor.py:183} INFO - Processing /opt/airflow/dags/gold_dag.py took 0.153 seconds
[2025-11-29T10:44:50.266+0000] {processor.py:161} INFO - Started process (PID=15900) to work on /opt/airflow/dags/gold_dag.py
[2025-11-29T10:44:50.268+0000] {processor.py:830} INFO - Processing file /opt/airflow/dags/gold_dag.py for tasks to queue
[2025-11-29T10:44:50.269+0000] {logging_mixin.py:188} INFO - [2025-11-29T10:44:50.268+0000] {dagbag.py:538} INFO - Filling up the DagBag from /opt/airflow/dags/gold_dag.py
[2025-11-29T10:44:50.290+0000] {processor.py:840} INFO - DAG(s) 'gold_layer_pipeline' retrieved from /opt/airflow/dags/gold_dag.py
[2025-11-29T10:44:50.319+0000] {logging_mixin.py:188} INFO - [2025-11-29T10:44:50.319+0000] {dag.py:3036} INFO - Sync 1 DAGs
[2025-11-29T10:44:50.366+0000] {processor.py:183} INFO - Processing /opt/airflow/dags/gold_dag.py took 0.104 seconds
[2025-11-29T10:45:20.599+0000] {processor.py:161} INFO - Started process (PID=15935) to work on /opt/airflow/dags/gold_dag.py
[2025-11-29T10:45:20.600+0000] {processor.py:830} INFO - Processing file /opt/airflow/dags/gold_dag.py for tasks to queue
[2025-11-29T10:45:20.601+0000] {logging_mixin.py:188} INFO - [2025-11-29T10:45:20.601+0000] {dagbag.py:538} INFO - Filling up the DagBag from /opt/airflow/dags/gold_dag.py
[2025-11-29T10:45:20.623+0000] {processor.py:840} INFO - DAG(s) 'gold_layer_pipeline' retrieved from /opt/airflow/dags/gold_dag.py
[2025-11-29T10:45:20.650+0000] {logging_mixin.py:188} INFO - [2025-11-29T10:45:20.650+0000] {dag.py:3036} INFO - Sync 1 DAGs
[2025-11-29T10:45:20.691+0000] {processor.py:183} INFO - Processing /opt/airflow/dags/gold_dag.py took 0.095 seconds
[2025-11-29T10:45:51.619+0000] {processor.py:161} INFO - Started process (PID=15970) to work on /opt/airflow/dags/gold_dag.py
[2025-11-29T10:45:51.621+0000] {processor.py:830} INFO - Processing file /opt/airflow/dags/gold_dag.py for tasks to queue
[2025-11-29T10:45:51.623+0000] {logging_mixin.py:188} INFO - [2025-11-29T10:45:51.622+0000] {dagbag.py:538} INFO - Filling up the DagBag from /opt/airflow/dags/gold_dag.py
[2025-11-29T10:45:51.649+0000] {processor.py:840} INFO - DAG(s) 'gold_layer_pipeline' retrieved from /opt/airflow/dags/gold_dag.py
[2025-11-29T10:45:51.687+0000] {logging_mixin.py:188} INFO - [2025-11-29T10:45:51.687+0000] {dag.py:3036} INFO - Sync 1 DAGs
[2025-11-29T10:45:51.734+0000] {processor.py:183} INFO - Processing /opt/airflow/dags/gold_dag.py took 0.119 seconds
[2025-11-29T10:46:21.994+0000] {processor.py:161} INFO - Started process (PID=16005) to work on /opt/airflow/dags/gold_dag.py
[2025-11-29T10:46:21.995+0000] {processor.py:830} INFO - Processing file /opt/airflow/dags/gold_dag.py for tasks to queue
[2025-11-29T10:46:21.996+0000] {logging_mixin.py:188} INFO - [2025-11-29T10:46:21.996+0000] {dagbag.py:538} INFO - Filling up the DagBag from /opt/airflow/dags/gold_dag.py
[2025-11-29T10:46:22.020+0000] {processor.py:840} INFO - DAG(s) 'gold_layer_pipeline' retrieved from /opt/airflow/dags/gold_dag.py
[2025-11-29T10:46:22.047+0000] {logging_mixin.py:188} INFO - [2025-11-29T10:46:22.047+0000] {dag.py:3036} INFO - Sync 1 DAGs
[2025-11-29T10:46:22.087+0000] {processor.py:183} INFO - Processing /opt/airflow/dags/gold_dag.py took 0.096 seconds
[2025-11-29T10:46:52.820+0000] {processor.py:161} INFO - Started process (PID=16040) to work on /opt/airflow/dags/gold_dag.py
[2025-11-29T10:46:52.821+0000] {processor.py:830} INFO - Processing file /opt/airflow/dags/gold_dag.py for tasks to queue
[2025-11-29T10:46:52.822+0000] {logging_mixin.py:188} INFO - [2025-11-29T10:46:52.822+0000] {dagbag.py:538} INFO - Filling up the DagBag from /opt/airflow/dags/gold_dag.py
[2025-11-29T10:46:52.841+0000] {processor.py:840} INFO - DAG(s) 'gold_layer_pipeline' retrieved from /opt/airflow/dags/gold_dag.py
[2025-11-29T10:46:52.870+0000] {logging_mixin.py:188} INFO - [2025-11-29T10:46:52.870+0000] {dag.py:3036} INFO - Sync 1 DAGs
[2025-11-29T10:46:52.921+0000] {processor.py:183} INFO - Processing /opt/airflow/dags/gold_dag.py took 0.105 seconds
[2025-11-29T10:47:23.841+0000] {processor.py:161} INFO - Started process (PID=16075) to work on /opt/airflow/dags/gold_dag.py
[2025-11-29T10:47:23.843+0000] {processor.py:830} INFO - Processing file /opt/airflow/dags/gold_dag.py for tasks to queue
[2025-11-29T10:47:23.844+0000] {logging_mixin.py:188} INFO - [2025-11-29T10:47:23.843+0000] {dagbag.py:538} INFO - Filling up the DagBag from /opt/airflow/dags/gold_dag.py
[2025-11-29T10:47:23.866+0000] {processor.py:840} INFO - DAG(s) 'gold_layer_pipeline' retrieved from /opt/airflow/dags/gold_dag.py
[2025-11-29T10:47:23.902+0000] {logging_mixin.py:188} INFO - [2025-11-29T10:47:23.902+0000] {dag.py:3036} INFO - Sync 1 DAGs
[2025-11-29T10:47:23.958+0000] {processor.py:183} INFO - Processing /opt/airflow/dags/gold_dag.py took 0.123 seconds
[2025-11-29T10:47:54.851+0000] {processor.py:161} INFO - Started process (PID=16110) to work on /opt/airflow/dags/gold_dag.py
[2025-11-29T10:47:54.853+0000] {processor.py:830} INFO - Processing file /opt/airflow/dags/gold_dag.py for tasks to queue
[2025-11-29T10:47:54.854+0000] {logging_mixin.py:188} INFO - [2025-11-29T10:47:54.854+0000] {dagbag.py:538} INFO - Filling up the DagBag from /opt/airflow/dags/gold_dag.py
[2025-11-29T10:47:54.873+0000] {processor.py:840} INFO - DAG(s) 'gold_layer_pipeline' retrieved from /opt/airflow/dags/gold_dag.py
[2025-11-29T10:47:54.906+0000] {logging_mixin.py:188} INFO - [2025-11-29T10:47:54.905+0000] {dag.py:3036} INFO - Sync 1 DAGs
[2025-11-29T10:47:54.948+0000] {processor.py:183} INFO - Processing /opt/airflow/dags/gold_dag.py took 0.100 seconds
[2025-11-29T10:48:25.834+0000] {processor.py:161} INFO - Started process (PID=16145) to work on /opt/airflow/dags/gold_dag.py
[2025-11-29T10:48:25.835+0000] {processor.py:830} INFO - Processing file /opt/airflow/dags/gold_dag.py for tasks to queue
[2025-11-29T10:48:25.836+0000] {logging_mixin.py:188} INFO - [2025-11-29T10:48:25.836+0000] {dagbag.py:538} INFO - Filling up the DagBag from /opt/airflow/dags/gold_dag.py
[2025-11-29T10:48:25.855+0000] {processor.py:840} INFO - DAG(s) 'gold_layer_pipeline' retrieved from /opt/airflow/dags/gold_dag.py
[2025-11-29T10:48:25.883+0000] {logging_mixin.py:188} INFO - [2025-11-29T10:48:25.883+0000] {dag.py:3036} INFO - Sync 1 DAGs
[2025-11-29T10:48:25.926+0000] {processor.py:183} INFO - Processing /opt/airflow/dags/gold_dag.py took 0.095 seconds
[2025-11-29T10:48:56.862+0000] {processor.py:161} INFO - Started process (PID=16180) to work on /opt/airflow/dags/gold_dag.py
[2025-11-29T10:48:56.863+0000] {processor.py:830} INFO - Processing file /opt/airflow/dags/gold_dag.py for tasks to queue
[2025-11-29T10:48:56.864+0000] {logging_mixin.py:188} INFO - [2025-11-29T10:48:56.864+0000] {dagbag.py:538} INFO - Filling up the DagBag from /opt/airflow/dags/gold_dag.py
[2025-11-29T10:48:56.882+0000] {processor.py:840} INFO - DAG(s) 'gold_layer_pipeline' retrieved from /opt/airflow/dags/gold_dag.py
[2025-11-29T10:48:56.911+0000] {logging_mixin.py:188} INFO - [2025-11-29T10:48:56.910+0000] {dag.py:3036} INFO - Sync 1 DAGs
[2025-11-29T10:48:56.961+0000] {processor.py:183} INFO - Processing /opt/airflow/dags/gold_dag.py took 0.102 seconds
[2025-11-29T10:49:27.952+0000] {processor.py:161} INFO - Started process (PID=16231) to work on /opt/airflow/dags/gold_dag.py
[2025-11-29T10:49:27.954+0000] {processor.py:830} INFO - Processing file /opt/airflow/dags/gold_dag.py for tasks to queue
[2025-11-29T10:49:27.956+0000] {logging_mixin.py:188} INFO - [2025-11-29T10:49:27.955+0000] {dagbag.py:538} INFO - Filling up the DagBag from /opt/airflow/dags/gold_dag.py
[2025-11-29T10:49:28.002+0000] {processor.py:840} INFO - DAG(s) 'gold_layer_pipeline' retrieved from /opt/airflow/dags/gold_dag.py
[2025-11-29T10:49:28.047+0000] {logging_mixin.py:188} INFO - [2025-11-29T10:49:28.047+0000] {dag.py:3036} INFO - Sync 1 DAGs
[2025-11-29T10:49:28.106+0000] {processor.py:183} INFO - Processing /opt/airflow/dags/gold_dag.py took 0.160 seconds
[2025-11-29T10:49:58.959+0000] {processor.py:161} INFO - Started process (PID=16354) to work on /opt/airflow/dags/gold_dag.py
[2025-11-29T10:49:58.960+0000] {processor.py:830} INFO - Processing file /opt/airflow/dags/gold_dag.py for tasks to queue
[2025-11-29T10:49:58.962+0000] {logging_mixin.py:188} INFO - [2025-11-29T10:49:58.961+0000] {dagbag.py:538} INFO - Filling up the DagBag from /opt/airflow/dags/gold_dag.py
[2025-11-29T10:49:58.982+0000] {processor.py:840} INFO - DAG(s) 'gold_layer_pipeline' retrieved from /opt/airflow/dags/gold_dag.py
[2025-11-29T10:49:59.011+0000] {logging_mixin.py:188} INFO - [2025-11-29T10:49:59.010+0000] {dag.py:3036} INFO - Sync 1 DAGs
[2025-11-29T10:49:59.052+0000] {processor.py:183} INFO - Processing /opt/airflow/dags/gold_dag.py took 0.097 seconds
[2025-11-29T10:50:29.856+0000] {processor.py:161} INFO - Started process (PID=16389) to work on /opt/airflow/dags/gold_dag.py
[2025-11-29T10:50:29.858+0000] {processor.py:830} INFO - Processing file /opt/airflow/dags/gold_dag.py for tasks to queue
[2025-11-29T10:50:29.859+0000] {logging_mixin.py:188} INFO - [2025-11-29T10:50:29.859+0000] {dagbag.py:538} INFO - Filling up the DagBag from /opt/airflow/dags/gold_dag.py
[2025-11-29T10:50:29.885+0000] {processor.py:840} INFO - DAG(s) 'gold_layer_pipeline' retrieved from /opt/airflow/dags/gold_dag.py
[2025-11-29T10:50:29.922+0000] {logging_mixin.py:188} INFO - [2025-11-29T10:50:29.922+0000] {dag.py:3036} INFO - Sync 1 DAGs
[2025-11-29T10:50:29.981+0000] {processor.py:183} INFO - Processing /opt/airflow/dags/gold_dag.py took 0.129 seconds
[2025-11-29T10:51:00.134+0000] {processor.py:161} INFO - Started process (PID=16424) to work on /opt/airflow/dags/gold_dag.py
[2025-11-29T10:51:00.135+0000] {processor.py:830} INFO - Processing file /opt/airflow/dags/gold_dag.py for tasks to queue
[2025-11-29T10:51:00.136+0000] {logging_mixin.py:188} INFO - [2025-11-29T10:51:00.136+0000] {dagbag.py:538} INFO - Filling up the DagBag from /opt/airflow/dags/gold_dag.py
[2025-11-29T10:51:00.157+0000] {processor.py:840} INFO - DAG(s) 'gold_layer_pipeline' retrieved from /opt/airflow/dags/gold_dag.py
[2025-11-29T10:51:00.189+0000] {logging_mixin.py:188} INFO - [2025-11-29T10:51:00.189+0000] {dag.py:3036} INFO - Sync 1 DAGs
[2025-11-29T10:51:00.241+0000] {processor.py:183} INFO - Processing /opt/airflow/dags/gold_dag.py took 0.112 seconds
[2025-11-29T10:51:31.034+0000] {processor.py:161} INFO - Started process (PID=16459) to work on /opt/airflow/dags/gold_dag.py
[2025-11-29T10:51:31.035+0000] {processor.py:830} INFO - Processing file /opt/airflow/dags/gold_dag.py for tasks to queue
[2025-11-29T10:51:31.036+0000] {logging_mixin.py:188} INFO - [2025-11-29T10:51:31.036+0000] {dagbag.py:538} INFO - Filling up the DagBag from /opt/airflow/dags/gold_dag.py
[2025-11-29T10:51:31.059+0000] {processor.py:840} INFO - DAG(s) 'gold_layer_pipeline' retrieved from /opt/airflow/dags/gold_dag.py
[2025-11-29T10:51:31.088+0000] {logging_mixin.py:188} INFO - [2025-11-29T10:51:31.088+0000] {dag.py:3036} INFO - Sync 1 DAGs
[2025-11-29T10:51:31.128+0000] {processor.py:183} INFO - Processing /opt/airflow/dags/gold_dag.py took 0.098 seconds
[2025-11-29T10:52:02.037+0000] {processor.py:161} INFO - Started process (PID=16494) to work on /opt/airflow/dags/gold_dag.py
[2025-11-29T10:52:02.039+0000] {processor.py:830} INFO - Processing file /opt/airflow/dags/gold_dag.py for tasks to queue
[2025-11-29T10:52:02.040+0000] {logging_mixin.py:188} INFO - [2025-11-29T10:52:02.040+0000] {dagbag.py:538} INFO - Filling up the DagBag from /opt/airflow/dags/gold_dag.py
[2025-11-29T10:52:02.062+0000] {processor.py:840} INFO - DAG(s) 'gold_layer_pipeline' retrieved from /opt/airflow/dags/gold_dag.py
[2025-11-29T10:52:02.091+0000] {logging_mixin.py:188} INFO - [2025-11-29T10:52:02.091+0000] {dag.py:3036} INFO - Sync 1 DAGs
[2025-11-29T10:52:02.134+0000] {processor.py:183} INFO - Processing /opt/airflow/dags/gold_dag.py took 0.101 seconds
[2025-11-29T10:52:32.954+0000] {processor.py:161} INFO - Started process (PID=16529) to work on /opt/airflow/dags/gold_dag.py
[2025-11-29T10:52:32.956+0000] {processor.py:830} INFO - Processing file /opt/airflow/dags/gold_dag.py for tasks to queue
[2025-11-29T10:52:32.959+0000] {logging_mixin.py:188} INFO - [2025-11-29T10:52:32.958+0000] {dagbag.py:538} INFO - Filling up the DagBag from /opt/airflow/dags/gold_dag.py
[2025-11-29T10:52:32.989+0000] {processor.py:840} INFO - DAG(s) 'gold_layer_pipeline' retrieved from /opt/airflow/dags/gold_dag.py
[2025-11-29T10:52:33.029+0000] {logging_mixin.py:188} INFO - [2025-11-29T10:52:33.028+0000] {dag.py:3036} INFO - Sync 1 DAGs
[2025-11-29T10:52:33.081+0000] {processor.py:183} INFO - Processing /opt/airflow/dags/gold_dag.py took 0.131 seconds
[2025-11-29T10:53:03.137+0000] {processor.py:161} INFO - Started process (PID=16564) to work on /opt/airflow/dags/gold_dag.py
[2025-11-29T10:53:03.139+0000] {processor.py:830} INFO - Processing file /opt/airflow/dags/gold_dag.py for tasks to queue
[2025-11-29T10:53:03.140+0000] {logging_mixin.py:188} INFO - [2025-11-29T10:53:03.140+0000] {dagbag.py:538} INFO - Filling up the DagBag from /opt/airflow/dags/gold_dag.py
[2025-11-29T10:53:03.163+0000] {processor.py:840} INFO - DAG(s) 'gold_layer_pipeline' retrieved from /opt/airflow/dags/gold_dag.py
[2025-11-29T10:53:03.196+0000] {logging_mixin.py:188} INFO - [2025-11-29T10:53:03.196+0000] {dag.py:3036} INFO - Sync 1 DAGs
[2025-11-29T10:53:03.238+0000] {processor.py:183} INFO - Processing /opt/airflow/dags/gold_dag.py took 0.105 seconds
[2025-11-29T10:53:34.084+0000] {processor.py:161} INFO - Started process (PID=16599) to work on /opt/airflow/dags/gold_dag.py
[2025-11-29T10:53:34.085+0000] {processor.py:830} INFO - Processing file /opt/airflow/dags/gold_dag.py for tasks to queue
[2025-11-29T10:53:34.087+0000] {logging_mixin.py:188} INFO - [2025-11-29T10:53:34.086+0000] {dagbag.py:538} INFO - Filling up the DagBag from /opt/airflow/dags/gold_dag.py
[2025-11-29T10:53:34.121+0000] {processor.py:840} INFO - DAG(s) 'gold_layer_pipeline' retrieved from /opt/airflow/dags/gold_dag.py
[2025-11-29T10:53:34.154+0000] {logging_mixin.py:188} INFO - [2025-11-29T10:53:34.154+0000] {dag.py:3036} INFO - Sync 1 DAGs
[2025-11-29T10:53:34.207+0000] {processor.py:183} INFO - Processing /opt/airflow/dags/gold_dag.py took 0.128 seconds
[2025-11-29T10:54:05.078+0000] {processor.py:161} INFO - Started process (PID=16634) to work on /opt/airflow/dags/gold_dag.py
[2025-11-29T10:54:05.079+0000] {processor.py:830} INFO - Processing file /opt/airflow/dags/gold_dag.py for tasks to queue
[2025-11-29T10:54:05.080+0000] {logging_mixin.py:188} INFO - [2025-11-29T10:54:05.080+0000] {dagbag.py:538} INFO - Filling up the DagBag from /opt/airflow/dags/gold_dag.py
[2025-11-29T10:54:05.098+0000] {processor.py:840} INFO - DAG(s) 'gold_layer_pipeline' retrieved from /opt/airflow/dags/gold_dag.py
[2025-11-29T10:54:05.126+0000] {logging_mixin.py:188} INFO - [2025-11-29T10:54:05.126+0000] {dag.py:3036} INFO - Sync 1 DAGs
[2025-11-29T10:54:05.173+0000] {processor.py:183} INFO - Processing /opt/airflow/dags/gold_dag.py took 0.099 seconds
[2025-11-29T10:54:36.084+0000] {processor.py:161} INFO - Started process (PID=16669) to work on /opt/airflow/dags/gold_dag.py
[2025-11-29T10:54:36.085+0000] {processor.py:830} INFO - Processing file /opt/airflow/dags/gold_dag.py for tasks to queue
[2025-11-29T10:54:36.086+0000] {logging_mixin.py:188} INFO - [2025-11-29T10:54:36.085+0000] {dagbag.py:538} INFO - Filling up the DagBag from /opt/airflow/dags/gold_dag.py
[2025-11-29T10:54:36.105+0000] {processor.py:840} INFO - DAG(s) 'gold_layer_pipeline' retrieved from /opt/airflow/dags/gold_dag.py
[2025-11-29T10:54:36.139+0000] {logging_mixin.py:188} INFO - [2025-11-29T10:54:36.139+0000] {dag.py:3036} INFO - Sync 1 DAGs
[2025-11-29T10:54:36.181+0000] {processor.py:183} INFO - Processing /opt/airflow/dags/gold_dag.py took 0.101 seconds
[2025-11-29T10:55:07.065+0000] {processor.py:161} INFO - Started process (PID=16756) to work on /opt/airflow/dags/gold_dag.py
[2025-11-29T10:55:07.066+0000] {processor.py:830} INFO - Processing file /opt/airflow/dags/gold_dag.py for tasks to queue
[2025-11-29T10:55:07.067+0000] {logging_mixin.py:188} INFO - [2025-11-29T10:55:07.067+0000] {dagbag.py:538} INFO - Filling up the DagBag from /opt/airflow/dags/gold_dag.py
[2025-11-29T10:55:07.086+0000] {processor.py:840} INFO - DAG(s) 'gold_layer_pipeline' retrieved from /opt/airflow/dags/gold_dag.py
[2025-11-29T10:55:07.120+0000] {logging_mixin.py:188} INFO - [2025-11-29T10:55:07.120+0000] {dag.py:3036} INFO - Sync 1 DAGs
[2025-11-29T10:55:07.162+0000] {processor.py:183} INFO - Processing /opt/airflow/dags/gold_dag.py took 0.101 seconds
[2025-11-29T10:55:37.237+0000] {processor.py:161} INFO - Started process (PID=16791) to work on /opt/airflow/dags/gold_dag.py
[2025-11-29T10:55:37.238+0000] {processor.py:830} INFO - Processing file /opt/airflow/dags/gold_dag.py for tasks to queue
[2025-11-29T10:55:37.239+0000] {logging_mixin.py:188} INFO - [2025-11-29T10:55:37.239+0000] {dagbag.py:538} INFO - Filling up the DagBag from /opt/airflow/dags/gold_dag.py
[2025-11-29T10:55:37.260+0000] {processor.py:840} INFO - DAG(s) 'gold_layer_pipeline' retrieved from /opt/airflow/dags/gold_dag.py
[2025-11-29T10:55:37.288+0000] {logging_mixin.py:188} INFO - [2025-11-29T10:55:37.287+0000] {dag.py:3036} INFO - Sync 1 DAGs
[2025-11-29T10:55:37.336+0000] {processor.py:183} INFO - Processing /opt/airflow/dags/gold_dag.py took 0.102 seconds
[2025-11-29T10:56:08.206+0000] {processor.py:161} INFO - Started process (PID=16826) to work on /opt/airflow/dags/gold_dag.py
[2025-11-29T10:56:08.208+0000] {processor.py:830} INFO - Processing file /opt/airflow/dags/gold_dag.py for tasks to queue
[2025-11-29T10:56:08.209+0000] {logging_mixin.py:188} INFO - [2025-11-29T10:56:08.208+0000] {dagbag.py:538} INFO - Filling up the DagBag from /opt/airflow/dags/gold_dag.py
[2025-11-29T10:56:08.229+0000] {processor.py:840} INFO - DAG(s) 'gold_layer_pipeline' retrieved from /opt/airflow/dags/gold_dag.py
[2025-11-29T10:56:08.259+0000] {logging_mixin.py:188} INFO - [2025-11-29T10:56:08.259+0000] {dag.py:3036} INFO - Sync 1 DAGs
[2025-11-29T10:56:08.301+0000] {processor.py:183} INFO - Processing /opt/airflow/dags/gold_dag.py took 0.099 seconds
[2025-11-29T10:56:38.357+0000] {processor.py:161} INFO - Started process (PID=16861) to work on /opt/airflow/dags/gold_dag.py
[2025-11-29T10:56:38.358+0000] {processor.py:830} INFO - Processing file /opt/airflow/dags/gold_dag.py for tasks to queue
[2025-11-29T10:56:38.359+0000] {logging_mixin.py:188} INFO - [2025-11-29T10:56:38.359+0000] {dagbag.py:538} INFO - Filling up the DagBag from /opt/airflow/dags/gold_dag.py
[2025-11-29T10:56:38.378+0000] {processor.py:840} INFO - DAG(s) 'gold_layer_pipeline' retrieved from /opt/airflow/dags/gold_dag.py
[2025-11-29T10:56:38.406+0000] {logging_mixin.py:188} INFO - [2025-11-29T10:56:38.405+0000] {dag.py:3036} INFO - Sync 1 DAGs
[2025-11-29T10:56:38.458+0000] {processor.py:183} INFO - Processing /opt/airflow/dags/gold_dag.py took 0.105 seconds
[2025-11-29T10:57:08.697+0000] {processor.py:161} INFO - Started process (PID=16896) to work on /opt/airflow/dags/gold_dag.py
[2025-11-29T10:57:08.698+0000] {processor.py:830} INFO - Processing file /opt/airflow/dags/gold_dag.py for tasks to queue
[2025-11-29T10:57:08.699+0000] {logging_mixin.py:188} INFO - [2025-11-29T10:57:08.699+0000] {dagbag.py:538} INFO - Filling up the DagBag from /opt/airflow/dags/gold_dag.py
[2025-11-29T10:57:08.718+0000] {processor.py:840} INFO - DAG(s) 'gold_layer_pipeline' retrieved from /opt/airflow/dags/gold_dag.py
[2025-11-29T10:57:08.746+0000] {logging_mixin.py:188} INFO - [2025-11-29T10:57:08.746+0000] {dag.py:3036} INFO - Sync 1 DAGs
[2025-11-29T10:57:08.791+0000] {processor.py:183} INFO - Processing /opt/airflow/dags/gold_dag.py took 0.097 seconds
