[2025-11-02T00:25:43.209+0000] {taskinstance.py:1956} INFO - Dependencies all met for dep_context=non-requeueable deps ti=<TaskInstance: gold_dimensions_pipeline.dbt_dim_date scheduled__2025-10-06T00:00:00+00:00 [queued]>
[2025-11-02T00:25:43.226+0000] {taskinstance.py:1956} INFO - Dependencies all met for dep_context=requeueable deps ti=<TaskInstance: gold_dimensions_pipeline.dbt_dim_date scheduled__2025-10-06T00:00:00+00:00 [queued]>
[2025-11-02T00:25:43.228+0000] {taskinstance.py:2170} INFO - Starting attempt 1 of 2
[2025-11-02T00:25:43.255+0000] {taskinstance.py:2191} INFO - Executing <Task(PythonOperator): dbt_dim_date> on 2025-10-06 00:00:00+00:00
[2025-11-02T00:25:43.270+0000] {standard_task_runner.py:60} INFO - Started process 14691 to run task
[2025-11-02T00:25:43.281+0000] {standard_task_runner.py:87} INFO - Running: ['***', 'tasks', 'run', 'gold_dimensions_pipeline', 'dbt_dim_date', 'scheduled__2025-10-06T00:00:00+00:00', '--job-id', '312', '--raw', '--subdir', 'DAGS_FOLDER/gold_dag.py', '--cfg-path', '/tmp/tmp11q49a4i']
[2025-11-02T00:25:43.287+0000] {standard_task_runner.py:88} INFO - Job 312: Subtask dbt_dim_date
[2025-11-02T00:25:43.415+0000] {task_command.py:423} INFO - Running <TaskInstance: gold_dimensions_pipeline.dbt_dim_date scheduled__2025-10-06T00:00:00+00:00 [running]> on host 6335aa85b335
[2025-11-02T00:25:43.608+0000] {taskinstance.py:2480} INFO - Exporting env vars: AIRFLOW_CTX_DAG_OWNER='***' AIRFLOW_CTX_DAG_ID='gold_dimensions_pipeline' AIRFLOW_CTX_TASK_ID='dbt_dim_date' AIRFLOW_CTX_EXECUTION_DATE='2025-10-06T00:00:00+00:00' AIRFLOW_CTX_TRY_NUMBER='1' AIRFLOW_CTX_DAG_RUN_ID='scheduled__2025-10-06T00:00:00+00:00'
[2025-11-02T00:25:53.983+0000] {python.py:201} INFO - Done. Returned value was: None
[2025-11-02T00:25:54.007+0000] {taskinstance.py:1138} INFO - Marking task as SUCCESS. dag_id=gold_dimensions_pipeline, task_id=dbt_dim_date, execution_date=20251006T000000, start_date=20251102T002543, end_date=20251102T002554
[2025-11-02T00:25:54.051+0000] {local_task_job_runner.py:234} INFO - Task exited with return code 0
[2025-11-02T00:25:54.078+0000] {taskinstance.py:3280} INFO - 0 downstream tasks scheduled from follow-on schedule check
[2025-11-02T11:41:44.333+0000] {taskinstance.py:1956} INFO - Dependencies all met for dep_context=non-requeueable deps ti=<TaskInstance: gold_dimensions_pipeline.dbt_dim_date scheduled__2025-10-06T00:00:00+00:00 [queued]>
[2025-11-02T11:41:44.349+0000] {taskinstance.py:1956} INFO - Dependencies all met for dep_context=requeueable deps ti=<TaskInstance: gold_dimensions_pipeline.dbt_dim_date scheduled__2025-10-06T00:00:00+00:00 [queued]>
[2025-11-02T11:41:44.350+0000] {taskinstance.py:2170} INFO - Starting attempt 1 of 3
[2025-11-02T11:41:44.368+0000] {taskinstance.py:2191} INFO - Executing <Task(PythonOperator): dbt_dim_date> on 2025-10-06 00:00:00+00:00
[2025-11-02T11:41:44.374+0000] {standard_task_runner.py:60} INFO - Started process 4746 to run task
[2025-11-02T11:41:44.381+0000] {standard_task_runner.py:87} INFO - Running: ['***', 'tasks', 'run', 'gold_dimensions_pipeline', 'dbt_dim_date', 'scheduled__2025-10-06T00:00:00+00:00', '--job-id', '292', '--raw', '--subdir', 'DAGS_FOLDER/gold_dag.py', '--cfg-path', '/tmp/tmp9tc485y6']
[2025-11-02T11:41:44.385+0000] {standard_task_runner.py:88} INFO - Job 292: Subtask dbt_dim_date
[2025-11-02T11:41:44.488+0000] {task_command.py:423} INFO - Running <TaskInstance: gold_dimensions_pipeline.dbt_dim_date scheduled__2025-10-06T00:00:00+00:00 [running]> on host 0d39d4365eb9
[2025-11-02T11:41:44.691+0000] {taskinstance.py:2480} INFO - Exporting env vars: AIRFLOW_CTX_DAG_OWNER='***' AIRFLOW_CTX_DAG_ID='gold_dimensions_pipeline' AIRFLOW_CTX_TASK_ID='dbt_dim_date' AIRFLOW_CTX_EXECUTION_DATE='2025-10-06T00:00:00+00:00' AIRFLOW_CTX_TRY_NUMBER='1' AIRFLOW_CTX_DAG_RUN_ID='scheduled__2025-10-06T00:00:00+00:00'
[2025-11-02T11:41:49.865+0000] {logging_mixin.py:188} INFO - ==== DBT STDOUT ====
[2025-11-02T11:41:49.867+0000] {logging_mixin.py:188} INFO - 11:41:47  Running with dbt=1.5.9
11:41:47  Registered adapter: clickhouse=1.5.2
11:41:48  [WARNING]: Configuration paths exist in your dbt_project.yml file which do not apply to any resources.
There are 2 unused configuration paths:
- models.ck_project.bronze
- models.ck_project.gold.fact
11:41:48  Found 7 models, 17 tests, 0 snapshots, 0 analyses, 349 macros, 0 operations, 0 seed files, 6 sources, 0 exposures, 0 metrics, 0 groups
11:41:48  
11:41:48  Concurrency: 4 threads (target='dev')
11:41:48  
11:41:48  1 of 1 START sql table model gold.dim_date ..................................... [RUN]
11:41:48  1 of 1 OK created sql table model gold.dim_date ................................ [OK in 0.22s]
11:41:48  
11:41:48  Finished running 1 table model in 0 hours 0 minutes and 0.57 seconds (0.57s).
11:41:48  
11:41:48  Completed successfully
11:41:48  
11:41:48  Done. PASS=1 WARN=0 ERROR=0 SKIP=0 TOTAL=1
[2025-11-02T11:41:49.868+0000] {logging_mixin.py:188} INFO - ==== DBT STDERR ====
[2025-11-02T11:41:49.869+0000] {python.py:201} INFO - Done. Returned value was: None
[2025-11-02T11:41:49.885+0000] {taskinstance.py:1138} INFO - Marking task as SUCCESS. dag_id=gold_dimensions_pipeline, task_id=dbt_dim_date, execution_date=20251006T000000, start_date=20251102T114144, end_date=20251102T114149
[2025-11-02T11:41:49.947+0000] {local_task_job_runner.py:234} INFO - Task exited with return code 0
[2025-11-02T11:41:49.978+0000] {taskinstance.py:3280} INFO - 3 downstream tasks scheduled from follow-on schedule check
