[2025-11-01T16:53:26.219+0000] {taskinstance.py:1956} INFO - Dependencies all met for dep_context=non-requeueable deps ti=<TaskInstance: silver_transformation_pipeline.ensure_bronze_prereqs scheduled__2025-10-30T00:00:00+00:00 [queued]>
[2025-11-01T16:53:26.232+0000] {taskinstance.py:1956} INFO - Dependencies all met for dep_context=requeueable deps ti=<TaskInstance: silver_transformation_pipeline.ensure_bronze_prereqs scheduled__2025-10-30T00:00:00+00:00 [queued]>
[2025-11-01T16:53:26.233+0000] {taskinstance.py:2170} INFO - Starting attempt 1 of 2
[2025-11-01T16:53:26.251+0000] {taskinstance.py:2191} INFO - Executing <Task(PythonOperator): ensure_bronze_prereqs> on 2025-10-30 00:00:00+00:00
[2025-11-01T16:53:26.258+0000] {standard_task_runner.py:60} INFO - Started process 360 to run task
[2025-11-01T16:53:26.265+0000] {standard_task_runner.py:87} INFO - Running: ['***', 'tasks', 'run', 'silver_transformation_pipeline', 'ensure_bronze_prereqs', 'scheduled__2025-10-30T00:00:00+00:00', '--job-id', '14', '--raw', '--subdir', 'DAGS_FOLDER/silver_dag.py', '--cfg-path', '/tmp/tmpfrxwjsrl']
[2025-11-01T16:53:26.270+0000] {standard_task_runner.py:88} INFO - Job 14: Subtask ensure_bronze_prereqs
[2025-11-01T16:53:26.370+0000] {task_command.py:423} INFO - Running <TaskInstance: silver_transformation_pipeline.ensure_bronze_prereqs scheduled__2025-10-30T00:00:00+00:00 [running]> on host 69cecc54c654
[2025-11-01T16:53:26.471+0000] {taskinstance.py:2480} INFO - Exporting env vars: AIRFLOW_CTX_DAG_OWNER='***' AIRFLOW_CTX_DAG_ID='silver_transformation_pipeline' AIRFLOW_CTX_TASK_ID='ensure_bronze_prereqs' AIRFLOW_CTX_EXECUTION_DATE='2025-10-30T00:00:00+00:00' AIRFLOW_CTX_TRY_NUMBER='1' AIRFLOW_CTX_DAG_RUN_ID='scheduled__2025-10-30T00:00:00+00:00'
[2025-11-01T16:53:26.473+0000] {crypto.py:82} WARNING - empty cryptography key - values will not be stored encrypted.
[2025-11-01T16:53:26.474+0000] {base.py:83} INFO - Using connection ID 'clickhouse_default' for task execution.
[2025-11-01T16:53:26.491+0000] {python.py:201} INFO - Done. Returned value was: None
[2025-11-01T16:53:26.505+0000] {taskinstance.py:1138} INFO - Marking task as SUCCESS. dag_id=silver_transformation_pipeline, task_id=ensure_bronze_prereqs, execution_date=20251030T000000, start_date=20251101T165326, end_date=20251101T165326
[2025-11-01T16:53:26.560+0000] {local_task_job_runner.py:234} INFO - Task exited with return code 0
[2025-11-01T16:53:26.586+0000] {taskinstance.py:3280} INFO - 3 downstream tasks scheduled from follow-on schedule check
[2025-11-01T20:24:23.804+0000] {taskinstance.py:1956} INFO - Dependencies all met for dep_context=non-requeueable deps ti=<TaskInstance: silver_transformation_pipeline.ensure_bronze_prereqs scheduled__2025-10-30T00:00:00+00:00 [queued]>
[2025-11-01T20:24:23.817+0000] {taskinstance.py:1956} INFO - Dependencies all met for dep_context=requeueable deps ti=<TaskInstance: silver_transformation_pipeline.ensure_bronze_prereqs scheduled__2025-10-30T00:00:00+00:00 [queued]>
[2025-11-01T20:24:23.818+0000] {taskinstance.py:2170} INFO - Starting attempt 1 of 2
[2025-11-01T20:24:23.832+0000] {taskinstance.py:2191} INFO - Executing <Task(PythonOperator): ensure_bronze_prereqs> on 2025-10-30 00:00:00+00:00
[2025-11-01T20:24:23.839+0000] {standard_task_runner.py:60} INFO - Started process 2418 to run task
[2025-11-01T20:24:23.844+0000] {standard_task_runner.py:87} INFO - Running: ['***', 'tasks', 'run', 'silver_transformation_pipeline', 'ensure_bronze_prereqs', 'scheduled__2025-10-30T00:00:00+00:00', '--job-id', '242', '--raw', '--subdir', 'DAGS_FOLDER/silver_dag.py', '--cfg-path', '/tmp/tmpqya6fvw0']
[2025-11-01T20:24:23.847+0000] {standard_task_runner.py:88} INFO - Job 242: Subtask ensure_bronze_prereqs
[2025-11-01T20:24:23.943+0000] {task_command.py:423} INFO - Running <TaskInstance: silver_transformation_pipeline.ensure_bronze_prereqs scheduled__2025-10-30T00:00:00+00:00 [running]> on host 6335aa85b335
[2025-11-01T20:24:24.062+0000] {taskinstance.py:2480} INFO - Exporting env vars: AIRFLOW_CTX_DAG_OWNER='***' AIRFLOW_CTX_DAG_ID='silver_transformation_pipeline' AIRFLOW_CTX_TASK_ID='ensure_bronze_prereqs' AIRFLOW_CTX_EXECUTION_DATE='2025-10-30T00:00:00+00:00' AIRFLOW_CTX_TRY_NUMBER='1' AIRFLOW_CTX_DAG_RUN_ID='scheduled__2025-10-30T00:00:00+00:00'
[2025-11-01T20:24:24.068+0000] {crypto.py:82} WARNING - empty cryptography key - values will not be stored encrypted.
[2025-11-01T20:24:24.071+0000] {base.py:83} INFO - Using connection ID 'clickhouse_default' for task execution.
[2025-11-01T20:24:24.090+0000] {python.py:201} INFO - Done. Returned value was: None
[2025-11-01T20:24:24.109+0000] {taskinstance.py:1138} INFO - Marking task as SUCCESS. dag_id=silver_transformation_pipeline, task_id=ensure_bronze_prereqs, execution_date=20251030T000000, start_date=20251101T202423, end_date=20251101T202424
[2025-11-01T20:24:24.180+0000] {local_task_job_runner.py:234} INFO - Task exited with return code 0
[2025-11-01T20:24:24.220+0000] {taskinstance.py:3280} INFO - 0 downstream tasks scheduled from follow-on schedule check
