[2025-11-01T20:23:44.351+0000] {taskinstance.py:1956} INFO - Dependencies all met for dep_context=non-requeueable deps ti=<TaskInstance: silver_transformation_pipeline.ensure_bronze_prereqs scheduled__2025-10-26T00:00:00+00:00 [queued]>
[2025-11-01T20:23:44.361+0000] {taskinstance.py:1956} INFO - Dependencies all met for dep_context=requeueable deps ti=<TaskInstance: silver_transformation_pipeline.ensure_bronze_prereqs scheduled__2025-10-26T00:00:00+00:00 [queued]>
[2025-11-01T20:23:44.362+0000] {taskinstance.py:2170} INFO - Starting attempt 1 of 2
[2025-11-01T20:23:44.375+0000] {taskinstance.py:2191} INFO - Executing <Task(PythonOperator): ensure_bronze_prereqs> on 2025-10-26 00:00:00+00:00
[2025-11-01T20:23:44.381+0000] {standard_task_runner.py:60} INFO - Started process 2194 to run task
[2025-11-01T20:23:44.384+0000] {standard_task_runner.py:87} INFO - Running: ['***', 'tasks', 'run', 'silver_transformation_pipeline', 'ensure_bronze_prereqs', 'scheduled__2025-10-26T00:00:00+00:00', '--job-id', '226', '--raw', '--subdir', 'DAGS_FOLDER/silver_dag.py', '--cfg-path', '/tmp/tmpmaucaaxy']
[2025-11-01T20:23:44.386+0000] {standard_task_runner.py:88} INFO - Job 226: Subtask ensure_bronze_prereqs
[2025-11-01T20:23:44.460+0000] {task_command.py:423} INFO - Running <TaskInstance: silver_transformation_pipeline.ensure_bronze_prereqs scheduled__2025-10-26T00:00:00+00:00 [running]> on host 6335aa85b335
[2025-11-01T20:23:44.553+0000] {taskinstance.py:2480} INFO - Exporting env vars: AIRFLOW_CTX_DAG_OWNER='***' AIRFLOW_CTX_DAG_ID='silver_transformation_pipeline' AIRFLOW_CTX_TASK_ID='ensure_bronze_prereqs' AIRFLOW_CTX_EXECUTION_DATE='2025-10-26T00:00:00+00:00' AIRFLOW_CTX_TRY_NUMBER='1' AIRFLOW_CTX_DAG_RUN_ID='scheduled__2025-10-26T00:00:00+00:00'
[2025-11-01T20:23:44.555+0000] {crypto.py:82} WARNING - empty cryptography key - values will not be stored encrypted.
[2025-11-01T20:23:44.556+0000] {base.py:83} INFO - Using connection ID 'clickhouse_default' for task execution.
[2025-11-01T20:23:44.566+0000] {python.py:201} INFO - Done. Returned value was: None
[2025-11-01T20:23:44.579+0000] {taskinstance.py:1138} INFO - Marking task as SUCCESS. dag_id=silver_transformation_pipeline, task_id=ensure_bronze_prereqs, execution_date=20251026T000000, start_date=20251101T202344, end_date=20251101T202344
[2025-11-01T20:23:44.598+0000] {local_task_job_runner.py:234} INFO - Task exited with return code 0
[2025-11-01T20:23:44.623+0000] {taskinstance.py:3280} INFO - 3 downstream tasks scheduled from follow-on schedule check
[2025-11-02T01:39:01.405+0000] {taskinstance.py:1956} INFO - Dependencies all met for dep_context=non-requeueable deps ti=<TaskInstance: silver_transformation_pipeline.ensure_bronze_prereqs scheduled__2025-10-26T00:00:00+00:00 [queued]>
[2025-11-02T01:39:01.415+0000] {taskinstance.py:1956} INFO - Dependencies all met for dep_context=requeueable deps ti=<TaskInstance: silver_transformation_pipeline.ensure_bronze_prereqs scheduled__2025-10-26T00:00:00+00:00 [queued]>
[2025-11-02T01:39:01.416+0000] {taskinstance.py:2170} INFO - Starting attempt 1 of 2
[2025-11-02T01:39:01.433+0000] {taskinstance.py:2191} INFO - Executing <Task(PythonOperator): ensure_bronze_prereqs> on 2025-10-26 00:00:00+00:00
[2025-11-02T01:39:01.438+0000] {standard_task_runner.py:60} INFO - Started process 3290 to run task
[2025-11-02T01:39:01.442+0000] {standard_task_runner.py:87} INFO - Running: ['***', 'tasks', 'run', 'silver_transformation_pipeline', 'ensure_bronze_prereqs', 'scheduled__2025-10-26T00:00:00+00:00', '--job-id', '230', '--raw', '--subdir', 'DAGS_FOLDER/silver_dag.py', '--cfg-path', '/tmp/tmpy74v466n']
[2025-11-02T01:39:01.445+0000] {standard_task_runner.py:88} INFO - Job 230: Subtask ensure_bronze_prereqs
[2025-11-02T01:39:01.521+0000] {task_command.py:423} INFO - Running <TaskInstance: silver_transformation_pipeline.ensure_bronze_prereqs scheduled__2025-10-26T00:00:00+00:00 [running]> on host 3b0074fa0b5e
[2025-11-02T01:39:01.620+0000] {taskinstance.py:2480} INFO - Exporting env vars: AIRFLOW_CTX_DAG_OWNER='***' AIRFLOW_CTX_DAG_ID='silver_transformation_pipeline' AIRFLOW_CTX_TASK_ID='ensure_bronze_prereqs' AIRFLOW_CTX_EXECUTION_DATE='2025-10-26T00:00:00+00:00' AIRFLOW_CTX_TRY_NUMBER='1' AIRFLOW_CTX_DAG_RUN_ID='scheduled__2025-10-26T00:00:00+00:00'
[2025-11-02T01:39:01.623+0000] {crypto.py:82} WARNING - empty cryptography key - values will not be stored encrypted.
[2025-11-02T01:39:01.625+0000] {base.py:83} INFO - Using connection ID 'clickhouse_default' for task execution.
[2025-11-02T01:39:01.634+0000] {python.py:201} INFO - Done. Returned value was: None
[2025-11-02T01:39:01.645+0000] {taskinstance.py:1138} INFO - Marking task as SUCCESS. dag_id=silver_transformation_pipeline, task_id=ensure_bronze_prereqs, execution_date=20251026T000000, start_date=20251102T013901, end_date=20251102T013901
[2025-11-02T01:39:01.697+0000] {local_task_job_runner.py:234} INFO - Task exited with return code 0
[2025-11-02T01:39:01.721+0000] {taskinstance.py:3280} INFO - 3 downstream tasks scheduled from follow-on schedule check
[2025-11-02T11:34:48.808+0000] {taskinstance.py:1956} INFO - Dependencies all met for dep_context=non-requeueable deps ti=<TaskInstance: silver_transformation_pipeline.ensure_bronze_prereqs scheduled__2025-10-26T00:00:00+00:00 [queued]>
[2025-11-02T11:34:48.822+0000] {taskinstance.py:1956} INFO - Dependencies all met for dep_context=requeueable deps ti=<TaskInstance: silver_transformation_pipeline.ensure_bronze_prereqs scheduled__2025-10-26T00:00:00+00:00 [queued]>
[2025-11-02T11:34:48.823+0000] {taskinstance.py:2170} INFO - Starting attempt 1 of 2
[2025-11-02T11:34:48.847+0000] {taskinstance.py:2191} INFO - Executing <Task(PythonOperator): ensure_bronze_prereqs> on 2025-10-26 00:00:00+00:00
[2025-11-02T11:34:48.853+0000] {standard_task_runner.py:60} INFO - Started process 3486 to run task
[2025-11-02T11:34:48.858+0000] {standard_task_runner.py:87} INFO - Running: ['***', 'tasks', 'run', 'silver_transformation_pipeline', 'ensure_bronze_prereqs', 'scheduled__2025-10-26T00:00:00+00:00', '--job-id', '242', '--raw', '--subdir', 'DAGS_FOLDER/silver_dag.py', '--cfg-path', '/tmp/tmpib6duag3']
[2025-11-02T11:34:48.862+0000] {standard_task_runner.py:88} INFO - Job 242: Subtask ensure_bronze_prereqs
[2025-11-02T11:34:48.956+0000] {task_command.py:423} INFO - Running <TaskInstance: silver_transformation_pipeline.ensure_bronze_prereqs scheduled__2025-10-26T00:00:00+00:00 [running]> on host 0d39d4365eb9
[2025-11-02T11:34:49.095+0000] {taskinstance.py:2480} INFO - Exporting env vars: AIRFLOW_CTX_DAG_OWNER='***' AIRFLOW_CTX_DAG_ID='silver_transformation_pipeline' AIRFLOW_CTX_TASK_ID='ensure_bronze_prereqs' AIRFLOW_CTX_EXECUTION_DATE='2025-10-26T00:00:00+00:00' AIRFLOW_CTX_TRY_NUMBER='1' AIRFLOW_CTX_DAG_RUN_ID='scheduled__2025-10-26T00:00:00+00:00'
[2025-11-02T11:34:49.099+0000] {crypto.py:82} WARNING - empty cryptography key - values will not be stored encrypted.
[2025-11-02T11:34:49.100+0000] {base.py:83} INFO - Using connection ID 'clickhouse_default' for task execution.
[2025-11-02T11:34:49.116+0000] {python.py:201} INFO - Done. Returned value was: None
[2025-11-02T11:34:49.141+0000] {taskinstance.py:1138} INFO - Marking task as SUCCESS. dag_id=silver_transformation_pipeline, task_id=ensure_bronze_prereqs, execution_date=20251026T000000, start_date=20251102T113448, end_date=20251102T113449
[2025-11-02T11:34:49.192+0000] {local_task_job_runner.py:234} INFO - Task exited with return code 0
[2025-11-02T11:34:49.226+0000] {taskinstance.py:3280} INFO - 3 downstream tasks scheduled from follow-on schedule check
