[2025-11-01T20:13:49.946+0000] {taskinstance.py:1956} INFO - Dependencies all met for dep_context=non-requeueable deps ti=<TaskInstance: silver_transformation_pipeline.dbt_run_merchants scheduled__2025-10-07T00:00:00+00:00 [queued]>
[2025-11-01T20:13:49.960+0000] {taskinstance.py:1956} INFO - Dependencies all met for dep_context=requeueable deps ti=<TaskInstance: silver_transformation_pipeline.dbt_run_merchants scheduled__2025-10-07T00:00:00+00:00 [queued]>
[2025-11-01T20:13:49.961+0000] {taskinstance.py:2170} INFO - Starting attempt 1 of 2
[2025-11-01T20:13:49.985+0000] {taskinstance.py:2191} INFO - Executing <Task(PythonOperator): dbt_run_merchants> on 2025-10-07 00:00:00+00:00
[2025-11-01T20:13:49.991+0000] {standard_task_runner.py:60} INFO - Started process 1576 to run task
[2025-11-01T20:13:49.996+0000] {standard_task_runner.py:87} INFO - Running: ['***', 'tasks', 'run', 'silver_transformation_pipeline', 'dbt_run_merchants', 'scheduled__2025-10-07T00:00:00+00:00', '--job-id', '158', '--raw', '--subdir', 'DAGS_FOLDER/silver_dag.py', '--cfg-path', '/tmp/tmpf_d9o8dk']
[2025-11-01T20:13:49.998+0000] {standard_task_runner.py:88} INFO - Job 158: Subtask dbt_run_merchants
[2025-11-01T20:13:50.084+0000] {task_command.py:423} INFO - Running <TaskInstance: silver_transformation_pipeline.dbt_run_merchants scheduled__2025-10-07T00:00:00+00:00 [running]> on host 1a955fda0cfd
[2025-11-01T20:13:50.194+0000] {taskinstance.py:2480} INFO - Exporting env vars: AIRFLOW_CTX_DAG_OWNER='***' AIRFLOW_CTX_DAG_ID='silver_transformation_pipeline' AIRFLOW_CTX_TASK_ID='dbt_run_merchants' AIRFLOW_CTX_EXECUTION_DATE='2025-10-07T00:00:00+00:00' AIRFLOW_CTX_TRY_NUMBER='1' AIRFLOW_CTX_DAG_RUN_ID='scheduled__2025-10-07T00:00:00+00:00'
[2025-11-01T20:13:56.967+0000] {python.py:201} INFO - Done. Returned value was: None
[2025-11-01T20:13:56.985+0000] {taskinstance.py:1138} INFO - Marking task as SUCCESS. dag_id=silver_transformation_pipeline, task_id=dbt_run_merchants, execution_date=20251007T000000, start_date=20251101T201349, end_date=20251101T201356
[2025-11-01T20:13:57.064+0000] {local_task_job_runner.py:234} INFO - Task exited with return code 0
[2025-11-01T20:13:57.087+0000] {taskinstance.py:3280} INFO - 0 downstream tasks scheduled from follow-on schedule check
[2025-11-01T20:20:33.019+0000] {taskinstance.py:1956} INFO - Dependencies all met for dep_context=non-requeueable deps ti=<TaskInstance: silver_transformation_pipeline.dbt_run_merchants scheduled__2025-10-07T00:00:00+00:00 [queued]>
[2025-11-01T20:20:33.030+0000] {taskinstance.py:1956} INFO - Dependencies all met for dep_context=requeueable deps ti=<TaskInstance: silver_transformation_pipeline.dbt_run_merchants scheduled__2025-10-07T00:00:00+00:00 [queued]>
[2025-11-01T20:20:33.031+0000] {taskinstance.py:2170} INFO - Starting attempt 1 of 2
[2025-11-01T20:20:33.045+0000] {taskinstance.py:2191} INFO - Executing <Task(PythonOperator): dbt_run_merchants> on 2025-10-07 00:00:00+00:00
[2025-11-01T20:20:33.053+0000] {standard_task_runner.py:60} INFO - Started process 1234 to run task
[2025-11-01T20:20:33.056+0000] {standard_task_runner.py:87} INFO - Running: ['***', 'tasks', 'run', 'silver_transformation_pipeline', 'dbt_run_merchants', 'scheduled__2025-10-07T00:00:00+00:00', '--job-id', '151', '--raw', '--subdir', 'DAGS_FOLDER/silver_dag.py', '--cfg-path', '/tmp/tmpcfb80o4j']
[2025-11-01T20:20:33.058+0000] {standard_task_runner.py:88} INFO - Job 151: Subtask dbt_run_merchants
[2025-11-01T20:20:33.152+0000] {task_command.py:423} INFO - Running <TaskInstance: silver_transformation_pipeline.dbt_run_merchants scheduled__2025-10-07T00:00:00+00:00 [running]> on host 6335aa85b335
[2025-11-01T20:20:33.274+0000] {taskinstance.py:2480} INFO - Exporting env vars: AIRFLOW_CTX_DAG_OWNER='***' AIRFLOW_CTX_DAG_ID='silver_transformation_pipeline' AIRFLOW_CTX_TASK_ID='dbt_run_merchants' AIRFLOW_CTX_EXECUTION_DATE='2025-10-07T00:00:00+00:00' AIRFLOW_CTX_TRY_NUMBER='1' AIRFLOW_CTX_DAG_RUN_ID='scheduled__2025-10-07T00:00:00+00:00'
[2025-11-01T20:20:39.393+0000] {python.py:201} INFO - Done. Returned value was: None
[2025-11-01T20:20:39.411+0000] {taskinstance.py:1138} INFO - Marking task as SUCCESS. dag_id=silver_transformation_pipeline, task_id=dbt_run_merchants, execution_date=20251007T000000, start_date=20251101T202033, end_date=20251101T202039
[2025-11-01T20:20:39.452+0000] {local_task_job_runner.py:234} INFO - Task exited with return code 0
[2025-11-01T20:20:39.473+0000] {taskinstance.py:3280} INFO - 0 downstream tasks scheduled from follow-on schedule check
[2025-11-02T01:35:44.705+0000] {taskinstance.py:1956} INFO - Dependencies all met for dep_context=non-requeueable deps ti=<TaskInstance: silver_transformation_pipeline.dbt_run_merchants scheduled__2025-10-07T00:00:00+00:00 [queued]>
[2025-11-02T01:35:44.716+0000] {taskinstance.py:1956} INFO - Dependencies all met for dep_context=requeueable deps ti=<TaskInstance: silver_transformation_pipeline.dbt_run_merchants scheduled__2025-10-07T00:00:00+00:00 [queued]>
[2025-11-02T01:35:44.717+0000] {taskinstance.py:2170} INFO - Starting attempt 1 of 2
[2025-11-02T01:35:44.734+0000] {taskinstance.py:2191} INFO - Executing <Task(PythonOperator): dbt_run_merchants> on 2025-10-07 00:00:00+00:00
[2025-11-02T01:35:44.739+0000] {standard_task_runner.py:60} INFO - Started process 1819 to run task
[2025-11-02T01:35:44.743+0000] {standard_task_runner.py:87} INFO - Running: ['***', 'tasks', 'run', 'silver_transformation_pipeline', 'dbt_run_merchants', 'scheduled__2025-10-07T00:00:00+00:00', '--job-id', '155', '--raw', '--subdir', 'DAGS_FOLDER/silver_dag.py', '--cfg-path', '/tmp/tmp16agk136']
[2025-11-02T01:35:44.746+0000] {standard_task_runner.py:88} INFO - Job 155: Subtask dbt_run_merchants
[2025-11-02T01:35:44.827+0000] {task_command.py:423} INFO - Running <TaskInstance: silver_transformation_pipeline.dbt_run_merchants scheduled__2025-10-07T00:00:00+00:00 [running]> on host 3b0074fa0b5e
[2025-11-02T01:35:44.934+0000] {taskinstance.py:2480} INFO - Exporting env vars: AIRFLOW_CTX_DAG_OWNER='***' AIRFLOW_CTX_DAG_ID='silver_transformation_pipeline' AIRFLOW_CTX_TASK_ID='dbt_run_merchants' AIRFLOW_CTX_EXECUTION_DATE='2025-10-07T00:00:00+00:00' AIRFLOW_CTX_TRY_NUMBER='1' AIRFLOW_CTX_DAG_RUN_ID='scheduled__2025-10-07T00:00:00+00:00'
[2025-11-02T01:35:51.899+0000] {python.py:201} INFO - Done. Returned value was: None
[2025-11-02T01:35:51.919+0000] {taskinstance.py:1138} INFO - Marking task as SUCCESS. dag_id=silver_transformation_pipeline, task_id=dbt_run_merchants, execution_date=20251007T000000, start_date=20251102T013544, end_date=20251102T013551
[2025-11-02T01:35:51.981+0000] {local_task_job_runner.py:234} INFO - Task exited with return code 0
[2025-11-02T01:35:52.007+0000] {taskinstance.py:3280} INFO - 0 downstream tasks scheduled from follow-on schedule check
[2025-11-02T11:30:45.873+0000] {taskinstance.py:1956} INFO - Dependencies all met for dep_context=non-requeueable deps ti=<TaskInstance: silver_transformation_pipeline.dbt_run_merchants scheduled__2025-10-07T00:00:00+00:00 [queued]>
[2025-11-02T11:30:45.887+0000] {taskinstance.py:1956} INFO - Dependencies all met for dep_context=requeueable deps ti=<TaskInstance: silver_transformation_pipeline.dbt_run_merchants scheduled__2025-10-07T00:00:00+00:00 [queued]>
[2025-11-02T11:30:45.888+0000] {taskinstance.py:2170} INFO - Starting attempt 1 of 2
[2025-11-02T11:30:45.906+0000] {taskinstance.py:2191} INFO - Executing <Task(PythonOperator): dbt_run_merchants> on 2025-10-07 00:00:00+00:00
[2025-11-02T11:30:45.915+0000] {standard_task_runner.py:60} INFO - Started process 1854 to run task
[2025-11-02T11:30:45.921+0000] {standard_task_runner.py:87} INFO - Running: ['***', 'tasks', 'run', 'silver_transformation_pipeline', 'dbt_run_merchants', 'scheduled__2025-10-07T00:00:00+00:00', '--job-id', '163', '--raw', '--subdir', 'DAGS_FOLDER/silver_dag.py', '--cfg-path', '/tmp/tmpcidw9i4s']
[2025-11-02T11:30:45.924+0000] {standard_task_runner.py:88} INFO - Job 163: Subtask dbt_run_merchants
[2025-11-02T11:30:46.043+0000] {task_command.py:423} INFO - Running <TaskInstance: silver_transformation_pipeline.dbt_run_merchants scheduled__2025-10-07T00:00:00+00:00 [running]> on host 0d39d4365eb9
[2025-11-02T11:30:46.211+0000] {taskinstance.py:2480} INFO - Exporting env vars: AIRFLOW_CTX_DAG_OWNER='***' AIRFLOW_CTX_DAG_ID='silver_transformation_pipeline' AIRFLOW_CTX_TASK_ID='dbt_run_merchants' AIRFLOW_CTX_EXECUTION_DATE='2025-10-07T00:00:00+00:00' AIRFLOW_CTX_TRY_NUMBER='1' AIRFLOW_CTX_DAG_RUN_ID='scheduled__2025-10-07T00:00:00+00:00'
[2025-11-02T11:30:55.305+0000] {python.py:201} INFO - Done. Returned value was: None
[2025-11-02T11:30:55.323+0000] {taskinstance.py:1138} INFO - Marking task as SUCCESS. dag_id=silver_transformation_pipeline, task_id=dbt_run_merchants, execution_date=20251007T000000, start_date=20251102T113045, end_date=20251102T113055
[2025-11-02T11:30:55.378+0000] {local_task_job_runner.py:234} INFO - Task exited with return code 0
[2025-11-02T11:30:55.401+0000] {taskinstance.py:3280} INFO - 0 downstream tasks scheduled from follow-on schedule check
