[2025-11-02T00:28:51.371+0000] {taskinstance.py:1956} INFO - Dependencies all met for dep_context=non-requeueable deps ti=<TaskInstance: gold_dimensions_pipeline.dbt_dim_date scheduled__2025-10-19T00:00:00+00:00 [queued]>
[2025-11-02T00:28:51.387+0000] {taskinstance.py:1956} INFO - Dependencies all met for dep_context=requeueable deps ti=<TaskInstance: gold_dimensions_pipeline.dbt_dim_date scheduled__2025-10-19T00:00:00+00:00 [queued]>
[2025-11-02T00:28:51.388+0000] {taskinstance.py:2170} INFO - Starting attempt 1 of 2
[2025-11-02T00:28:51.410+0000] {taskinstance.py:2191} INFO - Executing <Task(PythonOperator): dbt_dim_date> on 2025-10-19 00:00:00+00:00
[2025-11-02T00:28:51.422+0000] {standard_task_runner.py:60} INFO - Started process 15904 to run task
[2025-11-02T00:28:51.430+0000] {standard_task_runner.py:87} INFO - Running: ['***', 'tasks', 'run', 'gold_dimensions_pipeline', 'dbt_dim_date', 'scheduled__2025-10-19T00:00:00+00:00', '--job-id', '376', '--raw', '--subdir', 'DAGS_FOLDER/gold_dag.py', '--cfg-path', '/tmp/tmp9tdqri0c']
[2025-11-02T00:28:51.434+0000] {standard_task_runner.py:88} INFO - Job 376: Subtask dbt_dim_date
[2025-11-02T00:28:51.561+0000] {task_command.py:423} INFO - Running <TaskInstance: gold_dimensions_pipeline.dbt_dim_date scheduled__2025-10-19T00:00:00+00:00 [running]> on host 6335aa85b335
[2025-11-02T00:28:51.726+0000] {taskinstance.py:2480} INFO - Exporting env vars: AIRFLOW_CTX_DAG_OWNER='***' AIRFLOW_CTX_DAG_ID='gold_dimensions_pipeline' AIRFLOW_CTX_TASK_ID='dbt_dim_date' AIRFLOW_CTX_EXECUTION_DATE='2025-10-19T00:00:00+00:00' AIRFLOW_CTX_TRY_NUMBER='1' AIRFLOW_CTX_DAG_RUN_ID='scheduled__2025-10-19T00:00:00+00:00'
[2025-11-02T00:29:01.986+0000] {python.py:201} INFO - Done. Returned value was: None
[2025-11-02T00:29:02.008+0000] {taskinstance.py:1138} INFO - Marking task as SUCCESS. dag_id=gold_dimensions_pipeline, task_id=dbt_dim_date, execution_date=20251019T000000, start_date=20251102T002851, end_date=20251102T002902
[2025-11-02T00:29:02.043+0000] {local_task_job_runner.py:234} INFO - Task exited with return code 0
[2025-11-02T00:29:02.066+0000] {taskinstance.py:3280} INFO - 0 downstream tasks scheduled from follow-on schedule check
[2025-11-02T11:44:58.922+0000] {taskinstance.py:1956} INFO - Dependencies all met for dep_context=non-requeueable deps ti=<TaskInstance: gold_dimensions_pipeline.dbt_dim_date scheduled__2025-10-19T00:00:00+00:00 [queued]>
[2025-11-02T11:44:58.933+0000] {taskinstance.py:1956} INFO - Dependencies all met for dep_context=requeueable deps ti=<TaskInstance: gold_dimensions_pipeline.dbt_dim_date scheduled__2025-10-19T00:00:00+00:00 [queued]>
[2025-11-02T11:44:58.934+0000] {taskinstance.py:2170} INFO - Starting attempt 1 of 3
[2025-11-02T11:44:58.955+0000] {taskinstance.py:2191} INFO - Executing <Task(PythonOperator): dbt_dim_date> on 2025-10-19 00:00:00+00:00
[2025-11-02T11:44:58.961+0000] {standard_task_runner.py:60} INFO - Started process 5709 to run task
[2025-11-02T11:44:58.967+0000] {standard_task_runner.py:87} INFO - Running: ['***', 'tasks', 'run', 'gold_dimensions_pipeline', 'dbt_dim_date', 'scheduled__2025-10-19T00:00:00+00:00', '--job-id', '344', '--raw', '--subdir', 'DAGS_FOLDER/gold_dag.py', '--cfg-path', '/tmp/tmp45huf6sd']
[2025-11-02T11:44:58.972+0000] {standard_task_runner.py:88} INFO - Job 344: Subtask dbt_dim_date
[2025-11-02T11:44:59.074+0000] {task_command.py:423} INFO - Running <TaskInstance: gold_dimensions_pipeline.dbt_dim_date scheduled__2025-10-19T00:00:00+00:00 [running]> on host 0d39d4365eb9
[2025-11-02T11:44:59.188+0000] {taskinstance.py:2480} INFO - Exporting env vars: AIRFLOW_CTX_DAG_OWNER='***' AIRFLOW_CTX_DAG_ID='gold_dimensions_pipeline' AIRFLOW_CTX_TASK_ID='dbt_dim_date' AIRFLOW_CTX_EXECUTION_DATE='2025-10-19T00:00:00+00:00' AIRFLOW_CTX_TRY_NUMBER='1' AIRFLOW_CTX_DAG_RUN_ID='scheduled__2025-10-19T00:00:00+00:00'
[2025-11-02T11:45:03.599+0000] {logging_mixin.py:188} INFO - ==== DBT STDOUT ====
[2025-11-02T11:45:03.600+0000] {logging_mixin.py:188} INFO - 11:45:01  Running with dbt=1.5.9
11:45:01  Registered adapter: clickhouse=1.5.2
11:45:02  [WARNING]: Configuration paths exist in your dbt_project.yml file which do not apply to any resources.
There are 2 unused configuration paths:
- models.ck_project.gold.fact
- models.ck_project.bronze
11:45:02  Found 7 models, 17 tests, 0 snapshots, 0 analyses, 349 macros, 0 operations, 0 seed files, 6 sources, 0 exposures, 0 metrics, 0 groups
11:45:02  
11:45:02  Concurrency: 4 threads (target='dev')
11:45:02  
11:45:02  1 of 1 START sql table model gold.dim_date ..................................... [RUN]
11:45:02  1 of 1 OK created sql table model gold.dim_date ................................ [OK in 0.24s]
11:45:02  
11:45:02  Finished running 1 table model in 0 hours 0 minutes and 0.57 seconds (0.57s).
11:45:02  
11:45:02  Completed successfully
11:45:02  
11:45:02  Done. PASS=1 WARN=0 ERROR=0 SKIP=0 TOTAL=1
[2025-11-02T11:45:03.601+0000] {logging_mixin.py:188} INFO - ==== DBT STDERR ====
[2025-11-02T11:45:03.601+0000] {python.py:201} INFO - Done. Returned value was: None
[2025-11-02T11:45:03.616+0000] {taskinstance.py:1138} INFO - Marking task as SUCCESS. dag_id=gold_dimensions_pipeline, task_id=dbt_dim_date, execution_date=20251019T000000, start_date=20251102T114458, end_date=20251102T114503
[2025-11-02T11:45:03.686+0000] {local_task_job_runner.py:234} INFO - Task exited with return code 0
[2025-11-02T11:45:03.715+0000] {taskinstance.py:3280} INFO - 0 downstream tasks scheduled from follow-on schedule check
