[2025-11-01T20:07:19.014+0000] {taskinstance.py:1956} INFO - Dependencies all met for dep_context=non-requeueable deps ti=<TaskInstance: ingestion_pipeline.load_link_transactions_bronze_from_mongo scheduled__2025-10-28T00:00:00+00:00 [queued]>
[2025-11-01T20:07:19.057+0000] {taskinstance.py:1956} INFO - Dependencies all met for dep_context=requeueable deps ti=<TaskInstance: ingestion_pipeline.load_link_transactions_bronze_from_mongo scheduled__2025-10-28T00:00:00+00:00 [queued]>
[2025-11-01T20:07:19.063+0000] {taskinstance.py:2170} INFO - Starting attempt 1 of 2
[2025-11-01T20:07:19.323+0000] {taskinstance.py:2191} INFO - Executing <Task(PythonOperator): load_link_transactions_bronze_from_mongo> on 2025-10-28 00:00:00+00:00
[2025-11-01T20:07:19.363+0000] {standard_task_runner.py:60} INFO - Started process 842 to run task
[2025-11-01T20:07:19.391+0000] {standard_task_runner.py:87} INFO - Running: ['***', 'tasks', 'run', 'ingestion_pipeline', 'load_link_transactions_bronze_from_mongo', 'scheduled__2025-10-28T00:00:00+00:00', '--job-id', '115', '--raw', '--subdir', 'DAGS_FOLDER/ingestion_dag.py', '--cfg-path', '/tmp/tmp7tbaq9ml']
[2025-11-01T20:07:19.428+0000] {standard_task_runner.py:88} INFO - Job 115: Subtask load_link_transactions_bronze_from_mongo
[2025-11-01T20:07:19.760+0000] {task_command.py:423} INFO - Running <TaskInstance: ingestion_pipeline.load_link_transactions_bronze_from_mongo scheduled__2025-10-28T00:00:00+00:00 [running]> on host 1a955fda0cfd
[2025-11-01T20:07:20.370+0000] {taskinstance.py:2480} INFO - Exporting env vars: AIRFLOW_CTX_DAG_OWNER='***' AIRFLOW_CTX_DAG_ID='ingestion_pipeline' AIRFLOW_CTX_TASK_ID='load_link_transactions_bronze_from_mongo' AIRFLOW_CTX_EXECUTION_DATE='2025-10-28T00:00:00+00:00' AIRFLOW_CTX_TRY_NUMBER='1' AIRFLOW_CTX_DAG_RUN_ID='scheduled__2025-10-28T00:00:00+00:00'
[2025-11-01T20:07:23.424+0000] {crypto.py:82} WARNING - empty cryptography key - values will not be stored encrypted.
[2025-11-01T20:07:23.427+0000] {base.py:83} INFO - Using connection ID 'mongo_default' for task execution.
[2025-11-01T20:07:23.480+0000] {base.py:83} INFO - Using connection ID 'clickhouse_default' for task execution.
[2025-11-01T20:07:23.492+0000] {mongo_to_clickhouse.py:241} INFO - [mongo->ch] Mongo query: {'_snapshot_date': {'$gte': datetime.datetime(2025, 10, 28, 0, 0), '$lte': datetime.datetime(2025, 10, 28, 23, 59, 59, 999000)}}
[2025-11-01T20:07:23.498+0000] {mongo_to_clickhouse.py:172} INFO - [mongo->ch] Dropped partition for _snapshot_date=2025-10-28.
[2025-11-01T20:07:23.540+0000] {mongo_to_clickhouse.py:275} INFO - [mongo->ch] Inserted 0 rows into bronze.link_transactions.
[2025-11-01T20:07:23.540+0000] {mongo_to_clickhouse.py:277} INFO - [mongo->ch] No matching docs found for given filter.
[2025-11-01T20:07:23.543+0000] {python.py:201} INFO - Done. Returned value was: None
[2025-11-01T20:07:23.585+0000] {taskinstance.py:1138} INFO - Marking task as SUCCESS. dag_id=ingestion_pipeline, task_id=load_link_transactions_bronze_from_mongo, execution_date=20251028T000000, start_date=20251101T200719, end_date=20251101T200723
[2025-11-01T20:07:23.782+0000] {local_task_job_runner.py:234} INFO - Task exited with return code 0
[2025-11-01T20:07:23.879+0000] {taskinstance.py:3280} INFO - 0 downstream tasks scheduled from follow-on schedule check
[2025-11-01T20:18:39.169+0000] {taskinstance.py:1956} INFO - Dependencies all met for dep_context=non-requeueable deps ti=<TaskInstance: ingestion_pipeline.load_link_transactions_bronze_from_mongo scheduled__2025-10-28T00:00:00+00:00 [queued]>
[2025-11-01T20:18:39.221+0000] {taskinstance.py:1956} INFO - Dependencies all met for dep_context=requeueable deps ti=<TaskInstance: ingestion_pipeline.load_link_transactions_bronze_from_mongo scheduled__2025-10-28T00:00:00+00:00 [queued]>
[2025-11-01T20:18:39.225+0000] {taskinstance.py:2170} INFO - Starting attempt 1 of 2
[2025-11-01T20:18:39.347+0000] {taskinstance.py:2191} INFO - Executing <Task(PythonOperator): load_link_transactions_bronze_from_mongo> on 2025-10-28 00:00:00+00:00
[2025-11-01T20:18:39.396+0000] {standard_task_runner.py:60} INFO - Started process 781 to run task
[2025-11-01T20:18:39.428+0000] {standard_task_runner.py:87} INFO - Running: ['***', 'tasks', 'run', 'ingestion_pipeline', 'load_link_transactions_bronze_from_mongo', 'scheduled__2025-10-28T00:00:00+00:00', '--job-id', '110', '--raw', '--subdir', 'DAGS_FOLDER/ingestion_dag.py', '--cfg-path', '/tmp/tmpkhwfhuzc']
[2025-11-01T20:18:39.447+0000] {standard_task_runner.py:88} INFO - Job 110: Subtask load_link_transactions_bronze_from_mongo
[2025-11-01T20:18:39.943+0000] {task_command.py:423} INFO - Running <TaskInstance: ingestion_pipeline.load_link_transactions_bronze_from_mongo scheduled__2025-10-28T00:00:00+00:00 [running]> on host 6335aa85b335
[2025-11-01T20:18:40.641+0000] {taskinstance.py:2480} INFO - Exporting env vars: AIRFLOW_CTX_DAG_OWNER='***' AIRFLOW_CTX_DAG_ID='ingestion_pipeline' AIRFLOW_CTX_TASK_ID='load_link_transactions_bronze_from_mongo' AIRFLOW_CTX_EXECUTION_DATE='2025-10-28T00:00:00+00:00' AIRFLOW_CTX_TRY_NUMBER='1' AIRFLOW_CTX_DAG_RUN_ID='scheduled__2025-10-28T00:00:00+00:00'
[2025-11-01T20:18:44.615+0000] {crypto.py:82} WARNING - empty cryptography key - values will not be stored encrypted.
[2025-11-01T20:18:44.623+0000] {base.py:83} INFO - Using connection ID 'mongo_default' for task execution.
[2025-11-01T20:18:44.727+0000] {base.py:83} INFO - Using connection ID 'clickhouse_default' for task execution.
[2025-11-01T20:18:44.754+0000] {mongo_to_clickhouse.py:241} INFO - [mongo->ch] Mongo query: {'_snapshot_date': {'$gte': datetime.datetime(2025, 10, 28, 0, 0), '$lte': datetime.datetime(2025, 10, 28, 23, 59, 59, 999000)}}
[2025-11-01T20:18:44.763+0000] {mongo_to_clickhouse.py:172} INFO - [mongo->ch] Dropped partition for _snapshot_date=2025-10-28.
[2025-11-01T20:18:44.884+0000] {mongo_to_clickhouse.py:275} INFO - [mongo->ch] Inserted 0 rows into bronze.link_transactions.
[2025-11-01T20:18:44.886+0000] {mongo_to_clickhouse.py:277} INFO - [mongo->ch] No matching docs found for given filter.
[2025-11-01T20:18:44.894+0000] {python.py:201} INFO - Done. Returned value was: None
[2025-11-01T20:18:44.960+0000] {taskinstance.py:1138} INFO - Marking task as SUCCESS. dag_id=ingestion_pipeline, task_id=load_link_transactions_bronze_from_mongo, execution_date=20251028T000000, start_date=20251101T201839, end_date=20251101T201844
[2025-11-01T20:18:45.157+0000] {local_task_job_runner.py:234} INFO - Task exited with return code 0
[2025-11-01T20:18:45.220+0000] {taskinstance.py:3280} INFO - 0 downstream tasks scheduled from follow-on schedule check
[2025-11-02T01:30:09.822+0000] {taskinstance.py:1956} INFO - Dependencies all met for dep_context=non-requeueable deps ti=<TaskInstance: ingestion_pipeline.load_link_transactions_bronze_from_mongo scheduled__2025-10-28T00:00:00+00:00 [queued]>
[2025-11-02T01:30:09.930+0000] {taskinstance.py:1956} INFO - Dependencies all met for dep_context=requeueable deps ti=<TaskInstance: ingestion_pipeline.load_link_transactions_bronze_from_mongo scheduled__2025-10-28T00:00:00+00:00 [queued]>
[2025-11-02T01:30:09.975+0000] {taskinstance.py:2170} INFO - Starting attempt 1 of 2
[2025-11-02T01:30:10.127+0000] {taskinstance.py:2191} INFO - Executing <Task(PythonOperator): load_link_transactions_bronze_from_mongo> on 2025-10-28 00:00:00+00:00
[2025-11-02T01:30:10.193+0000] {standard_task_runner.py:60} INFO - Started process 1001 to run task
[2025-11-02T01:30:10.218+0000] {standard_task_runner.py:87} INFO - Running: ['***', 'tasks', 'run', 'ingestion_pipeline', 'load_link_transactions_bronze_from_mongo', 'scheduled__2025-10-28T00:00:00+00:00', '--job-id', '123', '--raw', '--subdir', 'DAGS_FOLDER/ingestion_dag.py', '--cfg-path', '/tmp/tmpgygqhb7e']
[2025-11-02T01:30:10.267+0000] {standard_task_runner.py:88} INFO - Job 123: Subtask load_link_transactions_bronze_from_mongo
[2025-11-02T01:30:10.902+0000] {task_command.py:423} INFO - Running <TaskInstance: ingestion_pipeline.load_link_transactions_bronze_from_mongo scheduled__2025-10-28T00:00:00+00:00 [running]> on host 3b0074fa0b5e
[2025-11-02T01:30:11.986+0000] {taskinstance.py:2480} INFO - Exporting env vars: AIRFLOW_CTX_DAG_OWNER='***' AIRFLOW_CTX_DAG_ID='ingestion_pipeline' AIRFLOW_CTX_TASK_ID='load_link_transactions_bronze_from_mongo' AIRFLOW_CTX_EXECUTION_DATE='2025-10-28T00:00:00+00:00' AIRFLOW_CTX_TRY_NUMBER='1' AIRFLOW_CTX_DAG_RUN_ID='scheduled__2025-10-28T00:00:00+00:00'
[2025-11-02T01:30:16.592+0000] {crypto.py:82} WARNING - empty cryptography key - values will not be stored encrypted.
[2025-11-02T01:30:16.599+0000] {base.py:83} INFO - Using connection ID 'mongo_default' for task execution.
[2025-11-02T01:30:16.665+0000] {base.py:83} INFO - Using connection ID 'clickhouse_default' for task execution.
[2025-11-02T01:30:16.677+0000] {mongo_to_clickhouse.py:241} INFO - [mongo->ch] Mongo query: {'_snapshot_date': {'$gte': datetime.datetime(2025, 10, 28, 0, 0), '$lte': datetime.datetime(2025, 10, 28, 23, 59, 59, 999000)}}
[2025-11-02T01:30:16.696+0000] {mongo_to_clickhouse.py:172} INFO - [mongo->ch] Dropped partition for _snapshot_date=2025-10-28.
[2025-11-02T01:30:16.842+0000] {mongo_to_clickhouse.py:275} INFO - [mongo->ch] Inserted 0 rows into bronze.link_transactions.
[2025-11-02T01:30:16.850+0000] {mongo_to_clickhouse.py:277} INFO - [mongo->ch] No matching docs found for given filter.
[2025-11-02T01:30:16.863+0000] {python.py:201} INFO - Done. Returned value was: None
[2025-11-02T01:30:16.917+0000] {taskinstance.py:1138} INFO - Marking task as SUCCESS. dag_id=ingestion_pipeline, task_id=load_link_transactions_bronze_from_mongo, execution_date=20251028T000000, start_date=20251102T013009, end_date=20251102T013016
[2025-11-02T01:30:17.011+0000] {local_task_job_runner.py:234} INFO - Task exited with return code 0
[2025-11-02T01:30:17.080+0000] {taskinstance.py:3280} INFO - 0 downstream tasks scheduled from follow-on schedule check
[2025-11-02T11:28:10.135+0000] {taskinstance.py:1956} INFO - Dependencies all met for dep_context=non-requeueable deps ti=<TaskInstance: ingestion_pipeline.load_link_transactions_bronze_from_mongo scheduled__2025-10-28T00:00:00+00:00 [queued]>
[2025-11-02T11:28:10.262+0000] {taskinstance.py:1956} INFO - Dependencies all met for dep_context=requeueable deps ti=<TaskInstance: ingestion_pipeline.load_link_transactions_bronze_from_mongo scheduled__2025-10-28T00:00:00+00:00 [queued]>
[2025-11-02T11:28:10.273+0000] {taskinstance.py:2170} INFO - Starting attempt 1 of 2
[2025-11-02T11:28:10.479+0000] {taskinstance.py:2191} INFO - Executing <Task(PythonOperator): load_link_transactions_bronze_from_mongo> on 2025-10-28 00:00:00+00:00
[2025-11-02T11:28:10.585+0000] {standard_task_runner.py:60} INFO - Started process 1134 to run task
[2025-11-02T11:28:10.674+0000] {standard_task_runner.py:87} INFO - Running: ['***', 'tasks', 'run', 'ingestion_pipeline', 'load_link_transactions_bronze_from_mongo', 'scheduled__2025-10-28T00:00:00+00:00', '--job-id', '126', '--raw', '--subdir', 'DAGS_FOLDER/ingestion_dag.py', '--cfg-path', '/tmp/tmp65o2zadl']
[2025-11-02T11:28:10.689+0000] {standard_task_runner.py:88} INFO - Job 126: Subtask load_link_transactions_bronze_from_mongo
[2025-11-02T11:28:11.385+0000] {task_command.py:423} INFO - Running <TaskInstance: ingestion_pipeline.load_link_transactions_bronze_from_mongo scheduled__2025-10-28T00:00:00+00:00 [running]> on host 0d39d4365eb9
[2025-11-02T11:28:12.208+0000] {taskinstance.py:2480} INFO - Exporting env vars: AIRFLOW_CTX_DAG_OWNER='***' AIRFLOW_CTX_DAG_ID='ingestion_pipeline' AIRFLOW_CTX_TASK_ID='load_link_transactions_bronze_from_mongo' AIRFLOW_CTX_EXECUTION_DATE='2025-10-28T00:00:00+00:00' AIRFLOW_CTX_TRY_NUMBER='1' AIRFLOW_CTX_DAG_RUN_ID='scheduled__2025-10-28T00:00:00+00:00'
[2025-11-02T11:28:16.631+0000] {crypto.py:82} WARNING - empty cryptography key - values will not be stored encrypted.
[2025-11-02T11:28:16.634+0000] {base.py:83} INFO - Using connection ID 'mongo_default' for task execution.
[2025-11-02T11:28:16.677+0000] {base.py:83} INFO - Using connection ID 'clickhouse_default' for task execution.
[2025-11-02T11:28:16.687+0000] {mongo_to_clickhouse.py:241} INFO - [mongo->ch] Mongo query: {'_snapshot_date': {'$gte': datetime.datetime(2025, 10, 28, 0, 0), '$lte': datetime.datetime(2025, 10, 28, 23, 59, 59, 999000)}}
[2025-11-02T11:28:16.693+0000] {mongo_to_clickhouse.py:172} INFO - [mongo->ch] Dropped partition for _snapshot_date=2025-10-28.
[2025-11-02T11:28:16.735+0000] {mongo_to_clickhouse.py:275} INFO - [mongo->ch] Inserted 0 rows into bronze.link_transactions.
[2025-11-02T11:28:16.737+0000] {mongo_to_clickhouse.py:277} INFO - [mongo->ch] No matching docs found for given filter.
[2025-11-02T11:28:16.741+0000] {python.py:201} INFO - Done. Returned value was: None
[2025-11-02T11:28:16.769+0000] {taskinstance.py:1138} INFO - Marking task as SUCCESS. dag_id=ingestion_pipeline, task_id=load_link_transactions_bronze_from_mongo, execution_date=20251028T000000, start_date=20251102T112810, end_date=20251102T112816
[2025-11-02T11:28:16.929+0000] {local_task_job_runner.py:234} INFO - Task exited with return code 0
[2025-11-02T11:28:16.971+0000] {taskinstance.py:3280} INFO - 0 downstream tasks scheduled from follow-on schedule check
