[2025-11-01T20:14:00.044+0000] {taskinstance.py:1956} INFO - Dependencies all met for dep_context=non-requeueable deps ti=<TaskInstance: silver_transformation_pipeline.dbt_run_merchants scheduled__2025-10-08T00:00:00+00:00 [queued]>
[2025-11-01T20:14:00.060+0000] {taskinstance.py:1956} INFO - Dependencies all met for dep_context=requeueable deps ti=<TaskInstance: silver_transformation_pipeline.dbt_run_merchants scheduled__2025-10-08T00:00:00+00:00 [queued]>
[2025-11-01T20:14:00.061+0000] {taskinstance.py:2170} INFO - Starting attempt 1 of 2
[2025-11-01T20:14:00.080+0000] {taskinstance.py:2191} INFO - Executing <Task(PythonOperator): dbt_run_merchants> on 2025-10-08 00:00:00+00:00
[2025-11-01T20:14:00.087+0000] {standard_task_runner.py:60} INFO - Started process 1649 to run task
[2025-11-01T20:14:00.093+0000] {standard_task_runner.py:87} INFO - Running: ['***', 'tasks', 'run', 'silver_transformation_pipeline', 'dbt_run_merchants', 'scheduled__2025-10-08T00:00:00+00:00', '--job-id', '162', '--raw', '--subdir', 'DAGS_FOLDER/silver_dag.py', '--cfg-path', '/tmp/tmp2xar8osv']
[2025-11-01T20:14:00.096+0000] {standard_task_runner.py:88} INFO - Job 162: Subtask dbt_run_merchants
[2025-11-01T20:14:00.195+0000] {task_command.py:423} INFO - Running <TaskInstance: silver_transformation_pipeline.dbt_run_merchants scheduled__2025-10-08T00:00:00+00:00 [running]> on host 1a955fda0cfd
[2025-11-01T20:14:00.337+0000] {taskinstance.py:2480} INFO - Exporting env vars: AIRFLOW_CTX_DAG_OWNER='***' AIRFLOW_CTX_DAG_ID='silver_transformation_pipeline' AIRFLOW_CTX_TASK_ID='dbt_run_merchants' AIRFLOW_CTX_EXECUTION_DATE='2025-10-08T00:00:00+00:00' AIRFLOW_CTX_TRY_NUMBER='1' AIRFLOW_CTX_DAG_RUN_ID='scheduled__2025-10-08T00:00:00+00:00'
[2025-11-01T20:14:07.445+0000] {python.py:201} INFO - Done. Returned value was: None
[2025-11-01T20:14:07.461+0000] {taskinstance.py:1138} INFO - Marking task as SUCCESS. dag_id=silver_transformation_pipeline, task_id=dbt_run_merchants, execution_date=20251008T000000, start_date=20251101T201400, end_date=20251101T201407
[2025-11-01T20:14:07.502+0000] {local_task_job_runner.py:234} INFO - Task exited with return code 0
[2025-11-01T20:14:07.524+0000] {taskinstance.py:3280} INFO - 0 downstream tasks scheduled from follow-on schedule check
[2025-11-01T20:20:42.464+0000] {taskinstance.py:1956} INFO - Dependencies all met for dep_context=non-requeueable deps ti=<TaskInstance: silver_transformation_pipeline.dbt_run_merchants scheduled__2025-10-08T00:00:00+00:00 [queued]>
[2025-11-01T20:20:42.475+0000] {taskinstance.py:1956} INFO - Dependencies all met for dep_context=requeueable deps ti=<TaskInstance: silver_transformation_pipeline.dbt_run_merchants scheduled__2025-10-08T00:00:00+00:00 [queued]>
[2025-11-01T20:20:42.476+0000] {taskinstance.py:2170} INFO - Starting attempt 1 of 2
[2025-11-01T20:20:42.490+0000] {taskinstance.py:2191} INFO - Executing <Task(PythonOperator): dbt_run_merchants> on 2025-10-08 00:00:00+00:00
[2025-11-01T20:20:42.497+0000] {standard_task_runner.py:60} INFO - Started process 1275 to run task
[2025-11-01T20:20:42.501+0000] {standard_task_runner.py:87} INFO - Running: ['***', 'tasks', 'run', 'silver_transformation_pipeline', 'dbt_run_merchants', 'scheduled__2025-10-08T00:00:00+00:00', '--job-id', '156', '--raw', '--subdir', 'DAGS_FOLDER/silver_dag.py', '--cfg-path', '/tmp/tmp95tsl218']
[2025-11-01T20:20:42.504+0000] {standard_task_runner.py:88} INFO - Job 156: Subtask dbt_run_merchants
[2025-11-01T20:20:42.585+0000] {task_command.py:423} INFO - Running <TaskInstance: silver_transformation_pipeline.dbt_run_merchants scheduled__2025-10-08T00:00:00+00:00 [running]> on host 6335aa85b335
[2025-11-01T20:20:42.690+0000] {taskinstance.py:2480} INFO - Exporting env vars: AIRFLOW_CTX_DAG_OWNER='***' AIRFLOW_CTX_DAG_ID='silver_transformation_pipeline' AIRFLOW_CTX_TASK_ID='dbt_run_merchants' AIRFLOW_CTX_EXECUTION_DATE='2025-10-08T00:00:00+00:00' AIRFLOW_CTX_TRY_NUMBER='1' AIRFLOW_CTX_DAG_RUN_ID='scheduled__2025-10-08T00:00:00+00:00'
[2025-11-01T20:20:49.425+0000] {python.py:201} INFO - Done. Returned value was: None
[2025-11-01T20:20:49.448+0000] {taskinstance.py:1138} INFO - Marking task as SUCCESS. dag_id=silver_transformation_pipeline, task_id=dbt_run_merchants, execution_date=20251008T000000, start_date=20251101T202042, end_date=20251101T202049
[2025-11-01T20:20:49.495+0000] {local_task_job_runner.py:234} INFO - Task exited with return code 0
[2025-11-01T20:20:49.519+0000] {taskinstance.py:3280} INFO - 0 downstream tasks scheduled from follow-on schedule check
[2025-11-02T01:35:54.856+0000] {taskinstance.py:1956} INFO - Dependencies all met for dep_context=non-requeueable deps ti=<TaskInstance: silver_transformation_pipeline.dbt_run_merchants scheduled__2025-10-08T00:00:00+00:00 [queued]>
[2025-11-02T01:35:54.871+0000] {taskinstance.py:1956} INFO - Dependencies all met for dep_context=requeueable deps ti=<TaskInstance: silver_transformation_pipeline.dbt_run_merchants scheduled__2025-10-08T00:00:00+00:00 [queued]>
[2025-11-02T01:35:54.872+0000] {taskinstance.py:2170} INFO - Starting attempt 1 of 2
[2025-11-02T01:35:54.893+0000] {taskinstance.py:2191} INFO - Executing <Task(PythonOperator): dbt_run_merchants> on 2025-10-08 00:00:00+00:00
[2025-11-02T01:35:54.902+0000] {standard_task_runner.py:60} INFO - Started process 1906 to run task
[2025-11-02T01:35:54.907+0000] {standard_task_runner.py:87} INFO - Running: ['***', 'tasks', 'run', 'silver_transformation_pipeline', 'dbt_run_merchants', 'scheduled__2025-10-08T00:00:00+00:00', '--job-id', '161', '--raw', '--subdir', 'DAGS_FOLDER/silver_dag.py', '--cfg-path', '/tmp/tmp_n0w6c_c']
[2025-11-02T01:35:54.910+0000] {standard_task_runner.py:88} INFO - Job 161: Subtask dbt_run_merchants
[2025-11-02T01:35:55.007+0000] {task_command.py:423} INFO - Running <TaskInstance: silver_transformation_pipeline.dbt_run_merchants scheduled__2025-10-08T00:00:00+00:00 [running]> on host 3b0074fa0b5e
[2025-11-02T01:35:55.135+0000] {taskinstance.py:2480} INFO - Exporting env vars: AIRFLOW_CTX_DAG_OWNER='***' AIRFLOW_CTX_DAG_ID='silver_transformation_pipeline' AIRFLOW_CTX_TASK_ID='dbt_run_merchants' AIRFLOW_CTX_EXECUTION_DATE='2025-10-08T00:00:00+00:00' AIRFLOW_CTX_TRY_NUMBER='1' AIRFLOW_CTX_DAG_RUN_ID='scheduled__2025-10-08T00:00:00+00:00'
[2025-11-02T01:36:02.363+0000] {python.py:201} INFO - Done. Returned value was: None
[2025-11-02T01:36:02.391+0000] {taskinstance.py:1138} INFO - Marking task as SUCCESS. dag_id=silver_transformation_pipeline, task_id=dbt_run_merchants, execution_date=20251008T000000, start_date=20251102T013554, end_date=20251102T013602
[2025-11-02T01:36:02.454+0000] {local_task_job_runner.py:234} INFO - Task exited with return code 0
[2025-11-02T01:36:02.484+0000] {taskinstance.py:3280} INFO - 0 downstream tasks scheduled from follow-on schedule check
[2025-11-02T11:30:58.640+0000] {taskinstance.py:1956} INFO - Dependencies all met for dep_context=non-requeueable deps ti=<TaskInstance: silver_transformation_pipeline.dbt_run_merchants scheduled__2025-10-08T00:00:00+00:00 [queued]>
[2025-11-02T11:30:58.670+0000] {taskinstance.py:1956} INFO - Dependencies all met for dep_context=requeueable deps ti=<TaskInstance: silver_transformation_pipeline.dbt_run_merchants scheduled__2025-10-08T00:00:00+00:00 [queued]>
[2025-11-02T11:30:58.672+0000] {taskinstance.py:2170} INFO - Starting attempt 1 of 2
[2025-11-02T11:30:58.707+0000] {taskinstance.py:2191} INFO - Executing <Task(PythonOperator): dbt_run_merchants> on 2025-10-08 00:00:00+00:00
[2025-11-02T11:30:58.730+0000] {standard_task_runner.py:60} INFO - Started process 1924 to run task
[2025-11-02T11:30:58.739+0000] {standard_task_runner.py:87} INFO - Running: ['***', 'tasks', 'run', 'silver_transformation_pipeline', 'dbt_run_merchants', 'scheduled__2025-10-08T00:00:00+00:00', '--job-id', '169', '--raw', '--subdir', 'DAGS_FOLDER/silver_dag.py', '--cfg-path', '/tmp/tmpfetp3fm9']
[2025-11-02T11:30:58.749+0000] {standard_task_runner.py:88} INFO - Job 169: Subtask dbt_run_merchants
[2025-11-02T11:30:58.913+0000] {task_command.py:423} INFO - Running <TaskInstance: silver_transformation_pipeline.dbt_run_merchants scheduled__2025-10-08T00:00:00+00:00 [running]> on host 0d39d4365eb9
[2025-11-02T11:30:59.098+0000] {taskinstance.py:2480} INFO - Exporting env vars: AIRFLOW_CTX_DAG_OWNER='***' AIRFLOW_CTX_DAG_ID='silver_transformation_pipeline' AIRFLOW_CTX_TASK_ID='dbt_run_merchants' AIRFLOW_CTX_EXECUTION_DATE='2025-10-08T00:00:00+00:00' AIRFLOW_CTX_TRY_NUMBER='1' AIRFLOW_CTX_DAG_RUN_ID='scheduled__2025-10-08T00:00:00+00:00'
[2025-11-02T11:31:07.811+0000] {python.py:201} INFO - Done. Returned value was: None
[2025-11-02T11:31:07.832+0000] {taskinstance.py:1138} INFO - Marking task as SUCCESS. dag_id=silver_transformation_pipeline, task_id=dbt_run_merchants, execution_date=20251008T000000, start_date=20251102T113058, end_date=20251102T113107
[2025-11-02T11:31:07.899+0000] {local_task_job_runner.py:234} INFO - Task exited with return code 0
[2025-11-02T11:31:07.923+0000] {taskinstance.py:3280} INFO - 0 downstream tasks scheduled from follow-on schedule check
