[2025-11-02T00:44:38.436+0000] {taskinstance.py:1956} INFO - Dependencies all met for dep_context=non-requeueable deps ti=<TaskInstance: gold_dimensions_pipeline.dbt_dim_payment_method scheduled__2025-10-31T00:00:00+00:00 [queued]>
[2025-11-02T00:44:38.451+0000] {taskinstance.py:1956} INFO - Dependencies all met for dep_context=requeueable deps ti=<TaskInstance: gold_dimensions_pipeline.dbt_dim_payment_method scheduled__2025-10-31T00:00:00+00:00 [queued]>
[2025-11-02T00:44:38.452+0000] {taskinstance.py:2170} INFO - Starting attempt 1 of 2
[2025-11-02T00:44:38.480+0000] {taskinstance.py:2191} INFO - Executing <Task(PythonOperator): dbt_dim_payment_method> on 2025-10-31 00:00:00+00:00
[2025-11-02T00:44:38.492+0000] {standard_task_runner.py:60} INFO - Started process 17065 to run task
[2025-11-02T00:44:38.498+0000] {standard_task_runner.py:87} INFO - Running: ['***', 'tasks', 'run', 'gold_dimensions_pipeline', 'dbt_dim_payment_method', 'scheduled__2025-10-31T00:00:00+00:00', '--job-id', '436', '--raw', '--subdir', 'DAGS_FOLDER/gold_dag.py', '--cfg-path', '/tmp/tmp1pmlyjhn']
[2025-11-02T00:44:38.503+0000] {standard_task_runner.py:88} INFO - Job 436: Subtask dbt_dim_payment_method
[2025-11-02T00:44:38.624+0000] {task_command.py:423} INFO - Running <TaskInstance: gold_dimensions_pipeline.dbt_dim_payment_method scheduled__2025-10-31T00:00:00+00:00 [running]> on host 6335aa85b335
[2025-11-02T00:44:38.784+0000] {taskinstance.py:2480} INFO - Exporting env vars: AIRFLOW_CTX_DAG_OWNER='***' AIRFLOW_CTX_DAG_ID='gold_dimensions_pipeline' AIRFLOW_CTX_TASK_ID='dbt_dim_payment_method' AIRFLOW_CTX_EXECUTION_DATE='2025-10-31T00:00:00+00:00' AIRFLOW_CTX_TRY_NUMBER='1' AIRFLOW_CTX_DAG_RUN_ID='scheduled__2025-10-31T00:00:00+00:00'
[2025-11-02T00:44:48.686+0000] {python.py:201} INFO - Done. Returned value was: None
[2025-11-02T00:44:48.707+0000] {taskinstance.py:1138} INFO - Marking task as SUCCESS. dag_id=gold_dimensions_pipeline, task_id=dbt_dim_payment_method, execution_date=20251031T000000, start_date=20251102T004438, end_date=20251102T004448
[2025-11-02T00:44:48.771+0000] {local_task_job_runner.py:234} INFO - Task exited with return code 0
[2025-11-02T00:44:48.797+0000] {taskinstance.py:3280} INFO - 0 downstream tasks scheduled from follow-on schedule check
[2025-11-02T11:58:49.132+0000] {taskinstance.py:1956} INFO - Dependencies all met for dep_context=non-requeueable deps ti=<TaskInstance: gold_dimensions_pipeline.dbt_dim_payment_method scheduled__2025-10-31T00:00:00+00:00 [queued]>
[2025-11-02T11:58:49.144+0000] {taskinstance.py:1956} INFO - Dependencies all met for dep_context=requeueable deps ti=<TaskInstance: gold_dimensions_pipeline.dbt_dim_payment_method scheduled__2025-10-31T00:00:00+00:00 [queued]>
[2025-11-02T11:58:49.145+0000] {taskinstance.py:2170} INFO - Starting attempt 1 of 3
[2025-11-02T11:58:49.164+0000] {taskinstance.py:2191} INFO - Executing <Task(PythonOperator): dbt_dim_payment_method> on 2025-10-31 00:00:00+00:00
[2025-11-02T11:58:49.171+0000] {standard_task_runner.py:60} INFO - Started process 6617 to run task
[2025-11-02T11:58:49.175+0000] {standard_task_runner.py:87} INFO - Running: ['***', 'tasks', 'run', 'gold_dimensions_pipeline', 'dbt_dim_payment_method', 'scheduled__2025-10-31T00:00:00+00:00', '--job-id', '395', '--raw', '--subdir', 'DAGS_FOLDER/gold_dag.py', '--cfg-path', '/tmp/tmpv4c6dxvu']
[2025-11-02T11:58:49.180+0000] {standard_task_runner.py:88} INFO - Job 395: Subtask dbt_dim_payment_method
[2025-11-02T11:58:49.272+0000] {task_command.py:423} INFO - Running <TaskInstance: gold_dimensions_pipeline.dbt_dim_payment_method scheduled__2025-10-31T00:00:00+00:00 [running]> on host 0d39d4365eb9
[2025-11-02T11:58:49.376+0000] {taskinstance.py:2480} INFO - Exporting env vars: AIRFLOW_CTX_DAG_OWNER='***' AIRFLOW_CTX_DAG_ID='gold_dimensions_pipeline' AIRFLOW_CTX_TASK_ID='dbt_dim_payment_method' AIRFLOW_CTX_EXECUTION_DATE='2025-10-31T00:00:00+00:00' AIRFLOW_CTX_TRY_NUMBER='1' AIRFLOW_CTX_DAG_RUN_ID='scheduled__2025-10-31T00:00:00+00:00'
[2025-11-02T11:58:56.590+0000] {logging_mixin.py:188} INFO - ==== DBT STDOUT ====
[2025-11-02T11:58:56.592+0000] {logging_mixin.py:188} INFO - 11:58:53  Running with dbt=1.5.9
11:58:53  Registered adapter: clickhouse=1.5.2
11:58:54  [WARNING]: Configuration paths exist in your dbt_project.yml file which do not apply to any resources.
There are 2 unused configuration paths:
- models.ck_project.gold.fact
- models.ck_project.bronze
11:58:54  Found 7 models, 17 tests, 0 snapshots, 0 analyses, 349 macros, 0 operations, 0 seed files, 6 sources, 0 exposures, 0 metrics, 0 groups
11:58:54  
11:58:54  Concurrency: 4 threads (target='dev')
11:58:54  
11:58:54  1 of 1 START sql table model gold.dim_payment_method ........................... [RUN]
11:58:55  1 of 1 OK created sql table model gold.dim_payment_method ...................... [OK in 0.49s]
11:58:55  
11:58:55  Finished running 1 table model in 0 hours 0 minutes and 1.14 seconds (1.14s).
11:58:55  
11:58:55  Completed successfully
11:58:55  
11:58:55  Done. PASS=1 WARN=0 ERROR=0 SKIP=0 TOTAL=1
[2025-11-02T11:58:56.593+0000] {logging_mixin.py:188} INFO - ==== DBT STDERR ====
[2025-11-02T11:58:56.594+0000] {python.py:201} INFO - Done. Returned value was: None
[2025-11-02T11:58:56.626+0000] {taskinstance.py:1138} INFO - Marking task as SUCCESS. dag_id=gold_dimensions_pipeline, task_id=dbt_dim_payment_method, execution_date=20251031T000000, start_date=20251102T115849, end_date=20251102T115856
[2025-11-02T11:58:56.692+0000] {local_task_job_runner.py:234} INFO - Task exited with return code 0
[2025-11-02T11:58:56.749+0000] {taskinstance.py:3280} INFO - 0 downstream tasks scheduled from follow-on schedule check
