[2025-11-02T11:38:30.403+0000] {taskinstance.py:1956} INFO - Dependencies all met for dep_context=non-requeueable deps ti=<TaskInstance: gold_dimensions_pipeline.dbt_dim_payment_method manual__2025-11-02T11:38:14.873216+00:00 [queued]>
[2025-11-02T11:38:30.413+0000] {taskinstance.py:1956} INFO - Dependencies all met for dep_context=requeueable deps ti=<TaskInstance: gold_dimensions_pipeline.dbt_dim_payment_method manual__2025-11-02T11:38:14.873216+00:00 [queued]>
[2025-11-02T11:38:30.414+0000] {taskinstance.py:2170} INFO - Starting attempt 1 of 3
[2025-11-02T11:38:30.430+0000] {taskinstance.py:2191} INFO - Executing <Task(PythonOperator): dbt_dim_payment_method> on 2025-11-02 11:38:14.873216+00:00
[2025-11-02T11:38:30.438+0000] {standard_task_runner.py:60} INFO - Started process 4254 to run task
[2025-11-02T11:38:30.442+0000] {standard_task_runner.py:87} INFO - Running: ['***', 'tasks', 'run', 'gold_dimensions_pipeline', 'dbt_dim_payment_method', 'manual__2025-11-02T11:38:14.873216+00:00', '--job-id', '274', '--raw', '--subdir', 'DAGS_FOLDER/gold_dag.py', '--cfg-path', '/tmp/tmps11g6b1s']
[2025-11-02T11:38:30.447+0000] {standard_task_runner.py:88} INFO - Job 274: Subtask dbt_dim_payment_method
[2025-11-02T11:38:30.537+0000] {task_command.py:423} INFO - Running <TaskInstance: gold_dimensions_pipeline.dbt_dim_payment_method manual__2025-11-02T11:38:14.873216+00:00 [running]> on host 0d39d4365eb9
[2025-11-02T11:38:30.646+0000] {taskinstance.py:2480} INFO - Exporting env vars: AIRFLOW_CTX_DAG_OWNER='***' AIRFLOW_CTX_DAG_ID='gold_dimensions_pipeline' AIRFLOW_CTX_TASK_ID='dbt_dim_payment_method' AIRFLOW_CTX_EXECUTION_DATE='2025-11-02T11:38:14.873216+00:00' AIRFLOW_CTX_TRY_NUMBER='1' AIRFLOW_CTX_DAG_RUN_ID='manual__2025-11-02T11:38:14.873216+00:00'
[2025-11-02T11:38:36.035+0000] {logging_mixin.py:188} INFO - ==== DBT STDOUT ====
[2025-11-02T11:38:36.036+0000] {logging_mixin.py:188} INFO - 11:38:33  Running with dbt=1.5.9
11:38:33  Registered adapter: clickhouse=1.5.2
11:38:34  [WARNING]: Configuration paths exist in your dbt_project.yml file which do not apply to any resources.
There are 2 unused configuration paths:
- models.ck_project.bronze
- models.ck_project.gold.fact
11:38:34  Found 7 models, 17 tests, 0 snapshots, 0 analyses, 349 macros, 0 operations, 0 seed files, 6 sources, 0 exposures, 0 metrics, 0 groups
11:38:34  
11:38:34  Concurrency: 4 threads (target='dev')
11:38:34  
11:38:34  1 of 1 START sql table model gold.dim_payment_method ........................... [RUN]
11:38:35  1 of 1 OK created sql table model gold.dim_payment_method ...................... [OK in 0.34s]
11:38:35  
11:38:35  Finished running 1 table model in 0 hours 0 minutes and 0.94 seconds (0.94s).
11:38:35  
11:38:35  Completed successfully
11:38:35  
11:38:35  Done. PASS=1 WARN=0 ERROR=0 SKIP=0 TOTAL=1
[2025-11-02T11:38:36.038+0000] {logging_mixin.py:188} INFO - ==== DBT STDERR ====
[2025-11-02T11:38:36.039+0000] {python.py:201} INFO - Done. Returned value was: None
[2025-11-02T11:38:36.067+0000] {taskinstance.py:1138} INFO - Marking task as SUCCESS. dag_id=gold_dimensions_pipeline, task_id=dbt_dim_payment_method, execution_date=20251102T113814, start_date=20251102T113830, end_date=20251102T113836
[2025-11-02T11:38:36.149+0000] {local_task_job_runner.py:234} INFO - Task exited with return code 0
[2025-11-02T11:38:36.173+0000] {taskinstance.py:3280} INFO - 0 downstream tasks scheduled from follow-on schedule check
