[2025-10-31T20:07:55.364+0000] {taskinstance.py:1956} INFO - Dependencies all met for dep_context=non-requeueable deps ti=<TaskInstance: ingestion_pipeline.silver_dbt.dbt_run_incrementals manual__2025-10-31T20:07:46.966065+00:00 [queued]>
[2025-10-31T20:07:55.373+0000] {taskinstance.py:1956} INFO - Dependencies all met for dep_context=requeueable deps ti=<TaskInstance: ingestion_pipeline.silver_dbt.dbt_run_incrementals manual__2025-10-31T20:07:46.966065+00:00 [queued]>
[2025-10-31T20:07:55.374+0000] {taskinstance.py:2170} INFO - Starting attempt 1 of 2
[2025-10-31T20:07:55.388+0000] {taskinstance.py:2191} INFO - Executing <Task(BashOperator): silver_dbt.dbt_run_incrementals> on 2025-10-31 20:07:46.966065+00:00
[2025-10-31T20:07:55.395+0000] {standard_task_runner.py:60} INFO - Started process 603 to run task
[2025-10-31T20:07:55.398+0000] {standard_task_runner.py:87} INFO - Running: ['***', 'tasks', 'run', 'ingestion_pipeline', 'silver_dbt.dbt_run_incrementals', 'manual__2025-10-31T20:07:46.966065+00:00', '--job-id', '23', '--raw', '--subdir', 'DAGS_FOLDER/ingestion_dag.py', '--cfg-path', '/tmp/tmp8yu0k00a']
[2025-10-31T20:07:55.400+0000] {standard_task_runner.py:88} INFO - Job 23: Subtask silver_dbt.dbt_run_incrementals
[2025-10-31T20:07:55.474+0000] {task_command.py:423} INFO - Running <TaskInstance: ingestion_pipeline.silver_dbt.dbt_run_incrementals manual__2025-10-31T20:07:46.966065+00:00 [running]> on host c2d20b09a38d
[2025-10-31T20:07:55.561+0000] {taskinstance.py:2480} INFO - Exporting env vars: AIRFLOW_CTX_DAG_OWNER='***' AIRFLOW_CTX_DAG_ID='ingestion_pipeline' AIRFLOW_CTX_TASK_ID='silver_dbt.dbt_run_incrementals' AIRFLOW_CTX_EXECUTION_DATE='2025-10-31T20:07:46.966065+00:00' AIRFLOW_CTX_TRY_NUMBER='1' AIRFLOW_CTX_DAG_RUN_ID='manual__2025-10-31T20:07:46.966065+00:00'
[2025-10-31T20:07:55.563+0000] {subprocess.py:63} INFO - Tmp dir root location: /tmp
[2025-10-31T20:07:55.564+0000] {subprocess.py:75} INFO - Running command: ['/usr/bin/bash', '-c', 'docker exec -i dbt bash -lc \'\nset -e\ncd /dbt\nDBT_VARS=$(python - <<"PY"\nfrom datetime import datetime, timedelta\nimport json\nds = "2025-10-31"\nlag_days = 29\nlagged = (datetime.strptime(ds, "%Y-%m-%d") - timedelta(days=lag_days)).strftime("%Y-%m-%d")\nprint(json.dumps({"ds_lagged": lagged}))\nPY\n)\necho "dbt vars => ${DBT_VARS}"\ndbt --no-use-colors run --profiles-dir /dbt --select silver_payments silver_link_transactions --vars "${DBT_VARS}"\n\'']
[2025-10-31T20:07:55.573+0000] {subprocess.py:86} INFO - Output:
[2025-10-31T20:07:55.726+0000] {subprocess.py:93} INFO - dbt vars => {"ds_lagged": "2025-10-02"}
[2025-10-31T20:07:57.428+0000] {subprocess.py:93} INFO - 20:07:57  Running with dbt=1.10.13
[2025-10-31T20:07:57.693+0000] {subprocess.py:93} INFO - 20:07:57  Registered adapter: clickhouse=1.9.5
[2025-10-31T20:07:57.858+0000] {subprocess.py:93} INFO - 20:07:57  Unable to do partial parsing because config vars, config profile, or config target have changed
[2025-10-31T20:07:59.402+0000] {subprocess.py:93} INFO - 20:07:59  Found 3 models, 3 sources, 488 macros
[2025-10-31T20:07:59.406+0000] {subprocess.py:93} INFO - 20:07:59
[2025-10-31T20:07:59.407+0000] {subprocess.py:93} INFO - 20:07:59  Concurrency: 4 threads (target='dev')
[2025-10-31T20:07:59.408+0000] {subprocess.py:93} INFO - 20:07:59
[2025-10-31T20:07:59.673+0000] {subprocess.py:93} INFO - 20:07:59  1 of 2 START sql incremental model `silver`.`silver_link_transactions` ......... [RUN]
[2025-10-31T20:07:59.674+0000] {subprocess.py:93} INFO - 20:07:59  2 of 2 START sql incremental model `silver`.`silver_payments` .................. [RUN]
[2025-10-31T20:08:00.143+0000] {subprocess.py:93} INFO - 20:08:00  1 of 2 OK created sql incremental model `silver`.`silver_link_transactions` .... [OK in 0.46s]
[2025-10-31T20:08:00.214+0000] {subprocess.py:93} INFO - 20:08:00  2 of 2 OK created sql incremental model `silver`.`silver_payments` ............. [OK in 0.54s]
[2025-10-31T20:08:00.223+0000] {subprocess.py:93} INFO - 20:08:00
[2025-10-31T20:08:00.223+0000] {subprocess.py:93} INFO - 20:08:00  Finished running 2 incremental models in 0 hours 0 minutes and 0.81 seconds (0.81s).
[2025-10-31T20:08:00.291+0000] {subprocess.py:93} INFO - 20:08:00
[2025-10-31T20:08:00.293+0000] {subprocess.py:93} INFO - 20:08:00  Completed successfully
[2025-10-31T20:08:00.295+0000] {subprocess.py:93} INFO - 20:08:00
[2025-10-31T20:08:00.296+0000] {subprocess.py:93} INFO - 20:08:00  Done. PASS=2 WARN=0 ERROR=0 SKIP=0 NO-OP=0 TOTAL=2
[2025-10-31T20:08:01.191+0000] {subprocess.py:97} INFO - Command exited with return code 0
[2025-10-31T20:08:01.222+0000] {taskinstance.py:1138} INFO - Marking task as SUCCESS. dag_id=ingestion_pipeline, task_id=silver_dbt.dbt_run_incrementals, execution_date=20251031T200746, start_date=20251031T200755, end_date=20251031T200801
[2025-10-31T20:08:01.249+0000] {local_task_job_runner.py:234} INFO - Task exited with return code 0
[2025-10-31T20:08:01.268+0000] {taskinstance.py:3280} INFO - 0 downstream tasks scheduled from follow-on schedule check
