[2025-11-01T20:23:36.002+0000] {taskinstance.py:1956} INFO - Dependencies all met for dep_context=non-requeueable deps ti=<TaskInstance: silver_transformation_pipeline.dbt_run_linktx scheduled__2025-10-25T00:00:00+00:00 [queued]>
[2025-11-01T20:23:36.015+0000] {taskinstance.py:1956} INFO - Dependencies all met for dep_context=requeueable deps ti=<TaskInstance: silver_transformation_pipeline.dbt_run_linktx scheduled__2025-10-25T00:00:00+00:00 [queued]>
[2025-11-01T20:23:36.016+0000] {taskinstance.py:2170} INFO - Starting attempt 1 of 2
[2025-11-01T20:23:36.030+0000] {taskinstance.py:2191} INFO - Executing <Task(PythonOperator): dbt_run_linktx> on 2025-10-25 00:00:00+00:00
[2025-11-01T20:23:36.037+0000] {standard_task_runner.py:60} INFO - Started process 2157 to run task
[2025-11-01T20:23:36.041+0000] {standard_task_runner.py:87} INFO - Running: ['***', 'tasks', 'run', 'silver_transformation_pipeline', 'dbt_run_linktx', 'scheduled__2025-10-25T00:00:00+00:00', '--job-id', '223', '--raw', '--subdir', 'DAGS_FOLDER/silver_dag.py', '--cfg-path', '/tmp/tmpye34j6yf']
[2025-11-01T20:23:36.044+0000] {standard_task_runner.py:88} INFO - Job 223: Subtask dbt_run_linktx
[2025-11-01T20:23:36.126+0000] {task_command.py:423} INFO - Running <TaskInstance: silver_transformation_pipeline.dbt_run_linktx scheduled__2025-10-25T00:00:00+00:00 [running]> on host 6335aa85b335
[2025-11-01T20:23:36.246+0000] {taskinstance.py:2480} INFO - Exporting env vars: AIRFLOW_CTX_DAG_OWNER='***' AIRFLOW_CTX_DAG_ID='silver_transformation_pipeline' AIRFLOW_CTX_TASK_ID='dbt_run_linktx' AIRFLOW_CTX_EXECUTION_DATE='2025-10-25T00:00:00+00:00' AIRFLOW_CTX_TRY_NUMBER='1' AIRFLOW_CTX_DAG_RUN_ID='scheduled__2025-10-25T00:00:00+00:00'
[2025-11-01T20:23:42.442+0000] {python.py:201} INFO - Done. Returned value was: None
[2025-11-01T20:23:42.457+0000] {taskinstance.py:1138} INFO - Marking task as SUCCESS. dag_id=silver_transformation_pipeline, task_id=dbt_run_linktx, execution_date=20251025T000000, start_date=20251101T202336, end_date=20251101T202342
[2025-11-01T20:23:42.506+0000] {local_task_job_runner.py:234} INFO - Task exited with return code 0
[2025-11-01T20:23:42.526+0000] {taskinstance.py:3280} INFO - 0 downstream tasks scheduled from follow-on schedule check
[2025-11-02T01:38:52.351+0000] {taskinstance.py:1956} INFO - Dependencies all met for dep_context=non-requeueable deps ti=<TaskInstance: silver_transformation_pipeline.dbt_run_linktx scheduled__2025-10-25T00:00:00+00:00 [queued]>
[2025-11-02T01:38:52.362+0000] {taskinstance.py:1956} INFO - Dependencies all met for dep_context=requeueable deps ti=<TaskInstance: silver_transformation_pipeline.dbt_run_linktx scheduled__2025-10-25T00:00:00+00:00 [queued]>
[2025-11-02T01:38:52.362+0000] {taskinstance.py:2170} INFO - Starting attempt 1 of 2
[2025-11-02T01:38:52.383+0000] {taskinstance.py:2191} INFO - Executing <Task(PythonOperator): dbt_run_linktx> on 2025-10-25 00:00:00+00:00
[2025-11-02T01:38:52.395+0000] {standard_task_runner.py:60} INFO - Started process 3200 to run task
[2025-11-02T01:38:52.399+0000] {standard_task_runner.py:87} INFO - Running: ['***', 'tasks', 'run', 'silver_transformation_pipeline', 'dbt_run_linktx', 'scheduled__2025-10-25T00:00:00+00:00', '--job-id', '229', '--raw', '--subdir', 'DAGS_FOLDER/silver_dag.py', '--cfg-path', '/tmp/tmp0emue_i8']
[2025-11-02T01:38:52.403+0000] {standard_task_runner.py:88} INFO - Job 229: Subtask dbt_run_linktx
[2025-11-02T01:38:52.494+0000] {task_command.py:423} INFO - Running <TaskInstance: silver_transformation_pipeline.dbt_run_linktx scheduled__2025-10-25T00:00:00+00:00 [running]> on host 3b0074fa0b5e
[2025-11-02T01:38:52.612+0000] {taskinstance.py:2480} INFO - Exporting env vars: AIRFLOW_CTX_DAG_OWNER='***' AIRFLOW_CTX_DAG_ID='silver_transformation_pipeline' AIRFLOW_CTX_TASK_ID='dbt_run_linktx' AIRFLOW_CTX_EXECUTION_DATE='2025-10-25T00:00:00+00:00' AIRFLOW_CTX_TRY_NUMBER='1' AIRFLOW_CTX_DAG_RUN_ID='scheduled__2025-10-25T00:00:00+00:00'
[2025-11-02T01:38:59.649+0000] {python.py:201} INFO - Done. Returned value was: None
[2025-11-02T01:38:59.666+0000] {taskinstance.py:1138} INFO - Marking task as SUCCESS. dag_id=silver_transformation_pipeline, task_id=dbt_run_linktx, execution_date=20251025T000000, start_date=20251102T013852, end_date=20251102T013859
[2025-11-02T01:38:59.702+0000] {local_task_job_runner.py:234} INFO - Task exited with return code 0
[2025-11-02T01:38:59.726+0000] {taskinstance.py:3280} INFO - 0 downstream tasks scheduled from follow-on schedule check
[2025-11-02T11:34:37.531+0000] {taskinstance.py:1956} INFO - Dependencies all met for dep_context=non-requeueable deps ti=<TaskInstance: silver_transformation_pipeline.dbt_run_linktx scheduled__2025-10-25T00:00:00+00:00 [queued]>
[2025-11-02T11:34:37.543+0000] {taskinstance.py:1956} INFO - Dependencies all met for dep_context=requeueable deps ti=<TaskInstance: silver_transformation_pipeline.dbt_run_linktx scheduled__2025-10-25T00:00:00+00:00 [queued]>
[2025-11-02T11:34:37.544+0000] {taskinstance.py:2170} INFO - Starting attempt 1 of 2
[2025-11-02T11:34:37.562+0000] {taskinstance.py:2191} INFO - Executing <Task(PythonOperator): dbt_run_linktx> on 2025-10-25 00:00:00+00:00
[2025-11-02T11:34:37.569+0000] {standard_task_runner.py:60} INFO - Started process 3392 to run task
[2025-11-02T11:34:37.575+0000] {standard_task_runner.py:87} INFO - Running: ['***', 'tasks', 'run', 'silver_transformation_pipeline', 'dbt_run_linktx', 'scheduled__2025-10-25T00:00:00+00:00', '--job-id', '239', '--raw', '--subdir', 'DAGS_FOLDER/silver_dag.py', '--cfg-path', '/tmp/tmp9hk3zv6x']
[2025-11-02T11:34:37.578+0000] {standard_task_runner.py:88} INFO - Job 239: Subtask dbt_run_linktx
[2025-11-02T11:34:37.669+0000] {task_command.py:423} INFO - Running <TaskInstance: silver_transformation_pipeline.dbt_run_linktx scheduled__2025-10-25T00:00:00+00:00 [running]> on host 0d39d4365eb9
[2025-11-02T11:34:37.800+0000] {taskinstance.py:2480} INFO - Exporting env vars: AIRFLOW_CTX_DAG_OWNER='***' AIRFLOW_CTX_DAG_ID='silver_transformation_pipeline' AIRFLOW_CTX_TASK_ID='dbt_run_linktx' AIRFLOW_CTX_EXECUTION_DATE='2025-10-25T00:00:00+00:00' AIRFLOW_CTX_TRY_NUMBER='1' AIRFLOW_CTX_DAG_RUN_ID='scheduled__2025-10-25T00:00:00+00:00'
[2025-11-02T11:34:46.679+0000] {python.py:201} INFO - Done. Returned value was: None
[2025-11-02T11:34:46.698+0000] {taskinstance.py:1138} INFO - Marking task as SUCCESS. dag_id=silver_transformation_pipeline, task_id=dbt_run_linktx, execution_date=20251025T000000, start_date=20251102T113437, end_date=20251102T113446
[2025-11-02T11:34:46.746+0000] {local_task_job_runner.py:234} INFO - Task exited with return code 0
[2025-11-02T11:34:46.771+0000] {taskinstance.py:3280} INFO - 0 downstream tasks scheduled from follow-on schedule check
