[2025-11-01T20:06:18.889+0000] {taskinstance.py:1956} INFO - Dependencies all met for dep_context=non-requeueable deps ti=<TaskInstance: ingestion_pipeline.load_link_transactions_to_mongo scheduled__2025-10-05T00:00:00+00:00 [queued]>
[2025-11-01T20:06:19.036+0000] {taskinstance.py:1956} INFO - Dependencies all met for dep_context=requeueable deps ti=<TaskInstance: ingestion_pipeline.load_link_transactions_to_mongo scheduled__2025-10-05T00:00:00+00:00 [queued]>
[2025-11-01T20:06:19.041+0000] {taskinstance.py:2170} INFO - Starting attempt 1 of 2
[2025-11-01T20:06:19.348+0000] {taskinstance.py:2191} INFO - Executing <Task(PythonOperator): load_link_transactions_to_mongo> on 2025-10-05 00:00:00+00:00
[2025-11-01T20:06:19.379+0000] {standard_task_runner.py:60} INFO - Started process 312 to run task
[2025-11-01T20:06:19.428+0000] {standard_task_runner.py:87} INFO - Running: ['***', 'tasks', 'run', 'ingestion_pipeline', 'load_link_transactions_to_mongo', 'scheduled__2025-10-05T00:00:00+00:00', '--job-id', '15', '--raw', '--subdir', 'DAGS_FOLDER/ingestion_dag.py', '--cfg-path', '/tmp/tmpbudeetuu']
[2025-11-01T20:06:19.448+0000] {standard_task_runner.py:88} INFO - Job 15: Subtask load_link_transactions_to_mongo
[2025-11-01T20:06:19.888+0000] {task_command.py:423} INFO - Running <TaskInstance: ingestion_pipeline.load_link_transactions_to_mongo scheduled__2025-10-05T00:00:00+00:00 [running]> on host 1a955fda0cfd
[2025-11-01T20:06:20.297+0000] {taskinstance.py:2480} INFO - Exporting env vars: AIRFLOW_CTX_DAG_OWNER='***' AIRFLOW_CTX_DAG_ID='ingestion_pipeline' AIRFLOW_CTX_TASK_ID='load_link_transactions_to_mongo' AIRFLOW_CTX_EXECUTION_DATE='2025-10-05T00:00:00+00:00' AIRFLOW_CTX_TRY_NUMBER='1' AIRFLOW_CTX_DAG_RUN_ID='scheduled__2025-10-05T00:00:00+00:00'
[2025-11-01T20:06:29.986+0000] {mongo_ingestion.py:59} INFO - [mongo/link_tx] Target CSV: /tmp/data/link_transactions/link_transactions-20251005.csv
[2025-11-01T20:06:30.021+0000] {mongo_ingestion.py:62} INFO - [mongo/link_tx] Directory listing: ['link_transactions-20251001.csv', 'link_transactions-20251002.csv', 'link_transactions-20251003.csv', 'link_transactions-20251004.csv']
[2025-11-01T20:06:30.022+0000] {crypto.py:82} WARNING - empty cryptography key - values will not be stored encrypted.
[2025-11-01T20:06:30.026+0000] {base.py:83} INFO - Using connection ID 'mongo_default' for task execution.
[2025-11-01T20:06:30.331+0000] {mongo_ingestion.py:80} WARNING - [mongo/link_tx] File not found; indexes ensured; skipping.
[2025-11-01T20:06:30.345+0000] {mongo_ingestion.py:154} INFO - [mongo/link_tx] MongoDB connection closed.
[2025-11-01T20:06:30.357+0000] {python.py:201} INFO - Done. Returned value was: None
[2025-11-01T20:06:30.440+0000] {taskinstance.py:1138} INFO - Marking task as SUCCESS. dag_id=ingestion_pipeline, task_id=load_link_transactions_to_mongo, execution_date=20251005T000000, start_date=20251101T200618, end_date=20251101T200630
[2025-11-01T20:06:30.564+0000] {local_task_job_runner.py:234} INFO - Task exited with return code 0
[2025-11-01T20:06:30.836+0000] {taskinstance.py:3280} INFO - 1 downstream tasks scheduled from follow-on schedule check
[2025-11-01T20:17:49.235+0000] {taskinstance.py:1956} INFO - Dependencies all met for dep_context=non-requeueable deps ti=<TaskInstance: ingestion_pipeline.load_link_transactions_to_mongo scheduled__2025-10-05T00:00:00+00:00 [queued]>
[2025-11-01T20:17:49.285+0000] {taskinstance.py:1956} INFO - Dependencies all met for dep_context=requeueable deps ti=<TaskInstance: ingestion_pipeline.load_link_transactions_to_mongo scheduled__2025-10-05T00:00:00+00:00 [queued]>
[2025-11-01T20:17:49.293+0000] {taskinstance.py:2170} INFO - Starting attempt 1 of 2
[2025-11-01T20:17:49.505+0000] {taskinstance.py:2191} INFO - Executing <Task(PythonOperator): load_link_transactions_to_mongo> on 2025-10-05 00:00:00+00:00
[2025-11-01T20:17:49.545+0000] {standard_task_runner.py:87} INFO - Running: ['***', 'tasks', 'run', 'ingestion_pipeline', 'load_link_transactions_to_mongo', 'scheduled__2025-10-05T00:00:00+00:00', '--job-id', '15', '--raw', '--subdir', 'DAGS_FOLDER/ingestion_dag.py', '--cfg-path', '/tmp/tmpagpwsck3']
[2025-11-01T20:17:49.558+0000] {standard_task_runner.py:88} INFO - Job 15: Subtask load_link_transactions_to_mongo
[2025-11-01T20:17:49.538+0000] {standard_task_runner.py:60} INFO - Started process 311 to run task
[2025-11-01T20:17:49.792+0000] {task_command.py:423} INFO - Running <TaskInstance: ingestion_pipeline.load_link_transactions_to_mongo scheduled__2025-10-05T00:00:00+00:00 [running]> on host 6335aa85b335
[2025-11-01T20:17:50.437+0000] {taskinstance.py:2480} INFO - Exporting env vars: AIRFLOW_CTX_DAG_OWNER='***' AIRFLOW_CTX_DAG_ID='ingestion_pipeline' AIRFLOW_CTX_TASK_ID='load_link_transactions_to_mongo' AIRFLOW_CTX_EXECUTION_DATE='2025-10-05T00:00:00+00:00' AIRFLOW_CTX_TRY_NUMBER='1' AIRFLOW_CTX_DAG_RUN_ID='scheduled__2025-10-05T00:00:00+00:00'
[2025-11-01T20:17:55.538+0000] {mongo_ingestion.py:59} INFO - [mongo/link_tx] Target CSV: /tmp/data/link_transactions/link_transactions-20251005.csv
[2025-11-01T20:17:55.572+0000] {mongo_ingestion.py:62} INFO - [mongo/link_tx] Directory listing: ['link_transactions-20251001.csv', 'link_transactions-20251002.csv', 'link_transactions-20251003.csv', 'link_transactions-20251004.csv']
[2025-11-01T20:17:55.575+0000] {crypto.py:82} WARNING - empty cryptography key - values will not be stored encrypted.
[2025-11-01T20:17:55.576+0000] {base.py:83} INFO - Using connection ID 'mongo_default' for task execution.
[2025-11-01T20:17:56.071+0000] {mongo_ingestion.py:80} WARNING - [mongo/link_tx] File not found; indexes ensured; skipping.
[2025-11-01T20:17:56.140+0000] {mongo_ingestion.py:154} INFO - [mongo/link_tx] MongoDB connection closed.
[2025-11-01T20:17:56.155+0000] {python.py:201} INFO - Done. Returned value was: None
[2025-11-01T20:17:56.359+0000] {taskinstance.py:1138} INFO - Marking task as SUCCESS. dag_id=ingestion_pipeline, task_id=load_link_transactions_to_mongo, execution_date=20251005T000000, start_date=20251101T201749, end_date=20251101T201756
[2025-11-01T20:17:56.828+0000] {local_task_job_runner.py:234} INFO - Task exited with return code 0
[2025-11-01T20:17:57.009+0000] {taskinstance.py:3280} INFO - 1 downstream tasks scheduled from follow-on schedule check
[2025-11-02T01:28:51.956+0000] {taskinstance.py:1956} INFO - Dependencies all met for dep_context=non-requeueable deps ti=<TaskInstance: ingestion_pipeline.load_link_transactions_to_mongo scheduled__2025-10-05T00:00:00+00:00 [queued]>
[2025-11-02T01:28:52.232+0000] {taskinstance.py:1956} INFO - Dependencies all met for dep_context=requeueable deps ti=<TaskInstance: ingestion_pipeline.load_link_transactions_to_mongo scheduled__2025-10-05T00:00:00+00:00 [queued]>
[2025-11-02T01:28:52.266+0000] {taskinstance.py:2170} INFO - Starting attempt 1 of 2
[2025-11-02T01:28:52.445+0000] {taskinstance.py:2191} INFO - Executing <Task(PythonOperator): load_link_transactions_to_mongo> on 2025-10-05 00:00:00+00:00
[2025-11-02T01:28:52.496+0000] {standard_task_runner.py:60} INFO - Started process 428 to run task
[2025-11-02T01:28:52.531+0000] {standard_task_runner.py:87} INFO - Running: ['***', 'tasks', 'run', 'ingestion_pipeline', 'load_link_transactions_to_mongo', 'scheduled__2025-10-05T00:00:00+00:00', '--job-id', '17', '--raw', '--subdir', 'DAGS_FOLDER/ingestion_dag.py', '--cfg-path', '/tmp/tmpa6jbwdrf']
[2025-11-02T01:28:52.564+0000] {standard_task_runner.py:88} INFO - Job 17: Subtask load_link_transactions_to_mongo
[2025-11-02T01:28:53.223+0000] {task_command.py:423} INFO - Running <TaskInstance: ingestion_pipeline.load_link_transactions_to_mongo scheduled__2025-10-05T00:00:00+00:00 [running]> on host 3b0074fa0b5e
[2025-11-02T01:28:53.781+0000] {taskinstance.py:2480} INFO - Exporting env vars: AIRFLOW_CTX_DAG_OWNER='***' AIRFLOW_CTX_DAG_ID='ingestion_pipeline' AIRFLOW_CTX_TASK_ID='load_link_transactions_to_mongo' AIRFLOW_CTX_EXECUTION_DATE='2025-10-05T00:00:00+00:00' AIRFLOW_CTX_TRY_NUMBER='1' AIRFLOW_CTX_DAG_RUN_ID='scheduled__2025-10-05T00:00:00+00:00'
[2025-11-02T01:29:01.316+0000] {mongo_ingestion.py:59} INFO - [mongo/link_tx] Target CSV: /tmp/data/link_transactions/link_transactions-20251005.csv
[2025-11-02T01:29:01.329+0000] {mongo_ingestion.py:62} INFO - [mongo/link_tx] Directory listing: ['link_transactions-20251001.csv', 'link_transactions-20251002.csv', 'link_transactions-20251003.csv', 'link_transactions-20251004.csv']
[2025-11-02T01:29:01.332+0000] {crypto.py:82} WARNING - empty cryptography key - values will not be stored encrypted.
[2025-11-02T01:29:01.342+0000] {base.py:83} INFO - Using connection ID 'mongo_default' for task execution.
[2025-11-02T01:29:02.251+0000] {mongo_ingestion.py:80} WARNING - [mongo/link_tx] File not found; indexes ensured; skipping.
[2025-11-02T01:29:02.272+0000] {mongo_ingestion.py:154} INFO - [mongo/link_tx] MongoDB connection closed.
[2025-11-02T01:29:02.289+0000] {python.py:201} INFO - Done. Returned value was: None
[2025-11-02T01:29:02.479+0000] {taskinstance.py:1138} INFO - Marking task as SUCCESS. dag_id=ingestion_pipeline, task_id=load_link_transactions_to_mongo, execution_date=20251005T000000, start_date=20251102T012851, end_date=20251102T012902
[2025-11-02T01:29:02.775+0000] {local_task_job_runner.py:234} INFO - Task exited with return code 0
[2025-11-02T01:29:03.461+0000] {taskinstance.py:3280} INFO - 0 downstream tasks scheduled from follow-on schedule check
[2025-11-02T11:26:54.213+0000] {taskinstance.py:1956} INFO - Dependencies all met for dep_context=non-requeueable deps ti=<TaskInstance: ingestion_pipeline.load_link_transactions_to_mongo scheduled__2025-10-05T00:00:00+00:00 [queued]>
[2025-11-02T11:26:54.321+0000] {taskinstance.py:1956} INFO - Dependencies all met for dep_context=requeueable deps ti=<TaskInstance: ingestion_pipeline.load_link_transactions_to_mongo scheduled__2025-10-05T00:00:00+00:00 [queued]>
[2025-11-02T11:26:54.331+0000] {taskinstance.py:2170} INFO - Starting attempt 1 of 2
[2025-11-02T11:26:54.410+0000] {taskinstance.py:2191} INFO - Executing <Task(PythonOperator): load_link_transactions_to_mongo> on 2025-10-05 00:00:00+00:00
[2025-11-02T11:26:54.510+0000] {standard_task_runner.py:60} INFO - Started process 543 to run task
[2025-11-02T11:26:54.554+0000] {standard_task_runner.py:87} INFO - Running: ['***', 'tasks', 'run', 'ingestion_pipeline', 'load_link_transactions_to_mongo', 'scheduled__2025-10-05T00:00:00+00:00', '--job-id', '17', '--raw', '--subdir', 'DAGS_FOLDER/ingestion_dag.py', '--cfg-path', '/tmp/tmpbnlagtwu']
[2025-11-02T11:26:54.571+0000] {standard_task_runner.py:88} INFO - Job 17: Subtask load_link_transactions_to_mongo
[2025-11-02T11:26:55.252+0000] {task_command.py:423} INFO - Running <TaskInstance: ingestion_pipeline.load_link_transactions_to_mongo scheduled__2025-10-05T00:00:00+00:00 [running]> on host 0d39d4365eb9
[2025-11-02T11:26:55.627+0000] {taskinstance.py:2480} INFO - Exporting env vars: AIRFLOW_CTX_DAG_OWNER='***' AIRFLOW_CTX_DAG_ID='ingestion_pipeline' AIRFLOW_CTX_TASK_ID='load_link_transactions_to_mongo' AIRFLOW_CTX_EXECUTION_DATE='2025-10-05T00:00:00+00:00' AIRFLOW_CTX_TRY_NUMBER='1' AIRFLOW_CTX_DAG_RUN_ID='scheduled__2025-10-05T00:00:00+00:00'
[2025-11-02T11:27:06.973+0000] {mongo_ingestion.py:59} INFO - [mongo/link_tx] Target CSV: /tmp/data/link_transactions/link_transactions-20251005.csv
[2025-11-02T11:27:07.047+0000] {mongo_ingestion.py:62} INFO - [mongo/link_tx] Directory listing: ['link_transactions-20251001.csv', 'link_transactions-20251002.csv', 'link_transactions-20251003.csv', 'link_transactions-20251004.csv']
[2025-11-02T11:27:07.053+0000] {crypto.py:82} WARNING - empty cryptography key - values will not be stored encrypted.
[2025-11-02T11:27:07.064+0000] {base.py:83} INFO - Using connection ID 'mongo_default' for task execution.
[2025-11-02T11:27:07.400+0000] {mongo_ingestion.py:80} WARNING - [mongo/link_tx] File not found; indexes ensured; skipping.
[2025-11-02T11:27:07.408+0000] {mongo_ingestion.py:154} INFO - [mongo/link_tx] MongoDB connection closed.
[2025-11-02T11:27:07.412+0000] {python.py:201} INFO - Done. Returned value was: None
[2025-11-02T11:27:07.510+0000] {taskinstance.py:1138} INFO - Marking task as SUCCESS. dag_id=ingestion_pipeline, task_id=load_link_transactions_to_mongo, execution_date=20251005T000000, start_date=20251102T112654, end_date=20251102T112707
[2025-11-02T11:27:08.412+0000] {local_task_job_runner.py:234} INFO - Task exited with return code 0
[2025-11-02T11:27:08.762+0000] {taskinstance.py:3280} INFO - 1 downstream tasks scheduled from follow-on schedule check
