[2025-10-31T21:53:58.844+0000] {taskinstance.py:1956} INFO - Dependencies all met for dep_context=non-requeueable deps ti=<TaskInstance: ingestion_pipeline.silver_dbt.dbt_run_incrementals manual__2025-10-31T21:53:50.053480+00:00 [queued]>
[2025-10-31T21:53:58.854+0000] {taskinstance.py:1956} INFO - Dependencies all met for dep_context=requeueable deps ti=<TaskInstance: ingestion_pipeline.silver_dbt.dbt_run_incrementals manual__2025-10-31T21:53:50.053480+00:00 [queued]>
[2025-10-31T21:53:58.855+0000] {taskinstance.py:2170} INFO - Starting attempt 1 of 2
[2025-10-31T21:53:58.870+0000] {taskinstance.py:2191} INFO - Executing <Task(BashOperator): silver_dbt.dbt_run_incrementals> on 2025-10-31 21:53:50.053480+00:00
[2025-10-31T21:53:58.875+0000] {standard_task_runner.py:60} INFO - Started process 851 to run task
[2025-10-31T21:53:58.879+0000] {standard_task_runner.py:87} INFO - Running: ['***', 'tasks', 'run', 'ingestion_pipeline', 'silver_dbt.dbt_run_incrementals', 'manual__2025-10-31T21:53:50.053480+00:00', '--job-id', '31', '--raw', '--subdir', 'DAGS_FOLDER/ingestion_dag.py', '--cfg-path', '/tmp/tmppxtrgs82']
[2025-10-31T21:53:58.884+0000] {standard_task_runner.py:88} INFO - Job 31: Subtask silver_dbt.dbt_run_incrementals
[2025-10-31T21:53:58.967+0000] {task_command.py:423} INFO - Running <TaskInstance: ingestion_pipeline.silver_dbt.dbt_run_incrementals manual__2025-10-31T21:53:50.053480+00:00 [running]> on host 4e388d324cfc
[2025-10-31T21:53:59.067+0000] {taskinstance.py:2480} INFO - Exporting env vars: AIRFLOW_CTX_DAG_OWNER='***' AIRFLOW_CTX_DAG_ID='ingestion_pipeline' AIRFLOW_CTX_TASK_ID='silver_dbt.dbt_run_incrementals' AIRFLOW_CTX_EXECUTION_DATE='2025-10-31T21:53:50.053480+00:00' AIRFLOW_CTX_TRY_NUMBER='1' AIRFLOW_CTX_DAG_RUN_ID='manual__2025-10-31T21:53:50.053480+00:00'
[2025-10-31T21:53:59.069+0000] {subprocess.py:63} INFO - Tmp dir root location: /tmp
[2025-10-31T21:53:59.070+0000] {subprocess.py:75} INFO - Running command: ['/usr/bin/bash', '-c', 'docker exec -i dbt bash -lc \'\nset -e\ncd /dbt\nDBT_VARS=$(python - <<"PY"\nfrom datetime import datetime, timedelta\nimport json\nds = "2025-10-31"\nlag_days = 0\nlagged = (datetime.strptime(ds, "%Y-%m-%d") - timedelta(days=lag_days)).strftime("%Y-%m-%d")\nprint(json.dumps({"ds_lagged": lagged}))\nPY\n)\necho "dbt vars => ${DBT_VARS}"\ndbt --no-use-colors run --profiles-dir /dbt --select silver_payments silver_link_transactions --vars "${DBT_VARS}"\n\'']
[2025-10-31T21:53:59.084+0000] {subprocess.py:86} INFO - Output:
[2025-10-31T21:53:59.218+0000] {subprocess.py:93} INFO - dbt vars => {"ds_lagged": "2025-10-31"}
[2025-10-31T21:54:00.916+0000] {subprocess.py:93} INFO - 21:54:00  Running with dbt=1.10.13
[2025-10-31T21:54:01.196+0000] {subprocess.py:93} INFO - 21:54:01  Registered adapter: clickhouse=1.9.5
[2025-10-31T21:54:01.377+0000] {subprocess.py:93} INFO - 21:54:01  Unable to do partial parsing because config vars, config profile, or config target have changed
[2025-10-31T21:54:02.864+0000] {subprocess.py:93} INFO - 21:54:02  Found 3 models, 3 sources, 488 macros
[2025-10-31T21:54:02.869+0000] {subprocess.py:93} INFO - 21:54:02
[2025-10-31T21:54:02.870+0000] {subprocess.py:93} INFO - 21:54:02  Concurrency: 4 threads (target='dev')
[2025-10-31T21:54:02.871+0000] {subprocess.py:93} INFO - 21:54:02
[2025-10-31T21:54:03.156+0000] {subprocess.py:93} INFO - 21:54:03  1 of 2 START sql incremental model `silver`.`silver_link_transactions` ......... [RUN]
[2025-10-31T21:54:03.157+0000] {subprocess.py:93} INFO - 21:54:03  2 of 2 START sql incremental model `silver`.`silver_payments` .................. [RUN]
[2025-10-31T21:54:03.628+0000] {subprocess.py:93} INFO - 21:54:03  1 of 2 OK created sql incremental model `silver`.`silver_link_transactions` .... [OK in 0.46s]
[2025-10-31T21:54:03.669+0000] {subprocess.py:93} INFO - 21:54:03  2 of 2 OK created sql incremental model `silver`.`silver_payments` ............. [OK in 0.51s]
[2025-10-31T21:54:03.679+0000] {subprocess.py:93} INFO - 21:54:03
[2025-10-31T21:54:03.682+0000] {subprocess.py:93} INFO - 21:54:03  Finished running 2 incremental models in 0 hours 0 minutes and 0.81 seconds (0.81s).
[2025-10-31T21:54:03.763+0000] {subprocess.py:93} INFO - 21:54:03
[2025-10-31T21:54:03.765+0000] {subprocess.py:93} INFO - 21:54:03  Completed successfully
[2025-10-31T21:54:03.766+0000] {subprocess.py:93} INFO - 21:54:03
[2025-10-31T21:54:03.768+0000] {subprocess.py:93} INFO - 21:54:03  Done. PASS=2 WARN=0 ERROR=0 SKIP=0 NO-OP=0 TOTAL=2
[2025-10-31T21:54:04.756+0000] {subprocess.py:97} INFO - Command exited with return code 0
[2025-10-31T21:54:04.787+0000] {taskinstance.py:1138} INFO - Marking task as SUCCESS. dag_id=ingestion_pipeline, task_id=silver_dbt.dbt_run_incrementals, execution_date=20251031T215350, start_date=20251031T215358, end_date=20251031T215404
[2025-10-31T21:54:04.811+0000] {local_task_job_runner.py:234} INFO - Task exited with return code 0
[2025-10-31T21:54:04.839+0000] {taskinstance.py:3280} INFO - 0 downstream tasks scheduled from follow-on schedule check
