[2025-11-01T20:22:26.004+0000] {taskinstance.py:1956} INFO - Dependencies all met for dep_context=non-requeueable deps ti=<TaskInstance: silver_transformation_pipeline.ensure_bronze_prereqs scheduled__2025-10-18T00:00:00+00:00 [queued]>
[2025-11-01T20:22:26.014+0000] {taskinstance.py:1956} INFO - Dependencies all met for dep_context=requeueable deps ti=<TaskInstance: silver_transformation_pipeline.ensure_bronze_prereqs scheduled__2025-10-18T00:00:00+00:00 [queued]>
[2025-11-01T20:22:26.015+0000] {taskinstance.py:2170} INFO - Starting attempt 1 of 2
[2025-11-01T20:22:26.034+0000] {taskinstance.py:2191} INFO - Executing <Task(PythonOperator): ensure_bronze_prereqs> on 2025-10-18 00:00:00+00:00
[2025-11-01T20:22:26.039+0000] {standard_task_runner.py:60} INFO - Started process 1806 to run task
[2025-11-01T20:22:26.043+0000] {standard_task_runner.py:87} INFO - Running: ['***', 'tasks', 'run', 'silver_transformation_pipeline', 'ensure_bronze_prereqs', 'scheduled__2025-10-18T00:00:00+00:00', '--job-id', '194', '--raw', '--subdir', 'DAGS_FOLDER/silver_dag.py', '--cfg-path', '/tmp/tmpu1r0iuk2']
[2025-11-01T20:22:26.046+0000] {standard_task_runner.py:88} INFO - Job 194: Subtask ensure_bronze_prereqs
[2025-11-01T20:22:26.134+0000] {task_command.py:423} INFO - Running <TaskInstance: silver_transformation_pipeline.ensure_bronze_prereqs scheduled__2025-10-18T00:00:00+00:00 [running]> on host 6335aa85b335
[2025-11-01T20:22:26.223+0000] {taskinstance.py:2480} INFO - Exporting env vars: AIRFLOW_CTX_DAG_OWNER='***' AIRFLOW_CTX_DAG_ID='silver_transformation_pipeline' AIRFLOW_CTX_TASK_ID='ensure_bronze_prereqs' AIRFLOW_CTX_EXECUTION_DATE='2025-10-18T00:00:00+00:00' AIRFLOW_CTX_TRY_NUMBER='1' AIRFLOW_CTX_DAG_RUN_ID='scheduled__2025-10-18T00:00:00+00:00'
[2025-11-01T20:22:26.226+0000] {crypto.py:82} WARNING - empty cryptography key - values will not be stored encrypted.
[2025-11-01T20:22:26.227+0000] {base.py:83} INFO - Using connection ID 'clickhouse_default' for task execution.
[2025-11-01T20:22:26.235+0000] {python.py:201} INFO - Done. Returned value was: None
[2025-11-01T20:22:26.246+0000] {taskinstance.py:1138} INFO - Marking task as SUCCESS. dag_id=silver_transformation_pipeline, task_id=ensure_bronze_prereqs, execution_date=20251018T000000, start_date=20251101T202226, end_date=20251101T202226
[2025-11-01T20:22:26.298+0000] {local_task_job_runner.py:234} INFO - Task exited with return code 0
[2025-11-01T20:22:26.325+0000] {taskinstance.py:3280} INFO - 3 downstream tasks scheduled from follow-on schedule check
[2025-11-02T01:37:40.065+0000] {taskinstance.py:1956} INFO - Dependencies all met for dep_context=non-requeueable deps ti=<TaskInstance: silver_transformation_pipeline.ensure_bronze_prereqs scheduled__2025-10-18T00:00:00+00:00 [queued]>
[2025-11-02T01:37:40.075+0000] {taskinstance.py:1956} INFO - Dependencies all met for dep_context=requeueable deps ti=<TaskInstance: silver_transformation_pipeline.ensure_bronze_prereqs scheduled__2025-10-18T00:00:00+00:00 [queued]>
[2025-11-02T01:37:40.075+0000] {taskinstance.py:2170} INFO - Starting attempt 1 of 2
[2025-11-02T01:37:40.091+0000] {taskinstance.py:2191} INFO - Executing <Task(PythonOperator): ensure_bronze_prereqs> on 2025-10-18 00:00:00+00:00
[2025-11-02T01:37:40.097+0000] {standard_task_runner.py:60} INFO - Started process 2670 to run task
[2025-11-02T01:37:40.101+0000] {standard_task_runner.py:87} INFO - Running: ['***', 'tasks', 'run', 'silver_transformation_pipeline', 'ensure_bronze_prereqs', 'scheduled__2025-10-18T00:00:00+00:00', '--job-id', '198', '--raw', '--subdir', 'DAGS_FOLDER/silver_dag.py', '--cfg-path', '/tmp/tmpsuzimexa']
[2025-11-02T01:37:40.103+0000] {standard_task_runner.py:88} INFO - Job 198: Subtask ensure_bronze_prereqs
[2025-11-02T01:37:40.177+0000] {task_command.py:423} INFO - Running <TaskInstance: silver_transformation_pipeline.ensure_bronze_prereqs scheduled__2025-10-18T00:00:00+00:00 [running]> on host 3b0074fa0b5e
[2025-11-02T01:37:40.276+0000] {taskinstance.py:2480} INFO - Exporting env vars: AIRFLOW_CTX_DAG_OWNER='***' AIRFLOW_CTX_DAG_ID='silver_transformation_pipeline' AIRFLOW_CTX_TASK_ID='ensure_bronze_prereqs' AIRFLOW_CTX_EXECUTION_DATE='2025-10-18T00:00:00+00:00' AIRFLOW_CTX_TRY_NUMBER='1' AIRFLOW_CTX_DAG_RUN_ID='scheduled__2025-10-18T00:00:00+00:00'
[2025-11-02T01:37:40.278+0000] {crypto.py:82} WARNING - empty cryptography key - values will not be stored encrypted.
[2025-11-02T01:37:40.280+0000] {base.py:83} INFO - Using connection ID 'clickhouse_default' for task execution.
[2025-11-02T01:37:40.289+0000] {python.py:201} INFO - Done. Returned value was: None
[2025-11-02T01:37:40.301+0000] {taskinstance.py:1138} INFO - Marking task as SUCCESS. dag_id=silver_transformation_pipeline, task_id=ensure_bronze_prereqs, execution_date=20251018T000000, start_date=20251102T013740, end_date=20251102T013740
[2025-11-02T01:37:40.355+0000] {local_task_job_runner.py:234} INFO - Task exited with return code 0
[2025-11-02T01:37:40.378+0000] {taskinstance.py:3280} INFO - 3 downstream tasks scheduled from follow-on schedule check
[2025-11-02T11:33:08.934+0000] {taskinstance.py:1956} INFO - Dependencies all met for dep_context=non-requeueable deps ti=<TaskInstance: silver_transformation_pipeline.ensure_bronze_prereqs scheduled__2025-10-18T00:00:00+00:00 [queued]>
[2025-11-02T11:33:08.950+0000] {taskinstance.py:1956} INFO - Dependencies all met for dep_context=requeueable deps ti=<TaskInstance: silver_transformation_pipeline.ensure_bronze_prereqs scheduled__2025-10-18T00:00:00+00:00 [queued]>
[2025-11-02T11:33:08.951+0000] {taskinstance.py:2170} INFO - Starting attempt 1 of 2
[2025-11-02T11:33:08.971+0000] {taskinstance.py:2191} INFO - Executing <Task(PythonOperator): ensure_bronze_prereqs> on 2025-10-18 00:00:00+00:00
[2025-11-02T11:33:08.979+0000] {standard_task_runner.py:60} INFO - Started process 2807 to run task
[2025-11-02T11:33:08.983+0000] {standard_task_runner.py:87} INFO - Running: ['***', 'tasks', 'run', 'silver_transformation_pipeline', 'ensure_bronze_prereqs', 'scheduled__2025-10-18T00:00:00+00:00', '--job-id', '210', '--raw', '--subdir', 'DAGS_FOLDER/silver_dag.py', '--cfg-path', '/tmp/tmppx6_tb_g']
[2025-11-02T11:33:08.987+0000] {standard_task_runner.py:88} INFO - Job 210: Subtask ensure_bronze_prereqs
[2025-11-02T11:33:09.081+0000] {task_command.py:423} INFO - Running <TaskInstance: silver_transformation_pipeline.ensure_bronze_prereqs scheduled__2025-10-18T00:00:00+00:00 [running]> on host 0d39d4365eb9
[2025-11-02T11:33:09.259+0000] {taskinstance.py:2480} INFO - Exporting env vars: AIRFLOW_CTX_DAG_OWNER='***' AIRFLOW_CTX_DAG_ID='silver_transformation_pipeline' AIRFLOW_CTX_TASK_ID='ensure_bronze_prereqs' AIRFLOW_CTX_EXECUTION_DATE='2025-10-18T00:00:00+00:00' AIRFLOW_CTX_TRY_NUMBER='1' AIRFLOW_CTX_DAG_RUN_ID='scheduled__2025-10-18T00:00:00+00:00'
[2025-11-02T11:33:09.266+0000] {crypto.py:82} WARNING - empty cryptography key - values will not be stored encrypted.
[2025-11-02T11:33:09.268+0000] {base.py:83} INFO - Using connection ID 'clickhouse_default' for task execution.
[2025-11-02T11:33:09.283+0000] {python.py:201} INFO - Done. Returned value was: None
[2025-11-02T11:33:09.299+0000] {taskinstance.py:1138} INFO - Marking task as SUCCESS. dag_id=silver_transformation_pipeline, task_id=ensure_bronze_prereqs, execution_date=20251018T000000, start_date=20251102T113308, end_date=20251102T113309
[2025-11-02T11:33:09.357+0000] {local_task_job_runner.py:234} INFO - Task exited with return code 0
[2025-11-02T11:33:09.417+0000] {taskinstance.py:3280} INFO - 3 downstream tasks scheduled from follow-on schedule check
