[2025-11-26T19:22:38.744+0000] {taskinstance.py:1956} INFO - Dependencies all met for dep_context=non-requeueable deps ti=<TaskInstance: silver_transformation_pipeline.dbt_run_merchants scheduled__2025-11-09T00:00:00+00:00 [queued]>
[2025-11-26T19:22:38.903+0000] {taskinstance.py:1956} INFO - Dependencies all met for dep_context=requeueable deps ti=<TaskInstance: silver_transformation_pipeline.dbt_run_merchants scheduled__2025-11-09T00:00:00+00:00 [queued]>
[2025-11-26T19:22:38.915+0000] {taskinstance.py:2170} INFO - Starting attempt 1 of 2
[2025-11-26T19:22:39.293+0000] {taskinstance.py:2191} INFO - Executing <Task(PythonOperator): dbt_run_merchants> on 2025-11-09 00:00:00+00:00
[2025-11-26T19:22:39.348+0000] {standard_task_runner.py:60} INFO - Started process 293 to run task
[2025-11-26T19:22:39.370+0000] {standard_task_runner.py:87} INFO - Running: ['***', 'tasks', 'run', 'silver_transformation_pipeline', 'dbt_run_merchants', 'scheduled__2025-11-09T00:00:00+00:00', '--job-id', '534', '--raw', '--subdir', 'DAGS_FOLDER/silver_dag.py', '--cfg-path', '/tmp/tmphwoft9mw']
[2025-11-26T19:22:39.385+0000] {standard_task_runner.py:88} INFO - Job 534: Subtask dbt_run_merchants
[2025-11-26T19:22:39.691+0000] {task_command.py:423} INFO - Running <TaskInstance: silver_transformation_pipeline.dbt_run_merchants scheduled__2025-11-09T00:00:00+00:00 [running]> on host 0d39d4365eb9
[2025-11-26T19:22:40.208+0000] {taskinstance.py:2480} INFO - Exporting env vars: AIRFLOW_CTX_DAG_OWNER='***' AIRFLOW_CTX_DAG_ID='silver_transformation_pipeline' AIRFLOW_CTX_TASK_ID='dbt_run_merchants' AIRFLOW_CTX_EXECUTION_DATE='2025-11-09T00:00:00+00:00' AIRFLOW_CTX_TRY_NUMBER='1' AIRFLOW_CTX_DAG_RUN_ID='scheduled__2025-11-09T00:00:00+00:00'
[2025-11-26T19:23:02.743+0000] {local_task_job_runner.py:121} ERROR - Received SIGTERM. Terminating subprocesses
[2025-11-26T19:23:02.821+0000] {process_utils.py:131} INFO - Sending 15 to group 293. PIDs of all processes in the group: [313, 293]
[2025-11-26T19:23:02.831+0000] {process_utils.py:86} INFO - Sending the signal 15 to group 293
[2025-11-26T19:23:02.835+0000] {taskinstance.py:2450} ERROR - Received SIGTERM. Terminating subprocesses.
[2025-11-26T19:23:03.228+0000] {taskinstance.py:2698} ERROR - Task failed with exception
Traceback (most recent call last):
  File "/home/airflow/.local/lib/python3.8/site-packages/airflow/models/taskinstance.py", line 433, in _execute_task
    result = execute_callable(context=context, **execute_callable_kwargs)
  File "/home/airflow/.local/lib/python3.8/site-packages/airflow/operators/python.py", line 199, in execute
    return_value = self.execute_callable()
  File "/home/airflow/.local/lib/python3.8/site-packages/airflow/operators/python.py", line 216, in execute_callable
    return self.python_callable(*self.op_args, **self.op_kwargs)
  File "/opt/airflow/dags/silver_dag.py", line 192, in <lambda>
    python_callable=lambda ds, **_: _run_dbt("silver_merchants", ds=ds, full_refresh=False, pass_ds_lagged=True),
  File "/opt/airflow/dags/silver_dag.py", line 148, in _run_dbt
    proc = subprocess.run(args, text=True, capture_output=True)
  File "/usr/local/lib/python3.8/subprocess.py", line 495, in run
    stdout, stderr = process.communicate(input, timeout=timeout)
  File "/usr/local/lib/python3.8/subprocess.py", line 1028, in communicate
    stdout, stderr = self._communicate(input, endtime, timeout)
  File "/usr/local/lib/python3.8/subprocess.py", line 1884, in _communicate
    ready = selector.select(timeout)
  File "/usr/local/lib/python3.8/selectors.py", line 415, in select
    fd_event_list = self._selector.poll(timeout)
  File "/home/airflow/.local/lib/python3.8/site-packages/airflow/models/taskinstance.py", line 2452, in signal_handler
    raise AirflowException("Task received SIGTERM signal")
airflow.exceptions.AirflowException: Task received SIGTERM signal
[2025-11-26T19:23:03.338+0000] {process_utils.py:79} INFO - Process psutil.Process(pid=313, status='terminated', started='19:22:39') (313) terminated with exit code None
[2025-11-26T19:23:03.415+0000] {taskinstance.py:1138} INFO - Marking task as UP_FOR_RETRY. dag_id=silver_transformation_pipeline, task_id=dbt_run_merchants, execution_date=20251109T000000, start_date=20251126T192238, end_date=20251126T192303
[2025-11-26T19:23:03.493+0000] {standard_task_runner.py:107} ERROR - Failed to execute job 534 for task dbt_run_merchants (Task received SIGTERM signal; 293)
[2025-11-26T19:23:03.542+0000] {process_utils.py:79} INFO - Process psutil.Process(pid=293, status='terminated', exitcode=1, started='19:22:38') (293) terminated with exit code 1
[2025-11-26T19:23:03.548+0000] {local_task_job_runner.py:234} INFO - Task exited with return code 143
[2025-11-26T19:23:03.731+0000] {taskinstance.py:3280} INFO - 0 downstream tasks scheduled from follow-on schedule check
[2025-11-26T19:23:04.767+0000] {local_task_job_runner.py:121} ERROR - Received SIGTERM. Terminating subprocesses
[2025-11-26T19:23:04.798+0000] {local_task_job_runner.py:234} INFO - Task exited with return code 143
[2025-11-26T19:23:04.836+0000] {taskinstance.py:3280} INFO - 0 downstream tasks scheduled from follow-on schedule check
