[2025-11-02T00:28:37.169+0000] {taskinstance.py:1956} INFO - Dependencies all met for dep_context=non-requeueable deps ti=<TaskInstance: gold_dimensions_pipeline.dbt_dim_date scheduled__2025-10-18T00:00:00+00:00 [queued]>
[2025-11-02T00:28:37.185+0000] {taskinstance.py:1956} INFO - Dependencies all met for dep_context=requeueable deps ti=<TaskInstance: gold_dimensions_pipeline.dbt_dim_date scheduled__2025-10-18T00:00:00+00:00 [queued]>
[2025-11-02T00:28:37.186+0000] {taskinstance.py:2170} INFO - Starting attempt 1 of 2
[2025-11-02T00:28:37.205+0000] {taskinstance.py:2191} INFO - Executing <Task(PythonOperator): dbt_dim_date> on 2025-10-18 00:00:00+00:00
[2025-11-02T00:28:37.211+0000] {standard_task_runner.py:60} INFO - Started process 15826 to run task
[2025-11-02T00:28:37.217+0000] {standard_task_runner.py:87} INFO - Running: ['***', 'tasks', 'run', 'gold_dimensions_pipeline', 'dbt_dim_date', 'scheduled__2025-10-18T00:00:00+00:00', '--job-id', '371', '--raw', '--subdir', 'DAGS_FOLDER/gold_dag.py', '--cfg-path', '/tmp/tmp0og6jlo2']
[2025-11-02T00:28:37.220+0000] {standard_task_runner.py:88} INFO - Job 371: Subtask dbt_dim_date
[2025-11-02T00:28:37.320+0000] {task_command.py:423} INFO - Running <TaskInstance: gold_dimensions_pipeline.dbt_dim_date scheduled__2025-10-18T00:00:00+00:00 [running]> on host 6335aa85b335
[2025-11-02T00:28:37.451+0000] {taskinstance.py:2480} INFO - Exporting env vars: AIRFLOW_CTX_DAG_OWNER='***' AIRFLOW_CTX_DAG_ID='gold_dimensions_pipeline' AIRFLOW_CTX_TASK_ID='dbt_dim_date' AIRFLOW_CTX_EXECUTION_DATE='2025-10-18T00:00:00+00:00' AIRFLOW_CTX_TRY_NUMBER='1' AIRFLOW_CTX_DAG_RUN_ID='scheduled__2025-10-18T00:00:00+00:00'
[2025-11-02T00:28:46.932+0000] {python.py:201} INFO - Done. Returned value was: None
[2025-11-02T00:28:46.956+0000] {taskinstance.py:1138} INFO - Marking task as SUCCESS. dag_id=gold_dimensions_pipeline, task_id=dbt_dim_date, execution_date=20251018T000000, start_date=20251102T002837, end_date=20251102T002846
[2025-11-02T00:28:47.036+0000] {local_task_job_runner.py:234} INFO - Task exited with return code 0
[2025-11-02T00:28:47.060+0000] {taskinstance.py:3280} INFO - 0 downstream tasks scheduled from follow-on schedule check
[2025-11-02T11:44:43.471+0000] {taskinstance.py:1956} INFO - Dependencies all met for dep_context=non-requeueable deps ti=<TaskInstance: gold_dimensions_pipeline.dbt_dim_date scheduled__2025-10-18T00:00:00+00:00 [queued]>
[2025-11-02T11:44:43.481+0000] {taskinstance.py:1956} INFO - Dependencies all met for dep_context=requeueable deps ti=<TaskInstance: gold_dimensions_pipeline.dbt_dim_date scheduled__2025-10-18T00:00:00+00:00 [queued]>
[2025-11-02T11:44:43.482+0000] {taskinstance.py:2170} INFO - Starting attempt 1 of 3
[2025-11-02T11:44:43.502+0000] {taskinstance.py:2191} INFO - Executing <Task(PythonOperator): dbt_dim_date> on 2025-10-18 00:00:00+00:00
[2025-11-02T11:44:43.511+0000] {standard_task_runner.py:60} INFO - Started process 5623 to run task
[2025-11-02T11:44:43.518+0000] {standard_task_runner.py:87} INFO - Running: ['***', 'tasks', 'run', 'gold_dimensions_pipeline', 'dbt_dim_date', 'scheduled__2025-10-18T00:00:00+00:00', '--job-id', '340', '--raw', '--subdir', 'DAGS_FOLDER/gold_dag.py', '--cfg-path', '/tmp/tmp3_07qpv6']
[2025-11-02T11:44:43.524+0000] {standard_task_runner.py:88} INFO - Job 340: Subtask dbt_dim_date
[2025-11-02T11:44:43.648+0000] {task_command.py:423} INFO - Running <TaskInstance: gold_dimensions_pipeline.dbt_dim_date scheduled__2025-10-18T00:00:00+00:00 [running]> on host 0d39d4365eb9
[2025-11-02T11:44:43.819+0000] {taskinstance.py:2480} INFO - Exporting env vars: AIRFLOW_CTX_DAG_OWNER='***' AIRFLOW_CTX_DAG_ID='gold_dimensions_pipeline' AIRFLOW_CTX_TASK_ID='dbt_dim_date' AIRFLOW_CTX_EXECUTION_DATE='2025-10-18T00:00:00+00:00' AIRFLOW_CTX_TRY_NUMBER='1' AIRFLOW_CTX_DAG_RUN_ID='scheduled__2025-10-18T00:00:00+00:00'
[2025-11-02T11:44:49.159+0000] {logging_mixin.py:188} INFO - ==== DBT STDOUT ====
[2025-11-02T11:44:49.160+0000] {logging_mixin.py:188} INFO - 11:44:46  Running with dbt=1.5.9
11:44:46  Registered adapter: clickhouse=1.5.2
11:44:47  [WARNING]: Configuration paths exist in your dbt_project.yml file which do not apply to any resources.
There are 2 unused configuration paths:
- models.ck_project.gold.fact
- models.ck_project.bronze
11:44:47  Found 7 models, 17 tests, 0 snapshots, 0 analyses, 349 macros, 0 operations, 0 seed files, 6 sources, 0 exposures, 0 metrics, 0 groups
11:44:47  
11:44:47  Concurrency: 4 threads (target='dev')
11:44:47  
11:44:47  1 of 1 START sql table model gold.dim_date ..................................... [RUN]
11:44:48  1 of 1 OK created sql table model gold.dim_date ................................ [OK in 0.23s]
11:44:48  
11:44:48  Finished running 1 table model in 0 hours 0 minutes and 0.64 seconds (0.64s).
11:44:48  
11:44:48  Completed successfully
11:44:48  
11:44:48  Done. PASS=1 WARN=0 ERROR=0 SKIP=0 TOTAL=1
[2025-11-02T11:44:49.161+0000] {logging_mixin.py:188} INFO - ==== DBT STDERR ====
[2025-11-02T11:44:49.162+0000] {python.py:201} INFO - Done. Returned value was: None
[2025-11-02T11:44:49.179+0000] {taskinstance.py:1138} INFO - Marking task as SUCCESS. dag_id=gold_dimensions_pipeline, task_id=dbt_dim_date, execution_date=20251018T000000, start_date=20251102T114443, end_date=20251102T114449
[2025-11-02T11:44:49.211+0000] {local_task_job_runner.py:234} INFO - Task exited with return code 0
[2025-11-02T11:44:49.241+0000] {taskinstance.py:3280} INFO - 3 downstream tasks scheduled from follow-on schedule check
