[2025-11-02T00:29:33.572+0000] {taskinstance.py:1956} INFO - Dependencies all met for dep_context=non-requeueable deps ti=<TaskInstance: gold_dimensions_pipeline.dbt_dim_date scheduled__2025-10-22T00:00:00+00:00 [queued]>
[2025-11-02T00:29:33.597+0000] {taskinstance.py:1956} INFO - Dependencies all met for dep_context=requeueable deps ti=<TaskInstance: gold_dimensions_pipeline.dbt_dim_date scheduled__2025-10-22T00:00:00+00:00 [queued]>
[2025-11-02T00:29:33.603+0000] {taskinstance.py:2170} INFO - Starting attempt 1 of 2
[2025-11-02T00:29:33.633+0000] {taskinstance.py:2191} INFO - Executing <Task(PythonOperator): dbt_dim_date> on 2025-10-22 00:00:00+00:00
[2025-11-02T00:29:33.646+0000] {standard_task_runner.py:60} INFO - Started process 16206 to run task
[2025-11-02T00:29:33.656+0000] {standard_task_runner.py:87} INFO - Running: ['***', 'tasks', 'run', 'gold_dimensions_pipeline', 'dbt_dim_date', 'scheduled__2025-10-22T00:00:00+00:00', '--job-id', '393', '--raw', '--subdir', 'DAGS_FOLDER/gold_dag.py', '--cfg-path', '/tmp/tmp71tgiqnf']
[2025-11-02T00:29:33.660+0000] {standard_task_runner.py:88} INFO - Job 393: Subtask dbt_dim_date
[2025-11-02T00:29:33.801+0000] {task_command.py:423} INFO - Running <TaskInstance: gold_dimensions_pipeline.dbt_dim_date scheduled__2025-10-22T00:00:00+00:00 [running]> on host 6335aa85b335
[2025-11-02T00:29:34.005+0000] {taskinstance.py:2480} INFO - Exporting env vars: AIRFLOW_CTX_DAG_OWNER='***' AIRFLOW_CTX_DAG_ID='gold_dimensions_pipeline' AIRFLOW_CTX_TASK_ID='dbt_dim_date' AIRFLOW_CTX_EXECUTION_DATE='2025-10-22T00:00:00+00:00' AIRFLOW_CTX_TRY_NUMBER='1' AIRFLOW_CTX_DAG_RUN_ID='scheduled__2025-10-22T00:00:00+00:00'
[2025-11-02T00:29:44.244+0000] {python.py:201} INFO - Done. Returned value was: None
[2025-11-02T00:29:44.263+0000] {taskinstance.py:1138} INFO - Marking task as SUCCESS. dag_id=gold_dimensions_pipeline, task_id=dbt_dim_date, execution_date=20251022T000000, start_date=20251102T002933, end_date=20251102T002944
[2025-11-02T00:29:44.310+0000] {local_task_job_runner.py:234} INFO - Task exited with return code 0
[2025-11-02T00:29:44.338+0000] {taskinstance.py:3280} INFO - 0 downstream tasks scheduled from follow-on schedule check
[2025-11-02T11:45:39.648+0000] {taskinstance.py:1956} INFO - Dependencies all met for dep_context=non-requeueable deps ti=<TaskInstance: gold_dimensions_pipeline.dbt_dim_date scheduled__2025-10-22T00:00:00+00:00 [queued]>
[2025-11-02T11:45:39.658+0000] {taskinstance.py:1956} INFO - Dependencies all met for dep_context=requeueable deps ti=<TaskInstance: gold_dimensions_pipeline.dbt_dim_date scheduled__2025-10-22T00:00:00+00:00 [queued]>
[2025-11-02T11:45:39.659+0000] {taskinstance.py:2170} INFO - Starting attempt 1 of 3
[2025-11-02T11:45:39.675+0000] {taskinstance.py:2191} INFO - Executing <Task(PythonOperator): dbt_dim_date> on 2025-10-22 00:00:00+00:00
[2025-11-02T11:45:39.681+0000] {standard_task_runner.py:60} INFO - Started process 5917 to run task
[2025-11-02T11:45:39.685+0000] {standard_task_runner.py:87} INFO - Running: ['***', 'tasks', 'run', 'gold_dimensions_pipeline', 'dbt_dim_date', 'scheduled__2025-10-22T00:00:00+00:00', '--job-id', '356', '--raw', '--subdir', 'DAGS_FOLDER/gold_dag.py', '--cfg-path', '/tmp/tmppbnvu40d']
[2025-11-02T11:45:39.689+0000] {standard_task_runner.py:88} INFO - Job 356: Subtask dbt_dim_date
[2025-11-02T11:45:39.807+0000] {task_command.py:423} INFO - Running <TaskInstance: gold_dimensions_pipeline.dbt_dim_date scheduled__2025-10-22T00:00:00+00:00 [running]> on host 0d39d4365eb9
[2025-11-02T11:45:39.966+0000] {taskinstance.py:2480} INFO - Exporting env vars: AIRFLOW_CTX_DAG_OWNER='***' AIRFLOW_CTX_DAG_ID='gold_dimensions_pipeline' AIRFLOW_CTX_TASK_ID='dbt_dim_date' AIRFLOW_CTX_EXECUTION_DATE='2025-10-22T00:00:00+00:00' AIRFLOW_CTX_TRY_NUMBER='1' AIRFLOW_CTX_DAG_RUN_ID='scheduled__2025-10-22T00:00:00+00:00'
[2025-11-02T11:45:46.917+0000] {logging_mixin.py:188} INFO - ==== DBT STDOUT ====
[2025-11-02T11:45:46.918+0000] {logging_mixin.py:188} INFO - 11:45:43  Running with dbt=1.5.9
11:45:44  Registered adapter: clickhouse=1.5.2
11:45:45  [WARNING]: Configuration paths exist in your dbt_project.yml file which do not apply to any resources.
There are 2 unused configuration paths:
- models.ck_project.bronze
- models.ck_project.gold.fact
11:45:45  Found 7 models, 17 tests, 0 snapshots, 0 analyses, 349 macros, 0 operations, 0 seed files, 6 sources, 0 exposures, 0 metrics, 0 groups
11:45:45  
11:45:45  Concurrency: 4 threads (target='dev')
11:45:45  
11:45:45  1 of 1 START sql table model gold.dim_date ..................................... [RUN]
11:45:46  1 of 1 OK created sql table model gold.dim_date ................................ [OK in 0.24s]
11:45:46  
11:45:46  Finished running 1 table model in 0 hours 0 minutes and 0.61 seconds (0.61s).
11:45:46  
11:45:46  Completed successfully
11:45:46  
11:45:46  Done. PASS=1 WARN=0 ERROR=0 SKIP=0 TOTAL=1
[2025-11-02T11:45:46.919+0000] {logging_mixin.py:188} INFO - ==== DBT STDERR ====
[2025-11-02T11:45:46.920+0000] {python.py:201} INFO - Done. Returned value was: None
[2025-11-02T11:45:46.935+0000] {taskinstance.py:1138} INFO - Marking task as SUCCESS. dag_id=gold_dimensions_pipeline, task_id=dbt_dim_date, execution_date=20251022T000000, start_date=20251102T114539, end_date=20251102T114546
[2025-11-02T11:45:46.982+0000] {local_task_job_runner.py:234} INFO - Task exited with return code 0
[2025-11-02T11:45:47.015+0000] {taskinstance.py:3280} INFO - 3 downstream tasks scheduled from follow-on schedule check
