[2025-10-31T18:31:44.476+0000] {taskinstance.py:1956} INFO - Dependencies all met for dep_context=non-requeueable deps ti=<TaskInstance: ingestion_pipeline.load_payments_bronze manual__2025-10-31T18:31:43.291433+00:00 [queued]>
[2025-10-31T18:31:44.487+0000] {taskinstance.py:1956} INFO - Dependencies all met for dep_context=requeueable deps ti=<TaskInstance: ingestion_pipeline.load_payments_bronze manual__2025-10-31T18:31:43.291433+00:00 [queued]>
[2025-10-31T18:31:44.488+0000] {taskinstance.py:2170} INFO - Starting attempt 1 of 2
[2025-10-31T18:31:44.505+0000] {taskinstance.py:2191} INFO - Executing <Task(PythonOperator): load_payments_bronze> on 2025-10-31 18:31:43.291433+00:00
[2025-10-31T18:31:44.512+0000] {standard_task_runner.py:60} INFO - Started process 378 to run task
[2025-10-31T18:31:44.516+0000] {standard_task_runner.py:87} INFO - Running: ['***', 'tasks', 'run', 'ingestion_pipeline', 'load_payments_bronze', 'manual__2025-10-31T18:31:43.291433+00:00', '--job-id', '12', '--raw', '--subdir', 'DAGS_FOLDER/ingestion_dag.py', '--cfg-path', '/tmp/tmpw4ffrru6']
[2025-10-31T18:31:44.518+0000] {standard_task_runner.py:88} INFO - Job 12: Subtask load_payments_bronze
[2025-10-31T18:31:44.599+0000] {task_command.py:423} INFO - Running <TaskInstance: ingestion_pipeline.load_payments_bronze manual__2025-10-31T18:31:43.291433+00:00 [running]> on host 92f19c50725c
[2025-10-31T18:31:44.710+0000] {taskinstance.py:2480} INFO - Exporting env vars: AIRFLOW_CTX_DAG_OWNER='***' AIRFLOW_CTX_DAG_ID='ingestion_pipeline' AIRFLOW_CTX_TASK_ID='load_payments_bronze' AIRFLOW_CTX_EXECUTION_DATE='2025-10-31T18:31:43.291433+00:00' AIRFLOW_CTX_TRY_NUMBER='1' AIRFLOW_CTX_DAG_RUN_ID='manual__2025-10-31T18:31:43.291433+00:00'
[2025-10-31T18:31:45.438+0000] {payments_to_clickhouse.py:90} INFO - [payments->ch] Target CSV: /tmp/data/payments/payments-20251002.csv
[2025-10-31T18:31:45.440+0000] {payments_to_clickhouse.py:95} INFO - [payments->ch] Folder listing: ['payments-20251001.csv', 'payments-20251002.csv', 'payments-20251003.csv']
[2025-10-31T18:31:45.468+0000] {crypto.py:82} WARNING - empty cryptography key - values will not be stored encrypted.
[2025-10-31T18:31:45.469+0000] {base.py:83} INFO - Using connection ID 'clickhouse_default' for task execution.
[2025-10-31T18:31:45.484+0000] {payments_to_clickhouse.py:185} INFO - [payments->ch] Deleted existing rows for _source_file=payments-20251002.csv.
[2025-10-31T18:31:45.491+0000] {payments_to_clickhouse.py:197} INFO - [payments->ch] Deleted existing rows for _snapshot_date=2025-10-02.
[2025-10-31T18:31:45.572+0000] {payments_to_clickhouse.py:211} INFO - [payments->ch] Inserted 781 rows into bronze.payments.
[2025-10-31T18:31:45.574+0000] {python.py:201} INFO - Done. Returned value was: None
[2025-10-31T18:31:45.591+0000] {taskinstance.py:1138} INFO - Marking task as SUCCESS. dag_id=ingestion_pipeline, task_id=load_payments_bronze, execution_date=20251031T183143, start_date=20251031T183144, end_date=20251031T183145
[2025-10-31T18:31:45.653+0000] {local_task_job_runner.py:234} INFO - Task exited with return code 0
[2025-10-31T18:31:45.671+0000] {taskinstance.py:3280} INFO - 0 downstream tasks scheduled from follow-on schedule check
