[2025-11-02T13:07:52.851+0000] {taskinstance.py:1956} INFO - Dependencies all met for dep_context=non-requeueable deps ti=<TaskInstance: gold_dimensions_pipeline.dbt_dim_payment_state manual__2025-11-02T13:07:50.725059+00:00 [queued]>
[2025-11-02T13:07:52.892+0000] {taskinstance.py:1956} INFO - Dependencies all met for dep_context=requeueable deps ti=<TaskInstance: gold_dimensions_pipeline.dbt_dim_payment_state manual__2025-11-02T13:07:50.725059+00:00 [queued]>
[2025-11-02T13:07:52.903+0000] {taskinstance.py:2170} INFO - Starting attempt 1 of 3
[2025-11-02T13:07:52.989+0000] {taskinstance.py:2191} INFO - Executing <Task(PythonOperator): dbt_dim_payment_state> on 2025-11-02 13:07:50.725059+00:00
[2025-11-02T13:07:53.008+0000] {standard_task_runner.py:60} INFO - Started process 11553 to run task
[2025-11-02T13:07:53.025+0000] {standard_task_runner.py:87} INFO - Running: ['***', 'tasks', 'run', 'gold_dimensions_pipeline', 'dbt_dim_payment_state', 'manual__2025-11-02T13:07:50.725059+00:00', '--job-id', '409', '--raw', '--subdir', 'DAGS_FOLDER/gold_dag.py', '--cfg-path', '/tmp/tmp58k2le1h']
[2025-11-02T13:07:53.037+0000] {standard_task_runner.py:88} INFO - Job 409: Subtask dbt_dim_payment_state
[2025-11-02T13:07:53.402+0000] {task_command.py:423} INFO - Running <TaskInstance: gold_dimensions_pipeline.dbt_dim_payment_state manual__2025-11-02T13:07:50.725059+00:00 [running]> on host 0d39d4365eb9
[2025-11-02T13:07:53.967+0000] {taskinstance.py:2480} INFO - Exporting env vars: AIRFLOW_CTX_DAG_OWNER='***' AIRFLOW_CTX_DAG_ID='gold_dimensions_pipeline' AIRFLOW_CTX_TASK_ID='dbt_dim_payment_state' AIRFLOW_CTX_EXECUTION_DATE='2025-11-02T13:07:50.725059+00:00' AIRFLOW_CTX_TRY_NUMBER='1' AIRFLOW_CTX_DAG_RUN_ID='manual__2025-11-02T13:07:50.725059+00:00'
[2025-11-02T13:08:05.593+0000] {logging_mixin.py:188} INFO - 13:08:05  Running with dbt=1.5.9
[2025-11-02T13:08:06.152+0000] {logging_mixin.py:188} INFO - 13:08:06  Registered adapter: clickhouse=1.5.2
[2025-11-02T13:08:11.870+0000] {logging_mixin.py:188} INFO - 13:08:11  [WARNING]: Configuration paths exist in your dbt_project.yml file which do not apply to any resources.
[2025-11-02T13:08:11.872+0000] {logging_mixin.py:188} INFO - There are 1 unused configuration paths:
[2025-11-02T13:08:11.873+0000] {logging_mixin.py:188} INFO - - models.ck_project.bronze
[2025-11-02T13:08:12.011+0000] {logging_mixin.py:188} INFO - 13:08:12  Found 8 models, 21 tests, 0 snapshots, 0 analyses, 349 macros, 0 operations, 0 seed files, 6 sources, 0 exposures, 0 metrics, 0 groups
[2025-11-02T13:08:12.026+0000] {logging_mixin.py:188} INFO - 13:08:12
[2025-11-02T13:08:13.067+0000] {logging_mixin.py:188} INFO - 13:08:13  Concurrency: 4 threads (target='dev')
[2025-11-02T13:08:13.071+0000] {logging_mixin.py:188} INFO - 13:08:13
[2025-11-02T13:08:13.143+0000] {logging_mixin.py:188} INFO - 13:08:13  1 of 1 START sql table model gold.dim_payment_state ............................ [RUN]
[2025-11-02T13:08:14.169+0000] {logging_mixin.py:188} INFO - 13:08:14  1 of 1 OK created sql table model gold.dim_payment_state ....................... [OK in 1.02s]
[2025-11-02T13:08:14.206+0000] {logging_mixin.py:188} INFO - 13:08:14
[2025-11-02T13:08:14.212+0000] {logging_mixin.py:188} INFO - 13:08:14  Finished running 1 table model in 0 hours 0 minutes and 2.18 seconds (2.18s).
[2025-11-02T13:08:14.332+0000] {logging_mixin.py:188} INFO - 13:08:14
[2025-11-02T13:08:14.343+0000] {logging_mixin.py:188} INFO - 13:08:14  Completed successfully
[2025-11-02T13:08:14.352+0000] {logging_mixin.py:188} INFO - 13:08:14
[2025-11-02T13:08:14.363+0000] {logging_mixin.py:188} INFO - 13:08:14  Done. PASS=1 WARN=0 ERROR=0 SKIP=0 TOTAL=1
[2025-11-02T13:08:15.530+0000] {python.py:201} INFO - Done. Returned value was: None
[2025-11-02T13:08:15.574+0000] {taskinstance.py:1138} INFO - Marking task as SUCCESS. dag_id=gold_dimensions_pipeline, task_id=dbt_dim_payment_state, execution_date=20251102T130750, start_date=20251102T130752, end_date=20251102T130815
[2025-11-02T13:08:15.652+0000] {local_task_job_runner.py:234} INFO - Task exited with return code 0
[2025-11-02T13:08:15.724+0000] {taskinstance.py:3280} INFO - 0 downstream tasks scheduled from follow-on schedule check
