[2025-11-02T00:25:28.009+0000] {taskinstance.py:1956} INFO - Dependencies all met for dep_context=non-requeueable deps ti=<TaskInstance: gold_dimensions_pipeline.dbt_dim_date scheduled__2025-10-05T00:00:00+00:00 [queued]>
[2025-11-02T00:25:28.026+0000] {taskinstance.py:1956} INFO - Dependencies all met for dep_context=requeueable deps ti=<TaskInstance: gold_dimensions_pipeline.dbt_dim_date scheduled__2025-10-05T00:00:00+00:00 [queued]>
[2025-11-02T00:25:28.027+0000] {taskinstance.py:2170} INFO - Starting attempt 1 of 2
[2025-11-02T00:25:28.053+0000] {taskinstance.py:2191} INFO - Executing <Task(PythonOperator): dbt_dim_date> on 2025-10-05 00:00:00+00:00
[2025-11-02T00:25:28.064+0000] {standard_task_runner.py:60} INFO - Started process 14617 to run task
[2025-11-02T00:25:28.069+0000] {standard_task_runner.py:87} INFO - Running: ['***', 'tasks', 'run', 'gold_dimensions_pipeline', 'dbt_dim_date', 'scheduled__2025-10-05T00:00:00+00:00', '--job-id', '308', '--raw', '--subdir', 'DAGS_FOLDER/gold_dag.py', '--cfg-path', '/tmp/tmpyt_jgdfa']
[2025-11-02T00:25:28.074+0000] {standard_task_runner.py:88} INFO - Job 308: Subtask dbt_dim_date
[2025-11-02T00:25:28.196+0000] {task_command.py:423} INFO - Running <TaskInstance: gold_dimensions_pipeline.dbt_dim_date scheduled__2025-10-05T00:00:00+00:00 [running]> on host 6335aa85b335
[2025-11-02T00:25:28.345+0000] {taskinstance.py:2480} INFO - Exporting env vars: AIRFLOW_CTX_DAG_OWNER='***' AIRFLOW_CTX_DAG_ID='gold_dimensions_pipeline' AIRFLOW_CTX_TASK_ID='dbt_dim_date' AIRFLOW_CTX_EXECUTION_DATE='2025-10-05T00:00:00+00:00' AIRFLOW_CTX_TRY_NUMBER='1' AIRFLOW_CTX_DAG_RUN_ID='scheduled__2025-10-05T00:00:00+00:00'
[2025-11-02T00:25:38.127+0000] {python.py:201} INFO - Done. Returned value was: None
[2025-11-02T00:25:38.152+0000] {taskinstance.py:1138} INFO - Marking task as SUCCESS. dag_id=gold_dimensions_pipeline, task_id=dbt_dim_date, execution_date=20251005T000000, start_date=20251102T002528, end_date=20251102T002538
[2025-11-02T00:25:38.206+0000] {local_task_job_runner.py:234} INFO - Task exited with return code 0
[2025-11-02T00:25:38.243+0000] {taskinstance.py:3280} INFO - 0 downstream tasks scheduled from follow-on schedule check
[2025-11-02T11:41:25.274+0000] {taskinstance.py:1956} INFO - Dependencies all met for dep_context=non-requeueable deps ti=<TaskInstance: gold_dimensions_pipeline.dbt_dim_date scheduled__2025-10-05T00:00:00+00:00 [queued]>
[2025-11-02T11:41:25.286+0000] {taskinstance.py:1956} INFO - Dependencies all met for dep_context=requeueable deps ti=<TaskInstance: gold_dimensions_pipeline.dbt_dim_date scheduled__2025-10-05T00:00:00+00:00 [queued]>
[2025-11-02T11:41:25.287+0000] {taskinstance.py:2170} INFO - Starting attempt 1 of 3
[2025-11-02T11:41:25.305+0000] {taskinstance.py:2191} INFO - Executing <Task(PythonOperator): dbt_dim_date> on 2025-10-05 00:00:00+00:00
[2025-11-02T11:41:25.312+0000] {standard_task_runner.py:60} INFO - Started process 4680 to run task
[2025-11-02T11:41:25.317+0000] {standard_task_runner.py:87} INFO - Running: ['***', 'tasks', 'run', 'gold_dimensions_pipeline', 'dbt_dim_date', 'scheduled__2025-10-05T00:00:00+00:00', '--job-id', '288', '--raw', '--subdir', 'DAGS_FOLDER/gold_dag.py', '--cfg-path', '/tmp/tmpgref540t']
[2025-11-02T11:41:25.321+0000] {standard_task_runner.py:88} INFO - Job 288: Subtask dbt_dim_date
[2025-11-02T11:41:25.435+0000] {task_command.py:423} INFO - Running <TaskInstance: gold_dimensions_pipeline.dbt_dim_date scheduled__2025-10-05T00:00:00+00:00 [running]> on host 0d39d4365eb9
[2025-11-02T11:41:25.553+0000] {taskinstance.py:2480} INFO - Exporting env vars: AIRFLOW_CTX_DAG_OWNER='***' AIRFLOW_CTX_DAG_ID='gold_dimensions_pipeline' AIRFLOW_CTX_TASK_ID='dbt_dim_date' AIRFLOW_CTX_EXECUTION_DATE='2025-10-05T00:00:00+00:00' AIRFLOW_CTX_TRY_NUMBER='1' AIRFLOW_CTX_DAG_RUN_ID='scheduled__2025-10-05T00:00:00+00:00'
[2025-11-02T11:41:31.086+0000] {logging_mixin.py:188} INFO - ==== DBT STDOUT ====
[2025-11-02T11:41:31.087+0000] {logging_mixin.py:188} INFO - 11:41:28  Running with dbt=1.5.9
11:41:28  Registered adapter: clickhouse=1.5.2
11:41:29  [WARNING]: Configuration paths exist in your dbt_project.yml file which do not apply to any resources.
There are 2 unused configuration paths:
- models.ck_project.bronze
- models.ck_project.gold.fact
11:41:29  Found 7 models, 17 tests, 0 snapshots, 0 analyses, 349 macros, 0 operations, 0 seed files, 6 sources, 0 exposures, 0 metrics, 0 groups
11:41:29  
11:41:29  Concurrency: 4 threads (target='dev')
11:41:29  
11:41:29  1 of 1 START sql table model gold.dim_date ..................................... [RUN]
11:41:30  1 of 1 OK created sql table model gold.dim_date ................................ [OK in 0.25s]
11:41:30  
11:41:30  Finished running 1 table model in 0 hours 0 minutes and 0.67 seconds (0.67s).
11:41:30  
11:41:30  Completed successfully
11:41:30  
11:41:30  Done. PASS=1 WARN=0 ERROR=0 SKIP=0 TOTAL=1
[2025-11-02T11:41:31.087+0000] {logging_mixin.py:188} INFO - ==== DBT STDERR ====
[2025-11-02T11:41:31.088+0000] {python.py:201} INFO - Done. Returned value was: None
[2025-11-02T11:41:31.107+0000] {taskinstance.py:1138} INFO - Marking task as SUCCESS. dag_id=gold_dimensions_pipeline, task_id=dbt_dim_date, execution_date=20251005T000000, start_date=20251102T114125, end_date=20251102T114131
[2025-11-02T11:41:31.140+0000] {local_task_job_runner.py:234} INFO - Task exited with return code 0
[2025-11-02T11:41:31.165+0000] {taskinstance.py:3280} INFO - 3 downstream tasks scheduled from follow-on schedule check
