[2025-11-01T20:22:53.455+0000] {taskinstance.py:1956} INFO - Dependencies all met for dep_context=non-requeueable deps ti=<TaskInstance: silver_transformation_pipeline.ensure_bronze_prereqs scheduled__2025-10-21T00:00:00+00:00 [queued]>
[2025-11-01T20:22:53.465+0000] {taskinstance.py:1956} INFO - Dependencies all met for dep_context=requeueable deps ti=<TaskInstance: silver_transformation_pipeline.ensure_bronze_prereqs scheduled__2025-10-21T00:00:00+00:00 [queued]>
[2025-11-01T20:22:53.466+0000] {taskinstance.py:2170} INFO - Starting attempt 1 of 2
[2025-11-01T20:22:53.481+0000] {taskinstance.py:2191} INFO - Executing <Task(PythonOperator): ensure_bronze_prereqs> on 2025-10-21 00:00:00+00:00
[2025-11-01T20:22:53.487+0000] {standard_task_runner.py:60} INFO - Started process 1959 to run task
[2025-11-01T20:22:53.490+0000] {standard_task_runner.py:87} INFO - Running: ['***', 'tasks', 'run', 'silver_transformation_pipeline', 'ensure_bronze_prereqs', 'scheduled__2025-10-21T00:00:00+00:00', '--job-id', '206', '--raw', '--subdir', 'DAGS_FOLDER/silver_dag.py', '--cfg-path', '/tmp/tmpwqhwwfpo']
[2025-11-01T20:22:53.493+0000] {standard_task_runner.py:88} INFO - Job 206: Subtask ensure_bronze_prereqs
[2025-11-01T20:22:53.565+0000] {task_command.py:423} INFO - Running <TaskInstance: silver_transformation_pipeline.ensure_bronze_prereqs scheduled__2025-10-21T00:00:00+00:00 [running]> on host 6335aa85b335
[2025-11-01T20:22:53.659+0000] {taskinstance.py:2480} INFO - Exporting env vars: AIRFLOW_CTX_DAG_OWNER='***' AIRFLOW_CTX_DAG_ID='silver_transformation_pipeline' AIRFLOW_CTX_TASK_ID='ensure_bronze_prereqs' AIRFLOW_CTX_EXECUTION_DATE='2025-10-21T00:00:00+00:00' AIRFLOW_CTX_TRY_NUMBER='1' AIRFLOW_CTX_DAG_RUN_ID='scheduled__2025-10-21T00:00:00+00:00'
[2025-11-01T20:22:53.662+0000] {crypto.py:82} WARNING - empty cryptography key - values will not be stored encrypted.
[2025-11-01T20:22:53.663+0000] {base.py:83} INFO - Using connection ID 'clickhouse_default' for task execution.
[2025-11-01T20:22:53.671+0000] {python.py:201} INFO - Done. Returned value was: None
[2025-11-01T20:22:53.684+0000] {taskinstance.py:1138} INFO - Marking task as SUCCESS. dag_id=silver_transformation_pipeline, task_id=ensure_bronze_prereqs, execution_date=20251021T000000, start_date=20251101T202253, end_date=20251101T202253
[2025-11-01T20:22:53.704+0000] {local_task_job_runner.py:234} INFO - Task exited with return code 0
[2025-11-01T20:22:53.727+0000] {taskinstance.py:3280} INFO - 3 downstream tasks scheduled from follow-on schedule check
[2025-11-02T01:38:10.525+0000] {taskinstance.py:1956} INFO - Dependencies all met for dep_context=non-requeueable deps ti=<TaskInstance: silver_transformation_pipeline.ensure_bronze_prereqs scheduled__2025-10-21T00:00:00+00:00 [queued]>
[2025-11-02T01:38:10.536+0000] {taskinstance.py:1956} INFO - Dependencies all met for dep_context=requeueable deps ti=<TaskInstance: silver_transformation_pipeline.ensure_bronze_prereqs scheduled__2025-10-21T00:00:00+00:00 [queued]>
[2025-11-02T01:38:10.537+0000] {taskinstance.py:2170} INFO - Starting attempt 1 of 2
[2025-11-02T01:38:10.554+0000] {taskinstance.py:2191} INFO - Executing <Task(PythonOperator): ensure_bronze_prereqs> on 2025-10-21 00:00:00+00:00
[2025-11-02T01:38:10.561+0000] {standard_task_runner.py:60} INFO - Started process 2900 to run task
[2025-11-02T01:38:10.564+0000] {standard_task_runner.py:87} INFO - Running: ['***', 'tasks', 'run', 'silver_transformation_pipeline', 'ensure_bronze_prereqs', 'scheduled__2025-10-21T00:00:00+00:00', '--job-id', '210', '--raw', '--subdir', 'DAGS_FOLDER/silver_dag.py', '--cfg-path', '/tmp/tmpir63mwhj']
[2025-11-02T01:38:10.566+0000] {standard_task_runner.py:88} INFO - Job 210: Subtask ensure_bronze_prereqs
[2025-11-02T01:38:10.644+0000] {task_command.py:423} INFO - Running <TaskInstance: silver_transformation_pipeline.ensure_bronze_prereqs scheduled__2025-10-21T00:00:00+00:00 [running]> on host 3b0074fa0b5e
[2025-11-02T01:38:10.743+0000] {taskinstance.py:2480} INFO - Exporting env vars: AIRFLOW_CTX_DAG_OWNER='***' AIRFLOW_CTX_DAG_ID='silver_transformation_pipeline' AIRFLOW_CTX_TASK_ID='ensure_bronze_prereqs' AIRFLOW_CTX_EXECUTION_DATE='2025-10-21T00:00:00+00:00' AIRFLOW_CTX_TRY_NUMBER='1' AIRFLOW_CTX_DAG_RUN_ID='scheduled__2025-10-21T00:00:00+00:00'
[2025-11-02T01:38:10.745+0000] {crypto.py:82} WARNING - empty cryptography key - values will not be stored encrypted.
[2025-11-02T01:38:10.746+0000] {base.py:83} INFO - Using connection ID 'clickhouse_default' for task execution.
[2025-11-02T01:38:10.755+0000] {python.py:201} INFO - Done. Returned value was: None
[2025-11-02T01:38:10.767+0000] {taskinstance.py:1138} INFO - Marking task as SUCCESS. dag_id=silver_transformation_pipeline, task_id=ensure_bronze_prereqs, execution_date=20251021T000000, start_date=20251102T013810, end_date=20251102T013810
[2025-11-02T01:38:10.818+0000] {local_task_job_runner.py:234} INFO - Task exited with return code 0
[2025-11-02T01:38:10.841+0000] {taskinstance.py:3280} INFO - 3 downstream tasks scheduled from follow-on schedule check
[2025-11-02T11:33:47.522+0000] {taskinstance.py:1956} INFO - Dependencies all met for dep_context=non-requeueable deps ti=<TaskInstance: silver_transformation_pipeline.ensure_bronze_prereqs scheduled__2025-10-21T00:00:00+00:00 [queued]>
[2025-11-02T11:33:47.534+0000] {taskinstance.py:1956} INFO - Dependencies all met for dep_context=requeueable deps ti=<TaskInstance: silver_transformation_pipeline.ensure_bronze_prereqs scheduled__2025-10-21T00:00:00+00:00 [queued]>
[2025-11-02T11:33:47.535+0000] {taskinstance.py:2170} INFO - Starting attempt 1 of 2
[2025-11-02T11:33:47.559+0000] {taskinstance.py:2191} INFO - Executing <Task(PythonOperator): ensure_bronze_prereqs> on 2025-10-21 00:00:00+00:00
[2025-11-02T11:33:47.564+0000] {standard_task_runner.py:60} INFO - Started process 3076 to run task
[2025-11-02T11:33:47.568+0000] {standard_task_runner.py:87} INFO - Running: ['***', 'tasks', 'run', 'silver_transformation_pipeline', 'ensure_bronze_prereqs', 'scheduled__2025-10-21T00:00:00+00:00', '--job-id', '222', '--raw', '--subdir', 'DAGS_FOLDER/silver_dag.py', '--cfg-path', '/tmp/tmp_boou2sw']
[2025-11-02T11:33:47.571+0000] {standard_task_runner.py:88} INFO - Job 222: Subtask ensure_bronze_prereqs
[2025-11-02T11:33:47.671+0000] {task_command.py:423} INFO - Running <TaskInstance: silver_transformation_pipeline.ensure_bronze_prereqs scheduled__2025-10-21T00:00:00+00:00 [running]> on host 0d39d4365eb9
[2025-11-02T11:33:47.798+0000] {taskinstance.py:2480} INFO - Exporting env vars: AIRFLOW_CTX_DAG_OWNER='***' AIRFLOW_CTX_DAG_ID='silver_transformation_pipeline' AIRFLOW_CTX_TASK_ID='ensure_bronze_prereqs' AIRFLOW_CTX_EXECUTION_DATE='2025-10-21T00:00:00+00:00' AIRFLOW_CTX_TRY_NUMBER='1' AIRFLOW_CTX_DAG_RUN_ID='scheduled__2025-10-21T00:00:00+00:00'
[2025-11-02T11:33:47.800+0000] {crypto.py:82} WARNING - empty cryptography key - values will not be stored encrypted.
[2025-11-02T11:33:47.802+0000] {base.py:83} INFO - Using connection ID 'clickhouse_default' for task execution.
[2025-11-02T11:33:47.815+0000] {python.py:201} INFO - Done. Returned value was: None
[2025-11-02T11:33:47.831+0000] {taskinstance.py:1138} INFO - Marking task as SUCCESS. dag_id=silver_transformation_pipeline, task_id=ensure_bronze_prereqs, execution_date=20251021T000000, start_date=20251102T113347, end_date=20251102T113347
[2025-11-02T11:33:47.862+0000] {local_task_job_runner.py:234} INFO - Task exited with return code 0
[2025-11-02T11:33:47.894+0000] {taskinstance.py:3280} INFO - 3 downstream tasks scheduled from follow-on schedule check
