[2025-11-01T11:40:44.138+0000] {taskinstance.py:1956} INFO - Dependencies all met for dep_context=non-requeueable deps ti=<TaskInstance: ingestion_pipeline.load_merchants_bronze scheduled__2025-10-31T00:00:00+00:00 [queued]>
[2025-11-01T11:40:44.182+0000] {taskinstance.py:1956} INFO - Dependencies all met for dep_context=requeueable deps ti=<TaskInstance: ingestion_pipeline.load_merchants_bronze scheduled__2025-10-31T00:00:00+00:00 [queued]>
[2025-11-01T11:40:44.186+0000] {taskinstance.py:2170} INFO - Starting attempt 1 of 2
[2025-11-01T11:40:44.243+0000] {taskinstance.py:2191} INFO - Executing <Task(PythonOperator): load_merchants_bronze> on 2025-10-31 00:00:00+00:00
[2025-11-01T11:40:44.274+0000] {standard_task_runner.py:60} INFO - Started process 445 to run task
[2025-11-01T11:40:44.294+0000] {standard_task_runner.py:87} INFO - Running: ['***', 'tasks', 'run', 'ingestion_pipeline', 'load_merchants_bronze', 'scheduled__2025-10-31T00:00:00+00:00', '--job-id', '12', '--raw', '--subdir', 'DAGS_FOLDER/ingestion_dag.py', '--cfg-path', '/tmp/tmpdc59w34m']
[2025-11-01T11:40:44.302+0000] {standard_task_runner.py:88} INFO - Job 12: Subtask load_merchants_bronze
[2025-11-01T11:40:44.670+0000] {task_command.py:423} INFO - Running <TaskInstance: ingestion_pipeline.load_merchants_bronze scheduled__2025-10-31T00:00:00+00:00 [running]> on host 6ac9b46937d1
[2025-11-01T11:40:45.014+0000] {taskinstance.py:2480} INFO - Exporting env vars: AIRFLOW_CTX_DAG_OWNER='***' AIRFLOW_CTX_DAG_ID='ingestion_pipeline' AIRFLOW_CTX_TASK_ID='load_merchants_bronze' AIRFLOW_CTX_EXECUTION_DATE='2025-10-31T00:00:00+00:00' AIRFLOW_CTX_TRY_NUMBER='1' AIRFLOW_CTX_DAG_RUN_ID='scheduled__2025-10-31T00:00:00+00:00'
[2025-11-01T11:40:50.220+0000] {merchants_to_clickhouse.py:149} INFO - [merchants->ch] Target CSV: /tmp/data/merchants/merchants-20251031.csv
[2025-11-01T11:40:50.235+0000] {merchants_to_clickhouse.py:154} INFO - [merchants->ch] Folder listing: ['merchants-20251029.csv']
[2025-11-01T11:40:50.240+0000] {crypto.py:82} WARNING - empty cryptography key - values will not be stored encrypted.
[2025-11-01T11:40:50.245+0000] {base.py:83} INFO - Using connection ID 'clickhouse_default' for task execution.
[2025-11-01T11:40:50.521+0000] {merchants_to_clickhouse.py:165} WARNING - [merchants->ch] File not found. Ensuring empty table exists and skipping load.
[2025-11-01T11:40:50.831+0000] {python.py:201} INFO - Done. Returned value was: None
[2025-11-01T11:40:50.871+0000] {taskinstance.py:1138} INFO - Marking task as SUCCESS. dag_id=ingestion_pipeline, task_id=load_merchants_bronze, execution_date=20251031T000000, start_date=20251101T114044, end_date=20251101T114050
[2025-11-01T11:40:51.030+0000] {local_task_job_runner.py:234} INFO - Task exited with return code 0
[2025-11-01T11:40:51.119+0000] {taskinstance.py:3280} INFO - 0 downstream tasks scheduled from follow-on schedule check
[2025-11-01T12:25:47.012+0000] {taskinstance.py:1956} INFO - Dependencies all met for dep_context=non-requeueable deps ti=<TaskInstance: ingestion_pipeline.load_merchants_bronze scheduled__2025-10-31T00:00:00+00:00 [queued]>
[2025-11-01T12:25:47.071+0000] {taskinstance.py:1956} INFO - Dependencies all met for dep_context=requeueable deps ti=<TaskInstance: ingestion_pipeline.load_merchants_bronze scheduled__2025-10-31T00:00:00+00:00 [queued]>
[2025-11-01T12:25:47.074+0000] {taskinstance.py:2170} INFO - Starting attempt 1 of 2
[2025-11-01T12:25:47.118+0000] {taskinstance.py:2191} INFO - Executing <Task(PythonOperator): load_merchants_bronze> on 2025-10-31 00:00:00+00:00
[2025-11-01T12:25:47.156+0000] {standard_task_runner.py:60} INFO - Started process 383 to run task
[2025-11-01T12:25:47.195+0000] {standard_task_runner.py:87} INFO - Running: ['***', 'tasks', 'run', 'ingestion_pipeline', 'load_merchants_bronze', 'scheduled__2025-10-31T00:00:00+00:00', '--job-id', '9', '--raw', '--subdir', 'DAGS_FOLDER/ingestion_dag.py', '--cfg-path', '/tmp/tmprncx8vt9']
[2025-11-01T12:25:47.208+0000] {standard_task_runner.py:88} INFO - Job 9: Subtask load_merchants_bronze
[2025-11-01T12:25:47.447+0000] {task_command.py:423} INFO - Running <TaskInstance: ingestion_pipeline.load_merchants_bronze scheduled__2025-10-31T00:00:00+00:00 [running]> on host dfaa589643e1
[2025-11-01T12:25:47.691+0000] {taskinstance.py:2480} INFO - Exporting env vars: AIRFLOW_CTX_DAG_OWNER='***' AIRFLOW_CTX_DAG_ID='ingestion_pipeline' AIRFLOW_CTX_TASK_ID='load_merchants_bronze' AIRFLOW_CTX_EXECUTION_DATE='2025-10-31T00:00:00+00:00' AIRFLOW_CTX_TRY_NUMBER='1' AIRFLOW_CTX_DAG_RUN_ID='scheduled__2025-10-31T00:00:00+00:00'
[2025-11-01T12:25:51.292+0000] {merchants_to_clickhouse.py:102} INFO - [merchants->ch] Target CSV: /tmp/data/merchants/merchants-20251002.csv
[2025-11-01T12:25:51.308+0000] {merchants_to_clickhouse.py:106} INFO - [merchants->ch] Folder listing: ['merchants-20251029.csv']
[2025-11-01T12:25:51.315+0000] {merchants_to_clickhouse.py:111} WARNING - [merchants->ch] File not found. Skipping.
[2025-11-01T12:25:51.318+0000] {python.py:201} INFO - Done. Returned value was: None
[2025-11-01T12:25:51.353+0000] {taskinstance.py:1138} INFO - Marking task as SUCCESS. dag_id=ingestion_pipeline, task_id=load_merchants_bronze, execution_date=20251031T000000, start_date=20251101T122547, end_date=20251101T122551
[2025-11-01T12:25:51.456+0000] {local_task_job_runner.py:234} INFO - Task exited with return code 0
[2025-11-01T12:25:51.510+0000] {taskinstance.py:3280} INFO - 0 downstream tasks scheduled from follow-on schedule check
[2025-11-01T12:32:48.178+0000] {taskinstance.py:1956} INFO - Dependencies all met for dep_context=non-requeueable deps ti=<TaskInstance: ingestion_pipeline.load_merchants_bronze scheduled__2025-10-31T00:00:00+00:00 [queued]>
[2025-11-01T12:32:48.196+0000] {taskinstance.py:1956} INFO - Dependencies all met for dep_context=requeueable deps ti=<TaskInstance: ingestion_pipeline.load_merchants_bronze scheduled__2025-10-31T00:00:00+00:00 [queued]>
[2025-11-01T12:32:48.197+0000] {taskinstance.py:2170} INFO - Starting attempt 1 of 2
[2025-11-01T12:32:48.218+0000] {taskinstance.py:2191} INFO - Executing <Task(PythonOperator): load_merchants_bronze> on 2025-10-31 00:00:00+00:00
[2025-11-01T12:32:48.232+0000] {standard_task_runner.py:60} INFO - Started process 881 to run task
[2025-11-01T12:32:48.239+0000] {standard_task_runner.py:87} INFO - Running: ['***', 'tasks', 'run', 'ingestion_pipeline', 'load_merchants_bronze', 'scheduled__2025-10-31T00:00:00+00:00', '--job-id', '29', '--raw', '--subdir', 'DAGS_FOLDER/ingestion_dag.py', '--cfg-path', '/tmp/tmpz4_l9i43']
[2025-11-01T12:32:48.247+0000] {standard_task_runner.py:88} INFO - Job 29: Subtask load_merchants_bronze
[2025-11-01T12:32:48.380+0000] {task_command.py:423} INFO - Running <TaskInstance: ingestion_pipeline.load_merchants_bronze scheduled__2025-10-31T00:00:00+00:00 [running]> on host dfaa589643e1
[2025-11-01T12:32:48.527+0000] {taskinstance.py:2480} INFO - Exporting env vars: AIRFLOW_CTX_DAG_OWNER='***' AIRFLOW_CTX_DAG_ID='ingestion_pipeline' AIRFLOW_CTX_TASK_ID='load_merchants_bronze' AIRFLOW_CTX_EXECUTION_DATE='2025-10-31T00:00:00+00:00' AIRFLOW_CTX_TRY_NUMBER='1' AIRFLOW_CTX_DAG_RUN_ID='scheduled__2025-10-31T00:00:00+00:00'
[2025-11-01T12:32:49.678+0000] {merchants_to_clickhouse.py:102} INFO - [merchants->ch] Target CSV: /tmp/data/merchants/merchants-20251002.csv
[2025-11-01T12:32:49.684+0000] {merchants_to_clickhouse.py:106} INFO - [merchants->ch] Folder listing: ['merchants-20251029.csv']
[2025-11-01T12:32:49.691+0000] {merchants_to_clickhouse.py:111} WARNING - [merchants->ch] File not found. Skipping.
[2025-11-01T12:32:49.692+0000] {python.py:201} INFO - Done. Returned value was: None
[2025-11-01T12:32:49.752+0000] {taskinstance.py:1138} INFO - Marking task as SUCCESS. dag_id=ingestion_pipeline, task_id=load_merchants_bronze, execution_date=20251031T000000, start_date=20251101T123248, end_date=20251101T123249
[2025-11-01T12:32:49.880+0000] {local_task_job_runner.py:234} INFO - Task exited with return code 0
[2025-11-01T12:32:49.916+0000] {taskinstance.py:3280} INFO - 0 downstream tasks scheduled from follow-on schedule check
[2025-11-01T13:05:59.940+0000] {taskinstance.py:1956} INFO - Dependencies all met for dep_context=non-requeueable deps ti=<TaskInstance: ingestion_pipeline.load_merchants_bronze scheduled__2025-10-31T00:00:00+00:00 [queued]>
[2025-11-01T13:05:59.957+0000] {taskinstance.py:1956} INFO - Dependencies all met for dep_context=requeueable deps ti=<TaskInstance: ingestion_pipeline.load_merchants_bronze scheduled__2025-10-31T00:00:00+00:00 [queued]>
[2025-11-01T13:05:59.958+0000] {taskinstance.py:2170} INFO - Starting attempt 1 of 2
[2025-11-01T13:05:59.980+0000] {taskinstance.py:2191} INFO - Executing <Task(PythonOperator): load_merchants_bronze> on 2025-10-31 00:00:00+00:00
[2025-11-01T13:05:59.991+0000] {standard_task_runner.py:60} INFO - Started process 295 to run task
[2025-11-01T13:05:59.998+0000] {standard_task_runner.py:87} INFO - Running: ['***', 'tasks', 'run', 'ingestion_pipeline', 'load_merchants_bronze', 'scheduled__2025-10-31T00:00:00+00:00', '--job-id', '5', '--raw', '--subdir', 'DAGS_FOLDER/ingestion_dag.py', '--cfg-path', '/tmp/tmppqug7q2j']
[2025-11-01T13:06:00.006+0000] {standard_task_runner.py:88} INFO - Job 5: Subtask load_merchants_bronze
[2025-11-01T13:06:00.146+0000] {task_command.py:423} INFO - Running <TaskInstance: ingestion_pipeline.load_merchants_bronze scheduled__2025-10-31T00:00:00+00:00 [running]> on host 0e882971ff2e
[2025-11-01T13:06:00.280+0000] {taskinstance.py:2480} INFO - Exporting env vars: AIRFLOW_CTX_DAG_OWNER='***' AIRFLOW_CTX_DAG_ID='ingestion_pipeline' AIRFLOW_CTX_TASK_ID='load_merchants_bronze' AIRFLOW_CTX_EXECUTION_DATE='2025-10-31T00:00:00+00:00' AIRFLOW_CTX_TRY_NUMBER='1' AIRFLOW_CTX_DAG_RUN_ID='scheduled__2025-10-31T00:00:00+00:00'
[2025-11-01T13:06:02.386+0000] {merchants_to_clickhouse.py:86} INFO - [merchants->ch] Target CSV: /tmp/data/merchants/merchants-20251002.csv
[2025-11-01T13:06:02.389+0000] {merchants_to_clickhouse.py:91} INFO - [merchants->ch] Folder listing: ['merchants-20251029.csv']
[2025-11-01T13:06:02.390+0000] {crypto.py:82} WARNING - empty cryptography key - values will not be stored encrypted.
[2025-11-01T13:06:02.391+0000] {base.py:83} INFO - Using connection ID 'clickhouse_default' for task execution.
[2025-11-01T13:06:02.423+0000] {merchants_to_clickhouse.py:134} WARNING - [merchants->ch] File not found. Table ensured. Skipping insert.
[2025-11-01T13:06:02.424+0000] {python.py:201} INFO - Done. Returned value was: None
[2025-11-01T13:06:02.441+0000] {taskinstance.py:1138} INFO - Marking task as SUCCESS. dag_id=ingestion_pipeline, task_id=load_merchants_bronze, execution_date=20251031T000000, start_date=20251101T130559, end_date=20251101T130602
[2025-11-01T13:06:02.528+0000] {local_task_job_runner.py:234} INFO - Task exited with return code 0
[2025-11-01T13:06:02.573+0000] {taskinstance.py:3280} INFO - 0 downstream tasks scheduled from follow-on schedule check
