[2025-11-02T11:57:19.634+0000] {taskinstance.py:1956} INFO - Dependencies all met for dep_context=non-requeueable deps ti=<TaskInstance: gold_dimensions_pipeline.dbt_dim_merchants scheduled__2025-10-25T00:00:00+00:00 [queued]>
[2025-11-02T11:57:19.646+0000] {taskinstance.py:1956} INFO - Dependencies all met for dep_context=requeueable deps ti=<TaskInstance: gold_dimensions_pipeline.dbt_dim_merchants scheduled__2025-10-25T00:00:00+00:00 [queued]>
[2025-11-02T11:57:19.648+0000] {taskinstance.py:2170} INFO - Starting attempt 1 of 3
[2025-11-02T11:57:19.663+0000] {taskinstance.py:2191} INFO - Executing <Task(PythonOperator): dbt_dim_merchants> on 2025-10-25 00:00:00+00:00
[2025-11-02T11:57:19.670+0000] {standard_task_runner.py:60} INFO - Started process 6175 to run task
[2025-11-02T11:57:19.674+0000] {standard_task_runner.py:87} INFO - Running: ['***', 'tasks', 'run', 'gold_dimensions_pipeline', 'dbt_dim_merchants', 'scheduled__2025-10-25T00:00:00+00:00', '--job-id', '369', '--raw', '--subdir', 'DAGS_FOLDER/gold_dag.py', '--cfg-path', '/tmp/tmpnbze5ozi']
[2025-11-02T11:57:19.678+0000] {standard_task_runner.py:88} INFO - Job 369: Subtask dbt_dim_merchants
[2025-11-02T11:57:19.771+0000] {task_command.py:423} INFO - Running <TaskInstance: gold_dimensions_pipeline.dbt_dim_merchants scheduled__2025-10-25T00:00:00+00:00 [running]> on host 0d39d4365eb9
[2025-11-02T11:57:19.879+0000] {taskinstance.py:2480} INFO - Exporting env vars: AIRFLOW_CTX_DAG_OWNER='***' AIRFLOW_CTX_DAG_ID='gold_dimensions_pipeline' AIRFLOW_CTX_TASK_ID='dbt_dim_merchants' AIRFLOW_CTX_EXECUTION_DATE='2025-10-25T00:00:00+00:00' AIRFLOW_CTX_TRY_NUMBER='1' AIRFLOW_CTX_DAG_RUN_ID='scheduled__2025-10-25T00:00:00+00:00'
[2025-11-02T11:57:25.206+0000] {logging_mixin.py:188} INFO - ==== DBT STDOUT ====
[2025-11-02T11:57:25.208+0000] {logging_mixin.py:188} INFO - 11:57:22  Running with dbt=1.5.9
11:57:23  Registered adapter: clickhouse=1.5.2
11:57:23  [WARNING]: Configuration paths exist in your dbt_project.yml file which do not apply to any resources.
There are 2 unused configuration paths:
- models.ck_project.gold.fact
- models.ck_project.bronze
11:57:23  Found 7 models, 17 tests, 0 snapshots, 0 analyses, 349 macros, 0 operations, 0 seed files, 6 sources, 0 exposures, 0 metrics, 0 groups
11:57:23  
11:57:23  Concurrency: 4 threads (target='dev')
11:57:23  
11:57:23  1 of 1 START sql table model gold.dim_merchants ................................ [RUN]
11:57:24  1 of 1 OK created sql table model gold.dim_merchants ........................... [OK in 0.26s]
11:57:24  
11:57:24  Finished running 1 table model in 0 hours 0 minutes and 0.76 seconds (0.76s).
11:57:24  
11:57:24  Completed successfully
11:57:24  
11:57:24  Done. PASS=1 WARN=0 ERROR=0 SKIP=0 TOTAL=1
[2025-11-02T11:57:25.209+0000] {logging_mixin.py:188} INFO - ==== DBT STDERR ====
[2025-11-02T11:57:25.210+0000] {python.py:201} INFO - Done. Returned value was: None
[2025-11-02T11:57:25.231+0000] {taskinstance.py:1138} INFO - Marking task as SUCCESS. dag_id=gold_dimensions_pipeline, task_id=dbt_dim_merchants, execution_date=20251025T000000, start_date=20251102T115719, end_date=20251102T115725
[2025-11-02T11:57:25.303+0000] {local_task_job_runner.py:234} INFO - Task exited with return code 0
[2025-11-02T11:57:25.326+0000] {taskinstance.py:3280} INFO - 0 downstream tasks scheduled from follow-on schedule check
