[2025-11-01T00:13:58.361+0000] {processor.py:161} INFO - Started process (PID=2419) to work on /opt/airflow/dags/pipelines/silver_dbt.py
[2025-11-01T00:13:58.364+0000] {processor.py:830} INFO - Processing file /opt/airflow/dags/pipelines/silver_dbt.py for tasks to queue
[2025-11-01T00:13:58.376+0000] {logging_mixin.py:188} INFO - [2025-11-01T00:13:58.375+0000] {dagbag.py:538} INFO - Filling up the DagBag from /opt/airflow/dags/pipelines/silver_dbt.py
[2025-11-01T00:13:58.561+0000] {processor.py:842} WARNING - No viable dags retrieved from /opt/airflow/dags/pipelines/silver_dbt.py
[2025-11-01T00:13:58.628+0000] {processor.py:183} INFO - Processing /opt/airflow/dags/pipelines/silver_dbt.py took 0.314 seconds
[2025-11-01T11:26:08.895+0000] {processor.py:161} INFO - Started process (PID=2458) to work on /opt/airflow/dags/pipelines/silver_dbt.py
[2025-11-01T11:26:08.899+0000] {processor.py:830} INFO - Processing file /opt/airflow/dags/pipelines/silver_dbt.py for tasks to queue
[2025-11-01T11:26:08.902+0000] {logging_mixin.py:188} INFO - [2025-11-01T11:26:08.901+0000] {dagbag.py:538} INFO - Filling up the DagBag from /opt/airflow/dags/pipelines/silver_dbt.py
[2025-11-01T11:26:08.979+0000] {processor.py:842} WARNING - No viable dags retrieved from /opt/airflow/dags/pipelines/silver_dbt.py
[2025-11-01T11:26:09.024+0000] {processor.py:183} INFO - Processing /opt/airflow/dags/pipelines/silver_dbt.py took 0.134 seconds
[2025-11-01T11:26:39.147+0000] {processor.py:161} INFO - Started process (PID=2491) to work on /opt/airflow/dags/pipelines/silver_dbt.py
[2025-11-01T11:26:39.149+0000] {processor.py:830} INFO - Processing file /opt/airflow/dags/pipelines/silver_dbt.py for tasks to queue
[2025-11-01T11:26:39.151+0000] {logging_mixin.py:188} INFO - [2025-11-01T11:26:39.150+0000] {dagbag.py:538} INFO - Filling up the DagBag from /opt/airflow/dags/pipelines/silver_dbt.py
[2025-11-01T11:26:39.169+0000] {processor.py:842} WARNING - No viable dags retrieved from /opt/airflow/dags/pipelines/silver_dbt.py
[2025-11-01T11:26:39.189+0000] {processor.py:183} INFO - Processing /opt/airflow/dags/pipelines/silver_dbt.py took 0.048 seconds
[2025-11-01T11:27:09.924+0000] {processor.py:161} INFO - Started process (PID=2511) to work on /opt/airflow/dags/pipelines/silver_dbt.py
[2025-11-01T11:27:09.925+0000] {processor.py:830} INFO - Processing file /opt/airflow/dags/pipelines/silver_dbt.py for tasks to queue
[2025-11-01T11:27:09.926+0000] {logging_mixin.py:188} INFO - [2025-11-01T11:27:09.926+0000] {dagbag.py:538} INFO - Filling up the DagBag from /opt/airflow/dags/pipelines/silver_dbt.py
[2025-11-01T11:27:09.944+0000] {processor.py:842} WARNING - No viable dags retrieved from /opt/airflow/dags/pipelines/silver_dbt.py
[2025-11-01T11:27:09.963+0000] {processor.py:183} INFO - Processing /opt/airflow/dags/pipelines/silver_dbt.py took 0.043 seconds
[2025-11-01T11:27:40.890+0000] {processor.py:161} INFO - Started process (PID=2546) to work on /opt/airflow/dags/pipelines/silver_dbt.py
[2025-11-01T11:27:40.891+0000] {processor.py:830} INFO - Processing file /opt/airflow/dags/pipelines/silver_dbt.py for tasks to queue
[2025-11-01T11:27:40.892+0000] {logging_mixin.py:188} INFO - [2025-11-01T11:27:40.891+0000] {dagbag.py:538} INFO - Filling up the DagBag from /opt/airflow/dags/pipelines/silver_dbt.py
[2025-11-01T11:27:40.903+0000] {processor.py:842} WARNING - No viable dags retrieved from /opt/airflow/dags/pipelines/silver_dbt.py
[2025-11-01T11:27:40.920+0000] {processor.py:183} INFO - Processing /opt/airflow/dags/pipelines/silver_dbt.py took 0.033 seconds
[2025-11-01T11:30:21.454+0000] {processor.py:161} INFO - Started process (PID=2583) to work on /opt/airflow/dags/pipelines/silver_dbt.py
[2025-11-01T11:30:21.470+0000] {processor.py:830} INFO - Processing file /opt/airflow/dags/pipelines/silver_dbt.py for tasks to queue
[2025-11-01T11:30:21.495+0000] {logging_mixin.py:188} INFO - [2025-11-01T11:30:21.494+0000] {dagbag.py:538} INFO - Filling up the DagBag from /opt/airflow/dags/pipelines/silver_dbt.py
[2025-11-01T11:30:21.635+0000] {processor.py:842} WARNING - No viable dags retrieved from /opt/airflow/dags/pipelines/silver_dbt.py
[2025-11-01T11:30:21.689+0000] {processor.py:183} INFO - Processing /opt/airflow/dags/pipelines/silver_dbt.py took 0.246 seconds
[2025-11-01T11:30:52.789+0000] {processor.py:161} INFO - Started process (PID=2618) to work on /opt/airflow/dags/pipelines/silver_dbt.py
[2025-11-01T11:30:52.790+0000] {processor.py:830} INFO - Processing file /opt/airflow/dags/pipelines/silver_dbt.py for tasks to queue
[2025-11-01T11:30:52.791+0000] {logging_mixin.py:188} INFO - [2025-11-01T11:30:52.791+0000] {dagbag.py:538} INFO - Filling up the DagBag from /opt/airflow/dags/pipelines/silver_dbt.py
[2025-11-01T11:30:52.804+0000] {processor.py:842} WARNING - No viable dags retrieved from /opt/airflow/dags/pipelines/silver_dbt.py
[2025-11-01T11:30:52.823+0000] {processor.py:183} INFO - Processing /opt/airflow/dags/pipelines/silver_dbt.py took 0.037 seconds
[2025-11-01T11:31:22.872+0000] {processor.py:161} INFO - Started process (PID=2650) to work on /opt/airflow/dags/pipelines/silver_dbt.py
[2025-11-01T11:31:22.874+0000] {processor.py:830} INFO - Processing file /opt/airflow/dags/pipelines/silver_dbt.py for tasks to queue
[2025-11-01T11:31:22.875+0000] {logging_mixin.py:188} INFO - [2025-11-01T11:31:22.874+0000] {dagbag.py:538} INFO - Filling up the DagBag from /opt/airflow/dags/pipelines/silver_dbt.py
[2025-11-01T11:31:22.887+0000] {processor.py:842} WARNING - No viable dags retrieved from /opt/airflow/dags/pipelines/silver_dbt.py
[2025-11-01T11:31:22.904+0000] {processor.py:183} INFO - Processing /opt/airflow/dags/pipelines/silver_dbt.py took 0.035 seconds
[2025-11-01T11:31:53.145+0000] {processor.py:161} INFO - Started process (PID=2688) to work on /opt/airflow/dags/pipelines/silver_dbt.py
[2025-11-01T11:31:53.147+0000] {processor.py:830} INFO - Processing file /opt/airflow/dags/pipelines/silver_dbt.py for tasks to queue
[2025-11-01T11:31:53.148+0000] {logging_mixin.py:188} INFO - [2025-11-01T11:31:53.148+0000] {dagbag.py:538} INFO - Filling up the DagBag from /opt/airflow/dags/pipelines/silver_dbt.py
[2025-11-01T11:31:53.165+0000] {processor.py:842} WARNING - No viable dags retrieved from /opt/airflow/dags/pipelines/silver_dbt.py
[2025-11-01T11:31:53.187+0000] {processor.py:183} INFO - Processing /opt/airflow/dags/pipelines/silver_dbt.py took 0.047 seconds
[2025-11-01T11:32:24.112+0000] {processor.py:161} INFO - Started process (PID=2723) to work on /opt/airflow/dags/pipelines/silver_dbt.py
[2025-11-01T11:32:24.113+0000] {processor.py:830} INFO - Processing file /opt/airflow/dags/pipelines/silver_dbt.py for tasks to queue
[2025-11-01T11:32:24.114+0000] {logging_mixin.py:188} INFO - [2025-11-01T11:32:24.114+0000] {dagbag.py:538} INFO - Filling up the DagBag from /opt/airflow/dags/pipelines/silver_dbt.py
[2025-11-01T11:32:24.130+0000] {processor.py:842} WARNING - No viable dags retrieved from /opt/airflow/dags/pipelines/silver_dbt.py
[2025-11-01T11:32:24.148+0000] {processor.py:183} INFO - Processing /opt/airflow/dags/pipelines/silver_dbt.py took 0.039 seconds
[2025-11-01T11:32:54.969+0000] {processor.py:161} INFO - Started process (PID=2758) to work on /opt/airflow/dags/pipelines/silver_dbt.py
[2025-11-01T11:32:54.970+0000] {processor.py:830} INFO - Processing file /opt/airflow/dags/pipelines/silver_dbt.py for tasks to queue
[2025-11-01T11:32:54.971+0000] {logging_mixin.py:188} INFO - [2025-11-01T11:32:54.971+0000] {dagbag.py:538} INFO - Filling up the DagBag from /opt/airflow/dags/pipelines/silver_dbt.py
[2025-11-01T11:32:54.985+0000] {processor.py:842} WARNING - No viable dags retrieved from /opt/airflow/dags/pipelines/silver_dbt.py
[2025-11-01T11:32:55.004+0000] {processor.py:183} INFO - Processing /opt/airflow/dags/pipelines/silver_dbt.py took 0.039 seconds
[2025-11-01T11:33:25.830+0000] {processor.py:161} INFO - Started process (PID=2793) to work on /opt/airflow/dags/pipelines/silver_dbt.py
[2025-11-01T11:33:25.831+0000] {processor.py:830} INFO - Processing file /opt/airflow/dags/pipelines/silver_dbt.py for tasks to queue
[2025-11-01T11:33:25.832+0000] {logging_mixin.py:188} INFO - [2025-11-01T11:33:25.832+0000] {dagbag.py:538} INFO - Filling up the DagBag from /opt/airflow/dags/pipelines/silver_dbt.py
[2025-11-01T11:33:25.847+0000] {processor.py:842} WARNING - No viable dags retrieved from /opt/airflow/dags/pipelines/silver_dbt.py
[2025-11-01T11:33:25.869+0000] {processor.py:183} INFO - Processing /opt/airflow/dags/pipelines/silver_dbt.py took 0.043 seconds
[2025-11-01T11:33:56.729+0000] {processor.py:161} INFO - Started process (PID=2828) to work on /opt/airflow/dags/pipelines/silver_dbt.py
[2025-11-01T11:33:56.730+0000] {processor.py:830} INFO - Processing file /opt/airflow/dags/pipelines/silver_dbt.py for tasks to queue
[2025-11-01T11:33:56.731+0000] {logging_mixin.py:188} INFO - [2025-11-01T11:33:56.731+0000] {dagbag.py:538} INFO - Filling up the DagBag from /opt/airflow/dags/pipelines/silver_dbt.py
[2025-11-01T11:33:56.745+0000] {processor.py:842} WARNING - No viable dags retrieved from /opt/airflow/dags/pipelines/silver_dbt.py
[2025-11-01T11:33:56.768+0000] {processor.py:183} INFO - Processing /opt/airflow/dags/pipelines/silver_dbt.py took 0.043 seconds
[2025-11-01T11:34:27.593+0000] {processor.py:161} INFO - Started process (PID=2863) to work on /opt/airflow/dags/pipelines/silver_dbt.py
[2025-11-01T11:34:27.595+0000] {processor.py:830} INFO - Processing file /opt/airflow/dags/pipelines/silver_dbt.py for tasks to queue
[2025-11-01T11:34:27.597+0000] {logging_mixin.py:188} INFO - [2025-11-01T11:34:27.596+0000] {dagbag.py:538} INFO - Filling up the DagBag from /opt/airflow/dags/pipelines/silver_dbt.py
[2025-11-01T11:34:27.609+0000] {processor.py:842} WARNING - No viable dags retrieved from /opt/airflow/dags/pipelines/silver_dbt.py
[2025-11-01T11:34:27.637+0000] {processor.py:183} INFO - Processing /opt/airflow/dags/pipelines/silver_dbt.py took 0.046 seconds
[2025-11-01T11:34:58.498+0000] {processor.py:161} INFO - Started process (PID=2898) to work on /opt/airflow/dags/pipelines/silver_dbt.py
[2025-11-01T11:34:58.499+0000] {processor.py:830} INFO - Processing file /opt/airflow/dags/pipelines/silver_dbt.py for tasks to queue
[2025-11-01T11:34:58.500+0000] {logging_mixin.py:188} INFO - [2025-11-01T11:34:58.500+0000] {dagbag.py:538} INFO - Filling up the DagBag from /opt/airflow/dags/pipelines/silver_dbt.py
[2025-11-01T11:34:58.513+0000] {processor.py:842} WARNING - No viable dags retrieved from /opt/airflow/dags/pipelines/silver_dbt.py
[2025-11-01T11:34:58.533+0000] {processor.py:183} INFO - Processing /opt/airflow/dags/pipelines/silver_dbt.py took 0.039 seconds
[2025-11-01T11:35:29.374+0000] {processor.py:161} INFO - Started process (PID=2933) to work on /opt/airflow/dags/pipelines/silver_dbt.py
[2025-11-01T11:35:29.375+0000] {processor.py:830} INFO - Processing file /opt/airflow/dags/pipelines/silver_dbt.py for tasks to queue
[2025-11-01T11:35:29.377+0000] {logging_mixin.py:188} INFO - [2025-11-01T11:35:29.377+0000] {dagbag.py:538} INFO - Filling up the DagBag from /opt/airflow/dags/pipelines/silver_dbt.py
[2025-11-01T11:35:29.390+0000] {processor.py:842} WARNING - No viable dags retrieved from /opt/airflow/dags/pipelines/silver_dbt.py
[2025-11-01T11:35:29.410+0000] {processor.py:183} INFO - Processing /opt/airflow/dags/pipelines/silver_dbt.py took 0.039 seconds
[2025-11-01T11:35:58.254+0000] {processor.py:161} INFO - Started process (PID=2965) to work on /opt/airflow/dags/pipelines/silver_dbt.py
[2025-11-01T11:35:58.256+0000] {processor.py:830} INFO - Processing file /opt/airflow/dags/pipelines/silver_dbt.py for tasks to queue
[2025-11-01T11:35:58.258+0000] {logging_mixin.py:188} INFO - [2025-11-01T11:35:58.258+0000] {dagbag.py:538} INFO - Filling up the DagBag from /opt/airflow/dags/pipelines/silver_dbt.py
[2025-11-01T11:35:58.307+0000] {processor.py:842} WARNING - No viable dags retrieved from /opt/airflow/dags/pipelines/silver_dbt.py
[2025-11-01T11:35:58.331+0000] {processor.py:183} INFO - Processing /opt/airflow/dags/pipelines/silver_dbt.py took 0.082 seconds
[2025-11-01T11:36:00.309+0000] {processor.py:161} INFO - Started process (PID=2970) to work on /opt/airflow/dags/pipelines/silver_dbt.py
[2025-11-01T11:36:00.312+0000] {processor.py:830} INFO - Processing file /opt/airflow/dags/pipelines/silver_dbt.py for tasks to queue
[2025-11-01T11:36:00.313+0000] {logging_mixin.py:188} INFO - [2025-11-01T11:36:00.312+0000] {dagbag.py:538} INFO - Filling up the DagBag from /opt/airflow/dags/pipelines/silver_dbt.py
[2025-11-01T11:36:00.344+0000] {processor.py:842} WARNING - No viable dags retrieved from /opt/airflow/dags/pipelines/silver_dbt.py
[2025-11-01T11:36:00.371+0000] {processor.py:183} INFO - Processing /opt/airflow/dags/pipelines/silver_dbt.py took 0.067 seconds
[2025-11-01T11:36:03.751+0000] {processor.py:161} INFO - Started process (PID=3005) to work on /opt/airflow/dags/pipelines/silver_dbt.py
[2025-11-01T11:36:03.752+0000] {processor.py:830} INFO - Processing file /opt/airflow/dags/pipelines/silver_dbt.py for tasks to queue
[2025-11-01T11:36:03.753+0000] {logging_mixin.py:188} INFO - [2025-11-01T11:36:03.753+0000] {dagbag.py:538} INFO - Filling up the DagBag from /opt/airflow/dags/pipelines/silver_dbt.py
[2025-11-01T11:36:03.780+0000] {processor.py:842} WARNING - No viable dags retrieved from /opt/airflow/dags/pipelines/silver_dbt.py
[2025-11-01T11:36:03.800+0000] {processor.py:183} INFO - Processing /opt/airflow/dags/pipelines/silver_dbt.py took 0.053 seconds
[2025-11-01T11:36:04.846+0000] {processor.py:161} INFO - Started process (PID=3010) to work on /opt/airflow/dags/pipelines/silver_dbt.py
[2025-11-01T11:36:04.848+0000] {processor.py:830} INFO - Processing file /opt/airflow/dags/pipelines/silver_dbt.py for tasks to queue
[2025-11-01T11:36:04.849+0000] {logging_mixin.py:188} INFO - [2025-11-01T11:36:04.849+0000] {dagbag.py:538} INFO - Filling up the DagBag from /opt/airflow/dags/pipelines/silver_dbt.py
[2025-11-01T11:36:04.881+0000] {processor.py:842} WARNING - No viable dags retrieved from /opt/airflow/dags/pipelines/silver_dbt.py
[2025-11-01T11:36:04.909+0000] {processor.py:183} INFO - Processing /opt/airflow/dags/pipelines/silver_dbt.py took 0.066 seconds
[2025-11-01T11:36:11.099+0000] {processor.py:161} INFO - Started process (PID=3015) to work on /opt/airflow/dags/pipelines/silver_dbt.py
[2025-11-01T11:36:11.100+0000] {processor.py:830} INFO - Processing file /opt/airflow/dags/pipelines/silver_dbt.py for tasks to queue
[2025-11-01T11:36:11.101+0000] {logging_mixin.py:188} INFO - [2025-11-01T11:36:11.101+0000] {dagbag.py:538} INFO - Filling up the DagBag from /opt/airflow/dags/pipelines/silver_dbt.py
[2025-11-01T11:36:11.124+0000] {processor.py:842} WARNING - No viable dags retrieved from /opt/airflow/dags/pipelines/silver_dbt.py
[2025-11-01T11:36:11.142+0000] {processor.py:183} INFO - Processing /opt/airflow/dags/pipelines/silver_dbt.py took 0.046 seconds
[2025-11-01T11:36:14.159+0000] {processor.py:161} INFO - Started process (PID=3020) to work on /opt/airflow/dags/pipelines/silver_dbt.py
[2025-11-01T11:36:14.162+0000] {processor.py:830} INFO - Processing file /opt/airflow/dags/pipelines/silver_dbt.py for tasks to queue
[2025-11-01T11:36:14.164+0000] {logging_mixin.py:188} INFO - [2025-11-01T11:36:14.163+0000] {dagbag.py:538} INFO - Filling up the DagBag from /opt/airflow/dags/pipelines/silver_dbt.py
[2025-11-01T11:36:14.189+0000] {processor.py:842} WARNING - No viable dags retrieved from /opt/airflow/dags/pipelines/silver_dbt.py
[2025-11-01T11:36:14.211+0000] {processor.py:183} INFO - Processing /opt/airflow/dags/pipelines/silver_dbt.py took 0.056 seconds
[2025-11-01T11:37:45.557+0000] {processor.py:161} INFO - Started process (PID=187) to work on /opt/airflow/dags/pipelines/silver_dbt.py
[2025-11-01T11:37:45.559+0000] {processor.py:830} INFO - Processing file /opt/airflow/dags/pipelines/silver_dbt.py for tasks to queue
[2025-11-01T11:37:45.560+0000] {logging_mixin.py:188} INFO - [2025-11-01T11:37:45.560+0000] {dagbag.py:538} INFO - Filling up the DagBag from /opt/airflow/dags/pipelines/silver_dbt.py
[2025-11-01T11:37:45.605+0000] {processor.py:842} WARNING - No viable dags retrieved from /opt/airflow/dags/pipelines/silver_dbt.py
[2025-11-01T11:37:45.640+0000] {processor.py:183} INFO - Processing /opt/airflow/dags/pipelines/silver_dbt.py took 0.090 seconds
[2025-11-01T11:38:15.790+0000] {processor.py:161} INFO - Started process (PID=222) to work on /opt/airflow/dags/pipelines/silver_dbt.py
[2025-11-01T11:38:15.791+0000] {processor.py:830} INFO - Processing file /opt/airflow/dags/pipelines/silver_dbt.py for tasks to queue
[2025-11-01T11:38:15.792+0000] {logging_mixin.py:188} INFO - [2025-11-01T11:38:15.792+0000] {dagbag.py:538} INFO - Filling up the DagBag from /opt/airflow/dags/pipelines/silver_dbt.py
[2025-11-01T11:38:15.810+0000] {processor.py:842} WARNING - No viable dags retrieved from /opt/airflow/dags/pipelines/silver_dbt.py
[2025-11-01T11:38:15.832+0000] {processor.py:183} INFO - Processing /opt/airflow/dags/pipelines/silver_dbt.py took 0.048 seconds
[2025-11-01T11:38:46.737+0000] {processor.py:161} INFO - Started process (PID=257) to work on /opt/airflow/dags/pipelines/silver_dbt.py
[2025-11-01T11:38:46.739+0000] {processor.py:830} INFO - Processing file /opt/airflow/dags/pipelines/silver_dbt.py for tasks to queue
[2025-11-01T11:38:46.740+0000] {logging_mixin.py:188} INFO - [2025-11-01T11:38:46.739+0000] {dagbag.py:538} INFO - Filling up the DagBag from /opt/airflow/dags/pipelines/silver_dbt.py
[2025-11-01T11:38:46.754+0000] {processor.py:842} WARNING - No viable dags retrieved from /opt/airflow/dags/pipelines/silver_dbt.py
[2025-11-01T11:38:46.773+0000] {processor.py:183} INFO - Processing /opt/airflow/dags/pipelines/silver_dbt.py took 0.039 seconds
[2025-11-01T11:39:17.513+0000] {processor.py:161} INFO - Started process (PID=292) to work on /opt/airflow/dags/pipelines/silver_dbt.py
[2025-11-01T11:39:17.514+0000] {processor.py:830} INFO - Processing file /opt/airflow/dags/pipelines/silver_dbt.py for tasks to queue
[2025-11-01T11:39:17.515+0000] {logging_mixin.py:188} INFO - [2025-11-01T11:39:17.515+0000] {dagbag.py:538} INFO - Filling up the DagBag from /opt/airflow/dags/pipelines/silver_dbt.py
[2025-11-01T11:39:17.530+0000] {processor.py:842} WARNING - No viable dags retrieved from /opt/airflow/dags/pipelines/silver_dbt.py
[2025-11-01T11:39:17.551+0000] {processor.py:183} INFO - Processing /opt/airflow/dags/pipelines/silver_dbt.py took 0.042 seconds
[2025-11-01T11:39:30.076+0000] {processor.py:161} INFO - Started process (PID=327) to work on /opt/airflow/dags/pipelines/silver_dbt.py
[2025-11-01T11:39:30.078+0000] {processor.py:830} INFO - Processing file /opt/airflow/dags/pipelines/silver_dbt.py for tasks to queue
[2025-11-01T11:39:30.080+0000] {logging_mixin.py:188} INFO - [2025-11-01T11:39:30.080+0000] {dagbag.py:538} INFO - Filling up the DagBag from /opt/airflow/dags/pipelines/silver_dbt.py
[2025-11-01T11:39:30.138+0000] {processor.py:842} WARNING - No viable dags retrieved from /opt/airflow/dags/pipelines/silver_dbt.py
[2025-11-01T11:39:30.162+0000] {processor.py:183} INFO - Processing /opt/airflow/dags/pipelines/silver_dbt.py took 0.091 seconds
[2025-11-01T11:39:40.332+0000] {processor.py:161} INFO - Started process (PID=332) to work on /opt/airflow/dags/pipelines/silver_dbt.py
[2025-11-01T11:39:40.333+0000] {processor.py:830} INFO - Processing file /opt/airflow/dags/pipelines/silver_dbt.py for tasks to queue
[2025-11-01T11:39:40.334+0000] {logging_mixin.py:188} INFO - [2025-11-01T11:39:40.334+0000] {dagbag.py:538} INFO - Filling up the DagBag from /opt/airflow/dags/pipelines/silver_dbt.py
[2025-11-01T11:39:40.366+0000] {processor.py:842} WARNING - No viable dags retrieved from /opt/airflow/dags/pipelines/silver_dbt.py
[2025-11-01T11:39:40.387+0000] {processor.py:183} INFO - Processing /opt/airflow/dags/pipelines/silver_dbt.py took 0.059 seconds
[2025-11-01T11:39:51.078+0000] {processor.py:161} INFO - Started process (PID=367) to work on /opt/airflow/dags/pipelines/silver_dbt.py
[2025-11-01T11:39:51.079+0000] {processor.py:830} INFO - Processing file /opt/airflow/dags/pipelines/silver_dbt.py for tasks to queue
[2025-11-01T11:39:51.080+0000] {logging_mixin.py:188} INFO - [2025-11-01T11:39:51.080+0000] {dagbag.py:538} INFO - Filling up the DagBag from /opt/airflow/dags/pipelines/silver_dbt.py
[2025-11-01T11:39:51.105+0000] {processor.py:842} WARNING - No viable dags retrieved from /opt/airflow/dags/pipelines/silver_dbt.py
[2025-11-01T11:39:51.123+0000] {processor.py:183} INFO - Processing /opt/airflow/dags/pipelines/silver_dbt.py took 0.049 seconds
[2025-11-01T11:40:12.453+0000] {processor.py:161} INFO - Started process (PID=372) to work on /opt/airflow/dags/pipelines/silver_dbt.py
[2025-11-01T11:40:12.454+0000] {processor.py:830} INFO - Processing file /opt/airflow/dags/pipelines/silver_dbt.py for tasks to queue
[2025-11-01T11:40:12.455+0000] {logging_mixin.py:188} INFO - [2025-11-01T11:40:12.455+0000] {dagbag.py:538} INFO - Filling up the DagBag from /opt/airflow/dags/pipelines/silver_dbt.py
[2025-11-01T11:40:12.486+0000] {processor.py:842} WARNING - No viable dags retrieved from /opt/airflow/dags/pipelines/silver_dbt.py
[2025-11-01T11:40:12.503+0000] {processor.py:183} INFO - Processing /opt/airflow/dags/pipelines/silver_dbt.py took 0.053 seconds
[2025-11-01T11:40:21.999+0000] {processor.py:161} INFO - Started process (PID=407) to work on /opt/airflow/dags/pipelines/silver_dbt.py
[2025-11-01T11:40:22.000+0000] {processor.py:830} INFO - Processing file /opt/airflow/dags/pipelines/silver_dbt.py for tasks to queue
[2025-11-01T11:40:22.002+0000] {logging_mixin.py:188} INFO - [2025-11-01T11:40:22.002+0000] {dagbag.py:538} INFO - Filling up the DagBag from /opt/airflow/dags/pipelines/silver_dbt.py
[2025-11-01T11:40:22.028+0000] {processor.py:842} WARNING - No viable dags retrieved from /opt/airflow/dags/pipelines/silver_dbt.py
[2025-11-01T11:40:22.047+0000] {processor.py:183} INFO - Processing /opt/airflow/dags/pipelines/silver_dbt.py took 0.051 seconds
[2025-11-01T11:40:23.062+0000] {processor.py:161} INFO - Started process (PID=412) to work on /opt/airflow/dags/pipelines/silver_dbt.py
[2025-11-01T11:40:23.063+0000] {processor.py:830} INFO - Processing file /opt/airflow/dags/pipelines/silver_dbt.py for tasks to queue
[2025-11-01T11:40:23.064+0000] {logging_mixin.py:188} INFO - [2025-11-01T11:40:23.064+0000] {dagbag.py:538} INFO - Filling up the DagBag from /opt/airflow/dags/pipelines/silver_dbt.py
[2025-11-01T11:40:23.092+0000] {processor.py:842} WARNING - No viable dags retrieved from /opt/airflow/dags/pipelines/silver_dbt.py
[2025-11-01T11:40:23.110+0000] {processor.py:183} INFO - Processing /opt/airflow/dags/pipelines/silver_dbt.py took 0.051 seconds
[2025-11-01T11:40:54.075+0000] {processor.py:161} INFO - Started process (PID=525) to work on /opt/airflow/dags/pipelines/silver_dbt.py
[2025-11-01T11:40:54.078+0000] {processor.py:830} INFO - Processing file /opt/airflow/dags/pipelines/silver_dbt.py for tasks to queue
[2025-11-01T11:40:54.081+0000] {logging_mixin.py:188} INFO - [2025-11-01T11:40:54.080+0000] {dagbag.py:538} INFO - Filling up the DagBag from /opt/airflow/dags/pipelines/silver_dbt.py
[2025-11-01T11:40:54.163+0000] {processor.py:842} WARNING - No viable dags retrieved from /opt/airflow/dags/pipelines/silver_dbt.py
[2025-11-01T11:40:54.206+0000] {processor.py:183} INFO - Processing /opt/airflow/dags/pipelines/silver_dbt.py took 0.139 seconds
[2025-11-01T11:41:24.858+0000] {processor.py:161} INFO - Started process (PID=669) to work on /opt/airflow/dags/pipelines/silver_dbt.py
[2025-11-01T11:41:24.860+0000] {processor.py:830} INFO - Processing file /opt/airflow/dags/pipelines/silver_dbt.py for tasks to queue
[2025-11-01T11:41:24.861+0000] {logging_mixin.py:188} INFO - [2025-11-01T11:41:24.861+0000] {dagbag.py:538} INFO - Filling up the DagBag from /opt/airflow/dags/pipelines/silver_dbt.py
[2025-11-01T11:41:24.891+0000] {processor.py:842} WARNING - No viable dags retrieved from /opt/airflow/dags/pipelines/silver_dbt.py
[2025-11-01T11:41:24.914+0000] {processor.py:183} INFO - Processing /opt/airflow/dags/pipelines/silver_dbt.py took 0.062 seconds
[2025-11-01T11:41:55.144+0000] {processor.py:161} INFO - Started process (PID=760) to work on /opt/airflow/dags/pipelines/silver_dbt.py
[2025-11-01T11:41:55.146+0000] {processor.py:830} INFO - Processing file /opt/airflow/dags/pipelines/silver_dbt.py for tasks to queue
[2025-11-01T11:41:55.147+0000] {logging_mixin.py:188} INFO - [2025-11-01T11:41:55.147+0000] {dagbag.py:538} INFO - Filling up the DagBag from /opt/airflow/dags/pipelines/silver_dbt.py
[2025-11-01T11:41:55.163+0000] {processor.py:842} WARNING - No viable dags retrieved from /opt/airflow/dags/pipelines/silver_dbt.py
[2025-11-01T11:41:55.183+0000] {processor.py:183} INFO - Processing /opt/airflow/dags/pipelines/silver_dbt.py took 0.042 seconds
[2025-11-01T11:42:25.896+0000] {processor.py:161} INFO - Started process (PID=795) to work on /opt/airflow/dags/pipelines/silver_dbt.py
[2025-11-01T11:42:25.897+0000] {processor.py:830} INFO - Processing file /opt/airflow/dags/pipelines/silver_dbt.py for tasks to queue
[2025-11-01T11:42:25.898+0000] {logging_mixin.py:188} INFO - [2025-11-01T11:42:25.898+0000] {dagbag.py:538} INFO - Filling up the DagBag from /opt/airflow/dags/pipelines/silver_dbt.py
[2025-11-01T11:42:25.912+0000] {processor.py:842} WARNING - No viable dags retrieved from /opt/airflow/dags/pipelines/silver_dbt.py
[2025-11-01T11:42:25.928+0000] {processor.py:183} INFO - Processing /opt/airflow/dags/pipelines/silver_dbt.py took 0.035 seconds
[2025-11-01T11:42:56.646+0000] {processor.py:161} INFO - Started process (PID=830) to work on /opt/airflow/dags/pipelines/silver_dbt.py
[2025-11-01T11:42:56.647+0000] {processor.py:830} INFO - Processing file /opt/airflow/dags/pipelines/silver_dbt.py for tasks to queue
[2025-11-01T11:42:56.648+0000] {logging_mixin.py:188} INFO - [2025-11-01T11:42:56.648+0000] {dagbag.py:538} INFO - Filling up the DagBag from /opt/airflow/dags/pipelines/silver_dbt.py
[2025-11-01T11:42:56.663+0000] {processor.py:842} WARNING - No viable dags retrieved from /opt/airflow/dags/pipelines/silver_dbt.py
[2025-11-01T11:42:56.680+0000] {processor.py:183} INFO - Processing /opt/airflow/dags/pipelines/silver_dbt.py took 0.038 seconds
[2025-11-01T11:43:27.401+0000] {processor.py:161} INFO - Started process (PID=865) to work on /opt/airflow/dags/pipelines/silver_dbt.py
[2025-11-01T11:43:27.403+0000] {processor.py:830} INFO - Processing file /opt/airflow/dags/pipelines/silver_dbt.py for tasks to queue
[2025-11-01T11:43:27.404+0000] {logging_mixin.py:188} INFO - [2025-11-01T11:43:27.404+0000] {dagbag.py:538} INFO - Filling up the DagBag from /opt/airflow/dags/pipelines/silver_dbt.py
[2025-11-01T11:43:27.421+0000] {processor.py:842} WARNING - No viable dags retrieved from /opt/airflow/dags/pipelines/silver_dbt.py
[2025-11-01T11:43:27.440+0000] {processor.py:183} INFO - Processing /opt/airflow/dags/pipelines/silver_dbt.py took 0.042 seconds
[2025-11-01T11:43:58.169+0000] {processor.py:161} INFO - Started process (PID=900) to work on /opt/airflow/dags/pipelines/silver_dbt.py
[2025-11-01T11:43:58.170+0000] {processor.py:830} INFO - Processing file /opt/airflow/dags/pipelines/silver_dbt.py for tasks to queue
[2025-11-01T11:43:58.171+0000] {logging_mixin.py:188} INFO - [2025-11-01T11:43:58.171+0000] {dagbag.py:538} INFO - Filling up the DagBag from /opt/airflow/dags/pipelines/silver_dbt.py
[2025-11-01T11:43:58.185+0000] {processor.py:842} WARNING - No viable dags retrieved from /opt/airflow/dags/pipelines/silver_dbt.py
[2025-11-01T11:43:58.202+0000] {processor.py:183} INFO - Processing /opt/airflow/dags/pipelines/silver_dbt.py took 0.036 seconds
[2025-11-01T11:44:28.964+0000] {processor.py:161} INFO - Started process (PID=935) to work on /opt/airflow/dags/pipelines/silver_dbt.py
[2025-11-01T11:44:28.966+0000] {processor.py:830} INFO - Processing file /opt/airflow/dags/pipelines/silver_dbt.py for tasks to queue
[2025-11-01T11:44:28.967+0000] {logging_mixin.py:188} INFO - [2025-11-01T11:44:28.967+0000] {dagbag.py:538} INFO - Filling up the DagBag from /opt/airflow/dags/pipelines/silver_dbt.py
[2025-11-01T11:44:28.989+0000] {processor.py:842} WARNING - No viable dags retrieved from /opt/airflow/dags/pipelines/silver_dbt.py
[2025-11-01T11:44:29.006+0000] {processor.py:183} INFO - Processing /opt/airflow/dags/pipelines/silver_dbt.py took 0.047 seconds
[2025-11-01T11:45:00.008+0000] {processor.py:161} INFO - Started process (PID=970) to work on /opt/airflow/dags/pipelines/silver_dbt.py
[2025-11-01T11:45:00.010+0000] {processor.py:830} INFO - Processing file /opt/airflow/dags/pipelines/silver_dbt.py for tasks to queue
[2025-11-01T11:45:00.012+0000] {logging_mixin.py:188} INFO - [2025-11-01T11:45:00.011+0000] {dagbag.py:538} INFO - Filling up the DagBag from /opt/airflow/dags/pipelines/silver_dbt.py
[2025-11-01T11:45:00.051+0000] {processor.py:842} WARNING - No viable dags retrieved from /opt/airflow/dags/pipelines/silver_dbt.py
[2025-11-01T11:45:00.082+0000] {processor.py:183} INFO - Processing /opt/airflow/dags/pipelines/silver_dbt.py took 0.077 seconds
[2025-11-01T11:45:07.166+0000] {processor.py:161} INFO - Started process (PID=975) to work on /opt/airflow/dags/pipelines/silver_dbt.py
[2025-11-01T11:45:07.167+0000] {processor.py:830} INFO - Processing file /opt/airflow/dags/pipelines/silver_dbt.py for tasks to queue
[2025-11-01T11:45:07.168+0000] {logging_mixin.py:188} INFO - [2025-11-01T11:45:07.168+0000] {dagbag.py:538} INFO - Filling up the DagBag from /opt/airflow/dags/pipelines/silver_dbt.py
[2025-11-01T11:45:07.197+0000] {processor.py:842} WARNING - No viable dags retrieved from /opt/airflow/dags/pipelines/silver_dbt.py
[2025-11-01T11:45:07.216+0000] {processor.py:183} INFO - Processing /opt/airflow/dags/pipelines/silver_dbt.py took 0.054 seconds
[2025-11-01T11:45:37.381+0000] {processor.py:161} INFO - Started process (PID=1054) to work on /opt/airflow/dags/pipelines/silver_dbt.py
[2025-11-01T11:45:37.383+0000] {processor.py:830} INFO - Processing file /opt/airflow/dags/pipelines/silver_dbt.py for tasks to queue
[2025-11-01T11:45:37.385+0000] {logging_mixin.py:188} INFO - [2025-11-01T11:45:37.384+0000] {dagbag.py:538} INFO - Filling up the DagBag from /opt/airflow/dags/pipelines/silver_dbt.py
[2025-11-01T11:45:37.404+0000] {processor.py:842} WARNING - No viable dags retrieved from /opt/airflow/dags/pipelines/silver_dbt.py
[2025-11-01T11:45:37.421+0000] {processor.py:183} INFO - Processing /opt/airflow/dags/pipelines/silver_dbt.py took 0.045 seconds
[2025-11-01T11:46:08.388+0000] {processor.py:161} INFO - Started process (PID=1099) to work on /opt/airflow/dags/pipelines/silver_dbt.py
[2025-11-01T11:46:08.390+0000] {processor.py:830} INFO - Processing file /opt/airflow/dags/pipelines/silver_dbt.py for tasks to queue
[2025-11-01T11:46:08.392+0000] {logging_mixin.py:188} INFO - [2025-11-01T11:46:08.391+0000] {dagbag.py:538} INFO - Filling up the DagBag from /opt/airflow/dags/pipelines/silver_dbt.py
[2025-11-01T11:46:08.415+0000] {processor.py:842} WARNING - No viable dags retrieved from /opt/airflow/dags/pipelines/silver_dbt.py
[2025-11-01T11:46:08.437+0000] {processor.py:183} INFO - Processing /opt/airflow/dags/pipelines/silver_dbt.py took 0.054 seconds
[2025-11-01T11:46:38.520+0000] {processor.py:161} INFO - Started process (PID=1210) to work on /opt/airflow/dags/pipelines/silver_dbt.py
[2025-11-01T11:46:38.523+0000] {processor.py:830} INFO - Processing file /opt/airflow/dags/pipelines/silver_dbt.py for tasks to queue
[2025-11-01T11:46:38.525+0000] {logging_mixin.py:188} INFO - [2025-11-01T11:46:38.524+0000] {dagbag.py:538} INFO - Filling up the DagBag from /opt/airflow/dags/pipelines/silver_dbt.py
[2025-11-01T11:46:38.544+0000] {processor.py:842} WARNING - No viable dags retrieved from /opt/airflow/dags/pipelines/silver_dbt.py
[2025-11-01T11:46:38.567+0000] {processor.py:183} INFO - Processing /opt/airflow/dags/pipelines/silver_dbt.py took 0.052 seconds
[2025-11-01T11:47:08.793+0000] {processor.py:161} INFO - Started process (PID=1272) to work on /opt/airflow/dags/pipelines/silver_dbt.py
[2025-11-01T11:47:08.795+0000] {processor.py:830} INFO - Processing file /opt/airflow/dags/pipelines/silver_dbt.py for tasks to queue
[2025-11-01T11:47:08.796+0000] {logging_mixin.py:188} INFO - [2025-11-01T11:47:08.795+0000] {dagbag.py:538} INFO - Filling up the DagBag from /opt/airflow/dags/pipelines/silver_dbt.py
[2025-11-01T11:47:08.809+0000] {processor.py:842} WARNING - No viable dags retrieved from /opt/airflow/dags/pipelines/silver_dbt.py
[2025-11-01T11:47:08.829+0000] {processor.py:183} INFO - Processing /opt/airflow/dags/pipelines/silver_dbt.py took 0.039 seconds
[2025-11-01T11:47:39.593+0000] {processor.py:161} INFO - Started process (PID=1307) to work on /opt/airflow/dags/pipelines/silver_dbt.py
[2025-11-01T11:47:39.595+0000] {processor.py:830} INFO - Processing file /opt/airflow/dags/pipelines/silver_dbt.py for tasks to queue
[2025-11-01T11:47:39.596+0000] {logging_mixin.py:188} INFO - [2025-11-01T11:47:39.595+0000] {dagbag.py:538} INFO - Filling up the DagBag from /opt/airflow/dags/pipelines/silver_dbt.py
[2025-11-01T11:47:39.611+0000] {processor.py:842} WARNING - No viable dags retrieved from /opt/airflow/dags/pipelines/silver_dbt.py
[2025-11-01T11:47:39.629+0000] {processor.py:183} INFO - Processing /opt/airflow/dags/pipelines/silver_dbt.py took 0.040 seconds
[2025-11-01T11:48:10.449+0000] {processor.py:161} INFO - Started process (PID=1342) to work on /opt/airflow/dags/pipelines/silver_dbt.py
[2025-11-01T11:48:10.450+0000] {processor.py:830} INFO - Processing file /opt/airflow/dags/pipelines/silver_dbt.py for tasks to queue
[2025-11-01T11:48:10.452+0000] {logging_mixin.py:188} INFO - [2025-11-01T11:48:10.451+0000] {dagbag.py:538} INFO - Filling up the DagBag from /opt/airflow/dags/pipelines/silver_dbt.py
[2025-11-01T11:48:10.473+0000] {processor.py:842} WARNING - No viable dags retrieved from /opt/airflow/dags/pipelines/silver_dbt.py
[2025-11-01T11:48:10.492+0000] {processor.py:183} INFO - Processing /opt/airflow/dags/pipelines/silver_dbt.py took 0.048 seconds
[2025-11-01T11:48:14.566+0000] {processor.py:161} INFO - Started process (PID=1347) to work on /opt/airflow/dags/pipelines/silver_dbt.py
[2025-11-01T11:48:14.568+0000] {processor.py:830} INFO - Processing file /opt/airflow/dags/pipelines/silver_dbt.py for tasks to queue
[2025-11-01T11:48:14.570+0000] {logging_mixin.py:188} INFO - [2025-11-01T11:48:14.569+0000] {dagbag.py:538} INFO - Filling up the DagBag from /opt/airflow/dags/pipelines/silver_dbt.py
[2025-11-01T11:48:14.608+0000] {processor.py:842} WARNING - No viable dags retrieved from /opt/airflow/dags/pipelines/silver_dbt.py
[2025-11-01T11:48:14.628+0000] {processor.py:183} INFO - Processing /opt/airflow/dags/pipelines/silver_dbt.py took 0.068 seconds
[2025-11-01T11:48:45.548+0000] {processor.py:161} INFO - Started process (PID=1473) to work on /opt/airflow/dags/pipelines/silver_dbt.py
[2025-11-01T11:48:45.549+0000] {processor.py:830} INFO - Processing file /opt/airflow/dags/pipelines/silver_dbt.py for tasks to queue
[2025-11-01T11:48:45.550+0000] {logging_mixin.py:188} INFO - [2025-11-01T11:48:45.549+0000] {dagbag.py:538} INFO - Filling up the DagBag from /opt/airflow/dags/pipelines/silver_dbt.py
[2025-11-01T11:48:45.570+0000] {processor.py:842} WARNING - No viable dags retrieved from /opt/airflow/dags/pipelines/silver_dbt.py
[2025-11-01T11:48:45.587+0000] {processor.py:183} INFO - Processing /opt/airflow/dags/pipelines/silver_dbt.py took 0.043 seconds
[2025-11-01T11:49:16.546+0000] {processor.py:161} INFO - Started process (PID=1508) to work on /opt/airflow/dags/pipelines/silver_dbt.py
[2025-11-01T11:49:16.547+0000] {processor.py:830} INFO - Processing file /opt/airflow/dags/pipelines/silver_dbt.py for tasks to queue
[2025-11-01T11:49:16.549+0000] {logging_mixin.py:188} INFO - [2025-11-01T11:49:16.549+0000] {dagbag.py:538} INFO - Filling up the DagBag from /opt/airflow/dags/pipelines/silver_dbt.py
[2025-11-01T11:49:16.581+0000] {processor.py:842} WARNING - No viable dags retrieved from /opt/airflow/dags/pipelines/silver_dbt.py
[2025-11-01T11:49:16.602+0000] {processor.py:183} INFO - Processing /opt/airflow/dags/pipelines/silver_dbt.py took 0.061 seconds
[2025-11-01T11:49:47.439+0000] {processor.py:161} INFO - Started process (PID=1543) to work on /opt/airflow/dags/pipelines/silver_dbt.py
[2025-11-01T11:49:47.440+0000] {processor.py:830} INFO - Processing file /opt/airflow/dags/pipelines/silver_dbt.py for tasks to queue
[2025-11-01T11:49:47.442+0000] {logging_mixin.py:188} INFO - [2025-11-01T11:49:47.441+0000] {dagbag.py:538} INFO - Filling up the DagBag from /opt/airflow/dags/pipelines/silver_dbt.py
[2025-11-01T11:49:47.455+0000] {processor.py:842} WARNING - No viable dags retrieved from /opt/airflow/dags/pipelines/silver_dbt.py
[2025-11-01T11:49:47.470+0000] {processor.py:183} INFO - Processing /opt/airflow/dags/pipelines/silver_dbt.py took 0.035 seconds
[2025-11-01T11:50:18.126+0000] {processor.py:161} INFO - Started process (PID=1578) to work on /opt/airflow/dags/pipelines/silver_dbt.py
[2025-11-01T11:50:18.128+0000] {processor.py:830} INFO - Processing file /opt/airflow/dags/pipelines/silver_dbt.py for tasks to queue
[2025-11-01T11:50:18.129+0000] {logging_mixin.py:188} INFO - [2025-11-01T11:50:18.129+0000] {dagbag.py:538} INFO - Filling up the DagBag from /opt/airflow/dags/pipelines/silver_dbt.py
[2025-11-01T11:50:18.143+0000] {processor.py:842} WARNING - No viable dags retrieved from /opt/airflow/dags/pipelines/silver_dbt.py
[2025-11-01T11:50:18.159+0000] {processor.py:183} INFO - Processing /opt/airflow/dags/pipelines/silver_dbt.py took 0.037 seconds
[2025-11-01T11:50:48.859+0000] {processor.py:161} INFO - Started process (PID=1632) to work on /opt/airflow/dags/pipelines/silver_dbt.py
[2025-11-01T11:50:48.860+0000] {processor.py:830} INFO - Processing file /opt/airflow/dags/pipelines/silver_dbt.py for tasks to queue
[2025-11-01T11:50:48.862+0000] {logging_mixin.py:188} INFO - [2025-11-01T11:50:48.861+0000] {dagbag.py:538} INFO - Filling up the DagBag from /opt/airflow/dags/pipelines/silver_dbt.py
[2025-11-01T11:50:48.883+0000] {processor.py:842} WARNING - No viable dags retrieved from /opt/airflow/dags/pipelines/silver_dbt.py
[2025-11-01T11:50:48.905+0000] {processor.py:183} INFO - Processing /opt/airflow/dags/pipelines/silver_dbt.py took 0.051 seconds
[2025-11-01T11:51:19.609+0000] {processor.py:161} INFO - Started process (PID=1667) to work on /opt/airflow/dags/pipelines/silver_dbt.py
[2025-11-01T11:51:19.611+0000] {processor.py:830} INFO - Processing file /opt/airflow/dags/pipelines/silver_dbt.py for tasks to queue
[2025-11-01T11:51:19.613+0000] {logging_mixin.py:188} INFO - [2025-11-01T11:51:19.612+0000] {dagbag.py:538} INFO - Filling up the DagBag from /opt/airflow/dags/pipelines/silver_dbt.py
[2025-11-01T11:51:19.627+0000] {processor.py:842} WARNING - No viable dags retrieved from /opt/airflow/dags/pipelines/silver_dbt.py
[2025-11-01T11:51:19.644+0000] {processor.py:183} INFO - Processing /opt/airflow/dags/pipelines/silver_dbt.py took 0.038 seconds
[2025-11-01T11:51:50.456+0000] {processor.py:161} INFO - Started process (PID=1702) to work on /opt/airflow/dags/pipelines/silver_dbt.py
[2025-11-01T11:51:50.458+0000] {processor.py:830} INFO - Processing file /opt/airflow/dags/pipelines/silver_dbt.py for tasks to queue
[2025-11-01T11:51:50.459+0000] {logging_mixin.py:188} INFO - [2025-11-01T11:51:50.458+0000] {dagbag.py:538} INFO - Filling up the DagBag from /opt/airflow/dags/pipelines/silver_dbt.py
[2025-11-01T11:51:50.481+0000] {processor.py:842} WARNING - No viable dags retrieved from /opt/airflow/dags/pipelines/silver_dbt.py
[2025-11-01T11:51:50.500+0000] {processor.py:183} INFO - Processing /opt/airflow/dags/pipelines/silver_dbt.py took 0.047 seconds
[2025-11-01T11:52:21.378+0000] {processor.py:161} INFO - Started process (PID=1737) to work on /opt/airflow/dags/pipelines/silver_dbt.py
[2025-11-01T11:52:21.379+0000] {processor.py:830} INFO - Processing file /opt/airflow/dags/pipelines/silver_dbt.py for tasks to queue
[2025-11-01T11:52:21.380+0000] {logging_mixin.py:188} INFO - [2025-11-01T11:52:21.380+0000] {dagbag.py:538} INFO - Filling up the DagBag from /opt/airflow/dags/pipelines/silver_dbt.py
[2025-11-01T11:52:21.394+0000] {processor.py:842} WARNING - No viable dags retrieved from /opt/airflow/dags/pipelines/silver_dbt.py
[2025-11-01T11:52:21.409+0000] {processor.py:183} INFO - Processing /opt/airflow/dags/pipelines/silver_dbt.py took 0.034 seconds
[2025-11-01T11:52:52.294+0000] {processor.py:161} INFO - Started process (PID=1772) to work on /opt/airflow/dags/pipelines/silver_dbt.py
[2025-11-01T11:52:52.295+0000] {processor.py:830} INFO - Processing file /opt/airflow/dags/pipelines/silver_dbt.py for tasks to queue
[2025-11-01T11:52:52.296+0000] {logging_mixin.py:188} INFO - [2025-11-01T11:52:52.296+0000] {dagbag.py:538} INFO - Filling up the DagBag from /opt/airflow/dags/pipelines/silver_dbt.py
[2025-11-01T11:52:52.311+0000] {processor.py:842} WARNING - No viable dags retrieved from /opt/airflow/dags/pipelines/silver_dbt.py
[2025-11-01T11:52:52.327+0000] {processor.py:183} INFO - Processing /opt/airflow/dags/pipelines/silver_dbt.py took 0.037 seconds
[2025-11-01T11:53:22.555+0000] {processor.py:161} INFO - Started process (PID=1807) to work on /opt/airflow/dags/pipelines/silver_dbt.py
[2025-11-01T11:53:22.556+0000] {processor.py:830} INFO - Processing file /opt/airflow/dags/pipelines/silver_dbt.py for tasks to queue
[2025-11-01T11:53:22.558+0000] {logging_mixin.py:188} INFO - [2025-11-01T11:53:22.557+0000] {dagbag.py:538} INFO - Filling up the DagBag from /opt/airflow/dags/pipelines/silver_dbt.py
[2025-11-01T11:53:22.579+0000] {processor.py:842} WARNING - No viable dags retrieved from /opt/airflow/dags/pipelines/silver_dbt.py
[2025-11-01T11:53:22.599+0000] {processor.py:183} INFO - Processing /opt/airflow/dags/pipelines/silver_dbt.py took 0.048 seconds
[2025-11-01T11:53:52.921+0000] {processor.py:161} INFO - Started process (PID=1882) to work on /opt/airflow/dags/pipelines/silver_dbt.py
[2025-11-01T11:53:52.923+0000] {processor.py:830} INFO - Processing file /opt/airflow/dags/pipelines/silver_dbt.py for tasks to queue
[2025-11-01T11:53:52.924+0000] {logging_mixin.py:188} INFO - [2025-11-01T11:53:52.924+0000] {dagbag.py:538} INFO - Filling up the DagBag from /opt/airflow/dags/pipelines/silver_dbt.py
[2025-11-01T11:53:52.939+0000] {processor.py:842} WARNING - No viable dags retrieved from /opt/airflow/dags/pipelines/silver_dbt.py
[2025-11-01T11:53:52.960+0000] {processor.py:183} INFO - Processing /opt/airflow/dags/pipelines/silver_dbt.py took 0.044 seconds
[2025-11-01T11:54:23.878+0000] {processor.py:161} INFO - Started process (PID=1917) to work on /opt/airflow/dags/pipelines/silver_dbt.py
[2025-11-01T11:54:23.879+0000] {processor.py:830} INFO - Processing file /opt/airflow/dags/pipelines/silver_dbt.py for tasks to queue
[2025-11-01T11:54:23.880+0000] {logging_mixin.py:188} INFO - [2025-11-01T11:54:23.880+0000] {dagbag.py:538} INFO - Filling up the DagBag from /opt/airflow/dags/pipelines/silver_dbt.py
[2025-11-01T11:54:23.894+0000] {processor.py:842} WARNING - No viable dags retrieved from /opt/airflow/dags/pipelines/silver_dbt.py
[2025-11-01T11:54:23.910+0000] {processor.py:183} INFO - Processing /opt/airflow/dags/pipelines/silver_dbt.py took 0.036 seconds
[2025-11-01T11:54:54.633+0000] {processor.py:161} INFO - Started process (PID=1952) to work on /opt/airflow/dags/pipelines/silver_dbt.py
[2025-11-01T11:54:54.635+0000] {processor.py:830} INFO - Processing file /opt/airflow/dags/pipelines/silver_dbt.py for tasks to queue
[2025-11-01T11:54:54.636+0000] {logging_mixin.py:188} INFO - [2025-11-01T11:54:54.635+0000] {dagbag.py:538} INFO - Filling up the DagBag from /opt/airflow/dags/pipelines/silver_dbt.py
[2025-11-01T11:54:54.651+0000] {processor.py:842} WARNING - No viable dags retrieved from /opt/airflow/dags/pipelines/silver_dbt.py
[2025-11-01T11:54:54.667+0000] {processor.py:183} INFO - Processing /opt/airflow/dags/pipelines/silver_dbt.py took 0.038 seconds
[2025-11-01T11:55:25.450+0000] {processor.py:161} INFO - Started process (PID=1987) to work on /opt/airflow/dags/pipelines/silver_dbt.py
[2025-11-01T11:55:25.452+0000] {processor.py:830} INFO - Processing file /opt/airflow/dags/pipelines/silver_dbt.py for tasks to queue
[2025-11-01T11:55:25.453+0000] {logging_mixin.py:188} INFO - [2025-11-01T11:55:25.453+0000] {dagbag.py:538} INFO - Filling up the DagBag from /opt/airflow/dags/pipelines/silver_dbt.py
[2025-11-01T11:55:25.467+0000] {processor.py:842} WARNING - No viable dags retrieved from /opt/airflow/dags/pipelines/silver_dbt.py
[2025-11-01T11:55:25.484+0000] {processor.py:183} INFO - Processing /opt/airflow/dags/pipelines/silver_dbt.py took 0.037 seconds
[2025-11-01T11:55:56.193+0000] {processor.py:161} INFO - Started process (PID=2022) to work on /opt/airflow/dags/pipelines/silver_dbt.py
[2025-11-01T11:55:56.194+0000] {processor.py:830} INFO - Processing file /opt/airflow/dags/pipelines/silver_dbt.py for tasks to queue
[2025-11-01T11:55:56.195+0000] {logging_mixin.py:188} INFO - [2025-11-01T11:55:56.195+0000] {dagbag.py:538} INFO - Filling up the DagBag from /opt/airflow/dags/pipelines/silver_dbt.py
[2025-11-01T11:55:56.209+0000] {processor.py:842} WARNING - No viable dags retrieved from /opt/airflow/dags/pipelines/silver_dbt.py
[2025-11-01T11:55:56.227+0000] {processor.py:183} INFO - Processing /opt/airflow/dags/pipelines/silver_dbt.py took 0.038 seconds
[2025-11-01T11:56:27.034+0000] {processor.py:161} INFO - Started process (PID=2057) to work on /opt/airflow/dags/pipelines/silver_dbt.py
[2025-11-01T11:56:27.035+0000] {processor.py:830} INFO - Processing file /opt/airflow/dags/pipelines/silver_dbt.py for tasks to queue
[2025-11-01T11:56:27.037+0000] {logging_mixin.py:188} INFO - [2025-11-01T11:56:27.036+0000] {dagbag.py:538} INFO - Filling up the DagBag from /opt/airflow/dags/pipelines/silver_dbt.py
[2025-11-01T11:56:27.050+0000] {processor.py:842} WARNING - No viable dags retrieved from /opt/airflow/dags/pipelines/silver_dbt.py
[2025-11-01T11:56:27.066+0000] {processor.py:183} INFO - Processing /opt/airflow/dags/pipelines/silver_dbt.py took 0.035 seconds
[2025-11-01T11:56:57.781+0000] {processor.py:161} INFO - Started process (PID=2092) to work on /opt/airflow/dags/pipelines/silver_dbt.py
[2025-11-01T11:56:57.782+0000] {processor.py:830} INFO - Processing file /opt/airflow/dags/pipelines/silver_dbt.py for tasks to queue
[2025-11-01T11:56:57.783+0000] {logging_mixin.py:188} INFO - [2025-11-01T11:56:57.783+0000] {dagbag.py:538} INFO - Filling up the DagBag from /opt/airflow/dags/pipelines/silver_dbt.py
[2025-11-01T11:56:57.802+0000] {processor.py:842} WARNING - No viable dags retrieved from /opt/airflow/dags/pipelines/silver_dbt.py
[2025-11-01T11:56:57.821+0000] {processor.py:183} INFO - Processing /opt/airflow/dags/pipelines/silver_dbt.py took 0.045 seconds
[2025-11-01T11:57:28.630+0000] {processor.py:161} INFO - Started process (PID=2127) to work on /opt/airflow/dags/pipelines/silver_dbt.py
[2025-11-01T11:57:28.632+0000] {processor.py:830} INFO - Processing file /opt/airflow/dags/pipelines/silver_dbt.py for tasks to queue
[2025-11-01T11:57:28.634+0000] {logging_mixin.py:188} INFO - [2025-11-01T11:57:28.633+0000] {dagbag.py:538} INFO - Filling up the DagBag from /opt/airflow/dags/pipelines/silver_dbt.py
[2025-11-01T11:57:28.652+0000] {processor.py:842} WARNING - No viable dags retrieved from /opt/airflow/dags/pipelines/silver_dbt.py
[2025-11-01T11:57:28.669+0000] {processor.py:183} INFO - Processing /opt/airflow/dags/pipelines/silver_dbt.py took 0.044 seconds
[2025-11-01T11:57:59.158+0000] {processor.py:161} INFO - Started process (PID=2187) to work on /opt/airflow/dags/pipelines/silver_dbt.py
[2025-11-01T11:57:59.159+0000] {processor.py:830} INFO - Processing file /opt/airflow/dags/pipelines/silver_dbt.py for tasks to queue
[2025-11-01T11:57:59.162+0000] {logging_mixin.py:188} INFO - [2025-11-01T11:57:59.161+0000] {dagbag.py:538} INFO - Filling up the DagBag from /opt/airflow/dags/pipelines/silver_dbt.py
[2025-11-01T11:57:59.175+0000] {processor.py:842} WARNING - No viable dags retrieved from /opt/airflow/dags/pipelines/silver_dbt.py
[2025-11-01T11:57:59.193+0000] {processor.py:183} INFO - Processing /opt/airflow/dags/pipelines/silver_dbt.py took 0.039 seconds
[2025-11-01T11:58:29.339+0000] {processor.py:161} INFO - Started process (PID=2222) to work on /opt/airflow/dags/pipelines/silver_dbt.py
[2025-11-01T11:58:29.342+0000] {processor.py:830} INFO - Processing file /opt/airflow/dags/pipelines/silver_dbt.py for tasks to queue
[2025-11-01T11:58:29.343+0000] {logging_mixin.py:188} INFO - [2025-11-01T11:58:29.343+0000] {dagbag.py:538} INFO - Filling up the DagBag from /opt/airflow/dags/pipelines/silver_dbt.py
[2025-11-01T11:58:29.366+0000] {processor.py:842} WARNING - No viable dags retrieved from /opt/airflow/dags/pipelines/silver_dbt.py
[2025-11-01T11:58:29.388+0000] {processor.py:183} INFO - Processing /opt/airflow/dags/pipelines/silver_dbt.py took 0.055 seconds
[2025-11-01T11:58:59.770+0000] {processor.py:161} INFO - Started process (PID=2257) to work on /opt/airflow/dags/pipelines/silver_dbt.py
[2025-11-01T11:58:59.773+0000] {processor.py:830} INFO - Processing file /opt/airflow/dags/pipelines/silver_dbt.py for tasks to queue
[2025-11-01T11:58:59.779+0000] {logging_mixin.py:188} INFO - [2025-11-01T11:58:59.775+0000] {dagbag.py:538} INFO - Filling up the DagBag from /opt/airflow/dags/pipelines/silver_dbt.py
[2025-11-01T11:58:59.803+0000] {processor.py:842} WARNING - No viable dags retrieved from /opt/airflow/dags/pipelines/silver_dbt.py
[2025-11-01T11:58:59.830+0000] {processor.py:183} INFO - Processing /opt/airflow/dags/pipelines/silver_dbt.py took 0.065 seconds
[2025-11-01T11:59:30.656+0000] {processor.py:161} INFO - Started process (PID=2292) to work on /opt/airflow/dags/pipelines/silver_dbt.py
[2025-11-01T11:59:30.657+0000] {processor.py:830} INFO - Processing file /opt/airflow/dags/pipelines/silver_dbt.py for tasks to queue
[2025-11-01T11:59:30.658+0000] {logging_mixin.py:188} INFO - [2025-11-01T11:59:30.658+0000] {dagbag.py:538} INFO - Filling up the DagBag from /opt/airflow/dags/pipelines/silver_dbt.py
[2025-11-01T11:59:30.673+0000] {processor.py:842} WARNING - No viable dags retrieved from /opt/airflow/dags/pipelines/silver_dbt.py
[2025-11-01T11:59:30.690+0000] {processor.py:183} INFO - Processing /opt/airflow/dags/pipelines/silver_dbt.py took 0.038 seconds
[2025-11-01T12:00:01.535+0000] {processor.py:161} INFO - Started process (PID=2327) to work on /opt/airflow/dags/pipelines/silver_dbt.py
[2025-11-01T12:00:01.537+0000] {processor.py:830} INFO - Processing file /opt/airflow/dags/pipelines/silver_dbt.py for tasks to queue
[2025-11-01T12:00:01.538+0000] {logging_mixin.py:188} INFO - [2025-11-01T12:00:01.538+0000] {dagbag.py:538} INFO - Filling up the DagBag from /opt/airflow/dags/pipelines/silver_dbt.py
[2025-11-01T12:00:01.555+0000] {processor.py:842} WARNING - No viable dags retrieved from /opt/airflow/dags/pipelines/silver_dbt.py
[2025-11-01T12:00:01.573+0000] {processor.py:183} INFO - Processing /opt/airflow/dags/pipelines/silver_dbt.py took 0.041 seconds
[2025-11-01T12:00:32.364+0000] {processor.py:161} INFO - Started process (PID=2362) to work on /opt/airflow/dags/pipelines/silver_dbt.py
[2025-11-01T12:00:32.365+0000] {processor.py:830} INFO - Processing file /opt/airflow/dags/pipelines/silver_dbt.py for tasks to queue
[2025-11-01T12:00:32.366+0000] {logging_mixin.py:188} INFO - [2025-11-01T12:00:32.366+0000] {dagbag.py:538} INFO - Filling up the DagBag from /opt/airflow/dags/pipelines/silver_dbt.py
[2025-11-01T12:00:32.382+0000] {processor.py:842} WARNING - No viable dags retrieved from /opt/airflow/dags/pipelines/silver_dbt.py
[2025-11-01T12:00:32.401+0000] {processor.py:183} INFO - Processing /opt/airflow/dags/pipelines/silver_dbt.py took 0.041 seconds
[2025-11-01T12:01:03.148+0000] {processor.py:161} INFO - Started process (PID=2397) to work on /opt/airflow/dags/pipelines/silver_dbt.py
[2025-11-01T12:01:03.149+0000] {processor.py:830} INFO - Processing file /opt/airflow/dags/pipelines/silver_dbt.py for tasks to queue
[2025-11-01T12:01:03.150+0000] {logging_mixin.py:188} INFO - [2025-11-01T12:01:03.150+0000] {dagbag.py:538} INFO - Filling up the DagBag from /opt/airflow/dags/pipelines/silver_dbt.py
[2025-11-01T12:01:03.164+0000] {processor.py:842} WARNING - No viable dags retrieved from /opt/airflow/dags/pipelines/silver_dbt.py
[2025-11-01T12:01:03.183+0000] {processor.py:183} INFO - Processing /opt/airflow/dags/pipelines/silver_dbt.py took 0.039 seconds
[2025-11-01T12:01:34.007+0000] {processor.py:161} INFO - Started process (PID=2432) to work on /opt/airflow/dags/pipelines/silver_dbt.py
[2025-11-01T12:01:34.009+0000] {processor.py:830} INFO - Processing file /opt/airflow/dags/pipelines/silver_dbt.py for tasks to queue
[2025-11-01T12:01:34.011+0000] {logging_mixin.py:188} INFO - [2025-11-01T12:01:34.011+0000] {dagbag.py:538} INFO - Filling up the DagBag from /opt/airflow/dags/pipelines/silver_dbt.py
[2025-11-01T12:01:34.031+0000] {processor.py:842} WARNING - No viable dags retrieved from /opt/airflow/dags/pipelines/silver_dbt.py
[2025-11-01T12:01:34.061+0000] {processor.py:183} INFO - Processing /opt/airflow/dags/pipelines/silver_dbt.py took 0.063 seconds
[2025-11-01T12:01:46.200+0000] {processor.py:161} INFO - Started process (PID=2437) to work on /opt/airflow/dags/pipelines/silver_dbt.py
[2025-11-01T12:01:46.201+0000] {processor.py:830} INFO - Processing file /opt/airflow/dags/pipelines/silver_dbt.py for tasks to queue
[2025-11-01T12:01:46.202+0000] {logging_mixin.py:188} INFO - [2025-11-01T12:01:46.202+0000] {dagbag.py:538} INFO - Filling up the DagBag from /opt/airflow/dags/pipelines/silver_dbt.py
[2025-11-01T12:01:46.228+0000] {processor.py:842} WARNING - No viable dags retrieved from /opt/airflow/dags/pipelines/silver_dbt.py
[2025-11-01T12:01:46.247+0000] {processor.py:183} INFO - Processing /opt/airflow/dags/pipelines/silver_dbt.py took 0.051 seconds
[2025-11-01T12:02:17.014+0000] {processor.py:161} INFO - Started process (PID=2472) to work on /opt/airflow/dags/pipelines/silver_dbt.py
[2025-11-01T12:02:17.016+0000] {processor.py:830} INFO - Processing file /opt/airflow/dags/pipelines/silver_dbt.py for tasks to queue
[2025-11-01T12:02:17.017+0000] {logging_mixin.py:188} INFO - [2025-11-01T12:02:17.016+0000] {dagbag.py:538} INFO - Filling up the DagBag from /opt/airflow/dags/pipelines/silver_dbt.py
[2025-11-01T12:02:17.033+0000] {processor.py:842} WARNING - No viable dags retrieved from /opt/airflow/dags/pipelines/silver_dbt.py
[2025-11-01T12:02:17.051+0000] {processor.py:183} INFO - Processing /opt/airflow/dags/pipelines/silver_dbt.py took 0.040 seconds
[2025-11-01T12:02:47.901+0000] {processor.py:161} INFO - Started process (PID=2507) to work on /opt/airflow/dags/pipelines/silver_dbt.py
[2025-11-01T12:02:47.902+0000] {processor.py:830} INFO - Processing file /opt/airflow/dags/pipelines/silver_dbt.py for tasks to queue
[2025-11-01T12:02:47.903+0000] {logging_mixin.py:188} INFO - [2025-11-01T12:02:47.903+0000] {dagbag.py:538} INFO - Filling up the DagBag from /opt/airflow/dags/pipelines/silver_dbt.py
[2025-11-01T12:02:47.917+0000] {processor.py:842} WARNING - No viable dags retrieved from /opt/airflow/dags/pipelines/silver_dbt.py
[2025-11-01T12:02:47.934+0000] {processor.py:183} INFO - Processing /opt/airflow/dags/pipelines/silver_dbt.py took 0.037 seconds
[2025-11-01T12:03:18.790+0000] {processor.py:161} INFO - Started process (PID=2542) to work on /opt/airflow/dags/pipelines/silver_dbt.py
[2025-11-01T12:03:18.792+0000] {processor.py:830} INFO - Processing file /opt/airflow/dags/pipelines/silver_dbt.py for tasks to queue
[2025-11-01T12:03:18.793+0000] {logging_mixin.py:188} INFO - [2025-11-01T12:03:18.792+0000] {dagbag.py:538} INFO - Filling up the DagBag from /opt/airflow/dags/pipelines/silver_dbt.py
[2025-11-01T12:03:18.808+0000] {processor.py:842} WARNING - No viable dags retrieved from /opt/airflow/dags/pipelines/silver_dbt.py
[2025-11-01T12:03:18.825+0000] {processor.py:183} INFO - Processing /opt/airflow/dags/pipelines/silver_dbt.py took 0.040 seconds
[2025-11-01T12:03:49.629+0000] {processor.py:161} INFO - Started process (PID=2577) to work on /opt/airflow/dags/pipelines/silver_dbt.py
[2025-11-01T12:03:49.630+0000] {processor.py:830} INFO - Processing file /opt/airflow/dags/pipelines/silver_dbt.py for tasks to queue
[2025-11-01T12:03:49.632+0000] {logging_mixin.py:188} INFO - [2025-11-01T12:03:49.631+0000] {dagbag.py:538} INFO - Filling up the DagBag from /opt/airflow/dags/pipelines/silver_dbt.py
[2025-11-01T12:03:49.650+0000] {processor.py:842} WARNING - No viable dags retrieved from /opt/airflow/dags/pipelines/silver_dbt.py
[2025-11-01T12:03:49.667+0000] {processor.py:183} INFO - Processing /opt/airflow/dags/pipelines/silver_dbt.py took 0.043 seconds
[2025-11-01T12:04:04.286+0000] {processor.py:161} INFO - Started process (PID=2612) to work on /opt/airflow/dags/pipelines/silver_dbt.py
[2025-11-01T12:04:04.288+0000] {processor.py:830} INFO - Processing file /opt/airflow/dags/pipelines/silver_dbt.py for tasks to queue
[2025-11-01T12:04:04.291+0000] {logging_mixin.py:188} INFO - [2025-11-01T12:04:04.290+0000] {dagbag.py:538} INFO - Filling up the DagBag from /opt/airflow/dags/pipelines/silver_dbt.py
[2025-11-01T12:04:04.304+0000] {logging_mixin.py:188} INFO - [2025-11-01T12:04:04.303+0000] {dagbag.py:325} INFO - File /opt/airflow/dags/pipelines/silver_dbt.py assumed to contain no DAGs. Skipping.
[2025-11-01T12:04:04.304+0000] {processor.py:842} WARNING - No viable dags retrieved from /opt/airflow/dags/pipelines/silver_dbt.py
[2025-11-01T12:04:04.329+0000] {processor.py:183} INFO - Processing /opt/airflow/dags/pipelines/silver_dbt.py took 0.047 seconds
[2025-11-01T12:04:34.403+0000] {processor.py:161} INFO - Started process (PID=2647) to work on /opt/airflow/dags/pipelines/silver_dbt.py
[2025-11-01T12:04:34.405+0000] {processor.py:830} INFO - Processing file /opt/airflow/dags/pipelines/silver_dbt.py for tasks to queue
[2025-11-01T12:04:34.406+0000] {logging_mixin.py:188} INFO - [2025-11-01T12:04:34.405+0000] {dagbag.py:538} INFO - Filling up the DagBag from /opt/airflow/dags/pipelines/silver_dbt.py
[2025-11-01T12:04:34.412+0000] {logging_mixin.py:188} INFO - [2025-11-01T12:04:34.412+0000] {dagbag.py:325} INFO - File /opt/airflow/dags/pipelines/silver_dbt.py assumed to contain no DAGs. Skipping.
[2025-11-01T12:04:34.413+0000] {processor.py:842} WARNING - No viable dags retrieved from /opt/airflow/dags/pipelines/silver_dbt.py
[2025-11-01T12:04:34.434+0000] {processor.py:183} INFO - Processing /opt/airflow/dags/pipelines/silver_dbt.py took 0.034 seconds
