[2025-11-03T15:30:03.819+0000] {processor.py:161} INFO - Started process (PID=33258) to work on /opt/airflow/dags/ingestion_dag.py
[2025-11-03T15:30:03.828+0000] {processor.py:830} INFO - Processing file /opt/airflow/dags/ingestion_dag.py for tasks to queue
[2025-11-03T15:30:03.851+0000] {logging_mixin.py:188} INFO - [2025-11-03T15:30:03.845+0000] {dagbag.py:538} INFO - Filling up the DagBag from /opt/airflow/dags/ingestion_dag.py
[2025-11-03T15:30:04.506+0000] {processor.py:840} INFO - DAG(s) 'ingestion_pipeline' retrieved from /opt/airflow/dags/ingestion_dag.py
[2025-11-03T15:30:04.693+0000] {logging_mixin.py:188} INFO - [2025-11-03T15:30:04.692+0000] {dag.py:3036} INFO - Sync 1 DAGs
[2025-11-03T15:30:04.819+0000] {logging_mixin.py:188} INFO - [2025-11-03T15:30:04.818+0000] {dag.py:3823} INFO - Setting next_dagrun for ingestion_pipeline to 2025-11-03 00:00:00+00:00, run_after=2025-11-04 00:00:00+00:00
[2025-11-03T15:30:04.938+0000] {processor.py:183} INFO - Processing /opt/airflow/dags/ingestion_dag.py took 1.203 seconds
[2025-11-03T15:30:37.935+0000] {processor.py:161} INFO - Started process (PID=33321) to work on /opt/airflow/dags/ingestion_dag.py
[2025-11-03T15:30:37.966+0000] {processor.py:830} INFO - Processing file /opt/airflow/dags/ingestion_dag.py for tasks to queue
[2025-11-03T15:30:37.975+0000] {logging_mixin.py:188} INFO - [2025-11-03T15:30:37.974+0000] {dagbag.py:538} INFO - Filling up the DagBag from /opt/airflow/dags/ingestion_dag.py
[2025-11-03T15:30:38.412+0000] {processor.py:840} INFO - DAG(s) 'ingestion_pipeline' retrieved from /opt/airflow/dags/ingestion_dag.py
[2025-11-03T15:30:38.570+0000] {logging_mixin.py:188} INFO - [2025-11-03T15:30:38.558+0000] {dag.py:3036} INFO - Sync 1 DAGs
[2025-11-03T15:30:38.701+0000] {logging_mixin.py:188} INFO - [2025-11-03T15:30:38.700+0000] {dag.py:3823} INFO - Setting next_dagrun for ingestion_pipeline to 2025-11-03 00:00:00+00:00, run_after=2025-11-04 00:00:00+00:00
[2025-11-03T15:30:38.810+0000] {processor.py:183} INFO - Processing /opt/airflow/dags/ingestion_dag.py took 0.883 seconds
[2025-11-03T15:31:09.001+0000] {processor.py:161} INFO - Started process (PID=33415) to work on /opt/airflow/dags/ingestion_dag.py
[2025-11-03T15:31:09.003+0000] {processor.py:830} INFO - Processing file /opt/airflow/dags/ingestion_dag.py for tasks to queue
[2025-11-03T15:31:09.008+0000] {logging_mixin.py:188} INFO - [2025-11-03T15:31:09.004+0000] {dagbag.py:538} INFO - Filling up the DagBag from /opt/airflow/dags/ingestion_dag.py
[2025-11-03T15:31:09.182+0000] {processor.py:840} INFO - DAG(s) 'ingestion_pipeline' retrieved from /opt/airflow/dags/ingestion_dag.py
[2025-11-03T15:31:09.291+0000] {logging_mixin.py:188} INFO - [2025-11-03T15:31:09.291+0000] {dag.py:3036} INFO - Sync 1 DAGs
[2025-11-03T15:31:09.416+0000] {logging_mixin.py:188} INFO - [2025-11-03T15:31:09.416+0000] {dag.py:3823} INFO - Setting next_dagrun for ingestion_pipeline to 2025-11-03 00:00:00+00:00, run_after=2025-11-04 00:00:00+00:00
[2025-11-03T15:31:09.501+0000] {processor.py:183} INFO - Processing /opt/airflow/dags/ingestion_dag.py took 0.519 seconds
[2025-11-03T15:31:40.300+0000] {processor.py:161} INFO - Started process (PID=33450) to work on /opt/airflow/dags/ingestion_dag.py
[2025-11-03T15:31:40.303+0000] {processor.py:830} INFO - Processing file /opt/airflow/dags/ingestion_dag.py for tasks to queue
[2025-11-03T15:31:40.311+0000] {logging_mixin.py:188} INFO - [2025-11-03T15:31:40.306+0000] {dagbag.py:538} INFO - Filling up the DagBag from /opt/airflow/dags/ingestion_dag.py
[2025-11-03T15:31:40.516+0000] {processor.py:840} INFO - DAG(s) 'ingestion_pipeline' retrieved from /opt/airflow/dags/ingestion_dag.py
[2025-11-03T15:31:40.601+0000] {logging_mixin.py:188} INFO - [2025-11-03T15:31:40.600+0000] {dag.py:3036} INFO - Sync 1 DAGs
[2025-11-03T15:31:40.650+0000] {logging_mixin.py:188} INFO - [2025-11-03T15:31:40.649+0000] {dag.py:3823} INFO - Setting next_dagrun for ingestion_pipeline to 2025-11-03 00:00:00+00:00, run_after=2025-11-04 00:00:00+00:00
[2025-11-03T15:31:40.696+0000] {processor.py:183} INFO - Processing /opt/airflow/dags/ingestion_dag.py took 0.402 seconds
[2025-11-03T15:32:10.855+0000] {processor.py:161} INFO - Started process (PID=33482) to work on /opt/airflow/dags/ingestion_dag.py
[2025-11-03T15:32:10.857+0000] {processor.py:830} INFO - Processing file /opt/airflow/dags/ingestion_dag.py for tasks to queue
[2025-11-03T15:32:10.859+0000] {logging_mixin.py:188} INFO - [2025-11-03T15:32:10.858+0000] {dagbag.py:538} INFO - Filling up the DagBag from /opt/airflow/dags/ingestion_dag.py
[2025-11-03T15:32:10.973+0000] {processor.py:840} INFO - DAG(s) 'ingestion_pipeline' retrieved from /opt/airflow/dags/ingestion_dag.py
[2025-11-03T15:32:11.013+0000] {logging_mixin.py:188} INFO - [2025-11-03T15:32:11.013+0000] {dag.py:3036} INFO - Sync 1 DAGs
[2025-11-03T15:32:11.041+0000] {logging_mixin.py:188} INFO - [2025-11-03T15:32:11.041+0000] {dag.py:3823} INFO - Setting next_dagrun for ingestion_pipeline to 2025-11-03 00:00:00+00:00, run_after=2025-11-04 00:00:00+00:00
[2025-11-03T15:32:11.070+0000] {processor.py:183} INFO - Processing /opt/airflow/dags/ingestion_dag.py took 0.220 seconds
[2025-11-03T15:32:41.398+0000] {processor.py:161} INFO - Started process (PID=33517) to work on /opt/airflow/dags/ingestion_dag.py
[2025-11-03T15:32:41.400+0000] {processor.py:830} INFO - Processing file /opt/airflow/dags/ingestion_dag.py for tasks to queue
[2025-11-03T15:32:41.403+0000] {logging_mixin.py:188} INFO - [2025-11-03T15:32:41.402+0000] {dagbag.py:538} INFO - Filling up the DagBag from /opt/airflow/dags/ingestion_dag.py
[2025-11-03T15:32:41.515+0000] {processor.py:840} INFO - DAG(s) 'ingestion_pipeline' retrieved from /opt/airflow/dags/ingestion_dag.py
[2025-11-03T15:32:41.561+0000] {logging_mixin.py:188} INFO - [2025-11-03T15:32:41.560+0000] {dag.py:3036} INFO - Sync 1 DAGs
[2025-11-03T15:32:41.597+0000] {logging_mixin.py:188} INFO - [2025-11-03T15:32:41.597+0000] {dag.py:3823} INFO - Setting next_dagrun for ingestion_pipeline to 2025-11-03 00:00:00+00:00, run_after=2025-11-04 00:00:00+00:00
[2025-11-03T15:32:41.635+0000] {processor.py:183} INFO - Processing /opt/airflow/dags/ingestion_dag.py took 0.242 seconds
[2025-11-03T15:33:11.933+0000] {processor.py:161} INFO - Started process (PID=33552) to work on /opt/airflow/dags/ingestion_dag.py
[2025-11-03T15:33:11.935+0000] {processor.py:830} INFO - Processing file /opt/airflow/dags/ingestion_dag.py for tasks to queue
[2025-11-03T15:33:11.936+0000] {logging_mixin.py:188} INFO - [2025-11-03T15:33:11.936+0000] {dagbag.py:538} INFO - Filling up the DagBag from /opt/airflow/dags/ingestion_dag.py
[2025-11-03T15:33:12.047+0000] {processor.py:840} INFO - DAG(s) 'ingestion_pipeline' retrieved from /opt/airflow/dags/ingestion_dag.py
[2025-11-03T15:33:12.100+0000] {logging_mixin.py:188} INFO - [2025-11-03T15:33:12.100+0000] {dag.py:3036} INFO - Sync 1 DAGs
[2025-11-03T15:33:12.127+0000] {logging_mixin.py:188} INFO - [2025-11-03T15:33:12.127+0000] {dag.py:3823} INFO - Setting next_dagrun for ingestion_pipeline to 2025-11-03 00:00:00+00:00, run_after=2025-11-04 00:00:00+00:00
[2025-11-03T15:33:12.153+0000] {processor.py:183} INFO - Processing /opt/airflow/dags/ingestion_dag.py took 0.225 seconds
[2025-11-03T15:33:42.464+0000] {processor.py:161} INFO - Started process (PID=33587) to work on /opt/airflow/dags/ingestion_dag.py
[2025-11-03T15:33:42.465+0000] {processor.py:830} INFO - Processing file /opt/airflow/dags/ingestion_dag.py for tasks to queue
[2025-11-03T15:33:42.467+0000] {logging_mixin.py:188} INFO - [2025-11-03T15:33:42.467+0000] {dagbag.py:538} INFO - Filling up the DagBag from /opt/airflow/dags/ingestion_dag.py
[2025-11-03T15:33:42.585+0000] {processor.py:840} INFO - DAG(s) 'ingestion_pipeline' retrieved from /opt/airflow/dags/ingestion_dag.py
[2025-11-03T15:33:42.619+0000] {logging_mixin.py:188} INFO - [2025-11-03T15:33:42.619+0000] {dag.py:3036} INFO - Sync 1 DAGs
[2025-11-03T15:33:42.650+0000] {logging_mixin.py:188} INFO - [2025-11-03T15:33:42.650+0000] {dag.py:3823} INFO - Setting next_dagrun for ingestion_pipeline to 2025-11-03 00:00:00+00:00, run_after=2025-11-04 00:00:00+00:00
[2025-11-03T15:33:42.679+0000] {processor.py:183} INFO - Processing /opt/airflow/dags/ingestion_dag.py took 0.220 seconds
[2025-11-03T15:34:12.925+0000] {processor.py:161} INFO - Started process (PID=33622) to work on /opt/airflow/dags/ingestion_dag.py
[2025-11-03T15:34:12.928+0000] {processor.py:830} INFO - Processing file /opt/airflow/dags/ingestion_dag.py for tasks to queue
[2025-11-03T15:34:12.929+0000] {logging_mixin.py:188} INFO - [2025-11-03T15:34:12.929+0000] {dagbag.py:538} INFO - Filling up the DagBag from /opt/airflow/dags/ingestion_dag.py
[2025-11-03T15:34:13.024+0000] {processor.py:840} INFO - DAG(s) 'ingestion_pipeline' retrieved from /opt/airflow/dags/ingestion_dag.py
[2025-11-03T15:34:13.058+0000] {logging_mixin.py:188} INFO - [2025-11-03T15:34:13.057+0000] {dag.py:3036} INFO - Sync 1 DAGs
[2025-11-03T15:34:13.083+0000] {logging_mixin.py:188} INFO - [2025-11-03T15:34:13.082+0000] {dag.py:3823} INFO - Setting next_dagrun for ingestion_pipeline to 2025-11-03 00:00:00+00:00, run_after=2025-11-04 00:00:00+00:00
[2025-11-03T15:34:13.113+0000] {processor.py:183} INFO - Processing /opt/airflow/dags/ingestion_dag.py took 0.194 seconds
[2025-11-03T15:34:43.293+0000] {processor.py:161} INFO - Started process (PID=33657) to work on /opt/airflow/dags/ingestion_dag.py
[2025-11-03T15:34:43.295+0000] {processor.py:830} INFO - Processing file /opt/airflow/dags/ingestion_dag.py for tasks to queue
[2025-11-03T15:34:43.296+0000] {logging_mixin.py:188} INFO - [2025-11-03T15:34:43.296+0000] {dagbag.py:538} INFO - Filling up the DagBag from /opt/airflow/dags/ingestion_dag.py
[2025-11-03T15:34:43.387+0000] {processor.py:840} INFO - DAG(s) 'ingestion_pipeline' retrieved from /opt/airflow/dags/ingestion_dag.py
[2025-11-03T15:34:43.421+0000] {logging_mixin.py:188} INFO - [2025-11-03T15:34:43.421+0000] {dag.py:3036} INFO - Sync 1 DAGs
[2025-11-03T15:34:43.451+0000] {logging_mixin.py:188} INFO - [2025-11-03T15:34:43.451+0000] {dag.py:3823} INFO - Setting next_dagrun for ingestion_pipeline to 2025-11-03 00:00:00+00:00, run_after=2025-11-04 00:00:00+00:00
[2025-11-03T15:34:43.484+0000] {processor.py:183} INFO - Processing /opt/airflow/dags/ingestion_dag.py took 0.196 seconds
[2025-11-03T15:35:14.055+0000] {processor.py:161} INFO - Started process (PID=33695) to work on /opt/airflow/dags/ingestion_dag.py
[2025-11-03T15:35:14.058+0000] {processor.py:830} INFO - Processing file /opt/airflow/dags/ingestion_dag.py for tasks to queue
[2025-11-03T15:35:14.059+0000] {logging_mixin.py:188} INFO - [2025-11-03T15:35:14.059+0000] {dagbag.py:538} INFO - Filling up the DagBag from /opt/airflow/dags/ingestion_dag.py
[2025-11-03T15:35:14.185+0000] {processor.py:840} INFO - DAG(s) 'ingestion_pipeline' retrieved from /opt/airflow/dags/ingestion_dag.py
[2025-11-03T15:35:14.234+0000] {logging_mixin.py:188} INFO - [2025-11-03T15:35:14.234+0000] {dag.py:3036} INFO - Sync 1 DAGs
[2025-11-03T15:35:14.266+0000] {logging_mixin.py:188} INFO - [2025-11-03T15:35:14.266+0000] {dag.py:3823} INFO - Setting next_dagrun for ingestion_pipeline to 2025-11-03 00:00:00+00:00, run_after=2025-11-04 00:00:00+00:00
[2025-11-03T15:35:14.296+0000] {processor.py:183} INFO - Processing /opt/airflow/dags/ingestion_dag.py took 0.246 seconds
[2025-11-03T15:35:44.424+0000] {processor.py:161} INFO - Started process (PID=33727) to work on /opt/airflow/dags/ingestion_dag.py
[2025-11-03T15:35:44.426+0000] {processor.py:830} INFO - Processing file /opt/airflow/dags/ingestion_dag.py for tasks to queue
[2025-11-03T15:35:44.427+0000] {logging_mixin.py:188} INFO - [2025-11-03T15:35:44.427+0000] {dagbag.py:538} INFO - Filling up the DagBag from /opt/airflow/dags/ingestion_dag.py
[2025-11-03T15:35:44.519+0000] {processor.py:840} INFO - DAG(s) 'ingestion_pipeline' retrieved from /opt/airflow/dags/ingestion_dag.py
[2025-11-03T15:35:44.554+0000] {logging_mixin.py:188} INFO - [2025-11-03T15:35:44.554+0000] {dag.py:3036} INFO - Sync 1 DAGs
[2025-11-03T15:35:44.576+0000] {logging_mixin.py:188} INFO - [2025-11-03T15:35:44.576+0000] {dag.py:3823} INFO - Setting next_dagrun for ingestion_pipeline to 2025-11-03 00:00:00+00:00, run_after=2025-11-04 00:00:00+00:00
[2025-11-03T15:35:44.600+0000] {processor.py:183} INFO - Processing /opt/airflow/dags/ingestion_dag.py took 0.180 seconds
[2025-11-03T15:36:14.836+0000] {processor.py:161} INFO - Started process (PID=33762) to work on /opt/airflow/dags/ingestion_dag.py
[2025-11-03T15:36:14.838+0000] {processor.py:830} INFO - Processing file /opt/airflow/dags/ingestion_dag.py for tasks to queue
[2025-11-03T15:36:14.840+0000] {logging_mixin.py:188} INFO - [2025-11-03T15:36:14.839+0000] {dagbag.py:538} INFO - Filling up the DagBag from /opt/airflow/dags/ingestion_dag.py
[2025-11-03T15:36:14.935+0000] {processor.py:840} INFO - DAG(s) 'ingestion_pipeline' retrieved from /opt/airflow/dags/ingestion_dag.py
[2025-11-03T15:36:14.968+0000] {logging_mixin.py:188} INFO - [2025-11-03T15:36:14.967+0000] {dag.py:3036} INFO - Sync 1 DAGs
[2025-11-03T15:36:14.997+0000] {logging_mixin.py:188} INFO - [2025-11-03T15:36:14.996+0000] {dag.py:3823} INFO - Setting next_dagrun for ingestion_pipeline to 2025-11-03 00:00:00+00:00, run_after=2025-11-04 00:00:00+00:00
[2025-11-03T15:36:15.026+0000] {processor.py:183} INFO - Processing /opt/airflow/dags/ingestion_dag.py took 0.194 seconds
[2025-11-03T15:36:45.180+0000] {processor.py:161} INFO - Started process (PID=33797) to work on /opt/airflow/dags/ingestion_dag.py
[2025-11-03T15:36:45.183+0000] {processor.py:830} INFO - Processing file /opt/airflow/dags/ingestion_dag.py for tasks to queue
[2025-11-03T15:36:45.185+0000] {logging_mixin.py:188} INFO - [2025-11-03T15:36:45.184+0000] {dagbag.py:538} INFO - Filling up the DagBag from /opt/airflow/dags/ingestion_dag.py
[2025-11-03T15:36:45.277+0000] {processor.py:840} INFO - DAG(s) 'ingestion_pipeline' retrieved from /opt/airflow/dags/ingestion_dag.py
[2025-11-03T15:36:45.323+0000] {logging_mixin.py:188} INFO - [2025-11-03T15:36:45.323+0000] {dag.py:3036} INFO - Sync 1 DAGs
[2025-11-03T15:36:45.359+0000] {logging_mixin.py:188} INFO - [2025-11-03T15:36:45.358+0000] {dag.py:3823} INFO - Setting next_dagrun for ingestion_pipeline to 2025-11-03 00:00:00+00:00, run_after=2025-11-04 00:00:00+00:00
[2025-11-03T15:36:45.390+0000] {processor.py:183} INFO - Processing /opt/airflow/dags/ingestion_dag.py took 0.217 seconds
[2025-11-03T15:37:15.580+0000] {processor.py:161} INFO - Started process (PID=33832) to work on /opt/airflow/dags/ingestion_dag.py
[2025-11-03T15:37:15.584+0000] {processor.py:830} INFO - Processing file /opt/airflow/dags/ingestion_dag.py for tasks to queue
[2025-11-03T15:37:15.586+0000] {logging_mixin.py:188} INFO - [2025-11-03T15:37:15.585+0000] {dagbag.py:538} INFO - Filling up the DagBag from /opt/airflow/dags/ingestion_dag.py
[2025-11-03T15:37:15.688+0000] {processor.py:840} INFO - DAG(s) 'ingestion_pipeline' retrieved from /opt/airflow/dags/ingestion_dag.py
[2025-11-03T15:37:15.725+0000] {logging_mixin.py:188} INFO - [2025-11-03T15:37:15.725+0000] {dag.py:3036} INFO - Sync 1 DAGs
[2025-11-03T15:37:15.759+0000] {logging_mixin.py:188} INFO - [2025-11-03T15:37:15.758+0000] {dag.py:3823} INFO - Setting next_dagrun for ingestion_pipeline to 2025-11-03 00:00:00+00:00, run_after=2025-11-04 00:00:00+00:00
[2025-11-03T15:37:15.790+0000] {processor.py:183} INFO - Processing /opt/airflow/dags/ingestion_dag.py took 0.216 seconds
[2025-11-03T15:37:46.067+0000] {processor.py:161} INFO - Started process (PID=33867) to work on /opt/airflow/dags/ingestion_dag.py
[2025-11-03T15:37:46.069+0000] {processor.py:830} INFO - Processing file /opt/airflow/dags/ingestion_dag.py for tasks to queue
[2025-11-03T15:37:46.071+0000] {logging_mixin.py:188} INFO - [2025-11-03T15:37:46.071+0000] {dagbag.py:538} INFO - Filling up the DagBag from /opt/airflow/dags/ingestion_dag.py
[2025-11-03T15:37:46.187+0000] {processor.py:840} INFO - DAG(s) 'ingestion_pipeline' retrieved from /opt/airflow/dags/ingestion_dag.py
[2025-11-03T15:37:46.227+0000] {logging_mixin.py:188} INFO - [2025-11-03T15:37:46.227+0000] {dag.py:3036} INFO - Sync 1 DAGs
[2025-11-03T15:37:46.257+0000] {logging_mixin.py:188} INFO - [2025-11-03T15:37:46.257+0000] {dag.py:3823} INFO - Setting next_dagrun for ingestion_pipeline to 2025-11-03 00:00:00+00:00, run_after=2025-11-04 00:00:00+00:00
[2025-11-03T15:37:46.295+0000] {processor.py:183} INFO - Processing /opt/airflow/dags/ingestion_dag.py took 0.235 seconds
[2025-11-03T15:38:16.396+0000] {processor.py:161} INFO - Started process (PID=33902) to work on /opt/airflow/dags/ingestion_dag.py
[2025-11-03T15:38:16.401+0000] {processor.py:830} INFO - Processing file /opt/airflow/dags/ingestion_dag.py for tasks to queue
[2025-11-03T15:38:16.403+0000] {logging_mixin.py:188} INFO - [2025-11-03T15:38:16.403+0000] {dagbag.py:538} INFO - Filling up the DagBag from /opt/airflow/dags/ingestion_dag.py
[2025-11-03T15:38:16.495+0000] {processor.py:840} INFO - DAG(s) 'ingestion_pipeline' retrieved from /opt/airflow/dags/ingestion_dag.py
[2025-11-03T15:38:16.528+0000] {logging_mixin.py:188} INFO - [2025-11-03T15:38:16.528+0000] {dag.py:3036} INFO - Sync 1 DAGs
[2025-11-03T15:38:16.555+0000] {logging_mixin.py:188} INFO - [2025-11-03T15:38:16.554+0000] {dag.py:3823} INFO - Setting next_dagrun for ingestion_pipeline to 2025-11-03 00:00:00+00:00, run_after=2025-11-04 00:00:00+00:00
[2025-11-03T15:38:16.588+0000] {processor.py:183} INFO - Processing /opt/airflow/dags/ingestion_dag.py took 0.198 seconds
[2025-11-03T15:38:46.843+0000] {processor.py:161} INFO - Started process (PID=33937) to work on /opt/airflow/dags/ingestion_dag.py
[2025-11-03T15:38:46.844+0000] {processor.py:830} INFO - Processing file /opt/airflow/dags/ingestion_dag.py for tasks to queue
[2025-11-03T15:38:46.847+0000] {logging_mixin.py:188} INFO - [2025-11-03T15:38:46.846+0000] {dagbag.py:538} INFO - Filling up the DagBag from /opt/airflow/dags/ingestion_dag.py
[2025-11-03T15:38:46.933+0000] {processor.py:840} INFO - DAG(s) 'ingestion_pipeline' retrieved from /opt/airflow/dags/ingestion_dag.py
[2025-11-03T15:38:46.983+0000] {logging_mixin.py:188} INFO - [2025-11-03T15:38:46.983+0000] {dag.py:3036} INFO - Sync 1 DAGs
[2025-11-03T15:38:47.021+0000] {logging_mixin.py:188} INFO - [2025-11-03T15:38:47.021+0000] {dag.py:3823} INFO - Setting next_dagrun for ingestion_pipeline to 2025-11-03 00:00:00+00:00, run_after=2025-11-04 00:00:00+00:00
[2025-11-03T15:38:47.059+0000] {processor.py:183} INFO - Processing /opt/airflow/dags/ingestion_dag.py took 0.223 seconds
[2025-11-03T15:39:17.386+0000] {processor.py:161} INFO - Started process (PID=33972) to work on /opt/airflow/dags/ingestion_dag.py
[2025-11-03T15:39:17.388+0000] {processor.py:830} INFO - Processing file /opt/airflow/dags/ingestion_dag.py for tasks to queue
[2025-11-03T15:39:17.390+0000] {logging_mixin.py:188} INFO - [2025-11-03T15:39:17.389+0000] {dagbag.py:538} INFO - Filling up the DagBag from /opt/airflow/dags/ingestion_dag.py
[2025-11-03T15:39:17.490+0000] {processor.py:840} INFO - DAG(s) 'ingestion_pipeline' retrieved from /opt/airflow/dags/ingestion_dag.py
[2025-11-03T15:39:17.534+0000] {logging_mixin.py:188} INFO - [2025-11-03T15:39:17.534+0000] {dag.py:3036} INFO - Sync 1 DAGs
[2025-11-03T15:39:17.569+0000] {logging_mixin.py:188} INFO - [2025-11-03T15:39:17.569+0000] {dag.py:3823} INFO - Setting next_dagrun for ingestion_pipeline to 2025-11-03 00:00:00+00:00, run_after=2025-11-04 00:00:00+00:00
[2025-11-03T15:39:17.604+0000] {processor.py:183} INFO - Processing /opt/airflow/dags/ingestion_dag.py took 0.222 seconds
[2025-11-03T15:39:47.716+0000] {processor.py:161} INFO - Started process (PID=34007) to work on /opt/airflow/dags/ingestion_dag.py
[2025-11-03T15:39:47.718+0000] {processor.py:830} INFO - Processing file /opt/airflow/dags/ingestion_dag.py for tasks to queue
[2025-11-03T15:39:47.719+0000] {logging_mixin.py:188} INFO - [2025-11-03T15:39:47.719+0000] {dagbag.py:538} INFO - Filling up the DagBag from /opt/airflow/dags/ingestion_dag.py
[2025-11-03T15:39:47.810+0000] {processor.py:840} INFO - DAG(s) 'ingestion_pipeline' retrieved from /opt/airflow/dags/ingestion_dag.py
[2025-11-03T15:39:47.845+0000] {logging_mixin.py:188} INFO - [2025-11-03T15:39:47.845+0000] {dag.py:3036} INFO - Sync 1 DAGs
[2025-11-03T15:39:47.871+0000] {logging_mixin.py:188} INFO - [2025-11-03T15:39:47.871+0000] {dag.py:3823} INFO - Setting next_dagrun for ingestion_pipeline to 2025-11-03 00:00:00+00:00, run_after=2025-11-04 00:00:00+00:00
[2025-11-03T15:39:47.904+0000] {processor.py:183} INFO - Processing /opt/airflow/dags/ingestion_dag.py took 0.193 seconds
[2025-11-03T15:40:18.162+0000] {processor.py:161} INFO - Started process (PID=34042) to work on /opt/airflow/dags/ingestion_dag.py
[2025-11-03T15:40:18.164+0000] {processor.py:830} INFO - Processing file /opt/airflow/dags/ingestion_dag.py for tasks to queue
[2025-11-03T15:40:18.166+0000] {logging_mixin.py:188} INFO - [2025-11-03T15:40:18.166+0000] {dagbag.py:538} INFO - Filling up the DagBag from /opt/airflow/dags/ingestion_dag.py
[2025-11-03T15:40:18.255+0000] {processor.py:840} INFO - DAG(s) 'ingestion_pipeline' retrieved from /opt/airflow/dags/ingestion_dag.py
[2025-11-03T15:40:18.291+0000] {logging_mixin.py:188} INFO - [2025-11-03T15:40:18.290+0000] {dag.py:3036} INFO - Sync 1 DAGs
[2025-11-03T15:40:18.316+0000] {logging_mixin.py:188} INFO - [2025-11-03T15:40:18.315+0000] {dag.py:3823} INFO - Setting next_dagrun for ingestion_pipeline to 2025-11-03 00:00:00+00:00, run_after=2025-11-04 00:00:00+00:00
[2025-11-03T15:40:18.350+0000] {processor.py:183} INFO - Processing /opt/airflow/dags/ingestion_dag.py took 0.194 seconds
[2025-11-03T15:40:48.499+0000] {processor.py:161} INFO - Started process (PID=34077) to work on /opt/airflow/dags/ingestion_dag.py
[2025-11-03T15:40:48.504+0000] {processor.py:830} INFO - Processing file /opt/airflow/dags/ingestion_dag.py for tasks to queue
[2025-11-03T15:40:48.506+0000] {logging_mixin.py:188} INFO - [2025-11-03T15:40:48.506+0000] {dagbag.py:538} INFO - Filling up the DagBag from /opt/airflow/dags/ingestion_dag.py
[2025-11-03T15:40:48.622+0000] {processor.py:840} INFO - DAG(s) 'ingestion_pipeline' retrieved from /opt/airflow/dags/ingestion_dag.py
[2025-11-03T15:40:48.657+0000] {logging_mixin.py:188} INFO - [2025-11-03T15:40:48.657+0000] {dag.py:3036} INFO - Sync 1 DAGs
[2025-11-03T15:40:48.690+0000] {logging_mixin.py:188} INFO - [2025-11-03T15:40:48.690+0000] {dag.py:3823} INFO - Setting next_dagrun for ingestion_pipeline to 2025-11-03 00:00:00+00:00, run_after=2025-11-04 00:00:00+00:00
[2025-11-03T15:40:48.724+0000] {processor.py:183} INFO - Processing /opt/airflow/dags/ingestion_dag.py took 0.230 seconds
[2025-11-03T15:41:18.866+0000] {processor.py:161} INFO - Started process (PID=34117) to work on /opt/airflow/dags/ingestion_dag.py
[2025-11-03T15:41:18.868+0000] {processor.py:830} INFO - Processing file /opt/airflow/dags/ingestion_dag.py for tasks to queue
[2025-11-03T15:41:18.870+0000] {logging_mixin.py:188} INFO - [2025-11-03T15:41:18.870+0000] {dagbag.py:538} INFO - Filling up the DagBag from /opt/airflow/dags/ingestion_dag.py
[2025-11-03T15:41:18.977+0000] {processor.py:840} INFO - DAG(s) 'ingestion_pipeline' retrieved from /opt/airflow/dags/ingestion_dag.py
[2025-11-03T15:41:19.015+0000] {logging_mixin.py:188} INFO - [2025-11-03T15:41:19.015+0000] {dag.py:3036} INFO - Sync 1 DAGs
[2025-11-03T15:41:19.039+0000] {logging_mixin.py:188} INFO - [2025-11-03T15:41:19.038+0000] {dag.py:3823} INFO - Setting next_dagrun for ingestion_pipeline to 2025-11-03 00:00:00+00:00, run_after=2025-11-04 00:00:00+00:00
[2025-11-03T15:41:19.077+0000] {processor.py:183} INFO - Processing /opt/airflow/dags/ingestion_dag.py took 0.216 seconds
[2025-11-03T15:41:49.201+0000] {processor.py:161} INFO - Started process (PID=34157) to work on /opt/airflow/dags/ingestion_dag.py
[2025-11-03T15:41:49.204+0000] {processor.py:830} INFO - Processing file /opt/airflow/dags/ingestion_dag.py for tasks to queue
[2025-11-03T15:41:49.207+0000] {logging_mixin.py:188} INFO - [2025-11-03T15:41:49.206+0000] {dagbag.py:538} INFO - Filling up the DagBag from /opt/airflow/dags/ingestion_dag.py
[2025-11-03T15:41:49.307+0000] {processor.py:840} INFO - DAG(s) 'ingestion_pipeline' retrieved from /opt/airflow/dags/ingestion_dag.py
[2025-11-03T15:41:49.354+0000] {logging_mixin.py:188} INFO - [2025-11-03T15:41:49.354+0000] {dag.py:3036} INFO - Sync 1 DAGs
[2025-11-03T15:41:49.382+0000] {logging_mixin.py:188} INFO - [2025-11-03T15:41:49.382+0000] {dag.py:3823} INFO - Setting next_dagrun for ingestion_pipeline to 2025-11-03 00:00:00+00:00, run_after=2025-11-04 00:00:00+00:00
[2025-11-03T15:41:49.419+0000] {processor.py:183} INFO - Processing /opt/airflow/dags/ingestion_dag.py took 0.224 seconds
[2025-11-03T15:42:20.335+0000] {processor.py:161} INFO - Started process (PID=34192) to work on /opt/airflow/dags/ingestion_dag.py
[2025-11-03T15:42:20.336+0000] {processor.py:830} INFO - Processing file /opt/airflow/dags/ingestion_dag.py for tasks to queue
[2025-11-03T15:42:20.337+0000] {logging_mixin.py:188} INFO - [2025-11-03T15:42:20.337+0000] {dagbag.py:538} INFO - Filling up the DagBag from /opt/airflow/dags/ingestion_dag.py
[2025-11-03T15:42:20.426+0000] {processor.py:840} INFO - DAG(s) 'ingestion_pipeline' retrieved from /opt/airflow/dags/ingestion_dag.py
[2025-11-03T15:42:20.461+0000] {logging_mixin.py:188} INFO - [2025-11-03T15:42:20.460+0000] {dag.py:3036} INFO - Sync 1 DAGs
[2025-11-03T15:42:20.489+0000] {logging_mixin.py:188} INFO - [2025-11-03T15:42:20.488+0000] {dag.py:3823} INFO - Setting next_dagrun for ingestion_pipeline to 2025-11-03 00:00:00+00:00, run_after=2025-11-04 00:00:00+00:00
[2025-11-03T15:42:20.520+0000] {processor.py:183} INFO - Processing /opt/airflow/dags/ingestion_dag.py took 0.190 seconds
[2025-11-03T15:42:50.622+0000] {processor.py:161} INFO - Started process (PID=34227) to work on /opt/airflow/dags/ingestion_dag.py
[2025-11-03T15:42:50.623+0000] {processor.py:830} INFO - Processing file /opt/airflow/dags/ingestion_dag.py for tasks to queue
[2025-11-03T15:42:50.625+0000] {logging_mixin.py:188} INFO - [2025-11-03T15:42:50.624+0000] {dagbag.py:538} INFO - Filling up the DagBag from /opt/airflow/dags/ingestion_dag.py
[2025-11-03T15:42:50.774+0000] {processor.py:840} INFO - DAG(s) 'ingestion_pipeline' retrieved from /opt/airflow/dags/ingestion_dag.py
[2025-11-03T15:42:50.810+0000] {logging_mixin.py:188} INFO - [2025-11-03T15:42:50.809+0000] {dag.py:3036} INFO - Sync 1 DAGs
[2025-11-03T15:42:50.834+0000] {logging_mixin.py:188} INFO - [2025-11-03T15:42:50.834+0000] {dag.py:3823} INFO - Setting next_dagrun for ingestion_pipeline to 2025-11-03 00:00:00+00:00, run_after=2025-11-04 00:00:00+00:00
[2025-11-03T15:42:50.869+0000] {processor.py:183} INFO - Processing /opt/airflow/dags/ingestion_dag.py took 0.251 seconds
[2025-11-03T15:43:20.959+0000] {processor.py:161} INFO - Started process (PID=34262) to work on /opt/airflow/dags/ingestion_dag.py
[2025-11-03T15:43:20.961+0000] {processor.py:830} INFO - Processing file /opt/airflow/dags/ingestion_dag.py for tasks to queue
[2025-11-03T15:43:20.962+0000] {logging_mixin.py:188} INFO - [2025-11-03T15:43:20.962+0000] {dagbag.py:538} INFO - Filling up the DagBag from /opt/airflow/dags/ingestion_dag.py
[2025-11-03T15:43:21.066+0000] {processor.py:840} INFO - DAG(s) 'ingestion_pipeline' retrieved from /opt/airflow/dags/ingestion_dag.py
[2025-11-03T15:43:21.097+0000] {logging_mixin.py:188} INFO - [2025-11-03T15:43:21.097+0000] {dag.py:3036} INFO - Sync 1 DAGs
[2025-11-03T15:43:21.120+0000] {logging_mixin.py:188} INFO - [2025-11-03T15:43:21.119+0000] {dag.py:3823} INFO - Setting next_dagrun for ingestion_pipeline to 2025-11-03 00:00:00+00:00, run_after=2025-11-04 00:00:00+00:00
[2025-11-03T15:43:21.402+0000] {processor.py:183} INFO - Processing /opt/airflow/dags/ingestion_dag.py took 0.448 seconds
[2025-11-03T15:43:52.437+0000] {processor.py:161} INFO - Started process (PID=34297) to work on /opt/airflow/dags/ingestion_dag.py
[2025-11-03T15:43:52.438+0000] {processor.py:830} INFO - Processing file /opt/airflow/dags/ingestion_dag.py for tasks to queue
[2025-11-03T15:43:52.440+0000] {logging_mixin.py:188} INFO - [2025-11-03T15:43:52.439+0000] {dagbag.py:538} INFO - Filling up the DagBag from /opt/airflow/dags/ingestion_dag.py
[2025-11-03T15:43:52.545+0000] {processor.py:840} INFO - DAG(s) 'ingestion_pipeline' retrieved from /opt/airflow/dags/ingestion_dag.py
[2025-11-03T15:43:52.575+0000] {logging_mixin.py:188} INFO - [2025-11-03T15:43:52.575+0000] {dag.py:3036} INFO - Sync 1 DAGs
[2025-11-03T15:43:52.597+0000] {logging_mixin.py:188} INFO - [2025-11-03T15:43:52.597+0000] {dag.py:3823} INFO - Setting next_dagrun for ingestion_pipeline to 2025-11-03 00:00:00+00:00, run_after=2025-11-04 00:00:00+00:00
[2025-11-03T15:43:52.630+0000] {processor.py:183} INFO - Processing /opt/airflow/dags/ingestion_dag.py took 0.197 seconds
[2025-11-03T15:44:22.908+0000] {processor.py:161} INFO - Started process (PID=34332) to work on /opt/airflow/dags/ingestion_dag.py
[2025-11-03T15:44:22.910+0000] {processor.py:830} INFO - Processing file /opt/airflow/dags/ingestion_dag.py for tasks to queue
[2025-11-03T15:44:22.912+0000] {logging_mixin.py:188} INFO - [2025-11-03T15:44:22.911+0000] {dagbag.py:538} INFO - Filling up the DagBag from /opt/airflow/dags/ingestion_dag.py
[2025-11-03T15:44:23.017+0000] {processor.py:840} INFO - DAG(s) 'ingestion_pipeline' retrieved from /opt/airflow/dags/ingestion_dag.py
[2025-11-03T15:44:23.053+0000] {logging_mixin.py:188} INFO - [2025-11-03T15:44:23.052+0000] {dag.py:3036} INFO - Sync 1 DAGs
[2025-11-03T15:44:23.076+0000] {logging_mixin.py:188} INFO - [2025-11-03T15:44:23.076+0000] {dag.py:3823} INFO - Setting next_dagrun for ingestion_pipeline to 2025-11-03 00:00:00+00:00, run_after=2025-11-04 00:00:00+00:00
[2025-11-03T15:44:23.101+0000] {processor.py:183} INFO - Processing /opt/airflow/dags/ingestion_dag.py took 0.197 seconds
[2025-11-03T15:44:53.764+0000] {processor.py:161} INFO - Started process (PID=34367) to work on /opt/airflow/dags/ingestion_dag.py
[2025-11-03T15:44:53.766+0000] {processor.py:830} INFO - Processing file /opt/airflow/dags/ingestion_dag.py for tasks to queue
[2025-11-03T15:44:53.769+0000] {logging_mixin.py:188} INFO - [2025-11-03T15:44:53.768+0000] {dagbag.py:538} INFO - Filling up the DagBag from /opt/airflow/dags/ingestion_dag.py
[2025-11-03T15:44:53.856+0000] {processor.py:840} INFO - DAG(s) 'ingestion_pipeline' retrieved from /opt/airflow/dags/ingestion_dag.py
[2025-11-03T15:44:53.893+0000] {logging_mixin.py:188} INFO - [2025-11-03T15:44:53.893+0000] {dag.py:3036} INFO - Sync 1 DAGs
[2025-11-03T15:44:53.915+0000] {logging_mixin.py:188} INFO - [2025-11-03T15:44:53.915+0000] {dag.py:3823} INFO - Setting next_dagrun for ingestion_pipeline to 2025-11-03 00:00:00+00:00, run_after=2025-11-04 00:00:00+00:00
[2025-11-03T15:44:53.947+0000] {processor.py:183} INFO - Processing /opt/airflow/dags/ingestion_dag.py took 0.191 seconds
[2025-11-03T15:45:24.157+0000] {processor.py:161} INFO - Started process (PID=34402) to work on /opt/airflow/dags/ingestion_dag.py
[2025-11-03T15:45:24.160+0000] {processor.py:830} INFO - Processing file /opt/airflow/dags/ingestion_dag.py for tasks to queue
[2025-11-03T15:45:24.163+0000] {logging_mixin.py:188} INFO - [2025-11-03T15:45:24.163+0000] {dagbag.py:538} INFO - Filling up the DagBag from /opt/airflow/dags/ingestion_dag.py
[2025-11-03T15:45:24.268+0000] {processor.py:840} INFO - DAG(s) 'ingestion_pipeline' retrieved from /opt/airflow/dags/ingestion_dag.py
[2025-11-03T15:45:24.301+0000] {logging_mixin.py:188} INFO - [2025-11-03T15:45:24.301+0000] {dag.py:3036} INFO - Sync 1 DAGs
[2025-11-03T15:45:24.481+0000] {logging_mixin.py:188} INFO - [2025-11-03T15:45:24.480+0000] {dag.py:3823} INFO - Setting next_dagrun for ingestion_pipeline to 2025-11-03 00:00:00+00:00, run_after=2025-11-04 00:00:00+00:00
[2025-11-03T15:45:24.508+0000] {processor.py:183} INFO - Processing /opt/airflow/dags/ingestion_dag.py took 0.357 seconds
[2025-11-03T15:45:54.586+0000] {processor.py:161} INFO - Started process (PID=34442) to work on /opt/airflow/dags/ingestion_dag.py
[2025-11-03T15:45:54.588+0000] {processor.py:830} INFO - Processing file /opt/airflow/dags/ingestion_dag.py for tasks to queue
[2025-11-03T15:45:54.590+0000] {logging_mixin.py:188} INFO - [2025-11-03T15:45:54.589+0000] {dagbag.py:538} INFO - Filling up the DagBag from /opt/airflow/dags/ingestion_dag.py
[2025-11-03T15:45:54.717+0000] {processor.py:840} INFO - DAG(s) 'ingestion_pipeline' retrieved from /opt/airflow/dags/ingestion_dag.py
[2025-11-03T15:45:54.749+0000] {logging_mixin.py:188} INFO - [2025-11-03T15:45:54.749+0000] {dag.py:3036} INFO - Sync 1 DAGs
[2025-11-03T15:45:54.928+0000] {logging_mixin.py:188} INFO - [2025-11-03T15:45:54.928+0000] {dag.py:3823} INFO - Setting next_dagrun for ingestion_pipeline to 2025-11-03 00:00:00+00:00, run_after=2025-11-04 00:00:00+00:00
[2025-11-03T15:45:54.959+0000] {processor.py:183} INFO - Processing /opt/airflow/dags/ingestion_dag.py took 0.377 seconds
[2025-11-03T15:46:25.936+0000] {processor.py:161} INFO - Started process (PID=34477) to work on /opt/airflow/dags/ingestion_dag.py
[2025-11-03T15:46:25.938+0000] {processor.py:830} INFO - Processing file /opt/airflow/dags/ingestion_dag.py for tasks to queue
[2025-11-03T15:46:25.940+0000] {logging_mixin.py:188} INFO - [2025-11-03T15:46:25.939+0000] {dagbag.py:538} INFO - Filling up the DagBag from /opt/airflow/dags/ingestion_dag.py
[2025-11-03T15:46:26.035+0000] {processor.py:840} INFO - DAG(s) 'ingestion_pipeline' retrieved from /opt/airflow/dags/ingestion_dag.py
[2025-11-03T15:46:26.067+0000] {logging_mixin.py:188} INFO - [2025-11-03T15:46:26.066+0000] {dag.py:3036} INFO - Sync 1 DAGs
[2025-11-03T15:46:26.281+0000] {logging_mixin.py:188} INFO - [2025-11-03T15:46:26.281+0000] {dag.py:3823} INFO - Setting next_dagrun for ingestion_pipeline to 2025-11-03 00:00:00+00:00, run_after=2025-11-04 00:00:00+00:00
[2025-11-03T15:46:26.317+0000] {processor.py:183} INFO - Processing /opt/airflow/dags/ingestion_dag.py took 0.386 seconds
[2025-11-03T15:46:56.937+0000] {processor.py:161} INFO - Started process (PID=34512) to work on /opt/airflow/dags/ingestion_dag.py
[2025-11-03T15:46:56.949+0000] {processor.py:830} INFO - Processing file /opt/airflow/dags/ingestion_dag.py for tasks to queue
[2025-11-03T15:46:56.951+0000] {logging_mixin.py:188} INFO - [2025-11-03T15:46:56.950+0000] {dagbag.py:538} INFO - Filling up the DagBag from /opt/airflow/dags/ingestion_dag.py
[2025-11-03T15:46:57.113+0000] {processor.py:840} INFO - DAG(s) 'ingestion_pipeline' retrieved from /opt/airflow/dags/ingestion_dag.py
[2025-11-03T15:46:57.241+0000] {logging_mixin.py:188} INFO - [2025-11-03T15:46:57.240+0000] {dag.py:3036} INFO - Sync 1 DAGs
[2025-11-03T15:46:57.367+0000] {logging_mixin.py:188} INFO - [2025-11-03T15:46:57.366+0000] {dag.py:3823} INFO - Setting next_dagrun for ingestion_pipeline to 2025-11-03 00:00:00+00:00, run_after=2025-11-04 00:00:00+00:00
[2025-11-03T15:46:57.477+0000] {processor.py:183} INFO - Processing /opt/airflow/dags/ingestion_dag.py took 0.552 seconds
[2025-11-03T20:41:24.661+0000] {processor.py:161} INFO - Started process (PID=34527) to work on /opt/airflow/dags/ingestion_dag.py
[2025-11-03T20:41:24.664+0000] {processor.py:830} INFO - Processing file /opt/airflow/dags/ingestion_dag.py for tasks to queue
[2025-11-03T20:41:24.675+0000] {logging_mixin.py:188} INFO - [2025-11-03T20:41:24.674+0000] {dagbag.py:538} INFO - Filling up the DagBag from /opt/airflow/dags/ingestion_dag.py
[2025-11-03T20:41:24.829+0000] {processor.py:840} INFO - DAG(s) 'ingestion_pipeline' retrieved from /opt/airflow/dags/ingestion_dag.py
[2025-11-03T20:41:24.982+0000] {logging_mixin.py:188} INFO - [2025-11-03T20:41:24.981+0000] {dag.py:3036} INFO - Sync 1 DAGs
[2025-11-03T20:41:25.070+0000] {logging_mixin.py:188} INFO - [2025-11-03T20:41:25.070+0000] {dag.py:3823} INFO - Setting next_dagrun for ingestion_pipeline to 2025-11-03 00:00:00+00:00, run_after=2025-11-04 00:00:00+00:00
[2025-11-03T20:41:25.146+0000] {processor.py:183} INFO - Processing /opt/airflow/dags/ingestion_dag.py took 0.498 seconds
