[2025-11-01T20:06:49.741+0000] {taskinstance.py:1956} INFO - Dependencies all met for dep_context=non-requeueable deps ti=<TaskInstance: ingestion_pipeline.load_link_transactions_bronze_from_mongo scheduled__2025-10-13T00:00:00+00:00 [queued]>
[2025-11-01T20:06:49.770+0000] {taskinstance.py:1956} INFO - Dependencies all met for dep_context=requeueable deps ti=<TaskInstance: ingestion_pipeline.load_link_transactions_bronze_from_mongo scheduled__2025-10-13T00:00:00+00:00 [queued]>
[2025-11-01T20:06:49.772+0000] {taskinstance.py:2170} INFO - Starting attempt 1 of 2
[2025-11-01T20:06:49.850+0000] {taskinstance.py:2191} INFO - Executing <Task(PythonOperator): load_link_transactions_bronze_from_mongo> on 2025-10-13 00:00:00+00:00
[2025-11-01T20:06:49.867+0000] {standard_task_runner.py:60} INFO - Started process 542 to run task
[2025-11-01T20:06:49.886+0000] {standard_task_runner.py:87} INFO - Running: ['***', 'tasks', 'run', 'ingestion_pipeline', 'load_link_transactions_bronze_from_mongo', 'scheduled__2025-10-13T00:00:00+00:00', '--job-id', '54', '--raw', '--subdir', 'DAGS_FOLDER/ingestion_dag.py', '--cfg-path', '/tmp/tmpju8snncy']
[2025-11-01T20:06:49.897+0000] {standard_task_runner.py:88} INFO - Job 54: Subtask load_link_transactions_bronze_from_mongo
[2025-11-01T20:06:50.305+0000] {task_command.py:423} INFO - Running <TaskInstance: ingestion_pipeline.load_link_transactions_bronze_from_mongo scheduled__2025-10-13T00:00:00+00:00 [running]> on host 1a955fda0cfd
[2025-11-01T20:06:51.102+0000] {taskinstance.py:2480} INFO - Exporting env vars: AIRFLOW_CTX_DAG_OWNER='***' AIRFLOW_CTX_DAG_ID='ingestion_pipeline' AIRFLOW_CTX_TASK_ID='load_link_transactions_bronze_from_mongo' AIRFLOW_CTX_EXECUTION_DATE='2025-10-13T00:00:00+00:00' AIRFLOW_CTX_TRY_NUMBER='1' AIRFLOW_CTX_DAG_RUN_ID='scheduled__2025-10-13T00:00:00+00:00'
[2025-11-01T20:06:55.260+0000] {crypto.py:82} WARNING - empty cryptography key - values will not be stored encrypted.
[2025-11-01T20:06:55.265+0000] {base.py:83} INFO - Using connection ID 'mongo_default' for task execution.
[2025-11-01T20:06:55.387+0000] {base.py:83} INFO - Using connection ID 'clickhouse_default' for task execution.
[2025-11-01T20:06:55.402+0000] {mongo_to_clickhouse.py:241} INFO - [mongo->ch] Mongo query: {'_snapshot_date': {'$gte': datetime.datetime(2025, 10, 13, 0, 0), '$lte': datetime.datetime(2025, 10, 13, 23, 59, 59, 999000)}}
[2025-11-01T20:06:55.417+0000] {mongo_to_clickhouse.py:172} INFO - [mongo->ch] Dropped partition for _snapshot_date=2025-10-13.
[2025-11-01T20:06:55.472+0000] {mongo_to_clickhouse.py:275} INFO - [mongo->ch] Inserted 0 rows into bronze.link_transactions.
[2025-11-01T20:06:55.474+0000] {mongo_to_clickhouse.py:277} INFO - [mongo->ch] No matching docs found for given filter.
[2025-11-01T20:06:55.477+0000] {python.py:201} INFO - Done. Returned value was: None
[2025-11-01T20:06:55.537+0000] {taskinstance.py:1138} INFO - Marking task as SUCCESS. dag_id=ingestion_pipeline, task_id=load_link_transactions_bronze_from_mongo, execution_date=20251013T000000, start_date=20251101T200649, end_date=20251101T200655
[2025-11-01T20:06:55.785+0000] {local_task_job_runner.py:234} INFO - Task exited with return code 0
[2025-11-01T20:06:55.855+0000] {taskinstance.py:3280} INFO - 0 downstream tasks scheduled from follow-on schedule check
[2025-11-01T20:18:15.551+0000] {taskinstance.py:1956} INFO - Dependencies all met for dep_context=non-requeueable deps ti=<TaskInstance: ingestion_pipeline.load_link_transactions_bronze_from_mongo scheduled__2025-10-13T00:00:00+00:00 [queued]>
[2025-11-01T20:18:15.586+0000] {taskinstance.py:1956} INFO - Dependencies all met for dep_context=requeueable deps ti=<TaskInstance: ingestion_pipeline.load_link_transactions_bronze_from_mongo scheduled__2025-10-13T00:00:00+00:00 [queued]>
[2025-11-01T20:18:15.588+0000] {taskinstance.py:2170} INFO - Starting attempt 1 of 2
[2025-11-01T20:18:15.781+0000] {taskinstance.py:2191} INFO - Executing <Task(PythonOperator): load_link_transactions_bronze_from_mongo> on 2025-10-13 00:00:00+00:00
[2025-11-01T20:18:15.891+0000] {standard_task_runner.py:60} INFO - Started process 552 to run task
[2025-11-01T20:18:15.911+0000] {standard_task_runner.py:87} INFO - Running: ['***', 'tasks', 'run', 'ingestion_pipeline', 'load_link_transactions_bronze_from_mongo', 'scheduled__2025-10-13T00:00:00+00:00', '--job-id', '56', '--raw', '--subdir', 'DAGS_FOLDER/ingestion_dag.py', '--cfg-path', '/tmp/tmp7o73qhi7']
[2025-11-01T20:18:15.953+0000] {standard_task_runner.py:88} INFO - Job 56: Subtask load_link_transactions_bronze_from_mongo
[2025-11-01T20:18:16.425+0000] {task_command.py:423} INFO - Running <TaskInstance: ingestion_pipeline.load_link_transactions_bronze_from_mongo scheduled__2025-10-13T00:00:00+00:00 [running]> on host 6335aa85b335
[2025-11-01T20:18:16.893+0000] {taskinstance.py:2480} INFO - Exporting env vars: AIRFLOW_CTX_DAG_OWNER='***' AIRFLOW_CTX_DAG_ID='ingestion_pipeline' AIRFLOW_CTX_TASK_ID='load_link_transactions_bronze_from_mongo' AIRFLOW_CTX_EXECUTION_DATE='2025-10-13T00:00:00+00:00' AIRFLOW_CTX_TRY_NUMBER='1' AIRFLOW_CTX_DAG_RUN_ID='scheduled__2025-10-13T00:00:00+00:00'
[2025-11-01T20:18:20.244+0000] {crypto.py:82} WARNING - empty cryptography key - values will not be stored encrypted.
[2025-11-01T20:18:20.250+0000] {base.py:83} INFO - Using connection ID 'mongo_default' for task execution.
[2025-11-01T20:18:20.331+0000] {base.py:83} INFO - Using connection ID 'clickhouse_default' for task execution.
[2025-11-01T20:18:20.345+0000] {mongo_to_clickhouse.py:241} INFO - [mongo->ch] Mongo query: {'_snapshot_date': {'$gte': datetime.datetime(2025, 10, 13, 0, 0), '$lte': datetime.datetime(2025, 10, 13, 23, 59, 59, 999000)}}
[2025-11-01T20:18:20.351+0000] {mongo_to_clickhouse.py:172} INFO - [mongo->ch] Dropped partition for _snapshot_date=2025-10-13.
[2025-11-01T20:18:20.427+0000] {mongo_to_clickhouse.py:275} INFO - [mongo->ch] Inserted 0 rows into bronze.link_transactions.
[2025-11-01T20:18:20.428+0000] {mongo_to_clickhouse.py:277} INFO - [mongo->ch] No matching docs found for given filter.
[2025-11-01T20:18:20.432+0000] {python.py:201} INFO - Done. Returned value was: None
[2025-11-01T20:18:20.481+0000] {taskinstance.py:1138} INFO - Marking task as SUCCESS. dag_id=ingestion_pipeline, task_id=load_link_transactions_bronze_from_mongo, execution_date=20251013T000000, start_date=20251101T201815, end_date=20251101T201820
[2025-11-01T20:18:20.598+0000] {local_task_job_runner.py:234} INFO - Task exited with return code 0
[2025-11-01T20:18:20.668+0000] {taskinstance.py:3280} INFO - 0 downstream tasks scheduled from follow-on schedule check
[2025-11-02T01:29:31.159+0000] {taskinstance.py:1956} INFO - Dependencies all met for dep_context=non-requeueable deps ti=<TaskInstance: ingestion_pipeline.load_link_transactions_bronze_from_mongo scheduled__2025-10-13T00:00:00+00:00 [queued]>
[2025-11-02T01:29:31.179+0000] {taskinstance.py:1956} INFO - Dependencies all met for dep_context=requeueable deps ti=<TaskInstance: ingestion_pipeline.load_link_transactions_bronze_from_mongo scheduled__2025-10-13T00:00:00+00:00 [queued]>
[2025-11-02T01:29:31.183+0000] {taskinstance.py:2170} INFO - Starting attempt 1 of 2
[2025-11-02T01:29:31.287+0000] {taskinstance.py:2191} INFO - Executing <Task(PythonOperator): load_link_transactions_bronze_from_mongo> on 2025-10-13 00:00:00+00:00
[2025-11-02T01:29:31.327+0000] {standard_task_runner.py:60} INFO - Started process 660 to run task
[2025-11-02T01:29:31.362+0000] {standard_task_runner.py:87} INFO - Running: ['***', 'tasks', 'run', 'ingestion_pipeline', 'load_link_transactions_bronze_from_mongo', 'scheduled__2025-10-13T00:00:00+00:00', '--job-id', '52', '--raw', '--subdir', 'DAGS_FOLDER/ingestion_dag.py', '--cfg-path', '/tmp/tmpdux5jlos']
[2025-11-02T01:29:31.372+0000] {standard_task_runner.py:88} INFO - Job 52: Subtask load_link_transactions_bronze_from_mongo
[2025-11-02T01:29:31.802+0000] {task_command.py:423} INFO - Running <TaskInstance: ingestion_pipeline.load_link_transactions_bronze_from_mongo scheduled__2025-10-13T00:00:00+00:00 [running]> on host 3b0074fa0b5e
[2025-11-02T01:29:32.423+0000] {taskinstance.py:2480} INFO - Exporting env vars: AIRFLOW_CTX_DAG_OWNER='***' AIRFLOW_CTX_DAG_ID='ingestion_pipeline' AIRFLOW_CTX_TASK_ID='load_link_transactions_bronze_from_mongo' AIRFLOW_CTX_EXECUTION_DATE='2025-10-13T00:00:00+00:00' AIRFLOW_CTX_TRY_NUMBER='1' AIRFLOW_CTX_DAG_RUN_ID='scheduled__2025-10-13T00:00:00+00:00'
[2025-11-02T01:29:37.167+0000] {crypto.py:82} WARNING - empty cryptography key - values will not be stored encrypted.
[2025-11-02T01:29:37.194+0000] {base.py:83} INFO - Using connection ID 'mongo_default' for task execution.
[2025-11-02T01:29:37.286+0000] {base.py:83} INFO - Using connection ID 'clickhouse_default' for task execution.
[2025-11-02T01:29:37.341+0000] {mongo_to_clickhouse.py:241} INFO - [mongo->ch] Mongo query: {'_snapshot_date': {'$gte': datetime.datetime(2025, 10, 13, 0, 0), '$lte': datetime.datetime(2025, 10, 13, 23, 59, 59, 999000)}}
[2025-11-02T01:29:37.354+0000] {mongo_to_clickhouse.py:172} INFO - [mongo->ch] Dropped partition for _snapshot_date=2025-10-13.
[2025-11-02T01:29:37.559+0000] {mongo_to_clickhouse.py:275} INFO - [mongo->ch] Inserted 0 rows into bronze.link_transactions.
[2025-11-02T01:29:37.605+0000] {mongo_to_clickhouse.py:277} INFO - [mongo->ch] No matching docs found for given filter.
[2025-11-02T01:29:37.665+0000] {python.py:201} INFO - Done. Returned value was: None
[2025-11-02T01:29:37.749+0000] {taskinstance.py:1138} INFO - Marking task as SUCCESS. dag_id=ingestion_pipeline, task_id=load_link_transactions_bronze_from_mongo, execution_date=20251013T000000, start_date=20251102T012931, end_date=20251102T012937
[2025-11-02T01:29:37.947+0000] {local_task_job_runner.py:234} INFO - Task exited with return code 0
[2025-11-02T01:29:38.049+0000] {taskinstance.py:3280} INFO - 0 downstream tasks scheduled from follow-on schedule check
[2025-11-02T11:27:34.963+0000] {taskinstance.py:1956} INFO - Dependencies all met for dep_context=non-requeueable deps ti=<TaskInstance: ingestion_pipeline.load_link_transactions_bronze_from_mongo scheduled__2025-10-13T00:00:00+00:00 [queued]>
[2025-11-02T11:27:35.100+0000] {taskinstance.py:1956} INFO - Dependencies all met for dep_context=requeueable deps ti=<TaskInstance: ingestion_pipeline.load_link_transactions_bronze_from_mongo scheduled__2025-10-13T00:00:00+00:00 [queued]>
[2025-11-02T11:27:35.110+0000] {taskinstance.py:2170} INFO - Starting attempt 1 of 2
[2025-11-02T11:27:35.337+0000] {taskinstance.py:2191} INFO - Executing <Task(PythonOperator): load_link_transactions_bronze_from_mongo> on 2025-10-13 00:00:00+00:00
[2025-11-02T11:27:35.366+0000] {standard_task_runner.py:60} INFO - Started process 819 to run task
[2025-11-02T11:27:35.388+0000] {standard_task_runner.py:87} INFO - Running: ['***', 'tasks', 'run', 'ingestion_pipeline', 'load_link_transactions_bronze_from_mongo', 'scheduled__2025-10-13T00:00:00+00:00', '--job-id', '64', '--raw', '--subdir', 'DAGS_FOLDER/ingestion_dag.py', '--cfg-path', '/tmp/tmpchgceoka']
[2025-11-02T11:27:35.403+0000] {standard_task_runner.py:88} INFO - Job 64: Subtask load_link_transactions_bronze_from_mongo
[2025-11-02T11:27:35.993+0000] {task_command.py:423} INFO - Running <TaskInstance: ingestion_pipeline.load_link_transactions_bronze_from_mongo scheduled__2025-10-13T00:00:00+00:00 [running]> on host 0d39d4365eb9
[2025-11-02T11:27:36.656+0000] {taskinstance.py:2480} INFO - Exporting env vars: AIRFLOW_CTX_DAG_OWNER='***' AIRFLOW_CTX_DAG_ID='ingestion_pipeline' AIRFLOW_CTX_TASK_ID='load_link_transactions_bronze_from_mongo' AIRFLOW_CTX_EXECUTION_DATE='2025-10-13T00:00:00+00:00' AIRFLOW_CTX_TRY_NUMBER='1' AIRFLOW_CTX_DAG_RUN_ID='scheduled__2025-10-13T00:00:00+00:00'
[2025-11-02T11:27:40.726+0000] {crypto.py:82} WARNING - empty cryptography key - values will not be stored encrypted.
[2025-11-02T11:27:40.733+0000] {base.py:83} INFO - Using connection ID 'mongo_default' for task execution.
[2025-11-02T11:27:40.782+0000] {base.py:83} INFO - Using connection ID 'clickhouse_default' for task execution.
[2025-11-02T11:27:40.803+0000] {mongo_to_clickhouse.py:241} INFO - [mongo->ch] Mongo query: {'_snapshot_date': {'$gte': datetime.datetime(2025, 10, 13, 0, 0), '$lte': datetime.datetime(2025, 10, 13, 23, 59, 59, 999000)}}
[2025-11-02T11:27:40.820+0000] {mongo_to_clickhouse.py:172} INFO - [mongo->ch] Dropped partition for _snapshot_date=2025-10-13.
[2025-11-02T11:27:40.893+0000] {mongo_to_clickhouse.py:275} INFO - [mongo->ch] Inserted 0 rows into bronze.link_transactions.
[2025-11-02T11:27:40.895+0000] {mongo_to_clickhouse.py:277} INFO - [mongo->ch] No matching docs found for given filter.
[2025-11-02T11:27:40.908+0000] {python.py:201} INFO - Done. Returned value was: None
[2025-11-02T11:27:40.976+0000] {taskinstance.py:1138} INFO - Marking task as SUCCESS. dag_id=ingestion_pipeline, task_id=load_link_transactions_bronze_from_mongo, execution_date=20251013T000000, start_date=20251102T112734, end_date=20251102T112740
[2025-11-02T11:27:41.236+0000] {local_task_job_runner.py:234} INFO - Task exited with return code 0
[2025-11-02T11:27:41.384+0000] {taskinstance.py:3280} INFO - 0 downstream tasks scheduled from follow-on schedule check
