[2025-11-02T00:27:40.086+0000] {taskinstance.py:1956} INFO - Dependencies all met for dep_context=non-requeueable deps ti=<TaskInstance: gold_dimensions_pipeline.dbt_dim_payment_method scheduled__2025-10-14T00:00:00+00:00 [queued]>
[2025-11-02T00:27:40.102+0000] {taskinstance.py:1956} INFO - Dependencies all met for dep_context=requeueable deps ti=<TaskInstance: gold_dimensions_pipeline.dbt_dim_payment_method scheduled__2025-10-14T00:00:00+00:00 [queued]>
[2025-11-02T00:27:40.103+0000] {taskinstance.py:2170} INFO - Starting attempt 1 of 2
[2025-11-02T00:27:40.136+0000] {taskinstance.py:2191} INFO - Executing <Task(PythonOperator): dbt_dim_payment_method> on 2025-10-14 00:00:00+00:00
[2025-11-02T00:27:40.144+0000] {standard_task_runner.py:60} INFO - Started process 15447 to run task
[2025-11-02T00:27:40.149+0000] {standard_task_runner.py:87} INFO - Running: ['***', 'tasks', 'run', 'gold_dimensions_pipeline', 'dbt_dim_payment_method', 'scheduled__2025-10-14T00:00:00+00:00', '--job-id', '350', '--raw', '--subdir', 'DAGS_FOLDER/gold_dag.py', '--cfg-path', '/tmp/tmpgc2zi0l3']
[2025-11-02T00:27:40.152+0000] {standard_task_runner.py:88} INFO - Job 350: Subtask dbt_dim_payment_method
[2025-11-02T00:27:40.258+0000] {task_command.py:423} INFO - Running <TaskInstance: gold_dimensions_pipeline.dbt_dim_payment_method scheduled__2025-10-14T00:00:00+00:00 [running]> on host 6335aa85b335
[2025-11-02T00:27:40.410+0000] {taskinstance.py:2480} INFO - Exporting env vars: AIRFLOW_CTX_DAG_OWNER='***' AIRFLOW_CTX_DAG_ID='gold_dimensions_pipeline' AIRFLOW_CTX_TASK_ID='dbt_dim_payment_method' AIRFLOW_CTX_EXECUTION_DATE='2025-10-14T00:00:00+00:00' AIRFLOW_CTX_TRY_NUMBER='1' AIRFLOW_CTX_DAG_RUN_ID='scheduled__2025-10-14T00:00:00+00:00'
[2025-11-02T00:27:50.429+0000] {python.py:201} INFO - Done. Returned value was: None
[2025-11-02T00:27:50.452+0000] {taskinstance.py:1138} INFO - Marking task as SUCCESS. dag_id=gold_dimensions_pipeline, task_id=dbt_dim_payment_method, execution_date=20251014T000000, start_date=20251102T002740, end_date=20251102T002750
[2025-11-02T00:27:50.522+0000] {local_task_job_runner.py:234} INFO - Task exited with return code 0
[2025-11-02T00:27:50.546+0000] {taskinstance.py:3280} INFO - 0 downstream tasks scheduled from follow-on schedule check
[2025-11-02T11:43:52.083+0000] {taskinstance.py:1956} INFO - Dependencies all met for dep_context=non-requeueable deps ti=<TaskInstance: gold_dimensions_pipeline.dbt_dim_payment_method scheduled__2025-10-14T00:00:00+00:00 [queued]>
[2025-11-02T11:43:52.096+0000] {taskinstance.py:1956} INFO - Dependencies all met for dep_context=requeueable deps ti=<TaskInstance: gold_dimensions_pipeline.dbt_dim_payment_method scheduled__2025-10-14T00:00:00+00:00 [queued]>
[2025-11-02T11:43:52.097+0000] {taskinstance.py:2170} INFO - Starting attempt 1 of 3
[2025-11-02T11:43:52.114+0000] {taskinstance.py:2191} INFO - Executing <Task(PythonOperator): dbt_dim_payment_method> on 2025-10-14 00:00:00+00:00
[2025-11-02T11:43:52.121+0000] {standard_task_runner.py:60} INFO - Started process 5367 to run task
[2025-11-02T11:43:52.126+0000] {standard_task_runner.py:87} INFO - Running: ['***', 'tasks', 'run', 'gold_dimensions_pipeline', 'dbt_dim_payment_method', 'scheduled__2025-10-14T00:00:00+00:00', '--job-id', '327', '--raw', '--subdir', 'DAGS_FOLDER/gold_dag.py', '--cfg-path', '/tmp/tmpare7trfm']
[2025-11-02T11:43:52.129+0000] {standard_task_runner.py:88} INFO - Job 327: Subtask dbt_dim_payment_method
[2025-11-02T11:43:52.219+0000] {task_command.py:423} INFO - Running <TaskInstance: gold_dimensions_pipeline.dbt_dim_payment_method scheduled__2025-10-14T00:00:00+00:00 [running]> on host 0d39d4365eb9
[2025-11-02T11:43:52.328+0000] {taskinstance.py:2480} INFO - Exporting env vars: AIRFLOW_CTX_DAG_OWNER='***' AIRFLOW_CTX_DAG_ID='gold_dimensions_pipeline' AIRFLOW_CTX_TASK_ID='dbt_dim_payment_method' AIRFLOW_CTX_EXECUTION_DATE='2025-10-14T00:00:00+00:00' AIRFLOW_CTX_TRY_NUMBER='1' AIRFLOW_CTX_DAG_RUN_ID='scheduled__2025-10-14T00:00:00+00:00'
[2025-11-02T11:43:58.530+0000] {logging_mixin.py:188} INFO - ==== DBT STDOUT ====
[2025-11-02T11:43:58.531+0000] {logging_mixin.py:188} INFO - 11:43:56  Running with dbt=1.5.9
11:43:56  Registered adapter: clickhouse=1.5.2
11:43:56  [WARNING]: Configuration paths exist in your dbt_project.yml file which do not apply to any resources.
There are 2 unused configuration paths:
- models.ck_project.bronze
- models.ck_project.gold.fact
11:43:56  Found 7 models, 17 tests, 0 snapshots, 0 analyses, 349 macros, 0 operations, 0 seed files, 6 sources, 0 exposures, 0 metrics, 0 groups
11:43:56  
11:43:57  Concurrency: 4 threads (target='dev')
11:43:57  
11:43:57  1 of 1 START sql table model gold.dim_payment_method ........................... [RUN]
11:43:57  1 of 1 OK created sql table model gold.dim_payment_method ...................... [OK in 0.35s]
11:43:57  
11:43:57  Finished running 1 table model in 0 hours 0 minutes and 0.85 seconds (0.85s).
11:43:57  
11:43:57  Completed successfully
11:43:57  
11:43:57  Done. PASS=1 WARN=0 ERROR=0 SKIP=0 TOTAL=1
[2025-11-02T11:43:58.532+0000] {logging_mixin.py:188} INFO - ==== DBT STDERR ====
[2025-11-02T11:43:58.533+0000] {python.py:201} INFO - Done. Returned value was: None
[2025-11-02T11:43:58.557+0000] {taskinstance.py:1138} INFO - Marking task as SUCCESS. dag_id=gold_dimensions_pipeline, task_id=dbt_dim_payment_method, execution_date=20251014T000000, start_date=20251102T114352, end_date=20251102T114358
[2025-11-02T11:43:58.591+0000] {local_task_job_runner.py:234} INFO - Task exited with return code 0
[2025-11-02T11:43:58.617+0000] {taskinstance.py:3280} INFO - 0 downstream tasks scheduled from follow-on schedule check
