[2025-10-31T22:31:53.035+0000] {taskinstance.py:1956} INFO - Dependencies all met for dep_context=non-requeueable deps ti=<TaskInstance: ingestion_pipeline.load_payments_bronze manual__2025-10-31T22:31:52.250995+00:00 [queued]>
[2025-10-31T22:31:53.049+0000] {taskinstance.py:1956} INFO - Dependencies all met for dep_context=requeueable deps ti=<TaskInstance: ingestion_pipeline.load_payments_bronze manual__2025-10-31T22:31:52.250995+00:00 [queued]>
[2025-10-31T22:31:53.050+0000] {taskinstance.py:2170} INFO - Starting attempt 1 of 2
[2025-10-31T22:31:53.066+0000] {taskinstance.py:2191} INFO - Executing <Task(PythonOperator): load_payments_bronze> on 2025-10-31 22:31:52.250995+00:00
[2025-10-31T22:31:53.072+0000] {standard_task_runner.py:60} INFO - Started process 1709 to run task
[2025-10-31T22:31:53.082+0000] {standard_task_runner.py:87} INFO - Running: ['***', 'tasks', 'run', 'ingestion_pipeline', 'load_payments_bronze', 'manual__2025-10-31T22:31:52.250995+00:00', '--job-id', '30', '--raw', '--subdir', 'DAGS_FOLDER/ingestion_dag.py', '--cfg-path', '/tmp/tmpb0iti7in']
[2025-10-31T22:31:53.086+0000] {standard_task_runner.py:88} INFO - Job 30: Subtask load_payments_bronze
[2025-10-31T22:31:53.189+0000] {task_command.py:423} INFO - Running <TaskInstance: ingestion_pipeline.load_payments_bronze manual__2025-10-31T22:31:52.250995+00:00 [running]> on host 68d81e27198f
[2025-10-31T22:31:53.316+0000] {taskinstance.py:2480} INFO - Exporting env vars: AIRFLOW_CTX_DAG_OWNER='***' AIRFLOW_CTX_DAG_ID='ingestion_pipeline' AIRFLOW_CTX_TASK_ID='load_payments_bronze' AIRFLOW_CTX_EXECUTION_DATE='2025-10-31T22:31:52.250995+00:00' AIRFLOW_CTX_TRY_NUMBER='1' AIRFLOW_CTX_DAG_RUN_ID='manual__2025-10-31T22:31:52.250995+00:00'
[2025-10-31T22:31:54.379+0000] {payments_to_clickhouse.py:89} INFO - [payments->ch] Target CSV: /tmp/data/payments/payments-20251031.csv
[2025-10-31T22:31:54.382+0000] {payments_to_clickhouse.py:94} INFO - [payments->ch] Folder listing: ['payments-20251001.csv', 'payments-20251002.csv', 'payments-20251003.csv']
[2025-10-31T22:31:54.384+0000] {crypto.py:82} WARNING - empty cryptography key - values will not be stored encrypted.
[2025-10-31T22:31:54.385+0000] {base.py:83} INFO - Using connection ID 'clickhouse_default' for task execution.
[2025-10-31T22:31:54.451+0000] {payments_to_clickhouse.py:187} INFO - [payments->ch] No CSV for the day; ensured DB and table exist. Nothing to insert.
[2025-10-31T22:31:54.460+0000] {payments_to_clickhouse.py:196} INFO - [payments->ch] Idempotency cleanup: _source_file=payments-20251031.csv.
[2025-10-31T22:31:54.467+0000] {payments_to_clickhouse.py:205} INFO - [payments->ch] Idempotency cleanup: _snapshot_date=2025-10-31.
[2025-10-31T22:31:54.468+0000] {python.py:201} INFO - Done. Returned value was: None
[2025-10-31T22:31:54.480+0000] {taskinstance.py:1138} INFO - Marking task as SUCCESS. dag_id=ingestion_pipeline, task_id=load_payments_bronze, execution_date=20251031T223152, start_date=20251031T223153, end_date=20251031T223154
[2025-10-31T22:31:54.554+0000] {local_task_job_runner.py:234} INFO - Task exited with return code 0
[2025-10-31T22:31:54.583+0000] {taskinstance.py:3280} INFO - 1 downstream tasks scheduled from follow-on schedule check
