[2025-11-02T13:01:20.730+0000] {taskinstance.py:1956} INFO - Dependencies all met for dep_context=non-requeueable deps ti=<TaskInstance: gold_dimensions_pipeline.dbt_dim_payment_state manual__2025-11-02T12:56:07.698137+00:00 [queued]>
[2025-11-02T13:01:20.766+0000] {taskinstance.py:1956} INFO - Dependencies all met for dep_context=requeueable deps ti=<TaskInstance: gold_dimensions_pipeline.dbt_dim_payment_state manual__2025-11-02T12:56:07.698137+00:00 [queued]>
[2025-11-02T13:01:20.768+0000] {taskinstance.py:2170} INFO - Starting attempt 2 of 3
[2025-11-02T13:01:20.821+0000] {taskinstance.py:2191} INFO - Executing <Task(PythonOperator): dbt_dim_payment_state> on 2025-11-02 12:56:07.698137+00:00
[2025-11-02T13:01:20.842+0000] {standard_task_runner.py:60} INFO - Started process 11064 to run task
[2025-11-02T13:01:20.861+0000] {standard_task_runner.py:87} INFO - Running: ['***', 'tasks', 'run', 'gold_dimensions_pipeline', 'dbt_dim_payment_state', 'manual__2025-11-02T12:56:07.698137+00:00', '--job-id', '406', '--raw', '--subdir', 'DAGS_FOLDER/gold_dag.py', '--cfg-path', '/tmp/tmpwz2jw01v']
[2025-11-02T13:01:20.871+0000] {standard_task_runner.py:88} INFO - Job 406: Subtask dbt_dim_payment_state
[2025-11-02T13:01:21.118+0000] {task_command.py:423} INFO - Running <TaskInstance: gold_dimensions_pipeline.dbt_dim_payment_state manual__2025-11-02T12:56:07.698137+00:00 [running]> on host 0d39d4365eb9
[2025-11-02T13:01:21.434+0000] {taskinstance.py:2480} INFO - Exporting env vars: AIRFLOW_CTX_DAG_OWNER='***' AIRFLOW_CTX_DAG_ID='gold_dimensions_pipeline' AIRFLOW_CTX_TASK_ID='dbt_dim_payment_state' AIRFLOW_CTX_EXECUTION_DATE='2025-11-02T12:56:07.698137+00:00' AIRFLOW_CTX_TRY_NUMBER='2' AIRFLOW_CTX_DAG_RUN_ID='manual__2025-11-02T12:56:07.698137+00:00'
[2025-11-02T13:01:38.616+0000] {logging_mixin.py:188} INFO - ==== DBT STDOUT ====
[2025-11-02T13:01:38.618+0000] {logging_mixin.py:188} INFO - 13:01:32  Running with dbt=1.5.9
13:01:33  Registered adapter: clickhouse=1.5.2
13:01:35  [WARNING]: Configuration paths exist in your dbt_project.yml file which do not apply to any resources.
There are 1 unused configuration paths:
- models.ck_project.bronze
13:01:35  Found 8 models, 21 tests, 0 snapshots, 0 analyses, 349 macros, 0 operations, 0 seed files, 6 sources, 0 exposures, 0 metrics, 0 groups
13:01:35  
13:01:36  Concurrency: 4 threads (target='dev')
13:01:36  
13:01:36  1 of 1 START sql table model gold.dim_payment_state ............................ [RUN]
13:01:37  1 of 1 OK created sql table model gold.dim_payment_state ....................... [OK in 0.74s]
13:01:37  
13:01:37  Finished running 1 table model in 0 hours 0 minutes and 1.74 seconds (1.74s).
13:01:37  
13:01:37  Completed successfully
13:01:37  
13:01:37  Done. PASS=1 WARN=0 ERROR=0 SKIP=0 TOTAL=1
[2025-11-02T13:01:38.619+0000] {logging_mixin.py:188} INFO - ==== DBT STDERR ====
[2025-11-02T13:01:38.620+0000] {python.py:201} INFO - Done. Returned value was: None
[2025-11-02T13:01:38.658+0000] {taskinstance.py:1138} INFO - Marking task as SUCCESS. dag_id=gold_dimensions_pipeline, task_id=dbt_dim_payment_state, execution_date=20251102T125607, start_date=20251102T130120, end_date=20251102T130138
[2025-11-02T13:01:38.722+0000] {local_task_job_runner.py:234} INFO - Task exited with return code 0
[2025-11-02T13:01:38.816+0000] {taskinstance.py:3280} INFO - 0 downstream tasks scheduled from follow-on schedule check
