[2025-11-02T00:29:18.907+0000] {taskinstance.py:1956} INFO - Dependencies all met for dep_context=non-requeueable deps ti=<TaskInstance: gold_dimensions_pipeline.dbt_dim_date scheduled__2025-10-21T00:00:00+00:00 [queued]>
[2025-11-02T00:29:18.923+0000] {taskinstance.py:1956} INFO - Dependencies all met for dep_context=requeueable deps ti=<TaskInstance: gold_dimensions_pipeline.dbt_dim_date scheduled__2025-10-21T00:00:00+00:00 [queued]>
[2025-11-02T00:29:18.925+0000] {taskinstance.py:2170} INFO - Starting attempt 1 of 2
[2025-11-02T00:29:18.943+0000] {taskinstance.py:2191} INFO - Executing <Task(PythonOperator): dbt_dim_date> on 2025-10-21 00:00:00+00:00
[2025-11-02T00:29:18.954+0000] {standard_task_runner.py:60} INFO - Started process 16092 to run task
[2025-11-02T00:29:18.961+0000] {standard_task_runner.py:87} INFO - Running: ['***', 'tasks', 'run', 'gold_dimensions_pipeline', 'dbt_dim_date', 'scheduled__2025-10-21T00:00:00+00:00', '--job-id', '386', '--raw', '--subdir', 'DAGS_FOLDER/gold_dag.py', '--cfg-path', '/tmp/tmpm_r8sgg2']
[2025-11-02T00:29:18.965+0000] {standard_task_runner.py:88} INFO - Job 386: Subtask dbt_dim_date
[2025-11-02T00:29:19.096+0000] {task_command.py:423} INFO - Running <TaskInstance: gold_dimensions_pipeline.dbt_dim_date scheduled__2025-10-21T00:00:00+00:00 [running]> on host 6335aa85b335
[2025-11-02T00:29:19.265+0000] {taskinstance.py:2480} INFO - Exporting env vars: AIRFLOW_CTX_DAG_OWNER='***' AIRFLOW_CTX_DAG_ID='gold_dimensions_pipeline' AIRFLOW_CTX_TASK_ID='dbt_dim_date' AIRFLOW_CTX_EXECUTION_DATE='2025-10-21T00:00:00+00:00' AIRFLOW_CTX_TRY_NUMBER='1' AIRFLOW_CTX_DAG_RUN_ID='scheduled__2025-10-21T00:00:00+00:00'
[2025-11-02T00:29:30.281+0000] {python.py:201} INFO - Done. Returned value was: None
[2025-11-02T00:29:30.305+0000] {taskinstance.py:1138} INFO - Marking task as SUCCESS. dag_id=gold_dimensions_pipeline, task_id=dbt_dim_date, execution_date=20251021T000000, start_date=20251102T002918, end_date=20251102T002930
[2025-11-02T00:29:30.347+0000] {local_task_job_runner.py:234} INFO - Task exited with return code 0
[2025-11-02T00:29:30.383+0000] {taskinstance.py:3280} INFO - 0 downstream tasks scheduled from follow-on schedule check
[2025-11-02T11:45:25.433+0000] {taskinstance.py:1956} INFO - Dependencies all met for dep_context=non-requeueable deps ti=<TaskInstance: gold_dimensions_pipeline.dbt_dim_date scheduled__2025-10-21T00:00:00+00:00 [queued]>
[2025-11-02T11:45:25.441+0000] {taskinstance.py:1956} INFO - Dependencies all met for dep_context=requeueable deps ti=<TaskInstance: gold_dimensions_pipeline.dbt_dim_date scheduled__2025-10-21T00:00:00+00:00 [queued]>
[2025-11-02T11:45:25.442+0000] {taskinstance.py:2170} INFO - Starting attempt 1 of 3
[2025-11-02T11:45:25.456+0000] {taskinstance.py:2191} INFO - Executing <Task(PythonOperator): dbt_dim_date> on 2025-10-21 00:00:00+00:00
[2025-11-02T11:45:25.462+0000] {standard_task_runner.py:60} INFO - Started process 5856 to run task
[2025-11-02T11:45:25.466+0000] {standard_task_runner.py:87} INFO - Running: ['***', 'tasks', 'run', 'gold_dimensions_pipeline', 'dbt_dim_date', 'scheduled__2025-10-21T00:00:00+00:00', '--job-id', '352', '--raw', '--subdir', 'DAGS_FOLDER/gold_dag.py', '--cfg-path', '/tmp/tmp2wx40rcj']
[2025-11-02T11:45:25.468+0000] {standard_task_runner.py:88} INFO - Job 352: Subtask dbt_dim_date
[2025-11-02T11:45:25.552+0000] {task_command.py:423} INFO - Running <TaskInstance: gold_dimensions_pipeline.dbt_dim_date scheduled__2025-10-21T00:00:00+00:00 [running]> on host 0d39d4365eb9
[2025-11-02T11:45:25.648+0000] {taskinstance.py:2480} INFO - Exporting env vars: AIRFLOW_CTX_DAG_OWNER='***' AIRFLOW_CTX_DAG_ID='gold_dimensions_pipeline' AIRFLOW_CTX_TASK_ID='dbt_dim_date' AIRFLOW_CTX_EXECUTION_DATE='2025-10-21T00:00:00+00:00' AIRFLOW_CTX_TRY_NUMBER='1' AIRFLOW_CTX_DAG_RUN_ID='scheduled__2025-10-21T00:00:00+00:00'
[2025-11-02T11:45:30.424+0000] {logging_mixin.py:188} INFO - ==== DBT STDOUT ====
[2025-11-02T11:45:30.425+0000] {logging_mixin.py:188} INFO - 11:45:28  Running with dbt=1.5.9
11:45:28  Registered adapter: clickhouse=1.5.2
11:45:28  [WARNING]: Configuration paths exist in your dbt_project.yml file which do not apply to any resources.
There are 2 unused configuration paths:
- models.ck_project.bronze
- models.ck_project.gold.fact
11:45:28  Found 7 models, 17 tests, 0 snapshots, 0 analyses, 349 macros, 0 operations, 0 seed files, 6 sources, 0 exposures, 0 metrics, 0 groups
11:45:28  
11:45:29  Concurrency: 4 threads (target='dev')
11:45:29  
11:45:29  1 of 1 START sql table model gold.dim_date ..................................... [RUN]
11:45:29  1 of 1 OK created sql table model gold.dim_date ................................ [OK in 0.24s]
11:45:29  
11:45:29  Finished running 1 table model in 0 hours 0 minutes and 0.57 seconds (0.57s).
11:45:29  
11:45:29  Completed successfully
11:45:29  
11:45:29  Done. PASS=1 WARN=0 ERROR=0 SKIP=0 TOTAL=1
[2025-11-02T11:45:30.425+0000] {logging_mixin.py:188} INFO - ==== DBT STDERR ====
[2025-11-02T11:45:30.426+0000] {python.py:201} INFO - Done. Returned value was: None
[2025-11-02T11:45:30.442+0000] {taskinstance.py:1138} INFO - Marking task as SUCCESS. dag_id=gold_dimensions_pipeline, task_id=dbt_dim_date, execution_date=20251021T000000, start_date=20251102T114525, end_date=20251102T114530
[2025-11-02T11:45:30.503+0000] {local_task_job_runner.py:234} INFO - Task exited with return code 0
[2025-11-02T11:45:30.528+0000] {taskinstance.py:3280} INFO - 3 downstream tasks scheduled from follow-on schedule check
