[2025-11-01T20:07:01.619+0000] {taskinstance.py:1956} INFO - Dependencies all met for dep_context=non-requeueable deps ti=<TaskInstance: ingestion_pipeline.load_link_transactions_to_mongo scheduled__2025-10-20T00:00:00+00:00 [queued]>
[2025-11-01T20:07:01.691+0000] {taskinstance.py:1956} INFO - Dependencies all met for dep_context=requeueable deps ti=<TaskInstance: ingestion_pipeline.load_link_transactions_to_mongo scheduled__2025-10-20T00:00:00+00:00 [queued]>
[2025-11-01T20:07:01.699+0000] {taskinstance.py:2170} INFO - Starting attempt 1 of 2
[2025-11-01T20:07:01.811+0000] {taskinstance.py:2191} INFO - Executing <Task(PythonOperator): load_link_transactions_to_mongo> on 2025-10-20 00:00:00+00:00
[2025-11-01T20:07:01.846+0000] {standard_task_runner.py:60} INFO - Started process 648 to run task
[2025-11-01T20:07:01.893+0000] {standard_task_runner.py:87} INFO - Running: ['***', 'tasks', 'run', 'ingestion_pipeline', 'load_link_transactions_to_mongo', 'scheduled__2025-10-20T00:00:00+00:00', '--job-id', '78', '--raw', '--subdir', 'DAGS_FOLDER/ingestion_dag.py', '--cfg-path', '/tmp/tmp607ri8n7']
[2025-11-01T20:07:01.931+0000] {standard_task_runner.py:88} INFO - Job 78: Subtask load_link_transactions_to_mongo
[2025-11-01T20:07:02.273+0000] {task_command.py:423} INFO - Running <TaskInstance: ingestion_pipeline.load_link_transactions_to_mongo scheduled__2025-10-20T00:00:00+00:00 [running]> on host 1a955fda0cfd
[2025-11-01T20:07:02.848+0000] {taskinstance.py:2480} INFO - Exporting env vars: AIRFLOW_CTX_DAG_OWNER='***' AIRFLOW_CTX_DAG_ID='ingestion_pipeline' AIRFLOW_CTX_TASK_ID='load_link_transactions_to_mongo' AIRFLOW_CTX_EXECUTION_DATE='2025-10-20T00:00:00+00:00' AIRFLOW_CTX_TRY_NUMBER='1' AIRFLOW_CTX_DAG_RUN_ID='scheduled__2025-10-20T00:00:00+00:00'
[2025-11-01T20:07:06.178+0000] {mongo_ingestion.py:59} INFO - [mongo/link_tx] Target CSV: /tmp/data/link_transactions/link_transactions-20251020.csv
[2025-11-01T20:07:06.207+0000] {mongo_ingestion.py:62} INFO - [mongo/link_tx] Directory listing: ['link_transactions-20251001.csv', 'link_transactions-20251002.csv', 'link_transactions-20251003.csv', 'link_transactions-20251004.csv']
[2025-11-01T20:07:06.211+0000] {crypto.py:82} WARNING - empty cryptography key - values will not be stored encrypted.
[2025-11-01T20:07:06.214+0000] {base.py:83} INFO - Using connection ID 'mongo_default' for task execution.
[2025-11-01T20:07:06.468+0000] {mongo_ingestion.py:80} WARNING - [mongo/link_tx] File not found; indexes ensured; skipping.
[2025-11-01T20:07:06.476+0000] {mongo_ingestion.py:154} INFO - [mongo/link_tx] MongoDB connection closed.
[2025-11-01T20:07:06.482+0000] {python.py:201} INFO - Done. Returned value was: None
[2025-11-01T20:07:06.550+0000] {taskinstance.py:1138} INFO - Marking task as SUCCESS. dag_id=ingestion_pipeline, task_id=load_link_transactions_to_mongo, execution_date=20251020T000000, start_date=20251101T200701, end_date=20251101T200706
[2025-11-01T20:07:06.851+0000] {local_task_job_runner.py:234} INFO - Task exited with return code 0
[2025-11-01T20:07:06.982+0000] {taskinstance.py:3280} INFO - 1 downstream tasks scheduled from follow-on schedule check
[2025-11-01T20:18:25.847+0000] {taskinstance.py:1956} INFO - Dependencies all met for dep_context=non-requeueable deps ti=<TaskInstance: ingestion_pipeline.load_link_transactions_to_mongo scheduled__2025-10-20T00:00:00+00:00 [queued]>
[2025-11-01T20:18:25.920+0000] {taskinstance.py:1956} INFO - Dependencies all met for dep_context=requeueable deps ti=<TaskInstance: ingestion_pipeline.load_link_transactions_to_mongo scheduled__2025-10-20T00:00:00+00:00 [queued]>
[2025-11-01T20:18:25.928+0000] {taskinstance.py:2170} INFO - Starting attempt 1 of 2
[2025-11-01T20:18:26.099+0000] {taskinstance.py:2191} INFO - Executing <Task(PythonOperator): load_link_transactions_to_mongo> on 2025-10-20 00:00:00+00:00
[2025-11-01T20:18:26.158+0000] {standard_task_runner.py:60} INFO - Started process 635 to run task
[2025-11-01T20:18:26.206+0000] {standard_task_runner.py:87} INFO - Running: ['***', 'tasks', 'run', 'ingestion_pipeline', 'load_link_transactions_to_mongo', 'scheduled__2025-10-20T00:00:00+00:00', '--job-id', '78', '--raw', '--subdir', 'DAGS_FOLDER/ingestion_dag.py', '--cfg-path', '/tmp/tmpyx_vj0c3']
[2025-11-01T20:18:26.229+0000] {standard_task_runner.py:88} INFO - Job 78: Subtask load_link_transactions_to_mongo
[2025-11-01T20:18:26.644+0000] {task_command.py:423} INFO - Running <TaskInstance: ingestion_pipeline.load_link_transactions_to_mongo scheduled__2025-10-20T00:00:00+00:00 [running]> on host 6335aa85b335
[2025-11-01T20:18:27.456+0000] {taskinstance.py:2480} INFO - Exporting env vars: AIRFLOW_CTX_DAG_OWNER='***' AIRFLOW_CTX_DAG_ID='ingestion_pipeline' AIRFLOW_CTX_TASK_ID='load_link_transactions_to_mongo' AIRFLOW_CTX_EXECUTION_DATE='2025-10-20T00:00:00+00:00' AIRFLOW_CTX_TRY_NUMBER='1' AIRFLOW_CTX_DAG_RUN_ID='scheduled__2025-10-20T00:00:00+00:00'
[2025-11-01T20:18:30.531+0000] {mongo_ingestion.py:59} INFO - [mongo/link_tx] Target CSV: /tmp/data/link_transactions/link_transactions-20251020.csv
[2025-11-01T20:18:30.540+0000] {mongo_ingestion.py:62} INFO - [mongo/link_tx] Directory listing: ['link_transactions-20251001.csv', 'link_transactions-20251002.csv', 'link_transactions-20251003.csv', 'link_transactions-20251004.csv']
[2025-11-01T20:18:30.545+0000] {crypto.py:82} WARNING - empty cryptography key - values will not be stored encrypted.
[2025-11-01T20:18:30.555+0000] {base.py:83} INFO - Using connection ID 'mongo_default' for task execution.
[2025-11-01T20:18:30.715+0000] {mongo_ingestion.py:80} WARNING - [mongo/link_tx] File not found; indexes ensured; skipping.
[2025-11-01T20:18:30.719+0000] {mongo_ingestion.py:154} INFO - [mongo/link_tx] MongoDB connection closed.
[2025-11-01T20:18:30.721+0000] {python.py:201} INFO - Done. Returned value was: None
[2025-11-01T20:18:30.763+0000] {taskinstance.py:1138} INFO - Marking task as SUCCESS. dag_id=ingestion_pipeline, task_id=load_link_transactions_to_mongo, execution_date=20251020T000000, start_date=20251101T201825, end_date=20251101T201830
[2025-11-01T20:18:30.894+0000] {local_task_job_runner.py:234} INFO - Task exited with return code 0
[2025-11-01T20:18:30.990+0000] {taskinstance.py:3280} INFO - 1 downstream tasks scheduled from follow-on schedule check
