[2025-11-01T20:24:04.555+0000] {taskinstance.py:1956} INFO - Dependencies all met for dep_context=non-requeueable deps ti=<TaskInstance: silver_transformation_pipeline.dbt_run_payments scheduled__2025-10-28T00:00:00+00:00 [queued]>
[2025-11-01T20:24:04.566+0000] {taskinstance.py:1956} INFO - Dependencies all met for dep_context=requeueable deps ti=<TaskInstance: silver_transformation_pipeline.dbt_run_payments scheduled__2025-10-28T00:00:00+00:00 [queued]>
[2025-11-01T20:24:04.567+0000] {taskinstance.py:2170} INFO - Starting attempt 1 of 2
[2025-11-01T20:24:04.582+0000] {taskinstance.py:2191} INFO - Executing <Task(PythonOperator): dbt_run_payments> on 2025-10-28 00:00:00+00:00
[2025-11-01T20:24:04.589+0000] {standard_task_runner.py:60} INFO - Started process 2312 to run task
[2025-11-01T20:24:04.593+0000] {standard_task_runner.py:87} INFO - Running: ['***', 'tasks', 'run', 'silver_transformation_pipeline', 'dbt_run_payments', 'scheduled__2025-10-28T00:00:00+00:00', '--job-id', '237', '--raw', '--subdir', 'DAGS_FOLDER/silver_dag.py', '--cfg-path', '/tmp/tmppajzjajw']
[2025-11-01T20:24:04.596+0000] {standard_task_runner.py:88} INFO - Job 237: Subtask dbt_run_payments
[2025-11-01T20:24:04.671+0000] {task_command.py:423} INFO - Running <TaskInstance: silver_transformation_pipeline.dbt_run_payments scheduled__2025-10-28T00:00:00+00:00 [running]> on host 6335aa85b335
[2025-11-01T20:24:04.810+0000] {taskinstance.py:2480} INFO - Exporting env vars: AIRFLOW_CTX_DAG_OWNER='***' AIRFLOW_CTX_DAG_ID='silver_transformation_pipeline' AIRFLOW_CTX_TASK_ID='dbt_run_payments' AIRFLOW_CTX_EXECUTION_DATE='2025-10-28T00:00:00+00:00' AIRFLOW_CTX_TRY_NUMBER='1' AIRFLOW_CTX_DAG_RUN_ID='scheduled__2025-10-28T00:00:00+00:00'
[2025-11-01T20:24:11.324+0000] {python.py:201} INFO - Done. Returned value was: None
[2025-11-01T20:24:11.342+0000] {taskinstance.py:1138} INFO - Marking task as SUCCESS. dag_id=silver_transformation_pipeline, task_id=dbt_run_payments, execution_date=20251028T000000, start_date=20251101T202404, end_date=20251101T202411
[2025-11-01T20:24:11.382+0000] {local_task_job_runner.py:234} INFO - Task exited with return code 0
[2025-11-01T20:24:11.406+0000] {taskinstance.py:3280} INFO - 0 downstream tasks scheduled from follow-on schedule check
[2025-11-02T01:39:24.402+0000] {taskinstance.py:1956} INFO - Dependencies all met for dep_context=non-requeueable deps ti=<TaskInstance: silver_transformation_pipeline.dbt_run_payments scheduled__2025-10-28T00:00:00+00:00 [queued]>
[2025-11-02T01:39:24.412+0000] {taskinstance.py:1956} INFO - Dependencies all met for dep_context=requeueable deps ti=<TaskInstance: silver_transformation_pipeline.dbt_run_payments scheduled__2025-10-28T00:00:00+00:00 [queued]>
[2025-11-02T01:39:24.413+0000] {taskinstance.py:2170} INFO - Starting attempt 1 of 2
[2025-11-02T01:39:24.431+0000] {taskinstance.py:2191} INFO - Executing <Task(PythonOperator): dbt_run_payments> on 2025-10-28 00:00:00+00:00
[2025-11-02T01:39:24.436+0000] {standard_task_runner.py:60} INFO - Started process 3436 to run task
[2025-11-02T01:39:24.443+0000] {standard_task_runner.py:87} INFO - Running: ['***', 'tasks', 'run', 'silver_transformation_pipeline', 'dbt_run_payments', 'scheduled__2025-10-28T00:00:00+00:00', '--job-id', '241', '--raw', '--subdir', 'DAGS_FOLDER/silver_dag.py', '--cfg-path', '/tmp/tmp3wm7st3t']
[2025-11-02T01:39:24.445+0000] {standard_task_runner.py:88} INFO - Job 241: Subtask dbt_run_payments
[2025-11-02T01:39:24.526+0000] {task_command.py:423} INFO - Running <TaskInstance: silver_transformation_pipeline.dbt_run_payments scheduled__2025-10-28T00:00:00+00:00 [running]> on host 3b0074fa0b5e
[2025-11-02T01:39:24.651+0000] {taskinstance.py:2480} INFO - Exporting env vars: AIRFLOW_CTX_DAG_OWNER='***' AIRFLOW_CTX_DAG_ID='silver_transformation_pipeline' AIRFLOW_CTX_TASK_ID='dbt_run_payments' AIRFLOW_CTX_EXECUTION_DATE='2025-10-28T00:00:00+00:00' AIRFLOW_CTX_TRY_NUMBER='1' AIRFLOW_CTX_DAG_RUN_ID='scheduled__2025-10-28T00:00:00+00:00'
[2025-11-02T01:39:31.515+0000] {python.py:201} INFO - Done. Returned value was: None
[2025-11-02T01:39:31.530+0000] {taskinstance.py:1138} INFO - Marking task as SUCCESS. dag_id=silver_transformation_pipeline, task_id=dbt_run_payments, execution_date=20251028T000000, start_date=20251102T013924, end_date=20251102T013931
[2025-11-02T01:39:31.585+0000] {local_task_job_runner.py:234} INFO - Task exited with return code 0
[2025-11-02T01:39:31.614+0000] {taskinstance.py:3280} INFO - 0 downstream tasks scheduled from follow-on schedule check
[2025-11-02T11:35:16.188+0000] {taskinstance.py:1956} INFO - Dependencies all met for dep_context=non-requeueable deps ti=<TaskInstance: silver_transformation_pipeline.dbt_run_payments scheduled__2025-10-28T00:00:00+00:00 [queued]>
[2025-11-02T11:35:16.202+0000] {taskinstance.py:1956} INFO - Dependencies all met for dep_context=requeueable deps ti=<TaskInstance: silver_transformation_pipeline.dbt_run_payments scheduled__2025-10-28T00:00:00+00:00 [queued]>
[2025-11-02T11:35:16.203+0000] {taskinstance.py:2170} INFO - Starting attempt 1 of 2
[2025-11-02T11:35:16.228+0000] {taskinstance.py:2191} INFO - Executing <Task(PythonOperator): dbt_run_payments> on 2025-10-28 00:00:00+00:00
[2025-11-02T11:35:16.237+0000] {standard_task_runner.py:60} INFO - Started process 3656 to run task
[2025-11-02T11:35:16.244+0000] {standard_task_runner.py:87} INFO - Running: ['***', 'tasks', 'run', 'silver_transformation_pipeline', 'dbt_run_payments', 'scheduled__2025-10-28T00:00:00+00:00', '--job-id', '251', '--raw', '--subdir', 'DAGS_FOLDER/silver_dag.py', '--cfg-path', '/tmp/tmp9kdqimy9']
[2025-11-02T11:35:16.248+0000] {standard_task_runner.py:88} INFO - Job 251: Subtask dbt_run_payments
[2025-11-02T11:35:16.383+0000] {task_command.py:423} INFO - Running <TaskInstance: silver_transformation_pipeline.dbt_run_payments scheduled__2025-10-28T00:00:00+00:00 [running]> on host 0d39d4365eb9
[2025-11-02T11:35:16.543+0000] {taskinstance.py:2480} INFO - Exporting env vars: AIRFLOW_CTX_DAG_OWNER='***' AIRFLOW_CTX_DAG_ID='silver_transformation_pipeline' AIRFLOW_CTX_TASK_ID='dbt_run_payments' AIRFLOW_CTX_EXECUTION_DATE='2025-10-28T00:00:00+00:00' AIRFLOW_CTX_TRY_NUMBER='1' AIRFLOW_CTX_DAG_RUN_ID='scheduled__2025-10-28T00:00:00+00:00'
[2025-11-02T11:35:25.088+0000] {python.py:201} INFO - Done. Returned value was: None
[2025-11-02T11:35:25.110+0000] {taskinstance.py:1138} INFO - Marking task as SUCCESS. dag_id=silver_transformation_pipeline, task_id=dbt_run_payments, execution_date=20251028T000000, start_date=20251102T113516, end_date=20251102T113525
[2025-11-02T11:35:25.159+0000] {local_task_job_runner.py:234} INFO - Task exited with return code 0
[2025-11-02T11:35:25.181+0000] {taskinstance.py:3280} INFO - 0 downstream tasks scheduled from follow-on schedule check
