[2025-11-01T20:24:03.664+0000] {taskinstance.py:1956} INFO - Dependencies all met for dep_context=non-requeueable deps ti=<TaskInstance: silver_transformation_pipeline.ensure_bronze_prereqs scheduled__2025-10-28T00:00:00+00:00 [queued]>
[2025-11-01T20:24:03.674+0000] {taskinstance.py:1956} INFO - Dependencies all met for dep_context=requeueable deps ti=<TaskInstance: silver_transformation_pipeline.ensure_bronze_prereqs scheduled__2025-10-28T00:00:00+00:00 [queued]>
[2025-11-01T20:24:03.675+0000] {taskinstance.py:2170} INFO - Starting attempt 1 of 2
[2025-11-01T20:24:03.693+0000] {taskinstance.py:2191} INFO - Executing <Task(PythonOperator): ensure_bronze_prereqs> on 2025-10-28 00:00:00+00:00
[2025-11-01T20:24:03.699+0000] {standard_task_runner.py:60} INFO - Started process 2306 to run task
[2025-11-01T20:24:03.702+0000] {standard_task_runner.py:87} INFO - Running: ['***', 'tasks', 'run', 'silver_transformation_pipeline', 'ensure_bronze_prereqs', 'scheduled__2025-10-28T00:00:00+00:00', '--job-id', '234', '--raw', '--subdir', 'DAGS_FOLDER/silver_dag.py', '--cfg-path', '/tmp/tmphcstn2y_']
[2025-11-01T20:24:03.705+0000] {standard_task_runner.py:88} INFO - Job 234: Subtask ensure_bronze_prereqs
[2025-11-01T20:24:03.784+0000] {task_command.py:423} INFO - Running <TaskInstance: silver_transformation_pipeline.ensure_bronze_prereqs scheduled__2025-10-28T00:00:00+00:00 [running]> on host 6335aa85b335
[2025-11-01T20:24:03.882+0000] {taskinstance.py:2480} INFO - Exporting env vars: AIRFLOW_CTX_DAG_OWNER='***' AIRFLOW_CTX_DAG_ID='silver_transformation_pipeline' AIRFLOW_CTX_TASK_ID='ensure_bronze_prereqs' AIRFLOW_CTX_EXECUTION_DATE='2025-10-28T00:00:00+00:00' AIRFLOW_CTX_TRY_NUMBER='1' AIRFLOW_CTX_DAG_RUN_ID='scheduled__2025-10-28T00:00:00+00:00'
[2025-11-01T20:24:03.885+0000] {crypto.py:82} WARNING - empty cryptography key - values will not be stored encrypted.
[2025-11-01T20:24:03.886+0000] {base.py:83} INFO - Using connection ID 'clickhouse_default' for task execution.
[2025-11-01T20:24:03.896+0000] {python.py:201} INFO - Done. Returned value was: None
[2025-11-01T20:24:03.909+0000] {taskinstance.py:1138} INFO - Marking task as SUCCESS. dag_id=silver_transformation_pipeline, task_id=ensure_bronze_prereqs, execution_date=20251028T000000, start_date=20251101T202403, end_date=20251101T202403
[2025-11-01T20:24:03.956+0000] {local_task_job_runner.py:234} INFO - Task exited with return code 0
[2025-11-01T20:24:03.983+0000] {taskinstance.py:3280} INFO - 3 downstream tasks scheduled from follow-on schedule check
[2025-11-02T01:39:22.710+0000] {taskinstance.py:1956} INFO - Dependencies all met for dep_context=non-requeueable deps ti=<TaskInstance: silver_transformation_pipeline.ensure_bronze_prereqs scheduled__2025-10-28T00:00:00+00:00 [queued]>
[2025-11-02T01:39:22.719+0000] {taskinstance.py:1956} INFO - Dependencies all met for dep_context=requeueable deps ti=<TaskInstance: silver_transformation_pipeline.ensure_bronze_prereqs scheduled__2025-10-28T00:00:00+00:00 [queued]>
[2025-11-02T01:39:22.720+0000] {taskinstance.py:2170} INFO - Starting attempt 1 of 2
[2025-11-02T01:39:22.735+0000] {taskinstance.py:2191} INFO - Executing <Task(PythonOperator): ensure_bronze_prereqs> on 2025-10-28 00:00:00+00:00
[2025-11-02T01:39:22.742+0000] {standard_task_runner.py:60} INFO - Started process 3425 to run task
[2025-11-02T01:39:22.746+0000] {standard_task_runner.py:87} INFO - Running: ['***', 'tasks', 'run', 'silver_transformation_pipeline', 'ensure_bronze_prereqs', 'scheduled__2025-10-28T00:00:00+00:00', '--job-id', '238', '--raw', '--subdir', 'DAGS_FOLDER/silver_dag.py', '--cfg-path', '/tmp/tmp1m3bobj2']
[2025-11-02T01:39:22.748+0000] {standard_task_runner.py:88} INFO - Job 238: Subtask ensure_bronze_prereqs
[2025-11-02T01:39:22.823+0000] {task_command.py:423} INFO - Running <TaskInstance: silver_transformation_pipeline.ensure_bronze_prereqs scheduled__2025-10-28T00:00:00+00:00 [running]> on host 3b0074fa0b5e
[2025-11-02T01:39:22.924+0000] {taskinstance.py:2480} INFO - Exporting env vars: AIRFLOW_CTX_DAG_OWNER='***' AIRFLOW_CTX_DAG_ID='silver_transformation_pipeline' AIRFLOW_CTX_TASK_ID='ensure_bronze_prereqs' AIRFLOW_CTX_EXECUTION_DATE='2025-10-28T00:00:00+00:00' AIRFLOW_CTX_TRY_NUMBER='1' AIRFLOW_CTX_DAG_RUN_ID='scheduled__2025-10-28T00:00:00+00:00'
[2025-11-02T01:39:22.928+0000] {crypto.py:82} WARNING - empty cryptography key - values will not be stored encrypted.
[2025-11-02T01:39:22.929+0000] {base.py:83} INFO - Using connection ID 'clickhouse_default' for task execution.
[2025-11-02T01:39:22.938+0000] {python.py:201} INFO - Done. Returned value was: None
[2025-11-02T01:39:22.952+0000] {taskinstance.py:1138} INFO - Marking task as SUCCESS. dag_id=silver_transformation_pipeline, task_id=ensure_bronze_prereqs, execution_date=20251028T000000, start_date=20251102T013922, end_date=20251102T013922
[2025-11-02T01:39:23.000+0000] {local_task_job_runner.py:234} INFO - Task exited with return code 0
[2025-11-02T01:39:23.027+0000] {taskinstance.py:3280} INFO - 3 downstream tasks scheduled from follow-on schedule check
[2025-11-02T11:35:15.016+0000] {taskinstance.py:1956} INFO - Dependencies all met for dep_context=non-requeueable deps ti=<TaskInstance: silver_transformation_pipeline.ensure_bronze_prereqs scheduled__2025-10-28T00:00:00+00:00 [queued]>
[2025-11-02T11:35:15.029+0000] {taskinstance.py:1956} INFO - Dependencies all met for dep_context=requeueable deps ti=<TaskInstance: silver_transformation_pipeline.ensure_bronze_prereqs scheduled__2025-10-28T00:00:00+00:00 [queued]>
[2025-11-02T11:35:15.030+0000] {taskinstance.py:2170} INFO - Starting attempt 1 of 2
[2025-11-02T11:35:15.048+0000] {taskinstance.py:2191} INFO - Executing <Task(PythonOperator): ensure_bronze_prereqs> on 2025-10-28 00:00:00+00:00
[2025-11-02T11:35:15.054+0000] {standard_task_runner.py:60} INFO - Started process 3652 to run task
[2025-11-02T11:35:15.061+0000] {standard_task_runner.py:87} INFO - Running: ['***', 'tasks', 'run', 'silver_transformation_pipeline', 'ensure_bronze_prereqs', 'scheduled__2025-10-28T00:00:00+00:00', '--job-id', '250', '--raw', '--subdir', 'DAGS_FOLDER/silver_dag.py', '--cfg-path', '/tmp/tmpn25qm0xo']
[2025-11-02T11:35:15.064+0000] {standard_task_runner.py:88} INFO - Job 250: Subtask ensure_bronze_prereqs
[2025-11-02T11:35:15.161+0000] {task_command.py:423} INFO - Running <TaskInstance: silver_transformation_pipeline.ensure_bronze_prereqs scheduled__2025-10-28T00:00:00+00:00 [running]> on host 0d39d4365eb9
[2025-11-02T11:35:15.282+0000] {taskinstance.py:2480} INFO - Exporting env vars: AIRFLOW_CTX_DAG_OWNER='***' AIRFLOW_CTX_DAG_ID='silver_transformation_pipeline' AIRFLOW_CTX_TASK_ID='ensure_bronze_prereqs' AIRFLOW_CTX_EXECUTION_DATE='2025-10-28T00:00:00+00:00' AIRFLOW_CTX_TRY_NUMBER='1' AIRFLOW_CTX_DAG_RUN_ID='scheduled__2025-10-28T00:00:00+00:00'
[2025-11-02T11:35:15.286+0000] {crypto.py:82} WARNING - empty cryptography key - values will not be stored encrypted.
[2025-11-02T11:35:15.287+0000] {base.py:83} INFO - Using connection ID 'clickhouse_default' for task execution.
[2025-11-02T11:35:15.297+0000] {python.py:201} INFO - Done. Returned value was: None
[2025-11-02T11:35:15.311+0000] {taskinstance.py:1138} INFO - Marking task as SUCCESS. dag_id=silver_transformation_pipeline, task_id=ensure_bronze_prereqs, execution_date=20251028T000000, start_date=20251102T113515, end_date=20251102T113515
[2025-11-02T11:35:15.354+0000] {local_task_job_runner.py:234} INFO - Task exited with return code 0
[2025-11-02T11:35:15.382+0000] {taskinstance.py:3280} INFO - 3 downstream tasks scheduled from follow-on schedule check
