[2025-11-01T20:23:13.936+0000] {taskinstance.py:1956} INFO - Dependencies all met for dep_context=non-requeueable deps ti=<TaskInstance: silver_transformation_pipeline.dbt_run_linktx scheduled__2025-10-23T00:00:00+00:00 [queued]>
[2025-11-01T20:23:13.952+0000] {taskinstance.py:1956} INFO - Dependencies all met for dep_context=requeueable deps ti=<TaskInstance: silver_transformation_pipeline.dbt_run_linktx scheduled__2025-10-23T00:00:00+00:00 [queued]>
[2025-11-01T20:23:13.953+0000] {taskinstance.py:2170} INFO - Starting attempt 1 of 2
[2025-11-01T20:23:13.983+0000] {taskinstance.py:2191} INFO - Executing <Task(PythonOperator): dbt_run_linktx> on 2025-10-23 00:00:00+00:00
[2025-11-01T20:23:13.995+0000] {standard_task_runner.py:60} INFO - Started process 2047 to run task
[2025-11-01T20:23:14.001+0000] {standard_task_runner.py:87} INFO - Running: ['***', 'tasks', 'run', 'silver_transformation_pipeline', 'dbt_run_linktx', 'scheduled__2025-10-23T00:00:00+00:00', '--job-id', '217', '--raw', '--subdir', 'DAGS_FOLDER/silver_dag.py', '--cfg-path', '/tmp/tmppapsjbnh']
[2025-11-01T20:23:14.008+0000] {standard_task_runner.py:88} INFO - Job 217: Subtask dbt_run_linktx
[2025-11-01T20:23:14.154+0000] {task_command.py:423} INFO - Running <TaskInstance: silver_transformation_pipeline.dbt_run_linktx scheduled__2025-10-23T00:00:00+00:00 [running]> on host 6335aa85b335
[2025-11-01T20:23:14.331+0000] {taskinstance.py:2480} INFO - Exporting env vars: AIRFLOW_CTX_DAG_OWNER='***' AIRFLOW_CTX_DAG_ID='silver_transformation_pipeline' AIRFLOW_CTX_TASK_ID='dbt_run_linktx' AIRFLOW_CTX_EXECUTION_DATE='2025-10-23T00:00:00+00:00' AIRFLOW_CTX_TRY_NUMBER='1' AIRFLOW_CTX_DAG_RUN_ID='scheduled__2025-10-23T00:00:00+00:00'
[2025-11-01T20:23:21.711+0000] {python.py:201} INFO - Done. Returned value was: None
[2025-11-01T20:23:21.733+0000] {taskinstance.py:1138} INFO - Marking task as SUCCESS. dag_id=silver_transformation_pipeline, task_id=dbt_run_linktx, execution_date=20251023T000000, start_date=20251101T202313, end_date=20251101T202321
[2025-11-01T20:23:21.801+0000] {local_task_job_runner.py:234} INFO - Task exited with return code 0
[2025-11-01T20:23:21.828+0000] {taskinstance.py:3280} INFO - 0 downstream tasks scheduled from follow-on schedule check
[2025-11-02T01:38:32.095+0000] {taskinstance.py:1956} INFO - Dependencies all met for dep_context=non-requeueable deps ti=<TaskInstance: silver_transformation_pipeline.dbt_run_linktx scheduled__2025-10-23T00:00:00+00:00 [queued]>
[2025-11-02T01:38:32.115+0000] {taskinstance.py:1956} INFO - Dependencies all met for dep_context=requeueable deps ti=<TaskInstance: silver_transformation_pipeline.dbt_run_linktx scheduled__2025-10-23T00:00:00+00:00 [queued]>
[2025-11-02T01:38:32.116+0000] {taskinstance.py:2170} INFO - Starting attempt 1 of 2
[2025-11-02T01:38:32.137+0000] {taskinstance.py:2191} INFO - Executing <Task(PythonOperator): dbt_run_linktx> on 2025-10-23 00:00:00+00:00
[2025-11-02T01:38:32.147+0000] {standard_task_runner.py:60} INFO - Started process 3066 to run task
[2025-11-02T01:38:32.151+0000] {standard_task_runner.py:87} INFO - Running: ['***', 'tasks', 'run', 'silver_transformation_pipeline', 'dbt_run_linktx', 'scheduled__2025-10-23T00:00:00+00:00', '--job-id', '221', '--raw', '--subdir', 'DAGS_FOLDER/silver_dag.py', '--cfg-path', '/tmp/tmp1ewuvzjd']
[2025-11-02T01:38:32.154+0000] {standard_task_runner.py:88} INFO - Job 221: Subtask dbt_run_linktx
[2025-11-02T01:38:32.243+0000] {task_command.py:423} INFO - Running <TaskInstance: silver_transformation_pipeline.dbt_run_linktx scheduled__2025-10-23T00:00:00+00:00 [running]> on host 3b0074fa0b5e
[2025-11-02T01:38:32.354+0000] {taskinstance.py:2480} INFO - Exporting env vars: AIRFLOW_CTX_DAG_OWNER='***' AIRFLOW_CTX_DAG_ID='silver_transformation_pipeline' AIRFLOW_CTX_TASK_ID='dbt_run_linktx' AIRFLOW_CTX_EXECUTION_DATE='2025-10-23T00:00:00+00:00' AIRFLOW_CTX_TRY_NUMBER='1' AIRFLOW_CTX_DAG_RUN_ID='scheduled__2025-10-23T00:00:00+00:00'
[2025-11-02T01:38:39.251+0000] {python.py:201} INFO - Done. Returned value was: None
[2025-11-02T01:38:39.266+0000] {taskinstance.py:1138} INFO - Marking task as SUCCESS. dag_id=silver_transformation_pipeline, task_id=dbt_run_linktx, execution_date=20251023T000000, start_date=20251102T013832, end_date=20251102T013839
[2025-11-02T01:38:39.326+0000] {local_task_job_runner.py:234} INFO - Task exited with return code 0
[2025-11-02T01:38:39.348+0000] {taskinstance.py:3280} INFO - 0 downstream tasks scheduled from follow-on schedule check
[2025-11-02T11:34:13.430+0000] {taskinstance.py:1956} INFO - Dependencies all met for dep_context=non-requeueable deps ti=<TaskInstance: silver_transformation_pipeline.dbt_run_linktx scheduled__2025-10-23T00:00:00+00:00 [queued]>
[2025-11-02T11:34:13.442+0000] {taskinstance.py:1956} INFO - Dependencies all met for dep_context=requeueable deps ti=<TaskInstance: silver_transformation_pipeline.dbt_run_linktx scheduled__2025-10-23T00:00:00+00:00 [queued]>
[2025-11-02T11:34:13.443+0000] {taskinstance.py:2170} INFO - Starting attempt 1 of 2
[2025-11-02T11:34:13.462+0000] {taskinstance.py:2191} INFO - Executing <Task(PythonOperator): dbt_run_linktx> on 2025-10-23 00:00:00+00:00
[2025-11-02T11:34:13.469+0000] {standard_task_runner.py:60} INFO - Started process 3241 to run task
[2025-11-02T11:34:13.473+0000] {standard_task_runner.py:87} INFO - Running: ['***', 'tasks', 'run', 'silver_transformation_pipeline', 'dbt_run_linktx', 'scheduled__2025-10-23T00:00:00+00:00', '--job-id', '231', '--raw', '--subdir', 'DAGS_FOLDER/silver_dag.py', '--cfg-path', '/tmp/tmp8q55_gne']
[2025-11-02T11:34:13.477+0000] {standard_task_runner.py:88} INFO - Job 231: Subtask dbt_run_linktx
[2025-11-02T11:34:13.576+0000] {task_command.py:423} INFO - Running <TaskInstance: silver_transformation_pipeline.dbt_run_linktx scheduled__2025-10-23T00:00:00+00:00 [running]> on host 0d39d4365eb9
[2025-11-02T11:34:13.691+0000] {taskinstance.py:2480} INFO - Exporting env vars: AIRFLOW_CTX_DAG_OWNER='***' AIRFLOW_CTX_DAG_ID='silver_transformation_pipeline' AIRFLOW_CTX_TASK_ID='dbt_run_linktx' AIRFLOW_CTX_EXECUTION_DATE='2025-10-23T00:00:00+00:00' AIRFLOW_CTX_TRY_NUMBER='1' AIRFLOW_CTX_DAG_RUN_ID='scheduled__2025-10-23T00:00:00+00:00'
[2025-11-02T11:34:22.304+0000] {python.py:201} INFO - Done. Returned value was: None
[2025-11-02T11:34:22.326+0000] {taskinstance.py:1138} INFO - Marking task as SUCCESS. dag_id=silver_transformation_pipeline, task_id=dbt_run_linktx, execution_date=20251023T000000, start_date=20251102T113413, end_date=20251102T113422
[2025-11-02T11:34:22.365+0000] {local_task_job_runner.py:234} INFO - Task exited with return code 0
[2025-11-02T11:34:22.392+0000] {taskinstance.py:3280} INFO - 0 downstream tasks scheduled from follow-on schedule check
