[2025-11-01T20:22:45.248+0000] {taskinstance.py:1956} INFO - Dependencies all met for dep_context=non-requeueable deps ti=<TaskInstance: silver_transformation_pipeline.dbt_run_linktx scheduled__2025-10-20T00:00:00+00:00 [queued]>
[2025-11-01T20:22:45.264+0000] {taskinstance.py:1956} INFO - Dependencies all met for dep_context=requeueable deps ti=<TaskInstance: silver_transformation_pipeline.dbt_run_linktx scheduled__2025-10-20T00:00:00+00:00 [queued]>
[2025-11-01T20:22:45.264+0000] {taskinstance.py:2170} INFO - Starting attempt 1 of 2
[2025-11-01T20:22:45.281+0000] {taskinstance.py:2191} INFO - Executing <Task(PythonOperator): dbt_run_linktx> on 2025-10-20 00:00:00+00:00
[2025-11-01T20:22:45.292+0000] {standard_task_runner.py:60} INFO - Started process 1903 to run task
[2025-11-01T20:22:45.295+0000] {standard_task_runner.py:87} INFO - Running: ['***', 'tasks', 'run', 'silver_transformation_pipeline', 'dbt_run_linktx', 'scheduled__2025-10-20T00:00:00+00:00', '--job-id', '205', '--raw', '--subdir', 'DAGS_FOLDER/silver_dag.py', '--cfg-path', '/tmp/tmpcuwztdg4']
[2025-11-01T20:22:45.300+0000] {standard_task_runner.py:88} INFO - Job 205: Subtask dbt_run_linktx
[2025-11-01T20:22:45.381+0000] {task_command.py:423} INFO - Running <TaskInstance: silver_transformation_pipeline.dbt_run_linktx scheduled__2025-10-20T00:00:00+00:00 [running]> on host 6335aa85b335
[2025-11-01T20:22:45.481+0000] {taskinstance.py:2480} INFO - Exporting env vars: AIRFLOW_CTX_DAG_OWNER='***' AIRFLOW_CTX_DAG_ID='silver_transformation_pipeline' AIRFLOW_CTX_TASK_ID='dbt_run_linktx' AIRFLOW_CTX_EXECUTION_DATE='2025-10-20T00:00:00+00:00' AIRFLOW_CTX_TRY_NUMBER='1' AIRFLOW_CTX_DAG_RUN_ID='scheduled__2025-10-20T00:00:00+00:00'
[2025-11-01T20:22:51.952+0000] {python.py:201} INFO - Done. Returned value was: None
[2025-11-01T20:22:51.967+0000] {taskinstance.py:1138} INFO - Marking task as SUCCESS. dag_id=silver_transformation_pipeline, task_id=dbt_run_linktx, execution_date=20251020T000000, start_date=20251101T202245, end_date=20251101T202251
[2025-11-01T20:22:51.999+0000] {local_task_job_runner.py:234} INFO - Task exited with return code 0
[2025-11-01T20:22:52.024+0000] {taskinstance.py:3280} INFO - 0 downstream tasks scheduled from follow-on schedule check
[2025-11-02T01:38:01.632+0000] {taskinstance.py:1956} INFO - Dependencies all met for dep_context=non-requeueable deps ti=<TaskInstance: silver_transformation_pipeline.dbt_run_linktx scheduled__2025-10-20T00:00:00+00:00 [queued]>
[2025-11-02T01:38:01.644+0000] {taskinstance.py:1956} INFO - Dependencies all met for dep_context=requeueable deps ti=<TaskInstance: silver_transformation_pipeline.dbt_run_linktx scheduled__2025-10-20T00:00:00+00:00 [queued]>
[2025-11-02T01:38:01.645+0000] {taskinstance.py:2170} INFO - Starting attempt 1 of 2
[2025-11-02T01:38:01.662+0000] {taskinstance.py:2191} INFO - Executing <Task(PythonOperator): dbt_run_linktx> on 2025-10-20 00:00:00+00:00
[2025-11-02T01:38:01.671+0000] {standard_task_runner.py:60} INFO - Started process 2835 to run task
[2025-11-02T01:38:01.676+0000] {standard_task_runner.py:87} INFO - Running: ['***', 'tasks', 'run', 'silver_transformation_pipeline', 'dbt_run_linktx', 'scheduled__2025-10-20T00:00:00+00:00', '--job-id', '209', '--raw', '--subdir', 'DAGS_FOLDER/silver_dag.py', '--cfg-path', '/tmp/tmpie2ktf88']
[2025-11-02T01:38:01.681+0000] {standard_task_runner.py:88} INFO - Job 209: Subtask dbt_run_linktx
[2025-11-02T01:38:01.779+0000] {task_command.py:423} INFO - Running <TaskInstance: silver_transformation_pipeline.dbt_run_linktx scheduled__2025-10-20T00:00:00+00:00 [running]> on host 3b0074fa0b5e
[2025-11-02T01:38:01.908+0000] {taskinstance.py:2480} INFO - Exporting env vars: AIRFLOW_CTX_DAG_OWNER='***' AIRFLOW_CTX_DAG_ID='silver_transformation_pipeline' AIRFLOW_CTX_TASK_ID='dbt_run_linktx' AIRFLOW_CTX_EXECUTION_DATE='2025-10-20T00:00:00+00:00' AIRFLOW_CTX_TRY_NUMBER='1' AIRFLOW_CTX_DAG_RUN_ID='scheduled__2025-10-20T00:00:00+00:00'
[2025-11-02T01:38:09.396+0000] {python.py:201} INFO - Done. Returned value was: None
[2025-11-02T01:38:09.410+0000] {taskinstance.py:1138} INFO - Marking task as SUCCESS. dag_id=silver_transformation_pipeline, task_id=dbt_run_linktx, execution_date=20251020T000000, start_date=20251102T013801, end_date=20251102T013809
[2025-11-02T01:38:09.467+0000] {local_task_job_runner.py:234} INFO - Task exited with return code 0
[2025-11-02T01:38:09.489+0000] {taskinstance.py:3280} INFO - 0 downstream tasks scheduled from follow-on schedule check
[2025-11-02T11:33:35.120+0000] {taskinstance.py:1956} INFO - Dependencies all met for dep_context=non-requeueable deps ti=<TaskInstance: silver_transformation_pipeline.dbt_run_linktx scheduled__2025-10-20T00:00:00+00:00 [queued]>
[2025-11-02T11:33:35.132+0000] {taskinstance.py:1956} INFO - Dependencies all met for dep_context=requeueable deps ti=<TaskInstance: silver_transformation_pipeline.dbt_run_linktx scheduled__2025-10-20T00:00:00+00:00 [queued]>
[2025-11-02T11:33:35.133+0000] {taskinstance.py:2170} INFO - Starting attempt 1 of 2
[2025-11-02T11:33:35.151+0000] {taskinstance.py:2191} INFO - Executing <Task(PythonOperator): dbt_run_linktx> on 2025-10-20 00:00:00+00:00
[2025-11-02T11:33:35.159+0000] {standard_task_runner.py:60} INFO - Started process 2983 to run task
[2025-11-02T11:33:35.163+0000] {standard_task_runner.py:87} INFO - Running: ['***', 'tasks', 'run', 'silver_transformation_pipeline', 'dbt_run_linktx', 'scheduled__2025-10-20T00:00:00+00:00', '--job-id', '220', '--raw', '--subdir', 'DAGS_FOLDER/silver_dag.py', '--cfg-path', '/tmp/tmppoe446pw']
[2025-11-02T11:33:35.166+0000] {standard_task_runner.py:88} INFO - Job 220: Subtask dbt_run_linktx
[2025-11-02T11:33:35.262+0000] {task_command.py:423} INFO - Running <TaskInstance: silver_transformation_pipeline.dbt_run_linktx scheduled__2025-10-20T00:00:00+00:00 [running]> on host 0d39d4365eb9
[2025-11-02T11:33:35.378+0000] {taskinstance.py:2480} INFO - Exporting env vars: AIRFLOW_CTX_DAG_OWNER='***' AIRFLOW_CTX_DAG_ID='silver_transformation_pipeline' AIRFLOW_CTX_TASK_ID='dbt_run_linktx' AIRFLOW_CTX_EXECUTION_DATE='2025-10-20T00:00:00+00:00' AIRFLOW_CTX_TRY_NUMBER='1' AIRFLOW_CTX_DAG_RUN_ID='scheduled__2025-10-20T00:00:00+00:00'
[2025-11-02T11:33:44.661+0000] {python.py:201} INFO - Done. Returned value was: None
[2025-11-02T11:33:44.686+0000] {taskinstance.py:1138} INFO - Marking task as SUCCESS. dag_id=silver_transformation_pipeline, task_id=dbt_run_linktx, execution_date=20251020T000000, start_date=20251102T113335, end_date=20251102T113344
[2025-11-02T11:33:44.740+0000] {local_task_job_runner.py:234} INFO - Task exited with return code 0
[2025-11-02T11:33:44.783+0000] {taskinstance.py:3280} INFO - 0 downstream tasks scheduled from follow-on schedule check
