[2025-11-06T18:27:19.139+0000] {processor.py:161} INFO - Started process (PID=44747) to work on /opt/airflow/dags/gold_dag.py
[2025-11-06T18:27:19.144+0000] {processor.py:830} INFO - Processing file /opt/airflow/dags/gold_dag.py for tasks to queue
[2025-11-06T18:27:19.175+0000] {logging_mixin.py:188} INFO - [2025-11-06T18:27:19.174+0000] {dagbag.py:538} INFO - Filling up the DagBag from /opt/airflow/dags/gold_dag.py
[2025-11-06T18:27:19.732+0000] {processor.py:840} INFO - DAG(s) 'gold_layer_pipeline' retrieved from /opt/airflow/dags/gold_dag.py
[2025-11-06T18:27:20.063+0000] {logging_mixin.py:188} INFO - [2025-11-06T18:27:20.051+0000] {dag.py:3036} INFO - Sync 1 DAGs
[2025-11-06T18:27:20.500+0000] {processor.py:183} INFO - Processing /opt/airflow/dags/gold_dag.py took 1.370 seconds
[2025-11-06T18:27:51.507+0000] {processor.py:161} INFO - Started process (PID=44810) to work on /opt/airflow/dags/gold_dag.py
[2025-11-06T18:27:51.515+0000] {processor.py:830} INFO - Processing file /opt/airflow/dags/gold_dag.py for tasks to queue
[2025-11-06T18:27:51.518+0000] {logging_mixin.py:188} INFO - [2025-11-06T18:27:51.517+0000] {dagbag.py:538} INFO - Filling up the DagBag from /opt/airflow/dags/gold_dag.py
[2025-11-06T18:27:51.610+0000] {processor.py:840} INFO - DAG(s) 'gold_layer_pipeline' retrieved from /opt/airflow/dags/gold_dag.py
[2025-11-06T18:27:51.812+0000] {logging_mixin.py:188} INFO - [2025-11-06T18:27:51.811+0000] {dag.py:3036} INFO - Sync 1 DAGs
[2025-11-06T18:27:52.058+0000] {processor.py:183} INFO - Processing /opt/airflow/dags/gold_dag.py took 0.559 seconds
[2025-11-06T18:28:22.584+0000] {processor.py:161} INFO - Started process (PID=44899) to work on /opt/airflow/dags/gold_dag.py
[2025-11-06T18:28:22.600+0000] {processor.py:830} INFO - Processing file /opt/airflow/dags/gold_dag.py for tasks to queue
[2025-11-06T18:28:22.604+0000] {logging_mixin.py:188} INFO - [2025-11-06T18:28:22.603+0000] {dagbag.py:538} INFO - Filling up the DagBag from /opt/airflow/dags/gold_dag.py
[2025-11-06T18:28:22.742+0000] {processor.py:840} INFO - DAG(s) 'gold_layer_pipeline' retrieved from /opt/airflow/dags/gold_dag.py
[2025-11-06T18:28:22.888+0000] {logging_mixin.py:188} INFO - [2025-11-06T18:28:22.887+0000] {dag.py:3036} INFO - Sync 1 DAGs
[2025-11-06T18:28:23.085+0000] {processor.py:183} INFO - Processing /opt/airflow/dags/gold_dag.py took 0.514 seconds
[2025-11-06T18:28:53.417+0000] {processor.py:161} INFO - Started process (PID=44934) to work on /opt/airflow/dags/gold_dag.py
[2025-11-06T18:28:53.420+0000] {processor.py:830} INFO - Processing file /opt/airflow/dags/gold_dag.py for tasks to queue
[2025-11-06T18:28:53.423+0000] {logging_mixin.py:188} INFO - [2025-11-06T18:28:53.422+0000] {dagbag.py:538} INFO - Filling up the DagBag from /opt/airflow/dags/gold_dag.py
[2025-11-06T18:28:53.477+0000] {processor.py:840} INFO - DAG(s) 'gold_layer_pipeline' retrieved from /opt/airflow/dags/gold_dag.py
[2025-11-06T18:28:53.559+0000] {logging_mixin.py:188} INFO - [2025-11-06T18:28:53.558+0000] {dag.py:3036} INFO - Sync 1 DAGs
[2025-11-06T18:28:53.642+0000] {processor.py:183} INFO - Processing /opt/airflow/dags/gold_dag.py took 0.233 seconds
[2025-11-06T18:29:23.799+0000] {processor.py:161} INFO - Started process (PID=44969) to work on /opt/airflow/dags/gold_dag.py
[2025-11-06T18:29:23.802+0000] {processor.py:830} INFO - Processing file /opt/airflow/dags/gold_dag.py for tasks to queue
[2025-11-06T18:29:23.803+0000] {logging_mixin.py:188} INFO - [2025-11-06T18:29:23.803+0000] {dagbag.py:538} INFO - Filling up the DagBag from /opt/airflow/dags/gold_dag.py
[2025-11-06T18:29:23.845+0000] {processor.py:840} INFO - DAG(s) 'gold_layer_pipeline' retrieved from /opt/airflow/dags/gold_dag.py
[2025-11-06T18:29:23.890+0000] {logging_mixin.py:188} INFO - [2025-11-06T18:29:23.890+0000] {dag.py:3036} INFO - Sync 1 DAGs
[2025-11-06T18:29:23.960+0000] {processor.py:183} INFO - Processing /opt/airflow/dags/gold_dag.py took 0.166 seconds
[2025-11-06T18:29:54.131+0000] {processor.py:161} INFO - Started process (PID=45004) to work on /opt/airflow/dags/gold_dag.py
[2025-11-06T18:29:54.133+0000] {processor.py:830} INFO - Processing file /opt/airflow/dags/gold_dag.py for tasks to queue
[2025-11-06T18:29:54.135+0000] {logging_mixin.py:188} INFO - [2025-11-06T18:29:54.135+0000] {dagbag.py:538} INFO - Filling up the DagBag from /opt/airflow/dags/gold_dag.py
[2025-11-06T18:29:54.175+0000] {processor.py:840} INFO - DAG(s) 'gold_layer_pipeline' retrieved from /opt/airflow/dags/gold_dag.py
[2025-11-06T18:29:54.228+0000] {logging_mixin.py:188} INFO - [2025-11-06T18:29:54.228+0000] {dag.py:3036} INFO - Sync 1 DAGs
[2025-11-06T18:29:54.293+0000] {processor.py:183} INFO - Processing /opt/airflow/dags/gold_dag.py took 0.170 seconds
[2025-11-06T18:30:24.411+0000] {processor.py:161} INFO - Started process (PID=45039) to work on /opt/airflow/dags/gold_dag.py
[2025-11-06T18:30:24.413+0000] {processor.py:830} INFO - Processing file /opt/airflow/dags/gold_dag.py for tasks to queue
[2025-11-06T18:30:24.414+0000] {logging_mixin.py:188} INFO - [2025-11-06T18:30:24.413+0000] {dagbag.py:538} INFO - Filling up the DagBag from /opt/airflow/dags/gold_dag.py
[2025-11-06T18:30:24.445+0000] {processor.py:840} INFO - DAG(s) 'gold_layer_pipeline' retrieved from /opt/airflow/dags/gold_dag.py
[2025-11-06T18:30:24.494+0000] {logging_mixin.py:188} INFO - [2025-11-06T18:30:24.493+0000] {dag.py:3036} INFO - Sync 1 DAGs
[2025-11-06T18:30:24.569+0000] {processor.py:183} INFO - Processing /opt/airflow/dags/gold_dag.py took 0.163 seconds
[2025-11-06T18:30:55.058+0000] {processor.py:161} INFO - Started process (PID=45074) to work on /opt/airflow/dags/gold_dag.py
[2025-11-06T18:30:55.060+0000] {processor.py:830} INFO - Processing file /opt/airflow/dags/gold_dag.py for tasks to queue
[2025-11-06T18:30:55.062+0000] {logging_mixin.py:188} INFO - [2025-11-06T18:30:55.062+0000] {dagbag.py:538} INFO - Filling up the DagBag from /opt/airflow/dags/gold_dag.py
[2025-11-06T18:30:55.107+0000] {processor.py:840} INFO - DAG(s) 'gold_layer_pipeline' retrieved from /opt/airflow/dags/gold_dag.py
[2025-11-06T18:30:55.148+0000] {logging_mixin.py:188} INFO - [2025-11-06T18:30:55.148+0000] {dag.py:3036} INFO - Sync 1 DAGs
[2025-11-06T18:30:55.195+0000] {processor.py:183} INFO - Processing /opt/airflow/dags/gold_dag.py took 0.141 seconds
[2025-11-06T18:31:25.668+0000] {processor.py:161} INFO - Started process (PID=45109) to work on /opt/airflow/dags/gold_dag.py
[2025-11-06T18:31:25.670+0000] {processor.py:830} INFO - Processing file /opt/airflow/dags/gold_dag.py for tasks to queue
[2025-11-06T18:31:25.672+0000] {logging_mixin.py:188} INFO - [2025-11-06T18:31:25.672+0000] {dagbag.py:538} INFO - Filling up the DagBag from /opt/airflow/dags/gold_dag.py
[2025-11-06T18:31:25.716+0000] {processor.py:840} INFO - DAG(s) 'gold_layer_pipeline' retrieved from /opt/airflow/dags/gold_dag.py
[2025-11-06T18:31:25.760+0000] {logging_mixin.py:188} INFO - [2025-11-06T18:31:25.760+0000] {dag.py:3036} INFO - Sync 1 DAGs
[2025-11-06T18:31:25.815+0000] {processor.py:183} INFO - Processing /opt/airflow/dags/gold_dag.py took 0.151 seconds
[2025-11-06T18:31:56.110+0000] {processor.py:161} INFO - Started process (PID=45144) to work on /opt/airflow/dags/gold_dag.py
[2025-11-06T18:31:56.112+0000] {processor.py:830} INFO - Processing file /opt/airflow/dags/gold_dag.py for tasks to queue
[2025-11-06T18:31:56.114+0000] {logging_mixin.py:188} INFO - [2025-11-06T18:31:56.113+0000] {dagbag.py:538} INFO - Filling up the DagBag from /opt/airflow/dags/gold_dag.py
[2025-11-06T18:31:56.154+0000] {processor.py:840} INFO - DAG(s) 'gold_layer_pipeline' retrieved from /opt/airflow/dags/gold_dag.py
[2025-11-06T18:31:56.197+0000] {logging_mixin.py:188} INFO - [2025-11-06T18:31:56.197+0000] {dag.py:3036} INFO - Sync 1 DAGs
[2025-11-06T18:31:56.248+0000] {processor.py:183} INFO - Processing /opt/airflow/dags/gold_dag.py took 0.145 seconds
[2025-11-06T18:32:26.978+0000] {processor.py:161} INFO - Started process (PID=45179) to work on /opt/airflow/dags/gold_dag.py
[2025-11-06T18:32:26.980+0000] {processor.py:830} INFO - Processing file /opt/airflow/dags/gold_dag.py for tasks to queue
[2025-11-06T18:32:26.983+0000] {logging_mixin.py:188} INFO - [2025-11-06T18:32:26.982+0000] {dagbag.py:538} INFO - Filling up the DagBag from /opt/airflow/dags/gold_dag.py
[2025-11-06T18:32:27.026+0000] {processor.py:840} INFO - DAG(s) 'gold_layer_pipeline' retrieved from /opt/airflow/dags/gold_dag.py
[2025-11-06T18:32:27.063+0000] {logging_mixin.py:188} INFO - [2025-11-06T18:32:27.063+0000] {dag.py:3036} INFO - Sync 1 DAGs
[2025-11-06T18:32:27.115+0000] {processor.py:183} INFO - Processing /opt/airflow/dags/gold_dag.py took 0.147 seconds
[2025-11-06T18:32:57.404+0000] {processor.py:161} INFO - Started process (PID=45214) to work on /opt/airflow/dags/gold_dag.py
[2025-11-06T18:32:57.407+0000] {processor.py:830} INFO - Processing file /opt/airflow/dags/gold_dag.py for tasks to queue
[2025-11-06T18:32:57.409+0000] {logging_mixin.py:188} INFO - [2025-11-06T18:32:57.408+0000] {dagbag.py:538} INFO - Filling up the DagBag from /opt/airflow/dags/gold_dag.py
[2025-11-06T18:32:57.456+0000] {processor.py:840} INFO - DAG(s) 'gold_layer_pipeline' retrieved from /opt/airflow/dags/gold_dag.py
[2025-11-06T18:32:57.497+0000] {logging_mixin.py:188} INFO - [2025-11-06T18:32:57.496+0000] {dag.py:3036} INFO - Sync 1 DAGs
[2025-11-06T18:32:57.559+0000] {processor.py:183} INFO - Processing /opt/airflow/dags/gold_dag.py took 0.162 seconds
[2025-11-06T18:33:27.859+0000] {processor.py:161} INFO - Started process (PID=45249) to work on /opt/airflow/dags/gold_dag.py
[2025-11-06T18:33:27.861+0000] {processor.py:830} INFO - Processing file /opt/airflow/dags/gold_dag.py for tasks to queue
[2025-11-06T18:33:27.864+0000] {logging_mixin.py:188} INFO - [2025-11-06T18:33:27.863+0000] {dagbag.py:538} INFO - Filling up the DagBag from /opt/airflow/dags/gold_dag.py
[2025-11-06T18:33:27.898+0000] {processor.py:840} INFO - DAG(s) 'gold_layer_pipeline' retrieved from /opt/airflow/dags/gold_dag.py
[2025-11-06T18:33:27.948+0000] {logging_mixin.py:188} INFO - [2025-11-06T18:33:27.947+0000] {dag.py:3036} INFO - Sync 1 DAGs
[2025-11-06T18:33:28.009+0000] {processor.py:183} INFO - Processing /opt/airflow/dags/gold_dag.py took 0.155 seconds
[2025-11-06T18:33:58.334+0000] {processor.py:161} INFO - Started process (PID=45284) to work on /opt/airflow/dags/gold_dag.py
[2025-11-06T18:33:58.336+0000] {processor.py:830} INFO - Processing file /opt/airflow/dags/gold_dag.py for tasks to queue
[2025-11-06T18:33:58.338+0000] {logging_mixin.py:188} INFO - [2025-11-06T18:33:58.338+0000] {dagbag.py:538} INFO - Filling up the DagBag from /opt/airflow/dags/gold_dag.py
[2025-11-06T18:33:58.379+0000] {processor.py:840} INFO - DAG(s) 'gold_layer_pipeline' retrieved from /opt/airflow/dags/gold_dag.py
[2025-11-06T18:33:58.419+0000] {logging_mixin.py:188} INFO - [2025-11-06T18:33:58.418+0000] {dag.py:3036} INFO - Sync 1 DAGs
[2025-11-06T18:33:58.467+0000] {processor.py:183} INFO - Processing /opt/airflow/dags/gold_dag.py took 0.139 seconds
[2025-11-06T18:34:28.653+0000] {processor.py:161} INFO - Started process (PID=45319) to work on /opt/airflow/dags/gold_dag.py
[2025-11-06T18:34:28.655+0000] {processor.py:830} INFO - Processing file /opt/airflow/dags/gold_dag.py for tasks to queue
[2025-11-06T18:34:28.656+0000] {logging_mixin.py:188} INFO - [2025-11-06T18:34:28.656+0000] {dagbag.py:538} INFO - Filling up the DagBag from /opt/airflow/dags/gold_dag.py
[2025-11-06T18:34:28.694+0000] {processor.py:840} INFO - DAG(s) 'gold_layer_pipeline' retrieved from /opt/airflow/dags/gold_dag.py
[2025-11-06T18:34:28.734+0000] {logging_mixin.py:188} INFO - [2025-11-06T18:34:28.734+0000] {dag.py:3036} INFO - Sync 1 DAGs
[2025-11-06T18:34:28.795+0000] {processor.py:183} INFO - Processing /opt/airflow/dags/gold_dag.py took 0.146 seconds
[2025-11-06T18:34:59.035+0000] {processor.py:161} INFO - Started process (PID=45354) to work on /opt/airflow/dags/gold_dag.py
[2025-11-06T18:34:59.037+0000] {processor.py:830} INFO - Processing file /opt/airflow/dags/gold_dag.py for tasks to queue
[2025-11-06T18:34:59.038+0000] {logging_mixin.py:188} INFO - [2025-11-06T18:34:59.038+0000] {dagbag.py:538} INFO - Filling up the DagBag from /opt/airflow/dags/gold_dag.py
[2025-11-06T18:34:59.076+0000] {processor.py:840} INFO - DAG(s) 'gold_layer_pipeline' retrieved from /opt/airflow/dags/gold_dag.py
[2025-11-06T18:34:59.112+0000] {logging_mixin.py:188} INFO - [2025-11-06T18:34:59.112+0000] {dag.py:3036} INFO - Sync 1 DAGs
[2025-11-06T18:34:59.166+0000] {processor.py:183} INFO - Processing /opt/airflow/dags/gold_dag.py took 0.134 seconds
[2025-11-06T18:35:29.493+0000] {processor.py:161} INFO - Started process (PID=45389) to work on /opt/airflow/dags/gold_dag.py
[2025-11-06T18:35:29.495+0000] {processor.py:830} INFO - Processing file /opt/airflow/dags/gold_dag.py for tasks to queue
[2025-11-06T18:35:29.497+0000] {logging_mixin.py:188} INFO - [2025-11-06T18:35:29.496+0000] {dagbag.py:538} INFO - Filling up the DagBag from /opt/airflow/dags/gold_dag.py
[2025-11-06T18:35:29.535+0000] {processor.py:840} INFO - DAG(s) 'gold_layer_pipeline' retrieved from /opt/airflow/dags/gold_dag.py
[2025-11-06T18:35:29.582+0000] {logging_mixin.py:188} INFO - [2025-11-06T18:35:29.581+0000] {dag.py:3036} INFO - Sync 1 DAGs
[2025-11-06T18:35:29.658+0000] {processor.py:183} INFO - Processing /opt/airflow/dags/gold_dag.py took 0.171 seconds
[2025-11-06T18:35:59.940+0000] {processor.py:161} INFO - Started process (PID=45424) to work on /opt/airflow/dags/gold_dag.py
[2025-11-06T18:35:59.941+0000] {processor.py:830} INFO - Processing file /opt/airflow/dags/gold_dag.py for tasks to queue
[2025-11-06T18:35:59.943+0000] {logging_mixin.py:188} INFO - [2025-11-06T18:35:59.942+0000] {dagbag.py:538} INFO - Filling up the DagBag from /opt/airflow/dags/gold_dag.py
[2025-11-06T18:35:59.972+0000] {processor.py:840} INFO - DAG(s) 'gold_layer_pipeline' retrieved from /opt/airflow/dags/gold_dag.py
[2025-11-06T18:36:00.011+0000] {logging_mixin.py:188} INFO - [2025-11-06T18:36:00.009+0000] {dag.py:3036} INFO - Sync 1 DAGs
[2025-11-06T18:36:00.063+0000] {processor.py:183} INFO - Processing /opt/airflow/dags/gold_dag.py took 0.127 seconds
[2025-11-06T18:36:30.198+0000] {processor.py:161} INFO - Started process (PID=45459) to work on /opt/airflow/dags/gold_dag.py
[2025-11-06T18:36:30.200+0000] {processor.py:830} INFO - Processing file /opt/airflow/dags/gold_dag.py for tasks to queue
[2025-11-06T18:36:30.203+0000] {logging_mixin.py:188} INFO - [2025-11-06T18:36:30.202+0000] {dagbag.py:538} INFO - Filling up the DagBag from /opt/airflow/dags/gold_dag.py
[2025-11-06T18:36:30.253+0000] {processor.py:840} INFO - DAG(s) 'gold_layer_pipeline' retrieved from /opt/airflow/dags/gold_dag.py
[2025-11-06T18:36:30.297+0000] {logging_mixin.py:188} INFO - [2025-11-06T18:36:30.296+0000] {dag.py:3036} INFO - Sync 1 DAGs
[2025-11-06T18:36:30.357+0000] {processor.py:183} INFO - Processing /opt/airflow/dags/gold_dag.py took 0.165 seconds
[2025-11-06T18:37:00.459+0000] {processor.py:161} INFO - Started process (PID=45494) to work on /opt/airflow/dags/gold_dag.py
[2025-11-06T18:37:00.460+0000] {processor.py:830} INFO - Processing file /opt/airflow/dags/gold_dag.py for tasks to queue
[2025-11-06T18:37:00.462+0000] {logging_mixin.py:188} INFO - [2025-11-06T18:37:00.462+0000] {dagbag.py:538} INFO - Filling up the DagBag from /opt/airflow/dags/gold_dag.py
[2025-11-06T18:37:00.495+0000] {processor.py:840} INFO - DAG(s) 'gold_layer_pipeline' retrieved from /opt/airflow/dags/gold_dag.py
[2025-11-06T18:37:00.529+0000] {logging_mixin.py:188} INFO - [2025-11-06T18:37:00.528+0000] {dag.py:3036} INFO - Sync 1 DAGs
[2025-11-06T18:37:00.579+0000] {processor.py:183} INFO - Processing /opt/airflow/dags/gold_dag.py took 0.124 seconds
[2025-11-06T18:37:30.799+0000] {processor.py:161} INFO - Started process (PID=45529) to work on /opt/airflow/dags/gold_dag.py
[2025-11-06T18:37:30.801+0000] {processor.py:830} INFO - Processing file /opt/airflow/dags/gold_dag.py for tasks to queue
[2025-11-06T18:37:30.803+0000] {logging_mixin.py:188} INFO - [2025-11-06T18:37:30.802+0000] {dagbag.py:538} INFO - Filling up the DagBag from /opt/airflow/dags/gold_dag.py
[2025-11-06T18:37:30.851+0000] {processor.py:840} INFO - DAG(s) 'gold_layer_pipeline' retrieved from /opt/airflow/dags/gold_dag.py
[2025-11-06T18:37:30.896+0000] {logging_mixin.py:188} INFO - [2025-11-06T18:37:30.895+0000] {dag.py:3036} INFO - Sync 1 DAGs
[2025-11-06T18:37:30.954+0000] {processor.py:183} INFO - Processing /opt/airflow/dags/gold_dag.py took 0.159 seconds
[2025-11-06T18:38:01.154+0000] {processor.py:161} INFO - Started process (PID=45564) to work on /opt/airflow/dags/gold_dag.py
[2025-11-06T18:38:01.156+0000] {processor.py:830} INFO - Processing file /opt/airflow/dags/gold_dag.py for tasks to queue
[2025-11-06T18:38:01.158+0000] {logging_mixin.py:188} INFO - [2025-11-06T18:38:01.157+0000] {dagbag.py:538} INFO - Filling up the DagBag from /opt/airflow/dags/gold_dag.py
[2025-11-06T18:38:01.195+0000] {processor.py:840} INFO - DAG(s) 'gold_layer_pipeline' retrieved from /opt/airflow/dags/gold_dag.py
[2025-11-06T18:38:01.230+0000] {logging_mixin.py:188} INFO - [2025-11-06T18:38:01.229+0000] {dag.py:3036} INFO - Sync 1 DAGs
[2025-11-06T18:38:01.286+0000] {processor.py:183} INFO - Processing /opt/airflow/dags/gold_dag.py took 0.136 seconds
[2025-11-06T18:38:31.588+0000] {processor.py:161} INFO - Started process (PID=45599) to work on /opt/airflow/dags/gold_dag.py
[2025-11-06T18:38:31.591+0000] {processor.py:830} INFO - Processing file /opt/airflow/dags/gold_dag.py for tasks to queue
[2025-11-06T18:38:31.593+0000] {logging_mixin.py:188} INFO - [2025-11-06T18:38:31.593+0000] {dagbag.py:538} INFO - Filling up the DagBag from /opt/airflow/dags/gold_dag.py
[2025-11-06T18:38:31.645+0000] {processor.py:840} INFO - DAG(s) 'gold_layer_pipeline' retrieved from /opt/airflow/dags/gold_dag.py
[2025-11-06T18:38:31.677+0000] {logging_mixin.py:188} INFO - [2025-11-06T18:38:31.677+0000] {dag.py:3036} INFO - Sync 1 DAGs
[2025-11-06T18:38:31.736+0000] {processor.py:183} INFO - Processing /opt/airflow/dags/gold_dag.py took 0.152 seconds
[2025-11-06T18:39:02.026+0000] {processor.py:161} INFO - Started process (PID=45634) to work on /opt/airflow/dags/gold_dag.py
[2025-11-06T18:39:02.028+0000] {processor.py:830} INFO - Processing file /opt/airflow/dags/gold_dag.py for tasks to queue
[2025-11-06T18:39:02.030+0000] {logging_mixin.py:188} INFO - [2025-11-06T18:39:02.029+0000] {dagbag.py:538} INFO - Filling up the DagBag from /opt/airflow/dags/gold_dag.py
[2025-11-06T18:39:02.068+0000] {processor.py:840} INFO - DAG(s) 'gold_layer_pipeline' retrieved from /opt/airflow/dags/gold_dag.py
[2025-11-06T18:39:02.106+0000] {logging_mixin.py:188} INFO - [2025-11-06T18:39:02.105+0000] {dag.py:3036} INFO - Sync 1 DAGs
[2025-11-06T18:39:02.159+0000] {processor.py:183} INFO - Processing /opt/airflow/dags/gold_dag.py took 0.141 seconds
[2025-11-06T18:39:32.557+0000] {processor.py:161} INFO - Started process (PID=45669) to work on /opt/airflow/dags/gold_dag.py
[2025-11-06T18:39:32.560+0000] {processor.py:830} INFO - Processing file /opt/airflow/dags/gold_dag.py for tasks to queue
[2025-11-06T18:39:32.562+0000] {logging_mixin.py:188} INFO - [2025-11-06T18:39:32.561+0000] {dagbag.py:538} INFO - Filling up the DagBag from /opt/airflow/dags/gold_dag.py
[2025-11-06T18:39:32.611+0000] {processor.py:840} INFO - DAG(s) 'gold_layer_pipeline' retrieved from /opt/airflow/dags/gold_dag.py
[2025-11-06T18:39:32.651+0000] {logging_mixin.py:188} INFO - [2025-11-06T18:39:32.650+0000] {dag.py:3036} INFO - Sync 1 DAGs
[2025-11-06T18:39:32.710+0000] {processor.py:183} INFO - Processing /opt/airflow/dags/gold_dag.py took 0.162 seconds
[2025-11-06T18:40:02.850+0000] {processor.py:161} INFO - Started process (PID=45704) to work on /opt/airflow/dags/gold_dag.py
[2025-11-06T18:40:02.851+0000] {processor.py:830} INFO - Processing file /opt/airflow/dags/gold_dag.py for tasks to queue
[2025-11-06T18:40:02.852+0000] {logging_mixin.py:188} INFO - [2025-11-06T18:40:02.852+0000] {dagbag.py:538} INFO - Filling up the DagBag from /opt/airflow/dags/gold_dag.py
[2025-11-06T18:40:02.891+0000] {processor.py:840} INFO - DAG(s) 'gold_layer_pipeline' retrieved from /opt/airflow/dags/gold_dag.py
[2025-11-06T18:40:02.925+0000] {logging_mixin.py:188} INFO - [2025-11-06T18:40:02.924+0000] {dag.py:3036} INFO - Sync 1 DAGs
[2025-11-06T18:40:02.970+0000] {processor.py:183} INFO - Processing /opt/airflow/dags/gold_dag.py took 0.124 seconds
[2025-11-06T18:40:33.277+0000] {processor.py:161} INFO - Started process (PID=45739) to work on /opt/airflow/dags/gold_dag.py
[2025-11-06T18:40:33.279+0000] {processor.py:830} INFO - Processing file /opt/airflow/dags/gold_dag.py for tasks to queue
[2025-11-06T18:40:33.281+0000] {logging_mixin.py:188} INFO - [2025-11-06T18:40:33.280+0000] {dagbag.py:538} INFO - Filling up the DagBag from /opt/airflow/dags/gold_dag.py
[2025-11-06T18:40:33.323+0000] {processor.py:840} INFO - DAG(s) 'gold_layer_pipeline' retrieved from /opt/airflow/dags/gold_dag.py
[2025-11-06T18:40:33.358+0000] {logging_mixin.py:188} INFO - [2025-11-06T18:40:33.358+0000] {dag.py:3036} INFO - Sync 1 DAGs
[2025-11-06T18:40:33.421+0000] {processor.py:183} INFO - Processing /opt/airflow/dags/gold_dag.py took 0.147 seconds
[2025-11-06T18:41:04.279+0000] {processor.py:161} INFO - Started process (PID=45774) to work on /opt/airflow/dags/gold_dag.py
[2025-11-06T18:41:04.281+0000] {processor.py:830} INFO - Processing file /opt/airflow/dags/gold_dag.py for tasks to queue
[2025-11-06T18:41:04.283+0000] {logging_mixin.py:188} INFO - [2025-11-06T18:41:04.283+0000] {dagbag.py:538} INFO - Filling up the DagBag from /opt/airflow/dags/gold_dag.py
[2025-11-06T18:41:04.314+0000] {processor.py:840} INFO - DAG(s) 'gold_layer_pipeline' retrieved from /opt/airflow/dags/gold_dag.py
[2025-11-06T18:41:04.352+0000] {logging_mixin.py:188} INFO - [2025-11-06T18:41:04.352+0000] {dag.py:3036} INFO - Sync 1 DAGs
[2025-11-06T18:41:04.401+0000] {processor.py:183} INFO - Processing /opt/airflow/dags/gold_dag.py took 0.127 seconds
[2025-11-06T18:41:34.528+0000] {processor.py:161} INFO - Started process (PID=45809) to work on /opt/airflow/dags/gold_dag.py
[2025-11-06T18:41:34.530+0000] {processor.py:830} INFO - Processing file /opt/airflow/dags/gold_dag.py for tasks to queue
[2025-11-06T18:41:34.531+0000] {logging_mixin.py:188} INFO - [2025-11-06T18:41:34.531+0000] {dagbag.py:538} INFO - Filling up the DagBag from /opt/airflow/dags/gold_dag.py
[2025-11-06T18:41:34.570+0000] {processor.py:840} INFO - DAG(s) 'gold_layer_pipeline' retrieved from /opt/airflow/dags/gold_dag.py
[2025-11-06T18:41:34.601+0000] {logging_mixin.py:188} INFO - [2025-11-06T18:41:34.601+0000] {dag.py:3036} INFO - Sync 1 DAGs
[2025-11-06T18:41:34.653+0000] {processor.py:183} INFO - Processing /opt/airflow/dags/gold_dag.py took 0.129 seconds
[2025-11-06T18:42:04.874+0000] {processor.py:161} INFO - Started process (PID=45844) to work on /opt/airflow/dags/gold_dag.py
[2025-11-06T18:42:04.875+0000] {processor.py:830} INFO - Processing file /opt/airflow/dags/gold_dag.py for tasks to queue
[2025-11-06T18:42:04.877+0000] {logging_mixin.py:188} INFO - [2025-11-06T18:42:04.877+0000] {dagbag.py:538} INFO - Filling up the DagBag from /opt/airflow/dags/gold_dag.py
[2025-11-06T18:42:04.911+0000] {processor.py:840} INFO - DAG(s) 'gold_layer_pipeline' retrieved from /opt/airflow/dags/gold_dag.py
[2025-11-06T18:42:04.943+0000] {logging_mixin.py:188} INFO - [2025-11-06T18:42:04.943+0000] {dag.py:3036} INFO - Sync 1 DAGs
[2025-11-06T18:42:04.995+0000] {processor.py:183} INFO - Processing /opt/airflow/dags/gold_dag.py took 0.127 seconds
[2025-11-06T18:42:35.225+0000] {processor.py:161} INFO - Started process (PID=45879) to work on /opt/airflow/dags/gold_dag.py
[2025-11-06T18:42:35.227+0000] {processor.py:830} INFO - Processing file /opt/airflow/dags/gold_dag.py for tasks to queue
[2025-11-06T18:42:35.229+0000] {logging_mixin.py:188} INFO - [2025-11-06T18:42:35.229+0000] {dagbag.py:538} INFO - Filling up the DagBag from /opt/airflow/dags/gold_dag.py
[2025-11-06T18:42:35.261+0000] {processor.py:840} INFO - DAG(s) 'gold_layer_pipeline' retrieved from /opt/airflow/dags/gold_dag.py
[2025-11-06T18:42:35.296+0000] {logging_mixin.py:188} INFO - [2025-11-06T18:42:35.295+0000] {dag.py:3036} INFO - Sync 1 DAGs
[2025-11-06T18:42:35.347+0000] {processor.py:183} INFO - Processing /opt/airflow/dags/gold_dag.py took 0.125 seconds
[2025-11-06T18:43:05.540+0000] {processor.py:161} INFO - Started process (PID=45914) to work on /opt/airflow/dags/gold_dag.py
[2025-11-06T18:43:05.542+0000] {processor.py:830} INFO - Processing file /opt/airflow/dags/gold_dag.py for tasks to queue
[2025-11-06T18:43:05.543+0000] {logging_mixin.py:188} INFO - [2025-11-06T18:43:05.543+0000] {dagbag.py:538} INFO - Filling up the DagBag from /opt/airflow/dags/gold_dag.py
[2025-11-06T18:43:05.577+0000] {processor.py:840} INFO - DAG(s) 'gold_layer_pipeline' retrieved from /opt/airflow/dags/gold_dag.py
[2025-11-06T18:43:05.608+0000] {logging_mixin.py:188} INFO - [2025-11-06T18:43:05.608+0000] {dag.py:3036} INFO - Sync 1 DAGs
[2025-11-06T18:43:05.660+0000] {processor.py:183} INFO - Processing /opt/airflow/dags/gold_dag.py took 0.124 seconds
[2025-11-06T18:43:36.106+0000] {processor.py:161} INFO - Started process (PID=45949) to work on /opt/airflow/dags/gold_dag.py
[2025-11-06T18:43:36.107+0000] {processor.py:830} INFO - Processing file /opt/airflow/dags/gold_dag.py for tasks to queue
[2025-11-06T18:43:36.109+0000] {logging_mixin.py:188} INFO - [2025-11-06T18:43:36.108+0000] {dagbag.py:538} INFO - Filling up the DagBag from /opt/airflow/dags/gold_dag.py
[2025-11-06T18:43:36.140+0000] {processor.py:840} INFO - DAG(s) 'gold_layer_pipeline' retrieved from /opt/airflow/dags/gold_dag.py
[2025-11-06T18:43:36.172+0000] {logging_mixin.py:188} INFO - [2025-11-06T18:43:36.172+0000] {dag.py:3036} INFO - Sync 1 DAGs
[2025-11-06T18:43:36.222+0000] {processor.py:183} INFO - Processing /opt/airflow/dags/gold_dag.py took 0.120 seconds
[2025-11-06T18:44:06.467+0000] {processor.py:161} INFO - Started process (PID=45984) to work on /opt/airflow/dags/gold_dag.py
[2025-11-06T18:44:06.470+0000] {processor.py:830} INFO - Processing file /opt/airflow/dags/gold_dag.py for tasks to queue
[2025-11-06T18:44:06.472+0000] {logging_mixin.py:188} INFO - [2025-11-06T18:44:06.471+0000] {dagbag.py:538} INFO - Filling up the DagBag from /opt/airflow/dags/gold_dag.py
[2025-11-06T18:44:06.508+0000] {processor.py:840} INFO - DAG(s) 'gold_layer_pipeline' retrieved from /opt/airflow/dags/gold_dag.py
[2025-11-06T18:44:06.546+0000] {logging_mixin.py:188} INFO - [2025-11-06T18:44:06.545+0000] {dag.py:3036} INFO - Sync 1 DAGs
[2025-11-06T18:44:06.612+0000] {processor.py:183} INFO - Processing /opt/airflow/dags/gold_dag.py took 0.149 seconds
[2025-11-06T18:44:36.903+0000] {processor.py:161} INFO - Started process (PID=46019) to work on /opt/airflow/dags/gold_dag.py
[2025-11-06T18:44:36.905+0000] {processor.py:830} INFO - Processing file /opt/airflow/dags/gold_dag.py for tasks to queue
[2025-11-06T18:44:36.907+0000] {logging_mixin.py:188} INFO - [2025-11-06T18:44:36.906+0000] {dagbag.py:538} INFO - Filling up the DagBag from /opt/airflow/dags/gold_dag.py
[2025-11-06T18:44:36.942+0000] {processor.py:840} INFO - DAG(s) 'gold_layer_pipeline' retrieved from /opt/airflow/dags/gold_dag.py
[2025-11-06T18:44:36.981+0000] {logging_mixin.py:188} INFO - [2025-11-06T18:44:36.981+0000] {dag.py:3036} INFO - Sync 1 DAGs
[2025-11-06T18:44:37.035+0000] {processor.py:183} INFO - Processing /opt/airflow/dags/gold_dag.py took 0.136 seconds
[2025-11-06T18:45:07.369+0000] {processor.py:161} INFO - Started process (PID=46054) to work on /opt/airflow/dags/gold_dag.py
[2025-11-06T18:45:07.371+0000] {processor.py:830} INFO - Processing file /opt/airflow/dags/gold_dag.py for tasks to queue
[2025-11-06T18:45:07.372+0000] {logging_mixin.py:188} INFO - [2025-11-06T18:45:07.372+0000] {dagbag.py:538} INFO - Filling up the DagBag from /opt/airflow/dags/gold_dag.py
[2025-11-06T18:45:07.406+0000] {processor.py:840} INFO - DAG(s) 'gold_layer_pipeline' retrieved from /opt/airflow/dags/gold_dag.py
[2025-11-06T18:45:07.439+0000] {logging_mixin.py:188} INFO - [2025-11-06T18:45:07.439+0000] {dag.py:3036} INFO - Sync 1 DAGs
[2025-11-06T18:45:07.484+0000] {processor.py:183} INFO - Processing /opt/airflow/dags/gold_dag.py took 0.118 seconds
[2025-11-06T18:45:37.757+0000] {processor.py:161} INFO - Started process (PID=46089) to work on /opt/airflow/dags/gold_dag.py
[2025-11-06T18:45:37.759+0000] {processor.py:830} INFO - Processing file /opt/airflow/dags/gold_dag.py for tasks to queue
[2025-11-06T18:45:37.761+0000] {logging_mixin.py:188} INFO - [2025-11-06T18:45:37.760+0000] {dagbag.py:538} INFO - Filling up the DagBag from /opt/airflow/dags/gold_dag.py
[2025-11-06T18:45:37.792+0000] {processor.py:840} INFO - DAG(s) 'gold_layer_pipeline' retrieved from /opt/airflow/dags/gold_dag.py
[2025-11-06T18:45:37.827+0000] {logging_mixin.py:188} INFO - [2025-11-06T18:45:37.826+0000] {dag.py:3036} INFO - Sync 1 DAGs
[2025-11-06T18:45:37.882+0000] {processor.py:183} INFO - Processing /opt/airflow/dags/gold_dag.py took 0.129 seconds
[2025-11-06T18:46:08.107+0000] {processor.py:161} INFO - Started process (PID=46124) to work on /opt/airflow/dags/gold_dag.py
[2025-11-06T18:46:08.110+0000] {processor.py:830} INFO - Processing file /opt/airflow/dags/gold_dag.py for tasks to queue
[2025-11-06T18:46:08.112+0000] {logging_mixin.py:188} INFO - [2025-11-06T18:46:08.112+0000] {dagbag.py:538} INFO - Filling up the DagBag from /opt/airflow/dags/gold_dag.py
[2025-11-06T18:46:08.157+0000] {processor.py:840} INFO - DAG(s) 'gold_layer_pipeline' retrieved from /opt/airflow/dags/gold_dag.py
[2025-11-06T18:46:08.201+0000] {logging_mixin.py:188} INFO - [2025-11-06T18:46:08.201+0000] {dag.py:3036} INFO - Sync 1 DAGs
[2025-11-06T18:46:08.266+0000] {processor.py:183} INFO - Processing /opt/airflow/dags/gold_dag.py took 0.163 seconds
[2025-11-06T18:46:38.619+0000] {processor.py:161} INFO - Started process (PID=46159) to work on /opt/airflow/dags/gold_dag.py
[2025-11-06T18:46:38.621+0000] {processor.py:830} INFO - Processing file /opt/airflow/dags/gold_dag.py for tasks to queue
[2025-11-06T18:46:38.622+0000] {logging_mixin.py:188} INFO - [2025-11-06T18:46:38.622+0000] {dagbag.py:538} INFO - Filling up the DagBag from /opt/airflow/dags/gold_dag.py
[2025-11-06T18:46:38.654+0000] {processor.py:840} INFO - DAG(s) 'gold_layer_pipeline' retrieved from /opt/airflow/dags/gold_dag.py
[2025-11-06T18:46:38.690+0000] {logging_mixin.py:188} INFO - [2025-11-06T18:46:38.689+0000] {dag.py:3036} INFO - Sync 1 DAGs
[2025-11-06T18:46:38.752+0000] {processor.py:183} INFO - Processing /opt/airflow/dags/gold_dag.py took 0.138 seconds
[2025-11-06T18:47:09.135+0000] {processor.py:161} INFO - Started process (PID=46194) to work on /opt/airflow/dags/gold_dag.py
[2025-11-06T18:47:09.137+0000] {processor.py:830} INFO - Processing file /opt/airflow/dags/gold_dag.py for tasks to queue
[2025-11-06T18:47:09.139+0000] {logging_mixin.py:188} INFO - [2025-11-06T18:47:09.138+0000] {dagbag.py:538} INFO - Filling up the DagBag from /opt/airflow/dags/gold_dag.py
[2025-11-06T18:47:09.174+0000] {processor.py:840} INFO - DAG(s) 'gold_layer_pipeline' retrieved from /opt/airflow/dags/gold_dag.py
[2025-11-06T18:47:09.212+0000] {logging_mixin.py:188} INFO - [2025-11-06T18:47:09.211+0000] {dag.py:3036} INFO - Sync 1 DAGs
[2025-11-06T18:47:09.272+0000] {processor.py:183} INFO - Processing /opt/airflow/dags/gold_dag.py took 0.141 seconds
[2025-11-06T18:47:39.523+0000] {processor.py:161} INFO - Started process (PID=46229) to work on /opt/airflow/dags/gold_dag.py
[2025-11-06T18:47:39.525+0000] {processor.py:830} INFO - Processing file /opt/airflow/dags/gold_dag.py for tasks to queue
[2025-11-06T18:47:39.528+0000] {logging_mixin.py:188} INFO - [2025-11-06T18:47:39.527+0000] {dagbag.py:538} INFO - Filling up the DagBag from /opt/airflow/dags/gold_dag.py
[2025-11-06T18:47:39.573+0000] {processor.py:840} INFO - DAG(s) 'gold_layer_pipeline' retrieved from /opt/airflow/dags/gold_dag.py
[2025-11-06T18:47:39.608+0000] {logging_mixin.py:188} INFO - [2025-11-06T18:47:39.607+0000] {dag.py:3036} INFO - Sync 1 DAGs
[2025-11-06T18:47:39.664+0000] {processor.py:183} INFO - Processing /opt/airflow/dags/gold_dag.py took 0.146 seconds
[2025-11-06T18:48:09.877+0000] {processor.py:161} INFO - Started process (PID=46264) to work on /opt/airflow/dags/gold_dag.py
[2025-11-06T18:48:09.879+0000] {processor.py:830} INFO - Processing file /opt/airflow/dags/gold_dag.py for tasks to queue
[2025-11-06T18:48:09.881+0000] {logging_mixin.py:188} INFO - [2025-11-06T18:48:09.880+0000] {dagbag.py:538} INFO - Filling up the DagBag from /opt/airflow/dags/gold_dag.py
[2025-11-06T18:48:09.928+0000] {processor.py:840} INFO - DAG(s) 'gold_layer_pipeline' retrieved from /opt/airflow/dags/gold_dag.py
[2025-11-06T18:48:09.963+0000] {logging_mixin.py:188} INFO - [2025-11-06T18:48:09.963+0000] {dag.py:3036} INFO - Sync 1 DAGs
[2025-11-06T18:48:10.016+0000] {processor.py:183} INFO - Processing /opt/airflow/dags/gold_dag.py took 0.143 seconds
[2025-11-06T18:48:40.399+0000] {processor.py:161} INFO - Started process (PID=46299) to work on /opt/airflow/dags/gold_dag.py
[2025-11-06T18:48:40.403+0000] {processor.py:830} INFO - Processing file /opt/airflow/dags/gold_dag.py for tasks to queue
[2025-11-06T18:48:40.405+0000] {logging_mixin.py:188} INFO - [2025-11-06T18:48:40.405+0000] {dagbag.py:538} INFO - Filling up the DagBag from /opt/airflow/dags/gold_dag.py
[2025-11-06T18:48:40.495+0000] {processor.py:840} INFO - DAG(s) 'gold_layer_pipeline' retrieved from /opt/airflow/dags/gold_dag.py
[2025-11-06T18:48:40.566+0000] {logging_mixin.py:188} INFO - [2025-11-06T18:48:40.565+0000] {dag.py:3036} INFO - Sync 1 DAGs
[2025-11-06T18:48:40.651+0000] {processor.py:183} INFO - Processing /opt/airflow/dags/gold_dag.py took 0.259 seconds
[2025-11-06T18:49:11.443+0000] {processor.py:161} INFO - Started process (PID=46334) to work on /opt/airflow/dags/gold_dag.py
[2025-11-06T18:49:11.445+0000] {processor.py:830} INFO - Processing file /opt/airflow/dags/gold_dag.py for tasks to queue
[2025-11-06T18:49:11.447+0000] {logging_mixin.py:188} INFO - [2025-11-06T18:49:11.446+0000] {dagbag.py:538} INFO - Filling up the DagBag from /opt/airflow/dags/gold_dag.py
[2025-11-06T18:49:11.500+0000] {processor.py:840} INFO - DAG(s) 'gold_layer_pipeline' retrieved from /opt/airflow/dags/gold_dag.py
[2025-11-06T18:49:11.554+0000] {logging_mixin.py:188} INFO - [2025-11-06T18:49:11.554+0000] {dag.py:3036} INFO - Sync 1 DAGs
[2025-11-06T18:49:11.614+0000] {processor.py:183} INFO - Processing /opt/airflow/dags/gold_dag.py took 0.176 seconds
[2025-11-06T18:49:41.841+0000] {processor.py:161} INFO - Started process (PID=46369) to work on /opt/airflow/dags/gold_dag.py
[2025-11-06T18:49:41.843+0000] {processor.py:830} INFO - Processing file /opt/airflow/dags/gold_dag.py for tasks to queue
[2025-11-06T18:49:41.845+0000] {logging_mixin.py:188} INFO - [2025-11-06T18:49:41.844+0000] {dagbag.py:538} INFO - Filling up the DagBag from /opt/airflow/dags/gold_dag.py
[2025-11-06T18:49:41.881+0000] {processor.py:840} INFO - DAG(s) 'gold_layer_pipeline' retrieved from /opt/airflow/dags/gold_dag.py
[2025-11-06T18:49:41.921+0000] {logging_mixin.py:188} INFO - [2025-11-06T18:49:41.920+0000] {dag.py:3036} INFO - Sync 1 DAGs
[2025-11-06T18:49:41.983+0000] {processor.py:183} INFO - Processing /opt/airflow/dags/gold_dag.py took 0.146 seconds
[2025-11-06T18:50:12.185+0000] {processor.py:161} INFO - Started process (PID=46404) to work on /opt/airflow/dags/gold_dag.py
[2025-11-06T18:50:12.188+0000] {processor.py:830} INFO - Processing file /opt/airflow/dags/gold_dag.py for tasks to queue
[2025-11-06T18:50:12.189+0000] {logging_mixin.py:188} INFO - [2025-11-06T18:50:12.189+0000] {dagbag.py:538} INFO - Filling up the DagBag from /opt/airflow/dags/gold_dag.py
[2025-11-06T18:50:12.230+0000] {processor.py:840} INFO - DAG(s) 'gold_layer_pipeline' retrieved from /opt/airflow/dags/gold_dag.py
[2025-11-06T18:50:12.268+0000] {logging_mixin.py:188} INFO - [2025-11-06T18:50:12.268+0000] {dag.py:3036} INFO - Sync 1 DAGs
[2025-11-06T18:50:12.325+0000] {processor.py:183} INFO - Processing /opt/airflow/dags/gold_dag.py took 0.144 seconds
[2025-11-06T18:50:42.419+0000] {processor.py:161} INFO - Started process (PID=46439) to work on /opt/airflow/dags/gold_dag.py
[2025-11-06T18:50:42.421+0000] {processor.py:830} INFO - Processing file /opt/airflow/dags/gold_dag.py for tasks to queue
[2025-11-06T18:50:42.423+0000] {logging_mixin.py:188} INFO - [2025-11-06T18:50:42.422+0000] {dagbag.py:538} INFO - Filling up the DagBag from /opt/airflow/dags/gold_dag.py
[2025-11-06T18:50:42.475+0000] {processor.py:840} INFO - DAG(s) 'gold_layer_pipeline' retrieved from /opt/airflow/dags/gold_dag.py
[2025-11-06T18:50:42.519+0000] {logging_mixin.py:188} INFO - [2025-11-06T18:50:42.519+0000] {dag.py:3036} INFO - Sync 1 DAGs
[2025-11-06T18:50:42.570+0000] {processor.py:183} INFO - Processing /opt/airflow/dags/gold_dag.py took 0.158 seconds
[2025-11-06T18:51:13.486+0000] {processor.py:161} INFO - Started process (PID=46474) to work on /opt/airflow/dags/gold_dag.py
[2025-11-06T18:51:13.488+0000] {processor.py:830} INFO - Processing file /opt/airflow/dags/gold_dag.py for tasks to queue
[2025-11-06T18:51:13.490+0000] {logging_mixin.py:188} INFO - [2025-11-06T18:51:13.490+0000] {dagbag.py:538} INFO - Filling up the DagBag from /opt/airflow/dags/gold_dag.py
[2025-11-06T18:51:13.528+0000] {processor.py:840} INFO - DAG(s) 'gold_layer_pipeline' retrieved from /opt/airflow/dags/gold_dag.py
[2025-11-06T18:51:13.566+0000] {logging_mixin.py:188} INFO - [2025-11-06T18:51:13.565+0000] {dag.py:3036} INFO - Sync 1 DAGs
[2025-11-06T18:51:13.623+0000] {processor.py:183} INFO - Processing /opt/airflow/dags/gold_dag.py took 0.140 seconds
[2025-11-06T18:51:43.897+0000] {processor.py:161} INFO - Started process (PID=46509) to work on /opt/airflow/dags/gold_dag.py
[2025-11-06T18:51:43.899+0000] {processor.py:830} INFO - Processing file /opt/airflow/dags/gold_dag.py for tasks to queue
[2025-11-06T18:51:43.900+0000] {logging_mixin.py:188} INFO - [2025-11-06T18:51:43.900+0000] {dagbag.py:538} INFO - Filling up the DagBag from /opt/airflow/dags/gold_dag.py
[2025-11-06T18:51:43.946+0000] {processor.py:840} INFO - DAG(s) 'gold_layer_pipeline' retrieved from /opt/airflow/dags/gold_dag.py
[2025-11-06T18:51:43.982+0000] {logging_mixin.py:188} INFO - [2025-11-06T18:51:43.981+0000] {dag.py:3036} INFO - Sync 1 DAGs
[2025-11-06T18:51:44.039+0000] {processor.py:183} INFO - Processing /opt/airflow/dags/gold_dag.py took 0.146 seconds
[2025-11-06T18:52:14.598+0000] {processor.py:161} INFO - Started process (PID=46544) to work on /opt/airflow/dags/gold_dag.py
[2025-11-06T18:52:14.599+0000] {processor.py:830} INFO - Processing file /opt/airflow/dags/gold_dag.py for tasks to queue
[2025-11-06T18:52:14.601+0000] {logging_mixin.py:188} INFO - [2025-11-06T18:52:14.601+0000] {dagbag.py:538} INFO - Filling up the DagBag from /opt/airflow/dags/gold_dag.py
[2025-11-06T18:52:14.640+0000] {processor.py:840} INFO - DAG(s) 'gold_layer_pipeline' retrieved from /opt/airflow/dags/gold_dag.py
[2025-11-06T18:52:14.672+0000] {logging_mixin.py:188} INFO - [2025-11-06T18:52:14.672+0000] {dag.py:3036} INFO - Sync 1 DAGs
[2025-11-06T18:52:14.723+0000] {processor.py:183} INFO - Processing /opt/airflow/dags/gold_dag.py took 0.130 seconds
[2025-11-06T18:52:44.886+0000] {processor.py:161} INFO - Started process (PID=46579) to work on /opt/airflow/dags/gold_dag.py
[2025-11-06T18:52:44.887+0000] {processor.py:830} INFO - Processing file /opt/airflow/dags/gold_dag.py for tasks to queue
[2025-11-06T18:52:44.889+0000] {logging_mixin.py:188} INFO - [2025-11-06T18:52:44.888+0000] {dagbag.py:538} INFO - Filling up the DagBag from /opt/airflow/dags/gold_dag.py
[2025-11-06T18:52:44.925+0000] {processor.py:840} INFO - DAG(s) 'gold_layer_pipeline' retrieved from /opt/airflow/dags/gold_dag.py
[2025-11-06T18:52:44.960+0000] {logging_mixin.py:188} INFO - [2025-11-06T18:52:44.960+0000] {dag.py:3036} INFO - Sync 1 DAGs
[2025-11-06T18:52:45.013+0000] {processor.py:183} INFO - Processing /opt/airflow/dags/gold_dag.py took 0.131 seconds
[2025-11-06T18:53:15.184+0000] {processor.py:161} INFO - Started process (PID=46614) to work on /opt/airflow/dags/gold_dag.py
[2025-11-06T18:53:15.186+0000] {processor.py:830} INFO - Processing file /opt/airflow/dags/gold_dag.py for tasks to queue
[2025-11-06T18:53:15.187+0000] {logging_mixin.py:188} INFO - [2025-11-06T18:53:15.187+0000] {dagbag.py:538} INFO - Filling up the DagBag from /opt/airflow/dags/gold_dag.py
[2025-11-06T18:53:15.227+0000] {processor.py:840} INFO - DAG(s) 'gold_layer_pipeline' retrieved from /opt/airflow/dags/gold_dag.py
[2025-11-06T18:53:15.270+0000] {logging_mixin.py:188} INFO - [2025-11-06T18:53:15.270+0000] {dag.py:3036} INFO - Sync 1 DAGs
[2025-11-06T18:53:15.320+0000] {processor.py:183} INFO - Processing /opt/airflow/dags/gold_dag.py took 0.141 seconds
[2025-11-06T18:53:45.489+0000] {processor.py:161} INFO - Started process (PID=46649) to work on /opt/airflow/dags/gold_dag.py
[2025-11-06T18:53:45.491+0000] {processor.py:830} INFO - Processing file /opt/airflow/dags/gold_dag.py for tasks to queue
[2025-11-06T18:53:45.494+0000] {logging_mixin.py:188} INFO - [2025-11-06T18:53:45.492+0000] {dagbag.py:538} INFO - Filling up the DagBag from /opt/airflow/dags/gold_dag.py
[2025-11-06T18:53:45.530+0000] {processor.py:840} INFO - DAG(s) 'gold_layer_pipeline' retrieved from /opt/airflow/dags/gold_dag.py
[2025-11-06T18:53:45.568+0000] {logging_mixin.py:188} INFO - [2025-11-06T18:53:45.567+0000] {dag.py:3036} INFO - Sync 1 DAGs
[2025-11-06T18:53:45.622+0000] {processor.py:183} INFO - Processing /opt/airflow/dags/gold_dag.py took 0.135 seconds
[2025-11-06T18:54:16.025+0000] {processor.py:161} INFO - Started process (PID=46684) to work on /opt/airflow/dags/gold_dag.py
[2025-11-06T18:54:16.027+0000] {processor.py:830} INFO - Processing file /opt/airflow/dags/gold_dag.py for tasks to queue
[2025-11-06T18:54:16.028+0000] {logging_mixin.py:188} INFO - [2025-11-06T18:54:16.028+0000] {dagbag.py:538} INFO - Filling up the DagBag from /opt/airflow/dags/gold_dag.py
[2025-11-06T18:54:16.066+0000] {processor.py:840} INFO - DAG(s) 'gold_layer_pipeline' retrieved from /opt/airflow/dags/gold_dag.py
[2025-11-06T18:54:16.101+0000] {logging_mixin.py:188} INFO - [2025-11-06T18:54:16.100+0000] {dag.py:3036} INFO - Sync 1 DAGs
[2025-11-06T18:54:16.157+0000] {processor.py:183} INFO - Processing /opt/airflow/dags/gold_dag.py took 0.136 seconds
[2025-11-06T18:54:46.309+0000] {processor.py:161} INFO - Started process (PID=46719) to work on /opt/airflow/dags/gold_dag.py
[2025-11-06T18:54:46.311+0000] {processor.py:830} INFO - Processing file /opt/airflow/dags/gold_dag.py for tasks to queue
[2025-11-06T18:54:46.312+0000] {logging_mixin.py:188} INFO - [2025-11-06T18:54:46.312+0000] {dagbag.py:538} INFO - Filling up the DagBag from /opt/airflow/dags/gold_dag.py
[2025-11-06T18:54:46.345+0000] {processor.py:840} INFO - DAG(s) 'gold_layer_pipeline' retrieved from /opt/airflow/dags/gold_dag.py
[2025-11-06T18:54:46.378+0000] {logging_mixin.py:188} INFO - [2025-11-06T18:54:46.378+0000] {dag.py:3036} INFO - Sync 1 DAGs
[2025-11-06T18:54:46.424+0000] {processor.py:183} INFO - Processing /opt/airflow/dags/gold_dag.py took 0.120 seconds
[2025-11-06T18:55:16.582+0000] {processor.py:161} INFO - Started process (PID=46754) to work on /opt/airflow/dags/gold_dag.py
[2025-11-06T18:55:16.584+0000] {processor.py:830} INFO - Processing file /opt/airflow/dags/gold_dag.py for tasks to queue
[2025-11-06T18:55:16.586+0000] {logging_mixin.py:188} INFO - [2025-11-06T18:55:16.586+0000] {dagbag.py:538} INFO - Filling up the DagBag from /opt/airflow/dags/gold_dag.py
[2025-11-06T18:55:16.631+0000] {processor.py:840} INFO - DAG(s) 'gold_layer_pipeline' retrieved from /opt/airflow/dags/gold_dag.py
[2025-11-06T18:55:16.670+0000] {logging_mixin.py:188} INFO - [2025-11-06T18:55:16.670+0000] {dag.py:3036} INFO - Sync 1 DAGs
[2025-11-06T18:55:16.728+0000] {processor.py:183} INFO - Processing /opt/airflow/dags/gold_dag.py took 0.150 seconds
[2025-11-06T18:55:47.070+0000] {processor.py:161} INFO - Started process (PID=46789) to work on /opt/airflow/dags/gold_dag.py
[2025-11-06T18:55:47.072+0000] {processor.py:830} INFO - Processing file /opt/airflow/dags/gold_dag.py for tasks to queue
[2025-11-06T18:55:47.074+0000] {logging_mixin.py:188} INFO - [2025-11-06T18:55:47.074+0000] {dagbag.py:538} INFO - Filling up the DagBag from /opt/airflow/dags/gold_dag.py
[2025-11-06T18:55:47.117+0000] {processor.py:840} INFO - DAG(s) 'gold_layer_pipeline' retrieved from /opt/airflow/dags/gold_dag.py
[2025-11-06T18:55:47.152+0000] {logging_mixin.py:188} INFO - [2025-11-06T18:55:47.151+0000] {dag.py:3036} INFO - Sync 1 DAGs
[2025-11-06T18:55:47.216+0000] {processor.py:183} INFO - Processing /opt/airflow/dags/gold_dag.py took 0.150 seconds
[2025-11-06T18:56:17.531+0000] {processor.py:161} INFO - Started process (PID=46824) to work on /opt/airflow/dags/gold_dag.py
[2025-11-06T18:56:17.533+0000] {processor.py:830} INFO - Processing file /opt/airflow/dags/gold_dag.py for tasks to queue
[2025-11-06T18:56:17.535+0000] {logging_mixin.py:188} INFO - [2025-11-06T18:56:17.535+0000] {dagbag.py:538} INFO - Filling up the DagBag from /opt/airflow/dags/gold_dag.py
[2025-11-06T18:56:17.577+0000] {processor.py:840} INFO - DAG(s) 'gold_layer_pipeline' retrieved from /opt/airflow/dags/gold_dag.py
[2025-11-06T18:56:17.613+0000] {logging_mixin.py:188} INFO - [2025-11-06T18:56:17.613+0000] {dag.py:3036} INFO - Sync 1 DAGs
[2025-11-06T18:56:17.668+0000] {processor.py:183} INFO - Processing /opt/airflow/dags/gold_dag.py took 0.142 seconds
[2025-11-06T18:56:47.778+0000] {processor.py:161} INFO - Started process (PID=46859) to work on /opt/airflow/dags/gold_dag.py
[2025-11-06T18:56:47.780+0000] {processor.py:830} INFO - Processing file /opt/airflow/dags/gold_dag.py for tasks to queue
[2025-11-06T18:56:47.782+0000] {logging_mixin.py:188} INFO - [2025-11-06T18:56:47.782+0000] {dagbag.py:538} INFO - Filling up the DagBag from /opt/airflow/dags/gold_dag.py
[2025-11-06T18:56:47.832+0000] {processor.py:840} INFO - DAG(s) 'gold_layer_pipeline' retrieved from /opt/airflow/dags/gold_dag.py
[2025-11-06T18:56:47.872+0000] {logging_mixin.py:188} INFO - [2025-11-06T18:56:47.871+0000] {dag.py:3036} INFO - Sync 1 DAGs
[2025-11-06T18:56:47.930+0000] {processor.py:183} INFO - Processing /opt/airflow/dags/gold_dag.py took 0.158 seconds
[2025-11-06T18:57:18.306+0000] {processor.py:161} INFO - Started process (PID=46894) to work on /opt/airflow/dags/gold_dag.py
[2025-11-06T18:57:18.308+0000] {processor.py:830} INFO - Processing file /opt/airflow/dags/gold_dag.py for tasks to queue
[2025-11-06T18:57:18.311+0000] {logging_mixin.py:188} INFO - [2025-11-06T18:57:18.310+0000] {dagbag.py:538} INFO - Filling up the DagBag from /opt/airflow/dags/gold_dag.py
[2025-11-06T18:57:18.346+0000] {processor.py:840} INFO - DAG(s) 'gold_layer_pipeline' retrieved from /opt/airflow/dags/gold_dag.py
[2025-11-06T18:57:18.387+0000] {logging_mixin.py:188} INFO - [2025-11-06T18:57:18.386+0000] {dag.py:3036} INFO - Sync 1 DAGs
[2025-11-06T18:57:18.440+0000] {processor.py:183} INFO - Processing /opt/airflow/dags/gold_dag.py took 0.139 seconds
[2025-11-06T18:57:48.572+0000] {processor.py:161} INFO - Started process (PID=46929) to work on /opt/airflow/dags/gold_dag.py
[2025-11-06T18:57:48.574+0000] {processor.py:830} INFO - Processing file /opt/airflow/dags/gold_dag.py for tasks to queue
[2025-11-06T18:57:48.576+0000] {logging_mixin.py:188} INFO - [2025-11-06T18:57:48.575+0000] {dagbag.py:538} INFO - Filling up the DagBag from /opt/airflow/dags/gold_dag.py
[2025-11-06T18:57:48.623+0000] {processor.py:840} INFO - DAG(s) 'gold_layer_pipeline' retrieved from /opt/airflow/dags/gold_dag.py
[2025-11-06T18:57:48.660+0000] {logging_mixin.py:188} INFO - [2025-11-06T18:57:48.660+0000] {dag.py:3036} INFO - Sync 1 DAGs
[2025-11-06T18:57:48.718+0000] {processor.py:183} INFO - Processing /opt/airflow/dags/gold_dag.py took 0.149 seconds
[2025-11-06T18:58:19.631+0000] {processor.py:161} INFO - Started process (PID=46964) to work on /opt/airflow/dags/gold_dag.py
[2025-11-06T18:58:19.633+0000] {processor.py:830} INFO - Processing file /opt/airflow/dags/gold_dag.py for tasks to queue
[2025-11-06T18:58:19.636+0000] {logging_mixin.py:188} INFO - [2025-11-06T18:58:19.635+0000] {dagbag.py:538} INFO - Filling up the DagBag from /opt/airflow/dags/gold_dag.py
[2025-11-06T18:58:19.686+0000] {processor.py:840} INFO - DAG(s) 'gold_layer_pipeline' retrieved from /opt/airflow/dags/gold_dag.py
[2025-11-06T18:58:19.720+0000] {logging_mixin.py:188} INFO - [2025-11-06T18:58:19.719+0000] {dag.py:3036} INFO - Sync 1 DAGs
[2025-11-06T18:58:19.771+0000] {processor.py:183} INFO - Processing /opt/airflow/dags/gold_dag.py took 0.143 seconds
[2025-11-06T18:58:50.019+0000] {processor.py:161} INFO - Started process (PID=46999) to work on /opt/airflow/dags/gold_dag.py
[2025-11-06T18:58:50.021+0000] {processor.py:830} INFO - Processing file /opt/airflow/dags/gold_dag.py for tasks to queue
[2025-11-06T18:58:50.024+0000] {logging_mixin.py:188} INFO - [2025-11-06T18:58:50.023+0000] {dagbag.py:538} INFO - Filling up the DagBag from /opt/airflow/dags/gold_dag.py
[2025-11-06T18:58:50.055+0000] {processor.py:840} INFO - DAG(s) 'gold_layer_pipeline' retrieved from /opt/airflow/dags/gold_dag.py
[2025-11-06T18:58:50.089+0000] {logging_mixin.py:188} INFO - [2025-11-06T18:58:50.089+0000] {dag.py:3036} INFO - Sync 1 DAGs
[2025-11-06T18:58:50.136+0000] {processor.py:183} INFO - Processing /opt/airflow/dags/gold_dag.py took 0.121 seconds
[2025-11-06T18:59:20.380+0000] {processor.py:161} INFO - Started process (PID=47034) to work on /opt/airflow/dags/gold_dag.py
[2025-11-06T18:59:20.383+0000] {processor.py:830} INFO - Processing file /opt/airflow/dags/gold_dag.py for tasks to queue
[2025-11-06T18:59:20.385+0000] {logging_mixin.py:188} INFO - [2025-11-06T18:59:20.384+0000] {dagbag.py:538} INFO - Filling up the DagBag from /opt/airflow/dags/gold_dag.py
[2025-11-06T18:59:20.429+0000] {processor.py:840} INFO - DAG(s) 'gold_layer_pipeline' retrieved from /opt/airflow/dags/gold_dag.py
[2025-11-06T18:59:20.467+0000] {logging_mixin.py:188} INFO - [2025-11-06T18:59:20.467+0000] {dag.py:3036} INFO - Sync 1 DAGs
[2025-11-06T18:59:20.526+0000] {processor.py:183} INFO - Processing /opt/airflow/dags/gold_dag.py took 0.151 seconds
[2025-11-06T18:59:50.616+0000] {processor.py:161} INFO - Started process (PID=47069) to work on /opt/airflow/dags/gold_dag.py
[2025-11-06T18:59:50.618+0000] {processor.py:830} INFO - Processing file /opt/airflow/dags/gold_dag.py for tasks to queue
[2025-11-06T18:59:50.619+0000] {logging_mixin.py:188} INFO - [2025-11-06T18:59:50.619+0000] {dagbag.py:538} INFO - Filling up the DagBag from /opt/airflow/dags/gold_dag.py
[2025-11-06T18:59:50.652+0000] {processor.py:840} INFO - DAG(s) 'gold_layer_pipeline' retrieved from /opt/airflow/dags/gold_dag.py
[2025-11-06T18:59:50.696+0000] {logging_mixin.py:188} INFO - [2025-11-06T18:59:50.695+0000] {dag.py:3036} INFO - Sync 1 DAGs
[2025-11-06T18:59:50.751+0000] {processor.py:183} INFO - Processing /opt/airflow/dags/gold_dag.py took 0.139 seconds
[2025-11-06T19:00:21.623+0000] {processor.py:161} INFO - Started process (PID=47104) to work on /opt/airflow/dags/gold_dag.py
[2025-11-06T19:00:21.625+0000] {processor.py:830} INFO - Processing file /opt/airflow/dags/gold_dag.py for tasks to queue
[2025-11-06T19:00:21.627+0000] {logging_mixin.py:188} INFO - [2025-11-06T19:00:21.627+0000] {dagbag.py:538} INFO - Filling up the DagBag from /opt/airflow/dags/gold_dag.py
[2025-11-06T19:00:21.667+0000] {processor.py:840} INFO - DAG(s) 'gold_layer_pipeline' retrieved from /opt/airflow/dags/gold_dag.py
[2025-11-06T19:00:21.709+0000] {logging_mixin.py:188} INFO - [2025-11-06T19:00:21.709+0000] {dag.py:3036} INFO - Sync 1 DAGs
[2025-11-06T19:00:21.943+0000] {processor.py:183} INFO - Processing /opt/airflow/dags/gold_dag.py took 0.323 seconds
[2025-11-06T19:00:52.455+0000] {processor.py:161} INFO - Started process (PID=47139) to work on /opt/airflow/dags/gold_dag.py
[2025-11-06T19:00:52.456+0000] {processor.py:830} INFO - Processing file /opt/airflow/dags/gold_dag.py for tasks to queue
[2025-11-06T19:00:52.458+0000] {logging_mixin.py:188} INFO - [2025-11-06T19:00:52.458+0000] {dagbag.py:538} INFO - Filling up the DagBag from /opt/airflow/dags/gold_dag.py
[2025-11-06T19:00:52.512+0000] {processor.py:840} INFO - DAG(s) 'gold_layer_pipeline' retrieved from /opt/airflow/dags/gold_dag.py
[2025-11-06T19:00:52.556+0000] {logging_mixin.py:188} INFO - [2025-11-06T19:00:52.556+0000] {dag.py:3036} INFO - Sync 1 DAGs
[2025-11-06T19:00:52.759+0000] {processor.py:183} INFO - Processing /opt/airflow/dags/gold_dag.py took 0.308 seconds
[2025-11-06T19:01:23.038+0000] {processor.py:161} INFO - Started process (PID=47174) to work on /opt/airflow/dags/gold_dag.py
[2025-11-06T19:01:23.041+0000] {processor.py:830} INFO - Processing file /opt/airflow/dags/gold_dag.py for tasks to queue
[2025-11-06T19:01:23.042+0000] {logging_mixin.py:188} INFO - [2025-11-06T19:01:23.042+0000] {dagbag.py:538} INFO - Filling up the DagBag from /opt/airflow/dags/gold_dag.py
[2025-11-06T19:01:23.078+0000] {processor.py:840} INFO - DAG(s) 'gold_layer_pipeline' retrieved from /opt/airflow/dags/gold_dag.py
[2025-11-06T19:01:23.115+0000] {logging_mixin.py:188} INFO - [2025-11-06T19:01:23.114+0000] {dag.py:3036} INFO - Sync 1 DAGs
[2025-11-06T19:01:23.326+0000] {processor.py:183} INFO - Processing /opt/airflow/dags/gold_dag.py took 0.294 seconds
[2025-11-06T19:01:53.544+0000] {processor.py:161} INFO - Started process (PID=47209) to work on /opt/airflow/dags/gold_dag.py
[2025-11-06T19:01:53.546+0000] {processor.py:830} INFO - Processing file /opt/airflow/dags/gold_dag.py for tasks to queue
[2025-11-06T19:01:53.547+0000] {logging_mixin.py:188} INFO - [2025-11-06T19:01:53.547+0000] {dagbag.py:538} INFO - Filling up the DagBag from /opt/airflow/dags/gold_dag.py
[2025-11-06T19:01:53.589+0000] {processor.py:840} INFO - DAG(s) 'gold_layer_pipeline' retrieved from /opt/airflow/dags/gold_dag.py
[2025-11-06T19:01:53.627+0000] {logging_mixin.py:188} INFO - [2025-11-06T19:01:53.627+0000] {dag.py:3036} INFO - Sync 1 DAGs
[2025-11-06T19:01:53.701+0000] {processor.py:183} INFO - Processing /opt/airflow/dags/gold_dag.py took 0.162 seconds
[2025-11-06T19:02:23.947+0000] {processor.py:161} INFO - Started process (PID=47244) to work on /opt/airflow/dags/gold_dag.py
[2025-11-06T19:02:23.949+0000] {processor.py:830} INFO - Processing file /opt/airflow/dags/gold_dag.py for tasks to queue
[2025-11-06T19:02:23.952+0000] {logging_mixin.py:188} INFO - [2025-11-06T19:02:23.951+0000] {dagbag.py:538} INFO - Filling up the DagBag from /opt/airflow/dags/gold_dag.py
[2025-11-06T19:02:23.995+0000] {processor.py:840} INFO - DAG(s) 'gold_layer_pipeline' retrieved from /opt/airflow/dags/gold_dag.py
[2025-11-06T19:02:24.031+0000] {logging_mixin.py:188} INFO - [2025-11-06T19:02:24.031+0000] {dag.py:3036} INFO - Sync 1 DAGs
[2025-11-06T19:02:24.089+0000] {processor.py:183} INFO - Processing /opt/airflow/dags/gold_dag.py took 0.146 seconds
[2025-11-06T19:02:54.409+0000] {processor.py:161} INFO - Started process (PID=47279) to work on /opt/airflow/dags/gold_dag.py
[2025-11-06T19:02:54.410+0000] {processor.py:830} INFO - Processing file /opt/airflow/dags/gold_dag.py for tasks to queue
[2025-11-06T19:02:54.412+0000] {logging_mixin.py:188} INFO - [2025-11-06T19:02:54.412+0000] {dagbag.py:538} INFO - Filling up the DagBag from /opt/airflow/dags/gold_dag.py
[2025-11-06T19:02:54.454+0000] {processor.py:840} INFO - DAG(s) 'gold_layer_pipeline' retrieved from /opt/airflow/dags/gold_dag.py
[2025-11-06T19:02:54.501+0000] {logging_mixin.py:188} INFO - [2025-11-06T19:02:54.501+0000] {dag.py:3036} INFO - Sync 1 DAGs
[2025-11-06T19:02:54.562+0000] {processor.py:183} INFO - Processing /opt/airflow/dags/gold_dag.py took 0.157 seconds
[2025-11-06T19:03:24.886+0000] {processor.py:161} INFO - Started process (PID=47314) to work on /opt/airflow/dags/gold_dag.py
[2025-11-06T19:03:24.888+0000] {processor.py:830} INFO - Processing file /opt/airflow/dags/gold_dag.py for tasks to queue
[2025-11-06T19:03:24.890+0000] {logging_mixin.py:188} INFO - [2025-11-06T19:03:24.889+0000] {dagbag.py:538} INFO - Filling up the DagBag from /opt/airflow/dags/gold_dag.py
[2025-11-06T19:03:24.926+0000] {processor.py:840} INFO - DAG(s) 'gold_layer_pipeline' retrieved from /opt/airflow/dags/gold_dag.py
[2025-11-06T19:03:24.961+0000] {logging_mixin.py:188} INFO - [2025-11-06T19:03:24.961+0000] {dag.py:3036} INFO - Sync 1 DAGs
[2025-11-06T19:03:25.020+0000] {processor.py:183} INFO - Processing /opt/airflow/dags/gold_dag.py took 0.137 seconds
[2025-11-06T19:03:55.228+0000] {processor.py:161} INFO - Started process (PID=47349) to work on /opt/airflow/dags/gold_dag.py
[2025-11-06T19:03:55.230+0000] {processor.py:830} INFO - Processing file /opt/airflow/dags/gold_dag.py for tasks to queue
[2025-11-06T19:03:55.231+0000] {logging_mixin.py:188} INFO - [2025-11-06T19:03:55.231+0000] {dagbag.py:538} INFO - Filling up the DagBag from /opt/airflow/dags/gold_dag.py
[2025-11-06T19:03:55.270+0000] {processor.py:840} INFO - DAG(s) 'gold_layer_pipeline' retrieved from /opt/airflow/dags/gold_dag.py
[2025-11-06T19:03:55.310+0000] {logging_mixin.py:188} INFO - [2025-11-06T19:03:55.310+0000] {dag.py:3036} INFO - Sync 1 DAGs
[2025-11-06T19:03:55.364+0000] {processor.py:183} INFO - Processing /opt/airflow/dags/gold_dag.py took 0.140 seconds
[2025-11-06T19:04:25.494+0000] {processor.py:161} INFO - Started process (PID=47384) to work on /opt/airflow/dags/gold_dag.py
[2025-11-06T19:04:25.497+0000] {processor.py:830} INFO - Processing file /opt/airflow/dags/gold_dag.py for tasks to queue
[2025-11-06T19:04:25.499+0000] {logging_mixin.py:188} INFO - [2025-11-06T19:04:25.498+0000] {dagbag.py:538} INFO - Filling up the DagBag from /opt/airflow/dags/gold_dag.py
[2025-11-06T19:04:25.546+0000] {processor.py:840} INFO - DAG(s) 'gold_layer_pipeline' retrieved from /opt/airflow/dags/gold_dag.py
[2025-11-06T19:04:25.581+0000] {logging_mixin.py:188} INFO - [2025-11-06T19:04:25.580+0000] {dag.py:3036} INFO - Sync 1 DAGs
[2025-11-06T19:04:25.639+0000] {processor.py:183} INFO - Processing /opt/airflow/dags/gold_dag.py took 0.149 seconds
[2025-11-06T19:04:55.911+0000] {processor.py:161} INFO - Started process (PID=47419) to work on /opt/airflow/dags/gold_dag.py
[2025-11-06T19:04:55.913+0000] {processor.py:830} INFO - Processing file /opt/airflow/dags/gold_dag.py for tasks to queue
[2025-11-06T19:04:55.915+0000] {logging_mixin.py:188} INFO - [2025-11-06T19:04:55.915+0000] {dagbag.py:538} INFO - Filling up the DagBag from /opt/airflow/dags/gold_dag.py
[2025-11-06T19:04:55.966+0000] {processor.py:840} INFO - DAG(s) 'gold_layer_pipeline' retrieved from /opt/airflow/dags/gold_dag.py
[2025-11-06T19:04:56.000+0000] {logging_mixin.py:188} INFO - [2025-11-06T19:04:56.000+0000] {dag.py:3036} INFO - Sync 1 DAGs
[2025-11-06T19:04:56.085+0000] {processor.py:183} INFO - Processing /opt/airflow/dags/gold_dag.py took 0.177 seconds
[2025-11-06T19:05:26.292+0000] {processor.py:161} INFO - Started process (PID=47454) to work on /opt/airflow/dags/gold_dag.py
[2025-11-06T19:05:26.294+0000] {processor.py:830} INFO - Processing file /opt/airflow/dags/gold_dag.py for tasks to queue
[2025-11-06T19:05:26.296+0000] {logging_mixin.py:188} INFO - [2025-11-06T19:05:26.295+0000] {dagbag.py:538} INFO - Filling up the DagBag from /opt/airflow/dags/gold_dag.py
[2025-11-06T19:05:26.335+0000] {processor.py:840} INFO - DAG(s) 'gold_layer_pipeline' retrieved from /opt/airflow/dags/gold_dag.py
[2025-11-06T19:05:26.374+0000] {logging_mixin.py:188} INFO - [2025-11-06T19:05:26.374+0000] {dag.py:3036} INFO - Sync 1 DAGs
[2025-11-06T19:05:26.432+0000] {processor.py:183} INFO - Processing /opt/airflow/dags/gold_dag.py took 0.144 seconds
[2025-11-06T19:05:56.639+0000] {processor.py:161} INFO - Started process (PID=47489) to work on /opt/airflow/dags/gold_dag.py
[2025-11-06T19:05:56.642+0000] {processor.py:830} INFO - Processing file /opt/airflow/dags/gold_dag.py for tasks to queue
[2025-11-06T19:05:56.644+0000] {logging_mixin.py:188} INFO - [2025-11-06T19:05:56.643+0000] {dagbag.py:538} INFO - Filling up the DagBag from /opt/airflow/dags/gold_dag.py
[2025-11-06T19:05:56.695+0000] {processor.py:840} INFO - DAG(s) 'gold_layer_pipeline' retrieved from /opt/airflow/dags/gold_dag.py
[2025-11-06T19:05:56.735+0000] {logging_mixin.py:188} INFO - [2025-11-06T19:05:56.735+0000] {dag.py:3036} INFO - Sync 1 DAGs
[2025-11-06T19:05:56.790+0000] {processor.py:183} INFO - Processing /opt/airflow/dags/gold_dag.py took 0.155 seconds
[2025-11-06T19:06:26.893+0000] {processor.py:161} INFO - Started process (PID=47524) to work on /opt/airflow/dags/gold_dag.py
[2025-11-06T19:06:26.895+0000] {processor.py:830} INFO - Processing file /opt/airflow/dags/gold_dag.py for tasks to queue
[2025-11-06T19:06:26.896+0000] {logging_mixin.py:188} INFO - [2025-11-06T19:06:26.896+0000] {dagbag.py:538} INFO - Filling up the DagBag from /opt/airflow/dags/gold_dag.py
[2025-11-06T19:06:26.946+0000] {processor.py:840} INFO - DAG(s) 'gold_layer_pipeline' retrieved from /opt/airflow/dags/gold_dag.py
[2025-11-06T19:06:26.982+0000] {logging_mixin.py:188} INFO - [2025-11-06T19:06:26.982+0000] {dag.py:3036} INFO - Sync 1 DAGs
[2025-11-06T19:06:27.039+0000] {processor.py:183} INFO - Processing /opt/airflow/dags/gold_dag.py took 0.150 seconds
[2025-11-06T19:06:57.272+0000] {processor.py:161} INFO - Started process (PID=47559) to work on /opt/airflow/dags/gold_dag.py
[2025-11-06T19:06:57.274+0000] {processor.py:830} INFO - Processing file /opt/airflow/dags/gold_dag.py for tasks to queue
[2025-11-06T19:06:57.275+0000] {logging_mixin.py:188} INFO - [2025-11-06T19:06:57.275+0000] {dagbag.py:538} INFO - Filling up the DagBag from /opt/airflow/dags/gold_dag.py
[2025-11-06T19:06:57.316+0000] {processor.py:840} INFO - DAG(s) 'gold_layer_pipeline' retrieved from /opt/airflow/dags/gold_dag.py
[2025-11-06T19:06:57.352+0000] {logging_mixin.py:188} INFO - [2025-11-06T19:06:57.351+0000] {dag.py:3036} INFO - Sync 1 DAGs
[2025-11-06T19:06:57.407+0000] {processor.py:183} INFO - Processing /opt/airflow/dags/gold_dag.py took 0.139 seconds
[2025-11-06T19:07:27.723+0000] {processor.py:161} INFO - Started process (PID=47594) to work on /opt/airflow/dags/gold_dag.py
[2025-11-06T19:07:27.725+0000] {processor.py:830} INFO - Processing file /opt/airflow/dags/gold_dag.py for tasks to queue
[2025-11-06T19:07:27.727+0000] {logging_mixin.py:188} INFO - [2025-11-06T19:07:27.726+0000] {dagbag.py:538} INFO - Filling up the DagBag from /opt/airflow/dags/gold_dag.py
[2025-11-06T19:07:27.773+0000] {processor.py:840} INFO - DAG(s) 'gold_layer_pipeline' retrieved from /opt/airflow/dags/gold_dag.py
[2025-11-06T19:07:27.809+0000] {logging_mixin.py:188} INFO - [2025-11-06T19:07:27.809+0000] {dag.py:3036} INFO - Sync 1 DAGs
[2025-11-06T19:07:27.865+0000] {processor.py:183} INFO - Processing /opt/airflow/dags/gold_dag.py took 0.147 seconds
[2025-11-06T19:07:58.816+0000] {processor.py:161} INFO - Started process (PID=47629) to work on /opt/airflow/dags/gold_dag.py
[2025-11-06T19:07:58.819+0000] {processor.py:830} INFO - Processing file /opt/airflow/dags/gold_dag.py for tasks to queue
[2025-11-06T19:07:58.820+0000] {logging_mixin.py:188} INFO - [2025-11-06T19:07:58.820+0000] {dagbag.py:538} INFO - Filling up the DagBag from /opt/airflow/dags/gold_dag.py
[2025-11-06T19:07:58.866+0000] {processor.py:840} INFO - DAG(s) 'gold_layer_pipeline' retrieved from /opt/airflow/dags/gold_dag.py
[2025-11-06T19:07:58.906+0000] {logging_mixin.py:188} INFO - [2025-11-06T19:07:58.906+0000] {dag.py:3036} INFO - Sync 1 DAGs
[2025-11-06T19:07:58.960+0000] {processor.py:183} INFO - Processing /opt/airflow/dags/gold_dag.py took 0.148 seconds
[2025-11-06T19:08:29.256+0000] {processor.py:161} INFO - Started process (PID=47664) to work on /opt/airflow/dags/gold_dag.py
[2025-11-06T19:08:29.259+0000] {processor.py:830} INFO - Processing file /opt/airflow/dags/gold_dag.py for tasks to queue
[2025-11-06T19:08:29.260+0000] {logging_mixin.py:188} INFO - [2025-11-06T19:08:29.260+0000] {dagbag.py:538} INFO - Filling up the DagBag from /opt/airflow/dags/gold_dag.py
[2025-11-06T19:08:29.306+0000] {processor.py:840} INFO - DAG(s) 'gold_layer_pipeline' retrieved from /opt/airflow/dags/gold_dag.py
[2025-11-06T19:08:29.343+0000] {logging_mixin.py:188} INFO - [2025-11-06T19:08:29.342+0000] {dag.py:3036} INFO - Sync 1 DAGs
[2025-11-06T19:08:29.406+0000] {processor.py:183} INFO - Processing /opt/airflow/dags/gold_dag.py took 0.154 seconds
[2025-11-06T19:08:59.493+0000] {processor.py:161} INFO - Started process (PID=47699) to work on /opt/airflow/dags/gold_dag.py
[2025-11-06T19:08:59.495+0000] {processor.py:830} INFO - Processing file /opt/airflow/dags/gold_dag.py for tasks to queue
[2025-11-06T19:08:59.496+0000] {logging_mixin.py:188} INFO - [2025-11-06T19:08:59.496+0000] {dagbag.py:538} INFO - Filling up the DagBag from /opt/airflow/dags/gold_dag.py
[2025-11-06T19:08:59.536+0000] {processor.py:840} INFO - DAG(s) 'gold_layer_pipeline' retrieved from /opt/airflow/dags/gold_dag.py
[2025-11-06T19:08:59.573+0000] {logging_mixin.py:188} INFO - [2025-11-06T19:08:59.573+0000] {dag.py:3036} INFO - Sync 1 DAGs
[2025-11-06T19:08:59.631+0000] {processor.py:183} INFO - Processing /opt/airflow/dags/gold_dag.py took 0.143 seconds
[2025-11-06T19:09:29.785+0000] {processor.py:161} INFO - Started process (PID=47734) to work on /opt/airflow/dags/gold_dag.py
[2025-11-06T19:09:29.787+0000] {processor.py:830} INFO - Processing file /opt/airflow/dags/gold_dag.py for tasks to queue
[2025-11-06T19:09:29.788+0000] {logging_mixin.py:188} INFO - [2025-11-06T19:09:29.788+0000] {dagbag.py:538} INFO - Filling up the DagBag from /opt/airflow/dags/gold_dag.py
[2025-11-06T19:09:29.828+0000] {processor.py:840} INFO - DAG(s) 'gold_layer_pipeline' retrieved from /opt/airflow/dags/gold_dag.py
[2025-11-06T19:09:29.866+0000] {logging_mixin.py:188} INFO - [2025-11-06T19:09:29.866+0000] {dag.py:3036} INFO - Sync 1 DAGs
[2025-11-06T19:09:29.925+0000] {processor.py:183} INFO - Processing /opt/airflow/dags/gold_dag.py took 0.145 seconds
[2025-11-06T19:10:00.256+0000] {processor.py:161} INFO - Started process (PID=47769) to work on /opt/airflow/dags/gold_dag.py
[2025-11-06T19:10:00.257+0000] {processor.py:830} INFO - Processing file /opt/airflow/dags/gold_dag.py for tasks to queue
[2025-11-06T19:10:00.260+0000] {logging_mixin.py:188} INFO - [2025-11-06T19:10:00.259+0000] {dagbag.py:538} INFO - Filling up the DagBag from /opt/airflow/dags/gold_dag.py
[2025-11-06T19:10:00.294+0000] {processor.py:840} INFO - DAG(s) 'gold_layer_pipeline' retrieved from /opt/airflow/dags/gold_dag.py
[2025-11-06T19:10:00.329+0000] {logging_mixin.py:188} INFO - [2025-11-06T19:10:00.329+0000] {dag.py:3036} INFO - Sync 1 DAGs
[2025-11-06T19:10:00.402+0000] {processor.py:183} INFO - Processing /opt/airflow/dags/gold_dag.py took 0.151 seconds
[2025-11-06T19:10:30.537+0000] {processor.py:161} INFO - Started process (PID=47804) to work on /opt/airflow/dags/gold_dag.py
[2025-11-06T19:10:30.540+0000] {processor.py:830} INFO - Processing file /opt/airflow/dags/gold_dag.py for tasks to queue
[2025-11-06T19:10:30.541+0000] {logging_mixin.py:188} INFO - [2025-11-06T19:10:30.541+0000] {dagbag.py:538} INFO - Filling up the DagBag from /opt/airflow/dags/gold_dag.py
[2025-11-06T19:10:30.572+0000] {processor.py:840} INFO - DAG(s) 'gold_layer_pipeline' retrieved from /opt/airflow/dags/gold_dag.py
[2025-11-06T19:10:30.612+0000] {logging_mixin.py:188} INFO - [2025-11-06T19:10:30.611+0000] {dag.py:3036} INFO - Sync 1 DAGs
[2025-11-06T19:10:30.676+0000] {processor.py:183} INFO - Processing /opt/airflow/dags/gold_dag.py took 0.144 seconds
[2025-11-06T19:11:00.898+0000] {processor.py:161} INFO - Started process (PID=47839) to work on /opt/airflow/dags/gold_dag.py
[2025-11-06T19:11:00.900+0000] {processor.py:830} INFO - Processing file /opt/airflow/dags/gold_dag.py for tasks to queue
[2025-11-06T19:11:00.901+0000] {logging_mixin.py:188} INFO - [2025-11-06T19:11:00.901+0000] {dagbag.py:538} INFO - Filling up the DagBag from /opt/airflow/dags/gold_dag.py
[2025-11-06T19:11:00.948+0000] {processor.py:840} INFO - DAG(s) 'gold_layer_pipeline' retrieved from /opt/airflow/dags/gold_dag.py
[2025-11-06T19:11:00.986+0000] {logging_mixin.py:188} INFO - [2025-11-06T19:11:00.986+0000] {dag.py:3036} INFO - Sync 1 DAGs
[2025-11-06T19:11:01.040+0000] {processor.py:183} INFO - Processing /opt/airflow/dags/gold_dag.py took 0.146 seconds
[2025-11-06T19:11:31.269+0000] {processor.py:161} INFO - Started process (PID=47874) to work on /opt/airflow/dags/gold_dag.py
[2025-11-06T19:11:31.271+0000] {processor.py:830} INFO - Processing file /opt/airflow/dags/gold_dag.py for tasks to queue
[2025-11-06T19:11:31.273+0000] {logging_mixin.py:188} INFO - [2025-11-06T19:11:31.273+0000] {dagbag.py:538} INFO - Filling up the DagBag from /opt/airflow/dags/gold_dag.py
[2025-11-06T19:11:31.315+0000] {processor.py:840} INFO - DAG(s) 'gold_layer_pipeline' retrieved from /opt/airflow/dags/gold_dag.py
[2025-11-06T19:11:31.356+0000] {logging_mixin.py:188} INFO - [2025-11-06T19:11:31.355+0000] {dag.py:3036} INFO - Sync 1 DAGs
[2025-11-06T19:11:31.418+0000] {processor.py:183} INFO - Processing /opt/airflow/dags/gold_dag.py took 0.155 seconds
[2025-11-06T19:12:01.760+0000] {processor.py:161} INFO - Started process (PID=47909) to work on /opt/airflow/dags/gold_dag.py
[2025-11-06T19:12:01.762+0000] {processor.py:830} INFO - Processing file /opt/airflow/dags/gold_dag.py for tasks to queue
[2025-11-06T19:12:01.765+0000] {logging_mixin.py:188} INFO - [2025-11-06T19:12:01.764+0000] {dagbag.py:538} INFO - Filling up the DagBag from /opt/airflow/dags/gold_dag.py
[2025-11-06T19:12:01.820+0000] {processor.py:840} INFO - DAG(s) 'gold_layer_pipeline' retrieved from /opt/airflow/dags/gold_dag.py
[2025-11-06T19:12:01.902+0000] {logging_mixin.py:188} INFO - [2025-11-06T19:12:01.901+0000] {dag.py:3036} INFO - Sync 1 DAGs
[2025-11-06T19:12:02.010+0000] {processor.py:183} INFO - Processing /opt/airflow/dags/gold_dag.py took 0.263 seconds
[2025-11-06T19:12:32.451+0000] {processor.py:161} INFO - Started process (PID=47944) to work on /opt/airflow/dags/gold_dag.py
[2025-11-06T19:12:32.453+0000] {processor.py:830} INFO - Processing file /opt/airflow/dags/gold_dag.py for tasks to queue
[2025-11-06T19:12:32.454+0000] {logging_mixin.py:188} INFO - [2025-11-06T19:12:32.454+0000] {dagbag.py:538} INFO - Filling up the DagBag from /opt/airflow/dags/gold_dag.py
[2025-11-06T19:12:32.499+0000] {processor.py:840} INFO - DAG(s) 'gold_layer_pipeline' retrieved from /opt/airflow/dags/gold_dag.py
[2025-11-06T19:12:32.556+0000] {logging_mixin.py:188} INFO - [2025-11-06T19:12:32.556+0000] {dag.py:3036} INFO - Sync 1 DAGs
[2025-11-06T19:12:32.621+0000] {processor.py:183} INFO - Processing /opt/airflow/dags/gold_dag.py took 0.174 seconds
[2025-11-06T19:13:02.873+0000] {processor.py:161} INFO - Started process (PID=47979) to work on /opt/airflow/dags/gold_dag.py
[2025-11-06T19:13:02.875+0000] {processor.py:830} INFO - Processing file /opt/airflow/dags/gold_dag.py for tasks to queue
[2025-11-06T19:13:02.877+0000] {logging_mixin.py:188} INFO - [2025-11-06T19:13:02.877+0000] {dagbag.py:538} INFO - Filling up the DagBag from /opt/airflow/dags/gold_dag.py
[2025-11-06T19:13:02.934+0000] {processor.py:840} INFO - DAG(s) 'gold_layer_pipeline' retrieved from /opt/airflow/dags/gold_dag.py
[2025-11-06T19:13:02.973+0000] {logging_mixin.py:188} INFO - [2025-11-06T19:13:02.972+0000] {dag.py:3036} INFO - Sync 1 DAGs
[2025-11-06T19:13:03.025+0000] {processor.py:183} INFO - Processing /opt/airflow/dags/gold_dag.py took 0.157 seconds
[2025-11-06T19:13:33.115+0000] {processor.py:161} INFO - Started process (PID=48014) to work on /opt/airflow/dags/gold_dag.py
[2025-11-06T19:13:33.117+0000] {processor.py:830} INFO - Processing file /opt/airflow/dags/gold_dag.py for tasks to queue
[2025-11-06T19:13:33.118+0000] {logging_mixin.py:188} INFO - [2025-11-06T19:13:33.118+0000] {dagbag.py:538} INFO - Filling up the DagBag from /opt/airflow/dags/gold_dag.py
[2025-11-06T19:13:33.159+0000] {processor.py:840} INFO - DAG(s) 'gold_layer_pipeline' retrieved from /opt/airflow/dags/gold_dag.py
[2025-11-06T19:13:33.194+0000] {logging_mixin.py:188} INFO - [2025-11-06T19:13:33.194+0000] {dag.py:3036} INFO - Sync 1 DAGs
[2025-11-06T19:13:33.251+0000] {processor.py:183} INFO - Processing /opt/airflow/dags/gold_dag.py took 0.141 seconds
[2025-11-06T19:14:03.559+0000] {processor.py:161} INFO - Started process (PID=48049) to work on /opt/airflow/dags/gold_dag.py
[2025-11-06T19:14:03.562+0000] {processor.py:830} INFO - Processing file /opt/airflow/dags/gold_dag.py for tasks to queue
[2025-11-06T19:14:03.565+0000] {logging_mixin.py:188} INFO - [2025-11-06T19:14:03.564+0000] {dagbag.py:538} INFO - Filling up the DagBag from /opt/airflow/dags/gold_dag.py
[2025-11-06T19:14:03.604+0000] {processor.py:840} INFO - DAG(s) 'gold_layer_pipeline' retrieved from /opt/airflow/dags/gold_dag.py
[2025-11-06T19:14:03.642+0000] {logging_mixin.py:188} INFO - [2025-11-06T19:14:03.642+0000] {dag.py:3036} INFO - Sync 1 DAGs
[2025-11-06T19:14:03.710+0000] {processor.py:183} INFO - Processing /opt/airflow/dags/gold_dag.py took 0.160 seconds
[2025-11-06T19:14:33.891+0000] {processor.py:161} INFO - Started process (PID=48084) to work on /opt/airflow/dags/gold_dag.py
[2025-11-06T19:14:33.893+0000] {processor.py:830} INFO - Processing file /opt/airflow/dags/gold_dag.py for tasks to queue
[2025-11-06T19:14:33.895+0000] {logging_mixin.py:188} INFO - [2025-11-06T19:14:33.895+0000] {dagbag.py:538} INFO - Filling up the DagBag from /opt/airflow/dags/gold_dag.py
[2025-11-06T19:14:33.928+0000] {processor.py:840} INFO - DAG(s) 'gold_layer_pipeline' retrieved from /opt/airflow/dags/gold_dag.py
[2025-11-06T19:14:33.963+0000] {logging_mixin.py:188} INFO - [2025-11-06T19:14:33.963+0000] {dag.py:3036} INFO - Sync 1 DAGs
[2025-11-06T19:14:34.025+0000] {processor.py:183} INFO - Processing /opt/airflow/dags/gold_dag.py took 0.138 seconds
[2025-11-06T19:15:04.256+0000] {processor.py:161} INFO - Started process (PID=48119) to work on /opt/airflow/dags/gold_dag.py
[2025-11-06T19:15:04.258+0000] {processor.py:830} INFO - Processing file /opt/airflow/dags/gold_dag.py for tasks to queue
[2025-11-06T19:15:04.260+0000] {logging_mixin.py:188} INFO - [2025-11-06T19:15:04.259+0000] {dagbag.py:538} INFO - Filling up the DagBag from /opt/airflow/dags/gold_dag.py
[2025-11-06T19:15:04.307+0000] {processor.py:840} INFO - DAG(s) 'gold_layer_pipeline' retrieved from /opt/airflow/dags/gold_dag.py
[2025-11-06T19:15:04.348+0000] {logging_mixin.py:188} INFO - [2025-11-06T19:15:04.347+0000] {dag.py:3036} INFO - Sync 1 DAGs
[2025-11-06T19:15:04.437+0000] {processor.py:183} INFO - Processing /opt/airflow/dags/gold_dag.py took 0.185 seconds
[2025-11-06T19:15:34.564+0000] {processor.py:161} INFO - Started process (PID=48154) to work on /opt/airflow/dags/gold_dag.py
[2025-11-06T19:15:34.570+0000] {processor.py:830} INFO - Processing file /opt/airflow/dags/gold_dag.py for tasks to queue
[2025-11-06T19:15:34.573+0000] {logging_mixin.py:188} INFO - [2025-11-06T19:15:34.572+0000] {dagbag.py:538} INFO - Filling up the DagBag from /opt/airflow/dags/gold_dag.py
[2025-11-06T19:15:34.626+0000] {processor.py:840} INFO - DAG(s) 'gold_layer_pipeline' retrieved from /opt/airflow/dags/gold_dag.py
[2025-11-06T19:15:34.689+0000] {logging_mixin.py:188} INFO - [2025-11-06T19:15:34.689+0000] {dag.py:3036} INFO - Sync 1 DAGs
[2025-11-06T19:15:34.772+0000] {processor.py:183} INFO - Processing /opt/airflow/dags/gold_dag.py took 0.215 seconds
[2025-11-06T19:16:05.021+0000] {processor.py:161} INFO - Started process (PID=48189) to work on /opt/airflow/dags/gold_dag.py
[2025-11-06T19:16:05.024+0000] {processor.py:830} INFO - Processing file /opt/airflow/dags/gold_dag.py for tasks to queue
[2025-11-06T19:16:05.025+0000] {logging_mixin.py:188} INFO - [2025-11-06T19:16:05.025+0000] {dagbag.py:538} INFO - Filling up the DagBag from /opt/airflow/dags/gold_dag.py
[2025-11-06T19:16:05.058+0000] {processor.py:840} INFO - DAG(s) 'gold_layer_pipeline' retrieved from /opt/airflow/dags/gold_dag.py
[2025-11-06T19:16:05.092+0000] {logging_mixin.py:188} INFO - [2025-11-06T19:16:05.092+0000] {dag.py:3036} INFO - Sync 1 DAGs
[2025-11-06T19:16:05.142+0000] {processor.py:183} INFO - Processing /opt/airflow/dags/gold_dag.py took 0.127 seconds
[2025-11-06T19:16:35.277+0000] {processor.py:161} INFO - Started process (PID=48224) to work on /opt/airflow/dags/gold_dag.py
[2025-11-06T19:16:35.279+0000] {processor.py:830} INFO - Processing file /opt/airflow/dags/gold_dag.py for tasks to queue
[2025-11-06T19:16:35.280+0000] {logging_mixin.py:188} INFO - [2025-11-06T19:16:35.280+0000] {dagbag.py:538} INFO - Filling up the DagBag from /opt/airflow/dags/gold_dag.py
[2025-11-06T19:16:35.308+0000] {processor.py:840} INFO - DAG(s) 'gold_layer_pipeline' retrieved from /opt/airflow/dags/gold_dag.py
[2025-11-06T19:16:35.339+0000] {logging_mixin.py:188} INFO - [2025-11-06T19:16:35.339+0000] {dag.py:3036} INFO - Sync 1 DAGs
[2025-11-06T19:16:35.386+0000] {processor.py:183} INFO - Processing /opt/airflow/dags/gold_dag.py took 0.112 seconds
[2025-11-06T19:17:05.533+0000] {processor.py:161} INFO - Started process (PID=48254) to work on /opt/airflow/dags/gold_dag.py
[2025-11-06T19:17:05.535+0000] {processor.py:830} INFO - Processing file /opt/airflow/dags/gold_dag.py for tasks to queue
[2025-11-06T19:17:05.537+0000] {logging_mixin.py:188} INFO - [2025-11-06T19:17:05.537+0000] {dagbag.py:538} INFO - Filling up the DagBag from /opt/airflow/dags/gold_dag.py
[2025-11-06T19:17:05.575+0000] {processor.py:840} INFO - DAG(s) 'gold_layer_pipeline' retrieved from /opt/airflow/dags/gold_dag.py
[2025-11-06T19:17:05.610+0000] {logging_mixin.py:188} INFO - [2025-11-06T19:17:05.610+0000] {dag.py:3036} INFO - Sync 1 DAGs
[2025-11-06T19:17:05.672+0000] {processor.py:183} INFO - Processing /opt/airflow/dags/gold_dag.py took 0.146 seconds
[2025-11-06T19:17:35.997+0000] {processor.py:161} INFO - Started process (PID=48289) to work on /opt/airflow/dags/gold_dag.py
[2025-11-06T19:17:35.999+0000] {processor.py:830} INFO - Processing file /opt/airflow/dags/gold_dag.py for tasks to queue
[2025-11-06T19:17:36.001+0000] {logging_mixin.py:188} INFO - [2025-11-06T19:17:36.000+0000] {dagbag.py:538} INFO - Filling up the DagBag from /opt/airflow/dags/gold_dag.py
[2025-11-06T19:17:36.040+0000] {processor.py:840} INFO - DAG(s) 'gold_layer_pipeline' retrieved from /opt/airflow/dags/gold_dag.py
[2025-11-06T19:17:36.084+0000] {logging_mixin.py:188} INFO - [2025-11-06T19:17:36.084+0000] {dag.py:3036} INFO - Sync 1 DAGs
[2025-11-06T19:17:36.157+0000] {processor.py:183} INFO - Processing /opt/airflow/dags/gold_dag.py took 0.166 seconds
[2025-11-06T19:19:15.493+0000] {processor.py:161} INFO - Started process (PID=48326) to work on /opt/airflow/dags/gold_dag.py
[2025-11-06T19:19:15.527+0000] {processor.py:830} INFO - Processing file /opt/airflow/dags/gold_dag.py for tasks to queue
[2025-11-06T19:19:15.538+0000] {logging_mixin.py:188} INFO - [2025-11-06T19:19:15.538+0000] {dagbag.py:538} INFO - Filling up the DagBag from /opt/airflow/dags/gold_dag.py
[2025-11-06T19:19:15.724+0000] {processor.py:840} INFO - DAG(s) 'gold_layer_pipeline' retrieved from /opt/airflow/dags/gold_dag.py
[2025-11-06T19:19:15.831+0000] {logging_mixin.py:188} INFO - [2025-11-06T19:19:15.829+0000] {dag.py:3036} INFO - Sync 1 DAGs
[2025-11-06T19:19:15.995+0000] {processor.py:183} INFO - Processing /opt/airflow/dags/gold_dag.py took 0.511 seconds
