[2025-11-02T00:30:55.784+0000] {taskinstance.py:1956} INFO - Dependencies all met for dep_context=non-requeueable deps ti=<TaskInstance: gold_dimensions_pipeline.dbt_dim_date scheduled__2025-10-28T00:00:00+00:00 [queued]>
[2025-11-02T00:30:55.802+0000] {taskinstance.py:1956} INFO - Dependencies all met for dep_context=requeueable deps ti=<TaskInstance: gold_dimensions_pipeline.dbt_dim_date scheduled__2025-10-28T00:00:00+00:00 [queued]>
[2025-11-02T00:30:55.806+0000] {taskinstance.py:2170} INFO - Starting attempt 1 of 2
[2025-11-02T00:30:55.827+0000] {taskinstance.py:2191} INFO - Executing <Task(PythonOperator): dbt_dim_date> on 2025-10-28 00:00:00+00:00
[2025-11-02T00:30:55.836+0000] {standard_task_runner.py:60} INFO - Started process 16738 to run task
[2025-11-02T00:30:55.843+0000] {standard_task_runner.py:87} INFO - Running: ['***', 'tasks', 'run', 'gold_dimensions_pipeline', 'dbt_dim_date', 'scheduled__2025-10-28T00:00:00+00:00', '--job-id', '423', '--raw', '--subdir', 'DAGS_FOLDER/gold_dag.py', '--cfg-path', '/tmp/tmpzoh288ks']
[2025-11-02T00:30:55.848+0000] {standard_task_runner.py:88} INFO - Job 423: Subtask dbt_dim_date
[2025-11-02T00:30:55.952+0000] {task_command.py:423} INFO - Running <TaskInstance: gold_dimensions_pipeline.dbt_dim_date scheduled__2025-10-28T00:00:00+00:00 [running]> on host 6335aa85b335
[2025-11-02T00:30:56.088+0000] {taskinstance.py:2480} INFO - Exporting env vars: AIRFLOW_CTX_DAG_OWNER='***' AIRFLOW_CTX_DAG_ID='gold_dimensions_pipeline' AIRFLOW_CTX_TASK_ID='dbt_dim_date' AIRFLOW_CTX_EXECUTION_DATE='2025-10-28T00:00:00+00:00' AIRFLOW_CTX_TRY_NUMBER='1' AIRFLOW_CTX_DAG_RUN_ID='scheduled__2025-10-28T00:00:00+00:00'
[2025-11-02T00:31:05.995+0000] {python.py:201} INFO - Done. Returned value was: None
[2025-11-02T00:31:06.017+0000] {taskinstance.py:1138} INFO - Marking task as SUCCESS. dag_id=gold_dimensions_pipeline, task_id=dbt_dim_date, execution_date=20251028T000000, start_date=20251102T003055, end_date=20251102T003106
[2025-11-02T00:31:06.077+0000] {local_task_job_runner.py:234} INFO - Task exited with return code 0
[2025-11-02T00:31:06.097+0000] {taskinstance.py:3280} INFO - 0 downstream tasks scheduled from follow-on schedule check
[2025-11-02T11:57:56.519+0000] {taskinstance.py:1956} INFO - Dependencies all met for dep_context=non-requeueable deps ti=<TaskInstance: gold_dimensions_pipeline.dbt_dim_date scheduled__2025-10-28T00:00:00+00:00 [queued]>
[2025-11-02T11:57:56.528+0000] {taskinstance.py:1956} INFO - Dependencies all met for dep_context=requeueable deps ti=<TaskInstance: gold_dimensions_pipeline.dbt_dim_date scheduled__2025-10-28T00:00:00+00:00 [queued]>
[2025-11-02T11:57:56.529+0000] {taskinstance.py:2170} INFO - Starting attempt 1 of 3
[2025-11-02T11:57:56.542+0000] {taskinstance.py:2191} INFO - Executing <Task(PythonOperator): dbt_dim_date> on 2025-10-28 00:00:00+00:00
[2025-11-02T11:57:56.550+0000] {standard_task_runner.py:60} INFO - Started process 6397 to run task
[2025-11-02T11:57:56.554+0000] {standard_task_runner.py:87} INFO - Running: ['***', 'tasks', 'run', 'gold_dimensions_pipeline', 'dbt_dim_date', 'scheduled__2025-10-28T00:00:00+00:00', '--job-id', '380', '--raw', '--subdir', 'DAGS_FOLDER/gold_dag.py', '--cfg-path', '/tmp/tmp5t3zqv2n']
[2025-11-02T11:57:56.557+0000] {standard_task_runner.py:88} INFO - Job 380: Subtask dbt_dim_date
[2025-11-02T11:57:56.636+0000] {task_command.py:423} INFO - Running <TaskInstance: gold_dimensions_pipeline.dbt_dim_date scheduled__2025-10-28T00:00:00+00:00 [running]> on host 0d39d4365eb9
[2025-11-02T11:57:56.732+0000] {taskinstance.py:2480} INFO - Exporting env vars: AIRFLOW_CTX_DAG_OWNER='***' AIRFLOW_CTX_DAG_ID='gold_dimensions_pipeline' AIRFLOW_CTX_TASK_ID='dbt_dim_date' AIRFLOW_CTX_EXECUTION_DATE='2025-10-28T00:00:00+00:00' AIRFLOW_CTX_TRY_NUMBER='1' AIRFLOW_CTX_DAG_RUN_ID='scheduled__2025-10-28T00:00:00+00:00'
[2025-11-02T11:58:02.954+0000] {logging_mixin.py:188} INFO - ==== DBT STDOUT ====
[2025-11-02T11:58:02.955+0000] {logging_mixin.py:188} INFO - 11:57:59  Running with dbt=1.5.9
11:57:59  Registered adapter: clickhouse=1.5.2
11:58:00  [WARNING]: Configuration paths exist in your dbt_project.yml file which do not apply to any resources.
There are 2 unused configuration paths:
- models.ck_project.gold.fact
- models.ck_project.bronze
11:58:00  Found 7 models, 17 tests, 0 snapshots, 0 analyses, 349 macros, 0 operations, 0 seed files, 6 sources, 0 exposures, 0 metrics, 0 groups
11:58:00  
11:58:01  Concurrency: 4 threads (target='dev')
11:58:01  
11:58:01  1 of 1 START sql table model gold.dim_date ..................................... [RUN]
11:58:01  1 of 1 OK created sql table model gold.dim_date ................................ [OK in 0.32s]
11:58:01  
11:58:01  Finished running 1 table model in 0 hours 0 minutes and 0.86 seconds (0.86s).
11:58:01  
11:58:01  Completed successfully
11:58:01  
11:58:01  Done. PASS=1 WARN=0 ERROR=0 SKIP=0 TOTAL=1
[2025-11-02T11:58:02.956+0000] {logging_mixin.py:188} INFO - ==== DBT STDERR ====
[2025-11-02T11:58:02.957+0000] {python.py:201} INFO - Done. Returned value was: None
[2025-11-02T11:58:02.976+0000] {taskinstance.py:1138} INFO - Marking task as SUCCESS. dag_id=gold_dimensions_pipeline, task_id=dbt_dim_date, execution_date=20251028T000000, start_date=20251102T115756, end_date=20251102T115802
[2025-11-02T11:58:03.023+0000] {local_task_job_runner.py:234} INFO - Task exited with return code 0
[2025-11-02T11:58:03.071+0000] {taskinstance.py:3280} INFO - 3 downstream tasks scheduled from follow-on schedule check
