[2025-11-04T13:11:38.736+0000] {processor.py:161} INFO - Started process (PID=34603) to work on /opt/airflow/dags/pipelines/payments_to_clickhouse.py
[2025-11-04T13:11:38.755+0000] {processor.py:830} INFO - Processing file /opt/airflow/dags/pipelines/payments_to_clickhouse.py for tasks to queue
[2025-11-04T13:11:38.775+0000] {logging_mixin.py:188} INFO - [2025-11-04T13:11:38.773+0000] {dagbag.py:538} INFO - Filling up the DagBag from /opt/airflow/dags/pipelines/payments_to_clickhouse.py
[2025-11-04T13:11:38.990+0000] {processor.py:842} WARNING - No viable dags retrieved from /opt/airflow/dags/pipelines/payments_to_clickhouse.py
[2025-11-04T13:11:39.069+0000] {processor.py:183} INFO - Processing /opt/airflow/dags/pipelines/payments_to_clickhouse.py took 0.354 seconds
[2025-11-04T13:12:09.387+0000] {processor.py:161} INFO - Started process (PID=34705) to work on /opt/airflow/dags/pipelines/payments_to_clickhouse.py
[2025-11-04T13:12:09.393+0000] {processor.py:830} INFO - Processing file /opt/airflow/dags/pipelines/payments_to_clickhouse.py for tasks to queue
[2025-11-04T13:12:09.396+0000] {logging_mixin.py:188} INFO - [2025-11-04T13:12:09.395+0000] {dagbag.py:538} INFO - Filling up the DagBag from /opt/airflow/dags/pipelines/payments_to_clickhouse.py
[2025-11-04T13:12:09.436+0000] {processor.py:842} WARNING - No viable dags retrieved from /opt/airflow/dags/pipelines/payments_to_clickhouse.py
[2025-11-04T13:12:09.484+0000] {processor.py:183} INFO - Processing /opt/airflow/dags/pipelines/payments_to_clickhouse.py took 0.104 seconds
[2025-11-04T13:12:39.759+0000] {processor.py:161} INFO - Started process (PID=34740) to work on /opt/airflow/dags/pipelines/payments_to_clickhouse.py
[2025-11-04T13:12:39.762+0000] {processor.py:830} INFO - Processing file /opt/airflow/dags/pipelines/payments_to_clickhouse.py for tasks to queue
[2025-11-04T13:12:39.764+0000] {logging_mixin.py:188} INFO - [2025-11-04T13:12:39.763+0000] {dagbag.py:538} INFO - Filling up the DagBag from /opt/airflow/dags/pipelines/payments_to_clickhouse.py
[2025-11-04T13:12:39.815+0000] {processor.py:842} WARNING - No viable dags retrieved from /opt/airflow/dags/pipelines/payments_to_clickhouse.py
[2025-11-04T13:12:39.874+0000] {processor.py:183} INFO - Processing /opt/airflow/dags/pipelines/payments_to_clickhouse.py took 0.124 seconds
[2025-11-04T13:13:10.096+0000] {processor.py:161} INFO - Started process (PID=34775) to work on /opt/airflow/dags/pipelines/payments_to_clickhouse.py
[2025-11-04T13:13:10.098+0000] {processor.py:830} INFO - Processing file /opt/airflow/dags/pipelines/payments_to_clickhouse.py for tasks to queue
[2025-11-04T13:13:10.100+0000] {logging_mixin.py:188} INFO - [2025-11-04T13:13:10.099+0000] {dagbag.py:538} INFO - Filling up the DagBag from /opt/airflow/dags/pipelines/payments_to_clickhouse.py
[2025-11-04T13:13:10.139+0000] {processor.py:842} WARNING - No viable dags retrieved from /opt/airflow/dags/pipelines/payments_to_clickhouse.py
[2025-11-04T13:13:10.168+0000] {processor.py:183} INFO - Processing /opt/airflow/dags/pipelines/payments_to_clickhouse.py took 0.078 seconds
[2025-11-04T13:13:41.353+0000] {processor.py:161} INFO - Started process (PID=34810) to work on /opt/airflow/dags/pipelines/payments_to_clickhouse.py
[2025-11-04T13:13:41.356+0000] {processor.py:830} INFO - Processing file /opt/airflow/dags/pipelines/payments_to_clickhouse.py for tasks to queue
[2025-11-04T13:13:41.365+0000] {logging_mixin.py:188} INFO - [2025-11-04T13:13:41.363+0000] {dagbag.py:538} INFO - Filling up the DagBag from /opt/airflow/dags/pipelines/payments_to_clickhouse.py
[2025-11-04T13:13:41.401+0000] {processor.py:842} WARNING - No viable dags retrieved from /opt/airflow/dags/pipelines/payments_to_clickhouse.py
[2025-11-04T13:13:41.464+0000] {processor.py:183} INFO - Processing /opt/airflow/dags/pipelines/payments_to_clickhouse.py took 0.125 seconds
[2025-11-04T13:14:11.910+0000] {processor.py:161} INFO - Started process (PID=34845) to work on /opt/airflow/dags/pipelines/payments_to_clickhouse.py
[2025-11-04T13:14:11.912+0000] {processor.py:830} INFO - Processing file /opt/airflow/dags/pipelines/payments_to_clickhouse.py for tasks to queue
[2025-11-04T13:14:11.914+0000] {logging_mixin.py:188} INFO - [2025-11-04T13:14:11.914+0000] {dagbag.py:538} INFO - Filling up the DagBag from /opt/airflow/dags/pipelines/payments_to_clickhouse.py
[2025-11-04T13:14:11.945+0000] {processor.py:842} WARNING - No viable dags retrieved from /opt/airflow/dags/pipelines/payments_to_clickhouse.py
[2025-11-04T13:14:11.978+0000] {processor.py:183} INFO - Processing /opt/airflow/dags/pipelines/payments_to_clickhouse.py took 0.072 seconds
[2025-11-04T13:14:42.302+0000] {processor.py:161} INFO - Started process (PID=34880) to work on /opt/airflow/dags/pipelines/payments_to_clickhouse.py
[2025-11-04T13:14:42.304+0000] {processor.py:830} INFO - Processing file /opt/airflow/dags/pipelines/payments_to_clickhouse.py for tasks to queue
[2025-11-04T13:14:42.306+0000] {logging_mixin.py:188} INFO - [2025-11-04T13:14:42.305+0000] {dagbag.py:538} INFO - Filling up the DagBag from /opt/airflow/dags/pipelines/payments_to_clickhouse.py
[2025-11-04T13:14:42.337+0000] {processor.py:842} WARNING - No viable dags retrieved from /opt/airflow/dags/pipelines/payments_to_clickhouse.py
[2025-11-04T13:14:42.365+0000] {processor.py:183} INFO - Processing /opt/airflow/dags/pipelines/payments_to_clickhouse.py took 0.068 seconds
[2025-11-04T13:15:12.723+0000] {processor.py:161} INFO - Started process (PID=34915) to work on /opt/airflow/dags/pipelines/payments_to_clickhouse.py
[2025-11-04T13:15:12.725+0000] {processor.py:830} INFO - Processing file /opt/airflow/dags/pipelines/payments_to_clickhouse.py for tasks to queue
[2025-11-04T13:15:12.727+0000] {logging_mixin.py:188} INFO - [2025-11-04T13:15:12.726+0000] {dagbag.py:538} INFO - Filling up the DagBag from /opt/airflow/dags/pipelines/payments_to_clickhouse.py
[2025-11-04T13:15:12.763+0000] {processor.py:842} WARNING - No viable dags retrieved from /opt/airflow/dags/pipelines/payments_to_clickhouse.py
[2025-11-04T13:15:12.794+0000] {processor.py:183} INFO - Processing /opt/airflow/dags/pipelines/payments_to_clickhouse.py took 0.075 seconds
[2025-11-04T13:15:43.032+0000] {processor.py:161} INFO - Started process (PID=34950) to work on /opt/airflow/dags/pipelines/payments_to_clickhouse.py
[2025-11-04T13:15:43.034+0000] {processor.py:830} INFO - Processing file /opt/airflow/dags/pipelines/payments_to_clickhouse.py for tasks to queue
[2025-11-04T13:15:43.036+0000] {logging_mixin.py:188} INFO - [2025-11-04T13:15:43.036+0000] {dagbag.py:538} INFO - Filling up the DagBag from /opt/airflow/dags/pipelines/payments_to_clickhouse.py
[2025-11-04T13:15:43.066+0000] {processor.py:842} WARNING - No viable dags retrieved from /opt/airflow/dags/pipelines/payments_to_clickhouse.py
[2025-11-04T13:15:43.093+0000] {processor.py:183} INFO - Processing /opt/airflow/dags/pipelines/payments_to_clickhouse.py took 0.066 seconds
[2025-11-04T13:16:13.419+0000] {processor.py:161} INFO - Started process (PID=34985) to work on /opt/airflow/dags/pipelines/payments_to_clickhouse.py
[2025-11-04T13:16:13.421+0000] {processor.py:830} INFO - Processing file /opt/airflow/dags/pipelines/payments_to_clickhouse.py for tasks to queue
[2025-11-04T13:16:13.423+0000] {logging_mixin.py:188} INFO - [2025-11-04T13:16:13.423+0000] {dagbag.py:538} INFO - Filling up the DagBag from /opt/airflow/dags/pipelines/payments_to_clickhouse.py
[2025-11-04T13:16:13.456+0000] {processor.py:842} WARNING - No viable dags retrieved from /opt/airflow/dags/pipelines/payments_to_clickhouse.py
[2025-11-04T13:16:13.486+0000] {processor.py:183} INFO - Processing /opt/airflow/dags/pipelines/payments_to_clickhouse.py took 0.076 seconds
[2025-11-04T13:16:43.662+0000] {processor.py:161} INFO - Started process (PID=35020) to work on /opt/airflow/dags/pipelines/payments_to_clickhouse.py
[2025-11-04T13:16:43.666+0000] {processor.py:830} INFO - Processing file /opt/airflow/dags/pipelines/payments_to_clickhouse.py for tasks to queue
[2025-11-04T13:16:43.668+0000] {logging_mixin.py:188} INFO - [2025-11-04T13:16:43.667+0000] {dagbag.py:538} INFO - Filling up the DagBag from /opt/airflow/dags/pipelines/payments_to_clickhouse.py
[2025-11-04T13:16:43.698+0000] {processor.py:842} WARNING - No viable dags retrieved from /opt/airflow/dags/pipelines/payments_to_clickhouse.py
[2025-11-04T13:16:43.733+0000] {processor.py:183} INFO - Processing /opt/airflow/dags/pipelines/payments_to_clickhouse.py took 0.079 seconds
[2025-11-04T13:17:14.234+0000] {processor.py:161} INFO - Started process (PID=35055) to work on /opt/airflow/dags/pipelines/payments_to_clickhouse.py
[2025-11-04T13:17:14.236+0000] {processor.py:830} INFO - Processing file /opt/airflow/dags/pipelines/payments_to_clickhouse.py for tasks to queue
[2025-11-04T13:17:14.238+0000] {logging_mixin.py:188} INFO - [2025-11-04T13:17:14.237+0000] {dagbag.py:538} INFO - Filling up the DagBag from /opt/airflow/dags/pipelines/payments_to_clickhouse.py
[2025-11-04T13:17:14.271+0000] {processor.py:842} WARNING - No viable dags retrieved from /opt/airflow/dags/pipelines/payments_to_clickhouse.py
[2025-11-04T13:17:14.298+0000] {processor.py:183} INFO - Processing /opt/airflow/dags/pipelines/payments_to_clickhouse.py took 0.070 seconds
[2025-11-04T13:17:44.795+0000] {processor.py:161} INFO - Started process (PID=35090) to work on /opt/airflow/dags/pipelines/payments_to_clickhouse.py
[2025-11-04T13:17:44.798+0000] {processor.py:830} INFO - Processing file /opt/airflow/dags/pipelines/payments_to_clickhouse.py for tasks to queue
[2025-11-04T13:17:44.802+0000] {logging_mixin.py:188} INFO - [2025-11-04T13:17:44.801+0000] {dagbag.py:538} INFO - Filling up the DagBag from /opt/airflow/dags/pipelines/payments_to_clickhouse.py
[2025-11-04T13:17:44.927+0000] {processor.py:842} WARNING - No viable dags retrieved from /opt/airflow/dags/pipelines/payments_to_clickhouse.py
[2025-11-04T13:17:44.981+0000] {processor.py:183} INFO - Processing /opt/airflow/dags/pipelines/payments_to_clickhouse.py took 0.195 seconds
[2025-11-04T13:18:15.357+0000] {processor.py:161} INFO - Started process (PID=35125) to work on /opt/airflow/dags/pipelines/payments_to_clickhouse.py
[2025-11-04T13:18:15.359+0000] {processor.py:830} INFO - Processing file /opt/airflow/dags/pipelines/payments_to_clickhouse.py for tasks to queue
[2025-11-04T13:18:15.361+0000] {logging_mixin.py:188} INFO - [2025-11-04T13:18:15.361+0000] {dagbag.py:538} INFO - Filling up the DagBag from /opt/airflow/dags/pipelines/payments_to_clickhouse.py
[2025-11-04T13:18:15.392+0000] {processor.py:842} WARNING - No viable dags retrieved from /opt/airflow/dags/pipelines/payments_to_clickhouse.py
[2025-11-04T13:18:15.422+0000] {processor.py:183} INFO - Processing /opt/airflow/dags/pipelines/payments_to_clickhouse.py took 0.070 seconds
[2025-11-04T13:18:45.588+0000] {processor.py:161} INFO - Started process (PID=35160) to work on /opt/airflow/dags/pipelines/payments_to_clickhouse.py
[2025-11-04T13:18:45.590+0000] {processor.py:830} INFO - Processing file /opt/airflow/dags/pipelines/payments_to_clickhouse.py for tasks to queue
[2025-11-04T13:18:45.592+0000] {logging_mixin.py:188} INFO - [2025-11-04T13:18:45.591+0000] {dagbag.py:538} INFO - Filling up the DagBag from /opt/airflow/dags/pipelines/payments_to_clickhouse.py
[2025-11-04T13:18:45.622+0000] {processor.py:842} WARNING - No viable dags retrieved from /opt/airflow/dags/pipelines/payments_to_clickhouse.py
[2025-11-04T13:18:45.645+0000] {processor.py:183} INFO - Processing /opt/airflow/dags/pipelines/payments_to_clickhouse.py took 0.063 seconds
[2025-11-04T13:19:15.970+0000] {processor.py:161} INFO - Started process (PID=35192) to work on /opt/airflow/dags/pipelines/payments_to_clickhouse.py
[2025-11-04T13:19:15.972+0000] {processor.py:830} INFO - Processing file /opt/airflow/dags/pipelines/payments_to_clickhouse.py for tasks to queue
[2025-11-04T13:19:15.974+0000] {logging_mixin.py:188} INFO - [2025-11-04T13:19:15.973+0000] {dagbag.py:538} INFO - Filling up the DagBag from /opt/airflow/dags/pipelines/payments_to_clickhouse.py
[2025-11-04T13:19:15.998+0000] {processor.py:842} WARNING - No viable dags retrieved from /opt/airflow/dags/pipelines/payments_to_clickhouse.py
[2025-11-04T13:19:16.020+0000] {processor.py:183} INFO - Processing /opt/airflow/dags/pipelines/payments_to_clickhouse.py took 0.055 seconds
[2025-11-04T13:19:46.174+0000] {processor.py:161} INFO - Started process (PID=35225) to work on /opt/airflow/dags/pipelines/payments_to_clickhouse.py
[2025-11-04T13:19:46.175+0000] {processor.py:830} INFO - Processing file /opt/airflow/dags/pipelines/payments_to_clickhouse.py for tasks to queue
[2025-11-04T13:19:46.176+0000] {logging_mixin.py:188} INFO - [2025-11-04T13:19:46.176+0000] {dagbag.py:538} INFO - Filling up the DagBag from /opt/airflow/dags/pipelines/payments_to_clickhouse.py
[2025-11-04T13:19:46.202+0000] {processor.py:842} WARNING - No viable dags retrieved from /opt/airflow/dags/pipelines/payments_to_clickhouse.py
[2025-11-04T13:19:46.222+0000] {processor.py:183} INFO - Processing /opt/airflow/dags/pipelines/payments_to_clickhouse.py took 0.053 seconds
[2025-11-04T13:20:16.583+0000] {processor.py:161} INFO - Started process (PID=35257) to work on /opt/airflow/dags/pipelines/payments_to_clickhouse.py
[2025-11-04T13:20:16.584+0000] {processor.py:830} INFO - Processing file /opt/airflow/dags/pipelines/payments_to_clickhouse.py for tasks to queue
[2025-11-04T13:20:16.586+0000] {logging_mixin.py:188} INFO - [2025-11-04T13:20:16.585+0000] {dagbag.py:538} INFO - Filling up the DagBag from /opt/airflow/dags/pipelines/payments_to_clickhouse.py
[2025-11-04T13:20:16.613+0000] {processor.py:842} WARNING - No viable dags retrieved from /opt/airflow/dags/pipelines/payments_to_clickhouse.py
[2025-11-04T13:20:16.632+0000] {processor.py:183} INFO - Processing /opt/airflow/dags/pipelines/payments_to_clickhouse.py took 0.053 seconds
[2025-11-04T13:20:46.946+0000] {processor.py:161} INFO - Started process (PID=35292) to work on /opt/airflow/dags/pipelines/payments_to_clickhouse.py
[2025-11-04T13:20:46.947+0000] {processor.py:830} INFO - Processing file /opt/airflow/dags/pipelines/payments_to_clickhouse.py for tasks to queue
[2025-11-04T13:20:46.949+0000] {logging_mixin.py:188} INFO - [2025-11-04T13:20:46.949+0000] {dagbag.py:538} INFO - Filling up the DagBag from /opt/airflow/dags/pipelines/payments_to_clickhouse.py
[2025-11-04T13:20:46.983+0000] {processor.py:842} WARNING - No viable dags retrieved from /opt/airflow/dags/pipelines/payments_to_clickhouse.py
[2025-11-04T13:20:47.007+0000] {processor.py:183} INFO - Processing /opt/airflow/dags/pipelines/payments_to_clickhouse.py took 0.067 seconds
[2025-11-04T13:21:17.372+0000] {processor.py:161} INFO - Started process (PID=35327) to work on /opt/airflow/dags/pipelines/payments_to_clickhouse.py
[2025-11-04T13:21:17.373+0000] {processor.py:830} INFO - Processing file /opt/airflow/dags/pipelines/payments_to_clickhouse.py for tasks to queue
[2025-11-04T13:21:17.374+0000] {logging_mixin.py:188} INFO - [2025-11-04T13:21:17.374+0000] {dagbag.py:538} INFO - Filling up the DagBag from /opt/airflow/dags/pipelines/payments_to_clickhouse.py
[2025-11-04T13:21:17.401+0000] {processor.py:842} WARNING - No viable dags retrieved from /opt/airflow/dags/pipelines/payments_to_clickhouse.py
[2025-11-04T13:21:17.425+0000] {processor.py:183} INFO - Processing /opt/airflow/dags/pipelines/payments_to_clickhouse.py took 0.058 seconds
[2025-11-04T13:21:48.865+0000] {processor.py:161} INFO - Started process (PID=35362) to work on /opt/airflow/dags/pipelines/payments_to_clickhouse.py
[2025-11-04T13:21:48.868+0000] {processor.py:830} INFO - Processing file /opt/airflow/dags/pipelines/payments_to_clickhouse.py for tasks to queue
[2025-11-04T13:21:48.869+0000] {logging_mixin.py:188} INFO - [2025-11-04T13:21:48.869+0000] {dagbag.py:538} INFO - Filling up the DagBag from /opt/airflow/dags/pipelines/payments_to_clickhouse.py
[2025-11-04T13:21:48.902+0000] {processor.py:842} WARNING - No viable dags retrieved from /opt/airflow/dags/pipelines/payments_to_clickhouse.py
[2025-11-04T13:21:48.932+0000] {processor.py:183} INFO - Processing /opt/airflow/dags/pipelines/payments_to_clickhouse.py took 0.072 seconds
[2025-11-04T13:22:19.721+0000] {processor.py:161} INFO - Started process (PID=35400) to work on /opt/airflow/dags/pipelines/payments_to_clickhouse.py
[2025-11-04T13:22:19.723+0000] {processor.py:830} INFO - Processing file /opt/airflow/dags/pipelines/payments_to_clickhouse.py for tasks to queue
[2025-11-04T13:22:19.725+0000] {logging_mixin.py:188} INFO - [2025-11-04T13:22:19.724+0000] {dagbag.py:538} INFO - Filling up the DagBag from /opt/airflow/dags/pipelines/payments_to_clickhouse.py
[2025-11-04T13:22:19.775+0000] {processor.py:842} WARNING - No viable dags retrieved from /opt/airflow/dags/pipelines/payments_to_clickhouse.py
[2025-11-04T13:22:19.798+0000] {processor.py:183} INFO - Processing /opt/airflow/dags/pipelines/payments_to_clickhouse.py took 0.081 seconds
[2025-11-04T13:22:50.862+0000] {processor.py:161} INFO - Started process (PID=35440) to work on /opt/airflow/dags/pipelines/payments_to_clickhouse.py
[2025-11-04T13:22:50.864+0000] {processor.py:830} INFO - Processing file /opt/airflow/dags/pipelines/payments_to_clickhouse.py for tasks to queue
[2025-11-04T13:22:50.866+0000] {logging_mixin.py:188} INFO - [2025-11-04T13:22:50.865+0000] {dagbag.py:538} INFO - Filling up the DagBag from /opt/airflow/dags/pipelines/payments_to_clickhouse.py
[2025-11-04T13:22:50.898+0000] {processor.py:842} WARNING - No viable dags retrieved from /opt/airflow/dags/pipelines/payments_to_clickhouse.py
[2025-11-04T13:22:50.931+0000] {processor.py:183} INFO - Processing /opt/airflow/dags/pipelines/payments_to_clickhouse.py took 0.074 seconds
[2025-11-04T13:23:22.040+0000] {processor.py:161} INFO - Started process (PID=35477) to work on /opt/airflow/dags/pipelines/payments_to_clickhouse.py
[2025-11-04T13:23:22.042+0000] {processor.py:830} INFO - Processing file /opt/airflow/dags/pipelines/payments_to_clickhouse.py for tasks to queue
[2025-11-04T13:23:22.044+0000] {logging_mixin.py:188} INFO - [2025-11-04T13:23:22.043+0000] {dagbag.py:538} INFO - Filling up the DagBag from /opt/airflow/dags/pipelines/payments_to_clickhouse.py
[2025-11-04T13:23:22.071+0000] {processor.py:842} WARNING - No viable dags retrieved from /opt/airflow/dags/pipelines/payments_to_clickhouse.py
[2025-11-04T13:23:22.096+0000] {processor.py:183} INFO - Processing /opt/airflow/dags/pipelines/payments_to_clickhouse.py took 0.061 seconds
[2025-11-04T13:23:52.384+0000] {processor.py:161} INFO - Started process (PID=35510) to work on /opt/airflow/dags/pipelines/payments_to_clickhouse.py
[2025-11-04T13:23:52.386+0000] {processor.py:830} INFO - Processing file /opt/airflow/dags/pipelines/payments_to_clickhouse.py for tasks to queue
[2025-11-04T13:23:52.387+0000] {logging_mixin.py:188} INFO - [2025-11-04T13:23:52.387+0000] {dagbag.py:538} INFO - Filling up the DagBag from /opt/airflow/dags/pipelines/payments_to_clickhouse.py
[2025-11-04T13:23:52.414+0000] {processor.py:842} WARNING - No viable dags retrieved from /opt/airflow/dags/pipelines/payments_to_clickhouse.py
[2025-11-04T13:23:52.439+0000] {processor.py:183} INFO - Processing /opt/airflow/dags/pipelines/payments_to_clickhouse.py took 0.061 seconds
[2025-11-04T13:24:23.181+0000] {processor.py:161} INFO - Started process (PID=35545) to work on /opt/airflow/dags/pipelines/payments_to_clickhouse.py
[2025-11-04T13:24:23.184+0000] {processor.py:830} INFO - Processing file /opt/airflow/dags/pipelines/payments_to_clickhouse.py for tasks to queue
[2025-11-04T13:24:23.186+0000] {logging_mixin.py:188} INFO - [2025-11-04T13:24:23.185+0000] {dagbag.py:538} INFO - Filling up the DagBag from /opt/airflow/dags/pipelines/payments_to_clickhouse.py
[2025-11-04T13:24:23.226+0000] {processor.py:842} WARNING - No viable dags retrieved from /opt/airflow/dags/pipelines/payments_to_clickhouse.py
[2025-11-04T13:24:23.265+0000] {processor.py:183} INFO - Processing /opt/airflow/dags/pipelines/payments_to_clickhouse.py took 0.099 seconds
[2025-11-04T13:24:53.520+0000] {processor.py:161} INFO - Started process (PID=35580) to work on /opt/airflow/dags/pipelines/payments_to_clickhouse.py
[2025-11-04T13:24:53.522+0000] {processor.py:830} INFO - Processing file /opt/airflow/dags/pipelines/payments_to_clickhouse.py for tasks to queue
[2025-11-04T13:24:53.524+0000] {logging_mixin.py:188} INFO - [2025-11-04T13:24:53.523+0000] {dagbag.py:538} INFO - Filling up the DagBag from /opt/airflow/dags/pipelines/payments_to_clickhouse.py
[2025-11-04T13:24:53.552+0000] {processor.py:842} WARNING - No viable dags retrieved from /opt/airflow/dags/pipelines/payments_to_clickhouse.py
[2025-11-04T13:24:53.592+0000] {processor.py:183} INFO - Processing /opt/airflow/dags/pipelines/payments_to_clickhouse.py took 0.075 seconds
[2025-11-04T13:25:23.714+0000] {processor.py:161} INFO - Started process (PID=35610) to work on /opt/airflow/dags/pipelines/payments_to_clickhouse.py
[2025-11-04T13:25:23.716+0000] {processor.py:830} INFO - Processing file /opt/airflow/dags/pipelines/payments_to_clickhouse.py for tasks to queue
[2025-11-04T13:25:23.718+0000] {logging_mixin.py:188} INFO - [2025-11-04T13:25:23.717+0000] {dagbag.py:538} INFO - Filling up the DagBag from /opt/airflow/dags/pipelines/payments_to_clickhouse.py
[2025-11-04T13:25:23.744+0000] {processor.py:842} WARNING - No viable dags retrieved from /opt/airflow/dags/pipelines/payments_to_clickhouse.py
[2025-11-04T13:25:23.767+0000] {processor.py:183} INFO - Processing /opt/airflow/dags/pipelines/payments_to_clickhouse.py took 0.057 seconds
[2025-11-04T13:25:53.879+0000] {processor.py:161} INFO - Started process (PID=35642) to work on /opt/airflow/dags/pipelines/payments_to_clickhouse.py
[2025-11-04T13:25:53.881+0000] {processor.py:830} INFO - Processing file /opt/airflow/dags/pipelines/payments_to_clickhouse.py for tasks to queue
[2025-11-04T13:25:53.883+0000] {logging_mixin.py:188} INFO - [2025-11-04T13:25:53.882+0000] {dagbag.py:538} INFO - Filling up the DagBag from /opt/airflow/dags/pipelines/payments_to_clickhouse.py
[2025-11-04T13:25:53.920+0000] {processor.py:842} WARNING - No viable dags retrieved from /opt/airflow/dags/pipelines/payments_to_clickhouse.py
[2025-11-04T13:25:53.943+0000] {processor.py:183} INFO - Processing /opt/airflow/dags/pipelines/payments_to_clickhouse.py took 0.067 seconds
[2025-11-04T13:26:24.264+0000] {processor.py:161} INFO - Started process (PID=35677) to work on /opt/airflow/dags/pipelines/payments_to_clickhouse.py
[2025-11-04T13:26:24.266+0000] {processor.py:830} INFO - Processing file /opt/airflow/dags/pipelines/payments_to_clickhouse.py for tasks to queue
[2025-11-04T13:26:24.268+0000] {logging_mixin.py:188} INFO - [2025-11-04T13:26:24.267+0000] {dagbag.py:538} INFO - Filling up the DagBag from /opt/airflow/dags/pipelines/payments_to_clickhouse.py
[2025-11-04T13:26:24.308+0000] {processor.py:842} WARNING - No viable dags retrieved from /opt/airflow/dags/pipelines/payments_to_clickhouse.py
[2025-11-04T13:26:24.333+0000] {processor.py:183} INFO - Processing /opt/airflow/dags/pipelines/payments_to_clickhouse.py took 0.072 seconds
[2025-11-04T13:26:54.597+0000] {processor.py:161} INFO - Started process (PID=35712) to work on /opt/airflow/dags/pipelines/payments_to_clickhouse.py
[2025-11-04T13:26:54.599+0000] {processor.py:830} INFO - Processing file /opt/airflow/dags/pipelines/payments_to_clickhouse.py for tasks to queue
[2025-11-04T13:26:54.600+0000] {logging_mixin.py:188} INFO - [2025-11-04T13:26:54.600+0000] {dagbag.py:538} INFO - Filling up the DagBag from /opt/airflow/dags/pipelines/payments_to_clickhouse.py
[2025-11-04T13:26:54.633+0000] {processor.py:842} WARNING - No viable dags retrieved from /opt/airflow/dags/pipelines/payments_to_clickhouse.py
[2025-11-04T13:26:54.656+0000] {processor.py:183} INFO - Processing /opt/airflow/dags/pipelines/payments_to_clickhouse.py took 0.066 seconds
[2025-11-04T13:27:24.971+0000] {processor.py:161} INFO - Started process (PID=35747) to work on /opt/airflow/dags/pipelines/payments_to_clickhouse.py
[2025-11-04T13:27:24.973+0000] {processor.py:830} INFO - Processing file /opt/airflow/dags/pipelines/payments_to_clickhouse.py for tasks to queue
[2025-11-04T13:27:24.975+0000] {logging_mixin.py:188} INFO - [2025-11-04T13:27:24.975+0000] {dagbag.py:538} INFO - Filling up the DagBag from /opt/airflow/dags/pipelines/payments_to_clickhouse.py
[2025-11-04T13:27:25.008+0000] {processor.py:842} WARNING - No viable dags retrieved from /opt/airflow/dags/pipelines/payments_to_clickhouse.py
[2025-11-04T13:27:25.029+0000] {processor.py:183} INFO - Processing /opt/airflow/dags/pipelines/payments_to_clickhouse.py took 0.067 seconds
[2025-11-04T13:27:55.224+0000] {processor.py:161} INFO - Started process (PID=35782) to work on /opt/airflow/dags/pipelines/payments_to_clickhouse.py
[2025-11-04T13:27:55.226+0000] {processor.py:830} INFO - Processing file /opt/airflow/dags/pipelines/payments_to_clickhouse.py for tasks to queue
[2025-11-04T13:27:55.228+0000] {logging_mixin.py:188} INFO - [2025-11-04T13:27:55.227+0000] {dagbag.py:538} INFO - Filling up the DagBag from /opt/airflow/dags/pipelines/payments_to_clickhouse.py
[2025-11-04T13:27:55.268+0000] {processor.py:842} WARNING - No viable dags retrieved from /opt/airflow/dags/pipelines/payments_to_clickhouse.py
[2025-11-04T13:27:55.291+0000] {processor.py:183} INFO - Processing /opt/airflow/dags/pipelines/payments_to_clickhouse.py took 0.072 seconds
[2025-11-04T13:28:25.628+0000] {processor.py:161} INFO - Started process (PID=35817) to work on /opt/airflow/dags/pipelines/payments_to_clickhouse.py
[2025-11-04T13:28:25.629+0000] {processor.py:830} INFO - Processing file /opt/airflow/dags/pipelines/payments_to_clickhouse.py for tasks to queue
[2025-11-04T13:28:25.630+0000] {logging_mixin.py:188} INFO - [2025-11-04T13:28:25.630+0000] {dagbag.py:538} INFO - Filling up the DagBag from /opt/airflow/dags/pipelines/payments_to_clickhouse.py
[2025-11-04T13:28:25.654+0000] {processor.py:842} WARNING - No viable dags retrieved from /opt/airflow/dags/pipelines/payments_to_clickhouse.py
[2025-11-04T13:28:25.675+0000] {processor.py:183} INFO - Processing /opt/airflow/dags/pipelines/payments_to_clickhouse.py took 0.050 seconds
[2025-11-04T13:28:56.049+0000] {processor.py:161} INFO - Started process (PID=35852) to work on /opt/airflow/dags/pipelines/payments_to_clickhouse.py
[2025-11-04T13:28:56.051+0000] {processor.py:830} INFO - Processing file /opt/airflow/dags/pipelines/payments_to_clickhouse.py for tasks to queue
[2025-11-04T13:28:56.053+0000] {logging_mixin.py:188} INFO - [2025-11-04T13:28:56.053+0000] {dagbag.py:538} INFO - Filling up the DagBag from /opt/airflow/dags/pipelines/payments_to_clickhouse.py
[2025-11-04T13:28:56.089+0000] {processor.py:842} WARNING - No viable dags retrieved from /opt/airflow/dags/pipelines/payments_to_clickhouse.py
[2025-11-04T13:28:56.117+0000] {processor.py:183} INFO - Processing /opt/airflow/dags/pipelines/payments_to_clickhouse.py took 0.073 seconds
[2025-11-04T13:29:26.355+0000] {processor.py:161} INFO - Started process (PID=35887) to work on /opt/airflow/dags/pipelines/payments_to_clickhouse.py
[2025-11-04T13:29:26.357+0000] {processor.py:830} INFO - Processing file /opt/airflow/dags/pipelines/payments_to_clickhouse.py for tasks to queue
[2025-11-04T13:29:26.361+0000] {logging_mixin.py:188} INFO - [2025-11-04T13:29:26.360+0000] {dagbag.py:538} INFO - Filling up the DagBag from /opt/airflow/dags/pipelines/payments_to_clickhouse.py
[2025-11-04T13:29:26.412+0000] {processor.py:842} WARNING - No viable dags retrieved from /opt/airflow/dags/pipelines/payments_to_clickhouse.py
[2025-11-04T13:29:26.436+0000] {processor.py:183} INFO - Processing /opt/airflow/dags/pipelines/payments_to_clickhouse.py took 0.085 seconds
[2025-11-04T13:29:56.727+0000] {processor.py:161} INFO - Started process (PID=35922) to work on /opt/airflow/dags/pipelines/payments_to_clickhouse.py
[2025-11-04T13:29:56.729+0000] {processor.py:830} INFO - Processing file /opt/airflow/dags/pipelines/payments_to_clickhouse.py for tasks to queue
[2025-11-04T13:29:56.731+0000] {logging_mixin.py:188} INFO - [2025-11-04T13:29:56.731+0000] {dagbag.py:538} INFO - Filling up the DagBag from /opt/airflow/dags/pipelines/payments_to_clickhouse.py
[2025-11-04T13:29:56.767+0000] {processor.py:842} WARNING - No viable dags retrieved from /opt/airflow/dags/pipelines/payments_to_clickhouse.py
[2025-11-04T13:29:56.790+0000] {processor.py:183} INFO - Processing /opt/airflow/dags/pipelines/payments_to_clickhouse.py took 0.070 seconds
[2025-11-04T13:30:27.020+0000] {processor.py:161} INFO - Started process (PID=35957) to work on /opt/airflow/dags/pipelines/payments_to_clickhouse.py
[2025-11-04T13:30:27.022+0000] {processor.py:830} INFO - Processing file /opt/airflow/dags/pipelines/payments_to_clickhouse.py for tasks to queue
[2025-11-04T13:30:27.024+0000] {logging_mixin.py:188} INFO - [2025-11-04T13:30:27.023+0000] {dagbag.py:538} INFO - Filling up the DagBag from /opt/airflow/dags/pipelines/payments_to_clickhouse.py
[2025-11-04T13:30:27.063+0000] {processor.py:842} WARNING - No viable dags retrieved from /opt/airflow/dags/pipelines/payments_to_clickhouse.py
[2025-11-04T13:30:27.084+0000] {processor.py:183} INFO - Processing /opt/airflow/dags/pipelines/payments_to_clickhouse.py took 0.070 seconds
[2025-11-04T13:30:57.432+0000] {processor.py:161} INFO - Started process (PID=35992) to work on /opt/airflow/dags/pipelines/payments_to_clickhouse.py
[2025-11-04T13:30:57.434+0000] {processor.py:830} INFO - Processing file /opt/airflow/dags/pipelines/payments_to_clickhouse.py for tasks to queue
[2025-11-04T13:30:57.435+0000] {logging_mixin.py:188} INFO - [2025-11-04T13:30:57.435+0000] {dagbag.py:538} INFO - Filling up the DagBag from /opt/airflow/dags/pipelines/payments_to_clickhouse.py
[2025-11-04T13:30:57.467+0000] {processor.py:842} WARNING - No viable dags retrieved from /opt/airflow/dags/pipelines/payments_to_clickhouse.py
[2025-11-04T13:30:57.496+0000] {processor.py:183} INFO - Processing /opt/airflow/dags/pipelines/payments_to_clickhouse.py took 0.069 seconds
[2025-11-04T13:31:27.815+0000] {processor.py:161} INFO - Started process (PID=36027) to work on /opt/airflow/dags/pipelines/payments_to_clickhouse.py
[2025-11-04T13:31:27.817+0000] {processor.py:830} INFO - Processing file /opt/airflow/dags/pipelines/payments_to_clickhouse.py for tasks to queue
[2025-11-04T13:31:27.819+0000] {logging_mixin.py:188} INFO - [2025-11-04T13:31:27.818+0000] {dagbag.py:538} INFO - Filling up the DagBag from /opt/airflow/dags/pipelines/payments_to_clickhouse.py
[2025-11-04T13:31:27.856+0000] {processor.py:842} WARNING - No viable dags retrieved from /opt/airflow/dags/pipelines/payments_to_clickhouse.py
[2025-11-04T13:31:27.876+0000] {processor.py:183} INFO - Processing /opt/airflow/dags/pipelines/payments_to_clickhouse.py took 0.066 seconds
[2025-11-04T13:31:58.273+0000] {processor.py:161} INFO - Started process (PID=36062) to work on /opt/airflow/dags/pipelines/payments_to_clickhouse.py
[2025-11-04T13:31:58.275+0000] {processor.py:830} INFO - Processing file /opt/airflow/dags/pipelines/payments_to_clickhouse.py for tasks to queue
[2025-11-04T13:31:58.276+0000] {logging_mixin.py:188} INFO - [2025-11-04T13:31:58.276+0000] {dagbag.py:538} INFO - Filling up the DagBag from /opt/airflow/dags/pipelines/payments_to_clickhouse.py
[2025-11-04T13:31:58.320+0000] {processor.py:842} WARNING - No viable dags retrieved from /opt/airflow/dags/pipelines/payments_to_clickhouse.py
[2025-11-04T13:31:58.341+0000] {processor.py:183} INFO - Processing /opt/airflow/dags/pipelines/payments_to_clickhouse.py took 0.074 seconds
[2025-11-04T13:32:28.559+0000] {processor.py:161} INFO - Started process (PID=36097) to work on /opt/airflow/dags/pipelines/payments_to_clickhouse.py
[2025-11-04T13:32:28.561+0000] {processor.py:830} INFO - Processing file /opt/airflow/dags/pipelines/payments_to_clickhouse.py for tasks to queue
[2025-11-04T13:32:28.564+0000] {logging_mixin.py:188} INFO - [2025-11-04T13:32:28.563+0000] {dagbag.py:538} INFO - Filling up the DagBag from /opt/airflow/dags/pipelines/payments_to_clickhouse.py
[2025-11-04T13:32:28.604+0000] {processor.py:842} WARNING - No viable dags retrieved from /opt/airflow/dags/pipelines/payments_to_clickhouse.py
[2025-11-04T13:32:28.628+0000] {processor.py:183} INFO - Processing /opt/airflow/dags/pipelines/payments_to_clickhouse.py took 0.072 seconds
[2025-11-04T13:32:58.989+0000] {processor.py:161} INFO - Started process (PID=36132) to work on /opt/airflow/dags/pipelines/payments_to_clickhouse.py
[2025-11-04T13:32:58.991+0000] {processor.py:830} INFO - Processing file /opt/airflow/dags/pipelines/payments_to_clickhouse.py for tasks to queue
[2025-11-04T13:32:58.994+0000] {logging_mixin.py:188} INFO - [2025-11-04T13:32:58.993+0000] {dagbag.py:538} INFO - Filling up the DagBag from /opt/airflow/dags/pipelines/payments_to_clickhouse.py
[2025-11-04T13:32:59.042+0000] {processor.py:842} WARNING - No viable dags retrieved from /opt/airflow/dags/pipelines/payments_to_clickhouse.py
[2025-11-04T13:32:59.068+0000] {processor.py:183} INFO - Processing /opt/airflow/dags/pipelines/payments_to_clickhouse.py took 0.083 seconds
[2025-11-04T13:33:29.339+0000] {processor.py:161} INFO - Started process (PID=36167) to work on /opt/airflow/dags/pipelines/payments_to_clickhouse.py
[2025-11-04T13:33:29.341+0000] {processor.py:830} INFO - Processing file /opt/airflow/dags/pipelines/payments_to_clickhouse.py for tasks to queue
[2025-11-04T13:33:29.344+0000] {logging_mixin.py:188} INFO - [2025-11-04T13:33:29.344+0000] {dagbag.py:538} INFO - Filling up the DagBag from /opt/airflow/dags/pipelines/payments_to_clickhouse.py
[2025-11-04T13:33:29.394+0000] {processor.py:842} WARNING - No viable dags retrieved from /opt/airflow/dags/pipelines/payments_to_clickhouse.py
[2025-11-04T13:33:29.417+0000] {processor.py:183} INFO - Processing /opt/airflow/dags/pipelines/payments_to_clickhouse.py took 0.083 seconds
[2025-11-04T13:33:59.771+0000] {processor.py:161} INFO - Started process (PID=36202) to work on /opt/airflow/dags/pipelines/payments_to_clickhouse.py
[2025-11-04T13:33:59.774+0000] {processor.py:830} INFO - Processing file /opt/airflow/dags/pipelines/payments_to_clickhouse.py for tasks to queue
[2025-11-04T13:33:59.777+0000] {logging_mixin.py:188} INFO - [2025-11-04T13:33:59.776+0000] {dagbag.py:538} INFO - Filling up the DagBag from /opt/airflow/dags/pipelines/payments_to_clickhouse.py
[2025-11-04T13:33:59.831+0000] {processor.py:842} WARNING - No viable dags retrieved from /opt/airflow/dags/pipelines/payments_to_clickhouse.py
[2025-11-04T13:33:59.856+0000] {processor.py:183} INFO - Processing /opt/airflow/dags/pipelines/payments_to_clickhouse.py took 0.091 seconds
[2025-11-04T13:34:30.268+0000] {processor.py:161} INFO - Started process (PID=36237) to work on /opt/airflow/dags/pipelines/payments_to_clickhouse.py
[2025-11-04T13:34:30.271+0000] {processor.py:830} INFO - Processing file /opt/airflow/dags/pipelines/payments_to_clickhouse.py for tasks to queue
[2025-11-04T13:34:30.273+0000] {logging_mixin.py:188} INFO - [2025-11-04T13:34:30.273+0000] {dagbag.py:538} INFO - Filling up the DagBag from /opt/airflow/dags/pipelines/payments_to_clickhouse.py
[2025-11-04T13:34:30.327+0000] {processor.py:842} WARNING - No viable dags retrieved from /opt/airflow/dags/pipelines/payments_to_clickhouse.py
[2025-11-04T13:34:30.352+0000] {processor.py:183} INFO - Processing /opt/airflow/dags/pipelines/payments_to_clickhouse.py took 0.089 seconds
[2025-11-04T13:35:00.742+0000] {processor.py:161} INFO - Started process (PID=36272) to work on /opt/airflow/dags/pipelines/payments_to_clickhouse.py
[2025-11-04T13:35:00.744+0000] {processor.py:830} INFO - Processing file /opt/airflow/dags/pipelines/payments_to_clickhouse.py for tasks to queue
[2025-11-04T13:35:00.746+0000] {logging_mixin.py:188} INFO - [2025-11-04T13:35:00.746+0000] {dagbag.py:538} INFO - Filling up the DagBag from /opt/airflow/dags/pipelines/payments_to_clickhouse.py
[2025-11-04T13:35:00.789+0000] {processor.py:842} WARNING - No viable dags retrieved from /opt/airflow/dags/pipelines/payments_to_clickhouse.py
[2025-11-04T13:35:00.812+0000] {processor.py:183} INFO - Processing /opt/airflow/dags/pipelines/payments_to_clickhouse.py took 0.076 seconds
[2025-11-04T13:35:31.062+0000] {processor.py:161} INFO - Started process (PID=36307) to work on /opt/airflow/dags/pipelines/payments_to_clickhouse.py
[2025-11-04T13:35:31.063+0000] {processor.py:830} INFO - Processing file /opt/airflow/dags/pipelines/payments_to_clickhouse.py for tasks to queue
[2025-11-04T13:35:31.065+0000] {logging_mixin.py:188} INFO - [2025-11-04T13:35:31.064+0000] {dagbag.py:538} INFO - Filling up the DagBag from /opt/airflow/dags/pipelines/payments_to_clickhouse.py
[2025-11-04T13:35:31.092+0000] {processor.py:842} WARNING - No viable dags retrieved from /opt/airflow/dags/pipelines/payments_to_clickhouse.py
[2025-11-04T13:35:31.112+0000] {processor.py:183} INFO - Processing /opt/airflow/dags/pipelines/payments_to_clickhouse.py took 0.053 seconds
[2025-11-04T13:36:01.494+0000] {processor.py:161} INFO - Started process (PID=36342) to work on /opt/airflow/dags/pipelines/payments_to_clickhouse.py
[2025-11-04T13:36:01.496+0000] {processor.py:830} INFO - Processing file /opt/airflow/dags/pipelines/payments_to_clickhouse.py for tasks to queue
[2025-11-04T13:36:01.498+0000] {logging_mixin.py:188} INFO - [2025-11-04T13:36:01.497+0000] {dagbag.py:538} INFO - Filling up the DagBag from /opt/airflow/dags/pipelines/payments_to_clickhouse.py
[2025-11-04T13:36:01.534+0000] {processor.py:842} WARNING - No viable dags retrieved from /opt/airflow/dags/pipelines/payments_to_clickhouse.py
[2025-11-04T13:36:01.571+0000] {processor.py:183} INFO - Processing /opt/airflow/dags/pipelines/payments_to_clickhouse.py took 0.082 seconds
[2025-11-04T13:37:18.646+0000] {processor.py:161} INFO - Started process (PID=36382) to work on /opt/airflow/dags/pipelines/payments_to_clickhouse.py
[2025-11-04T13:37:18.648+0000] {processor.py:830} INFO - Processing file /opt/airflow/dags/pipelines/payments_to_clickhouse.py for tasks to queue
[2025-11-04T13:37:18.650+0000] {logging_mixin.py:188} INFO - [2025-11-04T13:37:18.650+0000] {dagbag.py:538} INFO - Filling up the DagBag from /opt/airflow/dags/pipelines/payments_to_clickhouse.py
[2025-11-04T13:37:18.685+0000] {processor.py:842} WARNING - No viable dags retrieved from /opt/airflow/dags/pipelines/payments_to_clickhouse.py
[2025-11-04T13:37:18.720+0000] {processor.py:183} INFO - Processing /opt/airflow/dags/pipelines/payments_to_clickhouse.py took 0.081 seconds
[2025-11-04T14:05:06.882+0000] {processor.py:161} INFO - Started process (PID=36420) to work on /opt/airflow/dags/pipelines/payments_to_clickhouse.py
[2025-11-04T14:05:06.883+0000] {processor.py:830} INFO - Processing file /opt/airflow/dags/pipelines/payments_to_clickhouse.py for tasks to queue
[2025-11-04T14:05:06.884+0000] {logging_mixin.py:188} INFO - [2025-11-04T14:05:06.884+0000] {dagbag.py:538} INFO - Filling up the DagBag from /opt/airflow/dags/pipelines/payments_to_clickhouse.py
[2025-11-04T14:05:06.977+0000] {processor.py:842} WARNING - No viable dags retrieved from /opt/airflow/dags/pipelines/payments_to_clickhouse.py
[2025-11-04T14:05:07.014+0000] {processor.py:183} INFO - Processing /opt/airflow/dags/pipelines/payments_to_clickhouse.py took 0.136 seconds
