[2025-11-01T20:14:00.039+0000] {taskinstance.py:1956} INFO - Dependencies all met for dep_context=non-requeueable deps ti=<TaskInstance: silver_transformation_pipeline.dbt_run_payments scheduled__2025-10-08T00:00:00+00:00 [queued]>
[2025-11-01T20:14:00.053+0000] {taskinstance.py:1956} INFO - Dependencies all met for dep_context=requeueable deps ti=<TaskInstance: silver_transformation_pipeline.dbt_run_payments scheduled__2025-10-08T00:00:00+00:00 [queued]>
[2025-11-01T20:14:00.055+0000] {taskinstance.py:2170} INFO - Starting attempt 1 of 2
[2025-11-01T20:14:00.078+0000] {taskinstance.py:2191} INFO - Executing <Task(PythonOperator): dbt_run_payments> on 2025-10-08 00:00:00+00:00
[2025-11-01T20:14:00.087+0000] {standard_task_runner.py:60} INFO - Started process 1648 to run task
[2025-11-01T20:14:00.092+0000] {standard_task_runner.py:87} INFO - Running: ['***', 'tasks', 'run', 'silver_transformation_pipeline', 'dbt_run_payments', 'scheduled__2025-10-08T00:00:00+00:00', '--job-id', '163', '--raw', '--subdir', 'DAGS_FOLDER/silver_dag.py', '--cfg-path', '/tmp/tmphs47m_6f']
[2025-11-01T20:14:00.096+0000] {standard_task_runner.py:88} INFO - Job 163: Subtask dbt_run_payments
[2025-11-01T20:14:00.194+0000] {task_command.py:423} INFO - Running <TaskInstance: silver_transformation_pipeline.dbt_run_payments scheduled__2025-10-08T00:00:00+00:00 [running]> on host 1a955fda0cfd
[2025-11-01T20:14:00.331+0000] {taskinstance.py:2480} INFO - Exporting env vars: AIRFLOW_CTX_DAG_OWNER='***' AIRFLOW_CTX_DAG_ID='silver_transformation_pipeline' AIRFLOW_CTX_TASK_ID='dbt_run_payments' AIRFLOW_CTX_EXECUTION_DATE='2025-10-08T00:00:00+00:00' AIRFLOW_CTX_TRY_NUMBER='1' AIRFLOW_CTX_DAG_RUN_ID='scheduled__2025-10-08T00:00:00+00:00'
[2025-11-01T20:14:07.377+0000] {python.py:201} INFO - Done. Returned value was: None
[2025-11-01T20:14:07.400+0000] {taskinstance.py:1138} INFO - Marking task as SUCCESS. dag_id=silver_transformation_pipeline, task_id=dbt_run_payments, execution_date=20251008T000000, start_date=20251101T201400, end_date=20251101T201407
[2025-11-01T20:14:07.462+0000] {local_task_job_runner.py:234} INFO - Task exited with return code 0
[2025-11-01T20:14:07.482+0000] {taskinstance.py:3280} INFO - 0 downstream tasks scheduled from follow-on schedule check
[2025-11-01T20:20:42.464+0000] {taskinstance.py:1956} INFO - Dependencies all met for dep_context=non-requeueable deps ti=<TaskInstance: silver_transformation_pipeline.dbt_run_payments scheduled__2025-10-08T00:00:00+00:00 [queued]>
[2025-11-01T20:20:42.475+0000] {taskinstance.py:1956} INFO - Dependencies all met for dep_context=requeueable deps ti=<TaskInstance: silver_transformation_pipeline.dbt_run_payments scheduled__2025-10-08T00:00:00+00:00 [queued]>
[2025-11-01T20:20:42.476+0000] {taskinstance.py:2170} INFO - Starting attempt 1 of 2
[2025-11-01T20:20:42.493+0000] {taskinstance.py:2191} INFO - Executing <Task(PythonOperator): dbt_run_payments> on 2025-10-08 00:00:00+00:00
[2025-11-01T20:20:42.504+0000] {standard_task_runner.py:60} INFO - Started process 1277 to run task
[2025-11-01T20:20:42.508+0000] {standard_task_runner.py:87} INFO - Running: ['***', 'tasks', 'run', 'silver_transformation_pipeline', 'dbt_run_payments', 'scheduled__2025-10-08T00:00:00+00:00', '--job-id', '155', '--raw', '--subdir', 'DAGS_FOLDER/silver_dag.py', '--cfg-path', '/tmp/tmphl5vi_ql']
[2025-11-01T20:20:42.511+0000] {standard_task_runner.py:88} INFO - Job 155: Subtask dbt_run_payments
[2025-11-01T20:20:42.590+0000] {task_command.py:423} INFO - Running <TaskInstance: silver_transformation_pipeline.dbt_run_payments scheduled__2025-10-08T00:00:00+00:00 [running]> on host 6335aa85b335
[2025-11-01T20:20:42.700+0000] {taskinstance.py:2480} INFO - Exporting env vars: AIRFLOW_CTX_DAG_OWNER='***' AIRFLOW_CTX_DAG_ID='silver_transformation_pipeline' AIRFLOW_CTX_TASK_ID='dbt_run_payments' AIRFLOW_CTX_EXECUTION_DATE='2025-10-08T00:00:00+00:00' AIRFLOW_CTX_TRY_NUMBER='1' AIRFLOW_CTX_DAG_RUN_ID='scheduled__2025-10-08T00:00:00+00:00'
[2025-11-01T20:20:49.390+0000] {python.py:201} INFO - Done. Returned value was: None
[2025-11-01T20:20:49.415+0000] {taskinstance.py:1138} INFO - Marking task as SUCCESS. dag_id=silver_transformation_pipeline, task_id=dbt_run_payments, execution_date=20251008T000000, start_date=20251101T202042, end_date=20251101T202049
[2025-11-01T20:20:49.461+0000] {local_task_job_runner.py:234} INFO - Task exited with return code 0
[2025-11-01T20:20:49.495+0000] {taskinstance.py:3280} INFO - 0 downstream tasks scheduled from follow-on schedule check
[2025-11-02T01:35:54.846+0000] {taskinstance.py:1956} INFO - Dependencies all met for dep_context=non-requeueable deps ti=<TaskInstance: silver_transformation_pipeline.dbt_run_payments scheduled__2025-10-08T00:00:00+00:00 [queued]>
[2025-11-02T01:35:54.859+0000] {taskinstance.py:1956} INFO - Dependencies all met for dep_context=requeueable deps ti=<TaskInstance: silver_transformation_pipeline.dbt_run_payments scheduled__2025-10-08T00:00:00+00:00 [queued]>
[2025-11-02T01:35:54.860+0000] {taskinstance.py:2170} INFO - Starting attempt 1 of 2
[2025-11-02T01:35:54.879+0000] {taskinstance.py:2191} INFO - Executing <Task(PythonOperator): dbt_run_payments> on 2025-10-08 00:00:00+00:00
[2025-11-02T01:35:54.888+0000] {standard_task_runner.py:60} INFO - Started process 1904 to run task
[2025-11-02T01:35:54.893+0000] {standard_task_runner.py:87} INFO - Running: ['***', 'tasks', 'run', 'silver_transformation_pipeline', 'dbt_run_payments', 'scheduled__2025-10-08T00:00:00+00:00', '--job-id', '160', '--raw', '--subdir', 'DAGS_FOLDER/silver_dag.py', '--cfg-path', '/tmp/tmpg_il53of']
[2025-11-02T01:35:54.896+0000] {standard_task_runner.py:88} INFO - Job 160: Subtask dbt_run_payments
[2025-11-02T01:35:54.998+0000] {task_command.py:423} INFO - Running <TaskInstance: silver_transformation_pipeline.dbt_run_payments scheduled__2025-10-08T00:00:00+00:00 [running]> on host 3b0074fa0b5e
[2025-11-02T01:35:55.116+0000] {taskinstance.py:2480} INFO - Exporting env vars: AIRFLOW_CTX_DAG_OWNER='***' AIRFLOW_CTX_DAG_ID='silver_transformation_pipeline' AIRFLOW_CTX_TASK_ID='dbt_run_payments' AIRFLOW_CTX_EXECUTION_DATE='2025-10-08T00:00:00+00:00' AIRFLOW_CTX_TRY_NUMBER='1' AIRFLOW_CTX_DAG_RUN_ID='scheduled__2025-10-08T00:00:00+00:00'
[2025-11-02T01:36:02.386+0000] {python.py:201} INFO - Done. Returned value was: None
[2025-11-02T01:36:02.406+0000] {taskinstance.py:1138} INFO - Marking task as SUCCESS. dag_id=silver_transformation_pipeline, task_id=dbt_run_payments, execution_date=20251008T000000, start_date=20251102T013554, end_date=20251102T013602
[2025-11-02T01:36:02.443+0000] {local_task_job_runner.py:234} INFO - Task exited with return code 0
[2025-11-02T01:36:02.470+0000] {taskinstance.py:3280} INFO - 0 downstream tasks scheduled from follow-on schedule check
[2025-11-02T11:30:58.600+0000] {taskinstance.py:1956} INFO - Dependencies all met for dep_context=non-requeueable deps ti=<TaskInstance: silver_transformation_pipeline.dbt_run_payments scheduled__2025-10-08T00:00:00+00:00 [queued]>
[2025-11-02T11:30:58.642+0000] {taskinstance.py:1956} INFO - Dependencies all met for dep_context=requeueable deps ti=<TaskInstance: silver_transformation_pipeline.dbt_run_payments scheduled__2025-10-08T00:00:00+00:00 [queued]>
[2025-11-02T11:30:58.643+0000] {taskinstance.py:2170} INFO - Starting attempt 1 of 2
[2025-11-02T11:30:58.686+0000] {taskinstance.py:2191} INFO - Executing <Task(PythonOperator): dbt_run_payments> on 2025-10-08 00:00:00+00:00
[2025-11-02T11:30:58.698+0000] {standard_task_runner.py:60} INFO - Started process 1923 to run task
[2025-11-02T11:30:58.705+0000] {standard_task_runner.py:87} INFO - Running: ['***', 'tasks', 'run', 'silver_transformation_pipeline', 'dbt_run_payments', 'scheduled__2025-10-08T00:00:00+00:00', '--job-id', '168', '--raw', '--subdir', 'DAGS_FOLDER/silver_dag.py', '--cfg-path', '/tmp/tmp_jdzl7_m']
[2025-11-02T11:30:58.721+0000] {standard_task_runner.py:88} INFO - Job 168: Subtask dbt_run_payments
[2025-11-02T11:30:58.908+0000] {task_command.py:423} INFO - Running <TaskInstance: silver_transformation_pipeline.dbt_run_payments scheduled__2025-10-08T00:00:00+00:00 [running]> on host 0d39d4365eb9
[2025-11-02T11:30:59.096+0000] {taskinstance.py:2480} INFO - Exporting env vars: AIRFLOW_CTX_DAG_OWNER='***' AIRFLOW_CTX_DAG_ID='silver_transformation_pipeline' AIRFLOW_CTX_TASK_ID='dbt_run_payments' AIRFLOW_CTX_EXECUTION_DATE='2025-10-08T00:00:00+00:00' AIRFLOW_CTX_TRY_NUMBER='1' AIRFLOW_CTX_DAG_RUN_ID='scheduled__2025-10-08T00:00:00+00:00'
[2025-11-02T11:31:07.772+0000] {python.py:201} INFO - Done. Returned value was: None
[2025-11-02T11:31:07.799+0000] {taskinstance.py:1138} INFO - Marking task as SUCCESS. dag_id=silver_transformation_pipeline, task_id=dbt_run_payments, execution_date=20251008T000000, start_date=20251102T113058, end_date=20251102T113107
[2025-11-02T11:31:07.842+0000] {local_task_job_runner.py:234} INFO - Task exited with return code 0
[2025-11-02T11:31:07.868+0000] {taskinstance.py:3280} INFO - 0 downstream tasks scheduled from follow-on schedule check
