[2025-11-02T00:30:01.373+0000] {taskinstance.py:1956} INFO - Dependencies all met for dep_context=non-requeueable deps ti=<TaskInstance: gold_dimensions_pipeline.dbt_dim_payment_state scheduled__2025-10-24T00:00:00+00:00 [queued]>
[2025-11-02T00:30:01.391+0000] {taskinstance.py:1956} INFO - Dependencies all met for dep_context=requeueable deps ti=<TaskInstance: gold_dimensions_pipeline.dbt_dim_payment_state scheduled__2025-10-24T00:00:00+00:00 [queued]>
[2025-11-02T00:30:01.393+0000] {taskinstance.py:2170} INFO - Starting attempt 1 of 2
[2025-11-02T00:30:01.417+0000] {taskinstance.py:2191} INFO - Executing <Task(PythonOperator): dbt_dim_payment_state> on 2025-10-24 00:00:00+00:00
[2025-11-02T00:30:01.429+0000] {standard_task_runner.py:60} INFO - Started process 16382 to run task
[2025-11-02T00:30:01.435+0000] {standard_task_runner.py:87} INFO - Running: ['***', 'tasks', 'run', 'gold_dimensions_pipeline', 'dbt_dim_payment_state', 'scheduled__2025-10-24T00:00:00+00:00', '--job-id', '402', '--raw', '--subdir', 'DAGS_FOLDER/gold_dag.py', '--cfg-path', '/tmp/tmp90job8m2']
[2025-11-02T00:30:01.440+0000] {standard_task_runner.py:88} INFO - Job 402: Subtask dbt_dim_payment_state
[2025-11-02T00:30:01.553+0000] {task_command.py:423} INFO - Running <TaskInstance: gold_dimensions_pipeline.dbt_dim_payment_state scheduled__2025-10-24T00:00:00+00:00 [running]> on host 6335aa85b335
[2025-11-02T00:30:01.715+0000] {taskinstance.py:2480} INFO - Exporting env vars: AIRFLOW_CTX_DAG_OWNER='***' AIRFLOW_CTX_DAG_ID='gold_dimensions_pipeline' AIRFLOW_CTX_TASK_ID='dbt_dim_payment_state' AIRFLOW_CTX_EXECUTION_DATE='2025-10-24T00:00:00+00:00' AIRFLOW_CTX_TRY_NUMBER='1' AIRFLOW_CTX_DAG_RUN_ID='scheduled__2025-10-24T00:00:00+00:00'
[2025-11-02T00:30:11.809+0000] {python.py:201} INFO - Done. Returned value was: None
[2025-11-02T00:30:11.830+0000] {taskinstance.py:1138} INFO - Marking task as SUCCESS. dag_id=gold_dimensions_pipeline, task_id=dbt_dim_payment_state, execution_date=20251024T000000, start_date=20251102T003001, end_date=20251102T003011
[2025-11-02T00:30:11.881+0000] {local_task_job_runner.py:234} INFO - Task exited with return code 0
[2025-11-02T00:30:11.908+0000] {taskinstance.py:3280} INFO - 0 downstream tasks scheduled from follow-on schedule check
[2025-11-02T11:57:05.535+0000] {taskinstance.py:1956} INFO - Dependencies all met for dep_context=non-requeueable deps ti=<TaskInstance: gold_dimensions_pipeline.dbt_dim_payment_state scheduled__2025-10-24T00:00:00+00:00 [queued]>
[2025-11-02T11:57:05.548+0000] {taskinstance.py:1956} INFO - Dependencies all met for dep_context=requeueable deps ti=<TaskInstance: gold_dimensions_pipeline.dbt_dim_payment_state scheduled__2025-10-24T00:00:00+00:00 [queued]>
[2025-11-02T11:57:05.549+0000] {taskinstance.py:2170} INFO - Starting attempt 1 of 3
[2025-11-02T11:57:05.568+0000] {taskinstance.py:2191} INFO - Executing <Task(PythonOperator): dbt_dim_payment_state> on 2025-10-24 00:00:00+00:00
[2025-11-02T11:57:05.573+0000] {standard_task_runner.py:60} INFO - Started process 6121 to run task
[2025-11-02T11:57:05.579+0000] {standard_task_runner.py:87} INFO - Running: ['***', 'tasks', 'run', 'gold_dimensions_pipeline', 'dbt_dim_payment_state', 'scheduled__2025-10-24T00:00:00+00:00', '--job-id', '367', '--raw', '--subdir', 'DAGS_FOLDER/gold_dag.py', '--cfg-path', '/tmp/tmpon3nn0qn']
[2025-11-02T11:57:05.585+0000] {standard_task_runner.py:88} INFO - Job 367: Subtask dbt_dim_payment_state
[2025-11-02T11:57:05.675+0000] {task_command.py:423} INFO - Running <TaskInstance: gold_dimensions_pipeline.dbt_dim_payment_state scheduled__2025-10-24T00:00:00+00:00 [running]> on host 0d39d4365eb9
[2025-11-02T11:57:05.797+0000] {taskinstance.py:2480} INFO - Exporting env vars: AIRFLOW_CTX_DAG_OWNER='***' AIRFLOW_CTX_DAG_ID='gold_dimensions_pipeline' AIRFLOW_CTX_TASK_ID='dbt_dim_payment_state' AIRFLOW_CTX_EXECUTION_DATE='2025-10-24T00:00:00+00:00' AIRFLOW_CTX_TRY_NUMBER='1' AIRFLOW_CTX_DAG_RUN_ID='scheduled__2025-10-24T00:00:00+00:00'
[2025-11-02T11:57:10.969+0000] {logging_mixin.py:188} INFO - ==== DBT STDOUT ====
[2025-11-02T11:57:10.970+0000] {logging_mixin.py:188} INFO - 11:57:08  Running with dbt=1.5.9
11:57:08  Registered adapter: clickhouse=1.5.2
11:57:09  [WARNING]: Configuration paths exist in your dbt_project.yml file which do not apply to any resources.
There are 2 unused configuration paths:
- models.ck_project.gold.fact
- models.ck_project.bronze
11:57:09  Found 7 models, 17 tests, 0 snapshots, 0 analyses, 349 macros, 0 operations, 0 seed files, 6 sources, 0 exposures, 0 metrics, 0 groups
11:57:09  
11:57:09  Concurrency: 4 threads (target='dev')
11:57:09  
11:57:09  1 of 1 START sql table model gold.dim_payment_state ............................ [RUN]
11:57:09  1 of 1 OK created sql table model gold.dim_payment_state ....................... [OK in 0.27s]
11:57:09  
11:57:09  Finished running 1 table model in 0 hours 0 minutes and 0.68 seconds (0.68s).
11:57:10  
11:57:10  Completed successfully
11:57:10  
11:57:10  Done. PASS=1 WARN=0 ERROR=0 SKIP=0 TOTAL=1
[2025-11-02T11:57:10.971+0000] {logging_mixin.py:188} INFO - ==== DBT STDERR ====
[2025-11-02T11:57:10.972+0000] {python.py:201} INFO - Done. Returned value was: None
[2025-11-02T11:57:10.998+0000] {taskinstance.py:1138} INFO - Marking task as SUCCESS. dag_id=gold_dimensions_pipeline, task_id=dbt_dim_payment_state, execution_date=20251024T000000, start_date=20251102T115705, end_date=20251102T115710
[2025-11-02T11:57:11.073+0000] {local_task_job_runner.py:234} INFO - Task exited with return code 0
[2025-11-02T11:57:11.103+0000] {taskinstance.py:3280} INFO - 0 downstream tasks scheduled from follow-on schedule check
