[2025-11-01T20:06:41.300+0000] {taskinstance.py:1956} INFO - Dependencies all met for dep_context=non-requeueable deps ti=<TaskInstance: ingestion_pipeline.load_payments_bronze scheduled__2025-10-06T00:00:00+00:00 [queued]>
[2025-11-01T20:06:41.346+0000] {taskinstance.py:1956} INFO - Dependencies all met for dep_context=requeueable deps ti=<TaskInstance: ingestion_pipeline.load_payments_bronze scheduled__2025-10-06T00:00:00+00:00 [queued]>
[2025-11-01T20:06:41.352+0000] {taskinstance.py:2170} INFO - Starting attempt 1 of 2
[2025-11-01T20:06:41.438+0000] {taskinstance.py:2191} INFO - Executing <Task(PythonOperator): load_payments_bronze> on 2025-10-06 00:00:00+00:00
[2025-11-01T20:06:41.459+0000] {standard_task_runner.py:60} INFO - Started process 451 to run task
[2025-11-01T20:06:41.497+0000] {standard_task_runner.py:87} INFO - Running: ['***', 'tasks', 'run', 'ingestion_pipeline', 'load_payments_bronze', 'scheduled__2025-10-06T00:00:00+00:00', '--job-id', '36', '--raw', '--subdir', 'DAGS_FOLDER/ingestion_dag.py', '--cfg-path', '/tmp/tmptxta4q6x']
[2025-11-01T20:06:41.515+0000] {standard_task_runner.py:88} INFO - Job 36: Subtask load_payments_bronze
[2025-11-01T20:06:41.813+0000] {task_command.py:423} INFO - Running <TaskInstance: ingestion_pipeline.load_payments_bronze scheduled__2025-10-06T00:00:00+00:00 [running]> on host 1a955fda0cfd
[2025-11-01T20:06:42.209+0000] {taskinstance.py:2480} INFO - Exporting env vars: AIRFLOW_CTX_DAG_OWNER='***' AIRFLOW_CTX_DAG_ID='ingestion_pipeline' AIRFLOW_CTX_TASK_ID='load_payments_bronze' AIRFLOW_CTX_EXECUTION_DATE='2025-10-06T00:00:00+00:00' AIRFLOW_CTX_TRY_NUMBER='1' AIRFLOW_CTX_DAG_RUN_ID='scheduled__2025-10-06T00:00:00+00:00'
[2025-11-01T20:06:47.142+0000] {payments_to_clickhouse.py:89} INFO - [payments->ch] Target CSV: /tmp/data/payments/payments-20251006.csv
[2025-11-01T20:06:47.154+0000] {payments_to_clickhouse.py:94} INFO - [payments->ch] Folder listing: ['payments-20251001.csv', 'payments-20251002.csv', 'payments-20251003.csv']
[2025-11-01T20:06:47.156+0000] {payments_to_clickhouse.py:100} WARNING - [payments->ch] File not found. Skipping.
[2025-11-01T20:06:47.158+0000] {python.py:201} INFO - Done. Returned value was: None
[2025-11-01T20:06:47.313+0000] {taskinstance.py:1138} INFO - Marking task as SUCCESS. dag_id=ingestion_pipeline, task_id=load_payments_bronze, execution_date=20251006T000000, start_date=20251101T200641, end_date=20251101T200647
[2025-11-01T20:06:47.517+0000] {local_task_job_runner.py:234} INFO - Task exited with return code 0
[2025-11-01T20:06:47.605+0000] {taskinstance.py:3280} INFO - 0 downstream tasks scheduled from follow-on schedule check
[2025-11-01T20:18:00.469+0000] {taskinstance.py:1956} INFO - Dependencies all met for dep_context=non-requeueable deps ti=<TaskInstance: ingestion_pipeline.load_payments_bronze scheduled__2025-10-06T00:00:00+00:00 [queued]>
[2025-11-01T20:18:00.527+0000] {taskinstance.py:1956} INFO - Dependencies all met for dep_context=requeueable deps ti=<TaskInstance: ingestion_pipeline.load_payments_bronze scheduled__2025-10-06T00:00:00+00:00 [queued]>
[2025-11-01T20:18:00.534+0000] {taskinstance.py:2170} INFO - Starting attempt 1 of 2
[2025-11-01T20:18:00.631+0000] {taskinstance.py:2191} INFO - Executing <Task(PythonOperator): load_payments_bronze> on 2025-10-06 00:00:00+00:00
[2025-11-01T20:18:00.737+0000] {standard_task_runner.py:60} INFO - Started process 370 to run task
[2025-11-01T20:18:00.772+0000] {standard_task_runner.py:87} INFO - Running: ['***', 'tasks', 'run', 'ingestion_pipeline', 'load_payments_bronze', 'scheduled__2025-10-06T00:00:00+00:00', '--job-id', '20', '--raw', '--subdir', 'DAGS_FOLDER/ingestion_dag.py', '--cfg-path', '/tmp/tmphjazzc05']
[2025-11-01T20:18:00.789+0000] {standard_task_runner.py:88} INFO - Job 20: Subtask load_payments_bronze
[2025-11-01T20:18:01.308+0000] {task_command.py:423} INFO - Running <TaskInstance: ingestion_pipeline.load_payments_bronze scheduled__2025-10-06T00:00:00+00:00 [running]> on host 6335aa85b335
[2025-11-01T20:18:02.041+0000] {taskinstance.py:2480} INFO - Exporting env vars: AIRFLOW_CTX_DAG_OWNER='***' AIRFLOW_CTX_DAG_ID='ingestion_pipeline' AIRFLOW_CTX_TASK_ID='load_payments_bronze' AIRFLOW_CTX_EXECUTION_DATE='2025-10-06T00:00:00+00:00' AIRFLOW_CTX_TRY_NUMBER='1' AIRFLOW_CTX_DAG_RUN_ID='scheduled__2025-10-06T00:00:00+00:00'
[2025-11-01T20:18:05.072+0000] {payments_to_clickhouse.py:89} INFO - [payments->ch] Target CSV: /tmp/data/payments/payments-20251006.csv
[2025-11-01T20:18:05.085+0000] {payments_to_clickhouse.py:94} INFO - [payments->ch] Folder listing: ['payments-20251001.csv', 'payments-20251002.csv', 'payments-20251003.csv', 'payments-20251004.csv']
[2025-11-01T20:18:05.087+0000] {payments_to_clickhouse.py:100} WARNING - [payments->ch] File not found. Skipping.
[2025-11-01T20:18:05.088+0000] {python.py:201} INFO - Done. Returned value was: None
[2025-11-01T20:18:05.161+0000] {taskinstance.py:1138} INFO - Marking task as SUCCESS. dag_id=ingestion_pipeline, task_id=load_payments_bronze, execution_date=20251006T000000, start_date=20251101T201800, end_date=20251101T201805
[2025-11-01T20:18:05.434+0000] {local_task_job_runner.py:234} INFO - Task exited with return code 0
[2025-11-01T20:18:05.547+0000] {taskinstance.py:3280} INFO - 0 downstream tasks scheduled from follow-on schedule check
