[2025-11-02T11:45:48.223+0000] {taskinstance.py:1956} INFO - Dependencies all met for dep_context=non-requeueable deps ti=<TaskInstance: gold_dimensions_pipeline.dbt_dim_merchants scheduled__2025-10-22T00:00:00+00:00 [queued]>
[2025-11-02T11:45:48.235+0000] {taskinstance.py:1956} INFO - Dependencies all met for dep_context=requeueable deps ti=<TaskInstance: gold_dimensions_pipeline.dbt_dim_merchants scheduled__2025-10-22T00:00:00+00:00 [queued]>
[2025-11-02T11:45:48.236+0000] {taskinstance.py:2170} INFO - Starting attempt 1 of 3
[2025-11-02T11:45:48.253+0000] {taskinstance.py:2191} INFO - Executing <Task(PythonOperator): dbt_dim_merchants> on 2025-10-22 00:00:00+00:00
[2025-11-02T11:45:48.260+0000] {standard_task_runner.py:60} INFO - Started process 5938 to run task
[2025-11-02T11:45:48.265+0000] {standard_task_runner.py:87} INFO - Running: ['***', 'tasks', 'run', 'gold_dimensions_pipeline', 'dbt_dim_merchants', 'scheduled__2025-10-22T00:00:00+00:00', '--job-id', '357', '--raw', '--subdir', 'DAGS_FOLDER/gold_dag.py', '--cfg-path', '/tmp/tmp0y_1heyk']
[2025-11-02T11:45:48.271+0000] {standard_task_runner.py:88} INFO - Job 357: Subtask dbt_dim_merchants
[2025-11-02T11:45:48.367+0000] {task_command.py:423} INFO - Running <TaskInstance: gold_dimensions_pipeline.dbt_dim_merchants scheduled__2025-10-22T00:00:00+00:00 [running]> on host 0d39d4365eb9
[2025-11-02T11:45:48.489+0000] {taskinstance.py:2480} INFO - Exporting env vars: AIRFLOW_CTX_DAG_OWNER='***' AIRFLOW_CTX_DAG_ID='gold_dimensions_pipeline' AIRFLOW_CTX_TASK_ID='dbt_dim_merchants' AIRFLOW_CTX_EXECUTION_DATE='2025-10-22T00:00:00+00:00' AIRFLOW_CTX_TRY_NUMBER='1' AIRFLOW_CTX_DAG_RUN_ID='scheduled__2025-10-22T00:00:00+00:00'
[2025-11-02T11:45:53.965+0000] {logging_mixin.py:188} INFO - ==== DBT STDOUT ====
[2025-11-02T11:45:53.966+0000] {logging_mixin.py:188} INFO - 11:45:51  Running with dbt=1.5.9
11:45:52  Registered adapter: clickhouse=1.5.2
11:45:52  [WARNING]: Configuration paths exist in your dbt_project.yml file which do not apply to any resources.
There are 2 unused configuration paths:
- models.ck_project.bronze
- models.ck_project.gold.fact
11:45:52  Found 7 models, 17 tests, 0 snapshots, 0 analyses, 349 macros, 0 operations, 0 seed files, 6 sources, 0 exposures, 0 metrics, 0 groups
11:45:52  
11:45:52  Concurrency: 4 threads (target='dev')
11:45:52  
11:45:52  1 of 1 START sql table model gold.dim_merchants ................................ [RUN]
11:45:53  1 of 1 OK created sql table model gold.dim_merchants ........................... [OK in 0.31s]
11:45:53  
11:45:53  Finished running 1 table model in 0 hours 0 minutes and 0.73 seconds (0.73s).
11:45:53  
11:45:53  Completed successfully
11:45:53  
11:45:53  Done. PASS=1 WARN=0 ERROR=0 SKIP=0 TOTAL=1
[2025-11-02T11:45:53.967+0000] {logging_mixin.py:188} INFO - ==== DBT STDERR ====
[2025-11-02T11:45:53.967+0000] {python.py:201} INFO - Done. Returned value was: None
[2025-11-02T11:45:53.987+0000] {taskinstance.py:1138} INFO - Marking task as SUCCESS. dag_id=gold_dimensions_pipeline, task_id=dbt_dim_merchants, execution_date=20251022T000000, start_date=20251102T114548, end_date=20251102T114553
[2025-11-02T11:45:54.034+0000] {local_task_job_runner.py:234} INFO - Task exited with return code 0
[2025-11-02T11:45:54.054+0000] {taskinstance.py:3280} INFO - 0 downstream tasks scheduled from follow-on schedule check
