[2025-11-01T20:06:34.136+0000] {taskinstance.py:1956} INFO - Dependencies all met for dep_context=non-requeueable deps ti=<TaskInstance: ingestion_pipeline.load_link_transactions_to_mongo scheduled__2025-10-09T00:00:00+00:00 [queued]>
[2025-11-01T20:06:34.179+0000] {taskinstance.py:1956} INFO - Dependencies all met for dep_context=requeueable deps ti=<TaskInstance: ingestion_pipeline.load_link_transactions_to_mongo scheduled__2025-10-09T00:00:00+00:00 [queued]>
[2025-11-01T20:06:34.182+0000] {taskinstance.py:2170} INFO - Starting attempt 1 of 2
[2025-11-01T20:06:34.395+0000] {taskinstance.py:2191} INFO - Executing <Task(PythonOperator): load_link_transactions_to_mongo> on 2025-10-09 00:00:00+00:00
[2025-11-01T20:06:34.449+0000] {standard_task_runner.py:60} INFO - Started process 365 to run task
[2025-11-01T20:06:34.475+0000] {standard_task_runner.py:87} INFO - Running: ['***', 'tasks', 'run', 'ingestion_pipeline', 'load_link_transactions_to_mongo', 'scheduled__2025-10-09T00:00:00+00:00', '--job-id', '27', '--raw', '--subdir', 'DAGS_FOLDER/ingestion_dag.py', '--cfg-path', '/tmp/tmp43jkx_2k']
[2025-11-01T20:06:34.533+0000] {standard_task_runner.py:88} INFO - Job 27: Subtask load_link_transactions_to_mongo
[2025-11-01T20:06:35.059+0000] {task_command.py:423} INFO - Running <TaskInstance: ingestion_pipeline.load_link_transactions_to_mongo scheduled__2025-10-09T00:00:00+00:00 [running]> on host 1a955fda0cfd
[2025-11-01T20:06:35.513+0000] {taskinstance.py:2480} INFO - Exporting env vars: AIRFLOW_CTX_DAG_OWNER='***' AIRFLOW_CTX_DAG_ID='ingestion_pipeline' AIRFLOW_CTX_TASK_ID='load_link_transactions_to_mongo' AIRFLOW_CTX_EXECUTION_DATE='2025-10-09T00:00:00+00:00' AIRFLOW_CTX_TRY_NUMBER='1' AIRFLOW_CTX_DAG_RUN_ID='scheduled__2025-10-09T00:00:00+00:00'
[2025-11-01T20:06:38.862+0000] {mongo_ingestion.py:59} INFO - [mongo/link_tx] Target CSV: /tmp/data/link_transactions/link_transactions-20251009.csv
[2025-11-01T20:06:38.879+0000] {mongo_ingestion.py:62} INFO - [mongo/link_tx] Directory listing: ['link_transactions-20251001.csv', 'link_transactions-20251002.csv', 'link_transactions-20251003.csv', 'link_transactions-20251004.csv']
[2025-11-01T20:06:38.896+0000] {crypto.py:82} WARNING - empty cryptography key - values will not be stored encrypted.
[2025-11-01T20:06:38.915+0000] {base.py:83} INFO - Using connection ID 'mongo_default' for task execution.
[2025-11-01T20:06:39.253+0000] {mongo_ingestion.py:80} WARNING - [mongo/link_tx] File not found; indexes ensured; skipping.
[2025-11-01T20:06:39.256+0000] {mongo_ingestion.py:154} INFO - [mongo/link_tx] MongoDB connection closed.
[2025-11-01T20:06:39.258+0000] {python.py:201} INFO - Done. Returned value was: None
[2025-11-01T20:06:39.305+0000] {taskinstance.py:1138} INFO - Marking task as SUCCESS. dag_id=ingestion_pipeline, task_id=load_link_transactions_to_mongo, execution_date=20251009T000000, start_date=20251101T200634, end_date=20251101T200639
[2025-11-01T20:06:39.473+0000] {local_task_job_runner.py:234} INFO - Task exited with return code 0
[2025-11-01T20:06:39.845+0000] {taskinstance.py:3280} INFO - 1 downstream tasks scheduled from follow-on schedule check
[2025-11-01T20:18:00.499+0000] {taskinstance.py:1956} INFO - Dependencies all met for dep_context=non-requeueable deps ti=<TaskInstance: ingestion_pipeline.load_link_transactions_to_mongo scheduled__2025-10-09T00:00:00+00:00 [queued]>
[2025-11-01T20:18:00.594+0000] {taskinstance.py:1956} INFO - Dependencies all met for dep_context=requeueable deps ti=<TaskInstance: ingestion_pipeline.load_link_transactions_to_mongo scheduled__2025-10-09T00:00:00+00:00 [queued]>
[2025-11-01T20:18:00.599+0000] {taskinstance.py:2170} INFO - Starting attempt 1 of 2
[2025-11-01T20:18:00.848+0000] {taskinstance.py:2191} INFO - Executing <Task(PythonOperator): load_link_transactions_to_mongo> on 2025-10-09 00:00:00+00:00
[2025-11-01T20:18:00.882+0000] {standard_task_runner.py:60} INFO - Started process 372 to run task
[2025-11-01T20:18:00.889+0000] {standard_task_runner.py:87} INFO - Running: ['***', 'tasks', 'run', 'ingestion_pipeline', 'load_link_transactions_to_mongo', 'scheduled__2025-10-09T00:00:00+00:00', '--job-id', '23', '--raw', '--subdir', 'DAGS_FOLDER/ingestion_dag.py', '--cfg-path', '/tmp/tmposeue3au']
[2025-11-01T20:18:00.896+0000] {standard_task_runner.py:88} INFO - Job 23: Subtask load_link_transactions_to_mongo
[2025-11-01T20:18:01.308+0000] {task_command.py:423} INFO - Running <TaskInstance: ingestion_pipeline.load_link_transactions_to_mongo scheduled__2025-10-09T00:00:00+00:00 [running]> on host 6335aa85b335
[2025-11-01T20:18:01.881+0000] {taskinstance.py:2480} INFO - Exporting env vars: AIRFLOW_CTX_DAG_OWNER='***' AIRFLOW_CTX_DAG_ID='ingestion_pipeline' AIRFLOW_CTX_TASK_ID='load_link_transactions_to_mongo' AIRFLOW_CTX_EXECUTION_DATE='2025-10-09T00:00:00+00:00' AIRFLOW_CTX_TRY_NUMBER='1' AIRFLOW_CTX_DAG_RUN_ID='scheduled__2025-10-09T00:00:00+00:00'
[2025-11-01T20:18:04.937+0000] {mongo_ingestion.py:59} INFO - [mongo/link_tx] Target CSV: /tmp/data/link_transactions/link_transactions-20251009.csv
[2025-11-01T20:18:04.955+0000] {mongo_ingestion.py:62} INFO - [mongo/link_tx] Directory listing: ['link_transactions-20251001.csv', 'link_transactions-20251002.csv', 'link_transactions-20251003.csv', 'link_transactions-20251004.csv']
[2025-11-01T20:18:04.958+0000] {crypto.py:82} WARNING - empty cryptography key - values will not be stored encrypted.
[2025-11-01T20:18:04.960+0000] {base.py:83} INFO - Using connection ID 'mongo_default' for task execution.
[2025-11-01T20:18:05.158+0000] {mongo_ingestion.py:80} WARNING - [mongo/link_tx] File not found; indexes ensured; skipping.
[2025-11-01T20:18:05.175+0000] {mongo_ingestion.py:154} INFO - [mongo/link_tx] MongoDB connection closed.
[2025-11-01T20:18:05.185+0000] {python.py:201} INFO - Done. Returned value was: None
[2025-11-01T20:18:05.248+0000] {taskinstance.py:1138} INFO - Marking task as SUCCESS. dag_id=ingestion_pipeline, task_id=load_link_transactions_to_mongo, execution_date=20251009T000000, start_date=20251101T201800, end_date=20251101T201805
[2025-11-01T20:18:05.468+0000] {local_task_job_runner.py:234} INFO - Task exited with return code 0
[2025-11-01T20:18:05.704+0000] {taskinstance.py:3280} INFO - 1 downstream tasks scheduled from follow-on schedule check
