[2025-11-29T01:23:51.787+0000] {taskinstance.py:1956} INFO - Dependencies all met for dep_context=non-requeueable deps ti=<TaskInstance: gold_layer_pipeline.dbt_dim_payment_state scheduled__2025-10-10T00:00:00+00:00 [queued]>
[2025-11-29T01:23:51.849+0000] {taskinstance.py:1956} INFO - Dependencies all met for dep_context=requeueable deps ti=<TaskInstance: gold_layer_pipeline.dbt_dim_payment_state scheduled__2025-10-10T00:00:00+00:00 [queued]>
[2025-11-29T01:23:51.851+0000] {taskinstance.py:2170} INFO - Starting attempt 2 of 3
[2025-11-29T01:23:51.963+0000] {taskinstance.py:2191} INFO - Executing <Task(PythonOperator): dbt_dim_payment_state> on 2025-10-10 00:00:00+00:00
[2025-11-29T01:23:51.990+0000] {standard_task_runner.py:60} INFO - Started process 14688 to run task
[2025-11-29T01:23:52.086+0000] {standard_task_runner.py:87} INFO - Running: ['***', 'tasks', 'run', 'gold_layer_pipeline', 'dbt_dim_payment_state', 'scheduled__2025-10-10T00:00:00+00:00', '--job-id', '724', '--raw', '--subdir', 'DAGS_FOLDER/gold_dag.py', '--cfg-path', '/tmp/tmpokp0pmzs']
[2025-11-29T01:23:52.116+0000] {standard_task_runner.py:88} INFO - Job 724: Subtask dbt_dim_payment_state
[2025-11-29T01:23:52.583+0000] {task_command.py:423} INFO - Running <TaskInstance: gold_layer_pipeline.dbt_dim_payment_state scheduled__2025-10-10T00:00:00+00:00 [running]> on host b34d3694f5a7
[2025-11-29T01:23:52.988+0000] {taskinstance.py:2480} INFO - Exporting env vars: AIRFLOW_CTX_DAG_OWNER='***' AIRFLOW_CTX_DAG_ID='gold_layer_pipeline' AIRFLOW_CTX_TASK_ID='dbt_dim_payment_state' AIRFLOW_CTX_EXECUTION_DATE='2025-10-10T00:00:00+00:00' AIRFLOW_CTX_TRY_NUMBER='2' AIRFLOW_CTX_DAG_RUN_ID='scheduled__2025-10-10T00:00:00+00:00'
[2025-11-29T02:10:25.477+0000] {local_task_job_runner.py:211} ERROR - Heartbeat time limit exceeded!
[2025-11-29T02:10:25.506+0000] {process_utils.py:131} INFO - Sending 15 to group 14688. PIDs of all processes in the group: [14695, 14688]
[2025-11-29T02:10:25.530+0000] {process_utils.py:86} INFO - Sending the signal 15 to group 14688
[2025-11-29T02:10:25.538+0000] {taskinstance.py:2450} ERROR - Received SIGTERM. Terminating subprocesses.
[2025-11-29T02:10:25.576+0000] {process_utils.py:79} INFO - Process psutil.Process(pid=14695, status='terminated', started='01:23:52') (14695) terminated with exit code None
[2025-11-29T02:10:25.620+0000] {taskinstance.py:2698} ERROR - Task failed with exception
Traceback (most recent call last):
  File "/home/airflow/.local/lib/python3.8/site-packages/airflow/models/taskinstance.py", line 433, in _execute_task
    result = execute_callable(context=context, **execute_callable_kwargs)
  File "/home/airflow/.local/lib/python3.8/site-packages/airflow/operators/python.py", line 199, in execute
    return_value = self.execute_callable()
  File "/home/airflow/.local/lib/python3.8/site-packages/airflow/operators/python.py", line 216, in execute_callable
    return self.python_callable(*self.op_args, **self.op_kwargs)
  File "/opt/airflow/dags/gold_dag.py", line 129, in <lambda>
    python_callable=lambda **_: _run_dbt("dim_payment_state"),
  File "/opt/airflow/dags/gold_dag.py", line 84, in _run_dbt
    for line in proc.stdout:
  File "/home/airflow/.local/lib/python3.8/site-packages/airflow/models/taskinstance.py", line 2452, in signal_handler
    raise AirflowException("Task received SIGTERM signal")
airflow.exceptions.AirflowException: Task received SIGTERM signal
[2025-11-29T02:10:25.724+0000] {taskinstance.py:1138} INFO - Marking task as UP_FOR_RETRY. dag_id=gold_layer_pipeline, task_id=dbt_dim_payment_state, execution_date=20251010T000000, start_date=20251129T012351, end_date=20251129T021025
[2025-11-29T02:10:25.843+0000] {standard_task_runner.py:107} ERROR - Failed to execute job 724 for task dbt_dim_payment_state (Task received SIGTERM signal; 14688)
[2025-11-29T02:10:25.962+0000] {process_utils.py:79} INFO - Process psutil.Process(pid=14688, status='terminated', exitcode=1, started='01:23:51') (14688) terminated with exit code 1
