[2025-11-02T00:00:03.471+0000] {taskinstance.py:1956} INFO - Dependencies all met for dep_context=non-requeueable deps ti=<TaskInstance: silver_transformation_pipeline.dbt_run_payments scheduled__2025-11-01T00:00:00+00:00 [queued]>
[2025-11-02T00:00:03.489+0000] {taskinstance.py:1956} INFO - Dependencies all met for dep_context=requeueable deps ti=<TaskInstance: silver_transformation_pipeline.dbt_run_payments scheduled__2025-11-01T00:00:00+00:00 [queued]>
[2025-11-02T00:00:03.490+0000] {taskinstance.py:2170} INFO - Starting attempt 1 of 2
[2025-11-02T00:00:03.511+0000] {taskinstance.py:2191} INFO - Executing <Task(PythonOperator): dbt_run_payments> on 2025-11-01 00:00:00+00:00
[2025-11-02T00:00:03.520+0000] {standard_task_runner.py:60} INFO - Started process 12543 to run task
[2025-11-02T00:00:03.534+0000] {standard_task_runner.py:87} INFO - Running: ['***', 'tasks', 'run', 'silver_transformation_pipeline', 'dbt_run_payments', 'scheduled__2025-11-01T00:00:00+00:00', '--job-id', '265', '--raw', '--subdir', 'DAGS_FOLDER/silver_dag.py', '--cfg-path', '/tmp/tmp4giqb264']
[2025-11-02T00:00:03.538+0000] {standard_task_runner.py:88} INFO - Job 265: Subtask dbt_run_payments
[2025-11-02T00:00:03.656+0000] {task_command.py:423} INFO - Running <TaskInstance: silver_transformation_pipeline.dbt_run_payments scheduled__2025-11-01T00:00:00+00:00 [running]> on host 6335aa85b335
[2025-11-02T00:00:03.820+0000] {taskinstance.py:2480} INFO - Exporting env vars: AIRFLOW_CTX_DAG_OWNER='***' AIRFLOW_CTX_DAG_ID='silver_transformation_pipeline' AIRFLOW_CTX_TASK_ID='dbt_run_payments' AIRFLOW_CTX_EXECUTION_DATE='2025-11-01T00:00:00+00:00' AIRFLOW_CTX_TRY_NUMBER='1' AIRFLOW_CTX_DAG_RUN_ID='scheduled__2025-11-01T00:00:00+00:00'
[2025-11-02T00:00:12.377+0000] {taskinstance.py:2698} ERROR - Task failed with exception
Traceback (most recent call last):
  File "/home/airflow/.local/lib/python3.8/site-packages/airflow/models/taskinstance.py", line 433, in _execute_task
    result = execute_callable(context=context, **execute_callable_kwargs)
  File "/home/airflow/.local/lib/python3.8/site-packages/airflow/operators/python.py", line 199, in execute
    return_value = self.execute_callable()
  File "/home/airflow/.local/lib/python3.8/site-packages/airflow/operators/python.py", line 216, in execute_callable
    return self.python_callable(*self.op_args, **self.op_kwargs)
  File "/opt/airflow/dags/silver_dag.py", line 188, in <lambda>
    python_callable=lambda ds, **_: _run_dbt("silver_payments", ds=ds, full_refresh=False, pass_ds_lagged=True),
  File "/opt/airflow/dags/silver_dag.py", line 150, in _run_dbt
    raise RuntimeError(f"dbt failed ({proc.returncode}).\nSTDOUT:\n{proc.stdout}\n\nSTDERR:\n{proc.stderr}")
RuntimeError: dbt failed (2).
STDOUT:
00:00:08  Running with dbt=1.5.9
00:00:08  Registered adapter: clickhouse=1.5.2
00:00:08  Unable to do partial parsing because a project config has changed
00:00:10  Encountered an error:
Compilation Error in model dim_merchants (models/gold/dim/dim_merchants.sql)
  expected token ',', got 'ORDER'
    line 6
      order_by=['merchant_id','scd_start_date']   -- non-null ORDER BY


STDERR:

[2025-11-02T00:00:12.418+0000] {taskinstance.py:1138} INFO - Marking task as UP_FOR_RETRY. dag_id=silver_transformation_pipeline, task_id=dbt_run_payments, execution_date=20251101T000000, start_date=20251102T000003, end_date=20251102T000012
[2025-11-02T00:00:12.466+0000] {standard_task_runner.py:107} ERROR - Failed to execute job 265 for task dbt_run_payments (dbt failed (2).
STDOUT:
00:00:08  Running with dbt=1.5.9
00:00:08  Registered adapter: clickhouse=1.5.2
00:00:08  Unable to do partial parsing because a project config has changed
00:00:10  Encountered an error:
Compilation Error in model dim_merchants (models/gold/dim/dim_merchants.sql)
  expected token ',', got 'ORDER'
    line 6
      order_by=['merchant_id','scd_start_date']   -- non-null ORDER BY


STDERR:
; 12543)
[2025-11-02T00:00:12.496+0000] {local_task_job_runner.py:234} INFO - Task exited with return code 1
[2025-11-02T00:00:12.550+0000] {taskinstance.py:3280} INFO - 0 downstream tasks scheduled from follow-on schedule check
[2025-11-02T01:40:04.784+0000] {taskinstance.py:1956} INFO - Dependencies all met for dep_context=non-requeueable deps ti=<TaskInstance: silver_transformation_pipeline.dbt_run_payments scheduled__2025-11-01T00:00:00+00:00 [queued]>
[2025-11-02T01:40:04.800+0000] {taskinstance.py:1956} INFO - Dependencies all met for dep_context=requeueable deps ti=<TaskInstance: silver_transformation_pipeline.dbt_run_payments scheduled__2025-11-01T00:00:00+00:00 [queued]>
[2025-11-02T01:40:04.801+0000] {taskinstance.py:2170} INFO - Starting attempt 1 of 2
[2025-11-02T01:40:04.821+0000] {taskinstance.py:2191} INFO - Executing <Task(PythonOperator): dbt_run_payments> on 2025-11-01 00:00:00+00:00
[2025-11-02T01:40:04.831+0000] {standard_task_runner.py:60} INFO - Started process 3755 to run task
[2025-11-02T01:40:04.834+0000] {standard_task_runner.py:87} INFO - Running: ['***', 'tasks', 'run', 'silver_transformation_pipeline', 'dbt_run_payments', 'scheduled__2025-11-01T00:00:00+00:00', '--job-id', '256', '--raw', '--subdir', 'DAGS_FOLDER/silver_dag.py', '--cfg-path', '/tmp/tmpycv6r68k']
[2025-11-02T01:40:04.836+0000] {standard_task_runner.py:88} INFO - Job 256: Subtask dbt_run_payments
[2025-11-02T01:40:04.926+0000] {task_command.py:423} INFO - Running <TaskInstance: silver_transformation_pipeline.dbt_run_payments scheduled__2025-11-01T00:00:00+00:00 [running]> on host 3b0074fa0b5e
[2025-11-02T01:40:05.042+0000] {taskinstance.py:2480} INFO - Exporting env vars: AIRFLOW_CTX_DAG_OWNER='***' AIRFLOW_CTX_DAG_ID='silver_transformation_pipeline' AIRFLOW_CTX_TASK_ID='dbt_run_payments' AIRFLOW_CTX_EXECUTION_DATE='2025-11-01T00:00:00+00:00' AIRFLOW_CTX_TRY_NUMBER='1' AIRFLOW_CTX_DAG_RUN_ID='scheduled__2025-11-01T00:00:00+00:00'
[2025-11-02T01:40:12.090+0000] {python.py:201} INFO - Done. Returned value was: None
[2025-11-02T01:40:12.113+0000] {taskinstance.py:1138} INFO - Marking task as SUCCESS. dag_id=silver_transformation_pipeline, task_id=dbt_run_payments, execution_date=20251101T000000, start_date=20251102T014004, end_date=20251102T014012
[2025-11-02T01:40:12.144+0000] {local_task_job_runner.py:234} INFO - Task exited with return code 0
[2025-11-02T01:40:12.166+0000] {taskinstance.py:3280} INFO - 0 downstream tasks scheduled from follow-on schedule check
[2025-11-02T11:36:14.613+0000] {taskinstance.py:1956} INFO - Dependencies all met for dep_context=non-requeueable deps ti=<TaskInstance: silver_transformation_pipeline.dbt_run_payments scheduled__2025-11-01T00:00:00+00:00 [queued]>
[2025-11-02T11:36:14.627+0000] {taskinstance.py:1956} INFO - Dependencies all met for dep_context=requeueable deps ti=<TaskInstance: silver_transformation_pipeline.dbt_run_payments scheduled__2025-11-01T00:00:00+00:00 [queued]>
[2025-11-02T11:36:14.628+0000] {taskinstance.py:2170} INFO - Starting attempt 1 of 2
[2025-11-02T11:36:14.643+0000] {taskinstance.py:2191} INFO - Executing <Task(PythonOperator): dbt_run_payments> on 2025-11-01 00:00:00+00:00
[2025-11-02T11:36:14.650+0000] {standard_task_runner.py:60} INFO - Started process 3984 to run task
[2025-11-02T11:36:14.656+0000] {standard_task_runner.py:87} INFO - Running: ['***', 'tasks', 'run', 'silver_transformation_pipeline', 'dbt_run_payments', 'scheduled__2025-11-01T00:00:00+00:00', '--job-id', '268', '--raw', '--subdir', 'DAGS_FOLDER/silver_dag.py', '--cfg-path', '/tmp/tmpiqzb5pi6']
[2025-11-02T11:36:14.661+0000] {standard_task_runner.py:88} INFO - Job 268: Subtask dbt_run_payments
[2025-11-02T11:36:14.764+0000] {task_command.py:423} INFO - Running <TaskInstance: silver_transformation_pipeline.dbt_run_payments scheduled__2025-11-01T00:00:00+00:00 [running]> on host 0d39d4365eb9
[2025-11-02T11:36:14.917+0000] {taskinstance.py:2480} INFO - Exporting env vars: AIRFLOW_CTX_DAG_OWNER='***' AIRFLOW_CTX_DAG_ID='silver_transformation_pipeline' AIRFLOW_CTX_TASK_ID='dbt_run_payments' AIRFLOW_CTX_EXECUTION_DATE='2025-11-01T00:00:00+00:00' AIRFLOW_CTX_TRY_NUMBER='1' AIRFLOW_CTX_DAG_RUN_ID='scheduled__2025-11-01T00:00:00+00:00'
[2025-11-02T11:36:23.141+0000] {python.py:201} INFO - Done. Returned value was: None
[2025-11-02T11:36:23.167+0000] {taskinstance.py:1138} INFO - Marking task as SUCCESS. dag_id=silver_transformation_pipeline, task_id=dbt_run_payments, execution_date=20251101T000000, start_date=20251102T113614, end_date=20251102T113623
[2025-11-02T11:36:23.239+0000] {local_task_job_runner.py:234} INFO - Task exited with return code 0
[2025-11-02T11:36:23.261+0000] {taskinstance.py:3280} INFO - 0 downstream tasks scheduled from follow-on schedule check
