[2025-11-02T00:26:56.400+0000] {taskinstance.py:1956} INFO - Dependencies all met for dep_context=non-requeueable deps ti=<TaskInstance: gold_dimensions_pipeline.dbt_dim_date scheduled__2025-10-11T00:00:00+00:00 [queued]>
[2025-11-02T00:26:56.415+0000] {taskinstance.py:1956} INFO - Dependencies all met for dep_context=requeueable deps ti=<TaskInstance: gold_dimensions_pipeline.dbt_dim_date scheduled__2025-10-11T00:00:00+00:00 [queued]>
[2025-11-02T00:26:56.417+0000] {taskinstance.py:2170} INFO - Starting attempt 1 of 2
[2025-11-02T00:26:56.441+0000] {taskinstance.py:2191} INFO - Executing <Task(PythonOperator): dbt_dim_date> on 2025-10-11 00:00:00+00:00
[2025-11-02T00:26:56.452+0000] {standard_task_runner.py:60} INFO - Started process 15173 to run task
[2025-11-02T00:26:56.458+0000] {standard_task_runner.py:87} INFO - Running: ['***', 'tasks', 'run', 'gold_dimensions_pipeline', 'dbt_dim_date', 'scheduled__2025-10-11T00:00:00+00:00', '--job-id', '337', '--raw', '--subdir', 'DAGS_FOLDER/gold_dag.py', '--cfg-path', '/tmp/tmphb19sp3c']
[2025-11-02T00:26:56.461+0000] {standard_task_runner.py:88} INFO - Job 337: Subtask dbt_dim_date
[2025-11-02T00:26:56.586+0000] {task_command.py:423} INFO - Running <TaskInstance: gold_dimensions_pipeline.dbt_dim_date scheduled__2025-10-11T00:00:00+00:00 [running]> on host 6335aa85b335
[2025-11-02T00:26:56.774+0000] {taskinstance.py:2480} INFO - Exporting env vars: AIRFLOW_CTX_DAG_OWNER='***' AIRFLOW_CTX_DAG_ID='gold_dimensions_pipeline' AIRFLOW_CTX_TASK_ID='dbt_dim_date' AIRFLOW_CTX_EXECUTION_DATE='2025-10-11T00:00:00+00:00' AIRFLOW_CTX_TRY_NUMBER='1' AIRFLOW_CTX_DAG_RUN_ID='scheduled__2025-10-11T00:00:00+00:00'
[2025-11-02T00:27:07.168+0000] {python.py:201} INFO - Done. Returned value was: None
[2025-11-02T00:27:07.196+0000] {taskinstance.py:1138} INFO - Marking task as SUCCESS. dag_id=gold_dimensions_pipeline, task_id=dbt_dim_date, execution_date=20251011T000000, start_date=20251102T002656, end_date=20251102T002707
[2025-11-02T00:27:07.277+0000] {local_task_job_runner.py:234} INFO - Task exited with return code 0
[2025-11-02T00:27:07.309+0000] {taskinstance.py:3280} INFO - 0 downstream tasks scheduled from follow-on schedule check
[2025-11-02T11:43:03.233+0000] {taskinstance.py:1956} INFO - Dependencies all met for dep_context=non-requeueable deps ti=<TaskInstance: gold_dimensions_pipeline.dbt_dim_date scheduled__2025-10-11T00:00:00+00:00 [queued]>
[2025-11-02T11:43:03.245+0000] {taskinstance.py:1956} INFO - Dependencies all met for dep_context=requeueable deps ti=<TaskInstance: gold_dimensions_pipeline.dbt_dim_date scheduled__2025-10-11T00:00:00+00:00 [queued]>
[2025-11-02T11:43:03.246+0000] {taskinstance.py:2170} INFO - Starting attempt 1 of 3
[2025-11-02T11:43:03.267+0000] {taskinstance.py:2191} INFO - Executing <Task(PythonOperator): dbt_dim_date> on 2025-10-11 00:00:00+00:00
[2025-11-02T11:43:03.276+0000] {standard_task_runner.py:60} INFO - Started process 5126 to run task
[2025-11-02T11:43:03.281+0000] {standard_task_runner.py:87} INFO - Running: ['***', 'tasks', 'run', 'gold_dimensions_pipeline', 'dbt_dim_date', 'scheduled__2025-10-11T00:00:00+00:00', '--job-id', '312', '--raw', '--subdir', 'DAGS_FOLDER/gold_dag.py', '--cfg-path', '/tmp/tmpbullx4zj']
[2025-11-02T11:43:03.285+0000] {standard_task_runner.py:88} INFO - Job 312: Subtask dbt_dim_date
[2025-11-02T11:43:03.380+0000] {task_command.py:423} INFO - Running <TaskInstance: gold_dimensions_pipeline.dbt_dim_date scheduled__2025-10-11T00:00:00+00:00 [running]> on host 0d39d4365eb9
[2025-11-02T11:43:03.502+0000] {taskinstance.py:2480} INFO - Exporting env vars: AIRFLOW_CTX_DAG_OWNER='***' AIRFLOW_CTX_DAG_ID='gold_dimensions_pipeline' AIRFLOW_CTX_TASK_ID='dbt_dim_date' AIRFLOW_CTX_EXECUTION_DATE='2025-10-11T00:00:00+00:00' AIRFLOW_CTX_TRY_NUMBER='1' AIRFLOW_CTX_DAG_RUN_ID='scheduled__2025-10-11T00:00:00+00:00'
[2025-11-02T11:43:08.495+0000] {logging_mixin.py:188} INFO - ==== DBT STDOUT ====
[2025-11-02T11:43:08.496+0000] {logging_mixin.py:188} INFO - 11:43:06  Running with dbt=1.5.9
11:43:06  Registered adapter: clickhouse=1.5.2
11:43:06  [WARNING]: Configuration paths exist in your dbt_project.yml file which do not apply to any resources.
There are 2 unused configuration paths:
- models.ck_project.gold.fact
- models.ck_project.bronze
11:43:06  Found 7 models, 17 tests, 0 snapshots, 0 analyses, 349 macros, 0 operations, 0 seed files, 6 sources, 0 exposures, 0 metrics, 0 groups
11:43:06  
11:43:07  Concurrency: 4 threads (target='dev')
11:43:07  
11:43:07  1 of 1 START sql table model gold.dim_date ..................................... [RUN]
11:43:07  1 of 1 OK created sql table model gold.dim_date ................................ [OK in 0.24s]
11:43:07  
11:43:07  Finished running 1 table model in 0 hours 0 minutes and 0.60 seconds (0.60s).
11:43:07  
11:43:07  Completed successfully
11:43:07  
11:43:07  Done. PASS=1 WARN=0 ERROR=0 SKIP=0 TOTAL=1
[2025-11-02T11:43:08.497+0000] {logging_mixin.py:188} INFO - ==== DBT STDERR ====
[2025-11-02T11:43:08.498+0000] {python.py:201} INFO - Done. Returned value was: None
[2025-11-02T11:43:08.517+0000] {taskinstance.py:1138} INFO - Marking task as SUCCESS. dag_id=gold_dimensions_pipeline, task_id=dbt_dim_date, execution_date=20251011T000000, start_date=20251102T114303, end_date=20251102T114308
[2025-11-02T11:43:08.582+0000] {local_task_job_runner.py:234} INFO - Task exited with return code 0
[2025-11-02T11:43:08.619+0000] {taskinstance.py:3280} INFO - 3 downstream tasks scheduled from follow-on schedule check
