[2025-11-01T14:28:01.393+0000] {taskinstance.py:1956} INFO - Dependencies all met for dep_context=non-requeueable deps ti=<TaskInstance: silver_transformation_pipeline.dbt_run_merchants manual__2025-11-01T14:22:20.980311+00:00 [queued]>
[2025-11-01T14:28:01.415+0000] {taskinstance.py:1956} INFO - Dependencies all met for dep_context=requeueable deps ti=<TaskInstance: silver_transformation_pipeline.dbt_run_merchants manual__2025-11-01T14:22:20.980311+00:00 [queued]>
[2025-11-01T14:28:01.416+0000] {taskinstance.py:2170} INFO - Starting attempt 1 of 2
[2025-11-01T14:28:01.449+0000] {taskinstance.py:2191} INFO - Executing <Task(BashOperator): dbt_run_merchants> on 2025-11-01 14:22:20.980311+00:00
[2025-11-01T14:28:01.464+0000] {standard_task_runner.py:60} INFO - Started process 778 to run task
[2025-11-01T14:28:01.472+0000] {standard_task_runner.py:87} INFO - Running: ['***', 'tasks', 'run', 'silver_transformation_pipeline', 'dbt_run_merchants', 'manual__2025-11-01T14:22:20.980311+00:00', '--job-id', '29', '--raw', '--subdir', 'DAGS_FOLDER/silver_dag.py', '--cfg-path', '/tmp/tmpu5zwvyah']
[2025-11-01T14:28:01.481+0000] {standard_task_runner.py:88} INFO - Job 29: Subtask dbt_run_merchants
[2025-11-01T14:28:01.667+0000] {task_command.py:423} INFO - Running <TaskInstance: silver_transformation_pipeline.dbt_run_merchants manual__2025-11-01T14:22:20.980311+00:00 [running]> on host 8c60c1c29b68
[2025-11-01T14:28:01.876+0000] {taskinstance.py:2480} INFO - Exporting env vars: AIRFLOW_CTX_DAG_OWNER='***' AIRFLOW_CTX_DAG_ID='silver_transformation_pipeline' AIRFLOW_CTX_TASK_ID='dbt_run_merchants' AIRFLOW_CTX_EXECUTION_DATE='2025-11-01T14:22:20.980311+00:00' AIRFLOW_CTX_TRY_NUMBER='1' AIRFLOW_CTX_DAG_RUN_ID='manual__2025-11-01T14:22:20.980311+00:00'
[2025-11-01T14:28:01.878+0000] {subprocess.py:63} INFO - Tmp dir root location: /tmp
[2025-11-01T14:28:01.879+0000] {subprocess.py:75} INFO - Running command: ['/usr/bin/bash', '-c', 'export PATH=$HOME/.local/bin:/usr/local/bin:$PATH && dbt --no-use-colors run --project-dir /opt/***/dbt_project --profiles-dir /opt/***/dbt_project --select silver_merchants --full-refresh']
[2025-11-01T14:28:01.892+0000] {subprocess.py:86} INFO - Output:
[2025-11-01T14:28:03.366+0000] {subprocess.py:93} INFO - 14:28:03  Running with dbt=1.8.6
[2025-11-01T14:28:03.378+0000] {subprocess.py:93} INFO - 14:28:03  Encountered an error:
[2025-11-01T14:28:03.379+0000] {subprocess.py:93} INFO - 'type' object is not subscriptable
[2025-11-01T14:28:03.380+0000] {subprocess.py:93} INFO - 14:28:03  Traceback (most recent call last):
[2025-11-01T14:28:03.381+0000] {subprocess.py:93} INFO -   File "/home/***/.local/lib/python3.8/site-packages/dbt/cli/requires.py", line 138, in wrapper
[2025-11-01T14:28:03.381+0000] {subprocess.py:93} INFO -     result, success = func(*args, **kwargs)
[2025-11-01T14:28:03.381+0000] {subprocess.py:93} INFO -   File "/home/***/.local/lib/python3.8/site-packages/dbt/cli/requires.py", line 101, in wrapper
[2025-11-01T14:28:03.382+0000] {subprocess.py:93} INFO -     return func(*args, **kwargs)
[2025-11-01T14:28:03.382+0000] {subprocess.py:93} INFO -   File "/home/***/.local/lib/python3.8/site-packages/dbt/cli/requires.py", line 215, in wrapper
[2025-11-01T14:28:03.383+0000] {subprocess.py:93} INFO -     profile = load_profile(flags.PROJECT_DIR, flags.VARS, flags.PROFILE, flags.TARGET, threads)
[2025-11-01T14:28:03.383+0000] {subprocess.py:93} INFO -   File "/home/***/.local/lib/python3.8/site-packages/dbt/config/runtime.py", line 71, in load_profile
[2025-11-01T14:28:03.384+0000] {subprocess.py:93} INFO -     profile = Profile.render(
[2025-11-01T14:28:03.384+0000] {subprocess.py:93} INFO -   File "/home/***/.local/lib/python3.8/site-packages/dbt/config/profile.py", line 403, in render
[2025-11-01T14:28:03.384+0000] {subprocess.py:93} INFO -     return cls.from_raw_profiles(
[2025-11-01T14:28:03.384+0000] {subprocess.py:93} INFO -   File "/home/***/.local/lib/python3.8/site-packages/dbt/config/profile.py", line 369, in from_raw_profiles
[2025-11-01T14:28:03.385+0000] {subprocess.py:93} INFO -     return cls.from_raw_profile_info(
[2025-11-01T14:28:03.385+0000] {subprocess.py:93} INFO -   File "/home/***/.local/lib/python3.8/site-packages/dbt/config/profile.py", line 325, in from_raw_profile_info
[2025-11-01T14:28:03.385+0000] {subprocess.py:93} INFO -     credentials: Credentials = cls._credentials_from_profile(
[2025-11-01T14:28:03.385+0000] {subprocess.py:93} INFO -   File "/home/***/.local/lib/python3.8/site-packages/dbt/config/profile.py", line 149, in _credentials_from_profile
[2025-11-01T14:28:03.386+0000] {subprocess.py:93} INFO -     cls = load_plugin(typename)
[2025-11-01T14:28:03.386+0000] {subprocess.py:93} INFO -   File "/home/***/.local/lib/python3.8/site-packages/dbt/adapters/factory.py", line 239, in load_plugin
[2025-11-01T14:28:03.386+0000] {subprocess.py:93} INFO -     return FACTORY.load_plugin(name)
[2025-11-01T14:28:03.386+0000] {subprocess.py:93} INFO -   File "/home/***/.local/lib/python3.8/site-packages/dbt/adapters/factory.py", line 68, in load_plugin
[2025-11-01T14:28:03.387+0000] {subprocess.py:93} INFO -     mod: Any = import_module("." + name, "dbt.adapters")
[2025-11-01T14:28:03.387+0000] {subprocess.py:93} INFO -   File "/usr/local/lib/python3.8/importlib/__init__.py", line 127, in import_module
[2025-11-01T14:28:03.388+0000] {subprocess.py:93} INFO -     return _bootstrap._gcd_import(name[level:], package, level)
[2025-11-01T14:28:03.388+0000] {subprocess.py:93} INFO -   File "<frozen importlib._bootstrap>", line 1014, in _gcd_import
[2025-11-01T14:28:03.389+0000] {subprocess.py:93} INFO -   File "<frozen importlib._bootstrap>", line 991, in _find_and_load
[2025-11-01T14:28:03.389+0000] {subprocess.py:93} INFO -   File "<frozen importlib._bootstrap>", line 975, in _find_and_load_unlocked
[2025-11-01T14:28:03.390+0000] {subprocess.py:93} INFO -   File "<frozen importlib._bootstrap>", line 671, in _load_unlocked
[2025-11-01T14:28:03.390+0000] {subprocess.py:93} INFO -   File "<frozen importlib._bootstrap_external>", line 843, in exec_module
[2025-11-01T14:28:03.391+0000] {subprocess.py:93} INFO -   File "<frozen importlib._bootstrap>", line 219, in _call_with_frames_removed
[2025-11-01T14:28:03.391+0000] {subprocess.py:93} INFO -   File "/home/***/.local/lib/python3.8/site-packages/dbt/adapters/clickhouse/__init__.py", line 4, in <module>
[2025-11-01T14:28:03.392+0000] {subprocess.py:93} INFO -     from dbt.adapters.clickhouse.connections import ClickHouseConnectionManager  # noqa
[2025-11-01T14:28:03.392+0000] {subprocess.py:93} INFO -   File "/home/***/.local/lib/python3.8/site-packages/dbt/adapters/clickhouse/connections.py", line 10, in <module>
[2025-11-01T14:28:03.393+0000] {subprocess.py:93} INFO -     from dbt.adapters.clickhouse.dbclient import ChRetryableException, get_db_client
[2025-11-01T14:28:03.393+0000] {subprocess.py:93} INFO -   File "/home/***/.local/lib/python3.8/site-packages/dbt/adapters/clickhouse/dbclient.py", line 9, in <module>
[2025-11-01T14:28:03.394+0000] {subprocess.py:93} INFO -     from dbt.adapters.clickhouse.credentials import ClickHouseCredentials
[2025-11-01T14:28:03.394+0000] {subprocess.py:93} INFO -   File "/home/***/.local/lib/python3.8/site-packages/dbt/adapters/clickhouse/credentials.py", line 9, in <module>
[2025-11-01T14:28:03.395+0000] {subprocess.py:93} INFO -     class ClickHouseCredentials(Credentials):
[2025-11-01T14:28:03.395+0000] {subprocess.py:93} INFO -   File "/home/***/.local/lib/python3.8/site-packages/dbt/adapters/clickhouse/credentials.py", line 38, in ClickHouseCredentials
[2025-11-01T14:28:03.395+0000] {subprocess.py:93} INFO -     tcp_keepalive: Union[bool, tuple[int, int, int], list[int]] = False
[2025-11-01T14:28:03.395+0000] {subprocess.py:93} INFO - TypeError: 'type' object is not subscriptable
[2025-11-01T14:28:03.396+0000] {subprocess.py:93} INFO - 
[2025-11-01T14:28:04.074+0000] {subprocess.py:97} INFO - Command exited with return code 2
[2025-11-01T14:28:04.087+0000] {taskinstance.py:2698} ERROR - Task failed with exception
Traceback (most recent call last):
  File "/home/airflow/.local/lib/python3.8/site-packages/airflow/models/taskinstance.py", line 433, in _execute_task
    result = execute_callable(context=context, **execute_callable_kwargs)
  File "/home/airflow/.local/lib/python3.8/site-packages/airflow/operators/bash.py", line 212, in execute
    raise AirflowException(
airflow.exceptions.AirflowException: Bash command failed. The command returned a non-zero exit code 2.
[2025-11-01T14:28:04.091+0000] {taskinstance.py:1138} INFO - Marking task as UP_FOR_RETRY. dag_id=silver_transformation_pipeline, task_id=dbt_run_merchants, execution_date=20251101T142220, start_date=20251101T142801, end_date=20251101T142804
[2025-11-01T14:28:04.105+0000] {standard_task_runner.py:107} ERROR - Failed to execute job 29 for task dbt_run_merchants (Bash command failed. The command returned a non-zero exit code 2.; 778)
[2025-11-01T14:28:04.153+0000] {local_task_job_runner.py:234} INFO - Task exited with return code 1
[2025-11-01T14:28:04.173+0000] {taskinstance.py:3280} INFO - 0 downstream tasks scheduled from follow-on schedule check
