[2025-11-01T20:08:07.976+0000] {taskinstance.py:1956} INFO - Dependencies all met for dep_context=non-requeueable deps ti=<TaskInstance: silver_transformation_pipeline.dbt_run_payments scheduled__2025-10-01T00:00:00+00:00 [queued]>
[2025-11-01T20:08:07.987+0000] {taskinstance.py:1956} INFO - Dependencies all met for dep_context=requeueable deps ti=<TaskInstance: silver_transformation_pipeline.dbt_run_payments scheduled__2025-10-01T00:00:00+00:00 [queued]>
[2025-11-01T20:08:07.988+0000] {taskinstance.py:2170} INFO - Starting attempt 1 of 2
[2025-11-01T20:08:08.004+0000] {taskinstance.py:2191} INFO - Executing <Task(PythonOperator): dbt_run_payments> on 2025-10-01 00:00:00+00:00
[2025-11-01T20:08:08.011+0000] {standard_task_runner.py:60} INFO - Started process 930 to run task
[2025-11-01T20:08:08.017+0000] {standard_task_runner.py:87} INFO - Running: ['***', 'tasks', 'run', 'silver_transformation_pipeline', 'dbt_run_payments', 'scheduled__2025-10-01T00:00:00+00:00', '--job-id', '128', '--raw', '--subdir', 'DAGS_FOLDER/silver_dag.py', '--cfg-path', '/tmp/tmpqhgd7yjp']
[2025-11-01T20:08:08.022+0000] {standard_task_runner.py:88} INFO - Job 128: Subtask dbt_run_payments
[2025-11-01T20:08:08.120+0000] {task_command.py:423} INFO - Running <TaskInstance: silver_transformation_pipeline.dbt_run_payments scheduled__2025-10-01T00:00:00+00:00 [running]> on host 1a955fda0cfd
[2025-11-01T20:08:08.239+0000] {taskinstance.py:2480} INFO - Exporting env vars: AIRFLOW_CTX_DAG_OWNER='***' AIRFLOW_CTX_DAG_ID='silver_transformation_pipeline' AIRFLOW_CTX_TASK_ID='dbt_run_payments' AIRFLOW_CTX_EXECUTION_DATE='2025-10-01T00:00:00+00:00' AIRFLOW_CTX_TRY_NUMBER='1' AIRFLOW_CTX_DAG_RUN_ID='scheduled__2025-10-01T00:00:00+00:00'
[2025-11-01T20:08:14.827+0000] {python.py:201} INFO - Done. Returned value was: None
[2025-11-01T20:08:14.847+0000] {taskinstance.py:1138} INFO - Marking task as SUCCESS. dag_id=silver_transformation_pipeline, task_id=dbt_run_payments, execution_date=20251001T000000, start_date=20251101T200807, end_date=20251101T200814
[2025-11-01T20:08:14.895+0000] {local_task_job_runner.py:234} INFO - Task exited with return code 0
[2025-11-01T20:08:14.919+0000] {taskinstance.py:3280} INFO - 0 downstream tasks scheduled from follow-on schedule check
[2025-11-01T20:19:30.304+0000] {taskinstance.py:1956} INFO - Dependencies all met for dep_context=non-requeueable deps ti=<TaskInstance: silver_transformation_pipeline.dbt_run_payments scheduled__2025-10-01T00:00:00+00:00 [queued]>
[2025-11-01T20:19:30.315+0000] {taskinstance.py:1956} INFO - Dependencies all met for dep_context=requeueable deps ti=<TaskInstance: silver_transformation_pipeline.dbt_run_payments scheduled__2025-10-01T00:00:00+00:00 [queued]>
[2025-11-01T20:19:30.316+0000] {taskinstance.py:2170} INFO - Starting attempt 1 of 2
[2025-11-01T20:19:30.334+0000] {taskinstance.py:2191} INFO - Executing <Task(PythonOperator): dbt_run_payments> on 2025-10-01 00:00:00+00:00
[2025-11-01T20:19:30.343+0000] {standard_task_runner.py:60} INFO - Started process 930 to run task
[2025-11-01T20:19:30.347+0000] {standard_task_runner.py:87} INFO - Running: ['***', 'tasks', 'run', 'silver_transformation_pipeline', 'dbt_run_payments', 'scheduled__2025-10-01T00:00:00+00:00', '--job-id', '129', '--raw', '--subdir', 'DAGS_FOLDER/silver_dag.py', '--cfg-path', '/tmp/tmp4qw4ere6']
[2025-11-01T20:19:30.353+0000] {standard_task_runner.py:88} INFO - Job 129: Subtask dbt_run_payments
[2025-11-01T20:19:30.445+0000] {task_command.py:423} INFO - Running <TaskInstance: silver_transformation_pipeline.dbt_run_payments scheduled__2025-10-01T00:00:00+00:00 [running]> on host 6335aa85b335
[2025-11-01T20:19:30.545+0000] {taskinstance.py:2480} INFO - Exporting env vars: AIRFLOW_CTX_DAG_OWNER='***' AIRFLOW_CTX_DAG_ID='silver_transformation_pipeline' AIRFLOW_CTX_TASK_ID='dbt_run_payments' AIRFLOW_CTX_EXECUTION_DATE='2025-10-01T00:00:00+00:00' AIRFLOW_CTX_TRY_NUMBER='1' AIRFLOW_CTX_DAG_RUN_ID='scheduled__2025-10-01T00:00:00+00:00'
[2025-11-01T20:19:36.784+0000] {python.py:201} INFO - Done. Returned value was: None
[2025-11-01T20:19:36.807+0000] {taskinstance.py:1138} INFO - Marking task as SUCCESS. dag_id=silver_transformation_pipeline, task_id=dbt_run_payments, execution_date=20251001T000000, start_date=20251101T201930, end_date=20251101T201936
[2025-11-01T20:19:36.848+0000] {local_task_job_runner.py:234} INFO - Task exited with return code 0
[2025-11-01T20:19:36.907+0000] {taskinstance.py:3280} INFO - 0 downstream tasks scheduled from follow-on schedule check
[2025-11-02T01:34:42.581+0000] {taskinstance.py:1956} INFO - Dependencies all met for dep_context=non-requeueable deps ti=<TaskInstance: silver_transformation_pipeline.dbt_run_payments scheduled__2025-10-01T00:00:00+00:00 [queued]>
[2025-11-02T01:34:42.595+0000] {taskinstance.py:1956} INFO - Dependencies all met for dep_context=requeueable deps ti=<TaskInstance: silver_transformation_pipeline.dbt_run_payments scheduled__2025-10-01T00:00:00+00:00 [queued]>
[2025-11-02T01:34:42.596+0000] {taskinstance.py:2170} INFO - Starting attempt 1 of 2
[2025-11-02T01:34:42.612+0000] {taskinstance.py:2191} INFO - Executing <Task(PythonOperator): dbt_run_payments> on 2025-10-01 00:00:00+00:00
[2025-11-02T01:34:42.621+0000] {standard_task_runner.py:60} INFO - Started process 1359 to run task
[2025-11-02T01:34:42.627+0000] {standard_task_runner.py:87} INFO - Running: ['***', 'tasks', 'run', 'silver_transformation_pipeline', 'dbt_run_payments', 'scheduled__2025-10-01T00:00:00+00:00', '--job-id', '131', '--raw', '--subdir', 'DAGS_FOLDER/silver_dag.py', '--cfg-path', '/tmp/tmppidh9e1c']
[2025-11-02T01:34:42.631+0000] {standard_task_runner.py:88} INFO - Job 131: Subtask dbt_run_payments
[2025-11-02T01:34:42.723+0000] {task_command.py:423} INFO - Running <TaskInstance: silver_transformation_pipeline.dbt_run_payments scheduled__2025-10-01T00:00:00+00:00 [running]> on host 3b0074fa0b5e
[2025-11-02T01:34:42.826+0000] {taskinstance.py:2480} INFO - Exporting env vars: AIRFLOW_CTX_DAG_OWNER='***' AIRFLOW_CTX_DAG_ID='silver_transformation_pipeline' AIRFLOW_CTX_TASK_ID='dbt_run_payments' AIRFLOW_CTX_EXECUTION_DATE='2025-10-01T00:00:00+00:00' AIRFLOW_CTX_TRY_NUMBER='1' AIRFLOW_CTX_DAG_RUN_ID='scheduled__2025-10-01T00:00:00+00:00'
[2025-11-02T01:34:50.169+0000] {python.py:201} INFO - Done. Returned value was: None
[2025-11-02T01:34:50.187+0000] {taskinstance.py:1138} INFO - Marking task as SUCCESS. dag_id=silver_transformation_pipeline, task_id=dbt_run_payments, execution_date=20251001T000000, start_date=20251102T013442, end_date=20251102T013450
[2025-11-02T01:34:50.256+0000] {local_task_job_runner.py:234} INFO - Task exited with return code 0
[2025-11-02T01:34:50.278+0000] {taskinstance.py:3280} INFO - 0 downstream tasks scheduled from follow-on schedule check
[2025-11-02T11:29:11.809+0000] {taskinstance.py:1956} INFO - Dependencies all met for dep_context=non-requeueable deps ti=<TaskInstance: silver_transformation_pipeline.dbt_run_payments scheduled__2025-10-01T00:00:00+00:00 [queued]>
[2025-11-02T11:29:11.824+0000] {taskinstance.py:1956} INFO - Dependencies all met for dep_context=requeueable deps ti=<TaskInstance: silver_transformation_pipeline.dbt_run_payments scheduled__2025-10-01T00:00:00+00:00 [queued]>
[2025-11-02T11:29:11.825+0000] {taskinstance.py:2170} INFO - Starting attempt 1 of 2
[2025-11-02T11:29:11.845+0000] {taskinstance.py:2191} INFO - Executing <Task(PythonOperator): dbt_run_payments> on 2025-10-01 00:00:00+00:00
[2025-11-02T11:29:11.855+0000] {standard_task_runner.py:60} INFO - Started process 1274 to run task
[2025-11-02T11:29:11.864+0000] {standard_task_runner.py:87} INFO - Running: ['***', 'tasks', 'run', 'silver_transformation_pipeline', 'dbt_run_payments', 'scheduled__2025-10-01T00:00:00+00:00', '--job-id', '136', '--raw', '--subdir', 'DAGS_FOLDER/silver_dag.py', '--cfg-path', '/tmp/tmpsissj57a']
[2025-11-02T11:29:11.870+0000] {standard_task_runner.py:88} INFO - Job 136: Subtask dbt_run_payments
[2025-11-02T11:29:11.996+0000] {task_command.py:423} INFO - Running <TaskInstance: silver_transformation_pipeline.dbt_run_payments scheduled__2025-10-01T00:00:00+00:00 [running]> on host 0d39d4365eb9
[2025-11-02T11:29:12.137+0000] {taskinstance.py:2480} INFO - Exporting env vars: AIRFLOW_CTX_DAG_OWNER='***' AIRFLOW_CTX_DAG_ID='silver_transformation_pipeline' AIRFLOW_CTX_TASK_ID='dbt_run_payments' AIRFLOW_CTX_EXECUTION_DATE='2025-10-01T00:00:00+00:00' AIRFLOW_CTX_TRY_NUMBER='1' AIRFLOW_CTX_DAG_RUN_ID='scheduled__2025-10-01T00:00:00+00:00'
[2025-11-02T11:29:22.037+0000] {python.py:201} INFO - Done. Returned value was: None
[2025-11-02T11:29:22.058+0000] {taskinstance.py:1138} INFO - Marking task as SUCCESS. dag_id=silver_transformation_pipeline, task_id=dbt_run_payments, execution_date=20251001T000000, start_date=20251102T112911, end_date=20251102T112922
[2025-11-02T11:29:22.123+0000] {local_task_job_runner.py:234} INFO - Task exited with return code 0
[2025-11-02T11:29:22.145+0000] {taskinstance.py:3280} INFO - 0 downstream tasks scheduled from follow-on schedule check
