[2025-10-31T20:08:20.912+0000] {taskinstance.py:1956} INFO - Dependencies all met for dep_context=non-requeueable deps ti=<TaskInstance: ingestion_pipeline.load_link_transactions_to_mongo manual__2025-10-31T20:08:19.566196+00:00 [queued]>
[2025-10-31T20:08:20.927+0000] {taskinstance.py:1956} INFO - Dependencies all met for dep_context=requeueable deps ti=<TaskInstance: ingestion_pipeline.load_link_transactions_to_mongo manual__2025-10-31T20:08:19.566196+00:00 [queued]>
[2025-10-31T20:08:20.928+0000] {taskinstance.py:2170} INFO - Starting attempt 1 of 2
[2025-10-31T20:08:20.955+0000] {taskinstance.py:2191} INFO - Executing <Task(PythonOperator): load_link_transactions_to_mongo> on 2025-10-31 20:08:19.566196+00:00
[2025-10-31T20:08:20.967+0000] {standard_task_runner.py:60} INFO - Started process 663 to run task
[2025-10-31T20:08:20.974+0000] {standard_task_runner.py:87} INFO - Running: ['***', 'tasks', 'run', 'ingestion_pipeline', 'load_link_transactions_to_mongo', 'manual__2025-10-31T20:08:19.566196+00:00', '--job-id', '27', '--raw', '--subdir', 'DAGS_FOLDER/ingestion_dag.py', '--cfg-path', '/tmp/tmpl2ya84j_']
[2025-10-31T20:08:20.981+0000] {standard_task_runner.py:88} INFO - Job 27: Subtask load_link_transactions_to_mongo
[2025-10-31T20:08:21.113+0000] {task_command.py:423} INFO - Running <TaskInstance: ingestion_pipeline.load_link_transactions_to_mongo manual__2025-10-31T20:08:19.566196+00:00 [running]> on host c2d20b09a38d
[2025-10-31T20:08:21.264+0000] {taskinstance.py:2480} INFO - Exporting env vars: AIRFLOW_CTX_DAG_OWNER='***' AIRFLOW_CTX_DAG_ID='ingestion_pipeline' AIRFLOW_CTX_TASK_ID='load_link_transactions_to_mongo' AIRFLOW_CTX_EXECUTION_DATE='2025-10-31T20:08:19.566196+00:00' AIRFLOW_CTX_TRY_NUMBER='1' AIRFLOW_CTX_DAG_RUN_ID='manual__2025-10-31T20:08:19.566196+00:00'
[2025-10-31T20:08:22.198+0000] {mongo_ingestion.py:76} INFO - [mongo/link_tx] Target CSV: /tmp/data/link_transactions/link_transactions-20251002.csv
[2025-10-31T20:08:22.202+0000] {mongo_ingestion.py:79} INFO - [mongo/link_tx] Directory listing: ['link_transactions-20251001.csv', 'link_transactions-20251002.csv', 'link_transactions-20251003.csv', 'link_transactions-20251004.csv']
[2025-10-31T20:08:22.307+0000] {mongo_ingestion.py:126} INFO - [mongo/link_tx] Filtered to snapshot day 2025-10-02..2025-10-03 (577 -> 577 rows).
[2025-10-31T20:08:22.324+0000] {crypto.py:82} WARNING - empty cryptography key - values will not be stored encrypted.
[2025-10-31T20:08:22.327+0000] {base.py:83} INFO - Using connection ID 'mongo_default' for task execution.
[2025-10-31T20:08:22.455+0000] {mongo_ingestion.py:196} INFO - [mongo/link_tx] Upserted into link_transactions_raw for file link_transactions-20251002.csv: matched=577, modified=0, upserted=0, total_input=577
[2025-10-31T20:08:22.456+0000] {mongo_ingestion.py:207} INFO - [mongo/link_tx] MongoDB connection closed.
[2025-10-31T20:08:22.458+0000] {python.py:201} INFO - Done. Returned value was: None
[2025-10-31T20:08:22.476+0000] {taskinstance.py:1138} INFO - Marking task as SUCCESS. dag_id=ingestion_pipeline, task_id=load_link_transactions_to_mongo, execution_date=20251031T200819, start_date=20251031T200820, end_date=20251031T200822
[2025-10-31T20:08:22.518+0000] {local_task_job_runner.py:234} INFO - Task exited with return code 0
[2025-10-31T20:08:22.548+0000] {taskinstance.py:3280} INFO - 0 downstream tasks scheduled from follow-on schedule check
