[2025-11-01T20:06:42.406+0000] {taskinstance.py:1956} INFO - Dependencies all met for dep_context=non-requeueable deps ti=<TaskInstance: ingestion_pipeline.load_payments_bronze scheduled__2025-10-09T00:00:00+00:00 [queued]>
[2025-11-01T20:06:42.496+0000] {taskinstance.py:1956} INFO - Dependencies all met for dep_context=requeueable deps ti=<TaskInstance: ingestion_pipeline.load_payments_bronze scheduled__2025-10-09T00:00:00+00:00 [queued]>
[2025-11-01T20:06:42.505+0000] {taskinstance.py:2170} INFO - Starting attempt 1 of 2
[2025-11-01T20:06:42.677+0000] {taskinstance.py:2191} INFO - Executing <Task(PythonOperator): load_payments_bronze> on 2025-10-09 00:00:00+00:00
[2025-11-01T20:06:42.762+0000] {standard_task_runner.py:60} INFO - Started process 463 to run task
[2025-11-01T20:06:42.797+0000] {standard_task_runner.py:87} INFO - Running: ['***', 'tasks', 'run', 'ingestion_pipeline', 'load_payments_bronze', 'scheduled__2025-10-09T00:00:00+00:00', '--job-id', '45', '--raw', '--subdir', 'DAGS_FOLDER/ingestion_dag.py', '--cfg-path', '/tmp/tmpw6zbz754']
[2025-11-01T20:06:42.820+0000] {standard_task_runner.py:88} INFO - Job 45: Subtask load_payments_bronze
[2025-11-01T20:06:43.412+0000] {task_command.py:423} INFO - Running <TaskInstance: ingestion_pipeline.load_payments_bronze scheduled__2025-10-09T00:00:00+00:00 [running]> on host 1a955fda0cfd
[2025-11-01T20:06:43.944+0000] {taskinstance.py:2480} INFO - Exporting env vars: AIRFLOW_CTX_DAG_OWNER='***' AIRFLOW_CTX_DAG_ID='ingestion_pipeline' AIRFLOW_CTX_TASK_ID='load_payments_bronze' AIRFLOW_CTX_EXECUTION_DATE='2025-10-09T00:00:00+00:00' AIRFLOW_CTX_TRY_NUMBER='1' AIRFLOW_CTX_DAG_RUN_ID='scheduled__2025-10-09T00:00:00+00:00'
[2025-11-01T20:06:48.115+0000] {payments_to_clickhouse.py:89} INFO - [payments->ch] Target CSV: /tmp/data/payments/payments-20251009.csv
[2025-11-01T20:06:48.126+0000] {payments_to_clickhouse.py:94} INFO - [payments->ch] Folder listing: ['payments-20251001.csv', 'payments-20251002.csv', 'payments-20251003.csv']
[2025-11-01T20:06:48.128+0000] {payments_to_clickhouse.py:100} WARNING - [payments->ch] File not found. Skipping.
[2025-11-01T20:06:48.130+0000] {python.py:201} INFO - Done. Returned value was: None
[2025-11-01T20:06:48.159+0000] {taskinstance.py:1138} INFO - Marking task as SUCCESS. dag_id=ingestion_pipeline, task_id=load_payments_bronze, execution_date=20251009T000000, start_date=20251101T200642, end_date=20251101T200648
[2025-11-01T20:06:48.501+0000] {local_task_job_runner.py:234} INFO - Task exited with return code 0
[2025-11-01T20:06:49.009+0000] {taskinstance.py:3280} INFO - 0 downstream tasks scheduled from follow-on schedule check
[2025-11-01T20:18:07.741+0000] {taskinstance.py:1956} INFO - Dependencies all met for dep_context=non-requeueable deps ti=<TaskInstance: ingestion_pipeline.load_payments_bronze scheduled__2025-10-09T00:00:00+00:00 [queued]>
[2025-11-01T20:18:07.871+0000] {taskinstance.py:1956} INFO - Dependencies all met for dep_context=requeueable deps ti=<TaskInstance: ingestion_pipeline.load_payments_bronze scheduled__2025-10-09T00:00:00+00:00 [queued]>
[2025-11-01T20:18:07.877+0000] {taskinstance.py:2170} INFO - Starting attempt 1 of 2
[2025-11-01T20:18:07.927+0000] {taskinstance.py:2191} INFO - Executing <Task(PythonOperator): load_payments_bronze> on 2025-10-09 00:00:00+00:00
[2025-11-01T20:18:07.942+0000] {standard_task_runner.py:60} INFO - Started process 446 to run task
[2025-11-01T20:18:07.987+0000] {standard_task_runner.py:87} INFO - Running: ['***', 'tasks', 'run', 'ingestion_pipeline', 'load_payments_bronze', 'scheduled__2025-10-09T00:00:00+00:00', '--job-id', '42', '--raw', '--subdir', 'DAGS_FOLDER/ingestion_dag.py', '--cfg-path', '/tmp/tmp72p5giuy']
[2025-11-01T20:18:08.010+0000] {standard_task_runner.py:88} INFO - Job 42: Subtask load_payments_bronze
[2025-11-01T20:18:08.789+0000] {task_command.py:423} INFO - Running <TaskInstance: ingestion_pipeline.load_payments_bronze scheduled__2025-10-09T00:00:00+00:00 [running]> on host 6335aa85b335
[2025-11-01T20:18:09.233+0000] {taskinstance.py:2480} INFO - Exporting env vars: AIRFLOW_CTX_DAG_OWNER='***' AIRFLOW_CTX_DAG_ID='ingestion_pipeline' AIRFLOW_CTX_TASK_ID='load_payments_bronze' AIRFLOW_CTX_EXECUTION_DATE='2025-10-09T00:00:00+00:00' AIRFLOW_CTX_TRY_NUMBER='1' AIRFLOW_CTX_DAG_RUN_ID='scheduled__2025-10-09T00:00:00+00:00'
[2025-11-01T20:18:12.982+0000] {payments_to_clickhouse.py:89} INFO - [payments->ch] Target CSV: /tmp/data/payments/payments-20251009.csv
[2025-11-01T20:18:13.013+0000] {payments_to_clickhouse.py:94} INFO - [payments->ch] Folder listing: ['payments-20251001.csv', 'payments-20251002.csv', 'payments-20251003.csv', 'payments-20251004.csv']
[2025-11-01T20:18:13.021+0000] {payments_to_clickhouse.py:100} WARNING - [payments->ch] File not found. Skipping.
[2025-11-01T20:18:13.022+0000] {python.py:201} INFO - Done. Returned value was: None
[2025-11-01T20:18:13.127+0000] {taskinstance.py:1138} INFO - Marking task as SUCCESS. dag_id=ingestion_pipeline, task_id=load_payments_bronze, execution_date=20251009T000000, start_date=20251101T201807, end_date=20251101T201813
[2025-11-01T20:18:13.459+0000] {local_task_job_runner.py:234} INFO - Task exited with return code 0
[2025-11-01T20:18:13.521+0000] {taskinstance.py:3280} INFO - 0 downstream tasks scheduled from follow-on schedule check
[2025-11-02T01:29:23.962+0000] {taskinstance.py:1956} INFO - Dependencies all met for dep_context=non-requeueable deps ti=<TaskInstance: ingestion_pipeline.load_payments_bronze scheduled__2025-10-09T00:00:00+00:00 [queued]>
[2025-11-02T01:29:24.058+0000] {taskinstance.py:1956} INFO - Dependencies all met for dep_context=requeueable deps ti=<TaskInstance: ingestion_pipeline.load_payments_bronze scheduled__2025-10-09T00:00:00+00:00 [queued]>
[2025-11-02T01:29:24.085+0000] {taskinstance.py:2170} INFO - Starting attempt 1 of 2
[2025-11-02T01:29:24.247+0000] {taskinstance.py:2191} INFO - Executing <Task(PythonOperator): load_payments_bronze> on 2025-10-09 00:00:00+00:00
[2025-11-02T01:29:24.315+0000] {standard_task_runner.py:60} INFO - Started process 614 to run task
[2025-11-02T01:29:24.331+0000] {standard_task_runner.py:87} INFO - Running: ['***', 'tasks', 'run', 'ingestion_pipeline', 'load_payments_bronze', 'scheduled__2025-10-09T00:00:00+00:00', '--job-id', '43', '--raw', '--subdir', 'DAGS_FOLDER/ingestion_dag.py', '--cfg-path', '/tmp/tmp61sr3f7n']
[2025-11-02T01:29:24.376+0000] {standard_task_runner.py:88} INFO - Job 43: Subtask load_payments_bronze
[2025-11-02T01:29:25.103+0000] {task_command.py:423} INFO - Running <TaskInstance: ingestion_pipeline.load_payments_bronze scheduled__2025-10-09T00:00:00+00:00 [running]> on host 3b0074fa0b5e
[2025-11-02T01:29:25.712+0000] {taskinstance.py:2480} INFO - Exporting env vars: AIRFLOW_CTX_DAG_OWNER='***' AIRFLOW_CTX_DAG_ID='ingestion_pipeline' AIRFLOW_CTX_TASK_ID='load_payments_bronze' AIRFLOW_CTX_EXECUTION_DATE='2025-10-09T00:00:00+00:00' AIRFLOW_CTX_TRY_NUMBER='1' AIRFLOW_CTX_DAG_RUN_ID='scheduled__2025-10-09T00:00:00+00:00'
[2025-11-02T01:29:29.360+0000] {payments_to_clickhouse.py:89} INFO - [payments->ch] Target CSV: /tmp/data/payments/payments-20251009.csv
[2025-11-02T01:29:29.491+0000] {payments_to_clickhouse.py:94} INFO - [payments->ch] Folder listing: ['payments-20251001.csv', 'payments-20251002.csv', 'payments-20251003.csv', 'payments-20251004.csv']
[2025-11-02T01:29:29.500+0000] {payments_to_clickhouse.py:100} WARNING - [payments->ch] File not found. Skipping.
[2025-11-02T01:29:29.501+0000] {python.py:201} INFO - Done. Returned value was: None
[2025-11-02T01:29:29.565+0000] {taskinstance.py:1138} INFO - Marking task as SUCCESS. dag_id=ingestion_pipeline, task_id=load_payments_bronze, execution_date=20251009T000000, start_date=20251102T012923, end_date=20251102T012929
[2025-11-02T01:29:29.852+0000] {local_task_job_runner.py:234} INFO - Task exited with return code 0
[2025-11-02T01:29:30.008+0000] {taskinstance.py:3280} INFO - 0 downstream tasks scheduled from follow-on schedule check
[2025-11-02T11:27:22.770+0000] {taskinstance.py:1956} INFO - Dependencies all met for dep_context=non-requeueable deps ti=<TaskInstance: ingestion_pipeline.load_payments_bronze scheduled__2025-10-09T00:00:00+00:00 [queued]>
[2025-11-02T11:27:22.798+0000] {taskinstance.py:1956} INFO - Dependencies all met for dep_context=requeueable deps ti=<TaskInstance: ingestion_pipeline.load_payments_bronze scheduled__2025-10-09T00:00:00+00:00 [queued]>
[2025-11-02T11:27:22.799+0000] {taskinstance.py:2170} INFO - Starting attempt 1 of 2
[2025-11-02T11:27:22.911+0000] {taskinstance.py:2191} INFO - Executing <Task(PythonOperator): load_payments_bronze> on 2025-10-09 00:00:00+00:00
[2025-11-02T11:27:22.960+0000] {standard_task_runner.py:60} INFO - Started process 714 to run task
[2025-11-02T11:27:22.990+0000] {standard_task_runner.py:87} INFO - Running: ['***', 'tasks', 'run', 'ingestion_pipeline', 'load_payments_bronze', 'scheduled__2025-10-09T00:00:00+00:00', '--job-id', '46', '--raw', '--subdir', 'DAGS_FOLDER/ingestion_dag.py', '--cfg-path', '/tmp/tmpkifeog10']
[2025-11-02T11:27:23.035+0000] {standard_task_runner.py:88} INFO - Job 46: Subtask load_payments_bronze
[2025-11-02T11:27:23.467+0000] {task_command.py:423} INFO - Running <TaskInstance: ingestion_pipeline.load_payments_bronze scheduled__2025-10-09T00:00:00+00:00 [running]> on host 0d39d4365eb9
[2025-11-02T11:27:24.313+0000] {taskinstance.py:2480} INFO - Exporting env vars: AIRFLOW_CTX_DAG_OWNER='***' AIRFLOW_CTX_DAG_ID='ingestion_pipeline' AIRFLOW_CTX_TASK_ID='load_payments_bronze' AIRFLOW_CTX_EXECUTION_DATE='2025-10-09T00:00:00+00:00' AIRFLOW_CTX_TRY_NUMBER='1' AIRFLOW_CTX_DAG_RUN_ID='scheduled__2025-10-09T00:00:00+00:00'
[2025-11-02T11:27:30.181+0000] {payments_to_clickhouse.py:89} INFO - [payments->ch] Target CSV: /tmp/data/payments/payments-20251009.csv
[2025-11-02T11:27:30.556+0000] {payments_to_clickhouse.py:94} INFO - [payments->ch] Folder listing: ['payments-20251001.csv', 'payments-20251002.csv', 'payments-20251003.csv', 'payments-20251004.csv']
[2025-11-02T11:27:30.595+0000] {payments_to_clickhouse.py:100} WARNING - [payments->ch] File not found. Skipping.
[2025-11-02T11:27:30.596+0000] {python.py:201} INFO - Done. Returned value was: None
[2025-11-02T11:27:30.674+0000] {taskinstance.py:1138} INFO - Marking task as SUCCESS. dag_id=ingestion_pipeline, task_id=load_payments_bronze, execution_date=20251009T000000, start_date=20251102T112722, end_date=20251102T112730
[2025-11-02T11:27:31.089+0000] {local_task_job_runner.py:234} INFO - Task exited with return code 0
[2025-11-02T11:27:31.547+0000] {taskinstance.py:3280} INFO - 0 downstream tasks scheduled from follow-on schedule check
