[2025-11-02T11:58:33.795+0000] {taskinstance.py:1956} INFO - Dependencies all met for dep_context=non-requeueable deps ti=<TaskInstance: gold_dimensions_pipeline.dbt_dim_merchants scheduled__2025-10-30T00:00:00+00:00 [queued]>
[2025-11-02T11:58:33.807+0000] {taskinstance.py:1956} INFO - Dependencies all met for dep_context=requeueable deps ti=<TaskInstance: gold_dimensions_pipeline.dbt_dim_merchants scheduled__2025-10-30T00:00:00+00:00 [queued]>
[2025-11-02T11:58:33.810+0000] {taskinstance.py:2170} INFO - Starting attempt 1 of 3
[2025-11-02T11:58:33.826+0000] {taskinstance.py:2191} INFO - Executing <Task(PythonOperator): dbt_dim_merchants> on 2025-10-30 00:00:00+00:00
[2025-11-02T11:58:33.833+0000] {standard_task_runner.py:60} INFO - Started process 6560 to run task
[2025-11-02T11:58:33.837+0000] {standard_task_runner.py:87} INFO - Running: ['***', 'tasks', 'run', 'gold_dimensions_pipeline', 'dbt_dim_merchants', 'scheduled__2025-10-30T00:00:00+00:00', '--job-id', '389', '--raw', '--subdir', 'DAGS_FOLDER/gold_dag.py', '--cfg-path', '/tmp/tmphl5yrm7s']
[2025-11-02T11:58:33.840+0000] {standard_task_runner.py:88} INFO - Job 389: Subtask dbt_dim_merchants
[2025-11-02T11:58:33.939+0000] {task_command.py:423} INFO - Running <TaskInstance: gold_dimensions_pipeline.dbt_dim_merchants scheduled__2025-10-30T00:00:00+00:00 [running]> on host 0d39d4365eb9
[2025-11-02T11:58:34.059+0000] {taskinstance.py:2480} INFO - Exporting env vars: AIRFLOW_CTX_DAG_OWNER='***' AIRFLOW_CTX_DAG_ID='gold_dimensions_pipeline' AIRFLOW_CTX_TASK_ID='dbt_dim_merchants' AIRFLOW_CTX_EXECUTION_DATE='2025-10-30T00:00:00+00:00' AIRFLOW_CTX_TRY_NUMBER='1' AIRFLOW_CTX_DAG_RUN_ID='scheduled__2025-10-30T00:00:00+00:00'
[2025-11-02T11:58:40.610+0000] {logging_mixin.py:188} INFO - ==== DBT STDOUT ====
[2025-11-02T11:58:40.611+0000] {logging_mixin.py:188} INFO - 11:58:38  Running with dbt=1.5.9
11:58:38  Registered adapter: clickhouse=1.5.2
11:58:38  [WARNING]: Configuration paths exist in your dbt_project.yml file which do not apply to any resources.
There are 2 unused configuration paths:
- models.ck_project.gold.fact
- models.ck_project.bronze
11:58:38  Found 7 models, 17 tests, 0 snapshots, 0 analyses, 349 macros, 0 operations, 0 seed files, 6 sources, 0 exposures, 0 metrics, 0 groups
11:58:38  
11:58:39  Concurrency: 4 threads (target='dev')
11:58:39  
11:58:39  1 of 1 START sql table model gold.dim_merchants ................................ [RUN]
11:58:39  1 of 1 OK created sql table model gold.dim_merchants ........................... [OK in 0.30s]
11:58:39  
11:58:39  Finished running 1 table model in 0 hours 0 minutes and 0.82 seconds (0.82s).
11:58:39  
11:58:39  Completed successfully
11:58:39  
11:58:39  Done. PASS=1 WARN=0 ERROR=0 SKIP=0 TOTAL=1
[2025-11-02T11:58:40.612+0000] {logging_mixin.py:188} INFO - ==== DBT STDERR ====
[2025-11-02T11:58:40.612+0000] {python.py:201} INFO - Done. Returned value was: None
[2025-11-02T11:58:40.631+0000] {taskinstance.py:1138} INFO - Marking task as SUCCESS. dag_id=gold_dimensions_pipeline, task_id=dbt_dim_merchants, execution_date=20251030T000000, start_date=20251102T115833, end_date=20251102T115840
[2025-11-02T11:58:40.670+0000] {local_task_job_runner.py:234} INFO - Task exited with return code 0
[2025-11-02T11:58:40.696+0000] {taskinstance.py:3280} INFO - 0 downstream tasks scheduled from follow-on schedule check
