[2025-11-01T20:07:20.027+0000] {taskinstance.py:1956} INFO - Dependencies all met for dep_context=non-requeueable deps ti=<TaskInstance: ingestion_pipeline.load_link_transactions_bronze_from_mongo scheduled__2025-10-29T00:00:00+00:00 [queued]>
[2025-11-01T20:07:20.068+0000] {taskinstance.py:1956} INFO - Dependencies all met for dep_context=requeueable deps ti=<TaskInstance: ingestion_pipeline.load_link_transactions_bronze_from_mongo scheduled__2025-10-29T00:00:00+00:00 [queued]>
[2025-11-01T20:07:20.069+0000] {taskinstance.py:2170} INFO - Starting attempt 1 of 2
[2025-11-01T20:07:20.253+0000] {taskinstance.py:2191} INFO - Executing <Task(PythonOperator): load_link_transactions_bronze_from_mongo> on 2025-10-29 00:00:00+00:00
[2025-11-01T20:07:20.284+0000] {standard_task_runner.py:60} INFO - Started process 846 to run task
[2025-11-01T20:07:20.304+0000] {standard_task_runner.py:87} INFO - Running: ['***', 'tasks', 'run', 'ingestion_pipeline', 'load_link_transactions_bronze_from_mongo', 'scheduled__2025-10-29T00:00:00+00:00', '--job-id', '118', '--raw', '--subdir', 'DAGS_FOLDER/ingestion_dag.py', '--cfg-path', '/tmp/tmp4cicn5fz']
[2025-11-01T20:07:20.316+0000] {standard_task_runner.py:88} INFO - Job 118: Subtask load_link_transactions_bronze_from_mongo
[2025-11-01T20:07:20.509+0000] {task_command.py:423} INFO - Running <TaskInstance: ingestion_pipeline.load_link_transactions_bronze_from_mongo scheduled__2025-10-29T00:00:00+00:00 [running]> on host 1a955fda0cfd
[2025-11-01T20:07:20.847+0000] {taskinstance.py:2480} INFO - Exporting env vars: AIRFLOW_CTX_DAG_OWNER='***' AIRFLOW_CTX_DAG_ID='ingestion_pipeline' AIRFLOW_CTX_TASK_ID='load_link_transactions_bronze_from_mongo' AIRFLOW_CTX_EXECUTION_DATE='2025-10-29T00:00:00+00:00' AIRFLOW_CTX_TRY_NUMBER='1' AIRFLOW_CTX_DAG_RUN_ID='scheduled__2025-10-29T00:00:00+00:00'
[2025-11-01T20:07:23.530+0000] {crypto.py:82} WARNING - empty cryptography key - values will not be stored encrypted.
[2025-11-01T20:07:23.533+0000] {base.py:83} INFO - Using connection ID 'mongo_default' for task execution.
[2025-11-01T20:07:23.569+0000] {base.py:83} INFO - Using connection ID 'clickhouse_default' for task execution.
[2025-11-01T20:07:23.590+0000] {mongo_to_clickhouse.py:241} INFO - [mongo->ch] Mongo query: {'_snapshot_date': {'$gte': datetime.datetime(2025, 10, 29, 0, 0), '$lte': datetime.datetime(2025, 10, 29, 23, 59, 59, 999000)}}
[2025-11-01T20:07:23.598+0000] {mongo_to_clickhouse.py:172} INFO - [mongo->ch] Dropped partition for _snapshot_date=2025-10-29.
[2025-11-01T20:07:23.663+0000] {mongo_to_clickhouse.py:275} INFO - [mongo->ch] Inserted 0 rows into bronze.link_transactions.
[2025-11-01T20:07:23.681+0000] {mongo_to_clickhouse.py:277} INFO - [mongo->ch] No matching docs found for given filter.
[2025-11-01T20:07:23.702+0000] {python.py:201} INFO - Done. Returned value was: None
[2025-11-01T20:07:23.774+0000] {taskinstance.py:1138} INFO - Marking task as SUCCESS. dag_id=ingestion_pipeline, task_id=load_link_transactions_bronze_from_mongo, execution_date=20251029T000000, start_date=20251101T200720, end_date=20251101T200723
[2025-11-01T20:07:23.943+0000] {local_task_job_runner.py:234} INFO - Task exited with return code 0
[2025-11-01T20:07:23.992+0000] {taskinstance.py:3280} INFO - 0 downstream tasks scheduled from follow-on schedule check
[2025-11-01T20:18:45.414+0000] {taskinstance.py:1956} INFO - Dependencies all met for dep_context=non-requeueable deps ti=<TaskInstance: ingestion_pipeline.load_link_transactions_bronze_from_mongo scheduled__2025-10-29T00:00:00+00:00 [queued]>
[2025-11-01T20:18:45.430+0000] {taskinstance.py:1956} INFO - Dependencies all met for dep_context=requeueable deps ti=<TaskInstance: ingestion_pipeline.load_link_transactions_bronze_from_mongo scheduled__2025-10-29T00:00:00+00:00 [queued]>
[2025-11-01T20:18:45.431+0000] {taskinstance.py:2170} INFO - Starting attempt 1 of 2
[2025-11-01T20:18:45.454+0000] {taskinstance.py:2191} INFO - Executing <Task(PythonOperator): load_link_transactions_bronze_from_mongo> on 2025-10-29 00:00:00+00:00
[2025-11-01T20:18:45.464+0000] {standard_task_runner.py:60} INFO - Started process 862 to run task
[2025-11-01T20:18:45.470+0000] {standard_task_runner.py:87} INFO - Running: ['***', 'tasks', 'run', 'ingestion_pipeline', 'load_link_transactions_bronze_from_mongo', 'scheduled__2025-10-29T00:00:00+00:00', '--job-id', '118', '--raw', '--subdir', 'DAGS_FOLDER/ingestion_dag.py', '--cfg-path', '/tmp/tmp40cxeab3']
[2025-11-01T20:18:45.475+0000] {standard_task_runner.py:88} INFO - Job 118: Subtask load_link_transactions_bronze_from_mongo
[2025-11-01T20:18:45.690+0000] {task_command.py:423} INFO - Running <TaskInstance: ingestion_pipeline.load_link_transactions_bronze_from_mongo scheduled__2025-10-29T00:00:00+00:00 [running]> on host 6335aa85b335
[2025-11-01T20:18:45.932+0000] {taskinstance.py:2480} INFO - Exporting env vars: AIRFLOW_CTX_DAG_OWNER='***' AIRFLOW_CTX_DAG_ID='ingestion_pipeline' AIRFLOW_CTX_TASK_ID='load_link_transactions_bronze_from_mongo' AIRFLOW_CTX_EXECUTION_DATE='2025-10-29T00:00:00+00:00' AIRFLOW_CTX_TRY_NUMBER='1' AIRFLOW_CTX_DAG_RUN_ID='scheduled__2025-10-29T00:00:00+00:00'
[2025-11-01T20:18:47.747+0000] {crypto.py:82} WARNING - empty cryptography key - values will not be stored encrypted.
[2025-11-01T20:18:47.750+0000] {base.py:83} INFO - Using connection ID 'mongo_default' for task execution.
[2025-11-01T20:18:47.790+0000] {base.py:83} INFO - Using connection ID 'clickhouse_default' for task execution.
[2025-11-01T20:18:47.804+0000] {mongo_to_clickhouse.py:241} INFO - [mongo->ch] Mongo query: {'_snapshot_date': {'$gte': datetime.datetime(2025, 10, 29, 0, 0), '$lte': datetime.datetime(2025, 10, 29, 23, 59, 59, 999000)}}
[2025-11-01T20:18:47.813+0000] {mongo_to_clickhouse.py:172} INFO - [mongo->ch] Dropped partition for _snapshot_date=2025-10-29.
[2025-11-01T20:18:47.886+0000] {mongo_to_clickhouse.py:275} INFO - [mongo->ch] Inserted 0 rows into bronze.link_transactions.
[2025-11-01T20:18:47.893+0000] {mongo_to_clickhouse.py:277} INFO - [mongo->ch] No matching docs found for given filter.
[2025-11-01T20:18:47.903+0000] {python.py:201} INFO - Done. Returned value was: None
[2025-11-01T20:18:47.971+0000] {taskinstance.py:1138} INFO - Marking task as SUCCESS. dag_id=ingestion_pipeline, task_id=load_link_transactions_bronze_from_mongo, execution_date=20251029T000000, start_date=20251101T201845, end_date=20251101T201847
[2025-11-01T20:18:48.110+0000] {local_task_job_runner.py:234} INFO - Task exited with return code 0
[2025-11-01T20:18:48.198+0000] {taskinstance.py:3280} INFO - 0 downstream tasks scheduled from follow-on schedule check
