[2025-11-02T00:15:19.023+0000] {taskinstance.py:1956} INFO - Dependencies all met for dep_context=non-requeueable deps ti=<TaskInstance: gold_dimensions_pipeline.dbt_dim_payment_state scheduled__2025-10-01T00:00:00+00:00 [queued]>
[2025-11-02T00:15:19.039+0000] {taskinstance.py:1956} INFO - Dependencies all met for dep_context=requeueable deps ti=<TaskInstance: gold_dimensions_pipeline.dbt_dim_payment_state scheduled__2025-10-01T00:00:00+00:00 [queued]>
[2025-11-02T00:15:19.040+0000] {taskinstance.py:2170} INFO - Starting attempt 1 of 2
[2025-11-02T00:15:19.058+0000] {taskinstance.py:2191} INFO - Executing <Task(PythonOperator): dbt_dim_payment_state> on 2025-10-01 00:00:00+00:00
[2025-11-02T00:15:19.070+0000] {standard_task_runner.py:60} INFO - Started process 13494 to run task
[2025-11-02T00:15:19.075+0000] {standard_task_runner.py:87} INFO - Running: ['***', 'tasks', 'run', 'gold_dimensions_pipeline', 'dbt_dim_payment_state', 'scheduled__2025-10-01T00:00:00+00:00', '--job-id', '273', '--raw', '--subdir', 'DAGS_FOLDER/gold_dag.py', '--cfg-path', '/tmp/tmp5inxxeri']
[2025-11-02T00:15:19.080+0000] {standard_task_runner.py:88} INFO - Job 273: Subtask dbt_dim_payment_state
[2025-11-02T00:15:19.202+0000] {task_command.py:423} INFO - Running <TaskInstance: gold_dimensions_pipeline.dbt_dim_payment_state scheduled__2025-10-01T00:00:00+00:00 [running]> on host 6335aa85b335
[2025-11-02T00:15:19.440+0000] {taskinstance.py:2480} INFO - Exporting env vars: AIRFLOW_CTX_DAG_OWNER='***' AIRFLOW_CTX_DAG_ID='gold_dimensions_pipeline' AIRFLOW_CTX_TASK_ID='dbt_dim_payment_state' AIRFLOW_CTX_EXECUTION_DATE='2025-10-01T00:00:00+00:00' AIRFLOW_CTX_TRY_NUMBER='1' AIRFLOW_CTX_DAG_RUN_ID='scheduled__2025-10-01T00:00:00+00:00'
[2025-11-02T00:15:26.917+0000] {taskinstance.py:2698} ERROR - Task failed with exception
Traceback (most recent call last):
  File "/home/airflow/.local/lib/python3.8/site-packages/airflow/models/taskinstance.py", line 433, in _execute_task
    result = execute_callable(context=context, **execute_callable_kwargs)
  File "/home/airflow/.local/lib/python3.8/site-packages/airflow/operators/python.py", line 199, in execute
    return_value = self.execute_callable()
  File "/home/airflow/.local/lib/python3.8/site-packages/airflow/operators/python.py", line 216, in execute_callable
    return self.python_callable(*self.op_args, **self.op_kwargs)
  File "/opt/airflow/dags/gold_dag.py", line 175, in <lambda>
    python_callable=lambda ds, **_: _run_dbt(
  File "/opt/airflow/dags/gold_dag.py", line 112, in _run_dbt
    raise RuntimeError(f"dbt failed ({proc.returncode}).\nSTDOUT:\n{proc.stdout}\n\nSTDERR:\n{proc.stderr}")
RuntimeError: dbt failed (2).
STDOUT:
00:15:22  Running with dbt=1.5.9
00:15:23  Registered adapter: clickhouse=1.5.2
00:15:23  Unable to do partial parsing because config vars, config profile, or config target have changed
00:15:23  Unable to do partial parsing because a project config has changed
00:15:25  Encountered an error:
Compilation Error in model dim_merchants (models/gold/dim/dim_merchants.sql)
  invalid syntax for function call expression
    line 1
      {{ config(


STDERR:

[2025-11-02T00:15:26.939+0000] {taskinstance.py:1138} INFO - Marking task as UP_FOR_RETRY. dag_id=gold_dimensions_pipeline, task_id=dbt_dim_payment_state, execution_date=20251001T000000, start_date=20251102T001519, end_date=20251102T001526
[2025-11-02T00:15:26.973+0000] {standard_task_runner.py:107} ERROR - Failed to execute job 273 for task dbt_dim_payment_state (dbt failed (2).
STDOUT:
00:15:22  Running with dbt=1.5.9
00:15:23  Registered adapter: clickhouse=1.5.2
00:15:23  Unable to do partial parsing because config vars, config profile, or config target have changed
00:15:23  Unable to do partial parsing because a project config has changed
00:15:25  Encountered an error:
Compilation Error in model dim_merchants (models/gold/dim/dim_merchants.sql)
  invalid syntax for function call expression
    line 1
      {{ config(


STDERR:
; 13494)
[2025-11-02T00:15:27.022+0000] {local_task_job_runner.py:234} INFO - Task exited with return code 1
[2025-11-02T00:15:27.051+0000] {taskinstance.py:3280} INFO - 0 downstream tasks scheduled from follow-on schedule check
[2025-11-02T09:54:30.116+0000] {taskinstance.py:1956} INFO - Dependencies all met for dep_context=non-requeueable deps ti=<TaskInstance: gold_dimensions_pipeline.dbt_dim_payment_state scheduled__2025-10-01T00:00:00+00:00 [queued]>
[2025-11-02T09:54:30.132+0000] {taskinstance.py:1956} INFO - Dependencies all met for dep_context=requeueable deps ti=<TaskInstance: gold_dimensions_pipeline.dbt_dim_payment_state scheduled__2025-10-01T00:00:00+00:00 [queued]>
[2025-11-02T09:54:30.132+0000] {taskinstance.py:2170} INFO - Starting attempt 1 of 3
[2025-11-02T09:54:30.151+0000] {taskinstance.py:2191} INFO - Executing <Task(PythonOperator): dbt_dim_payment_state> on 2025-10-01 00:00:00+00:00
[2025-11-02T09:54:30.157+0000] {standard_task_runner.py:60} INFO - Started process 5258 to run task
[2025-11-02T09:54:30.162+0000] {standard_task_runner.py:87} INFO - Running: ['***', 'tasks', 'run', 'gold_dimensions_pipeline', 'dbt_dim_payment_state', 'scheduled__2025-10-01T00:00:00+00:00', '--job-id', '273', '--raw', '--subdir', 'DAGS_FOLDER/gold_dag.py', '--cfg-path', '/tmp/tmp62mwug_1']
[2025-11-02T09:54:30.165+0000] {standard_task_runner.py:88} INFO - Job 273: Subtask dbt_dim_payment_state
[2025-11-02T09:54:30.270+0000] {task_command.py:423} INFO - Running <TaskInstance: gold_dimensions_pipeline.dbt_dim_payment_state scheduled__2025-10-01T00:00:00+00:00 [running]> on host 3b0074fa0b5e
[2025-11-02T09:54:30.384+0000] {taskinstance.py:2480} INFO - Exporting env vars: AIRFLOW_CTX_DAG_OWNER='***' AIRFLOW_CTX_DAG_ID='gold_dimensions_pipeline' AIRFLOW_CTX_TASK_ID='dbt_dim_payment_state' AIRFLOW_CTX_EXECUTION_DATE='2025-10-01T00:00:00+00:00' AIRFLOW_CTX_TRY_NUMBER='1' AIRFLOW_CTX_DAG_RUN_ID='scheduled__2025-10-01T00:00:00+00:00'
[2025-11-02T09:54:34.893+0000] {logging_mixin.py:188} INFO - ==== DBT STDOUT ====
[2025-11-02T09:54:34.895+0000] {logging_mixin.py:188} INFO - 09:54:33  Running with dbt=1.5.9
09:54:33  Registered adapter: clickhouse=1.5.2
09:54:33  [WARNING]: Configuration paths exist in your dbt_project.yml file which do not apply to any resources.
There are 1 unused configuration paths:
- models.ck_project.gold.fact
09:54:33  Found 7 models, 17 tests, 0 snapshots, 0 analyses, 349 macros, 0 operations, 0 seed files, 6 sources, 0 exposures, 0 metrics, 0 groups
09:54:33  
09:54:33  Concurrency: 4 threads (target='dev')
09:54:33  
09:54:33  1 of 1 START sql table model default.dim_payment_state ......................... [RUN]
09:54:33  1 of 1 OK created sql table model default.dim_payment_state .................... [OK in 0.22s]
09:54:33  
09:54:33  Finished running 1 table model in 0 hours 0 minutes and 0.51 seconds (0.51s).
09:54:34  
09:54:34  Completed successfully
09:54:34  
09:54:34  Done. PASS=1 WARN=0 ERROR=0 SKIP=0 TOTAL=1
[2025-11-02T09:54:34.895+0000] {logging_mixin.py:188} INFO - ==== DBT STDERR ====
[2025-11-02T09:54:34.896+0000] {python.py:201} INFO - Done. Returned value was: None
[2025-11-02T09:54:34.919+0000] {taskinstance.py:1138} INFO - Marking task as SUCCESS. dag_id=gold_dimensions_pipeline, task_id=dbt_dim_payment_state, execution_date=20251001T000000, start_date=20251102T095430, end_date=20251102T095434
[2025-11-02T09:54:34.956+0000] {local_task_job_runner.py:234} INFO - Task exited with return code 0
[2025-11-02T09:54:35.001+0000] {taskinstance.py:3280} INFO - 0 downstream tasks scheduled from follow-on schedule check
[2025-11-02T11:31:38.491+0000] {taskinstance.py:1956} INFO - Dependencies all met for dep_context=non-requeueable deps ti=<TaskInstance: gold_dimensions_pipeline.dbt_dim_payment_state scheduled__2025-10-01T00:00:00+00:00 [queued]>
[2025-11-02T11:31:38.521+0000] {taskinstance.py:1956} INFO - Dependencies all met for dep_context=requeueable deps ti=<TaskInstance: gold_dimensions_pipeline.dbt_dim_payment_state scheduled__2025-10-01T00:00:00+00:00 [queued]>
[2025-11-02T11:31:38.522+0000] {taskinstance.py:2170} INFO - Starting attempt 1 of 3
[2025-11-02T11:31:38.562+0000] {taskinstance.py:2191} INFO - Executing <Task(PythonOperator): dbt_dim_payment_state> on 2025-10-01 00:00:00+00:00
[2025-11-02T11:31:38.578+0000] {standard_task_runner.py:60} INFO - Started process 2199 to run task
[2025-11-02T11:31:38.587+0000] {standard_task_runner.py:87} INFO - Running: ['***', 'tasks', 'run', 'gold_dimensions_pipeline', 'dbt_dim_payment_state', 'scheduled__2025-10-01T00:00:00+00:00', '--job-id', '180', '--raw', '--subdir', 'DAGS_FOLDER/gold_dag.py', '--cfg-path', '/tmp/tmpi97drj6q']
[2025-11-02T11:31:38.593+0000] {standard_task_runner.py:88} INFO - Job 180: Subtask dbt_dim_payment_state
[2025-11-02T11:31:38.776+0000] {task_command.py:423} INFO - Running <TaskInstance: gold_dimensions_pipeline.dbt_dim_payment_state scheduled__2025-10-01T00:00:00+00:00 [running]> on host 0d39d4365eb9
[2025-11-02T11:31:38.956+0000] {taskinstance.py:2480} INFO - Exporting env vars: AIRFLOW_CTX_DAG_OWNER='***' AIRFLOW_CTX_DAG_ID='gold_dimensions_pipeline' AIRFLOW_CTX_TASK_ID='dbt_dim_payment_state' AIRFLOW_CTX_EXECUTION_DATE='2025-10-01T00:00:00+00:00' AIRFLOW_CTX_TRY_NUMBER='1' AIRFLOW_CTX_DAG_RUN_ID='scheduled__2025-10-01T00:00:00+00:00'
[2025-11-02T11:31:50.911+0000] {logging_mixin.py:188} INFO - ==== DBT STDOUT ====
[2025-11-02T11:31:50.913+0000] {logging_mixin.py:188} INFO - 11:31:47  Running with dbt=1.5.9
11:31:47  Registered adapter: clickhouse=1.5.2
11:31:48  [WARNING]: Configuration paths exist in your dbt_project.yml file which do not apply to any resources.
There are 2 unused configuration paths:
- models.ck_project.bronze
- models.ck_project.gold.fact
11:31:48  Found 7 models, 17 tests, 0 snapshots, 0 analyses, 349 macros, 0 operations, 0 seed files, 6 sources, 0 exposures, 0 metrics, 0 groups
11:31:48  
11:31:49  Concurrency: 4 threads (target='dev')
11:31:49  
11:31:49  1 of 1 START sql table model gold.dim_payment_state ............................ [RUN]
11:31:49  1 of 1 OK created sql table model gold.dim_payment_state ....................... [OK in 0.48s]
11:31:49  
11:31:49  Finished running 1 table model in 0 hours 0 minutes and 1.41 seconds (1.41s).
11:31:49  
11:31:49  Completed successfully
11:31:49  
11:31:49  Done. PASS=1 WARN=0 ERROR=0 SKIP=0 TOTAL=1
[2025-11-02T11:31:50.914+0000] {logging_mixin.py:188} INFO - ==== DBT STDERR ====
[2025-11-02T11:31:50.915+0000] {python.py:201} INFO - Done. Returned value was: None
[2025-11-02T11:31:50.951+0000] {taskinstance.py:1138} INFO - Marking task as SUCCESS. dag_id=gold_dimensions_pipeline, task_id=dbt_dim_payment_state, execution_date=20251001T000000, start_date=20251102T113138, end_date=20251102T113150
[2025-11-02T11:31:51.006+0000] {local_task_job_runner.py:234} INFO - Task exited with return code 0
[2025-11-02T11:31:51.048+0000] {taskinstance.py:3280} INFO - 0 downstream tasks scheduled from follow-on schedule check
