[2025-11-01T20:07:15.758+0000] {taskinstance.py:1956} INFO - Dependencies all met for dep_context=non-requeueable deps ti=<TaskInstance: ingestion_pipeline.load_merchants_bronze scheduled__2025-10-26T00:00:00+00:00 [queued]>
[2025-11-01T20:07:15.782+0000] {taskinstance.py:1956} INFO - Dependencies all met for dep_context=requeueable deps ti=<TaskInstance: ingestion_pipeline.load_merchants_bronze scheduled__2025-10-26T00:00:00+00:00 [queued]>
[2025-11-01T20:07:15.784+0000] {taskinstance.py:2170} INFO - Starting attempt 1 of 2
[2025-11-01T20:07:15.865+0000] {taskinstance.py:2191} INFO - Executing <Task(PythonOperator): load_merchants_bronze> on 2025-10-26 00:00:00+00:00
[2025-11-01T20:07:15.897+0000] {standard_task_runner.py:60} INFO - Started process 780 to run task
[2025-11-01T20:07:15.903+0000] {standard_task_runner.py:87} INFO - Running: ['***', 'tasks', 'run', 'ingestion_pipeline', 'load_merchants_bronze', 'scheduled__2025-10-26T00:00:00+00:00', '--job-id', '108', '--raw', '--subdir', 'DAGS_FOLDER/ingestion_dag.py', '--cfg-path', '/tmp/tmpy8sma2m9']
[2025-11-01T20:07:15.916+0000] {standard_task_runner.py:88} INFO - Job 108: Subtask load_merchants_bronze
[2025-11-01T20:07:16.348+0000] {task_command.py:423} INFO - Running <TaskInstance: ingestion_pipeline.load_merchants_bronze scheduled__2025-10-26T00:00:00+00:00 [running]> on host 1a955fda0cfd
[2025-11-01T20:07:16.847+0000] {taskinstance.py:2480} INFO - Exporting env vars: AIRFLOW_CTX_DAG_OWNER='***' AIRFLOW_CTX_DAG_ID='ingestion_pipeline' AIRFLOW_CTX_TASK_ID='load_merchants_bronze' AIRFLOW_CTX_EXECUTION_DATE='2025-10-26T00:00:00+00:00' AIRFLOW_CTX_TRY_NUMBER='1' AIRFLOW_CTX_DAG_RUN_ID='scheduled__2025-10-26T00:00:00+00:00'
[2025-11-01T20:07:19.977+0000] {merchants_to_clickhouse.py:86} INFO - [merchants->ch] Target CSV: /tmp/data/merchants/merchants-20251026.csv
[2025-11-01T20:07:19.997+0000] {merchants_to_clickhouse.py:91} INFO - [merchants->ch] Folder listing: ['merchants-20251029.csv']
[2025-11-01T20:07:20.003+0000] {crypto.py:82} WARNING - empty cryptography key - values will not be stored encrypted.
[2025-11-01T20:07:20.016+0000] {base.py:83} INFO - Using connection ID 'clickhouse_default' for task execution.
[2025-11-01T20:07:20.039+0000] {merchants_to_clickhouse.py:134} WARNING - [merchants->ch] File not found. Table ensured. Skipping insert.
[2025-11-01T20:07:20.042+0000] {python.py:201} INFO - Done. Returned value was: None
[2025-11-01T20:07:20.088+0000] {taskinstance.py:1138} INFO - Marking task as SUCCESS. dag_id=ingestion_pipeline, task_id=load_merchants_bronze, execution_date=20251026T000000, start_date=20251101T200715, end_date=20251101T200720
[2025-11-01T20:07:20.316+0000] {local_task_job_runner.py:234} INFO - Task exited with return code 0
[2025-11-01T20:07:20.358+0000] {taskinstance.py:3280} INFO - 0 downstream tasks scheduled from follow-on schedule check
[2025-11-01T20:18:39.465+0000] {taskinstance.py:1956} INFO - Dependencies all met for dep_context=non-requeueable deps ti=<TaskInstance: ingestion_pipeline.load_merchants_bronze scheduled__2025-10-26T00:00:00+00:00 [queued]>
[2025-11-01T20:18:39.485+0000] {taskinstance.py:1956} INFO - Dependencies all met for dep_context=requeueable deps ti=<TaskInstance: ingestion_pipeline.load_merchants_bronze scheduled__2025-10-26T00:00:00+00:00 [queued]>
[2025-11-01T20:18:39.487+0000] {taskinstance.py:2170} INFO - Starting attempt 1 of 2
[2025-11-01T20:18:39.552+0000] {taskinstance.py:2191} INFO - Executing <Task(PythonOperator): load_merchants_bronze> on 2025-10-26 00:00:00+00:00
[2025-11-01T20:18:39.575+0000] {standard_task_runner.py:60} INFO - Started process 782 to run task
[2025-11-01T20:18:39.603+0000] {standard_task_runner.py:87} INFO - Running: ['***', 'tasks', 'run', 'ingestion_pipeline', 'load_merchants_bronze', 'scheduled__2025-10-26T00:00:00+00:00', '--job-id', '115', '--raw', '--subdir', 'DAGS_FOLDER/ingestion_dag.py', '--cfg-path', '/tmp/tmpm2w5x71x']
[2025-11-01T20:18:39.628+0000] {standard_task_runner.py:88} INFO - Job 115: Subtask load_merchants_bronze
[2025-11-01T20:18:39.945+0000] {task_command.py:423} INFO - Running <TaskInstance: ingestion_pipeline.load_merchants_bronze scheduled__2025-10-26T00:00:00+00:00 [running]> on host 6335aa85b335
[2025-11-01T20:18:40.944+0000] {taskinstance.py:2480} INFO - Exporting env vars: AIRFLOW_CTX_DAG_OWNER='***' AIRFLOW_CTX_DAG_ID='ingestion_pipeline' AIRFLOW_CTX_TASK_ID='load_merchants_bronze' AIRFLOW_CTX_EXECUTION_DATE='2025-10-26T00:00:00+00:00' AIRFLOW_CTX_TRY_NUMBER='1' AIRFLOW_CTX_DAG_RUN_ID='scheduled__2025-10-26T00:00:00+00:00'
[2025-11-01T20:18:44.005+0000] {merchants_to_clickhouse.py:86} INFO - [merchants->ch] Target CSV: /tmp/data/merchants/merchants-20251026.csv
[2025-11-01T20:18:44.051+0000] {merchants_to_clickhouse.py:91} INFO - [merchants->ch] Folder listing: ['merchants-20251029.csv', 'merchants-20251030.csv']
[2025-11-01T20:18:44.063+0000] {crypto.py:82} WARNING - empty cryptography key - values will not be stored encrypted.
[2025-11-01T20:18:44.069+0000] {base.py:83} INFO - Using connection ID 'clickhouse_default' for task execution.
[2025-11-01T20:18:44.120+0000] {merchants_to_clickhouse.py:134} WARNING - [merchants->ch] File not found. Table ensured. Skipping insert.
[2025-11-01T20:18:44.122+0000] {python.py:201} INFO - Done. Returned value was: None
[2025-11-01T20:18:44.177+0000] {taskinstance.py:1138} INFO - Marking task as SUCCESS. dag_id=ingestion_pipeline, task_id=load_merchants_bronze, execution_date=20251026T000000, start_date=20251101T201839, end_date=20251101T201844
[2025-11-01T20:18:44.495+0000] {local_task_job_runner.py:234} INFO - Task exited with return code 0
[2025-11-01T20:18:44.689+0000] {taskinstance.py:3280} INFO - 0 downstream tasks scheduled from follow-on schedule check
[2025-11-02T01:30:02.833+0000] {taskinstance.py:1956} INFO - Dependencies all met for dep_context=non-requeueable deps ti=<TaskInstance: ingestion_pipeline.load_merchants_bronze scheduled__2025-10-26T00:00:00+00:00 [queued]>
[2025-11-02T01:30:02.857+0000] {taskinstance.py:1956} INFO - Dependencies all met for dep_context=requeueable deps ti=<TaskInstance: ingestion_pipeline.load_merchants_bronze scheduled__2025-10-26T00:00:00+00:00 [queued]>
[2025-11-02T01:30:02.858+0000] {taskinstance.py:2170} INFO - Starting attempt 1 of 2
[2025-11-02T01:30:02.991+0000] {taskinstance.py:2191} INFO - Executing <Task(PythonOperator): load_merchants_bronze> on 2025-10-26 00:00:00+00:00
[2025-11-02T01:30:03.040+0000] {standard_task_runner.py:60} INFO - Started process 941 to run task
[2025-11-02T01:30:03.073+0000] {standard_task_runner.py:87} INFO - Running: ['***', 'tasks', 'run', 'ingestion_pipeline', 'load_merchants_bronze', 'scheduled__2025-10-26T00:00:00+00:00', '--job-id', '113', '--raw', '--subdir', 'DAGS_FOLDER/ingestion_dag.py', '--cfg-path', '/tmp/tmp82jkc3pf']
[2025-11-02T01:30:03.078+0000] {standard_task_runner.py:88} INFO - Job 113: Subtask load_merchants_bronze
[2025-11-02T01:30:03.408+0000] {task_command.py:423} INFO - Running <TaskInstance: ingestion_pipeline.load_merchants_bronze scheduled__2025-10-26T00:00:00+00:00 [running]> on host 3b0074fa0b5e
[2025-11-02T01:30:03.712+0000] {taskinstance.py:2480} INFO - Exporting env vars: AIRFLOW_CTX_DAG_OWNER='***' AIRFLOW_CTX_DAG_ID='ingestion_pipeline' AIRFLOW_CTX_TASK_ID='load_merchants_bronze' AIRFLOW_CTX_EXECUTION_DATE='2025-10-26T00:00:00+00:00' AIRFLOW_CTX_TRY_NUMBER='1' AIRFLOW_CTX_DAG_RUN_ID='scheduled__2025-10-26T00:00:00+00:00'
[2025-11-02T01:30:07.389+0000] {merchants_to_clickhouse.py:86} INFO - [merchants->ch] Target CSV: /tmp/data/merchants/merchants-20251026.csv
[2025-11-02T01:30:07.399+0000] {merchants_to_clickhouse.py:91} INFO - [merchants->ch] Folder listing: ['merchants-20251029.csv', 'merchants-20251030.csv']
[2025-11-02T01:30:07.401+0000] {crypto.py:82} WARNING - empty cryptography key - values will not be stored encrypted.
[2025-11-02T01:30:07.403+0000] {base.py:83} INFO - Using connection ID 'clickhouse_default' for task execution.
[2025-11-02T01:30:07.423+0000] {merchants_to_clickhouse.py:134} WARNING - [merchants->ch] File not found. Table ensured. Skipping insert.
[2025-11-02T01:30:07.424+0000] {python.py:201} INFO - Done. Returned value was: None
[2025-11-02T01:30:07.496+0000] {taskinstance.py:1138} INFO - Marking task as SUCCESS. dag_id=ingestion_pipeline, task_id=load_merchants_bronze, execution_date=20251026T000000, start_date=20251102T013002, end_date=20251102T013007
[2025-11-02T01:30:07.766+0000] {local_task_job_runner.py:234} INFO - Task exited with return code 0
[2025-11-02T01:30:07.861+0000] {taskinstance.py:3280} INFO - 0 downstream tasks scheduled from follow-on schedule check
[2025-11-02T11:28:01.640+0000] {taskinstance.py:1956} INFO - Dependencies all met for dep_context=non-requeueable deps ti=<TaskInstance: ingestion_pipeline.load_merchants_bronze scheduled__2025-10-26T00:00:00+00:00 [queued]>
[2025-11-02T11:28:01.700+0000] {taskinstance.py:1956} INFO - Dependencies all met for dep_context=requeueable deps ti=<TaskInstance: ingestion_pipeline.load_merchants_bronze scheduled__2025-10-26T00:00:00+00:00 [queued]>
[2025-11-02T11:28:01.702+0000] {taskinstance.py:2170} INFO - Starting attempt 1 of 2
[2025-11-02T11:28:01.824+0000] {taskinstance.py:2191} INFO - Executing <Task(PythonOperator): load_merchants_bronze> on 2025-10-26 00:00:00+00:00
[2025-11-02T11:28:01.842+0000] {standard_task_runner.py:60} INFO - Started process 1034 to run task
[2025-11-02T11:28:01.849+0000] {standard_task_runner.py:87} INFO - Running: ['***', 'tasks', 'run', 'ingestion_pipeline', 'load_merchants_bronze', 'scheduled__2025-10-26T00:00:00+00:00', '--job-id', '106', '--raw', '--subdir', 'DAGS_FOLDER/ingestion_dag.py', '--cfg-path', '/tmp/tmpxhk0m3y4']
[2025-11-02T11:28:01.875+0000] {standard_task_runner.py:88} INFO - Job 106: Subtask load_merchants_bronze
[2025-11-02T11:28:02.320+0000] {task_command.py:423} INFO - Running <TaskInstance: ingestion_pipeline.load_merchants_bronze scheduled__2025-10-26T00:00:00+00:00 [running]> on host 0d39d4365eb9
[2025-11-02T11:28:02.940+0000] {taskinstance.py:2480} INFO - Exporting env vars: AIRFLOW_CTX_DAG_OWNER='***' AIRFLOW_CTX_DAG_ID='ingestion_pipeline' AIRFLOW_CTX_TASK_ID='load_merchants_bronze' AIRFLOW_CTX_EXECUTION_DATE='2025-10-26T00:00:00+00:00' AIRFLOW_CTX_TRY_NUMBER='1' AIRFLOW_CTX_DAG_RUN_ID='scheduled__2025-10-26T00:00:00+00:00'
[2025-11-02T11:28:06.973+0000] {merchants_to_clickhouse.py:86} INFO - [merchants->ch] Target CSV: /tmp/data/merchants/merchants-20251026.csv
[2025-11-02T11:28:07.018+0000] {merchants_to_clickhouse.py:91} INFO - [merchants->ch] Folder listing: ['merchants-20251029.csv', 'merchants-20251030.csv']
[2025-11-02T11:28:07.023+0000] {crypto.py:82} WARNING - empty cryptography key - values will not be stored encrypted.
[2025-11-02T11:28:07.037+0000] {base.py:83} INFO - Using connection ID 'clickhouse_default' for task execution.
[2025-11-02T11:28:07.122+0000] {merchants_to_clickhouse.py:134} WARNING - [merchants->ch] File not found. Table ensured. Skipping insert.
[2025-11-02T11:28:07.124+0000] {python.py:201} INFO - Done. Returned value was: None
[2025-11-02T11:28:07.195+0000] {taskinstance.py:1138} INFO - Marking task as SUCCESS. dag_id=ingestion_pipeline, task_id=load_merchants_bronze, execution_date=20251026T000000, start_date=20251102T112801, end_date=20251102T112807
[2025-11-02T11:28:07.472+0000] {local_task_job_runner.py:234} INFO - Task exited with return code 0
[2025-11-02T11:28:07.762+0000] {taskinstance.py:3280} INFO - 0 downstream tasks scheduled from follow-on schedule check
