[2025-11-02T00:26:56.398+0000] {taskinstance.py:1956} INFO - Dependencies all met for dep_context=non-requeueable deps ti=<TaskInstance: gold_dimensions_pipeline.dbt_dim_payment_state scheduled__2025-10-11T00:00:00+00:00 [queued]>
[2025-11-02T00:26:56.411+0000] {taskinstance.py:1956} INFO - Dependencies all met for dep_context=requeueable deps ti=<TaskInstance: gold_dimensions_pipeline.dbt_dim_payment_state scheduled__2025-10-11T00:00:00+00:00 [queued]>
[2025-11-02T00:26:56.413+0000] {taskinstance.py:2170} INFO - Starting attempt 1 of 2
[2025-11-02T00:26:56.435+0000] {taskinstance.py:2191} INFO - Executing <Task(PythonOperator): dbt_dim_payment_state> on 2025-10-11 00:00:00+00:00
[2025-11-02T00:26:56.445+0000] {standard_task_runner.py:60} INFO - Started process 15171 to run task
[2025-11-02T00:26:56.450+0000] {standard_task_runner.py:87} INFO - Running: ['***', 'tasks', 'run', 'gold_dimensions_pipeline', 'dbt_dim_payment_state', 'scheduled__2025-10-11T00:00:00+00:00', '--job-id', '335', '--raw', '--subdir', 'DAGS_FOLDER/gold_dag.py', '--cfg-path', '/tmp/tmph8eydtdw']
[2025-11-02T00:26:56.454+0000] {standard_task_runner.py:88} INFO - Job 335: Subtask dbt_dim_payment_state
[2025-11-02T00:26:56.567+0000] {task_command.py:423} INFO - Running <TaskInstance: gold_dimensions_pipeline.dbt_dim_payment_state scheduled__2025-10-11T00:00:00+00:00 [running]> on host 6335aa85b335
[2025-11-02T00:26:56.751+0000] {taskinstance.py:2480} INFO - Exporting env vars: AIRFLOW_CTX_DAG_OWNER='***' AIRFLOW_CTX_DAG_ID='gold_dimensions_pipeline' AIRFLOW_CTX_TASK_ID='dbt_dim_payment_state' AIRFLOW_CTX_EXECUTION_DATE='2025-10-11T00:00:00+00:00' AIRFLOW_CTX_TRY_NUMBER='1' AIRFLOW_CTX_DAG_RUN_ID='scheduled__2025-10-11T00:00:00+00:00'
[2025-11-02T00:27:07.072+0000] {python.py:201} INFO - Done. Returned value was: None
[2025-11-02T00:27:07.102+0000] {taskinstance.py:1138} INFO - Marking task as SUCCESS. dag_id=gold_dimensions_pipeline, task_id=dbt_dim_payment_state, execution_date=20251011T000000, start_date=20251102T002656, end_date=20251102T002707
[2025-11-02T00:27:07.182+0000] {local_task_job_runner.py:234} INFO - Task exited with return code 0
[2025-11-02T00:27:07.221+0000] {taskinstance.py:3280} INFO - 0 downstream tasks scheduled from follow-on schedule check
[2025-11-02T11:43:09.299+0000] {taskinstance.py:1956} INFO - Dependencies all met for dep_context=non-requeueable deps ti=<TaskInstance: gold_dimensions_pipeline.dbt_dim_payment_state scheduled__2025-10-11T00:00:00+00:00 [queued]>
[2025-11-02T11:43:09.310+0000] {taskinstance.py:1956} INFO - Dependencies all met for dep_context=requeueable deps ti=<TaskInstance: gold_dimensions_pipeline.dbt_dim_payment_state scheduled__2025-10-11T00:00:00+00:00 [queued]>
[2025-11-02T11:43:09.311+0000] {taskinstance.py:2170} INFO - Starting attempt 1 of 3
[2025-11-02T11:43:09.329+0000] {taskinstance.py:2191} INFO - Executing <Task(PythonOperator): dbt_dim_payment_state> on 2025-10-11 00:00:00+00:00
[2025-11-02T11:43:09.336+0000] {standard_task_runner.py:60} INFO - Started process 5144 to run task
[2025-11-02T11:43:09.342+0000] {standard_task_runner.py:87} INFO - Running: ['***', 'tasks', 'run', 'gold_dimensions_pipeline', 'dbt_dim_payment_state', 'scheduled__2025-10-11T00:00:00+00:00', '--job-id', '314', '--raw', '--subdir', 'DAGS_FOLDER/gold_dag.py', '--cfg-path', '/tmp/tmpomxdzdj1']
[2025-11-02T11:43:09.346+0000] {standard_task_runner.py:88} INFO - Job 314: Subtask dbt_dim_payment_state
[2025-11-02T11:43:09.439+0000] {task_command.py:423} INFO - Running <TaskInstance: gold_dimensions_pipeline.dbt_dim_payment_state scheduled__2025-10-11T00:00:00+00:00 [running]> on host 0d39d4365eb9
[2025-11-02T11:43:09.545+0000] {taskinstance.py:2480} INFO - Exporting env vars: AIRFLOW_CTX_DAG_OWNER='***' AIRFLOW_CTX_DAG_ID='gold_dimensions_pipeline' AIRFLOW_CTX_TASK_ID='dbt_dim_payment_state' AIRFLOW_CTX_EXECUTION_DATE='2025-10-11T00:00:00+00:00' AIRFLOW_CTX_TRY_NUMBER='1' AIRFLOW_CTX_DAG_RUN_ID='scheduled__2025-10-11T00:00:00+00:00'
[2025-11-02T11:43:15.394+0000] {logging_mixin.py:188} INFO - ==== DBT STDOUT ====
[2025-11-02T11:43:15.395+0000] {logging_mixin.py:188} INFO - 11:43:12  Running with dbt=1.5.9
11:43:13  Registered adapter: clickhouse=1.5.2
11:43:13  [WARNING]: Configuration paths exist in your dbt_project.yml file which do not apply to any resources.
There are 2 unused configuration paths:
- models.ck_project.bronze
- models.ck_project.gold.fact
11:43:13  Found 7 models, 17 tests, 0 snapshots, 0 analyses, 349 macros, 0 operations, 0 seed files, 6 sources, 0 exposures, 0 metrics, 0 groups
11:43:13  
11:43:14  Concurrency: 4 threads (target='dev')
11:43:14  
11:43:14  1 of 1 START sql table model gold.dim_payment_state ............................ [RUN]
11:43:14  1 of 1 OK created sql table model gold.dim_payment_state ....................... [OK in 0.34s]
11:43:14  
11:43:14  Finished running 1 table model in 0 hours 0 minutes and 0.82 seconds (0.82s).
11:43:14  
11:43:14  Completed successfully
11:43:14  
11:43:14  Done. PASS=1 WARN=0 ERROR=0 SKIP=0 TOTAL=1
[2025-11-02T11:43:15.396+0000] {logging_mixin.py:188} INFO - ==== DBT STDERR ====
[2025-11-02T11:43:15.396+0000] {python.py:201} INFO - Done. Returned value was: None
[2025-11-02T11:43:15.411+0000] {taskinstance.py:1138} INFO - Marking task as SUCCESS. dag_id=gold_dimensions_pipeline, task_id=dbt_dim_payment_state, execution_date=20251011T000000, start_date=20251102T114309, end_date=20251102T114315
[2025-11-02T11:43:15.457+0000] {local_task_job_runner.py:234} INFO - Task exited with return code 0
[2025-11-02T11:43:15.480+0000] {taskinstance.py:3280} INFO - 0 downstream tasks scheduled from follow-on schedule check
