[2025-11-01T20:23:03.395+0000] {taskinstance.py:1956} INFO - Dependencies all met for dep_context=non-requeueable deps ti=<TaskInstance: silver_transformation_pipeline.ensure_bronze_prereqs scheduled__2025-10-22T00:00:00+00:00 [queued]>
[2025-11-01T20:23:03.405+0000] {taskinstance.py:1956} INFO - Dependencies all met for dep_context=requeueable deps ti=<TaskInstance: silver_transformation_pipeline.ensure_bronze_prereqs scheduled__2025-10-22T00:00:00+00:00 [queued]>
[2025-11-01T20:23:03.406+0000] {taskinstance.py:2170} INFO - Starting attempt 1 of 2
[2025-11-01T20:23:03.421+0000] {taskinstance.py:2191} INFO - Executing <Task(PythonOperator): ensure_bronze_prereqs> on 2025-10-22 00:00:00+00:00
[2025-11-01T20:23:03.426+0000] {standard_task_runner.py:60} INFO - Started process 2000 to run task
[2025-11-01T20:23:03.430+0000] {standard_task_runner.py:87} INFO - Running: ['***', 'tasks', 'run', 'silver_transformation_pipeline', 'ensure_bronze_prereqs', 'scheduled__2025-10-22T00:00:00+00:00', '--job-id', '210', '--raw', '--subdir', 'DAGS_FOLDER/silver_dag.py', '--cfg-path', '/tmp/tmpfsr4x9vt']
[2025-11-01T20:23:03.433+0000] {standard_task_runner.py:88} INFO - Job 210: Subtask ensure_bronze_prereqs
[2025-11-01T20:23:03.505+0000] {task_command.py:423} INFO - Running <TaskInstance: silver_transformation_pipeline.ensure_bronze_prereqs scheduled__2025-10-22T00:00:00+00:00 [running]> on host 6335aa85b335
[2025-11-01T20:23:03.608+0000] {taskinstance.py:2480} INFO - Exporting env vars: AIRFLOW_CTX_DAG_OWNER='***' AIRFLOW_CTX_DAG_ID='silver_transformation_pipeline' AIRFLOW_CTX_TASK_ID='ensure_bronze_prereqs' AIRFLOW_CTX_EXECUTION_DATE='2025-10-22T00:00:00+00:00' AIRFLOW_CTX_TRY_NUMBER='1' AIRFLOW_CTX_DAG_RUN_ID='scheduled__2025-10-22T00:00:00+00:00'
[2025-11-01T20:23:03.611+0000] {crypto.py:82} WARNING - empty cryptography key - values will not be stored encrypted.
[2025-11-01T20:23:03.612+0000] {base.py:83} INFO - Using connection ID 'clickhouse_default' for task execution.
[2025-11-01T20:23:03.624+0000] {python.py:201} INFO - Done. Returned value was: None
[2025-11-01T20:23:03.636+0000] {taskinstance.py:1138} INFO - Marking task as SUCCESS. dag_id=silver_transformation_pipeline, task_id=ensure_bronze_prereqs, execution_date=20251022T000000, start_date=20251101T202303, end_date=20251101T202303
[2025-11-01T20:23:03.684+0000] {local_task_job_runner.py:234} INFO - Task exited with return code 0
[2025-11-01T20:23:03.707+0000] {taskinstance.py:3280} INFO - 3 downstream tasks scheduled from follow-on schedule check
[2025-11-02T01:38:20.683+0000] {taskinstance.py:1956} INFO - Dependencies all met for dep_context=non-requeueable deps ti=<TaskInstance: silver_transformation_pipeline.ensure_bronze_prereqs scheduled__2025-10-22T00:00:00+00:00 [queued]>
[2025-11-02T01:38:20.692+0000] {taskinstance.py:1956} INFO - Dependencies all met for dep_context=requeueable deps ti=<TaskInstance: silver_transformation_pipeline.ensure_bronze_prereqs scheduled__2025-10-22T00:00:00+00:00 [queued]>
[2025-11-02T01:38:20.693+0000] {taskinstance.py:2170} INFO - Starting attempt 1 of 2
[2025-11-02T01:38:20.709+0000] {taskinstance.py:2191} INFO - Executing <Task(PythonOperator): ensure_bronze_prereqs> on 2025-10-22 00:00:00+00:00
[2025-11-02T01:38:20.717+0000] {standard_task_runner.py:60} INFO - Started process 2965 to run task
[2025-11-02T01:38:20.720+0000] {standard_task_runner.py:87} INFO - Running: ['***', 'tasks', 'run', 'silver_transformation_pipeline', 'ensure_bronze_prereqs', 'scheduled__2025-10-22T00:00:00+00:00', '--job-id', '214', '--raw', '--subdir', 'DAGS_FOLDER/silver_dag.py', '--cfg-path', '/tmp/tmpejv9un4w']
[2025-11-02T01:38:20.723+0000] {standard_task_runner.py:88} INFO - Job 214: Subtask ensure_bronze_prereqs
[2025-11-02T01:38:20.798+0000] {task_command.py:423} INFO - Running <TaskInstance: silver_transformation_pipeline.ensure_bronze_prereqs scheduled__2025-10-22T00:00:00+00:00 [running]> on host 3b0074fa0b5e
[2025-11-02T01:38:20.896+0000] {taskinstance.py:2480} INFO - Exporting env vars: AIRFLOW_CTX_DAG_OWNER='***' AIRFLOW_CTX_DAG_ID='silver_transformation_pipeline' AIRFLOW_CTX_TASK_ID='ensure_bronze_prereqs' AIRFLOW_CTX_EXECUTION_DATE='2025-10-22T00:00:00+00:00' AIRFLOW_CTX_TRY_NUMBER='1' AIRFLOW_CTX_DAG_RUN_ID='scheduled__2025-10-22T00:00:00+00:00'
[2025-11-02T01:38:20.898+0000] {crypto.py:82} WARNING - empty cryptography key - values will not be stored encrypted.
[2025-11-02T01:38:20.899+0000] {base.py:83} INFO - Using connection ID 'clickhouse_default' for task execution.
[2025-11-02T01:38:20.909+0000] {python.py:201} INFO - Done. Returned value was: None
[2025-11-02T01:38:20.922+0000] {taskinstance.py:1138} INFO - Marking task as SUCCESS. dag_id=silver_transformation_pipeline, task_id=ensure_bronze_prereqs, execution_date=20251022T000000, start_date=20251102T013820, end_date=20251102T013820
[2025-11-02T01:38:20.974+0000] {local_task_job_runner.py:234} INFO - Task exited with return code 0
[2025-11-02T01:38:20.998+0000] {taskinstance.py:3280} INFO - 3 downstream tasks scheduled from follow-on schedule check
[2025-11-02T11:33:59.613+0000] {taskinstance.py:1956} INFO - Dependencies all met for dep_context=non-requeueable deps ti=<TaskInstance: silver_transformation_pipeline.ensure_bronze_prereqs scheduled__2025-10-22T00:00:00+00:00 [queued]>
[2025-11-02T11:33:59.622+0000] {taskinstance.py:1956} INFO - Dependencies all met for dep_context=requeueable deps ti=<TaskInstance: silver_transformation_pipeline.ensure_bronze_prereqs scheduled__2025-10-22T00:00:00+00:00 [queued]>
[2025-11-02T11:33:59.624+0000] {taskinstance.py:2170} INFO - Starting attempt 1 of 2
[2025-11-02T11:33:59.641+0000] {taskinstance.py:2191} INFO - Executing <Task(PythonOperator): ensure_bronze_prereqs> on 2025-10-22 00:00:00+00:00
[2025-11-02T11:33:59.648+0000] {standard_task_runner.py:60} INFO - Started process 3144 to run task
[2025-11-02T11:33:59.653+0000] {standard_task_runner.py:87} INFO - Running: ['***', 'tasks', 'run', 'silver_transformation_pipeline', 'ensure_bronze_prereqs', 'scheduled__2025-10-22T00:00:00+00:00', '--job-id', '226', '--raw', '--subdir', 'DAGS_FOLDER/silver_dag.py', '--cfg-path', '/tmp/tmp6fpelkfs']
[2025-11-02T11:33:59.657+0000] {standard_task_runner.py:88} INFO - Job 226: Subtask ensure_bronze_prereqs
[2025-11-02T11:33:59.776+0000] {task_command.py:423} INFO - Running <TaskInstance: silver_transformation_pipeline.ensure_bronze_prereqs scheduled__2025-10-22T00:00:00+00:00 [running]> on host 0d39d4365eb9
[2025-11-02T11:33:59.916+0000] {taskinstance.py:2480} INFO - Exporting env vars: AIRFLOW_CTX_DAG_OWNER='***' AIRFLOW_CTX_DAG_ID='silver_transformation_pipeline' AIRFLOW_CTX_TASK_ID='ensure_bronze_prereqs' AIRFLOW_CTX_EXECUTION_DATE='2025-10-22T00:00:00+00:00' AIRFLOW_CTX_TRY_NUMBER='1' AIRFLOW_CTX_DAG_RUN_ID='scheduled__2025-10-22T00:00:00+00:00'
[2025-11-02T11:33:59.918+0000] {crypto.py:82} WARNING - empty cryptography key - values will not be stored encrypted.
[2025-11-02T11:33:59.920+0000] {base.py:83} INFO - Using connection ID 'clickhouse_default' for task execution.
[2025-11-02T11:33:59.930+0000] {python.py:201} INFO - Done. Returned value was: None
[2025-11-02T11:33:59.943+0000] {taskinstance.py:1138} INFO - Marking task as SUCCESS. dag_id=silver_transformation_pipeline, task_id=ensure_bronze_prereqs, execution_date=20251022T000000, start_date=20251102T113359, end_date=20251102T113359
[2025-11-02T11:33:59.986+0000] {local_task_job_runner.py:234} INFO - Task exited with return code 0
[2025-11-02T11:34:00.021+0000] {taskinstance.py:3280} INFO - 3 downstream tasks scheduled from follow-on schedule check
