[2025-11-01T20:06:34.061+0000] {taskinstance.py:1956} INFO - Dependencies all met for dep_context=non-requeueable deps ti=<TaskInstance: ingestion_pipeline.load_link_transactions_to_mongo scheduled__2025-10-15T00:00:00+00:00 [queued]>
[2025-11-01T20:06:34.155+0000] {taskinstance.py:1956} INFO - Dependencies all met for dep_context=requeueable deps ti=<TaskInstance: ingestion_pipeline.load_link_transactions_to_mongo scheduled__2025-10-15T00:00:00+00:00 [queued]>
[2025-11-01T20:06:34.164+0000] {taskinstance.py:2170} INFO - Starting attempt 1 of 2
[2025-11-01T20:06:34.392+0000] {taskinstance.py:2191} INFO - Executing <Task(PythonOperator): load_link_transactions_to_mongo> on 2025-10-15 00:00:00+00:00
[2025-11-01T20:06:34.412+0000] {standard_task_runner.py:60} INFO - Started process 360 to run task
[2025-11-01T20:06:34.482+0000] {standard_task_runner.py:87} INFO - Running: ['***', 'tasks', 'run', 'ingestion_pipeline', 'load_link_transactions_to_mongo', 'scheduled__2025-10-15T00:00:00+00:00', '--job-id', '21', '--raw', '--subdir', 'DAGS_FOLDER/ingestion_dag.py', '--cfg-path', '/tmp/tmp0erx_mp8']
[2025-11-01T20:06:34.510+0000] {standard_task_runner.py:88} INFO - Job 21: Subtask load_link_transactions_to_mongo
[2025-11-01T20:06:34.950+0000] {task_command.py:423} INFO - Running <TaskInstance: ingestion_pipeline.load_link_transactions_to_mongo scheduled__2025-10-15T00:00:00+00:00 [running]> on host 1a955fda0cfd
[2025-11-01T20:06:35.454+0000] {taskinstance.py:2480} INFO - Exporting env vars: AIRFLOW_CTX_DAG_OWNER='***' AIRFLOW_CTX_DAG_ID='ingestion_pipeline' AIRFLOW_CTX_TASK_ID='load_link_transactions_to_mongo' AIRFLOW_CTX_EXECUTION_DATE='2025-10-15T00:00:00+00:00' AIRFLOW_CTX_TRY_NUMBER='1' AIRFLOW_CTX_DAG_RUN_ID='scheduled__2025-10-15T00:00:00+00:00'
[2025-11-01T20:06:38.556+0000] {mongo_ingestion.py:59} INFO - [mongo/link_tx] Target CSV: /tmp/data/link_transactions/link_transactions-20251015.csv
[2025-11-01T20:06:38.573+0000] {mongo_ingestion.py:62} INFO - [mongo/link_tx] Directory listing: ['link_transactions-20251001.csv', 'link_transactions-20251002.csv', 'link_transactions-20251003.csv', 'link_transactions-20251004.csv']
[2025-11-01T20:06:38.575+0000] {crypto.py:82} WARNING - empty cryptography key - values will not be stored encrypted.
[2025-11-01T20:06:38.583+0000] {base.py:83} INFO - Using connection ID 'mongo_default' for task execution.
[2025-11-01T20:06:38.898+0000] {mongo_ingestion.py:80} WARNING - [mongo/link_tx] File not found; indexes ensured; skipping.
[2025-11-01T20:06:38.903+0000] {mongo_ingestion.py:154} INFO - [mongo/link_tx] MongoDB connection closed.
[2025-11-01T20:06:38.932+0000] {python.py:201} INFO - Done. Returned value was: None
[2025-11-01T20:06:38.980+0000] {taskinstance.py:1138} INFO - Marking task as SUCCESS. dag_id=ingestion_pipeline, task_id=load_link_transactions_to_mongo, execution_date=20251015T000000, start_date=20251101T200634, end_date=20251101T200638
[2025-11-01T20:06:39.372+0000] {local_task_job_runner.py:234} INFO - Task exited with return code 0
[2025-11-01T20:06:39.655+0000] {taskinstance.py:3280} INFO - 1 downstream tasks scheduled from follow-on schedule check
[2025-11-01T20:18:07.497+0000] {taskinstance.py:1956} INFO - Dependencies all met for dep_context=non-requeueable deps ti=<TaskInstance: ingestion_pipeline.load_link_transactions_to_mongo scheduled__2025-10-15T00:00:00+00:00 [queued]>
[2025-11-01T20:18:07.564+0000] {taskinstance.py:1956} INFO - Dependencies all met for dep_context=requeueable deps ti=<TaskInstance: ingestion_pipeline.load_link_transactions_to_mongo scheduled__2025-10-15T00:00:00+00:00 [queued]>
[2025-11-01T20:18:07.568+0000] {taskinstance.py:2170} INFO - Starting attempt 1 of 2
[2025-11-01T20:18:07.776+0000] {taskinstance.py:2191} INFO - Executing <Task(PythonOperator): load_link_transactions_to_mongo> on 2025-10-15 00:00:00+00:00
[2025-11-01T20:18:07.822+0000] {standard_task_runner.py:60} INFO - Started process 439 to run task
[2025-11-01T20:18:07.835+0000] {standard_task_runner.py:87} INFO - Running: ['***', 'tasks', 'run', 'ingestion_pipeline', 'load_link_transactions_to_mongo', 'scheduled__2025-10-15T00:00:00+00:00', '--job-id', '37', '--raw', '--subdir', 'DAGS_FOLDER/ingestion_dag.py', '--cfg-path', '/tmp/tmps_9imda3']
[2025-11-01T20:18:07.865+0000] {standard_task_runner.py:88} INFO - Job 37: Subtask load_link_transactions_to_mongo
[2025-11-01T20:18:08.286+0000] {task_command.py:423} INFO - Running <TaskInstance: ingestion_pipeline.load_link_transactions_to_mongo scheduled__2025-10-15T00:00:00+00:00 [running]> on host 6335aa85b335
[2025-11-01T20:18:08.789+0000] {taskinstance.py:2480} INFO - Exporting env vars: AIRFLOW_CTX_DAG_OWNER='***' AIRFLOW_CTX_DAG_ID='ingestion_pipeline' AIRFLOW_CTX_TASK_ID='load_link_transactions_to_mongo' AIRFLOW_CTX_EXECUTION_DATE='2025-10-15T00:00:00+00:00' AIRFLOW_CTX_TRY_NUMBER='1' AIRFLOW_CTX_DAG_RUN_ID='scheduled__2025-10-15T00:00:00+00:00'
[2025-11-01T20:18:11.636+0000] {mongo_ingestion.py:59} INFO - [mongo/link_tx] Target CSV: /tmp/data/link_transactions/link_transactions-20251015.csv
[2025-11-01T20:18:11.651+0000] {mongo_ingestion.py:62} INFO - [mongo/link_tx] Directory listing: ['link_transactions-20251001.csv', 'link_transactions-20251002.csv', 'link_transactions-20251003.csv', 'link_transactions-20251004.csv']
[2025-11-01T20:18:11.668+0000] {crypto.py:82} WARNING - empty cryptography key - values will not be stored encrypted.
[2025-11-01T20:18:11.669+0000] {base.py:83} INFO - Using connection ID 'mongo_default' for task execution.
[2025-11-01T20:18:11.810+0000] {mongo_ingestion.py:80} WARNING - [mongo/link_tx] File not found; indexes ensured; skipping.
[2025-11-01T20:18:11.812+0000] {mongo_ingestion.py:154} INFO - [mongo/link_tx] MongoDB connection closed.
[2025-11-01T20:18:11.813+0000] {python.py:201} INFO - Done. Returned value was: None
[2025-11-01T20:18:11.872+0000] {taskinstance.py:1138} INFO - Marking task as SUCCESS. dag_id=ingestion_pipeline, task_id=load_link_transactions_to_mongo, execution_date=20251015T000000, start_date=20251101T201807, end_date=20251101T201811
[2025-11-01T20:18:12.088+0000] {local_task_job_runner.py:234} INFO - Task exited with return code 0
[2025-11-01T20:18:12.757+0000] {taskinstance.py:3280} INFO - 0 downstream tasks scheduled from follow-on schedule check
