[2025-11-07T05:07:15.986+0000] {processor.py:161} INFO - Started process (PID=48366) to work on /opt/airflow/dags/gold_dag.py
[2025-11-07T05:07:15.989+0000] {processor.py:830} INFO - Processing file /opt/airflow/dags/gold_dag.py for tasks to queue
[2025-11-07T05:07:15.991+0000] {logging_mixin.py:188} INFO - [2025-11-07T05:07:15.990+0000] {dagbag.py:538} INFO - Filling up the DagBag from /opt/airflow/dags/gold_dag.py
[2025-11-07T05:07:16.112+0000] {processor.py:840} INFO - DAG(s) 'gold_layer_pipeline' retrieved from /opt/airflow/dags/gold_dag.py
[2025-11-07T05:07:16.227+0000] {logging_mixin.py:188} INFO - [2025-11-07T05:07:16.226+0000] {dag.py:3036} INFO - Sync 1 DAGs
[2025-11-07T05:07:16.409+0000] {processor.py:183} INFO - Processing /opt/airflow/dags/gold_dag.py took 0.428 seconds
[2025-11-07T09:17:12.674+0000] {processor.py:161} INFO - Started process (PID=48414) to work on /opt/airflow/dags/gold_dag.py
[2025-11-07T09:17:12.676+0000] {processor.py:830} INFO - Processing file /opt/airflow/dags/gold_dag.py for tasks to queue
[2025-11-07T09:17:12.680+0000] {logging_mixin.py:188} INFO - [2025-11-07T09:17:12.678+0000] {dagbag.py:538} INFO - Filling up the DagBag from /opt/airflow/dags/gold_dag.py
[2025-11-07T09:17:12.795+0000] {processor.py:840} INFO - DAG(s) 'gold_layer_pipeline' retrieved from /opt/airflow/dags/gold_dag.py
[2025-11-07T09:17:12.942+0000] {logging_mixin.py:188} INFO - [2025-11-07T09:17:12.941+0000] {dag.py:3036} INFO - Sync 1 DAGs
[2025-11-07T09:17:13.169+0000] {processor.py:183} INFO - Processing /opt/airflow/dags/gold_dag.py took 0.510 seconds
[2025-11-07T09:17:43.509+0000] {processor.py:161} INFO - Started process (PID=48449) to work on /opt/airflow/dags/gold_dag.py
[2025-11-07T09:17:43.510+0000] {processor.py:830} INFO - Processing file /opt/airflow/dags/gold_dag.py for tasks to queue
[2025-11-07T09:17:43.511+0000] {logging_mixin.py:188} INFO - [2025-11-07T09:17:43.511+0000] {dagbag.py:538} INFO - Filling up the DagBag from /opt/airflow/dags/gold_dag.py
[2025-11-07T09:17:43.545+0000] {processor.py:840} INFO - DAG(s) 'gold_layer_pipeline' retrieved from /opt/airflow/dags/gold_dag.py
[2025-11-07T09:17:43.600+0000] {logging_mixin.py:188} INFO - [2025-11-07T09:17:43.600+0000] {dag.py:3036} INFO - Sync 1 DAGs
[2025-11-07T09:17:43.689+0000] {processor.py:183} INFO - Processing /opt/airflow/dags/gold_dag.py took 0.186 seconds
[2025-11-07T09:18:14.090+0000] {processor.py:161} INFO - Started process (PID=48484) to work on /opt/airflow/dags/gold_dag.py
[2025-11-07T09:18:14.092+0000] {processor.py:830} INFO - Processing file /opt/airflow/dags/gold_dag.py for tasks to queue
[2025-11-07T09:18:14.093+0000] {logging_mixin.py:188} INFO - [2025-11-07T09:18:14.093+0000] {dagbag.py:538} INFO - Filling up the DagBag from /opt/airflow/dags/gold_dag.py
[2025-11-07T09:18:14.139+0000] {processor.py:840} INFO - DAG(s) 'gold_layer_pipeline' retrieved from /opt/airflow/dags/gold_dag.py
[2025-11-07T09:18:14.214+0000] {logging_mixin.py:188} INFO - [2025-11-07T09:18:14.213+0000] {dag.py:3036} INFO - Sync 1 DAGs
[2025-11-07T09:18:14.348+0000] {processor.py:183} INFO - Processing /opt/airflow/dags/gold_dag.py took 0.267 seconds
[2025-11-07T09:18:45.022+0000] {processor.py:161} INFO - Started process (PID=48519) to work on /opt/airflow/dags/gold_dag.py
[2025-11-07T09:18:45.024+0000] {processor.py:830} INFO - Processing file /opt/airflow/dags/gold_dag.py for tasks to queue
[2025-11-07T09:18:45.026+0000] {logging_mixin.py:188} INFO - [2025-11-07T09:18:45.026+0000] {dagbag.py:538} INFO - Filling up the DagBag from /opt/airflow/dags/gold_dag.py
[2025-11-07T09:18:45.069+0000] {processor.py:840} INFO - DAG(s) 'gold_layer_pipeline' retrieved from /opt/airflow/dags/gold_dag.py
[2025-11-07T09:18:45.110+0000] {logging_mixin.py:188} INFO - [2025-11-07T09:18:45.110+0000] {dag.py:3036} INFO - Sync 1 DAGs
[2025-11-07T09:18:45.160+0000] {processor.py:183} INFO - Processing /opt/airflow/dags/gold_dag.py took 0.143 seconds
[2025-11-07T09:19:15.341+0000] {processor.py:161} INFO - Started process (PID=48554) to work on /opt/airflow/dags/gold_dag.py
[2025-11-07T09:19:15.343+0000] {processor.py:830} INFO - Processing file /opt/airflow/dags/gold_dag.py for tasks to queue
[2025-11-07T09:19:15.346+0000] {logging_mixin.py:188} INFO - [2025-11-07T09:19:15.345+0000] {dagbag.py:538} INFO - Filling up the DagBag from /opt/airflow/dags/gold_dag.py
[2025-11-07T09:19:15.377+0000] {processor.py:840} INFO - DAG(s) 'gold_layer_pipeline' retrieved from /opt/airflow/dags/gold_dag.py
[2025-11-07T09:19:15.415+0000] {logging_mixin.py:188} INFO - [2025-11-07T09:19:15.415+0000] {dag.py:3036} INFO - Sync 1 DAGs
[2025-11-07T09:19:15.478+0000] {processor.py:183} INFO - Processing /opt/airflow/dags/gold_dag.py took 0.143 seconds
[2025-11-07T09:19:45.784+0000] {processor.py:161} INFO - Started process (PID=48589) to work on /opt/airflow/dags/gold_dag.py
[2025-11-07T09:19:45.786+0000] {processor.py:830} INFO - Processing file /opt/airflow/dags/gold_dag.py for tasks to queue
[2025-11-07T09:19:45.787+0000] {logging_mixin.py:188} INFO - [2025-11-07T09:19:45.787+0000] {dagbag.py:538} INFO - Filling up the DagBag from /opt/airflow/dags/gold_dag.py
[2025-11-07T09:19:45.821+0000] {processor.py:840} INFO - DAG(s) 'gold_layer_pipeline' retrieved from /opt/airflow/dags/gold_dag.py
[2025-11-07T09:19:45.858+0000] {logging_mixin.py:188} INFO - [2025-11-07T09:19:45.858+0000] {dag.py:3036} INFO - Sync 1 DAGs
[2025-11-07T09:19:45.910+0000] {processor.py:183} INFO - Processing /opt/airflow/dags/gold_dag.py took 0.131 seconds
[2025-11-07T09:20:16.222+0000] {processor.py:161} INFO - Started process (PID=48624) to work on /opt/airflow/dags/gold_dag.py
[2025-11-07T09:20:16.224+0000] {processor.py:830} INFO - Processing file /opt/airflow/dags/gold_dag.py for tasks to queue
[2025-11-07T09:20:16.226+0000] {logging_mixin.py:188} INFO - [2025-11-07T09:20:16.225+0000] {dagbag.py:538} INFO - Filling up the DagBag from /opt/airflow/dags/gold_dag.py
[2025-11-07T09:20:16.271+0000] {processor.py:840} INFO - DAG(s) 'gold_layer_pipeline' retrieved from /opt/airflow/dags/gold_dag.py
[2025-11-07T09:20:16.320+0000] {logging_mixin.py:188} INFO - [2025-11-07T09:20:16.320+0000] {dag.py:3036} INFO - Sync 1 DAGs
[2025-11-07T09:20:16.376+0000] {processor.py:183} INFO - Processing /opt/airflow/dags/gold_dag.py took 0.159 seconds
[2025-11-07T09:20:46.532+0000] {processor.py:161} INFO - Started process (PID=48659) to work on /opt/airflow/dags/gold_dag.py
[2025-11-07T09:20:46.534+0000] {processor.py:830} INFO - Processing file /opt/airflow/dags/gold_dag.py for tasks to queue
[2025-11-07T09:20:46.536+0000] {logging_mixin.py:188} INFO - [2025-11-07T09:20:46.536+0000] {dagbag.py:538} INFO - Filling up the DagBag from /opt/airflow/dags/gold_dag.py
[2025-11-07T09:20:46.575+0000] {processor.py:840} INFO - DAG(s) 'gold_layer_pipeline' retrieved from /opt/airflow/dags/gold_dag.py
[2025-11-07T09:20:46.641+0000] {logging_mixin.py:188} INFO - [2025-11-07T09:20:46.641+0000] {dag.py:3036} INFO - Sync 1 DAGs
[2025-11-07T09:20:46.723+0000] {processor.py:183} INFO - Processing /opt/airflow/dags/gold_dag.py took 0.199 seconds
[2025-11-07T09:21:17.097+0000] {processor.py:161} INFO - Started process (PID=48694) to work on /opt/airflow/dags/gold_dag.py
[2025-11-07T09:21:17.099+0000] {processor.py:830} INFO - Processing file /opt/airflow/dags/gold_dag.py for tasks to queue
[2025-11-07T09:21:17.101+0000] {logging_mixin.py:188} INFO - [2025-11-07T09:21:17.100+0000] {dagbag.py:538} INFO - Filling up the DagBag from /opt/airflow/dags/gold_dag.py
[2025-11-07T09:21:17.138+0000] {processor.py:840} INFO - DAG(s) 'gold_layer_pipeline' retrieved from /opt/airflow/dags/gold_dag.py
[2025-11-07T09:21:17.174+0000] {logging_mixin.py:188} INFO - [2025-11-07T09:21:17.174+0000] {dag.py:3036} INFO - Sync 1 DAGs
[2025-11-07T09:21:17.221+0000] {processor.py:183} INFO - Processing /opt/airflow/dags/gold_dag.py took 0.129 seconds
[2025-11-07T09:21:47.412+0000] {processor.py:161} INFO - Started process (PID=48729) to work on /opt/airflow/dags/gold_dag.py
[2025-11-07T09:21:47.413+0000] {processor.py:830} INFO - Processing file /opt/airflow/dags/gold_dag.py for tasks to queue
[2025-11-07T09:21:47.414+0000] {logging_mixin.py:188} INFO - [2025-11-07T09:21:47.414+0000] {dagbag.py:538} INFO - Filling up the DagBag from /opt/airflow/dags/gold_dag.py
[2025-11-07T09:21:47.452+0000] {processor.py:840} INFO - DAG(s) 'gold_layer_pipeline' retrieved from /opt/airflow/dags/gold_dag.py
[2025-11-07T09:21:47.491+0000] {logging_mixin.py:188} INFO - [2025-11-07T09:21:47.491+0000] {dag.py:3036} INFO - Sync 1 DAGs
[2025-11-07T09:21:47.547+0000] {processor.py:183} INFO - Processing /opt/airflow/dags/gold_dag.py took 0.139 seconds
[2025-11-07T09:22:18.282+0000] {processor.py:161} INFO - Started process (PID=48830) to work on /opt/airflow/dags/gold_dag.py
[2025-11-07T09:22:18.284+0000] {processor.py:830} INFO - Processing file /opt/airflow/dags/gold_dag.py for tasks to queue
[2025-11-07T09:22:18.286+0000] {logging_mixin.py:188} INFO - [2025-11-07T09:22:18.285+0000] {dagbag.py:538} INFO - Filling up the DagBag from /opt/airflow/dags/gold_dag.py
[2025-11-07T09:22:18.325+0000] {processor.py:840} INFO - DAG(s) 'gold_layer_pipeline' retrieved from /opt/airflow/dags/gold_dag.py
[2025-11-07T09:22:18.380+0000] {logging_mixin.py:188} INFO - [2025-11-07T09:22:18.380+0000] {dag.py:3036} INFO - Sync 1 DAGs
[2025-11-07T09:22:18.454+0000] {processor.py:183} INFO - Processing /opt/airflow/dags/gold_dag.py took 0.181 seconds
[2025-11-07T09:22:48.691+0000] {processor.py:161} INFO - Started process (PID=48865) to work on /opt/airflow/dags/gold_dag.py
[2025-11-07T09:22:48.694+0000] {processor.py:830} INFO - Processing file /opt/airflow/dags/gold_dag.py for tasks to queue
[2025-11-07T09:22:48.696+0000] {logging_mixin.py:188} INFO - [2025-11-07T09:22:48.695+0000] {dagbag.py:538} INFO - Filling up the DagBag from /opt/airflow/dags/gold_dag.py
[2025-11-07T09:22:48.735+0000] {processor.py:840} INFO - DAG(s) 'gold_layer_pipeline' retrieved from /opt/airflow/dags/gold_dag.py
[2025-11-07T09:22:48.775+0000] {logging_mixin.py:188} INFO - [2025-11-07T09:22:48.774+0000] {dag.py:3036} INFO - Sync 1 DAGs
[2025-11-07T09:22:48.867+0000] {processor.py:183} INFO - Processing /opt/airflow/dags/gold_dag.py took 0.181 seconds
[2025-11-07T09:23:19.060+0000] {processor.py:161} INFO - Started process (PID=48900) to work on /opt/airflow/dags/gold_dag.py
[2025-11-07T09:23:19.062+0000] {processor.py:830} INFO - Processing file /opt/airflow/dags/gold_dag.py for tasks to queue
[2025-11-07T09:23:19.064+0000] {logging_mixin.py:188} INFO - [2025-11-07T09:23:19.063+0000] {dagbag.py:538} INFO - Filling up the DagBag from /opt/airflow/dags/gold_dag.py
[2025-11-07T09:23:19.102+0000] {processor.py:840} INFO - DAG(s) 'gold_layer_pipeline' retrieved from /opt/airflow/dags/gold_dag.py
[2025-11-07T09:23:19.141+0000] {logging_mixin.py:188} INFO - [2025-11-07T09:23:19.141+0000] {dag.py:3036} INFO - Sync 1 DAGs
[2025-11-07T09:23:19.199+0000] {processor.py:183} INFO - Processing /opt/airflow/dags/gold_dag.py took 0.143 seconds
[2025-11-07T09:23:49.646+0000] {processor.py:161} INFO - Started process (PID=48935) to work on /opt/airflow/dags/gold_dag.py
[2025-11-07T09:23:49.648+0000] {processor.py:830} INFO - Processing file /opt/airflow/dags/gold_dag.py for tasks to queue
[2025-11-07T09:23:49.650+0000] {logging_mixin.py:188} INFO - [2025-11-07T09:23:49.649+0000] {dagbag.py:538} INFO - Filling up the DagBag from /opt/airflow/dags/gold_dag.py
[2025-11-07T09:23:49.698+0000] {processor.py:840} INFO - DAG(s) 'gold_layer_pipeline' retrieved from /opt/airflow/dags/gold_dag.py
[2025-11-07T09:23:49.733+0000] {logging_mixin.py:188} INFO - [2025-11-07T09:23:49.733+0000] {dag.py:3036} INFO - Sync 1 DAGs
[2025-11-07T09:23:49.791+0000] {processor.py:183} INFO - Processing /opt/airflow/dags/gold_dag.py took 0.149 seconds
[2025-11-07T09:24:19.919+0000] {processor.py:161} INFO - Started process (PID=48970) to work on /opt/airflow/dags/gold_dag.py
[2025-11-07T09:24:19.921+0000] {processor.py:830} INFO - Processing file /opt/airflow/dags/gold_dag.py for tasks to queue
[2025-11-07T09:24:19.922+0000] {logging_mixin.py:188} INFO - [2025-11-07T09:24:19.922+0000] {dagbag.py:538} INFO - Filling up the DagBag from /opt/airflow/dags/gold_dag.py
[2025-11-07T09:24:19.955+0000] {processor.py:840} INFO - DAG(s) 'gold_layer_pipeline' retrieved from /opt/airflow/dags/gold_dag.py
[2025-11-07T09:24:19.991+0000] {logging_mixin.py:188} INFO - [2025-11-07T09:24:19.990+0000] {dag.py:3036} INFO - Sync 1 DAGs
[2025-11-07T09:24:20.041+0000] {processor.py:183} INFO - Processing /opt/airflow/dags/gold_dag.py took 0.125 seconds
[2025-11-07T09:24:50.455+0000] {processor.py:161} INFO - Started process (PID=49005) to work on /opt/airflow/dags/gold_dag.py
[2025-11-07T09:24:50.457+0000] {processor.py:830} INFO - Processing file /opt/airflow/dags/gold_dag.py for tasks to queue
[2025-11-07T09:24:50.458+0000] {logging_mixin.py:188} INFO - [2025-11-07T09:24:50.458+0000] {dagbag.py:538} INFO - Filling up the DagBag from /opt/airflow/dags/gold_dag.py
[2025-11-07T09:24:50.507+0000] {processor.py:840} INFO - DAG(s) 'gold_layer_pipeline' retrieved from /opt/airflow/dags/gold_dag.py
[2025-11-07T09:24:50.544+0000] {logging_mixin.py:188} INFO - [2025-11-07T09:24:50.544+0000] {dag.py:3036} INFO - Sync 1 DAGs
[2025-11-07T09:24:50.608+0000] {processor.py:183} INFO - Processing /opt/airflow/dags/gold_dag.py took 0.157 seconds
[2025-11-07T09:25:20.744+0000] {processor.py:161} INFO - Started process (PID=49040) to work on /opt/airflow/dags/gold_dag.py
[2025-11-07T09:25:20.746+0000] {processor.py:830} INFO - Processing file /opt/airflow/dags/gold_dag.py for tasks to queue
[2025-11-07T09:25:20.747+0000] {logging_mixin.py:188} INFO - [2025-11-07T09:25:20.747+0000] {dagbag.py:538} INFO - Filling up the DagBag from /opt/airflow/dags/gold_dag.py
[2025-11-07T09:25:20.794+0000] {processor.py:840} INFO - DAG(s) 'gold_layer_pipeline' retrieved from /opt/airflow/dags/gold_dag.py
[2025-11-07T09:25:20.830+0000] {logging_mixin.py:188} INFO - [2025-11-07T09:25:20.829+0000] {dag.py:3036} INFO - Sync 1 DAGs
[2025-11-07T09:25:20.891+0000] {processor.py:183} INFO - Processing /opt/airflow/dags/gold_dag.py took 0.151 seconds
[2025-11-07T09:25:51.108+0000] {processor.py:161} INFO - Started process (PID=49075) to work on /opt/airflow/dags/gold_dag.py
[2025-11-07T09:25:51.110+0000] {processor.py:830} INFO - Processing file /opt/airflow/dags/gold_dag.py for tasks to queue
[2025-11-07T09:25:51.111+0000] {logging_mixin.py:188} INFO - [2025-11-07T09:25:51.111+0000] {dagbag.py:538} INFO - Filling up the DagBag from /opt/airflow/dags/gold_dag.py
[2025-11-07T09:25:51.150+0000] {processor.py:840} INFO - DAG(s) 'gold_layer_pipeline' retrieved from /opt/airflow/dags/gold_dag.py
[2025-11-07T09:25:51.189+0000] {logging_mixin.py:188} INFO - [2025-11-07T09:25:51.189+0000] {dag.py:3036} INFO - Sync 1 DAGs
[2025-11-07T09:25:51.249+0000] {processor.py:183} INFO - Processing /opt/airflow/dags/gold_dag.py took 0.150 seconds
[2025-11-07T09:26:21.674+0000] {processor.py:161} INFO - Started process (PID=49110) to work on /opt/airflow/dags/gold_dag.py
[2025-11-07T09:26:21.676+0000] {processor.py:830} INFO - Processing file /opt/airflow/dags/gold_dag.py for tasks to queue
[2025-11-07T09:26:21.678+0000] {logging_mixin.py:188} INFO - [2025-11-07T09:26:21.677+0000] {dagbag.py:538} INFO - Filling up the DagBag from /opt/airflow/dags/gold_dag.py
[2025-11-07T09:26:21.719+0000] {processor.py:840} INFO - DAG(s) 'gold_layer_pipeline' retrieved from /opt/airflow/dags/gold_dag.py
[2025-11-07T09:26:21.758+0000] {logging_mixin.py:188} INFO - [2025-11-07T09:26:21.758+0000] {dag.py:3036} INFO - Sync 1 DAGs
[2025-11-07T09:26:21.813+0000] {processor.py:183} INFO - Processing /opt/airflow/dags/gold_dag.py took 0.144 seconds
[2025-11-07T09:26:52.017+0000] {processor.py:161} INFO - Started process (PID=49145) to work on /opt/airflow/dags/gold_dag.py
[2025-11-07T09:26:52.020+0000] {processor.py:830} INFO - Processing file /opt/airflow/dags/gold_dag.py for tasks to queue
[2025-11-07T09:26:52.022+0000] {logging_mixin.py:188} INFO - [2025-11-07T09:26:52.022+0000] {dagbag.py:538} INFO - Filling up the DagBag from /opt/airflow/dags/gold_dag.py
[2025-11-07T09:26:52.062+0000] {processor.py:840} INFO - DAG(s) 'gold_layer_pipeline' retrieved from /opt/airflow/dags/gold_dag.py
[2025-11-07T09:26:52.100+0000] {logging_mixin.py:188} INFO - [2025-11-07T09:26:52.099+0000] {dag.py:3036} INFO - Sync 1 DAGs
[2025-11-07T09:26:52.150+0000] {processor.py:183} INFO - Processing /opt/airflow/dags/gold_dag.py took 0.138 seconds
[2025-11-07T09:27:22.604+0000] {processor.py:161} INFO - Started process (PID=49180) to work on /opt/airflow/dags/gold_dag.py
[2025-11-07T09:27:22.606+0000] {processor.py:830} INFO - Processing file /opt/airflow/dags/gold_dag.py for tasks to queue
[2025-11-07T09:27:22.609+0000] {logging_mixin.py:188} INFO - [2025-11-07T09:27:22.608+0000] {dagbag.py:538} INFO - Filling up the DagBag from /opt/airflow/dags/gold_dag.py
[2025-11-07T09:27:22.651+0000] {processor.py:840} INFO - DAG(s) 'gold_layer_pipeline' retrieved from /opt/airflow/dags/gold_dag.py
[2025-11-07T09:27:22.693+0000] {logging_mixin.py:188} INFO - [2025-11-07T09:27:22.693+0000] {dag.py:3036} INFO - Sync 1 DAGs
[2025-11-07T09:27:22.758+0000] {processor.py:183} INFO - Processing /opt/airflow/dags/gold_dag.py took 0.159 seconds
[2025-11-07T09:27:52.851+0000] {processor.py:161} INFO - Started process (PID=49215) to work on /opt/airflow/dags/gold_dag.py
[2025-11-07T09:27:52.853+0000] {processor.py:830} INFO - Processing file /opt/airflow/dags/gold_dag.py for tasks to queue
[2025-11-07T09:27:52.855+0000] {logging_mixin.py:188} INFO - [2025-11-07T09:27:52.854+0000] {dagbag.py:538} INFO - Filling up the DagBag from /opt/airflow/dags/gold_dag.py
[2025-11-07T09:27:52.890+0000] {processor.py:840} INFO - DAG(s) 'gold_layer_pipeline' retrieved from /opt/airflow/dags/gold_dag.py
[2025-11-07T09:27:52.929+0000] {logging_mixin.py:188} INFO - [2025-11-07T09:27:52.929+0000] {dag.py:3036} INFO - Sync 1 DAGs
[2025-11-07T09:27:52.978+0000] {processor.py:183} INFO - Processing /opt/airflow/dags/gold_dag.py took 0.131 seconds
[2025-11-07T09:28:23.316+0000] {processor.py:161} INFO - Started process (PID=49250) to work on /opt/airflow/dags/gold_dag.py
[2025-11-07T09:28:23.318+0000] {processor.py:830} INFO - Processing file /opt/airflow/dags/gold_dag.py for tasks to queue
[2025-11-07T09:28:23.320+0000] {logging_mixin.py:188} INFO - [2025-11-07T09:28:23.320+0000] {dagbag.py:538} INFO - Filling up the DagBag from /opt/airflow/dags/gold_dag.py
[2025-11-07T09:28:23.359+0000] {processor.py:840} INFO - DAG(s) 'gold_layer_pipeline' retrieved from /opt/airflow/dags/gold_dag.py
[2025-11-07T09:28:23.401+0000] {logging_mixin.py:188} INFO - [2025-11-07T09:28:23.400+0000] {dag.py:3036} INFO - Sync 1 DAGs
[2025-11-07T09:28:23.462+0000] {processor.py:183} INFO - Processing /opt/airflow/dags/gold_dag.py took 0.151 seconds
[2025-11-07T09:28:53.678+0000] {processor.py:161} INFO - Started process (PID=49285) to work on /opt/airflow/dags/gold_dag.py
[2025-11-07T09:28:53.680+0000] {processor.py:830} INFO - Processing file /opt/airflow/dags/gold_dag.py for tasks to queue
[2025-11-07T09:28:53.682+0000] {logging_mixin.py:188} INFO - [2025-11-07T09:28:53.681+0000] {dagbag.py:538} INFO - Filling up the DagBag from /opt/airflow/dags/gold_dag.py
[2025-11-07T09:28:53.718+0000] {processor.py:840} INFO - DAG(s) 'gold_layer_pipeline' retrieved from /opt/airflow/dags/gold_dag.py
[2025-11-07T09:28:53.749+0000] {logging_mixin.py:188} INFO - [2025-11-07T09:28:53.749+0000] {dag.py:3036} INFO - Sync 1 DAGs
[2025-11-07T09:28:53.806+0000] {processor.py:183} INFO - Processing /opt/airflow/dags/gold_dag.py took 0.132 seconds
[2025-11-07T09:29:23.989+0000] {processor.py:161} INFO - Started process (PID=49320) to work on /opt/airflow/dags/gold_dag.py
[2025-11-07T09:29:23.991+0000] {processor.py:830} INFO - Processing file /opt/airflow/dags/gold_dag.py for tasks to queue
[2025-11-07T09:29:23.993+0000] {logging_mixin.py:188} INFO - [2025-11-07T09:29:23.992+0000] {dagbag.py:538} INFO - Filling up the DagBag from /opt/airflow/dags/gold_dag.py
[2025-11-07T09:29:24.035+0000] {processor.py:840} INFO - DAG(s) 'gold_layer_pipeline' retrieved from /opt/airflow/dags/gold_dag.py
[2025-11-07T09:29:24.072+0000] {logging_mixin.py:188} INFO - [2025-11-07T09:29:24.071+0000] {dag.py:3036} INFO - Sync 1 DAGs
[2025-11-07T09:29:24.123+0000] {processor.py:183} INFO - Processing /opt/airflow/dags/gold_dag.py took 0.138 seconds
[2025-11-07T09:29:54.240+0000] {processor.py:161} INFO - Started process (PID=49355) to work on /opt/airflow/dags/gold_dag.py
[2025-11-07T09:29:54.242+0000] {processor.py:830} INFO - Processing file /opt/airflow/dags/gold_dag.py for tasks to queue
[2025-11-07T09:29:54.244+0000] {logging_mixin.py:188} INFO - [2025-11-07T09:29:54.244+0000] {dagbag.py:538} INFO - Filling up the DagBag from /opt/airflow/dags/gold_dag.py
[2025-11-07T09:29:54.290+0000] {processor.py:840} INFO - DAG(s) 'gold_layer_pipeline' retrieved from /opt/airflow/dags/gold_dag.py
[2025-11-07T09:29:54.331+0000] {logging_mixin.py:188} INFO - [2025-11-07T09:29:54.331+0000] {dag.py:3036} INFO - Sync 1 DAGs
[2025-11-07T09:29:54.395+0000] {processor.py:183} INFO - Processing /opt/airflow/dags/gold_dag.py took 0.158 seconds
[2025-11-07T09:30:24.508+0000] {processor.py:161} INFO - Started process (PID=49390) to work on /opt/airflow/dags/gold_dag.py
[2025-11-07T09:30:24.511+0000] {processor.py:830} INFO - Processing file /opt/airflow/dags/gold_dag.py for tasks to queue
[2025-11-07T09:30:24.514+0000] {logging_mixin.py:188} INFO - [2025-11-07T09:30:24.513+0000] {dagbag.py:538} INFO - Filling up the DagBag from /opt/airflow/dags/gold_dag.py
[2025-11-07T09:30:24.559+0000] {processor.py:840} INFO - DAG(s) 'gold_layer_pipeline' retrieved from /opt/airflow/dags/gold_dag.py
[2025-11-07T09:30:24.603+0000] {logging_mixin.py:188} INFO - [2025-11-07T09:30:24.602+0000] {dag.py:3036} INFO - Sync 1 DAGs
[2025-11-07T09:30:24.666+0000] {processor.py:183} INFO - Processing /opt/airflow/dags/gold_dag.py took 0.163 seconds
[2025-11-07T09:30:55.322+0000] {processor.py:161} INFO - Started process (PID=49425) to work on /opt/airflow/dags/gold_dag.py
[2025-11-07T09:30:55.323+0000] {processor.py:830} INFO - Processing file /opt/airflow/dags/gold_dag.py for tasks to queue
[2025-11-07T09:30:55.325+0000] {logging_mixin.py:188} INFO - [2025-11-07T09:30:55.324+0000] {dagbag.py:538} INFO - Filling up the DagBag from /opt/airflow/dags/gold_dag.py
[2025-11-07T09:30:55.361+0000] {processor.py:840} INFO - DAG(s) 'gold_layer_pipeline' retrieved from /opt/airflow/dags/gold_dag.py
[2025-11-07T09:30:55.392+0000] {logging_mixin.py:188} INFO - [2025-11-07T09:30:55.392+0000] {dag.py:3036} INFO - Sync 1 DAGs
[2025-11-07T09:30:55.440+0000] {processor.py:183} INFO - Processing /opt/airflow/dags/gold_dag.py took 0.122 seconds
[2025-11-07T09:31:25.719+0000] {processor.py:161} INFO - Started process (PID=49460) to work on /opt/airflow/dags/gold_dag.py
[2025-11-07T09:31:25.720+0000] {processor.py:830} INFO - Processing file /opt/airflow/dags/gold_dag.py for tasks to queue
[2025-11-07T09:31:25.722+0000] {logging_mixin.py:188} INFO - [2025-11-07T09:31:25.722+0000] {dagbag.py:538} INFO - Filling up the DagBag from /opt/airflow/dags/gold_dag.py
[2025-11-07T09:31:25.752+0000] {processor.py:840} INFO - DAG(s) 'gold_layer_pipeline' retrieved from /opt/airflow/dags/gold_dag.py
[2025-11-07T09:31:25.787+0000] {logging_mixin.py:188} INFO - [2025-11-07T09:31:25.787+0000] {dag.py:3036} INFO - Sync 1 DAGs
[2025-11-07T09:31:25.832+0000] {processor.py:183} INFO - Processing /opt/airflow/dags/gold_dag.py took 0.118 seconds
[2025-11-07T09:31:55.907+0000] {processor.py:161} INFO - Started process (PID=49495) to work on /opt/airflow/dags/gold_dag.py
[2025-11-07T09:31:55.908+0000] {processor.py:830} INFO - Processing file /opt/airflow/dags/gold_dag.py for tasks to queue
[2025-11-07T09:31:55.910+0000] {logging_mixin.py:188} INFO - [2025-11-07T09:31:55.909+0000] {dagbag.py:538} INFO - Filling up the DagBag from /opt/airflow/dags/gold_dag.py
[2025-11-07T09:31:55.942+0000] {processor.py:840} INFO - DAG(s) 'gold_layer_pipeline' retrieved from /opt/airflow/dags/gold_dag.py
[2025-11-07T09:31:55.972+0000] {logging_mixin.py:188} INFO - [2025-11-07T09:31:55.971+0000] {dag.py:3036} INFO - Sync 1 DAGs
[2025-11-07T09:31:56.021+0000] {processor.py:183} INFO - Processing /opt/airflow/dags/gold_dag.py took 0.118 seconds
[2025-11-07T09:32:26.215+0000] {processor.py:161} INFO - Started process (PID=49530) to work on /opt/airflow/dags/gold_dag.py
[2025-11-07T09:32:26.223+0000] {processor.py:830} INFO - Processing file /opt/airflow/dags/gold_dag.py for tasks to queue
[2025-11-07T09:32:26.224+0000] {logging_mixin.py:188} INFO - [2025-11-07T09:32:26.224+0000] {dagbag.py:538} INFO - Filling up the DagBag from /opt/airflow/dags/gold_dag.py
[2025-11-07T09:32:26.265+0000] {processor.py:840} INFO - DAG(s) 'gold_layer_pipeline' retrieved from /opt/airflow/dags/gold_dag.py
[2025-11-07T09:32:26.304+0000] {logging_mixin.py:188} INFO - [2025-11-07T09:32:26.304+0000] {dag.py:3036} INFO - Sync 1 DAGs
[2025-11-07T09:32:26.365+0000] {processor.py:183} INFO - Processing /opt/airflow/dags/gold_dag.py took 0.156 seconds
[2025-11-07T09:34:06.762+0000] {processor.py:161} INFO - Started process (PID=49565) to work on /opt/airflow/dags/gold_dag.py
[2025-11-07T09:34:06.795+0000] {processor.py:830} INFO - Processing file /opt/airflow/dags/gold_dag.py for tasks to queue
[2025-11-07T09:34:06.799+0000] {logging_mixin.py:188} INFO - [2025-11-07T09:34:06.799+0000] {dagbag.py:538} INFO - Filling up the DagBag from /opt/airflow/dags/gold_dag.py
[2025-11-07T09:34:06.928+0000] {processor.py:840} INFO - DAG(s) 'gold_layer_pipeline' retrieved from /opt/airflow/dags/gold_dag.py
[2025-11-07T09:34:07.747+0000] {logging_mixin.py:188} INFO - [2025-11-07T09:34:07.747+0000] {dag.py:3036} INFO - Sync 1 DAGs
[2025-11-07T09:34:07.892+0000] {processor.py:183} INFO - Processing /opt/airflow/dags/gold_dag.py took 1.155 seconds
[2025-11-07T09:34:38.562+0000] {processor.py:161} INFO - Started process (PID=49602) to work on /opt/airflow/dags/gold_dag.py
[2025-11-07T09:34:38.564+0000] {processor.py:830} INFO - Processing file /opt/airflow/dags/gold_dag.py for tasks to queue
[2025-11-07T09:34:38.568+0000] {logging_mixin.py:188} INFO - [2025-11-07T09:34:38.567+0000] {dagbag.py:538} INFO - Filling up the DagBag from /opt/airflow/dags/gold_dag.py
[2025-11-07T09:34:38.612+0000] {processor.py:840} INFO - DAG(s) 'gold_layer_pipeline' retrieved from /opt/airflow/dags/gold_dag.py
[2025-11-07T09:34:38.654+0000] {logging_mixin.py:188} INFO - [2025-11-07T09:34:38.653+0000] {dag.py:3036} INFO - Sync 1 DAGs
[2025-11-07T09:34:38.886+0000] {processor.py:183} INFO - Processing /opt/airflow/dags/gold_dag.py took 0.331 seconds
[2025-11-07T09:35:09.366+0000] {processor.py:161} INFO - Started process (PID=49637) to work on /opt/airflow/dags/gold_dag.py
[2025-11-07T09:35:09.368+0000] {processor.py:830} INFO - Processing file /opt/airflow/dags/gold_dag.py for tasks to queue
[2025-11-07T09:35:09.370+0000] {logging_mixin.py:188} INFO - [2025-11-07T09:35:09.370+0000] {dagbag.py:538} INFO - Filling up the DagBag from /opt/airflow/dags/gold_dag.py
[2025-11-07T09:35:09.412+0000] {processor.py:840} INFO - DAG(s) 'gold_layer_pipeline' retrieved from /opt/airflow/dags/gold_dag.py
[2025-11-07T09:35:09.465+0000] {logging_mixin.py:188} INFO - [2025-11-07T09:35:09.465+0000] {dag.py:3036} INFO - Sync 1 DAGs
[2025-11-07T09:35:09.532+0000] {processor.py:183} INFO - Processing /opt/airflow/dags/gold_dag.py took 0.171 seconds
[2025-11-07T09:35:39.648+0000] {processor.py:161} INFO - Started process (PID=49672) to work on /opt/airflow/dags/gold_dag.py
[2025-11-07T09:35:39.649+0000] {processor.py:830} INFO - Processing file /opt/airflow/dags/gold_dag.py for tasks to queue
[2025-11-07T09:35:39.651+0000] {logging_mixin.py:188} INFO - [2025-11-07T09:35:39.651+0000] {dagbag.py:538} INFO - Filling up the DagBag from /opt/airflow/dags/gold_dag.py
[2025-11-07T09:35:39.694+0000] {processor.py:840} INFO - DAG(s) 'gold_layer_pipeline' retrieved from /opt/airflow/dags/gold_dag.py
[2025-11-07T09:35:39.737+0000] {logging_mixin.py:188} INFO - [2025-11-07T09:35:39.737+0000] {dag.py:3036} INFO - Sync 1 DAGs
[2025-11-07T09:35:39.786+0000] {processor.py:183} INFO - Processing /opt/airflow/dags/gold_dag.py took 0.141 seconds
[2025-11-07T09:36:09.979+0000] {processor.py:161} INFO - Started process (PID=49707) to work on /opt/airflow/dags/gold_dag.py
[2025-11-07T09:36:09.981+0000] {processor.py:830} INFO - Processing file /opt/airflow/dags/gold_dag.py for tasks to queue
[2025-11-07T09:36:09.983+0000] {logging_mixin.py:188} INFO - [2025-11-07T09:36:09.983+0000] {dagbag.py:538} INFO - Filling up the DagBag from /opt/airflow/dags/gold_dag.py
[2025-11-07T09:36:10.025+0000] {processor.py:840} INFO - DAG(s) 'gold_layer_pipeline' retrieved from /opt/airflow/dags/gold_dag.py
[2025-11-07T09:36:10.069+0000] {logging_mixin.py:188} INFO - [2025-11-07T09:36:10.068+0000] {dag.py:3036} INFO - Sync 1 DAGs
[2025-11-07T09:36:10.140+0000] {processor.py:183} INFO - Processing /opt/airflow/dags/gold_dag.py took 0.164 seconds
[2025-11-07T09:36:40.595+0000] {processor.py:161} INFO - Started process (PID=49742) to work on /opt/airflow/dags/gold_dag.py
[2025-11-07T09:36:40.597+0000] {processor.py:830} INFO - Processing file /opt/airflow/dags/gold_dag.py for tasks to queue
[2025-11-07T09:36:40.600+0000] {logging_mixin.py:188} INFO - [2025-11-07T09:36:40.599+0000] {dagbag.py:538} INFO - Filling up the DagBag from /opt/airflow/dags/gold_dag.py
[2025-11-07T09:36:40.640+0000] {processor.py:840} INFO - DAG(s) 'gold_layer_pipeline' retrieved from /opt/airflow/dags/gold_dag.py
[2025-11-07T09:36:40.681+0000] {logging_mixin.py:188} INFO - [2025-11-07T09:36:40.681+0000] {dag.py:3036} INFO - Sync 1 DAGs
[2025-11-07T09:36:40.745+0000] {processor.py:183} INFO - Processing /opt/airflow/dags/gold_dag.py took 0.155 seconds
[2025-11-07T09:37:11.156+0000] {processor.py:161} INFO - Started process (PID=49777) to work on /opt/airflow/dags/gold_dag.py
[2025-11-07T09:37:11.159+0000] {processor.py:830} INFO - Processing file /opt/airflow/dags/gold_dag.py for tasks to queue
[2025-11-07T09:37:11.162+0000] {logging_mixin.py:188} INFO - [2025-11-07T09:37:11.161+0000] {dagbag.py:538} INFO - Filling up the DagBag from /opt/airflow/dags/gold_dag.py
[2025-11-07T09:37:11.220+0000] {processor.py:840} INFO - DAG(s) 'gold_layer_pipeline' retrieved from /opt/airflow/dags/gold_dag.py
[2025-11-07T09:37:11.300+0000] {logging_mixin.py:188} INFO - [2025-11-07T09:37:11.300+0000] {dag.py:3036} INFO - Sync 1 DAGs
[2025-11-07T09:37:11.419+0000] {processor.py:183} INFO - Processing /opt/airflow/dags/gold_dag.py took 0.274 seconds
[2025-11-07T09:37:41.584+0000] {processor.py:161} INFO - Started process (PID=49817) to work on /opt/airflow/dags/gold_dag.py
[2025-11-07T09:37:41.587+0000] {processor.py:830} INFO - Processing file /opt/airflow/dags/gold_dag.py for tasks to queue
[2025-11-07T09:37:41.590+0000] {logging_mixin.py:188} INFO - [2025-11-07T09:37:41.589+0000] {dagbag.py:538} INFO - Filling up the DagBag from /opt/airflow/dags/gold_dag.py
[2025-11-07T09:37:41.652+0000] {processor.py:840} INFO - DAG(s) 'gold_layer_pipeline' retrieved from /opt/airflow/dags/gold_dag.py
[2025-11-07T09:37:41.741+0000] {logging_mixin.py:188} INFO - [2025-11-07T09:37:41.741+0000] {dag.py:3036} INFO - Sync 1 DAGs
[2025-11-07T09:37:41.917+0000] {processor.py:183} INFO - Processing /opt/airflow/dags/gold_dag.py took 0.345 seconds
[2025-11-07T09:38:12.295+0000] {processor.py:161} INFO - Started process (PID=49847) to work on /opt/airflow/dags/gold_dag.py
[2025-11-07T09:38:12.299+0000] {processor.py:830} INFO - Processing file /opt/airflow/dags/gold_dag.py for tasks to queue
[2025-11-07T09:38:12.302+0000] {logging_mixin.py:188} INFO - [2025-11-07T09:38:12.301+0000] {dagbag.py:538} INFO - Filling up the DagBag from /opt/airflow/dags/gold_dag.py
[2025-11-07T09:38:12.385+0000] {processor.py:840} INFO - DAG(s) 'gold_layer_pipeline' retrieved from /opt/airflow/dags/gold_dag.py
[2025-11-07T09:38:12.467+0000] {logging_mixin.py:188} INFO - [2025-11-07T09:38:12.466+0000] {dag.py:3036} INFO - Sync 1 DAGs
[2025-11-07T09:38:12.586+0000] {processor.py:183} INFO - Processing /opt/airflow/dags/gold_dag.py took 0.301 seconds
[2025-11-07T09:38:42.918+0000] {processor.py:161} INFO - Started process (PID=49887) to work on /opt/airflow/dags/gold_dag.py
[2025-11-07T09:38:42.921+0000] {processor.py:830} INFO - Processing file /opt/airflow/dags/gold_dag.py for tasks to queue
[2025-11-07T09:38:42.923+0000] {logging_mixin.py:188} INFO - [2025-11-07T09:38:42.923+0000] {dagbag.py:538} INFO - Filling up the DagBag from /opt/airflow/dags/gold_dag.py
[2025-11-07T09:38:43.000+0000] {processor.py:840} INFO - DAG(s) 'gold_layer_pipeline' retrieved from /opt/airflow/dags/gold_dag.py
[2025-11-07T09:38:43.108+0000] {logging_mixin.py:188} INFO - [2025-11-07T09:38:43.107+0000] {dag.py:3036} INFO - Sync 1 DAGs
[2025-11-07T09:38:43.241+0000] {processor.py:183} INFO - Processing /opt/airflow/dags/gold_dag.py took 0.335 seconds
[2025-11-07T09:39:13.479+0000] {processor.py:161} INFO - Started process (PID=49927) to work on /opt/airflow/dags/gold_dag.py
[2025-11-07T09:39:13.482+0000] {processor.py:830} INFO - Processing file /opt/airflow/dags/gold_dag.py for tasks to queue
[2025-11-07T09:39:13.485+0000] {logging_mixin.py:188} INFO - [2025-11-07T09:39:13.484+0000] {dagbag.py:538} INFO - Filling up the DagBag from /opt/airflow/dags/gold_dag.py
[2025-11-07T09:39:13.540+0000] {processor.py:840} INFO - DAG(s) 'gold_layer_pipeline' retrieved from /opt/airflow/dags/gold_dag.py
[2025-11-07T09:39:13.601+0000] {logging_mixin.py:188} INFO - [2025-11-07T09:39:13.601+0000] {dag.py:3036} INFO - Sync 1 DAGs
[2025-11-07T09:39:13.677+0000] {processor.py:183} INFO - Processing /opt/airflow/dags/gold_dag.py took 0.206 seconds
[2025-11-07T09:39:44.200+0000] {processor.py:161} INFO - Started process (PID=49952) to work on /opt/airflow/dags/gold_dag.py
[2025-11-07T09:39:44.204+0000] {processor.py:830} INFO - Processing file /opt/airflow/dags/gold_dag.py for tasks to queue
[2025-11-07T09:39:44.208+0000] {logging_mixin.py:188} INFO - [2025-11-07T09:39:44.206+0000] {dagbag.py:538} INFO - Filling up the DagBag from /opt/airflow/dags/gold_dag.py
[2025-11-07T09:39:44.332+0000] {processor.py:840} INFO - DAG(s) 'gold_layer_pipeline' retrieved from /opt/airflow/dags/gold_dag.py
[2025-11-07T09:39:44.439+0000] {logging_mixin.py:188} INFO - [2025-11-07T09:39:44.439+0000] {dag.py:3036} INFO - Sync 1 DAGs
[2025-11-07T09:39:44.586+0000] {processor.py:183} INFO - Processing /opt/airflow/dags/gold_dag.py took 0.410 seconds
[2025-11-07T09:40:14.927+0000] {processor.py:161} INFO - Started process (PID=49987) to work on /opt/airflow/dags/gold_dag.py
[2025-11-07T09:40:14.931+0000] {processor.py:830} INFO - Processing file /opt/airflow/dags/gold_dag.py for tasks to queue
[2025-11-07T09:40:14.934+0000] {logging_mixin.py:188} INFO - [2025-11-07T09:40:14.934+0000] {dagbag.py:538} INFO - Filling up the DagBag from /opt/airflow/dags/gold_dag.py
[2025-11-07T09:40:15.005+0000] {processor.py:840} INFO - DAG(s) 'gold_layer_pipeline' retrieved from /opt/airflow/dags/gold_dag.py
[2025-11-07T09:40:15.101+0000] {logging_mixin.py:188} INFO - [2025-11-07T09:40:15.101+0000] {dag.py:3036} INFO - Sync 1 DAGs
[2025-11-07T09:40:15.226+0000] {processor.py:183} INFO - Processing /opt/airflow/dags/gold_dag.py took 0.311 seconds
[2025-11-07T09:40:45.541+0000] {processor.py:161} INFO - Started process (PID=50022) to work on /opt/airflow/dags/gold_dag.py
[2025-11-07T09:40:45.545+0000] {processor.py:830} INFO - Processing file /opt/airflow/dags/gold_dag.py for tasks to queue
[2025-11-07T09:40:45.549+0000] {logging_mixin.py:188} INFO - [2025-11-07T09:40:45.548+0000] {dagbag.py:538} INFO - Filling up the DagBag from /opt/airflow/dags/gold_dag.py
[2025-11-07T09:40:45.602+0000] {processor.py:840} INFO - DAG(s) 'gold_layer_pipeline' retrieved from /opt/airflow/dags/gold_dag.py
[2025-11-07T09:40:45.677+0000] {logging_mixin.py:188} INFO - [2025-11-07T09:40:45.676+0000] {dag.py:3036} INFO - Sync 1 DAGs
[2025-11-07T09:40:45.829+0000] {processor.py:183} INFO - Processing /opt/airflow/dags/gold_dag.py took 0.295 seconds
[2025-11-07T09:41:16.029+0000] {processor.py:161} INFO - Started process (PID=50062) to work on /opt/airflow/dags/gold_dag.py
[2025-11-07T09:41:16.031+0000] {processor.py:830} INFO - Processing file /opt/airflow/dags/gold_dag.py for tasks to queue
[2025-11-07T09:41:16.034+0000] {logging_mixin.py:188} INFO - [2025-11-07T09:41:16.033+0000] {dagbag.py:538} INFO - Filling up the DagBag from /opt/airflow/dags/gold_dag.py
[2025-11-07T09:41:16.097+0000] {processor.py:840} INFO - DAG(s) 'gold_layer_pipeline' retrieved from /opt/airflow/dags/gold_dag.py
[2025-11-07T09:41:16.174+0000] {logging_mixin.py:188} INFO - [2025-11-07T09:41:16.174+0000] {dag.py:3036} INFO - Sync 1 DAGs
[2025-11-07T09:41:16.297+0000] {processor.py:183} INFO - Processing /opt/airflow/dags/gold_dag.py took 0.277 seconds
[2025-11-07T09:41:47.072+0000] {processor.py:161} INFO - Started process (PID=50097) to work on /opt/airflow/dags/gold_dag.py
[2025-11-07T09:41:47.075+0000] {processor.py:830} INFO - Processing file /opt/airflow/dags/gold_dag.py for tasks to queue
[2025-11-07T09:41:47.078+0000] {logging_mixin.py:188} INFO - [2025-11-07T09:41:47.077+0000] {dagbag.py:538} INFO - Filling up the DagBag from /opt/airflow/dags/gold_dag.py
[2025-11-07T09:41:47.153+0000] {processor.py:840} INFO - DAG(s) 'gold_layer_pipeline' retrieved from /opt/airflow/dags/gold_dag.py
[2025-11-07T09:41:47.242+0000] {logging_mixin.py:188} INFO - [2025-11-07T09:41:47.241+0000] {dag.py:3036} INFO - Sync 1 DAGs
[2025-11-07T09:41:47.363+0000] {processor.py:183} INFO - Processing /opt/airflow/dags/gold_dag.py took 0.300 seconds
[2025-11-07T09:42:17.617+0000] {processor.py:161} INFO - Started process (PID=50137) to work on /opt/airflow/dags/gold_dag.py
[2025-11-07T09:42:17.620+0000] {processor.py:830} INFO - Processing file /opt/airflow/dags/gold_dag.py for tasks to queue
[2025-11-07T09:42:17.623+0000] {logging_mixin.py:188} INFO - [2025-11-07T09:42:17.622+0000] {dagbag.py:538} INFO - Filling up the DagBag from /opt/airflow/dags/gold_dag.py
[2025-11-07T09:42:17.669+0000] {processor.py:840} INFO - DAG(s) 'gold_layer_pipeline' retrieved from /opt/airflow/dags/gold_dag.py
[2025-11-07T09:42:17.730+0000] {logging_mixin.py:188} INFO - [2025-11-07T09:42:17.730+0000] {dag.py:3036} INFO - Sync 1 DAGs
[2025-11-07T09:42:17.824+0000] {processor.py:183} INFO - Processing /opt/airflow/dags/gold_dag.py took 0.212 seconds
[2025-11-07T09:42:47.958+0000] {processor.py:161} INFO - Started process (PID=50172) to work on /opt/airflow/dags/gold_dag.py
[2025-11-07T09:42:47.965+0000] {processor.py:830} INFO - Processing file /opt/airflow/dags/gold_dag.py for tasks to queue
[2025-11-07T09:42:47.969+0000] {logging_mixin.py:188} INFO - [2025-11-07T09:42:47.967+0000] {dagbag.py:538} INFO - Filling up the DagBag from /opt/airflow/dags/gold_dag.py
[2025-11-07T09:42:48.030+0000] {processor.py:840} INFO - DAG(s) 'gold_layer_pipeline' retrieved from /opt/airflow/dags/gold_dag.py
[2025-11-07T09:42:48.107+0000] {logging_mixin.py:188} INFO - [2025-11-07T09:42:48.106+0000] {dag.py:3036} INFO - Sync 1 DAGs
[2025-11-07T09:42:48.224+0000] {processor.py:183} INFO - Processing /opt/airflow/dags/gold_dag.py took 0.273 seconds
[2025-11-07T09:43:19.290+0000] {processor.py:161} INFO - Started process (PID=50207) to work on /opt/airflow/dags/gold_dag.py
[2025-11-07T09:43:19.293+0000] {processor.py:830} INFO - Processing file /opt/airflow/dags/gold_dag.py for tasks to queue
[2025-11-07T09:43:19.296+0000] {logging_mixin.py:188} INFO - [2025-11-07T09:43:19.295+0000] {dagbag.py:538} INFO - Filling up the DagBag from /opt/airflow/dags/gold_dag.py
[2025-11-07T09:43:19.360+0000] {processor.py:840} INFO - DAG(s) 'gold_layer_pipeline' retrieved from /opt/airflow/dags/gold_dag.py
[2025-11-07T09:43:19.437+0000] {logging_mixin.py:188} INFO - [2025-11-07T09:43:19.436+0000] {dag.py:3036} INFO - Sync 1 DAGs
[2025-11-07T09:43:19.541+0000] {processor.py:183} INFO - Processing /opt/airflow/dags/gold_dag.py took 0.260 seconds
[2025-11-07T09:43:49.943+0000] {processor.py:161} INFO - Started process (PID=50247) to work on /opt/airflow/dags/gold_dag.py
[2025-11-07T09:43:49.946+0000] {processor.py:830} INFO - Processing file /opt/airflow/dags/gold_dag.py for tasks to queue
[2025-11-07T09:43:49.951+0000] {logging_mixin.py:188} INFO - [2025-11-07T09:43:49.948+0000] {dagbag.py:538} INFO - Filling up the DagBag from /opt/airflow/dags/gold_dag.py
[2025-11-07T09:43:50.046+0000] {processor.py:840} INFO - DAG(s) 'gold_layer_pipeline' retrieved from /opt/airflow/dags/gold_dag.py
[2025-11-07T09:43:50.166+0000] {logging_mixin.py:188} INFO - [2025-11-07T09:43:50.165+0000] {dag.py:3036} INFO - Sync 1 DAGs
[2025-11-07T09:43:50.328+0000] {processor.py:183} INFO - Processing /opt/airflow/dags/gold_dag.py took 0.394 seconds
[2025-11-07T09:44:20.622+0000] {processor.py:161} INFO - Started process (PID=50287) to work on /opt/airflow/dags/gold_dag.py
[2025-11-07T09:44:20.625+0000] {processor.py:830} INFO - Processing file /opt/airflow/dags/gold_dag.py for tasks to queue
[2025-11-07T09:44:20.627+0000] {logging_mixin.py:188} INFO - [2025-11-07T09:44:20.626+0000] {dagbag.py:538} INFO - Filling up the DagBag from /opt/airflow/dags/gold_dag.py
[2025-11-07T09:44:20.701+0000] {processor.py:840} INFO - DAG(s) 'gold_layer_pipeline' retrieved from /opt/airflow/dags/gold_dag.py
[2025-11-07T09:44:20.770+0000] {logging_mixin.py:188} INFO - [2025-11-07T09:44:20.769+0000] {dag.py:3036} INFO - Sync 1 DAGs
[2025-11-07T09:44:20.913+0000] {processor.py:183} INFO - Processing /opt/airflow/dags/gold_dag.py took 0.303 seconds
[2025-11-07T09:44:51.794+0000] {processor.py:161} INFO - Started process (PID=50322) to work on /opt/airflow/dags/gold_dag.py
[2025-11-07T09:44:51.799+0000] {processor.py:830} INFO - Processing file /opt/airflow/dags/gold_dag.py for tasks to queue
[2025-11-07T09:44:51.806+0000] {logging_mixin.py:188} INFO - [2025-11-07T09:44:51.804+0000] {dagbag.py:538} INFO - Filling up the DagBag from /opt/airflow/dags/gold_dag.py
[2025-11-07T09:44:51.879+0000] {processor.py:840} INFO - DAG(s) 'gold_layer_pipeline' retrieved from /opt/airflow/dags/gold_dag.py
[2025-11-07T09:44:51.968+0000] {logging_mixin.py:188} INFO - [2025-11-07T09:44:51.967+0000] {dag.py:3036} INFO - Sync 1 DAGs
[2025-11-07T09:44:52.071+0000] {processor.py:183} INFO - Processing /opt/airflow/dags/gold_dag.py took 0.286 seconds
[2025-11-07T09:47:54.864+0000] {processor.py:161} INFO - Started process (PID=50339) to work on /opt/airflow/dags/gold_dag.py
[2025-11-07T09:47:54.893+0000] {processor.py:830} INFO - Processing file /opt/airflow/dags/gold_dag.py for tasks to queue
[2025-11-07T09:47:54.904+0000] {logging_mixin.py:188} INFO - [2025-11-07T09:47:54.903+0000] {dagbag.py:538} INFO - Filling up the DagBag from /opt/airflow/dags/gold_dag.py
[2025-11-07T09:47:55.085+0000] {processor.py:840} INFO - DAG(s) 'gold_layer_pipeline' retrieved from /opt/airflow/dags/gold_dag.py
[2025-11-07T09:47:55.332+0000] {logging_mixin.py:188} INFO - [2025-11-07T09:47:55.331+0000] {dag.py:3036} INFO - Sync 1 DAGs
[2025-11-07T09:47:55.636+0000] {processor.py:183} INFO - Processing /opt/airflow/dags/gold_dag.py took 0.794 seconds
[2025-11-07T09:48:26.332+0000] {processor.py:161} INFO - Started process (PID=50374) to work on /opt/airflow/dags/gold_dag.py
[2025-11-07T09:48:26.337+0000] {processor.py:830} INFO - Processing file /opt/airflow/dags/gold_dag.py for tasks to queue
[2025-11-07T09:48:26.340+0000] {logging_mixin.py:188} INFO - [2025-11-07T09:48:26.339+0000] {dagbag.py:538} INFO - Filling up the DagBag from /opt/airflow/dags/gold_dag.py
[2025-11-07T09:48:26.395+0000] {processor.py:840} INFO - DAG(s) 'gold_layer_pipeline' retrieved from /opt/airflow/dags/gold_dag.py
[2025-11-07T09:48:26.484+0000] {logging_mixin.py:188} INFO - [2025-11-07T09:48:26.483+0000] {dag.py:3036} INFO - Sync 1 DAGs
[2025-11-07T09:48:26.593+0000] {processor.py:183} INFO - Processing /opt/airflow/dags/gold_dag.py took 0.273 seconds
[2025-11-07T09:48:57.202+0000] {processor.py:161} INFO - Started process (PID=50404) to work on /opt/airflow/dags/gold_dag.py
[2025-11-07T09:48:57.206+0000] {processor.py:830} INFO - Processing file /opt/airflow/dags/gold_dag.py for tasks to queue
[2025-11-07T09:48:57.209+0000] {logging_mixin.py:188} INFO - [2025-11-07T09:48:57.209+0000] {dagbag.py:538} INFO - Filling up the DagBag from /opt/airflow/dags/gold_dag.py
[2025-11-07T09:48:57.280+0000] {processor.py:840} INFO - DAG(s) 'gold_layer_pipeline' retrieved from /opt/airflow/dags/gold_dag.py
[2025-11-07T09:48:57.363+0000] {logging_mixin.py:188} INFO - [2025-11-07T09:48:57.362+0000] {dag.py:3036} INFO - Sync 1 DAGs
[2025-11-07T09:48:57.476+0000] {processor.py:183} INFO - Processing /opt/airflow/dags/gold_dag.py took 0.292 seconds
[2025-11-07T09:49:28.300+0000] {processor.py:161} INFO - Started process (PID=50439) to work on /opt/airflow/dags/gold_dag.py
[2025-11-07T09:49:28.306+0000] {processor.py:830} INFO - Processing file /opt/airflow/dags/gold_dag.py for tasks to queue
[2025-11-07T09:49:28.309+0000] {logging_mixin.py:188} INFO - [2025-11-07T09:49:28.308+0000] {dagbag.py:538} INFO - Filling up the DagBag from /opt/airflow/dags/gold_dag.py
[2025-11-07T09:49:28.394+0000] {processor.py:840} INFO - DAG(s) 'gold_layer_pipeline' retrieved from /opt/airflow/dags/gold_dag.py
[2025-11-07T09:49:28.507+0000] {logging_mixin.py:188} INFO - [2025-11-07T09:49:28.506+0000] {dag.py:3036} INFO - Sync 1 DAGs
[2025-11-07T09:49:28.664+0000] {processor.py:183} INFO - Processing /opt/airflow/dags/gold_dag.py took 0.375 seconds
[2025-11-07T09:49:58.874+0000] {processor.py:161} INFO - Started process (PID=50474) to work on /opt/airflow/dags/gold_dag.py
[2025-11-07T09:49:58.878+0000] {processor.py:830} INFO - Processing file /opt/airflow/dags/gold_dag.py for tasks to queue
[2025-11-07T09:49:58.881+0000] {logging_mixin.py:188} INFO - [2025-11-07T09:49:58.880+0000] {dagbag.py:538} INFO - Filling up the DagBag from /opt/airflow/dags/gold_dag.py
[2025-11-07T09:49:58.938+0000] {processor.py:840} INFO - DAG(s) 'gold_layer_pipeline' retrieved from /opt/airflow/dags/gold_dag.py
[2025-11-07T09:49:59.010+0000] {logging_mixin.py:188} INFO - [2025-11-07T09:49:59.009+0000] {dag.py:3036} INFO - Sync 1 DAGs
[2025-11-07T09:49:59.113+0000] {processor.py:183} INFO - Processing /opt/airflow/dags/gold_dag.py took 0.246 seconds
[2025-11-07T11:35:32.992+0000] {processor.py:161} INFO - Started process (PID=50513) to work on /opt/airflow/dags/gold_dag.py
[2025-11-07T11:35:33.012+0000] {processor.py:830} INFO - Processing file /opt/airflow/dags/gold_dag.py for tasks to queue
[2025-11-07T11:35:33.019+0000] {logging_mixin.py:188} INFO - [2025-11-07T11:35:33.017+0000] {dagbag.py:538} INFO - Filling up the DagBag from /opt/airflow/dags/gold_dag.py
[2025-11-07T11:35:33.361+0000] {processor.py:840} INFO - DAG(s) 'gold_layer_pipeline' retrieved from /opt/airflow/dags/gold_dag.py
[2025-11-07T11:35:33.698+0000] {logging_mixin.py:188} INFO - [2025-11-07T11:35:33.694+0000] {dag.py:3036} INFO - Sync 1 DAGs
[2025-11-07T11:35:34.138+0000] {processor.py:183} INFO - Processing /opt/airflow/dags/gold_dag.py took 1.175 seconds
[2025-11-07T11:36:04.696+0000] {processor.py:161} INFO - Started process (PID=50548) to work on /opt/airflow/dags/gold_dag.py
[2025-11-07T11:36:04.698+0000] {processor.py:830} INFO - Processing file /opt/airflow/dags/gold_dag.py for tasks to queue
[2025-11-07T11:36:04.699+0000] {logging_mixin.py:188} INFO - [2025-11-07T11:36:04.699+0000] {dagbag.py:538} INFO - Filling up the DagBag from /opt/airflow/dags/gold_dag.py
[2025-11-07T11:36:04.727+0000] {processor.py:840} INFO - DAG(s) 'gold_layer_pipeline' retrieved from /opt/airflow/dags/gold_dag.py
[2025-11-07T11:36:04.774+0000] {logging_mixin.py:188} INFO - [2025-11-07T11:36:04.773+0000] {dag.py:3036} INFO - Sync 1 DAGs
[2025-11-07T11:36:04.830+0000] {processor.py:183} INFO - Processing /opt/airflow/dags/gold_dag.py took 0.141 seconds
[2025-11-07T11:36:35.724+0000] {processor.py:161} INFO - Started process (PID=50583) to work on /opt/airflow/dags/gold_dag.py
[2025-11-07T11:36:35.726+0000] {processor.py:830} INFO - Processing file /opt/airflow/dags/gold_dag.py for tasks to queue
[2025-11-07T11:36:35.727+0000] {logging_mixin.py:188} INFO - [2025-11-07T11:36:35.726+0000] {dagbag.py:538} INFO - Filling up the DagBag from /opt/airflow/dags/gold_dag.py
[2025-11-07T11:36:35.749+0000] {processor.py:840} INFO - DAG(s) 'gold_layer_pipeline' retrieved from /opt/airflow/dags/gold_dag.py
[2025-11-07T11:36:35.776+0000] {logging_mixin.py:188} INFO - [2025-11-07T11:36:35.776+0000] {dag.py:3036} INFO - Sync 1 DAGs
[2025-11-07T11:36:35.817+0000] {processor.py:183} INFO - Processing /opt/airflow/dags/gold_dag.py took 0.097 seconds
[2025-11-07T11:37:06.834+0000] {processor.py:161} INFO - Started process (PID=50618) to work on /opt/airflow/dags/gold_dag.py
[2025-11-07T11:37:06.835+0000] {processor.py:830} INFO - Processing file /opt/airflow/dags/gold_dag.py for tasks to queue
[2025-11-07T11:37:06.836+0000] {logging_mixin.py:188} INFO - [2025-11-07T11:37:06.836+0000] {dagbag.py:538} INFO - Filling up the DagBag from /opt/airflow/dags/gold_dag.py
[2025-11-07T11:37:06.854+0000] {processor.py:840} INFO - DAG(s) 'gold_layer_pipeline' retrieved from /opt/airflow/dags/gold_dag.py
[2025-11-07T11:37:06.880+0000] {logging_mixin.py:188} INFO - [2025-11-07T11:37:06.880+0000] {dag.py:3036} INFO - Sync 1 DAGs
[2025-11-07T11:37:06.921+0000] {processor.py:183} INFO - Processing /opt/airflow/dags/gold_dag.py took 0.090 seconds
[2025-11-07T11:37:37.951+0000] {processor.py:161} INFO - Started process (PID=50653) to work on /opt/airflow/dags/gold_dag.py
[2025-11-07T11:37:37.952+0000] {processor.py:830} INFO - Processing file /opt/airflow/dags/gold_dag.py for tasks to queue
[2025-11-07T11:37:37.953+0000] {logging_mixin.py:188} INFO - [2025-11-07T11:37:37.953+0000] {dagbag.py:538} INFO - Filling up the DagBag from /opt/airflow/dags/gold_dag.py
[2025-11-07T11:37:37.971+0000] {processor.py:840} INFO - DAG(s) 'gold_layer_pipeline' retrieved from /opt/airflow/dags/gold_dag.py
[2025-11-07T11:37:37.997+0000] {logging_mixin.py:188} INFO - [2025-11-07T11:37:37.997+0000] {dag.py:3036} INFO - Sync 1 DAGs
[2025-11-07T11:37:38.036+0000] {processor.py:183} INFO - Processing /opt/airflow/dags/gold_dag.py took 0.087 seconds
[2025-11-07T11:38:08.140+0000] {processor.py:161} INFO - Started process (PID=50688) to work on /opt/airflow/dags/gold_dag.py
[2025-11-07T11:38:08.142+0000] {processor.py:830} INFO - Processing file /opt/airflow/dags/gold_dag.py for tasks to queue
[2025-11-07T11:38:08.143+0000] {logging_mixin.py:188} INFO - [2025-11-07T11:38:08.143+0000] {dagbag.py:538} INFO - Filling up the DagBag from /opt/airflow/dags/gold_dag.py
[2025-11-07T11:38:08.164+0000] {processor.py:840} INFO - DAG(s) 'gold_layer_pipeline' retrieved from /opt/airflow/dags/gold_dag.py
[2025-11-07T11:38:08.194+0000] {logging_mixin.py:188} INFO - [2025-11-07T11:38:08.194+0000] {dag.py:3036} INFO - Sync 1 DAGs
[2025-11-07T11:38:08.236+0000] {processor.py:183} INFO - Processing /opt/airflow/dags/gold_dag.py took 0.099 seconds
[2025-11-07T11:38:38.460+0000] {processor.py:161} INFO - Started process (PID=50723) to work on /opt/airflow/dags/gold_dag.py
[2025-11-07T11:38:38.461+0000] {processor.py:830} INFO - Processing file /opt/airflow/dags/gold_dag.py for tasks to queue
[2025-11-07T11:38:38.462+0000] {logging_mixin.py:188} INFO - [2025-11-07T11:38:38.462+0000] {dagbag.py:538} INFO - Filling up the DagBag from /opt/airflow/dags/gold_dag.py
[2025-11-07T11:38:38.480+0000] {processor.py:840} INFO - DAG(s) 'gold_layer_pipeline' retrieved from /opt/airflow/dags/gold_dag.py
[2025-11-07T11:38:38.509+0000] {logging_mixin.py:188} INFO - [2025-11-07T11:38:38.509+0000] {dag.py:3036} INFO - Sync 1 DAGs
[2025-11-07T11:38:38.547+0000] {processor.py:183} INFO - Processing /opt/airflow/dags/gold_dag.py took 0.090 seconds
[2025-11-07T13:06:00.237+0000] {processor.py:161} INFO - Started process (PID=50762) to work on /opt/airflow/dags/gold_dag.py
[2025-11-07T13:06:00.250+0000] {processor.py:830} INFO - Processing file /opt/airflow/dags/gold_dag.py for tasks to queue
[2025-11-07T13:06:00.253+0000] {logging_mixin.py:188} INFO - [2025-11-07T13:06:00.252+0000] {dagbag.py:538} INFO - Filling up the DagBag from /opt/airflow/dags/gold_dag.py
[2025-11-07T13:06:00.391+0000] {processor.py:840} INFO - DAG(s) 'gold_layer_pipeline' retrieved from /opt/airflow/dags/gold_dag.py
[2025-11-07T13:06:00.504+0000] {logging_mixin.py:188} INFO - [2025-11-07T13:06:00.504+0000] {dag.py:3036} INFO - Sync 1 DAGs
[2025-11-07T13:06:00.684+0000] {processor.py:183} INFO - Processing /opt/airflow/dags/gold_dag.py took 0.455 seconds
[2025-11-07T13:12:25.657+0000] {processor.py:161} INFO - Started process (PID=50799) to work on /opt/airflow/dags/gold_dag.py
[2025-11-07T13:12:25.677+0000] {processor.py:830} INFO - Processing file /opt/airflow/dags/gold_dag.py for tasks to queue
[2025-11-07T13:12:25.680+0000] {logging_mixin.py:188} INFO - [2025-11-07T13:12:25.679+0000] {dagbag.py:538} INFO - Filling up the DagBag from /opt/airflow/dags/gold_dag.py
[2025-11-07T13:12:25.799+0000] {processor.py:840} INFO - DAG(s) 'gold_layer_pipeline' retrieved from /opt/airflow/dags/gold_dag.py
[2025-11-07T13:12:25.903+0000] {logging_mixin.py:188} INFO - [2025-11-07T13:12:25.902+0000] {dag.py:3036} INFO - Sync 1 DAGs
[2025-11-07T13:12:26.051+0000] {processor.py:183} INFO - Processing /opt/airflow/dags/gold_dag.py took 0.400 seconds
[2025-11-07T13:12:57.040+0000] {processor.py:161} INFO - Started process (PID=50834) to work on /opt/airflow/dags/gold_dag.py
[2025-11-07T13:12:57.042+0000] {processor.py:830} INFO - Processing file /opt/airflow/dags/gold_dag.py for tasks to queue
[2025-11-07T13:12:57.044+0000] {logging_mixin.py:188} INFO - [2025-11-07T13:12:57.043+0000] {dagbag.py:538} INFO - Filling up the DagBag from /opt/airflow/dags/gold_dag.py
[2025-11-07T13:12:57.071+0000] {processor.py:840} INFO - DAG(s) 'gold_layer_pipeline' retrieved from /opt/airflow/dags/gold_dag.py
[2025-11-07T13:12:57.110+0000] {logging_mixin.py:188} INFO - [2025-11-07T13:12:57.109+0000] {dag.py:3036} INFO - Sync 1 DAGs
[2025-11-07T13:12:57.156+0000] {processor.py:183} INFO - Processing /opt/airflow/dags/gold_dag.py took 0.121 seconds
[2025-11-07T13:13:27.373+0000] {processor.py:161} INFO - Started process (PID=50869) to work on /opt/airflow/dags/gold_dag.py
[2025-11-07T13:13:27.375+0000] {processor.py:830} INFO - Processing file /opt/airflow/dags/gold_dag.py for tasks to queue
[2025-11-07T13:13:27.377+0000] {logging_mixin.py:188} INFO - [2025-11-07T13:13:27.376+0000] {dagbag.py:538} INFO - Filling up the DagBag from /opt/airflow/dags/gold_dag.py
[2025-11-07T13:13:27.400+0000] {processor.py:840} INFO - DAG(s) 'gold_layer_pipeline' retrieved from /opt/airflow/dags/gold_dag.py
[2025-11-07T13:13:27.437+0000] {logging_mixin.py:188} INFO - [2025-11-07T13:13:27.437+0000] {dag.py:3036} INFO - Sync 1 DAGs
[2025-11-07T13:13:27.494+0000] {processor.py:183} INFO - Processing /opt/airflow/dags/gold_dag.py took 0.124 seconds
[2025-11-07T13:13:57.692+0000] {processor.py:161} INFO - Started process (PID=50904) to work on /opt/airflow/dags/gold_dag.py
[2025-11-07T13:13:57.693+0000] {processor.py:830} INFO - Processing file /opt/airflow/dags/gold_dag.py for tasks to queue
[2025-11-07T13:13:57.694+0000] {logging_mixin.py:188} INFO - [2025-11-07T13:13:57.694+0000] {dagbag.py:538} INFO - Filling up the DagBag from /opt/airflow/dags/gold_dag.py
[2025-11-07T13:13:57.717+0000] {processor.py:840} INFO - DAG(s) 'gold_layer_pipeline' retrieved from /opt/airflow/dags/gold_dag.py
[2025-11-07T13:13:57.751+0000] {logging_mixin.py:188} INFO - [2025-11-07T13:13:57.751+0000] {dag.py:3036} INFO - Sync 1 DAGs
[2025-11-07T13:13:57.799+0000] {processor.py:183} INFO - Processing /opt/airflow/dags/gold_dag.py took 0.111 seconds
[2025-11-07T13:14:28.810+0000] {processor.py:161} INFO - Started process (PID=50939) to work on /opt/airflow/dags/gold_dag.py
[2025-11-07T13:14:28.811+0000] {processor.py:830} INFO - Processing file /opt/airflow/dags/gold_dag.py for tasks to queue
[2025-11-07T13:14:28.812+0000] {logging_mixin.py:188} INFO - [2025-11-07T13:14:28.812+0000] {dagbag.py:538} INFO - Filling up the DagBag from /opt/airflow/dags/gold_dag.py
[2025-11-07T13:14:28.831+0000] {processor.py:840} INFO - DAG(s) 'gold_layer_pipeline' retrieved from /opt/airflow/dags/gold_dag.py
[2025-11-07T13:14:28.865+0000] {logging_mixin.py:188} INFO - [2025-11-07T13:14:28.864+0000] {dag.py:3036} INFO - Sync 1 DAGs
[2025-11-07T13:14:28.921+0000] {processor.py:183} INFO - Processing /opt/airflow/dags/gold_dag.py took 0.115 seconds
[2025-11-07T13:14:59.714+0000] {processor.py:161} INFO - Started process (PID=50974) to work on /opt/airflow/dags/gold_dag.py
[2025-11-07T13:14:59.715+0000] {processor.py:830} INFO - Processing file /opt/airflow/dags/gold_dag.py for tasks to queue
[2025-11-07T13:14:59.716+0000] {logging_mixin.py:188} INFO - [2025-11-07T13:14:59.716+0000] {dagbag.py:538} INFO - Filling up the DagBag from /opt/airflow/dags/gold_dag.py
[2025-11-07T13:14:59.738+0000] {processor.py:840} INFO - DAG(s) 'gold_layer_pipeline' retrieved from /opt/airflow/dags/gold_dag.py
[2025-11-07T13:14:59.769+0000] {logging_mixin.py:188} INFO - [2025-11-07T13:14:59.769+0000] {dag.py:3036} INFO - Sync 1 DAGs
[2025-11-07T13:14:59.824+0000] {processor.py:183} INFO - Processing /opt/airflow/dags/gold_dag.py took 0.114 seconds
[2025-11-07T13:15:30.815+0000] {processor.py:161} INFO - Started process (PID=51009) to work on /opt/airflow/dags/gold_dag.py
[2025-11-07T13:15:30.816+0000] {processor.py:830} INFO - Processing file /opt/airflow/dags/gold_dag.py for tasks to queue
[2025-11-07T13:15:30.817+0000] {logging_mixin.py:188} INFO - [2025-11-07T13:15:30.817+0000] {dagbag.py:538} INFO - Filling up the DagBag from /opt/airflow/dags/gold_dag.py
[2025-11-07T13:15:30.845+0000] {processor.py:840} INFO - DAG(s) 'gold_layer_pipeline' retrieved from /opt/airflow/dags/gold_dag.py
[2025-11-07T13:15:30.884+0000] {logging_mixin.py:188} INFO - [2025-11-07T13:15:30.884+0000] {dag.py:3036} INFO - Sync 1 DAGs
[2025-11-07T13:15:30.942+0000] {processor.py:183} INFO - Processing /opt/airflow/dags/gold_dag.py took 0.130 seconds
[2025-11-07T13:16:01.923+0000] {processor.py:161} INFO - Started process (PID=51044) to work on /opt/airflow/dags/gold_dag.py
[2025-11-07T13:16:01.924+0000] {processor.py:830} INFO - Processing file /opt/airflow/dags/gold_dag.py for tasks to queue
[2025-11-07T13:16:01.925+0000] {logging_mixin.py:188} INFO - [2025-11-07T13:16:01.925+0000] {dagbag.py:538} INFO - Filling up the DagBag from /opt/airflow/dags/gold_dag.py
[2025-11-07T13:16:01.947+0000] {processor.py:840} INFO - DAG(s) 'gold_layer_pipeline' retrieved from /opt/airflow/dags/gold_dag.py
[2025-11-07T13:16:01.988+0000] {logging_mixin.py:188} INFO - [2025-11-07T13:16:01.988+0000] {dag.py:3036} INFO - Sync 1 DAGs
[2025-11-07T13:16:02.038+0000] {processor.py:183} INFO - Processing /opt/airflow/dags/gold_dag.py took 0.119 seconds
[2025-11-07T13:16:33.025+0000] {processor.py:161} INFO - Started process (PID=51079) to work on /opt/airflow/dags/gold_dag.py
[2025-11-07T13:16:33.027+0000] {processor.py:830} INFO - Processing file /opt/airflow/dags/gold_dag.py for tasks to queue
[2025-11-07T13:16:33.029+0000] {logging_mixin.py:188} INFO - [2025-11-07T13:16:33.028+0000] {dagbag.py:538} INFO - Filling up the DagBag from /opt/airflow/dags/gold_dag.py
[2025-11-07T13:16:33.068+0000] {processor.py:840} INFO - DAG(s) 'gold_layer_pipeline' retrieved from /opt/airflow/dags/gold_dag.py
[2025-11-07T13:16:33.106+0000] {logging_mixin.py:188} INFO - [2025-11-07T13:16:33.106+0000] {dag.py:3036} INFO - Sync 1 DAGs
[2025-11-07T13:16:33.157+0000] {processor.py:183} INFO - Processing /opt/airflow/dags/gold_dag.py took 0.138 seconds
[2025-11-07T13:17:04.017+0000] {processor.py:161} INFO - Started process (PID=51114) to work on /opt/airflow/dags/gold_dag.py
[2025-11-07T13:17:04.018+0000] {processor.py:830} INFO - Processing file /opt/airflow/dags/gold_dag.py for tasks to queue
[2025-11-07T13:17:04.019+0000] {logging_mixin.py:188} INFO - [2025-11-07T13:17:04.019+0000] {dagbag.py:538} INFO - Filling up the DagBag from /opt/airflow/dags/gold_dag.py
[2025-11-07T13:17:04.041+0000] {processor.py:840} INFO - DAG(s) 'gold_layer_pipeline' retrieved from /opt/airflow/dags/gold_dag.py
[2025-11-07T13:17:04.070+0000] {logging_mixin.py:188} INFO - [2025-11-07T13:17:04.070+0000] {dag.py:3036} INFO - Sync 1 DAGs
[2025-11-07T13:17:04.122+0000] {processor.py:183} INFO - Processing /opt/airflow/dags/gold_dag.py took 0.109 seconds
[2025-11-07T13:17:35.123+0000] {processor.py:161} INFO - Started process (PID=51149) to work on /opt/airflow/dags/gold_dag.py
[2025-11-07T13:17:35.124+0000] {processor.py:830} INFO - Processing file /opt/airflow/dags/gold_dag.py for tasks to queue
[2025-11-07T13:17:35.125+0000] {logging_mixin.py:188} INFO - [2025-11-07T13:17:35.125+0000] {dagbag.py:538} INFO - Filling up the DagBag from /opt/airflow/dags/gold_dag.py
[2025-11-07T13:17:35.146+0000] {processor.py:840} INFO - DAG(s) 'gold_layer_pipeline' retrieved from /opt/airflow/dags/gold_dag.py
[2025-11-07T13:17:35.175+0000] {logging_mixin.py:188} INFO - [2025-11-07T13:17:35.175+0000] {dag.py:3036} INFO - Sync 1 DAGs
[2025-11-07T13:17:35.219+0000] {processor.py:183} INFO - Processing /opt/airflow/dags/gold_dag.py took 0.100 seconds
[2025-11-07T13:18:06.132+0000] {processor.py:161} INFO - Started process (PID=51184) to work on /opt/airflow/dags/gold_dag.py
[2025-11-07T13:18:06.133+0000] {processor.py:830} INFO - Processing file /opt/airflow/dags/gold_dag.py for tasks to queue
[2025-11-07T13:18:06.134+0000] {logging_mixin.py:188} INFO - [2025-11-07T13:18:06.134+0000] {dagbag.py:538} INFO - Filling up the DagBag from /opt/airflow/dags/gold_dag.py
[2025-11-07T13:18:06.155+0000] {processor.py:840} INFO - DAG(s) 'gold_layer_pipeline' retrieved from /opt/airflow/dags/gold_dag.py
[2025-11-07T13:18:06.186+0000] {logging_mixin.py:188} INFO - [2025-11-07T13:18:06.186+0000] {dag.py:3036} INFO - Sync 1 DAGs
[2025-11-07T13:18:06.237+0000] {processor.py:183} INFO - Processing /opt/airflow/dags/gold_dag.py took 0.109 seconds
[2025-11-07T13:18:37.181+0000] {processor.py:161} INFO - Started process (PID=51219) to work on /opt/airflow/dags/gold_dag.py
[2025-11-07T13:18:37.183+0000] {processor.py:830} INFO - Processing file /opt/airflow/dags/gold_dag.py for tasks to queue
[2025-11-07T13:18:37.184+0000] {logging_mixin.py:188} INFO - [2025-11-07T13:18:37.184+0000] {dagbag.py:538} INFO - Filling up the DagBag from /opt/airflow/dags/gold_dag.py
[2025-11-07T13:18:37.207+0000] {processor.py:840} INFO - DAG(s) 'gold_layer_pipeline' retrieved from /opt/airflow/dags/gold_dag.py
[2025-11-07T13:18:37.241+0000] {logging_mixin.py:188} INFO - [2025-11-07T13:18:37.240+0000] {dag.py:3036} INFO - Sync 1 DAGs
[2025-11-07T13:18:37.291+0000] {processor.py:183} INFO - Processing /opt/airflow/dags/gold_dag.py took 0.114 seconds
[2025-11-07T13:19:08.129+0000] {processor.py:161} INFO - Started process (PID=51254) to work on /opt/airflow/dags/gold_dag.py
[2025-11-07T13:19:08.130+0000] {processor.py:830} INFO - Processing file /opt/airflow/dags/gold_dag.py for tasks to queue
[2025-11-07T13:19:08.131+0000] {logging_mixin.py:188} INFO - [2025-11-07T13:19:08.131+0000] {dagbag.py:538} INFO - Filling up the DagBag from /opt/airflow/dags/gold_dag.py
[2025-11-07T13:19:08.151+0000] {processor.py:840} INFO - DAG(s) 'gold_layer_pipeline' retrieved from /opt/airflow/dags/gold_dag.py
[2025-11-07T13:19:08.181+0000] {logging_mixin.py:188} INFO - [2025-11-07T13:19:08.180+0000] {dag.py:3036} INFO - Sync 1 DAGs
[2025-11-07T13:19:08.225+0000] {processor.py:183} INFO - Processing /opt/airflow/dags/gold_dag.py took 0.100 seconds
[2025-11-07T13:19:39.140+0000] {processor.py:161} INFO - Started process (PID=51289) to work on /opt/airflow/dags/gold_dag.py
[2025-11-07T13:19:39.141+0000] {processor.py:830} INFO - Processing file /opt/airflow/dags/gold_dag.py for tasks to queue
[2025-11-07T13:19:39.141+0000] {logging_mixin.py:188} INFO - [2025-11-07T13:19:39.141+0000] {dagbag.py:538} INFO - Filling up the DagBag from /opt/airflow/dags/gold_dag.py
[2025-11-07T13:19:39.167+0000] {processor.py:840} INFO - DAG(s) 'gold_layer_pipeline' retrieved from /opt/airflow/dags/gold_dag.py
[2025-11-07T13:19:39.202+0000] {logging_mixin.py:188} INFO - [2025-11-07T13:19:39.202+0000] {dag.py:3036} INFO - Sync 1 DAGs
[2025-11-07T13:19:39.251+0000] {processor.py:183} INFO - Processing /opt/airflow/dags/gold_dag.py took 0.115 seconds
[2025-11-07T13:20:10.111+0000] {processor.py:161} INFO - Started process (PID=51324) to work on /opt/airflow/dags/gold_dag.py
[2025-11-07T13:20:10.113+0000] {processor.py:830} INFO - Processing file /opt/airflow/dags/gold_dag.py for tasks to queue
[2025-11-07T13:20:10.114+0000] {logging_mixin.py:188} INFO - [2025-11-07T13:20:10.114+0000] {dagbag.py:538} INFO - Filling up the DagBag from /opt/airflow/dags/gold_dag.py
[2025-11-07T13:20:10.135+0000] {processor.py:840} INFO - DAG(s) 'gold_layer_pipeline' retrieved from /opt/airflow/dags/gold_dag.py
[2025-11-07T13:20:10.167+0000] {logging_mixin.py:188} INFO - [2025-11-07T13:20:10.167+0000] {dag.py:3036} INFO - Sync 1 DAGs
[2025-11-07T13:20:10.214+0000] {processor.py:183} INFO - Processing /opt/airflow/dags/gold_dag.py took 0.107 seconds
[2025-11-07T13:20:41.089+0000] {processor.py:161} INFO - Started process (PID=51359) to work on /opt/airflow/dags/gold_dag.py
[2025-11-07T13:20:41.090+0000] {processor.py:830} INFO - Processing file /opt/airflow/dags/gold_dag.py for tasks to queue
[2025-11-07T13:20:41.091+0000] {logging_mixin.py:188} INFO - [2025-11-07T13:20:41.091+0000] {dagbag.py:538} INFO - Filling up the DagBag from /opt/airflow/dags/gold_dag.py
[2025-11-07T13:20:41.111+0000] {processor.py:840} INFO - DAG(s) 'gold_layer_pipeline' retrieved from /opt/airflow/dags/gold_dag.py
[2025-11-07T13:20:41.142+0000] {logging_mixin.py:188} INFO - [2025-11-07T13:20:41.141+0000] {dag.py:3036} INFO - Sync 1 DAGs
[2025-11-07T13:20:41.195+0000] {processor.py:183} INFO - Processing /opt/airflow/dags/gold_dag.py took 0.109 seconds
[2025-11-07T13:21:12.069+0000] {processor.py:161} INFO - Started process (PID=51394) to work on /opt/airflow/dags/gold_dag.py
[2025-11-07T13:21:12.071+0000] {processor.py:830} INFO - Processing file /opt/airflow/dags/gold_dag.py for tasks to queue
[2025-11-07T13:21:12.072+0000] {logging_mixin.py:188} INFO - [2025-11-07T13:21:12.072+0000] {dagbag.py:538} INFO - Filling up the DagBag from /opt/airflow/dags/gold_dag.py
[2025-11-07T13:21:12.095+0000] {processor.py:840} INFO - DAG(s) 'gold_layer_pipeline' retrieved from /opt/airflow/dags/gold_dag.py
[2025-11-07T13:21:12.126+0000] {logging_mixin.py:188} INFO - [2025-11-07T13:21:12.126+0000] {dag.py:3036} INFO - Sync 1 DAGs
[2025-11-07T13:21:12.176+0000] {processor.py:183} INFO - Processing /opt/airflow/dags/gold_dag.py took 0.110 seconds
[2025-11-07T13:21:43.142+0000] {processor.py:161} INFO - Started process (PID=51429) to work on /opt/airflow/dags/gold_dag.py
[2025-11-07T13:21:43.144+0000] {processor.py:830} INFO - Processing file /opt/airflow/dags/gold_dag.py for tasks to queue
[2025-11-07T13:21:43.145+0000] {logging_mixin.py:188} INFO - [2025-11-07T13:21:43.144+0000] {dagbag.py:538} INFO - Filling up the DagBag from /opt/airflow/dags/gold_dag.py
[2025-11-07T13:21:43.165+0000] {processor.py:840} INFO - DAG(s) 'gold_layer_pipeline' retrieved from /opt/airflow/dags/gold_dag.py
[2025-11-07T13:21:43.210+0000] {logging_mixin.py:188} INFO - [2025-11-07T13:21:43.210+0000] {dag.py:3036} INFO - Sync 1 DAGs
[2025-11-07T13:21:43.268+0000] {processor.py:183} INFO - Processing /opt/airflow/dags/gold_dag.py took 0.130 seconds
[2025-11-07T13:22:14.137+0000] {processor.py:161} INFO - Started process (PID=51464) to work on /opt/airflow/dags/gold_dag.py
[2025-11-07T13:22:14.139+0000] {processor.py:830} INFO - Processing file /opt/airflow/dags/gold_dag.py for tasks to queue
[2025-11-07T13:22:14.140+0000] {logging_mixin.py:188} INFO - [2025-11-07T13:22:14.139+0000] {dagbag.py:538} INFO - Filling up the DagBag from /opt/airflow/dags/gold_dag.py
[2025-11-07T13:22:14.161+0000] {processor.py:840} INFO - DAG(s) 'gold_layer_pipeline' retrieved from /opt/airflow/dags/gold_dag.py
[2025-11-07T13:22:14.196+0000] {logging_mixin.py:188} INFO - [2025-11-07T13:22:14.195+0000] {dag.py:3036} INFO - Sync 1 DAGs
[2025-11-07T13:22:14.249+0000] {processor.py:183} INFO - Processing /opt/airflow/dags/gold_dag.py took 0.115 seconds
[2025-11-07T13:22:45.196+0000] {processor.py:161} INFO - Started process (PID=51499) to work on /opt/airflow/dags/gold_dag.py
[2025-11-07T13:22:45.197+0000] {processor.py:830} INFO - Processing file /opt/airflow/dags/gold_dag.py for tasks to queue
[2025-11-07T13:22:45.198+0000] {logging_mixin.py:188} INFO - [2025-11-07T13:22:45.198+0000] {dagbag.py:538} INFO - Filling up the DagBag from /opt/airflow/dags/gold_dag.py
[2025-11-07T13:22:45.219+0000] {processor.py:840} INFO - DAG(s) 'gold_layer_pipeline' retrieved from /opt/airflow/dags/gold_dag.py
[2025-11-07T13:22:45.250+0000] {logging_mixin.py:188} INFO - [2025-11-07T13:22:45.249+0000] {dag.py:3036} INFO - Sync 1 DAGs
[2025-11-07T13:22:45.305+0000] {processor.py:183} INFO - Processing /opt/airflow/dags/gold_dag.py took 0.112 seconds
[2025-11-07T13:23:16.127+0000] {processor.py:161} INFO - Started process (PID=51534) to work on /opt/airflow/dags/gold_dag.py
[2025-11-07T13:23:16.129+0000] {processor.py:830} INFO - Processing file /opt/airflow/dags/gold_dag.py for tasks to queue
[2025-11-07T13:23:16.130+0000] {logging_mixin.py:188} INFO - [2025-11-07T13:23:16.129+0000] {dagbag.py:538} INFO - Filling up the DagBag from /opt/airflow/dags/gold_dag.py
[2025-11-07T13:23:16.155+0000] {processor.py:840} INFO - DAG(s) 'gold_layer_pipeline' retrieved from /opt/airflow/dags/gold_dag.py
[2025-11-07T13:23:16.190+0000] {logging_mixin.py:188} INFO - [2025-11-07T13:23:16.190+0000] {dag.py:3036} INFO - Sync 1 DAGs
[2025-11-07T13:23:16.239+0000] {processor.py:183} INFO - Processing /opt/airflow/dags/gold_dag.py took 0.115 seconds
[2025-11-07T13:23:47.092+0000] {processor.py:161} INFO - Started process (PID=51569) to work on /opt/airflow/dags/gold_dag.py
[2025-11-07T13:23:47.093+0000] {processor.py:830} INFO - Processing file /opt/airflow/dags/gold_dag.py for tasks to queue
[2025-11-07T13:23:47.094+0000] {logging_mixin.py:188} INFO - [2025-11-07T13:23:47.094+0000] {dagbag.py:538} INFO - Filling up the DagBag from /opt/airflow/dags/gold_dag.py
[2025-11-07T13:23:47.118+0000] {processor.py:840} INFO - DAG(s) 'gold_layer_pipeline' retrieved from /opt/airflow/dags/gold_dag.py
[2025-11-07T13:23:47.153+0000] {logging_mixin.py:188} INFO - [2025-11-07T13:23:47.152+0000] {dag.py:3036} INFO - Sync 1 DAGs
[2025-11-07T13:23:47.201+0000] {processor.py:183} INFO - Processing /opt/airflow/dags/gold_dag.py took 0.112 seconds
[2025-11-07T13:24:18.138+0000] {processor.py:161} INFO - Started process (PID=51604) to work on /opt/airflow/dags/gold_dag.py
[2025-11-07T13:24:18.139+0000] {processor.py:830} INFO - Processing file /opt/airflow/dags/gold_dag.py for tasks to queue
[2025-11-07T13:24:18.140+0000] {logging_mixin.py:188} INFO - [2025-11-07T13:24:18.140+0000] {dagbag.py:538} INFO - Filling up the DagBag from /opt/airflow/dags/gold_dag.py
[2025-11-07T13:24:18.163+0000] {processor.py:840} INFO - DAG(s) 'gold_layer_pipeline' retrieved from /opt/airflow/dags/gold_dag.py
[2025-11-07T13:24:18.194+0000] {logging_mixin.py:188} INFO - [2025-11-07T13:24:18.194+0000] {dag.py:3036} INFO - Sync 1 DAGs
[2025-11-07T13:24:18.243+0000] {processor.py:183} INFO - Processing /opt/airflow/dags/gold_dag.py took 0.109 seconds
[2025-11-07T13:24:49.199+0000] {processor.py:161} INFO - Started process (PID=51639) to work on /opt/airflow/dags/gold_dag.py
[2025-11-07T13:24:49.200+0000] {processor.py:830} INFO - Processing file /opt/airflow/dags/gold_dag.py for tasks to queue
[2025-11-07T13:24:49.203+0000] {logging_mixin.py:188} INFO - [2025-11-07T13:24:49.202+0000] {dagbag.py:538} INFO - Filling up the DagBag from /opt/airflow/dags/gold_dag.py
[2025-11-07T13:24:49.241+0000] {processor.py:840} INFO - DAG(s) 'gold_layer_pipeline' retrieved from /opt/airflow/dags/gold_dag.py
[2025-11-07T13:24:49.280+0000] {logging_mixin.py:188} INFO - [2025-11-07T13:24:49.279+0000] {dag.py:3036} INFO - Sync 1 DAGs
[2025-11-07T13:24:49.341+0000] {processor.py:183} INFO - Processing /opt/airflow/dags/gold_dag.py took 0.146 seconds
[2025-11-07T13:25:20.304+0000] {processor.py:161} INFO - Started process (PID=51674) to work on /opt/airflow/dags/gold_dag.py
[2025-11-07T13:25:20.306+0000] {processor.py:830} INFO - Processing file /opt/airflow/dags/gold_dag.py for tasks to queue
[2025-11-07T13:25:20.308+0000] {logging_mixin.py:188} INFO - [2025-11-07T13:25:20.307+0000] {dagbag.py:538} INFO - Filling up the DagBag from /opt/airflow/dags/gold_dag.py
[2025-11-07T13:25:20.357+0000] {processor.py:840} INFO - DAG(s) 'gold_layer_pipeline' retrieved from /opt/airflow/dags/gold_dag.py
[2025-11-07T13:25:20.414+0000] {logging_mixin.py:188} INFO - [2025-11-07T13:25:20.414+0000] {dag.py:3036} INFO - Sync 1 DAGs
[2025-11-07T13:25:20.489+0000] {processor.py:183} INFO - Processing /opt/airflow/dags/gold_dag.py took 0.191 seconds
[2025-11-07T13:25:51.337+0000] {processor.py:161} INFO - Started process (PID=51709) to work on /opt/airflow/dags/gold_dag.py
[2025-11-07T13:25:51.339+0000] {processor.py:830} INFO - Processing file /opt/airflow/dags/gold_dag.py for tasks to queue
[2025-11-07T13:25:51.340+0000] {logging_mixin.py:188} INFO - [2025-11-07T13:25:51.340+0000] {dagbag.py:538} INFO - Filling up the DagBag from /opt/airflow/dags/gold_dag.py
[2025-11-07T13:25:51.375+0000] {processor.py:840} INFO - DAG(s) 'gold_layer_pipeline' retrieved from /opt/airflow/dags/gold_dag.py
[2025-11-07T13:25:51.418+0000] {logging_mixin.py:188} INFO - [2025-11-07T13:25:51.418+0000] {dag.py:3036} INFO - Sync 1 DAGs
[2025-11-07T13:25:51.477+0000] {processor.py:183} INFO - Processing /opt/airflow/dags/gold_dag.py took 0.144 seconds
[2025-11-07T13:26:21.721+0000] {processor.py:161} INFO - Started process (PID=51744) to work on /opt/airflow/dags/gold_dag.py
[2025-11-07T13:26:21.723+0000] {processor.py:830} INFO - Processing file /opt/airflow/dags/gold_dag.py for tasks to queue
[2025-11-07T13:26:21.724+0000] {logging_mixin.py:188} INFO - [2025-11-07T13:26:21.724+0000] {dagbag.py:538} INFO - Filling up the DagBag from /opt/airflow/dags/gold_dag.py
[2025-11-07T13:26:21.745+0000] {processor.py:840} INFO - DAG(s) 'gold_layer_pipeline' retrieved from /opt/airflow/dags/gold_dag.py
[2025-11-07T13:26:21.779+0000] {logging_mixin.py:188} INFO - [2025-11-07T13:26:21.779+0000] {dag.py:3036} INFO - Sync 1 DAGs
[2025-11-07T13:26:21.832+0000] {processor.py:183} INFO - Processing /opt/airflow/dags/gold_dag.py took 0.115 seconds
[2025-11-07T13:26:52.779+0000] {processor.py:161} INFO - Started process (PID=51779) to work on /opt/airflow/dags/gold_dag.py
[2025-11-07T13:26:52.781+0000] {processor.py:830} INFO - Processing file /opt/airflow/dags/gold_dag.py for tasks to queue
[2025-11-07T13:26:52.783+0000] {logging_mixin.py:188} INFO - [2025-11-07T13:26:52.782+0000] {dagbag.py:538} INFO - Filling up the DagBag from /opt/airflow/dags/gold_dag.py
[2025-11-07T13:26:52.804+0000] {processor.py:840} INFO - DAG(s) 'gold_layer_pipeline' retrieved from /opt/airflow/dags/gold_dag.py
[2025-11-07T13:26:52.839+0000] {logging_mixin.py:188} INFO - [2025-11-07T13:26:52.839+0000] {dag.py:3036} INFO - Sync 1 DAGs
[2025-11-07T13:26:52.902+0000] {processor.py:183} INFO - Processing /opt/airflow/dags/gold_dag.py took 0.126 seconds
[2025-11-07T13:27:23.790+0000] {processor.py:161} INFO - Started process (PID=51814) to work on /opt/airflow/dags/gold_dag.py
[2025-11-07T13:27:23.792+0000] {processor.py:830} INFO - Processing file /opt/airflow/dags/gold_dag.py for tasks to queue
[2025-11-07T13:27:23.794+0000] {logging_mixin.py:188} INFO - [2025-11-07T13:27:23.793+0000] {dagbag.py:538} INFO - Filling up the DagBag from /opt/airflow/dags/gold_dag.py
[2025-11-07T13:27:23.827+0000] {processor.py:840} INFO - DAG(s) 'gold_layer_pipeline' retrieved from /opt/airflow/dags/gold_dag.py
[2025-11-07T13:27:23.866+0000] {logging_mixin.py:188} INFO - [2025-11-07T13:27:23.865+0000] {dag.py:3036} INFO - Sync 1 DAGs
[2025-11-07T13:27:23.919+0000] {processor.py:183} INFO - Processing /opt/airflow/dags/gold_dag.py took 0.132 seconds
[2025-11-07T13:27:54.698+0000] {processor.py:161} INFO - Started process (PID=51849) to work on /opt/airflow/dags/gold_dag.py
[2025-11-07T13:27:54.699+0000] {processor.py:830} INFO - Processing file /opt/airflow/dags/gold_dag.py for tasks to queue
[2025-11-07T13:27:54.701+0000] {logging_mixin.py:188} INFO - [2025-11-07T13:27:54.700+0000] {dagbag.py:538} INFO - Filling up the DagBag from /opt/airflow/dags/gold_dag.py
[2025-11-07T13:27:54.728+0000] {processor.py:840} INFO - DAG(s) 'gold_layer_pipeline' retrieved from /opt/airflow/dags/gold_dag.py
[2025-11-07T13:27:54.772+0000] {logging_mixin.py:188} INFO - [2025-11-07T13:27:54.771+0000] {dag.py:3036} INFO - Sync 1 DAGs
[2025-11-07T13:27:54.831+0000] {processor.py:183} INFO - Processing /opt/airflow/dags/gold_dag.py took 0.137 seconds
[2025-11-07T13:28:25.072+0000] {processor.py:161} INFO - Started process (PID=51884) to work on /opt/airflow/dags/gold_dag.py
[2025-11-07T13:28:25.073+0000] {processor.py:830} INFO - Processing file /opt/airflow/dags/gold_dag.py for tasks to queue
[2025-11-07T13:28:25.075+0000] {logging_mixin.py:188} INFO - [2025-11-07T13:28:25.075+0000] {dagbag.py:538} INFO - Filling up the DagBag from /opt/airflow/dags/gold_dag.py
[2025-11-07T13:28:25.105+0000] {processor.py:840} INFO - DAG(s) 'gold_layer_pipeline' retrieved from /opt/airflow/dags/gold_dag.py
[2025-11-07T13:28:25.138+0000] {logging_mixin.py:188} INFO - [2025-11-07T13:28:25.138+0000] {dag.py:3036} INFO - Sync 1 DAGs
[2025-11-07T13:28:25.193+0000] {processor.py:183} INFO - Processing /opt/airflow/dags/gold_dag.py took 0.125 seconds
[2025-11-07T13:28:55.299+0000] {processor.py:161} INFO - Started process (PID=51919) to work on /opt/airflow/dags/gold_dag.py
[2025-11-07T13:28:55.300+0000] {processor.py:830} INFO - Processing file /opt/airflow/dags/gold_dag.py for tasks to queue
[2025-11-07T13:28:55.301+0000] {logging_mixin.py:188} INFO - [2025-11-07T13:28:55.301+0000] {dagbag.py:538} INFO - Filling up the DagBag from /opt/airflow/dags/gold_dag.py
[2025-11-07T13:28:55.326+0000] {processor.py:840} INFO - DAG(s) 'gold_layer_pipeline' retrieved from /opt/airflow/dags/gold_dag.py
[2025-11-07T13:28:55.363+0000] {logging_mixin.py:188} INFO - [2025-11-07T13:28:55.363+0000] {dag.py:3036} INFO - Sync 1 DAGs
[2025-11-07T13:28:55.537+0000] {processor.py:183} INFO - Processing /opt/airflow/dags/gold_dag.py took 0.242 seconds
[2025-11-07T13:29:25.833+0000] {processor.py:161} INFO - Started process (PID=51954) to work on /opt/airflow/dags/gold_dag.py
[2025-11-07T13:29:25.835+0000] {processor.py:830} INFO - Processing file /opt/airflow/dags/gold_dag.py for tasks to queue
[2025-11-07T13:29:25.837+0000] {logging_mixin.py:188} INFO - [2025-11-07T13:29:25.836+0000] {dagbag.py:538} INFO - Filling up the DagBag from /opt/airflow/dags/gold_dag.py
[2025-11-07T13:29:25.869+0000] {processor.py:840} INFO - DAG(s) 'gold_layer_pipeline' retrieved from /opt/airflow/dags/gold_dag.py
[2025-11-07T13:29:25.917+0000] {logging_mixin.py:188} INFO - [2025-11-07T13:29:25.916+0000] {dag.py:3036} INFO - Sync 1 DAGs
[2025-11-07T13:29:25.976+0000] {processor.py:183} INFO - Processing /opt/airflow/dags/gold_dag.py took 0.149 seconds
[2025-11-07T13:29:56.062+0000] {processor.py:161} INFO - Started process (PID=51989) to work on /opt/airflow/dags/gold_dag.py
[2025-11-07T13:29:56.064+0000] {processor.py:830} INFO - Processing file /opt/airflow/dags/gold_dag.py for tasks to queue
[2025-11-07T13:29:56.065+0000] {logging_mixin.py:188} INFO - [2025-11-07T13:29:56.065+0000] {dagbag.py:538} INFO - Filling up the DagBag from /opt/airflow/dags/gold_dag.py
[2025-11-07T13:29:56.095+0000] {processor.py:840} INFO - DAG(s) 'gold_layer_pipeline' retrieved from /opt/airflow/dags/gold_dag.py
[2025-11-07T13:29:56.130+0000] {logging_mixin.py:188} INFO - [2025-11-07T13:29:56.129+0000] {dag.py:3036} INFO - Sync 1 DAGs
[2025-11-07T13:29:56.188+0000] {processor.py:183} INFO - Processing /opt/airflow/dags/gold_dag.py took 0.131 seconds
[2025-11-07T13:30:26.630+0000] {processor.py:161} INFO - Started process (PID=52024) to work on /opt/airflow/dags/gold_dag.py
[2025-11-07T13:30:26.632+0000] {processor.py:830} INFO - Processing file /opt/airflow/dags/gold_dag.py for tasks to queue
[2025-11-07T13:30:26.633+0000] {logging_mixin.py:188} INFO - [2025-11-07T13:30:26.633+0000] {dagbag.py:538} INFO - Filling up the DagBag from /opt/airflow/dags/gold_dag.py
[2025-11-07T13:30:26.663+0000] {processor.py:840} INFO - DAG(s) 'gold_layer_pipeline' retrieved from /opt/airflow/dags/gold_dag.py
[2025-11-07T13:30:26.705+0000] {logging_mixin.py:188} INFO - [2025-11-07T13:30:26.705+0000] {dag.py:3036} INFO - Sync 1 DAGs
[2025-11-07T13:30:26.752+0000] {processor.py:183} INFO - Processing /opt/airflow/dags/gold_dag.py took 0.126 seconds
[2025-11-07T13:30:57.127+0000] {processor.py:161} INFO - Started process (PID=52059) to work on /opt/airflow/dags/gold_dag.py
[2025-11-07T13:30:57.129+0000] {processor.py:830} INFO - Processing file /opt/airflow/dags/gold_dag.py for tasks to queue
[2025-11-07T13:30:57.130+0000] {logging_mixin.py:188} INFO - [2025-11-07T13:30:57.130+0000] {dagbag.py:538} INFO - Filling up the DagBag from /opt/airflow/dags/gold_dag.py
[2025-11-07T13:30:57.154+0000] {processor.py:840} INFO - DAG(s) 'gold_layer_pipeline' retrieved from /opt/airflow/dags/gold_dag.py
[2025-11-07T13:30:57.186+0000] {logging_mixin.py:188} INFO - [2025-11-07T13:30:57.186+0000] {dag.py:3036} INFO - Sync 1 DAGs
[2025-11-07T13:30:57.242+0000] {processor.py:183} INFO - Processing /opt/airflow/dags/gold_dag.py took 0.119 seconds
[2025-11-07T13:31:27.301+0000] {processor.py:161} INFO - Started process (PID=52094) to work on /opt/airflow/dags/gold_dag.py
[2025-11-07T13:31:27.303+0000] {processor.py:830} INFO - Processing file /opt/airflow/dags/gold_dag.py for tasks to queue
[2025-11-07T13:31:27.304+0000] {logging_mixin.py:188} INFO - [2025-11-07T13:31:27.304+0000] {dagbag.py:538} INFO - Filling up the DagBag from /opt/airflow/dags/gold_dag.py
[2025-11-07T13:31:27.327+0000] {processor.py:840} INFO - DAG(s) 'gold_layer_pipeline' retrieved from /opt/airflow/dags/gold_dag.py
[2025-11-07T13:31:27.361+0000] {logging_mixin.py:188} INFO - [2025-11-07T13:31:27.361+0000] {dag.py:3036} INFO - Sync 1 DAGs
[2025-11-07T13:31:27.433+0000] {processor.py:183} INFO - Processing /opt/airflow/dags/gold_dag.py took 0.136 seconds
[2025-11-07T13:31:57.638+0000] {processor.py:161} INFO - Started process (PID=52129) to work on /opt/airflow/dags/gold_dag.py
[2025-11-07T13:31:57.640+0000] {processor.py:830} INFO - Processing file /opt/airflow/dags/gold_dag.py for tasks to queue
[2025-11-07T13:31:57.641+0000] {logging_mixin.py:188} INFO - [2025-11-07T13:31:57.641+0000] {dagbag.py:538} INFO - Filling up the DagBag from /opt/airflow/dags/gold_dag.py
[2025-11-07T13:31:57.666+0000] {processor.py:840} INFO - DAG(s) 'gold_layer_pipeline' retrieved from /opt/airflow/dags/gold_dag.py
[2025-11-07T13:31:57.966+0000] {logging_mixin.py:188} INFO - [2025-11-07T13:31:57.965+0000] {dag.py:3036} INFO - Sync 1 DAGs
[2025-11-07T13:31:58.019+0000] {processor.py:183} INFO - Processing /opt/airflow/dags/gold_dag.py took 0.385 seconds
[2025-11-07T17:21:34.131+0000] {processor.py:161} INFO - Started process (PID=52166) to work on /opt/airflow/dags/gold_dag.py
[2025-11-07T17:21:34.140+0000] {processor.py:830} INFO - Processing file /opt/airflow/dags/gold_dag.py for tasks to queue
[2025-11-07T17:21:34.156+0000] {logging_mixin.py:188} INFO - [2025-11-07T17:21:34.155+0000] {dagbag.py:538} INFO - Filling up the DagBag from /opt/airflow/dags/gold_dag.py
[2025-11-07T17:21:34.526+0000] {processor.py:840} INFO - DAG(s) 'gold_layer_pipeline' retrieved from /opt/airflow/dags/gold_dag.py
[2025-11-07T17:21:34.621+0000] {logging_mixin.py:188} INFO - [2025-11-07T17:21:34.621+0000] {dag.py:3036} INFO - Sync 1 DAGs
[2025-11-07T17:21:34.738+0000] {processor.py:183} INFO - Processing /opt/airflow/dags/gold_dag.py took 0.628 seconds
[2025-11-07T19:58:35.875+0000] {processor.py:161} INFO - Started process (PID=52205) to work on /opt/airflow/dags/gold_dag.py
[2025-11-07T19:58:35.890+0000] {processor.py:830} INFO - Processing file /opt/airflow/dags/gold_dag.py for tasks to queue
[2025-11-07T19:58:35.897+0000] {logging_mixin.py:188} INFO - [2025-11-07T19:58:35.896+0000] {dagbag.py:538} INFO - Filling up the DagBag from /opt/airflow/dags/gold_dag.py
[2025-11-07T19:58:35.999+0000] {processor.py:840} INFO - DAG(s) 'gold_layer_pipeline' retrieved from /opt/airflow/dags/gold_dag.py
[2025-11-07T19:58:36.146+0000] {logging_mixin.py:188} INFO - [2025-11-07T19:58:36.136+0000] {dag.py:3036} INFO - Sync 1 DAGs
[2025-11-07T19:58:36.343+0000] {processor.py:183} INFO - Processing /opt/airflow/dags/gold_dag.py took 0.475 seconds
[2025-11-07T23:08:33.370+0000] {processor.py:161} INFO - Started process (PID=52242) to work on /opt/airflow/dags/gold_dag.py
[2025-11-07T23:08:33.372+0000] {processor.py:830} INFO - Processing file /opt/airflow/dags/gold_dag.py for tasks to queue
[2025-11-07T23:08:33.383+0000] {logging_mixin.py:188} INFO - [2025-11-07T23:08:33.382+0000] {dagbag.py:538} INFO - Filling up the DagBag from /opt/airflow/dags/gold_dag.py
[2025-11-07T23:08:33.452+0000] {processor.py:840} INFO - DAG(s) 'gold_layer_pipeline' retrieved from /opt/airflow/dags/gold_dag.py
[2025-11-07T23:08:33.554+0000] {logging_mixin.py:188} INFO - [2025-11-07T23:08:33.554+0000] {dag.py:3036} INFO - Sync 1 DAGs
[2025-11-07T23:08:33.743+0000] {processor.py:183} INFO - Processing /opt/airflow/dags/gold_dag.py took 0.381 seconds
