[2025-11-01T20:07:04.158+0000] {taskinstance.py:1956} INFO - Dependencies all met for dep_context=non-requeueable deps ti=<TaskInstance: ingestion_pipeline.load_link_transactions_to_mongo scheduled__2025-10-24T00:00:00+00:00 [queued]>
[2025-11-01T20:07:04.218+0000] {taskinstance.py:1956} INFO - Dependencies all met for dep_context=requeueable deps ti=<TaskInstance: ingestion_pipeline.load_link_transactions_to_mongo scheduled__2025-10-24T00:00:00+00:00 [queued]>
[2025-11-01T20:07:04.220+0000] {taskinstance.py:2170} INFO - Starting attempt 1 of 2
[2025-11-01T20:07:04.347+0000] {taskinstance.py:2191} INFO - Executing <Task(PythonOperator): load_link_transactions_to_mongo> on 2025-10-24 00:00:00+00:00
[2025-11-01T20:07:04.364+0000] {standard_task_runner.py:60} INFO - Started process 668 to run task
[2025-11-01T20:07:04.401+0000] {standard_task_runner.py:87} INFO - Running: ['***', 'tasks', 'run', 'ingestion_pipeline', 'load_link_transactions_to_mongo', 'scheduled__2025-10-24T00:00:00+00:00', '--job-id', '89', '--raw', '--subdir', 'DAGS_FOLDER/ingestion_dag.py', '--cfg-path', '/tmp/tmp10qfh5x_']
[2025-11-01T20:07:04.430+0000] {standard_task_runner.py:88} INFO - Job 89: Subtask load_link_transactions_to_mongo
[2025-11-01T20:07:04.745+0000] {task_command.py:423} INFO - Running <TaskInstance: ingestion_pipeline.load_link_transactions_to_mongo scheduled__2025-10-24T00:00:00+00:00 [running]> on host 1a955fda0cfd
[2025-11-01T20:07:05.342+0000] {taskinstance.py:2480} INFO - Exporting env vars: AIRFLOW_CTX_DAG_OWNER='***' AIRFLOW_CTX_DAG_ID='ingestion_pipeline' AIRFLOW_CTX_TASK_ID='load_link_transactions_to_mongo' AIRFLOW_CTX_EXECUTION_DATE='2025-10-24T00:00:00+00:00' AIRFLOW_CTX_TRY_NUMBER='1' AIRFLOW_CTX_DAG_RUN_ID='scheduled__2025-10-24T00:00:00+00:00'
[2025-11-01T20:07:08.722+0000] {mongo_ingestion.py:59} INFO - [mongo/link_tx] Target CSV: /tmp/data/link_transactions/link_transactions-20251024.csv
[2025-11-01T20:07:08.737+0000] {mongo_ingestion.py:62} INFO - [mongo/link_tx] Directory listing: ['link_transactions-20251001.csv', 'link_transactions-20251002.csv', 'link_transactions-20251003.csv', 'link_transactions-20251004.csv']
[2025-11-01T20:07:08.740+0000] {crypto.py:82} WARNING - empty cryptography key - values will not be stored encrypted.
[2025-11-01T20:07:08.747+0000] {base.py:83} INFO - Using connection ID 'mongo_default' for task execution.
[2025-11-01T20:07:08.970+0000] {mongo_ingestion.py:80} WARNING - [mongo/link_tx] File not found; indexes ensured; skipping.
[2025-11-01T20:07:08.982+0000] {mongo_ingestion.py:154} INFO - [mongo/link_tx] MongoDB connection closed.
[2025-11-01T20:07:08.989+0000] {python.py:201} INFO - Done. Returned value was: None
[2025-11-01T20:07:09.084+0000] {taskinstance.py:1138} INFO - Marking task as SUCCESS. dag_id=ingestion_pipeline, task_id=load_link_transactions_to_mongo, execution_date=20251024T000000, start_date=20251101T200704, end_date=20251101T200709
[2025-11-01T20:07:10.100+0000] {local_task_job_runner.py:234} INFO - Task exited with return code 0
[2025-11-01T20:07:10.238+0000] {taskinstance.py:3280} INFO - 1 downstream tasks scheduled from follow-on schedule check
[2025-11-01T20:18:32.273+0000] {taskinstance.py:1956} INFO - Dependencies all met for dep_context=non-requeueable deps ti=<TaskInstance: ingestion_pipeline.load_link_transactions_to_mongo scheduled__2025-10-24T00:00:00+00:00 [queued]>
[2025-11-01T20:18:32.336+0000] {taskinstance.py:1956} INFO - Dependencies all met for dep_context=requeueable deps ti=<TaskInstance: ingestion_pipeline.load_link_transactions_to_mongo scheduled__2025-10-24T00:00:00+00:00 [queued]>
[2025-11-01T20:18:32.340+0000] {taskinstance.py:2170} INFO - Starting attempt 1 of 2
[2025-11-01T20:18:32.464+0000] {taskinstance.py:2191} INFO - Executing <Task(PythonOperator): load_link_transactions_to_mongo> on 2025-10-24 00:00:00+00:00
[2025-11-01T20:18:32.498+0000] {standard_task_runner.py:60} INFO - Started process 701 to run task
[2025-11-01T20:18:32.520+0000] {standard_task_runner.py:87} INFO - Running: ['***', 'tasks', 'run', 'ingestion_pipeline', 'load_link_transactions_to_mongo', 'scheduled__2025-10-24T00:00:00+00:00', '--job-id', '92', '--raw', '--subdir', 'DAGS_FOLDER/ingestion_dag.py', '--cfg-path', '/tmp/tmpih7pohd3']
[2025-11-01T20:18:32.525+0000] {standard_task_runner.py:88} INFO - Job 92: Subtask load_link_transactions_to_mongo
[2025-11-01T20:18:32.749+0000] {task_command.py:423} INFO - Running <TaskInstance: ingestion_pipeline.load_link_transactions_to_mongo scheduled__2025-10-24T00:00:00+00:00 [running]> on host 6335aa85b335
[2025-11-01T20:18:33.103+0000] {taskinstance.py:2480} INFO - Exporting env vars: AIRFLOW_CTX_DAG_OWNER='***' AIRFLOW_CTX_DAG_ID='ingestion_pipeline' AIRFLOW_CTX_TASK_ID='load_link_transactions_to_mongo' AIRFLOW_CTX_EXECUTION_DATE='2025-10-24T00:00:00+00:00' AIRFLOW_CTX_TRY_NUMBER='1' AIRFLOW_CTX_DAG_RUN_ID='scheduled__2025-10-24T00:00:00+00:00'
[2025-11-01T20:18:36.115+0000] {mongo_ingestion.py:59} INFO - [mongo/link_tx] Target CSV: /tmp/data/link_transactions/link_transactions-20251024.csv
[2025-11-01T20:18:36.124+0000] {mongo_ingestion.py:62} INFO - [mongo/link_tx] Directory listing: ['link_transactions-20251001.csv', 'link_transactions-20251002.csv', 'link_transactions-20251003.csv', 'link_transactions-20251004.csv']
[2025-11-01T20:18:36.127+0000] {crypto.py:82} WARNING - empty cryptography key - values will not be stored encrypted.
[2025-11-01T20:18:36.133+0000] {base.py:83} INFO - Using connection ID 'mongo_default' for task execution.
[2025-11-01T20:18:36.276+0000] {mongo_ingestion.py:80} WARNING - [mongo/link_tx] File not found; indexes ensured; skipping.
[2025-11-01T20:18:36.280+0000] {mongo_ingestion.py:154} INFO - [mongo/link_tx] MongoDB connection closed.
[2025-11-01T20:18:36.284+0000] {python.py:201} INFO - Done. Returned value was: None
[2025-11-01T20:18:36.330+0000] {taskinstance.py:1138} INFO - Marking task as SUCCESS. dag_id=ingestion_pipeline, task_id=load_link_transactions_to_mongo, execution_date=20251024T000000, start_date=20251101T201832, end_date=20251101T201836
[2025-11-01T20:18:36.515+0000] {local_task_job_runner.py:234} INFO - Task exited with return code 0
[2025-11-01T20:18:36.681+0000] {taskinstance.py:3280} INFO - 1 downstream tasks scheduled from follow-on schedule check
[2025-11-02T01:29:49.867+0000] {taskinstance.py:1956} INFO - Dependencies all met for dep_context=non-requeueable deps ti=<TaskInstance: ingestion_pipeline.load_link_transactions_to_mongo scheduled__2025-10-24T00:00:00+00:00 [queued]>
[2025-11-02T01:29:49.937+0000] {taskinstance.py:1956} INFO - Dependencies all met for dep_context=requeueable deps ti=<TaskInstance: ingestion_pipeline.load_link_transactions_to_mongo scheduled__2025-10-24T00:00:00+00:00 [queued]>
[2025-11-02T01:29:49.938+0000] {taskinstance.py:2170} INFO - Starting attempt 1 of 2
[2025-11-02T01:29:50.100+0000] {taskinstance.py:2191} INFO - Executing <Task(PythonOperator): load_link_transactions_to_mongo> on 2025-10-24 00:00:00+00:00
[2025-11-02T01:29:50.151+0000] {standard_task_runner.py:60} INFO - Started process 830 to run task
[2025-11-02T01:29:50.205+0000] {standard_task_runner.py:87} INFO - Running: ['***', 'tasks', 'run', 'ingestion_pipeline', 'load_link_transactions_to_mongo', 'scheduled__2025-10-24T00:00:00+00:00', '--job-id', '84', '--raw', '--subdir', 'DAGS_FOLDER/ingestion_dag.py', '--cfg-path', '/tmp/tmp5l1dph26']
[2025-11-02T01:29:50.236+0000] {standard_task_runner.py:88} INFO - Job 84: Subtask load_link_transactions_to_mongo
[2025-11-02T01:29:50.552+0000] {task_command.py:423} INFO - Running <TaskInstance: ingestion_pipeline.load_link_transactions_to_mongo scheduled__2025-10-24T00:00:00+00:00 [running]> on host 3b0074fa0b5e
[2025-11-02T01:29:51.028+0000] {taskinstance.py:2480} INFO - Exporting env vars: AIRFLOW_CTX_DAG_OWNER='***' AIRFLOW_CTX_DAG_ID='ingestion_pipeline' AIRFLOW_CTX_TASK_ID='load_link_transactions_to_mongo' AIRFLOW_CTX_EXECUTION_DATE='2025-10-24T00:00:00+00:00' AIRFLOW_CTX_TRY_NUMBER='1' AIRFLOW_CTX_DAG_RUN_ID='scheduled__2025-10-24T00:00:00+00:00'
[2025-11-02T01:29:55.949+0000] {mongo_ingestion.py:59} INFO - [mongo/link_tx] Target CSV: /tmp/data/link_transactions/link_transactions-20251024.csv
[2025-11-02T01:29:56.003+0000] {mongo_ingestion.py:62} INFO - [mongo/link_tx] Directory listing: ['link_transactions-20251001.csv', 'link_transactions-20251002.csv', 'link_transactions-20251003.csv', 'link_transactions-20251004.csv']
[2025-11-02T01:29:56.007+0000] {crypto.py:82} WARNING - empty cryptography key - values will not be stored encrypted.
[2025-11-02T01:29:56.029+0000] {base.py:83} INFO - Using connection ID 'mongo_default' for task execution.
[2025-11-02T01:29:56.215+0000] {mongo_ingestion.py:80} WARNING - [mongo/link_tx] File not found; indexes ensured; skipping.
[2025-11-02T01:29:56.219+0000] {mongo_ingestion.py:154} INFO - [mongo/link_tx] MongoDB connection closed.
[2025-11-02T01:29:56.222+0000] {python.py:201} INFO - Done. Returned value was: None
[2025-11-02T01:29:56.267+0000] {taskinstance.py:1138} INFO - Marking task as SUCCESS. dag_id=ingestion_pipeline, task_id=load_link_transactions_to_mongo, execution_date=20251024T000000, start_date=20251102T012949, end_date=20251102T012956
[2025-11-02T01:29:57.861+0000] {local_task_job_runner.py:234} INFO - Task exited with return code 0
[2025-11-02T01:29:58.133+0000] {taskinstance.py:3280} INFO - 1 downstream tasks scheduled from follow-on schedule check
[2025-11-02T11:27:56.056+0000] {taskinstance.py:1956} INFO - Dependencies all met for dep_context=non-requeueable deps ti=<TaskInstance: ingestion_pipeline.load_link_transactions_to_mongo scheduled__2025-10-24T00:00:00+00:00 [queued]>
[2025-11-02T11:27:56.092+0000] {taskinstance.py:1956} INFO - Dependencies all met for dep_context=requeueable deps ti=<TaskInstance: ingestion_pipeline.load_link_transactions_to_mongo scheduled__2025-10-24T00:00:00+00:00 [queued]>
[2025-11-02T11:27:56.096+0000] {taskinstance.py:2170} INFO - Starting attempt 1 of 2
[2025-11-02T11:27:56.170+0000] {taskinstance.py:2191} INFO - Executing <Task(PythonOperator): load_link_transactions_to_mongo> on 2025-10-24 00:00:00+00:00
[2025-11-02T11:27:56.190+0000] {standard_task_runner.py:60} INFO - Started process 983 to run task
[2025-11-02T11:27:56.203+0000] {standard_task_runner.py:87} INFO - Running: ['***', 'tasks', 'run', 'ingestion_pipeline', 'load_link_transactions_to_mongo', 'scheduled__2025-10-24T00:00:00+00:00', '--job-id', '96', '--raw', '--subdir', 'DAGS_FOLDER/ingestion_dag.py', '--cfg-path', '/tmp/tmpkz414eyj']
[2025-11-02T11:27:56.216+0000] {standard_task_runner.py:88} INFO - Job 96: Subtask load_link_transactions_to_mongo
[2025-11-02T11:27:56.507+0000] {task_command.py:423} INFO - Running <TaskInstance: ingestion_pipeline.load_link_transactions_to_mongo scheduled__2025-10-24T00:00:00+00:00 [running]> on host 0d39d4365eb9
[2025-11-02T11:27:56.888+0000] {taskinstance.py:2480} INFO - Exporting env vars: AIRFLOW_CTX_DAG_OWNER='***' AIRFLOW_CTX_DAG_ID='ingestion_pipeline' AIRFLOW_CTX_TASK_ID='load_link_transactions_to_mongo' AIRFLOW_CTX_EXECUTION_DATE='2025-10-24T00:00:00+00:00' AIRFLOW_CTX_TRY_NUMBER='1' AIRFLOW_CTX_DAG_RUN_ID='scheduled__2025-10-24T00:00:00+00:00'
[2025-11-02T11:27:58.407+0000] {mongo_ingestion.py:59} INFO - [mongo/link_tx] Target CSV: /tmp/data/link_transactions/link_transactions-20251024.csv
[2025-11-02T11:27:58.419+0000] {mongo_ingestion.py:62} INFO - [mongo/link_tx] Directory listing: ['link_transactions-20251001.csv', 'link_transactions-20251002.csv', 'link_transactions-20251003.csv', 'link_transactions-20251004.csv']
[2025-11-02T11:27:58.422+0000] {crypto.py:82} WARNING - empty cryptography key - values will not be stored encrypted.
[2025-11-02T11:27:58.424+0000] {base.py:83} INFO - Using connection ID 'mongo_default' for task execution.
[2025-11-02T11:27:58.508+0000] {mongo_ingestion.py:80} WARNING - [mongo/link_tx] File not found; indexes ensured; skipping.
[2025-11-02T11:27:58.511+0000] {mongo_ingestion.py:154} INFO - [mongo/link_tx] MongoDB connection closed.
[2025-11-02T11:27:58.512+0000] {python.py:201} INFO - Done. Returned value was: None
[2025-11-02T11:27:58.555+0000] {taskinstance.py:1138} INFO - Marking task as SUCCESS. dag_id=ingestion_pipeline, task_id=load_link_transactions_to_mongo, execution_date=20251024T000000, start_date=20251102T112756, end_date=20251102T112758
[2025-11-02T11:27:58.694+0000] {local_task_job_runner.py:234} INFO - Task exited with return code 0
[2025-11-02T11:27:58.758+0000] {taskinstance.py:3280} INFO - 1 downstream tasks scheduled from follow-on schedule check
