[2025-11-02T00:44:38.421+0000] {taskinstance.py:1956} INFO - Dependencies all met for dep_context=non-requeueable deps ti=<TaskInstance: gold_dimensions_pipeline.dbt_dim_date scheduled__2025-10-31T00:00:00+00:00 [queued]>
[2025-11-02T00:44:38.440+0000] {taskinstance.py:1956} INFO - Dependencies all met for dep_context=requeueable deps ti=<TaskInstance: gold_dimensions_pipeline.dbt_dim_date scheduled__2025-10-31T00:00:00+00:00 [queued]>
[2025-11-02T00:44:38.441+0000] {taskinstance.py:2170} INFO - Starting attempt 1 of 2
[2025-11-02T00:44:38.463+0000] {taskinstance.py:2191} INFO - Executing <Task(PythonOperator): dbt_dim_date> on 2025-10-31 00:00:00+00:00
[2025-11-02T00:44:38.475+0000] {standard_task_runner.py:60} INFO - Started process 17063 to run task
[2025-11-02T00:44:38.480+0000] {standard_task_runner.py:87} INFO - Running: ['***', 'tasks', 'run', 'gold_dimensions_pipeline', 'dbt_dim_date', 'scheduled__2025-10-31T00:00:00+00:00', '--job-id', '435', '--raw', '--subdir', 'DAGS_FOLDER/gold_dag.py', '--cfg-path', '/tmp/tmp7igds_9k']
[2025-11-02T00:44:38.485+0000] {standard_task_runner.py:88} INFO - Job 435: Subtask dbt_dim_date
[2025-11-02T00:44:38.603+0000] {task_command.py:423} INFO - Running <TaskInstance: gold_dimensions_pipeline.dbt_dim_date scheduled__2025-10-31T00:00:00+00:00 [running]> on host 6335aa85b335
[2025-11-02T00:44:38.766+0000] {taskinstance.py:2480} INFO - Exporting env vars: AIRFLOW_CTX_DAG_OWNER='***' AIRFLOW_CTX_DAG_ID='gold_dimensions_pipeline' AIRFLOW_CTX_TASK_ID='dbt_dim_date' AIRFLOW_CTX_EXECUTION_DATE='2025-10-31T00:00:00+00:00' AIRFLOW_CTX_TRY_NUMBER='1' AIRFLOW_CTX_DAG_RUN_ID='scheduled__2025-10-31T00:00:00+00:00'
[2025-11-02T00:44:48.574+0000] {python.py:201} INFO - Done. Returned value was: None
[2025-11-02T00:44:48.599+0000] {taskinstance.py:1138} INFO - Marking task as SUCCESS. dag_id=gold_dimensions_pipeline, task_id=dbt_dim_date, execution_date=20251031T000000, start_date=20251102T004438, end_date=20251102T004448
[2025-11-02T00:44:48.660+0000] {local_task_job_runner.py:234} INFO - Task exited with return code 0
[2025-11-02T00:44:48.691+0000] {taskinstance.py:3280} INFO - 0 downstream tasks scheduled from follow-on schedule check
[2025-11-02T11:58:42.816+0000] {taskinstance.py:1956} INFO - Dependencies all met for dep_context=non-requeueable deps ti=<TaskInstance: gold_dimensions_pipeline.dbt_dim_date scheduled__2025-10-31T00:00:00+00:00 [queued]>
[2025-11-02T11:58:42.833+0000] {taskinstance.py:1956} INFO - Dependencies all met for dep_context=requeueable deps ti=<TaskInstance: gold_dimensions_pipeline.dbt_dim_date scheduled__2025-10-31T00:00:00+00:00 [queued]>
[2025-11-02T11:58:42.834+0000] {taskinstance.py:2170} INFO - Starting attempt 1 of 3
[2025-11-02T11:58:42.861+0000] {taskinstance.py:2191} INFO - Executing <Task(PythonOperator): dbt_dim_date> on 2025-10-31 00:00:00+00:00
[2025-11-02T11:58:42.867+0000] {standard_task_runner.py:60} INFO - Started process 6600 to run task
[2025-11-02T11:58:42.871+0000] {standard_task_runner.py:87} INFO - Running: ['***', 'tasks', 'run', 'gold_dimensions_pipeline', 'dbt_dim_date', 'scheduled__2025-10-31T00:00:00+00:00', '--job-id', '392', '--raw', '--subdir', 'DAGS_FOLDER/gold_dag.py', '--cfg-path', '/tmp/tmpd097ad3d']
[2025-11-02T11:58:42.874+0000] {standard_task_runner.py:88} INFO - Job 392: Subtask dbt_dim_date
[2025-11-02T11:58:42.972+0000] {task_command.py:423} INFO - Running <TaskInstance: gold_dimensions_pipeline.dbt_dim_date scheduled__2025-10-31T00:00:00+00:00 [running]> on host 0d39d4365eb9
[2025-11-02T11:58:43.088+0000] {taskinstance.py:2480} INFO - Exporting env vars: AIRFLOW_CTX_DAG_OWNER='***' AIRFLOW_CTX_DAG_ID='gold_dimensions_pipeline' AIRFLOW_CTX_TASK_ID='dbt_dim_date' AIRFLOW_CTX_EXECUTION_DATE='2025-10-31T00:00:00+00:00' AIRFLOW_CTX_TRY_NUMBER='1' AIRFLOW_CTX_DAG_RUN_ID='scheduled__2025-10-31T00:00:00+00:00'
[2025-11-02T11:58:48.245+0000] {logging_mixin.py:188} INFO - ==== DBT STDOUT ====
[2025-11-02T11:58:48.247+0000] {logging_mixin.py:188} INFO - 11:58:45  Running with dbt=1.5.9
11:58:45  Registered adapter: clickhouse=1.5.2
11:58:46  [WARNING]: Configuration paths exist in your dbt_project.yml file which do not apply to any resources.
There are 2 unused configuration paths:
- models.ck_project.gold.fact
- models.ck_project.bronze
11:58:46  Found 7 models, 17 tests, 0 snapshots, 0 analyses, 349 macros, 0 operations, 0 seed files, 6 sources, 0 exposures, 0 metrics, 0 groups
11:58:46  
11:58:47  Concurrency: 4 threads (target='dev')
11:58:47  
11:58:47  1 of 1 START sql table model gold.dim_date ..................................... [RUN]
11:58:47  1 of 1 OK created sql table model gold.dim_date ................................ [OK in 0.21s]
11:58:47  
11:58:47  Finished running 1 table model in 0 hours 0 minutes and 0.54 seconds (0.54s).
11:58:47  
11:58:47  Completed successfully
11:58:47  
11:58:47  Done. PASS=1 WARN=0 ERROR=0 SKIP=0 TOTAL=1
[2025-11-02T11:58:48.248+0000] {logging_mixin.py:188} INFO - ==== DBT STDERR ====
[2025-11-02T11:58:48.248+0000] {python.py:201} INFO - Done. Returned value was: None
[2025-11-02T11:58:48.264+0000] {taskinstance.py:1138} INFO - Marking task as SUCCESS. dag_id=gold_dimensions_pipeline, task_id=dbt_dim_date, execution_date=20251031T000000, start_date=20251102T115842, end_date=20251102T115848
[2025-11-02T11:58:48.326+0000] {local_task_job_runner.py:234} INFO - Task exited with return code 0
[2025-11-02T11:58:48.355+0000] {taskinstance.py:3280} INFO - 3 downstream tasks scheduled from follow-on schedule check
