[2025-11-07T05:07:15.563+0000] {processor.py:161} INFO - Started process (PID=48356) to work on /opt/airflow/dags/pipelines/merchants_to_clickhouse.py
[2025-11-07T05:07:15.567+0000] {processor.py:830} INFO - Processing file /opt/airflow/dags/pipelines/merchants_to_clickhouse.py for tasks to queue
[2025-11-07T05:07:15.570+0000] {logging_mixin.py:188} INFO - [2025-11-07T05:07:15.569+0000] {dagbag.py:538} INFO - Filling up the DagBag from /opt/airflow/dags/pipelines/merchants_to_clickhouse.py
[2025-11-07T05:07:15.596+0000] {processor.py:842} WARNING - No viable dags retrieved from /opt/airflow/dags/pipelines/merchants_to_clickhouse.py
[2025-11-07T05:07:15.634+0000] {processor.py:183} INFO - Processing /opt/airflow/dags/pipelines/merchants_to_clickhouse.py took 0.087 seconds
[2025-11-07T09:17:15.763+0000] {processor.py:161} INFO - Started process (PID=48437) to work on /opt/airflow/dags/pipelines/merchants_to_clickhouse.py
[2025-11-07T09:17:15.775+0000] {processor.py:830} INFO - Processing file /opt/airflow/dags/pipelines/merchants_to_clickhouse.py for tasks to queue
[2025-11-07T09:17:15.781+0000] {logging_mixin.py:188} INFO - [2025-11-07T09:17:15.780+0000] {dagbag.py:538} INFO - Filling up the DagBag from /opt/airflow/dags/pipelines/merchants_to_clickhouse.py
[2025-11-07T09:17:15.874+0000] {processor.py:842} WARNING - No viable dags retrieved from /opt/airflow/dags/pipelines/merchants_to_clickhouse.py
[2025-11-07T09:17:15.963+0000] {processor.py:183} INFO - Processing /opt/airflow/dags/pipelines/merchants_to_clickhouse.py took 0.209 seconds
[2025-11-07T09:17:46.350+0000] {processor.py:161} INFO - Started process (PID=48474) to work on /opt/airflow/dags/pipelines/merchants_to_clickhouse.py
[2025-11-07T09:17:46.352+0000] {processor.py:830} INFO - Processing file /opt/airflow/dags/pipelines/merchants_to_clickhouse.py for tasks to queue
[2025-11-07T09:17:46.353+0000] {logging_mixin.py:188} INFO - [2025-11-07T09:17:46.353+0000] {dagbag.py:538} INFO - Filling up the DagBag from /opt/airflow/dags/pipelines/merchants_to_clickhouse.py
[2025-11-07T09:17:46.375+0000] {processor.py:842} WARNING - No viable dags retrieved from /opt/airflow/dags/pipelines/merchants_to_clickhouse.py
[2025-11-07T09:17:46.416+0000] {processor.py:183} INFO - Processing /opt/airflow/dags/pipelines/merchants_to_clickhouse.py took 0.070 seconds
[2025-11-07T09:18:17.270+0000] {processor.py:161} INFO - Started process (PID=48509) to work on /opt/airflow/dags/pipelines/merchants_to_clickhouse.py
[2025-11-07T09:18:17.273+0000] {processor.py:830} INFO - Processing file /opt/airflow/dags/pipelines/merchants_to_clickhouse.py for tasks to queue
[2025-11-07T09:18:17.275+0000] {logging_mixin.py:188} INFO - [2025-11-07T09:18:17.274+0000] {dagbag.py:538} INFO - Filling up the DagBag from /opt/airflow/dags/pipelines/merchants_to_clickhouse.py
[2025-11-07T09:18:17.321+0000] {processor.py:842} WARNING - No viable dags retrieved from /opt/airflow/dags/pipelines/merchants_to_clickhouse.py
[2025-11-07T09:18:17.360+0000] {processor.py:183} INFO - Processing /opt/airflow/dags/pipelines/merchants_to_clickhouse.py took 0.101 seconds
[2025-11-07T09:18:47.637+0000] {processor.py:161} INFO - Started process (PID=48544) to work on /opt/airflow/dags/pipelines/merchants_to_clickhouse.py
[2025-11-07T09:18:47.639+0000] {processor.py:830} INFO - Processing file /opt/airflow/dags/pipelines/merchants_to_clickhouse.py for tasks to queue
[2025-11-07T09:18:47.640+0000] {logging_mixin.py:188} INFO - [2025-11-07T09:18:47.640+0000] {dagbag.py:538} INFO - Filling up the DagBag from /opt/airflow/dags/pipelines/merchants_to_clickhouse.py
[2025-11-07T09:18:47.672+0000] {processor.py:842} WARNING - No viable dags retrieved from /opt/airflow/dags/pipelines/merchants_to_clickhouse.py
[2025-11-07T09:18:47.699+0000] {processor.py:183} INFO - Processing /opt/airflow/dags/pipelines/merchants_to_clickhouse.py took 0.067 seconds
[2025-11-07T09:19:17.997+0000] {processor.py:161} INFO - Started process (PID=48579) to work on /opt/airflow/dags/pipelines/merchants_to_clickhouse.py
[2025-11-07T09:19:18.007+0000] {processor.py:830} INFO - Processing file /opt/airflow/dags/pipelines/merchants_to_clickhouse.py for tasks to queue
[2025-11-07T09:19:18.009+0000] {logging_mixin.py:188} INFO - [2025-11-07T09:19:18.009+0000] {dagbag.py:538} INFO - Filling up the DagBag from /opt/airflow/dags/pipelines/merchants_to_clickhouse.py
[2025-11-07T09:19:18.038+0000] {processor.py:842} WARNING - No viable dags retrieved from /opt/airflow/dags/pipelines/merchants_to_clickhouse.py
[2025-11-07T09:19:18.066+0000] {processor.py:183} INFO - Processing /opt/airflow/dags/pipelines/merchants_to_clickhouse.py took 0.075 seconds
[2025-11-07T09:19:48.423+0000] {processor.py:161} INFO - Started process (PID=48614) to work on /opt/airflow/dags/pipelines/merchants_to_clickhouse.py
[2025-11-07T09:19:48.424+0000] {processor.py:830} INFO - Processing file /opt/airflow/dags/pipelines/merchants_to_clickhouse.py for tasks to queue
[2025-11-07T09:19:48.426+0000] {logging_mixin.py:188} INFO - [2025-11-07T09:19:48.426+0000] {dagbag.py:538} INFO - Filling up the DagBag from /opt/airflow/dags/pipelines/merchants_to_clickhouse.py
[2025-11-07T09:19:48.472+0000] {processor.py:842} WARNING - No viable dags retrieved from /opt/airflow/dags/pipelines/merchants_to_clickhouse.py
[2025-11-07T09:19:48.496+0000] {processor.py:183} INFO - Processing /opt/airflow/dags/pipelines/merchants_to_clickhouse.py took 0.078 seconds
[2025-11-07T09:20:18.782+0000] {processor.py:161} INFO - Started process (PID=48647) to work on /opt/airflow/dags/pipelines/merchants_to_clickhouse.py
[2025-11-07T09:20:18.784+0000] {processor.py:830} INFO - Processing file /opt/airflow/dags/pipelines/merchants_to_clickhouse.py for tasks to queue
[2025-11-07T09:20:18.785+0000] {logging_mixin.py:188} INFO - [2025-11-07T09:20:18.785+0000] {dagbag.py:538} INFO - Filling up the DagBag from /opt/airflow/dags/pipelines/merchants_to_clickhouse.py
[2025-11-07T09:20:18.810+0000] {processor.py:842} WARNING - No viable dags retrieved from /opt/airflow/dags/pipelines/merchants_to_clickhouse.py
[2025-11-07T09:20:18.832+0000] {processor.py:183} INFO - Processing /opt/airflow/dags/pipelines/merchants_to_clickhouse.py took 0.056 seconds
[2025-11-07T09:20:49.341+0000] {processor.py:161} INFO - Started process (PID=48684) to work on /opt/airflow/dags/pipelines/merchants_to_clickhouse.py
[2025-11-07T09:20:49.343+0000] {processor.py:830} INFO - Processing file /opt/airflow/dags/pipelines/merchants_to_clickhouse.py for tasks to queue
[2025-11-07T09:20:49.345+0000] {logging_mixin.py:188} INFO - [2025-11-07T09:20:49.344+0000] {dagbag.py:538} INFO - Filling up the DagBag from /opt/airflow/dags/pipelines/merchants_to_clickhouse.py
[2025-11-07T09:20:49.379+0000] {processor.py:842} WARNING - No viable dags retrieved from /opt/airflow/dags/pipelines/merchants_to_clickhouse.py
[2025-11-07T09:20:49.402+0000] {processor.py:183} INFO - Processing /opt/airflow/dags/pipelines/merchants_to_clickhouse.py took 0.066 seconds
[2025-11-07T09:21:19.636+0000] {processor.py:161} INFO - Started process (PID=48717) to work on /opt/airflow/dags/pipelines/merchants_to_clickhouse.py
[2025-11-07T09:21:19.638+0000] {processor.py:830} INFO - Processing file /opt/airflow/dags/pipelines/merchants_to_clickhouse.py for tasks to queue
[2025-11-07T09:21:19.639+0000] {logging_mixin.py:188} INFO - [2025-11-07T09:21:19.639+0000] {dagbag.py:538} INFO - Filling up the DagBag from /opt/airflow/dags/pipelines/merchants_to_clickhouse.py
[2025-11-07T09:21:19.669+0000] {processor.py:842} WARNING - No viable dags retrieved from /opt/airflow/dags/pipelines/merchants_to_clickhouse.py
[2025-11-07T09:21:19.691+0000] {processor.py:183} INFO - Processing /opt/airflow/dags/pipelines/merchants_to_clickhouse.py took 0.059 seconds
[2025-11-07T09:21:50.167+0000] {processor.py:161} INFO - Started process (PID=48754) to work on /opt/airflow/dags/pipelines/merchants_to_clickhouse.py
[2025-11-07T09:21:50.168+0000] {processor.py:830} INFO - Processing file /opt/airflow/dags/pipelines/merchants_to_clickhouse.py for tasks to queue
[2025-11-07T09:21:50.169+0000] {logging_mixin.py:188} INFO - [2025-11-07T09:21:50.169+0000] {dagbag.py:538} INFO - Filling up the DagBag from /opt/airflow/dags/pipelines/merchants_to_clickhouse.py
[2025-11-07T09:21:50.198+0000] {processor.py:842} WARNING - No viable dags retrieved from /opt/airflow/dags/pipelines/merchants_to_clickhouse.py
[2025-11-07T09:21:50.216+0000] {processor.py:183} INFO - Processing /opt/airflow/dags/pipelines/merchants_to_clickhouse.py took 0.054 seconds
[2025-11-07T09:22:20.988+0000] {processor.py:161} INFO - Started process (PID=48853) to work on /opt/airflow/dags/pipelines/merchants_to_clickhouse.py
[2025-11-07T09:22:20.990+0000] {processor.py:830} INFO - Processing file /opt/airflow/dags/pipelines/merchants_to_clickhouse.py for tasks to queue
[2025-11-07T09:22:20.992+0000] {logging_mixin.py:188} INFO - [2025-11-07T09:22:20.991+0000] {dagbag.py:538} INFO - Filling up the DagBag from /opt/airflow/dags/pipelines/merchants_to_clickhouse.py
[2025-11-07T09:22:21.018+0000] {processor.py:842} WARNING - No viable dags retrieved from /opt/airflow/dags/pipelines/merchants_to_clickhouse.py
[2025-11-07T09:22:21.042+0000] {processor.py:183} INFO - Processing /opt/airflow/dags/pipelines/merchants_to_clickhouse.py took 0.059 seconds
[2025-11-07T09:22:51.303+0000] {processor.py:161} INFO - Started process (PID=48888) to work on /opt/airflow/dags/pipelines/merchants_to_clickhouse.py
[2025-11-07T09:22:51.305+0000] {processor.py:830} INFO - Processing file /opt/airflow/dags/pipelines/merchants_to_clickhouse.py for tasks to queue
[2025-11-07T09:22:51.307+0000] {logging_mixin.py:188} INFO - [2025-11-07T09:22:51.307+0000] {dagbag.py:538} INFO - Filling up the DagBag from /opt/airflow/dags/pipelines/merchants_to_clickhouse.py
[2025-11-07T09:22:51.342+0000] {processor.py:842} WARNING - No viable dags retrieved from /opt/airflow/dags/pipelines/merchants_to_clickhouse.py
[2025-11-07T09:22:51.367+0000] {processor.py:183} INFO - Processing /opt/airflow/dags/pipelines/merchants_to_clickhouse.py took 0.068 seconds
[2025-11-07T09:23:21.869+0000] {processor.py:161} INFO - Started process (PID=48925) to work on /opt/airflow/dags/pipelines/merchants_to_clickhouse.py
[2025-11-07T09:23:21.870+0000] {processor.py:830} INFO - Processing file /opt/airflow/dags/pipelines/merchants_to_clickhouse.py for tasks to queue
[2025-11-07T09:23:21.872+0000] {logging_mixin.py:188} INFO - [2025-11-07T09:23:21.871+0000] {dagbag.py:538} INFO - Filling up the DagBag from /opt/airflow/dags/pipelines/merchants_to_clickhouse.py
[2025-11-07T09:23:21.909+0000] {processor.py:842} WARNING - No viable dags retrieved from /opt/airflow/dags/pipelines/merchants_to_clickhouse.py
[2025-11-07T09:23:21.928+0000] {processor.py:183} INFO - Processing /opt/airflow/dags/pipelines/merchants_to_clickhouse.py took 0.063 seconds
[2025-11-07T09:23:52.164+0000] {processor.py:161} INFO - Started process (PID=48958) to work on /opt/airflow/dags/pipelines/merchants_to_clickhouse.py
[2025-11-07T09:23:52.166+0000] {processor.py:830} INFO - Processing file /opt/airflow/dags/pipelines/merchants_to_clickhouse.py for tasks to queue
[2025-11-07T09:23:52.168+0000] {logging_mixin.py:188} INFO - [2025-11-07T09:23:52.167+0000] {dagbag.py:538} INFO - Filling up the DagBag from /opt/airflow/dags/pipelines/merchants_to_clickhouse.py
[2025-11-07T09:23:52.198+0000] {processor.py:842} WARNING - No viable dags retrieved from /opt/airflow/dags/pipelines/merchants_to_clickhouse.py
[2025-11-07T09:23:52.220+0000] {processor.py:183} INFO - Processing /opt/airflow/dags/pipelines/merchants_to_clickhouse.py took 0.060 seconds
[2025-11-07T09:24:22.668+0000] {processor.py:161} INFO - Started process (PID=48995) to work on /opt/airflow/dags/pipelines/merchants_to_clickhouse.py
[2025-11-07T09:24:22.669+0000] {processor.py:830} INFO - Processing file /opt/airflow/dags/pipelines/merchants_to_clickhouse.py for tasks to queue
[2025-11-07T09:24:22.670+0000] {logging_mixin.py:188} INFO - [2025-11-07T09:24:22.670+0000] {dagbag.py:538} INFO - Filling up the DagBag from /opt/airflow/dags/pipelines/merchants_to_clickhouse.py
[2025-11-07T09:24:22.697+0000] {processor.py:842} WARNING - No viable dags retrieved from /opt/airflow/dags/pipelines/merchants_to_clickhouse.py
[2025-11-07T09:24:22.717+0000] {processor.py:183} INFO - Processing /opt/airflow/dags/pipelines/merchants_to_clickhouse.py took 0.053 seconds
[2025-11-07T09:24:53.023+0000] {processor.py:161} INFO - Started process (PID=49028) to work on /opt/airflow/dags/pipelines/merchants_to_clickhouse.py
[2025-11-07T09:24:53.025+0000] {processor.py:830} INFO - Processing file /opt/airflow/dags/pipelines/merchants_to_clickhouse.py for tasks to queue
[2025-11-07T09:24:53.026+0000] {logging_mixin.py:188} INFO - [2025-11-07T09:24:53.026+0000] {dagbag.py:538} INFO - Filling up the DagBag from /opt/airflow/dags/pipelines/merchants_to_clickhouse.py
[2025-11-07T09:24:53.054+0000] {processor.py:842} WARNING - No viable dags retrieved from /opt/airflow/dags/pipelines/merchants_to_clickhouse.py
[2025-11-07T09:24:53.076+0000] {processor.py:183} INFO - Processing /opt/airflow/dags/pipelines/merchants_to_clickhouse.py took 0.058 seconds
[2025-11-07T09:25:23.302+0000] {processor.py:161} INFO - Started process (PID=49063) to work on /opt/airflow/dags/pipelines/merchants_to_clickhouse.py
[2025-11-07T09:25:23.304+0000] {processor.py:830} INFO - Processing file /opt/airflow/dags/pipelines/merchants_to_clickhouse.py for tasks to queue
[2025-11-07T09:25:23.305+0000] {logging_mixin.py:188} INFO - [2025-11-07T09:25:23.305+0000] {dagbag.py:538} INFO - Filling up the DagBag from /opt/airflow/dags/pipelines/merchants_to_clickhouse.py
[2025-11-07T09:25:23.329+0000] {processor.py:842} WARNING - No viable dags retrieved from /opt/airflow/dags/pipelines/merchants_to_clickhouse.py
[2025-11-07T09:25:23.351+0000] {processor.py:183} INFO - Processing /opt/airflow/dags/pipelines/merchants_to_clickhouse.py took 0.052 seconds
[2025-11-07T09:25:53.521+0000] {processor.py:161} INFO - Started process (PID=49095) to work on /opt/airflow/dags/pipelines/merchants_to_clickhouse.py
[2025-11-07T09:25:53.524+0000] {processor.py:830} INFO - Processing file /opt/airflow/dags/pipelines/merchants_to_clickhouse.py for tasks to queue
[2025-11-07T09:25:53.526+0000] {logging_mixin.py:188} INFO - [2025-11-07T09:25:53.525+0000] {dagbag.py:538} INFO - Filling up the DagBag from /opt/airflow/dags/pipelines/merchants_to_clickhouse.py
[2025-11-07T09:25:53.557+0000] {processor.py:842} WARNING - No viable dags retrieved from /opt/airflow/dags/pipelines/merchants_to_clickhouse.py
[2025-11-07T09:25:53.606+0000] {processor.py:183} INFO - Processing /opt/airflow/dags/pipelines/merchants_to_clickhouse.py took 0.091 seconds
[2025-11-07T09:26:24.094+0000] {processor.py:161} INFO - Started process (PID=49130) to work on /opt/airflow/dags/pipelines/merchants_to_clickhouse.py
[2025-11-07T09:26:24.097+0000] {processor.py:830} INFO - Processing file /opt/airflow/dags/pipelines/merchants_to_clickhouse.py for tasks to queue
[2025-11-07T09:26:24.099+0000] {logging_mixin.py:188} INFO - [2025-11-07T09:26:24.098+0000] {dagbag.py:538} INFO - Filling up the DagBag from /opt/airflow/dags/pipelines/merchants_to_clickhouse.py
[2025-11-07T09:26:24.123+0000] {processor.py:842} WARNING - No viable dags retrieved from /opt/airflow/dags/pipelines/merchants_to_clickhouse.py
[2025-11-07T09:26:24.145+0000] {processor.py:183} INFO - Processing /opt/airflow/dags/pipelines/merchants_to_clickhouse.py took 0.054 seconds
[2025-11-07T09:26:54.411+0000] {processor.py:161} INFO - Started process (PID=49165) to work on /opt/airflow/dags/pipelines/merchants_to_clickhouse.py
[2025-11-07T09:26:54.413+0000] {processor.py:830} INFO - Processing file /opt/airflow/dags/pipelines/merchants_to_clickhouse.py for tasks to queue
[2025-11-07T09:26:54.414+0000] {logging_mixin.py:188} INFO - [2025-11-07T09:26:54.414+0000] {dagbag.py:538} INFO - Filling up the DagBag from /opt/airflow/dags/pipelines/merchants_to_clickhouse.py
[2025-11-07T09:26:54.442+0000] {processor.py:842} WARNING - No viable dags retrieved from /opt/airflow/dags/pipelines/merchants_to_clickhouse.py
[2025-11-07T09:26:54.465+0000] {processor.py:183} INFO - Processing /opt/airflow/dags/pipelines/merchants_to_clickhouse.py took 0.058 seconds
[2025-11-07T09:27:25.205+0000] {processor.py:161} INFO - Started process (PID=49200) to work on /opt/airflow/dags/pipelines/merchants_to_clickhouse.py
[2025-11-07T09:27:25.207+0000] {processor.py:830} INFO - Processing file /opt/airflow/dags/pipelines/merchants_to_clickhouse.py for tasks to queue
[2025-11-07T09:27:25.210+0000] {logging_mixin.py:188} INFO - [2025-11-07T09:27:25.209+0000] {dagbag.py:538} INFO - Filling up the DagBag from /opt/airflow/dags/pipelines/merchants_to_clickhouse.py
[2025-11-07T09:27:25.261+0000] {processor.py:842} WARNING - No viable dags retrieved from /opt/airflow/dags/pipelines/merchants_to_clickhouse.py
[2025-11-07T09:27:25.314+0000] {processor.py:183} INFO - Processing /opt/airflow/dags/pipelines/merchants_to_clickhouse.py took 0.117 seconds
[2025-11-07T09:27:56.307+0000] {processor.py:161} INFO - Started process (PID=49235) to work on /opt/airflow/dags/pipelines/merchants_to_clickhouse.py
[2025-11-07T09:27:56.309+0000] {processor.py:830} INFO - Processing file /opt/airflow/dags/pipelines/merchants_to_clickhouse.py for tasks to queue
[2025-11-07T09:27:56.313+0000] {logging_mixin.py:188} INFO - [2025-11-07T09:27:56.311+0000] {dagbag.py:538} INFO - Filling up the DagBag from /opt/airflow/dags/pipelines/merchants_to_clickhouse.py
[2025-11-07T09:27:56.343+0000] {processor.py:842} WARNING - No viable dags retrieved from /opt/airflow/dags/pipelines/merchants_to_clickhouse.py
[2025-11-07T09:27:56.368+0000] {processor.py:183} INFO - Processing /opt/airflow/dags/pipelines/merchants_to_clickhouse.py took 0.065 seconds
[2025-11-07T09:28:26.742+0000] {processor.py:161} INFO - Started process (PID=49270) to work on /opt/airflow/dags/pipelines/merchants_to_clickhouse.py
[2025-11-07T09:28:26.745+0000] {processor.py:830} INFO - Processing file /opt/airflow/dags/pipelines/merchants_to_clickhouse.py for tasks to queue
[2025-11-07T09:28:26.747+0000] {logging_mixin.py:188} INFO - [2025-11-07T09:28:26.746+0000] {dagbag.py:538} INFO - Filling up the DagBag from /opt/airflow/dags/pipelines/merchants_to_clickhouse.py
[2025-11-07T09:28:26.775+0000] {processor.py:842} WARNING - No viable dags retrieved from /opt/airflow/dags/pipelines/merchants_to_clickhouse.py
[2025-11-07T09:28:26.809+0000] {processor.py:183} INFO - Processing /opt/airflow/dags/pipelines/merchants_to_clickhouse.py took 0.072 seconds
[2025-11-07T09:28:56.979+0000] {processor.py:161} INFO - Started process (PID=49305) to work on /opt/airflow/dags/pipelines/merchants_to_clickhouse.py
[2025-11-07T09:28:56.984+0000] {processor.py:830} INFO - Processing file /opt/airflow/dags/pipelines/merchants_to_clickhouse.py for tasks to queue
[2025-11-07T09:28:56.986+0000] {logging_mixin.py:188} INFO - [2025-11-07T09:28:56.985+0000] {dagbag.py:538} INFO - Filling up the DagBag from /opt/airflow/dags/pipelines/merchants_to_clickhouse.py
[2025-11-07T09:28:57.021+0000] {processor.py:842} WARNING - No viable dags retrieved from /opt/airflow/dags/pipelines/merchants_to_clickhouse.py
[2025-11-07T09:28:57.067+0000] {processor.py:183} INFO - Processing /opt/airflow/dags/pipelines/merchants_to_clickhouse.py took 0.101 seconds
[2025-11-07T09:29:27.375+0000] {processor.py:161} INFO - Started process (PID=49340) to work on /opt/airflow/dags/pipelines/merchants_to_clickhouse.py
[2025-11-07T09:29:27.377+0000] {processor.py:830} INFO - Processing file /opt/airflow/dags/pipelines/merchants_to_clickhouse.py for tasks to queue
[2025-11-07T09:29:27.379+0000] {logging_mixin.py:188} INFO - [2025-11-07T09:29:27.379+0000] {dagbag.py:538} INFO - Filling up the DagBag from /opt/airflow/dags/pipelines/merchants_to_clickhouse.py
[2025-11-07T09:29:27.411+0000] {processor.py:842} WARNING - No viable dags retrieved from /opt/airflow/dags/pipelines/merchants_to_clickhouse.py
[2025-11-07T09:29:27.438+0000] {processor.py:183} INFO - Processing /opt/airflow/dags/pipelines/merchants_to_clickhouse.py took 0.067 seconds
[2025-11-07T09:29:57.665+0000] {processor.py:161} INFO - Started process (PID=49375) to work on /opt/airflow/dags/pipelines/merchants_to_clickhouse.py
[2025-11-07T09:29:57.667+0000] {processor.py:830} INFO - Processing file /opt/airflow/dags/pipelines/merchants_to_clickhouse.py for tasks to queue
[2025-11-07T09:29:57.668+0000] {logging_mixin.py:188} INFO - [2025-11-07T09:29:57.668+0000] {dagbag.py:538} INFO - Filling up the DagBag from /opt/airflow/dags/pipelines/merchants_to_clickhouse.py
[2025-11-07T09:29:57.698+0000] {processor.py:842} WARNING - No viable dags retrieved from /opt/airflow/dags/pipelines/merchants_to_clickhouse.py
[2025-11-07T09:29:57.721+0000] {processor.py:183} INFO - Processing /opt/airflow/dags/pipelines/merchants_to_clickhouse.py took 0.060 seconds
[2025-11-07T09:30:27.979+0000] {processor.py:161} INFO - Started process (PID=49410) to work on /opt/airflow/dags/pipelines/merchants_to_clickhouse.py
[2025-11-07T09:30:27.981+0000] {processor.py:830} INFO - Processing file /opt/airflow/dags/pipelines/merchants_to_clickhouse.py for tasks to queue
[2025-11-07T09:30:27.982+0000] {logging_mixin.py:188} INFO - [2025-11-07T09:30:27.982+0000] {dagbag.py:538} INFO - Filling up the DagBag from /opt/airflow/dags/pipelines/merchants_to_clickhouse.py
[2025-11-07T09:30:28.022+0000] {processor.py:842} WARNING - No viable dags retrieved from /opt/airflow/dags/pipelines/merchants_to_clickhouse.py
[2025-11-07T09:30:28.047+0000] {processor.py:183} INFO - Processing /opt/airflow/dags/pipelines/merchants_to_clickhouse.py took 0.076 seconds
[2025-11-07T09:30:58.661+0000] {processor.py:161} INFO - Started process (PID=49445) to work on /opt/airflow/dags/pipelines/merchants_to_clickhouse.py
[2025-11-07T09:30:58.663+0000] {processor.py:830} INFO - Processing file /opt/airflow/dags/pipelines/merchants_to_clickhouse.py for tasks to queue
[2025-11-07T09:30:58.666+0000] {logging_mixin.py:188} INFO - [2025-11-07T09:30:58.665+0000] {dagbag.py:538} INFO - Filling up the DagBag from /opt/airflow/dags/pipelines/merchants_to_clickhouse.py
[2025-11-07T09:30:58.694+0000] {processor.py:842} WARNING - No viable dags retrieved from /opt/airflow/dags/pipelines/merchants_to_clickhouse.py
[2025-11-07T09:30:58.716+0000] {processor.py:183} INFO - Processing /opt/airflow/dags/pipelines/merchants_to_clickhouse.py took 0.063 seconds
[2025-11-07T09:31:28.967+0000] {processor.py:161} INFO - Started process (PID=49480) to work on /opt/airflow/dags/pipelines/merchants_to_clickhouse.py
[2025-11-07T09:31:28.969+0000] {processor.py:830} INFO - Processing file /opt/airflow/dags/pipelines/merchants_to_clickhouse.py for tasks to queue
[2025-11-07T09:31:28.970+0000] {logging_mixin.py:188} INFO - [2025-11-07T09:31:28.970+0000] {dagbag.py:538} INFO - Filling up the DagBag from /opt/airflow/dags/pipelines/merchants_to_clickhouse.py
[2025-11-07T09:31:29.000+0000] {processor.py:842} WARNING - No viable dags retrieved from /opt/airflow/dags/pipelines/merchants_to_clickhouse.py
[2025-11-07T09:31:29.023+0000] {processor.py:183} INFO - Processing /opt/airflow/dags/pipelines/merchants_to_clickhouse.py took 0.063 seconds
[2025-11-07T09:31:59.272+0000] {processor.py:161} INFO - Started process (PID=49515) to work on /opt/airflow/dags/pipelines/merchants_to_clickhouse.py
[2025-11-07T09:31:59.274+0000] {processor.py:830} INFO - Processing file /opt/airflow/dags/pipelines/merchants_to_clickhouse.py for tasks to queue
[2025-11-07T09:31:59.277+0000] {logging_mixin.py:188} INFO - [2025-11-07T09:31:59.276+0000] {dagbag.py:538} INFO - Filling up the DagBag from /opt/airflow/dags/pipelines/merchants_to_clickhouse.py
[2025-11-07T09:31:59.320+0000] {processor.py:842} WARNING - No viable dags retrieved from /opt/airflow/dags/pipelines/merchants_to_clickhouse.py
[2025-11-07T09:31:59.345+0000] {processor.py:183} INFO - Processing /opt/airflow/dags/pipelines/merchants_to_clickhouse.py took 0.078 seconds
[2025-11-07T09:32:29.513+0000] {processor.py:161} INFO - Started process (PID=49550) to work on /opt/airflow/dags/pipelines/merchants_to_clickhouse.py
[2025-11-07T09:32:29.515+0000] {processor.py:830} INFO - Processing file /opt/airflow/dags/pipelines/merchants_to_clickhouse.py for tasks to queue
[2025-11-07T09:32:29.517+0000] {logging_mixin.py:188} INFO - [2025-11-07T09:32:29.517+0000] {dagbag.py:538} INFO - Filling up the DagBag from /opt/airflow/dags/pipelines/merchants_to_clickhouse.py
[2025-11-07T09:32:29.556+0000] {processor.py:842} WARNING - No viable dags retrieved from /opt/airflow/dags/pipelines/merchants_to_clickhouse.py
[2025-11-07T09:32:29.580+0000] {processor.py:183} INFO - Processing /opt/airflow/dags/pipelines/merchants_to_clickhouse.py took 0.072 seconds
[2025-11-07T09:34:08.666+0000] {processor.py:161} INFO - Started process (PID=49590) to work on /opt/airflow/dags/pipelines/merchants_to_clickhouse.py
[2025-11-07T09:34:08.667+0000] {processor.py:830} INFO - Processing file /opt/airflow/dags/pipelines/merchants_to_clickhouse.py for tasks to queue
[2025-11-07T09:34:08.670+0000] {logging_mixin.py:188} INFO - [2025-11-07T09:34:08.669+0000] {dagbag.py:538} INFO - Filling up the DagBag from /opt/airflow/dags/pipelines/merchants_to_clickhouse.py
[2025-11-07T09:34:08.714+0000] {processor.py:842} WARNING - No viable dags retrieved from /opt/airflow/dags/pipelines/merchants_to_clickhouse.py
[2025-11-07T09:34:08.786+0000] {processor.py:183} INFO - Processing /opt/airflow/dags/pipelines/merchants_to_clickhouse.py took 0.145 seconds
[2025-11-07T09:34:39.526+0000] {processor.py:161} INFO - Started process (PID=49625) to work on /opt/airflow/dags/pipelines/merchants_to_clickhouse.py
[2025-11-07T09:34:39.530+0000] {processor.py:830} INFO - Processing file /opt/airflow/dags/pipelines/merchants_to_clickhouse.py for tasks to queue
[2025-11-07T09:34:39.537+0000] {logging_mixin.py:188} INFO - [2025-11-07T09:34:39.534+0000] {dagbag.py:538} INFO - Filling up the DagBag from /opt/airflow/dags/pipelines/merchants_to_clickhouse.py
[2025-11-07T09:34:39.573+0000] {processor.py:842} WARNING - No viable dags retrieved from /opt/airflow/dags/pipelines/merchants_to_clickhouse.py
[2025-11-07T09:34:39.596+0000] {processor.py:183} INFO - Processing /opt/airflow/dags/pipelines/merchants_to_clickhouse.py took 0.082 seconds
[2025-11-07T09:35:09.755+0000] {processor.py:161} INFO - Started process (PID=49655) to work on /opt/airflow/dags/pipelines/merchants_to_clickhouse.py
[2025-11-07T09:35:09.756+0000] {processor.py:830} INFO - Processing file /opt/airflow/dags/pipelines/merchants_to_clickhouse.py for tasks to queue
[2025-11-07T09:35:09.758+0000] {logging_mixin.py:188} INFO - [2025-11-07T09:35:09.757+0000] {dagbag.py:538} INFO - Filling up the DagBag from /opt/airflow/dags/pipelines/merchants_to_clickhouse.py
[2025-11-07T09:35:09.784+0000] {processor.py:842} WARNING - No viable dags retrieved from /opt/airflow/dags/pipelines/merchants_to_clickhouse.py
[2025-11-07T09:35:09.803+0000] {processor.py:183} INFO - Processing /opt/airflow/dags/pipelines/merchants_to_clickhouse.py took 0.053 seconds
[2025-11-07T09:35:40.216+0000] {processor.py:161} INFO - Started process (PID=49695) to work on /opt/airflow/dags/pipelines/merchants_to_clickhouse.py
[2025-11-07T09:35:40.218+0000] {processor.py:830} INFO - Processing file /opt/airflow/dags/pipelines/merchants_to_clickhouse.py for tasks to queue
[2025-11-07T09:35:40.219+0000] {logging_mixin.py:188} INFO - [2025-11-07T09:35:40.219+0000] {dagbag.py:538} INFO - Filling up the DagBag from /opt/airflow/dags/pipelines/merchants_to_clickhouse.py
[2025-11-07T09:35:40.243+0000] {processor.py:842} WARNING - No viable dags retrieved from /opt/airflow/dags/pipelines/merchants_to_clickhouse.py
[2025-11-07T09:35:40.264+0000] {processor.py:183} INFO - Processing /opt/airflow/dags/pipelines/merchants_to_clickhouse.py took 0.053 seconds
[2025-11-07T09:36:10.720+0000] {processor.py:161} INFO - Started process (PID=49730) to work on /opt/airflow/dags/pipelines/merchants_to_clickhouse.py
[2025-11-07T09:36:10.723+0000] {processor.py:830} INFO - Processing file /opt/airflow/dags/pipelines/merchants_to_clickhouse.py for tasks to queue
[2025-11-07T09:36:10.725+0000] {logging_mixin.py:188} INFO - [2025-11-07T09:36:10.724+0000] {dagbag.py:538} INFO - Filling up the DagBag from /opt/airflow/dags/pipelines/merchants_to_clickhouse.py
[2025-11-07T09:36:10.753+0000] {processor.py:842} WARNING - No viable dags retrieved from /opt/airflow/dags/pipelines/merchants_to_clickhouse.py
[2025-11-07T09:36:10.780+0000] {processor.py:183} INFO - Processing /opt/airflow/dags/pipelines/merchants_to_clickhouse.py took 0.065 seconds
[2025-11-07T09:36:40.875+0000] {processor.py:161} INFO - Started process (PID=49760) to work on /opt/airflow/dags/pipelines/merchants_to_clickhouse.py
[2025-11-07T09:36:40.877+0000] {processor.py:830} INFO - Processing file /opt/airflow/dags/pipelines/merchants_to_clickhouse.py for tasks to queue
[2025-11-07T09:36:40.878+0000] {logging_mixin.py:188} INFO - [2025-11-07T09:36:40.878+0000] {dagbag.py:538} INFO - Filling up the DagBag from /opt/airflow/dags/pipelines/merchants_to_clickhouse.py
[2025-11-07T09:36:40.899+0000] {processor.py:842} WARNING - No viable dags retrieved from /opt/airflow/dags/pipelines/merchants_to_clickhouse.py
[2025-11-07T09:36:40.919+0000] {processor.py:183} INFO - Processing /opt/airflow/dags/pipelines/merchants_to_clickhouse.py took 0.048 seconds
[2025-11-07T09:37:11.537+0000] {processor.py:161} INFO - Started process (PID=49792) to work on /opt/airflow/dags/pipelines/merchants_to_clickhouse.py
[2025-11-07T09:37:11.541+0000] {processor.py:830} INFO - Processing file /opt/airflow/dags/pipelines/merchants_to_clickhouse.py for tasks to queue
[2025-11-07T09:37:11.544+0000] {logging_mixin.py:188} INFO - [2025-11-07T09:37:11.543+0000] {dagbag.py:538} INFO - Filling up the DagBag from /opt/airflow/dags/pipelines/merchants_to_clickhouse.py
[2025-11-07T09:37:11.586+0000] {processor.py:842} WARNING - No viable dags retrieved from /opt/airflow/dags/pipelines/merchants_to_clickhouse.py
[2025-11-07T09:37:11.626+0000] {processor.py:183} INFO - Processing /opt/airflow/dags/pipelines/merchants_to_clickhouse.py took 0.097 seconds
[2025-11-07T09:37:41.861+0000] {processor.py:161} INFO - Started process (PID=49825) to work on /opt/airflow/dags/pipelines/merchants_to_clickhouse.py
[2025-11-07T09:37:41.873+0000] {processor.py:830} INFO - Processing file /opt/airflow/dags/pipelines/merchants_to_clickhouse.py for tasks to queue
[2025-11-07T09:37:41.879+0000] {logging_mixin.py:188} INFO - [2025-11-07T09:37:41.878+0000] {dagbag.py:538} INFO - Filling up the DagBag from /opt/airflow/dags/pipelines/merchants_to_clickhouse.py
[2025-11-07T09:37:41.943+0000] {processor.py:842} WARNING - No viable dags retrieved from /opt/airflow/dags/pipelines/merchants_to_clickhouse.py
[2025-11-07T09:37:41.994+0000] {processor.py:183} INFO - Processing /opt/airflow/dags/pipelines/merchants_to_clickhouse.py took 0.144 seconds
[2025-11-07T09:38:12.717+0000] {processor.py:161} INFO - Started process (PID=49860) to work on /opt/airflow/dags/pipelines/merchants_to_clickhouse.py
[2025-11-07T09:38:12.720+0000] {processor.py:830} INFO - Processing file /opt/airflow/dags/pipelines/merchants_to_clickhouse.py for tasks to queue
[2025-11-07T09:38:12.723+0000] {logging_mixin.py:188} INFO - [2025-11-07T09:38:12.722+0000] {dagbag.py:538} INFO - Filling up the DagBag from /opt/airflow/dags/pipelines/merchants_to_clickhouse.py
[2025-11-07T09:38:12.769+0000] {processor.py:842} WARNING - No viable dags retrieved from /opt/airflow/dags/pipelines/merchants_to_clickhouse.py
[2025-11-07T09:38:12.820+0000] {processor.py:183} INFO - Processing /opt/airflow/dags/pipelines/merchants_to_clickhouse.py took 0.115 seconds
[2025-11-07T09:38:43.238+0000] {processor.py:161} INFO - Started process (PID=49895) to work on /opt/airflow/dags/pipelines/merchants_to_clickhouse.py
[2025-11-07T09:38:43.240+0000] {processor.py:830} INFO - Processing file /opt/airflow/dags/pipelines/merchants_to_clickhouse.py for tasks to queue
[2025-11-07T09:38:43.247+0000] {logging_mixin.py:188} INFO - [2025-11-07T09:38:43.245+0000] {dagbag.py:538} INFO - Filling up the DagBag from /opt/airflow/dags/pipelines/merchants_to_clickhouse.py
[2025-11-07T09:38:43.297+0000] {processor.py:842} WARNING - No viable dags retrieved from /opt/airflow/dags/pipelines/merchants_to_clickhouse.py
[2025-11-07T09:38:43.349+0000] {processor.py:183} INFO - Processing /opt/airflow/dags/pipelines/merchants_to_clickhouse.py took 0.122 seconds
[2025-11-07T09:39:13.768+0000] {processor.py:161} INFO - Started process (PID=49932) to work on /opt/airflow/dags/pipelines/merchants_to_clickhouse.py
[2025-11-07T09:39:13.770+0000] {processor.py:830} INFO - Processing file /opt/airflow/dags/pipelines/merchants_to_clickhouse.py for tasks to queue
[2025-11-07T09:39:13.773+0000] {logging_mixin.py:188} INFO - [2025-11-07T09:39:13.772+0000] {dagbag.py:538} INFO - Filling up the DagBag from /opt/airflow/dags/pipelines/merchants_to_clickhouse.py
[2025-11-07T09:39:13.810+0000] {processor.py:842} WARNING - No viable dags retrieved from /opt/airflow/dags/pipelines/merchants_to_clickhouse.py
[2025-11-07T09:39:13.841+0000] {processor.py:183} INFO - Processing /opt/airflow/dags/pipelines/merchants_to_clickhouse.py took 0.079 seconds
[2025-11-07T09:39:44.765+0000] {processor.py:161} INFO - Started process (PID=49965) to work on /opt/airflow/dags/pipelines/merchants_to_clickhouse.py
[2025-11-07T09:39:44.769+0000] {processor.py:830} INFO - Processing file /opt/airflow/dags/pipelines/merchants_to_clickhouse.py for tasks to queue
[2025-11-07T09:39:44.773+0000] {logging_mixin.py:188} INFO - [2025-11-07T09:39:44.772+0000] {dagbag.py:538} INFO - Filling up the DagBag from /opt/airflow/dags/pipelines/merchants_to_clickhouse.py
[2025-11-07T09:39:44.846+0000] {processor.py:842} WARNING - No viable dags retrieved from /opt/airflow/dags/pipelines/merchants_to_clickhouse.py
[2025-11-07T09:39:44.909+0000] {processor.py:183} INFO - Processing /opt/airflow/dags/pipelines/merchants_to_clickhouse.py took 0.159 seconds
[2025-11-07T09:40:15.374+0000] {processor.py:161} INFO - Started process (PID=50002) to work on /opt/airflow/dags/pipelines/merchants_to_clickhouse.py
[2025-11-07T09:40:15.378+0000] {processor.py:830} INFO - Processing file /opt/airflow/dags/pipelines/merchants_to_clickhouse.py for tasks to queue
[2025-11-07T09:40:15.380+0000] {logging_mixin.py:188} INFO - [2025-11-07T09:40:15.379+0000] {dagbag.py:538} INFO - Filling up the DagBag from /opt/airflow/dags/pipelines/merchants_to_clickhouse.py
[2025-11-07T09:40:15.420+0000] {processor.py:842} WARNING - No viable dags retrieved from /opt/airflow/dags/pipelines/merchants_to_clickhouse.py
[2025-11-07T09:40:15.469+0000] {processor.py:183} INFO - Processing /opt/airflow/dags/pipelines/merchants_to_clickhouse.py took 0.104 seconds
[2025-11-07T09:40:45.980+0000] {processor.py:161} INFO - Started process (PID=50037) to work on /opt/airflow/dags/pipelines/merchants_to_clickhouse.py
[2025-11-07T09:40:45.983+0000] {processor.py:830} INFO - Processing file /opt/airflow/dags/pipelines/merchants_to_clickhouse.py for tasks to queue
[2025-11-07T09:40:45.985+0000] {logging_mixin.py:188} INFO - [2025-11-07T09:40:45.985+0000] {dagbag.py:538} INFO - Filling up the DagBag from /opt/airflow/dags/pipelines/merchants_to_clickhouse.py
[2025-11-07T09:40:46.036+0000] {processor.py:842} WARNING - No viable dags retrieved from /opt/airflow/dags/pipelines/merchants_to_clickhouse.py
[2025-11-07T09:40:46.083+0000] {processor.py:183} INFO - Processing /opt/airflow/dags/pipelines/merchants_to_clickhouse.py took 0.109 seconds
[2025-11-07T09:41:16.496+0000] {processor.py:161} INFO - Started process (PID=50070) to work on /opt/airflow/dags/pipelines/merchants_to_clickhouse.py
[2025-11-07T09:41:16.500+0000] {processor.py:830} INFO - Processing file /opt/airflow/dags/pipelines/merchants_to_clickhouse.py for tasks to queue
[2025-11-07T09:41:16.506+0000] {logging_mixin.py:188} INFO - [2025-11-07T09:41:16.505+0000] {dagbag.py:538} INFO - Filling up the DagBag from /opt/airflow/dags/pipelines/merchants_to_clickhouse.py
[2025-11-07T09:41:16.560+0000] {processor.py:842} WARNING - No viable dags retrieved from /opt/airflow/dags/pipelines/merchants_to_clickhouse.py
[2025-11-07T09:41:16.639+0000] {processor.py:183} INFO - Processing /opt/airflow/dags/pipelines/merchants_to_clickhouse.py took 0.159 seconds
[2025-11-07T09:41:47.309+0000] {processor.py:161} INFO - Started process (PID=50105) to work on /opt/airflow/dags/pipelines/merchants_to_clickhouse.py
[2025-11-07T09:41:47.313+0000] {processor.py:830} INFO - Processing file /opt/airflow/dags/pipelines/merchants_to_clickhouse.py for tasks to queue
[2025-11-07T09:41:47.315+0000] {logging_mixin.py:188} INFO - [2025-11-07T09:41:47.314+0000] {dagbag.py:538} INFO - Filling up the DagBag from /opt/airflow/dags/pipelines/merchants_to_clickhouse.py
[2025-11-07T09:41:47.363+0000] {processor.py:842} WARNING - No viable dags retrieved from /opt/airflow/dags/pipelines/merchants_to_clickhouse.py
[2025-11-07T09:41:47.410+0000] {processor.py:183} INFO - Processing /opt/airflow/dags/pipelines/merchants_to_clickhouse.py took 0.110 seconds
[2025-11-07T09:42:17.928+0000] {processor.py:161} INFO - Started process (PID=50142) to work on /opt/airflow/dags/pipelines/merchants_to_clickhouse.py
[2025-11-07T09:42:17.930+0000] {processor.py:830} INFO - Processing file /opt/airflow/dags/pipelines/merchants_to_clickhouse.py for tasks to queue
[2025-11-07T09:42:17.932+0000] {logging_mixin.py:188} INFO - [2025-11-07T09:42:17.932+0000] {dagbag.py:538} INFO - Filling up the DagBag from /opt/airflow/dags/pipelines/merchants_to_clickhouse.py
[2025-11-07T09:42:17.967+0000] {processor.py:842} WARNING - No viable dags retrieved from /opt/airflow/dags/pipelines/merchants_to_clickhouse.py
[2025-11-07T09:42:18.008+0000] {processor.py:183} INFO - Processing /opt/airflow/dags/pipelines/merchants_to_clickhouse.py took 0.089 seconds
[2025-11-07T09:42:48.346+0000] {processor.py:161} INFO - Started process (PID=50177) to work on /opt/airflow/dags/pipelines/merchants_to_clickhouse.py
[2025-11-07T09:42:48.349+0000] {processor.py:830} INFO - Processing file /opt/airflow/dags/pipelines/merchants_to_clickhouse.py for tasks to queue
[2025-11-07T09:42:48.354+0000] {logging_mixin.py:188} INFO - [2025-11-07T09:42:48.354+0000] {dagbag.py:538} INFO - Filling up the DagBag from /opt/airflow/dags/pipelines/merchants_to_clickhouse.py
[2025-11-07T09:42:48.398+0000] {processor.py:842} WARNING - No viable dags retrieved from /opt/airflow/dags/pipelines/merchants_to_clickhouse.py
[2025-11-07T09:42:48.444+0000] {processor.py:183} INFO - Processing /opt/airflow/dags/pipelines/merchants_to_clickhouse.py took 0.111 seconds
[2025-11-07T09:43:19.319+0000] {processor.py:161} INFO - Started process (PID=50210) to work on /opt/airflow/dags/pipelines/merchants_to_clickhouse.py
[2025-11-07T09:43:19.324+0000] {processor.py:830} INFO - Processing file /opt/airflow/dags/pipelines/merchants_to_clickhouse.py for tasks to queue
[2025-11-07T09:43:19.326+0000] {logging_mixin.py:188} INFO - [2025-11-07T09:43:19.325+0000] {dagbag.py:538} INFO - Filling up the DagBag from /opt/airflow/dags/pipelines/merchants_to_clickhouse.py
[2025-11-07T09:43:19.362+0000] {processor.py:842} WARNING - No viable dags retrieved from /opt/airflow/dags/pipelines/merchants_to_clickhouse.py
[2025-11-07T09:43:19.403+0000] {processor.py:183} INFO - Processing /opt/airflow/dags/pipelines/merchants_to_clickhouse.py took 0.095 seconds
[2025-11-07T09:43:49.637+0000] {processor.py:161} INFO - Started process (PID=50242) to work on /opt/airflow/dags/pipelines/merchants_to_clickhouse.py
[2025-11-07T09:43:49.639+0000] {processor.py:830} INFO - Processing file /opt/airflow/dags/pipelines/merchants_to_clickhouse.py for tasks to queue
[2025-11-07T09:43:49.642+0000] {logging_mixin.py:188} INFO - [2025-11-07T09:43:49.641+0000] {dagbag.py:538} INFO - Filling up the DagBag from /opt/airflow/dags/pipelines/merchants_to_clickhouse.py
[2025-11-07T09:43:49.677+0000] {processor.py:842} WARNING - No viable dags retrieved from /opt/airflow/dags/pipelines/merchants_to_clickhouse.py
[2025-11-07T09:43:49.717+0000] {processor.py:183} INFO - Processing /opt/airflow/dags/pipelines/merchants_to_clickhouse.py took 0.090 seconds
[2025-11-07T09:44:20.375+0000] {processor.py:161} INFO - Started process (PID=50277) to work on /opt/airflow/dags/pipelines/merchants_to_clickhouse.py
[2025-11-07T09:44:20.378+0000] {processor.py:830} INFO - Processing file /opt/airflow/dags/pipelines/merchants_to_clickhouse.py for tasks to queue
[2025-11-07T09:44:20.382+0000] {logging_mixin.py:188} INFO - [2025-11-07T09:44:20.381+0000] {dagbag.py:538} INFO - Filling up the DagBag from /opt/airflow/dags/pipelines/merchants_to_clickhouse.py
[2025-11-07T09:44:20.433+0000] {processor.py:842} WARNING - No viable dags retrieved from /opt/airflow/dags/pipelines/merchants_to_clickhouse.py
[2025-11-07T09:44:20.503+0000] {processor.py:183} INFO - Processing /opt/airflow/dags/pipelines/merchants_to_clickhouse.py took 0.140 seconds
[2025-11-07T09:44:50.706+0000] {processor.py:161} INFO - Started process (PID=50312) to work on /opt/airflow/dags/pipelines/merchants_to_clickhouse.py
[2025-11-07T09:44:50.708+0000] {processor.py:830} INFO - Processing file /opt/airflow/dags/pipelines/merchants_to_clickhouse.py for tasks to queue
[2025-11-07T09:44:50.710+0000] {logging_mixin.py:188} INFO - [2025-11-07T09:44:50.709+0000] {dagbag.py:538} INFO - Filling up the DagBag from /opt/airflow/dags/pipelines/merchants_to_clickhouse.py
[2025-11-07T09:44:50.753+0000] {processor.py:842} WARNING - No viable dags retrieved from /opt/airflow/dags/pipelines/merchants_to_clickhouse.py
[2025-11-07T09:44:50.801+0000] {processor.py:183} INFO - Processing /opt/airflow/dags/pipelines/merchants_to_clickhouse.py took 0.111 seconds
[2025-11-07T09:47:56.378+0000] {processor.py:161} INFO - Started process (PID=50357) to work on /opt/airflow/dags/pipelines/merchants_to_clickhouse.py
[2025-11-07T09:47:56.383+0000] {processor.py:830} INFO - Processing file /opt/airflow/dags/pipelines/merchants_to_clickhouse.py for tasks to queue
[2025-11-07T09:47:56.388+0000] {logging_mixin.py:188} INFO - [2025-11-07T09:47:56.386+0000] {dagbag.py:538} INFO - Filling up the DagBag from /opt/airflow/dags/pipelines/merchants_to_clickhouse.py
[2025-11-07T09:47:56.471+0000] {processor.py:842} WARNING - No viable dags retrieved from /opt/airflow/dags/pipelines/merchants_to_clickhouse.py
[2025-11-07T09:47:56.552+0000] {processor.py:183} INFO - Processing /opt/airflow/dags/pipelines/merchants_to_clickhouse.py took 0.194 seconds
[2025-11-07T09:48:27.085+0000] {processor.py:161} INFO - Started process (PID=50392) to work on /opt/airflow/dags/pipelines/merchants_to_clickhouse.py
[2025-11-07T09:48:27.093+0000] {processor.py:830} INFO - Processing file /opt/airflow/dags/pipelines/merchants_to_clickhouse.py for tasks to queue
[2025-11-07T09:48:27.099+0000] {logging_mixin.py:188} INFO - [2025-11-07T09:48:27.097+0000] {dagbag.py:538} INFO - Filling up the DagBag from /opt/airflow/dags/pipelines/merchants_to_clickhouse.py
[2025-11-07T09:48:27.150+0000] {processor.py:842} WARNING - No viable dags retrieved from /opt/airflow/dags/pipelines/merchants_to_clickhouse.py
[2025-11-07T09:48:27.203+0000] {processor.py:183} INFO - Processing /opt/airflow/dags/pipelines/merchants_to_clickhouse.py took 0.131 seconds
[2025-11-07T09:48:58.309+0000] {processor.py:161} INFO - Started process (PID=50427) to work on /opt/airflow/dags/pipelines/merchants_to_clickhouse.py
[2025-11-07T09:48:58.313+0000] {processor.py:830} INFO - Processing file /opt/airflow/dags/pipelines/merchants_to_clickhouse.py for tasks to queue
[2025-11-07T09:48:58.316+0000] {logging_mixin.py:188} INFO - [2025-11-07T09:48:58.315+0000] {dagbag.py:538} INFO - Filling up the DagBag from /opt/airflow/dags/pipelines/merchants_to_clickhouse.py
[2025-11-07T09:48:58.371+0000] {processor.py:842} WARNING - No viable dags retrieved from /opt/airflow/dags/pipelines/merchants_to_clickhouse.py
[2025-11-07T09:48:58.420+0000] {processor.py:183} INFO - Processing /opt/airflow/dags/pipelines/merchants_to_clickhouse.py took 0.124 seconds
[2025-11-07T09:49:29.648+0000] {processor.py:161} INFO - Started process (PID=50462) to work on /opt/airflow/dags/pipelines/merchants_to_clickhouse.py
[2025-11-07T09:49:29.651+0000] {processor.py:830} INFO - Processing file /opt/airflow/dags/pipelines/merchants_to_clickhouse.py for tasks to queue
[2025-11-07T09:49:29.658+0000] {logging_mixin.py:188} INFO - [2025-11-07T09:49:29.656+0000] {dagbag.py:538} INFO - Filling up the DagBag from /opt/airflow/dags/pipelines/merchants_to_clickhouse.py
[2025-11-07T09:49:29.715+0000] {processor.py:842} WARNING - No viable dags retrieved from /opt/airflow/dags/pipelines/merchants_to_clickhouse.py
[2025-11-07T09:49:29.769+0000] {processor.py:183} INFO - Processing /opt/airflow/dags/pipelines/merchants_to_clickhouse.py took 0.138 seconds
[2025-11-07T09:50:00.739+0000] {processor.py:161} INFO - Started process (PID=50497) to work on /opt/airflow/dags/pipelines/merchants_to_clickhouse.py
[2025-11-07T09:50:00.742+0000] {processor.py:830} INFO - Processing file /opt/airflow/dags/pipelines/merchants_to_clickhouse.py for tasks to queue
[2025-11-07T09:50:00.747+0000] {logging_mixin.py:188} INFO - [2025-11-07T09:50:00.746+0000] {dagbag.py:538} INFO - Filling up the DagBag from /opt/airflow/dags/pipelines/merchants_to_clickhouse.py
[2025-11-07T09:50:00.794+0000] {processor.py:842} WARNING - No viable dags retrieved from /opt/airflow/dags/pipelines/merchants_to_clickhouse.py
[2025-11-07T09:50:00.857+0000] {processor.py:183} INFO - Processing /opt/airflow/dags/pipelines/merchants_to_clickhouse.py took 0.127 seconds
[2025-11-07T11:35:38.497+0000] {processor.py:161} INFO - Started process (PID=50536) to work on /opt/airflow/dags/pipelines/merchants_to_clickhouse.py
[2025-11-07T11:35:38.523+0000] {processor.py:830} INFO - Processing file /opt/airflow/dags/pipelines/merchants_to_clickhouse.py for tasks to queue
[2025-11-07T11:35:38.543+0000] {logging_mixin.py:188} INFO - [2025-11-07T11:35:38.532+0000] {dagbag.py:538} INFO - Filling up the DagBag from /opt/airflow/dags/pipelines/merchants_to_clickhouse.py
[2025-11-07T11:35:38.911+0000] {processor.py:842} WARNING - No viable dags retrieved from /opt/airflow/dags/pipelines/merchants_to_clickhouse.py
[2025-11-07T11:35:39.010+0000] {processor.py:183} INFO - Processing /opt/airflow/dags/pipelines/merchants_to_clickhouse.py took 0.542 seconds
[2025-11-07T11:36:09.163+0000] {processor.py:161} INFO - Started process (PID=50571) to work on /opt/airflow/dags/pipelines/merchants_to_clickhouse.py
[2025-11-07T11:36:09.164+0000] {processor.py:830} INFO - Processing file /opt/airflow/dags/pipelines/merchants_to_clickhouse.py for tasks to queue
[2025-11-07T11:36:09.165+0000] {logging_mixin.py:188} INFO - [2025-11-07T11:36:09.165+0000] {dagbag.py:538} INFO - Filling up the DagBag from /opt/airflow/dags/pipelines/merchants_to_clickhouse.py
[2025-11-07T11:36:09.182+0000] {processor.py:842} WARNING - No viable dags retrieved from /opt/airflow/dags/pipelines/merchants_to_clickhouse.py
[2025-11-07T11:36:09.204+0000] {processor.py:183} INFO - Processing /opt/airflow/dags/pipelines/merchants_to_clickhouse.py took 0.047 seconds
[2025-11-07T11:36:40.077+0000] {processor.py:161} INFO - Started process (PID=50606) to work on /opt/airflow/dags/pipelines/merchants_to_clickhouse.py
[2025-11-07T11:36:40.078+0000] {processor.py:830} INFO - Processing file /opt/airflow/dags/pipelines/merchants_to_clickhouse.py for tasks to queue
[2025-11-07T11:36:40.079+0000] {logging_mixin.py:188} INFO - [2025-11-07T11:36:40.079+0000] {dagbag.py:538} INFO - Filling up the DagBag from /opt/airflow/dags/pipelines/merchants_to_clickhouse.py
[2025-11-07T11:36:40.098+0000] {processor.py:842} WARNING - No viable dags retrieved from /opt/airflow/dags/pipelines/merchants_to_clickhouse.py
[2025-11-07T11:36:40.120+0000] {processor.py:183} INFO - Processing /opt/airflow/dags/pipelines/merchants_to_clickhouse.py took 0.047 seconds
[2025-11-07T11:37:10.229+0000] {processor.py:161} INFO - Started process (PID=50641) to work on /opt/airflow/dags/pipelines/merchants_to_clickhouse.py
[2025-11-07T11:37:10.230+0000] {processor.py:830} INFO - Processing file /opt/airflow/dags/pipelines/merchants_to_clickhouse.py for tasks to queue
[2025-11-07T11:37:10.231+0000] {logging_mixin.py:188} INFO - [2025-11-07T11:37:10.231+0000] {dagbag.py:538} INFO - Filling up the DagBag from /opt/airflow/dags/pipelines/merchants_to_clickhouse.py
[2025-11-07T11:37:10.245+0000] {processor.py:842} WARNING - No viable dags retrieved from /opt/airflow/dags/pipelines/merchants_to_clickhouse.py
[2025-11-07T11:37:10.260+0000] {processor.py:183} INFO - Processing /opt/airflow/dags/pipelines/merchants_to_clickhouse.py took 0.034 seconds
[2025-11-07T11:37:40.424+0000] {processor.py:161} INFO - Started process (PID=50676) to work on /opt/airflow/dags/pipelines/merchants_to_clickhouse.py
[2025-11-07T11:37:40.425+0000] {processor.py:830} INFO - Processing file /opt/airflow/dags/pipelines/merchants_to_clickhouse.py for tasks to queue
[2025-11-07T11:37:40.426+0000] {logging_mixin.py:188} INFO - [2025-11-07T11:37:40.426+0000] {dagbag.py:538} INFO - Filling up the DagBag from /opt/airflow/dags/pipelines/merchants_to_clickhouse.py
[2025-11-07T11:37:40.442+0000] {processor.py:842} WARNING - No viable dags retrieved from /opt/airflow/dags/pipelines/merchants_to_clickhouse.py
[2025-11-07T11:37:40.459+0000] {processor.py:183} INFO - Processing /opt/airflow/dags/pipelines/merchants_to_clickhouse.py took 0.038 seconds
[2025-11-07T11:38:11.701+0000] {processor.py:161} INFO - Started process (PID=50713) to work on /opt/airflow/dags/pipelines/merchants_to_clickhouse.py
[2025-11-07T11:38:11.702+0000] {processor.py:830} INFO - Processing file /opt/airflow/dags/pipelines/merchants_to_clickhouse.py for tasks to queue
[2025-11-07T11:38:11.703+0000] {logging_mixin.py:188} INFO - [2025-11-07T11:38:11.703+0000] {dagbag.py:538} INFO - Filling up the DagBag from /opt/airflow/dags/pipelines/merchants_to_clickhouse.py
[2025-11-07T11:38:11.716+0000] {processor.py:842} WARNING - No viable dags retrieved from /opt/airflow/dags/pipelines/merchants_to_clickhouse.py
[2025-11-07T11:38:11.732+0000] {processor.py:183} INFO - Processing /opt/airflow/dags/pipelines/merchants_to_clickhouse.py took 0.034 seconds
[2025-11-07T11:38:42.004+0000] {processor.py:161} INFO - Started process (PID=50748) to work on /opt/airflow/dags/pipelines/merchants_to_clickhouse.py
[2025-11-07T11:38:42.005+0000] {processor.py:830} INFO - Processing file /opt/airflow/dags/pipelines/merchants_to_clickhouse.py for tasks to queue
[2025-11-07T11:38:42.006+0000] {logging_mixin.py:188} INFO - [2025-11-07T11:38:42.006+0000] {dagbag.py:538} INFO - Filling up the DagBag from /opt/airflow/dags/pipelines/merchants_to_clickhouse.py
[2025-11-07T11:38:42.020+0000] {processor.py:842} WARNING - No viable dags retrieved from /opt/airflow/dags/pipelines/merchants_to_clickhouse.py
[2025-11-07T11:38:42.035+0000] {processor.py:183} INFO - Processing /opt/airflow/dags/pipelines/merchants_to_clickhouse.py took 0.034 seconds
[2025-11-07T13:06:01.407+0000] {processor.py:161} INFO - Started process (PID=50785) to work on /opt/airflow/dags/pipelines/merchants_to_clickhouse.py
[2025-11-07T13:06:01.409+0000] {processor.py:830} INFO - Processing file /opt/airflow/dags/pipelines/merchants_to_clickhouse.py for tasks to queue
[2025-11-07T13:06:01.411+0000] {logging_mixin.py:188} INFO - [2025-11-07T13:06:01.410+0000] {dagbag.py:538} INFO - Filling up the DagBag from /opt/airflow/dags/pipelines/merchants_to_clickhouse.py
[2025-11-07T13:06:01.446+0000] {processor.py:842} WARNING - No viable dags retrieved from /opt/airflow/dags/pipelines/merchants_to_clickhouse.py
[2025-11-07T13:06:01.495+0000] {processor.py:183} INFO - Processing /opt/airflow/dags/pipelines/merchants_to_clickhouse.py took 0.099 seconds
[2025-11-07T13:12:26.749+0000] {processor.py:161} INFO - Started process (PID=50822) to work on /opt/airflow/dags/pipelines/merchants_to_clickhouse.py
[2025-11-07T13:12:26.751+0000] {processor.py:830} INFO - Processing file /opt/airflow/dags/pipelines/merchants_to_clickhouse.py for tasks to queue
[2025-11-07T13:12:26.753+0000] {logging_mixin.py:188} INFO - [2025-11-07T13:12:26.752+0000] {dagbag.py:538} INFO - Filling up the DagBag from /opt/airflow/dags/pipelines/merchants_to_clickhouse.py
[2025-11-07T13:12:26.776+0000] {processor.py:842} WARNING - No viable dags retrieved from /opt/airflow/dags/pipelines/merchants_to_clickhouse.py
[2025-11-07T13:12:26.803+0000] {processor.py:183} INFO - Processing /opt/airflow/dags/pipelines/merchants_to_clickhouse.py took 0.062 seconds
[2025-11-07T13:12:57.755+0000] {processor.py:161} INFO - Started process (PID=50859) to work on /opt/airflow/dags/pipelines/merchants_to_clickhouse.py
[2025-11-07T13:12:57.756+0000] {processor.py:830} INFO - Processing file /opt/airflow/dags/pipelines/merchants_to_clickhouse.py for tasks to queue
[2025-11-07T13:12:57.758+0000] {logging_mixin.py:188} INFO - [2025-11-07T13:12:57.758+0000] {dagbag.py:538} INFO - Filling up the DagBag from /opt/airflow/dags/pipelines/merchants_to_clickhouse.py
[2025-11-07T13:12:57.777+0000] {processor.py:842} WARNING - No viable dags retrieved from /opt/airflow/dags/pipelines/merchants_to_clickhouse.py
[2025-11-07T13:12:57.803+0000] {processor.py:183} INFO - Processing /opt/airflow/dags/pipelines/merchants_to_clickhouse.py took 0.051 seconds
[2025-11-07T13:13:28.107+0000] {processor.py:161} INFO - Started process (PID=50894) to work on /opt/airflow/dags/pipelines/merchants_to_clickhouse.py
[2025-11-07T13:13:28.109+0000] {processor.py:830} INFO - Processing file /opt/airflow/dags/pipelines/merchants_to_clickhouse.py for tasks to queue
[2025-11-07T13:13:28.110+0000] {logging_mixin.py:188} INFO - [2025-11-07T13:13:28.109+0000] {dagbag.py:538} INFO - Filling up the DagBag from /opt/airflow/dags/pipelines/merchants_to_clickhouse.py
[2025-11-07T13:13:28.124+0000] {processor.py:842} WARNING - No viable dags retrieved from /opt/airflow/dags/pipelines/merchants_to_clickhouse.py
[2025-11-07T13:13:28.142+0000] {processor.py:183} INFO - Processing /opt/airflow/dags/pipelines/merchants_to_clickhouse.py took 0.039 seconds
[2025-11-07T13:13:59.223+0000] {processor.py:161} INFO - Started process (PID=50929) to work on /opt/airflow/dags/pipelines/merchants_to_clickhouse.py
[2025-11-07T13:13:59.224+0000] {processor.py:830} INFO - Processing file /opt/airflow/dags/pipelines/merchants_to_clickhouse.py for tasks to queue
[2025-11-07T13:13:59.227+0000] {logging_mixin.py:188} INFO - [2025-11-07T13:13:59.226+0000] {dagbag.py:538} INFO - Filling up the DagBag from /opt/airflow/dags/pipelines/merchants_to_clickhouse.py
[2025-11-07T13:13:59.243+0000] {processor.py:842} WARNING - No viable dags retrieved from /opt/airflow/dags/pipelines/merchants_to_clickhouse.py
[2025-11-07T13:13:59.261+0000] {processor.py:183} INFO - Processing /opt/airflow/dags/pipelines/merchants_to_clickhouse.py took 0.042 seconds
[2025-11-07T13:14:30.252+0000] {processor.py:161} INFO - Started process (PID=50964) to work on /opt/airflow/dags/pipelines/merchants_to_clickhouse.py
[2025-11-07T13:14:30.255+0000] {processor.py:830} INFO - Processing file /opt/airflow/dags/pipelines/merchants_to_clickhouse.py for tasks to queue
[2025-11-07T13:14:30.257+0000] {logging_mixin.py:188} INFO - [2025-11-07T13:14:30.257+0000] {dagbag.py:538} INFO - Filling up the DagBag from /opt/airflow/dags/pipelines/merchants_to_clickhouse.py
[2025-11-07T13:14:30.281+0000] {processor.py:842} WARNING - No viable dags retrieved from /opt/airflow/dags/pipelines/merchants_to_clickhouse.py
[2025-11-07T13:14:30.305+0000] {processor.py:183} INFO - Processing /opt/airflow/dags/pipelines/merchants_to_clickhouse.py took 0.057 seconds
[2025-11-07T13:15:01.230+0000] {processor.py:161} INFO - Started process (PID=50999) to work on /opt/airflow/dags/pipelines/merchants_to_clickhouse.py
[2025-11-07T13:15:01.231+0000] {processor.py:830} INFO - Processing file /opt/airflow/dags/pipelines/merchants_to_clickhouse.py for tasks to queue
[2025-11-07T13:15:01.232+0000] {logging_mixin.py:188} INFO - [2025-11-07T13:15:01.232+0000] {dagbag.py:538} INFO - Filling up the DagBag from /opt/airflow/dags/pipelines/merchants_to_clickhouse.py
[2025-11-07T13:15:01.249+0000] {processor.py:842} WARNING - No viable dags retrieved from /opt/airflow/dags/pipelines/merchants_to_clickhouse.py
[2025-11-07T13:15:01.267+0000] {processor.py:183} INFO - Processing /opt/airflow/dags/pipelines/merchants_to_clickhouse.py took 0.040 seconds
[2025-11-07T13:15:32.357+0000] {processor.py:161} INFO - Started process (PID=51034) to work on /opt/airflow/dags/pipelines/merchants_to_clickhouse.py
[2025-11-07T13:15:32.359+0000] {processor.py:830} INFO - Processing file /opt/airflow/dags/pipelines/merchants_to_clickhouse.py for tasks to queue
[2025-11-07T13:15:32.361+0000] {logging_mixin.py:188} INFO - [2025-11-07T13:15:32.360+0000] {dagbag.py:538} INFO - Filling up the DagBag from /opt/airflow/dags/pipelines/merchants_to_clickhouse.py
[2025-11-07T13:15:32.380+0000] {processor.py:842} WARNING - No viable dags retrieved from /opt/airflow/dags/pipelines/merchants_to_clickhouse.py
[2025-11-07T13:15:32.402+0000] {processor.py:183} INFO - Processing /opt/airflow/dags/pipelines/merchants_to_clickhouse.py took 0.050 seconds
[2025-11-07T13:16:03.423+0000] {processor.py:161} INFO - Started process (PID=51069) to work on /opt/airflow/dags/pipelines/merchants_to_clickhouse.py
[2025-11-07T13:16:03.425+0000] {processor.py:830} INFO - Processing file /opt/airflow/dags/pipelines/merchants_to_clickhouse.py for tasks to queue
[2025-11-07T13:16:03.426+0000] {logging_mixin.py:188} INFO - [2025-11-07T13:16:03.425+0000] {dagbag.py:538} INFO - Filling up the DagBag from /opt/airflow/dags/pipelines/merchants_to_clickhouse.py
[2025-11-07T13:16:03.440+0000] {processor.py:842} WARNING - No viable dags retrieved from /opt/airflow/dags/pipelines/merchants_to_clickhouse.py
[2025-11-07T13:16:03.459+0000] {processor.py:183} INFO - Processing /opt/airflow/dags/pipelines/merchants_to_clickhouse.py took 0.039 seconds
[2025-11-07T13:16:34.525+0000] {processor.py:161} INFO - Started process (PID=51104) to work on /opt/airflow/dags/pipelines/merchants_to_clickhouse.py
[2025-11-07T13:16:34.527+0000] {processor.py:830} INFO - Processing file /opt/airflow/dags/pipelines/merchants_to_clickhouse.py for tasks to queue
[2025-11-07T13:16:34.528+0000] {logging_mixin.py:188} INFO - [2025-11-07T13:16:34.528+0000] {dagbag.py:538} INFO - Filling up the DagBag from /opt/airflow/dags/pipelines/merchants_to_clickhouse.py
[2025-11-07T13:16:34.549+0000] {processor.py:842} WARNING - No viable dags retrieved from /opt/airflow/dags/pipelines/merchants_to_clickhouse.py
[2025-11-07T13:16:34.572+0000] {processor.py:183} INFO - Processing /opt/airflow/dags/pipelines/merchants_to_clickhouse.py took 0.051 seconds
[2025-11-07T13:17:05.506+0000] {processor.py:161} INFO - Started process (PID=51139) to work on /opt/airflow/dags/pipelines/merchants_to_clickhouse.py
[2025-11-07T13:17:05.507+0000] {processor.py:830} INFO - Processing file /opt/airflow/dags/pipelines/merchants_to_clickhouse.py for tasks to queue
[2025-11-07T13:17:05.508+0000] {logging_mixin.py:188} INFO - [2025-11-07T13:17:05.508+0000] {dagbag.py:538} INFO - Filling up the DagBag from /opt/airflow/dags/pipelines/merchants_to_clickhouse.py
[2025-11-07T13:17:05.524+0000] {processor.py:842} WARNING - No viable dags retrieved from /opt/airflow/dags/pipelines/merchants_to_clickhouse.py
[2025-11-07T13:17:05.541+0000] {processor.py:183} INFO - Processing /opt/airflow/dags/pipelines/merchants_to_clickhouse.py took 0.039 seconds
[2025-11-07T13:17:36.579+0000] {processor.py:161} INFO - Started process (PID=51174) to work on /opt/airflow/dags/pipelines/merchants_to_clickhouse.py
[2025-11-07T13:17:36.581+0000] {processor.py:830} INFO - Processing file /opt/airflow/dags/pipelines/merchants_to_clickhouse.py for tasks to queue
[2025-11-07T13:17:36.583+0000] {logging_mixin.py:188} INFO - [2025-11-07T13:17:36.582+0000] {dagbag.py:538} INFO - Filling up the DagBag from /opt/airflow/dags/pipelines/merchants_to_clickhouse.py
[2025-11-07T13:17:36.598+0000] {processor.py:842} WARNING - No viable dags retrieved from /opt/airflow/dags/pipelines/merchants_to_clickhouse.py
[2025-11-07T13:17:36.615+0000] {processor.py:183} INFO - Processing /opt/airflow/dags/pipelines/merchants_to_clickhouse.py took 0.039 seconds
[2025-11-07T13:18:07.570+0000] {processor.py:161} INFO - Started process (PID=51209) to work on /opt/airflow/dags/pipelines/merchants_to_clickhouse.py
[2025-11-07T13:18:07.571+0000] {processor.py:830} INFO - Processing file /opt/airflow/dags/pipelines/merchants_to_clickhouse.py for tasks to queue
[2025-11-07T13:18:07.573+0000] {logging_mixin.py:188} INFO - [2025-11-07T13:18:07.572+0000] {dagbag.py:538} INFO - Filling up the DagBag from /opt/airflow/dags/pipelines/merchants_to_clickhouse.py
[2025-11-07T13:18:07.592+0000] {processor.py:842} WARNING - No viable dags retrieved from /opt/airflow/dags/pipelines/merchants_to_clickhouse.py
[2025-11-07T13:18:07.611+0000] {processor.py:183} INFO - Processing /opt/airflow/dags/pipelines/merchants_to_clickhouse.py took 0.045 seconds
[2025-11-07T13:18:38.618+0000] {processor.py:161} INFO - Started process (PID=51244) to work on /opt/airflow/dags/pipelines/merchants_to_clickhouse.py
[2025-11-07T13:18:38.619+0000] {processor.py:830} INFO - Processing file /opt/airflow/dags/pipelines/merchants_to_clickhouse.py for tasks to queue
[2025-11-07T13:18:38.620+0000] {logging_mixin.py:188} INFO - [2025-11-07T13:18:38.620+0000] {dagbag.py:538} INFO - Filling up the DagBag from /opt/airflow/dags/pipelines/merchants_to_clickhouse.py
[2025-11-07T13:18:38.639+0000] {processor.py:842} WARNING - No viable dags retrieved from /opt/airflow/dags/pipelines/merchants_to_clickhouse.py
[2025-11-07T13:18:38.656+0000] {processor.py:183} INFO - Processing /opt/airflow/dags/pipelines/merchants_to_clickhouse.py took 0.043 seconds
[2025-11-07T13:19:09.546+0000] {processor.py:161} INFO - Started process (PID=51279) to work on /opt/airflow/dags/pipelines/merchants_to_clickhouse.py
[2025-11-07T13:19:09.547+0000] {processor.py:830} INFO - Processing file /opt/airflow/dags/pipelines/merchants_to_clickhouse.py for tasks to queue
[2025-11-07T13:19:09.548+0000] {logging_mixin.py:188} INFO - [2025-11-07T13:19:09.548+0000] {dagbag.py:538} INFO - Filling up the DagBag from /opt/airflow/dags/pipelines/merchants_to_clickhouse.py
[2025-11-07T13:19:09.564+0000] {processor.py:842} WARNING - No viable dags retrieved from /opt/airflow/dags/pipelines/merchants_to_clickhouse.py
[2025-11-07T13:19:09.585+0000] {processor.py:183} INFO - Processing /opt/airflow/dags/pipelines/merchants_to_clickhouse.py took 0.043 seconds
[2025-11-07T13:19:40.592+0000] {processor.py:161} INFO - Started process (PID=51314) to work on /opt/airflow/dags/pipelines/merchants_to_clickhouse.py
[2025-11-07T13:19:40.594+0000] {processor.py:830} INFO - Processing file /opt/airflow/dags/pipelines/merchants_to_clickhouse.py for tasks to queue
[2025-11-07T13:19:40.596+0000] {logging_mixin.py:188} INFO - [2025-11-07T13:19:40.595+0000] {dagbag.py:538} INFO - Filling up the DagBag from /opt/airflow/dags/pipelines/merchants_to_clickhouse.py
[2025-11-07T13:19:40.615+0000] {processor.py:842} WARNING - No viable dags retrieved from /opt/airflow/dags/pipelines/merchants_to_clickhouse.py
[2025-11-07T13:19:40.635+0000] {processor.py:183} INFO - Processing /opt/airflow/dags/pipelines/merchants_to_clickhouse.py took 0.047 seconds
[2025-11-07T13:20:11.510+0000] {processor.py:161} INFO - Started process (PID=51347) to work on /opt/airflow/dags/pipelines/merchants_to_clickhouse.py
[2025-11-07T13:20:11.511+0000] {processor.py:830} INFO - Processing file /opt/airflow/dags/pipelines/merchants_to_clickhouse.py for tasks to queue
[2025-11-07T13:20:11.512+0000] {logging_mixin.py:188} INFO - [2025-11-07T13:20:11.512+0000] {dagbag.py:538} INFO - Filling up the DagBag from /opt/airflow/dags/pipelines/merchants_to_clickhouse.py
[2025-11-07T13:20:11.528+0000] {processor.py:842} WARNING - No viable dags retrieved from /opt/airflow/dags/pipelines/merchants_to_clickhouse.py
[2025-11-07T13:20:11.548+0000] {processor.py:183} INFO - Processing /opt/airflow/dags/pipelines/merchants_to_clickhouse.py took 0.042 seconds
[2025-11-07T13:20:42.558+0000] {processor.py:161} INFO - Started process (PID=51384) to work on /opt/airflow/dags/pipelines/merchants_to_clickhouse.py
[2025-11-07T13:20:42.559+0000] {processor.py:830} INFO - Processing file /opt/airflow/dags/pipelines/merchants_to_clickhouse.py for tasks to queue
[2025-11-07T13:20:42.561+0000] {logging_mixin.py:188} INFO - [2025-11-07T13:20:42.560+0000] {dagbag.py:538} INFO - Filling up the DagBag from /opt/airflow/dags/pipelines/merchants_to_clickhouse.py
[2025-11-07T13:20:42.579+0000] {processor.py:842} WARNING - No viable dags retrieved from /opt/airflow/dags/pipelines/merchants_to_clickhouse.py
[2025-11-07T13:20:42.602+0000] {processor.py:183} INFO - Processing /opt/airflow/dags/pipelines/merchants_to_clickhouse.py took 0.050 seconds
[2025-11-07T13:21:13.632+0000] {processor.py:161} INFO - Started process (PID=51419) to work on /opt/airflow/dags/pipelines/merchants_to_clickhouse.py
[2025-11-07T13:21:13.633+0000] {processor.py:830} INFO - Processing file /opt/airflow/dags/pipelines/merchants_to_clickhouse.py for tasks to queue
[2025-11-07T13:21:13.635+0000] {logging_mixin.py:188} INFO - [2025-11-07T13:21:13.634+0000] {dagbag.py:538} INFO - Filling up the DagBag from /opt/airflow/dags/pipelines/merchants_to_clickhouse.py
[2025-11-07T13:21:13.651+0000] {processor.py:842} WARNING - No viable dags retrieved from /opt/airflow/dags/pipelines/merchants_to_clickhouse.py
[2025-11-07T13:21:13.673+0000] {processor.py:183} INFO - Processing /opt/airflow/dags/pipelines/merchants_to_clickhouse.py took 0.045 seconds
[2025-11-07T13:21:44.621+0000] {processor.py:161} INFO - Started process (PID=51454) to work on /opt/airflow/dags/pipelines/merchants_to_clickhouse.py
[2025-11-07T13:21:44.623+0000] {processor.py:830} INFO - Processing file /opt/airflow/dags/pipelines/merchants_to_clickhouse.py for tasks to queue
[2025-11-07T13:21:44.625+0000] {logging_mixin.py:188} INFO - [2025-11-07T13:21:44.624+0000] {dagbag.py:538} INFO - Filling up the DagBag from /opt/airflow/dags/pipelines/merchants_to_clickhouse.py
[2025-11-07T13:21:44.639+0000] {processor.py:842} WARNING - No viable dags retrieved from /opt/airflow/dags/pipelines/merchants_to_clickhouse.py
[2025-11-07T13:21:44.657+0000] {processor.py:183} INFO - Processing /opt/airflow/dags/pipelines/merchants_to_clickhouse.py took 0.039 seconds
[2025-11-07T13:22:15.583+0000] {processor.py:161} INFO - Started process (PID=51489) to work on /opt/airflow/dags/pipelines/merchants_to_clickhouse.py
[2025-11-07T13:22:15.584+0000] {processor.py:830} INFO - Processing file /opt/airflow/dags/pipelines/merchants_to_clickhouse.py for tasks to queue
[2025-11-07T13:22:15.585+0000] {logging_mixin.py:188} INFO - [2025-11-07T13:22:15.585+0000] {dagbag.py:538} INFO - Filling up the DagBag from /opt/airflow/dags/pipelines/merchants_to_clickhouse.py
[2025-11-07T13:22:15.601+0000] {processor.py:842} WARNING - No viable dags retrieved from /opt/airflow/dags/pipelines/merchants_to_clickhouse.py
[2025-11-07T13:22:15.618+0000] {processor.py:183} INFO - Processing /opt/airflow/dags/pipelines/merchants_to_clickhouse.py took 0.039 seconds
[2025-11-07T13:22:46.637+0000] {processor.py:161} INFO - Started process (PID=51524) to work on /opt/airflow/dags/pipelines/merchants_to_clickhouse.py
[2025-11-07T13:22:46.638+0000] {processor.py:830} INFO - Processing file /opt/airflow/dags/pipelines/merchants_to_clickhouse.py for tasks to queue
[2025-11-07T13:22:46.640+0000] {logging_mixin.py:188} INFO - [2025-11-07T13:22:46.639+0000] {dagbag.py:538} INFO - Filling up the DagBag from /opt/airflow/dags/pipelines/merchants_to_clickhouse.py
[2025-11-07T13:22:46.656+0000] {processor.py:842} WARNING - No viable dags retrieved from /opt/airflow/dags/pipelines/merchants_to_clickhouse.py
[2025-11-07T13:22:46.674+0000] {processor.py:183} INFO - Processing /opt/airflow/dags/pipelines/merchants_to_clickhouse.py took 0.042 seconds
[2025-11-07T13:23:17.569+0000] {processor.py:161} INFO - Started process (PID=51559) to work on /opt/airflow/dags/pipelines/merchants_to_clickhouse.py
[2025-11-07T13:23:17.571+0000] {processor.py:830} INFO - Processing file /opt/airflow/dags/pipelines/merchants_to_clickhouse.py for tasks to queue
[2025-11-07T13:23:17.573+0000] {logging_mixin.py:188} INFO - [2025-11-07T13:23:17.572+0000] {dagbag.py:538} INFO - Filling up the DagBag from /opt/airflow/dags/pipelines/merchants_to_clickhouse.py
[2025-11-07T13:23:17.588+0000] {processor.py:842} WARNING - No viable dags retrieved from /opt/airflow/dags/pipelines/merchants_to_clickhouse.py
[2025-11-07T13:23:17.606+0000] {processor.py:183} INFO - Processing /opt/airflow/dags/pipelines/merchants_to_clickhouse.py took 0.040 seconds
[2025-11-07T13:23:48.527+0000] {processor.py:161} INFO - Started process (PID=51594) to work on /opt/airflow/dags/pipelines/merchants_to_clickhouse.py
[2025-11-07T13:23:48.529+0000] {processor.py:830} INFO - Processing file /opt/airflow/dags/pipelines/merchants_to_clickhouse.py for tasks to queue
[2025-11-07T13:23:48.530+0000] {logging_mixin.py:188} INFO - [2025-11-07T13:23:48.529+0000] {dagbag.py:538} INFO - Filling up the DagBag from /opt/airflow/dags/pipelines/merchants_to_clickhouse.py
[2025-11-07T13:23:48.544+0000] {processor.py:842} WARNING - No viable dags retrieved from /opt/airflow/dags/pipelines/merchants_to_clickhouse.py
[2025-11-07T13:23:48.563+0000] {processor.py:183} INFO - Processing /opt/airflow/dags/pipelines/merchants_to_clickhouse.py took 0.039 seconds
[2025-11-07T13:24:19.621+0000] {processor.py:161} INFO - Started process (PID=51629) to work on /opt/airflow/dags/pipelines/merchants_to_clickhouse.py
[2025-11-07T13:24:19.623+0000] {processor.py:830} INFO - Processing file /opt/airflow/dags/pipelines/merchants_to_clickhouse.py for tasks to queue
[2025-11-07T13:24:19.624+0000] {logging_mixin.py:188} INFO - [2025-11-07T13:24:19.624+0000] {dagbag.py:538} INFO - Filling up the DagBag from /opt/airflow/dags/pipelines/merchants_to_clickhouse.py
[2025-11-07T13:24:19.641+0000] {processor.py:842} WARNING - No viable dags retrieved from /opt/airflow/dags/pipelines/merchants_to_clickhouse.py
[2025-11-07T13:24:19.660+0000] {processor.py:183} INFO - Processing /opt/airflow/dags/pipelines/merchants_to_clickhouse.py took 0.043 seconds
[2025-11-07T13:24:50.730+0000] {processor.py:161} INFO - Started process (PID=51664) to work on /opt/airflow/dags/pipelines/merchants_to_clickhouse.py
[2025-11-07T13:24:50.732+0000] {processor.py:830} INFO - Processing file /opt/airflow/dags/pipelines/merchants_to_clickhouse.py for tasks to queue
[2025-11-07T13:24:50.734+0000] {logging_mixin.py:188} INFO - [2025-11-07T13:24:50.733+0000] {dagbag.py:538} INFO - Filling up the DagBag from /opt/airflow/dags/pipelines/merchants_to_clickhouse.py
[2025-11-07T13:24:50.762+0000] {processor.py:842} WARNING - No viable dags retrieved from /opt/airflow/dags/pipelines/merchants_to_clickhouse.py
[2025-11-07T13:24:50.808+0000] {processor.py:183} INFO - Processing /opt/airflow/dags/pipelines/merchants_to_clickhouse.py took 0.083 seconds
[2025-11-07T13:25:21.598+0000] {processor.py:161} INFO - Started process (PID=51697) to work on /opt/airflow/dags/pipelines/merchants_to_clickhouse.py
[2025-11-07T13:25:21.602+0000] {processor.py:830} INFO - Processing file /opt/airflow/dags/pipelines/merchants_to_clickhouse.py for tasks to queue
[2025-11-07T13:25:21.605+0000] {logging_mixin.py:188} INFO - [2025-11-07T13:25:21.604+0000] {dagbag.py:538} INFO - Filling up the DagBag from /opt/airflow/dags/pipelines/merchants_to_clickhouse.py
[2025-11-07T13:25:21.651+0000] {processor.py:842} WARNING - No viable dags retrieved from /opt/airflow/dags/pipelines/merchants_to_clickhouse.py
[2025-11-07T13:25:21.682+0000] {processor.py:183} INFO - Processing /opt/airflow/dags/pipelines/merchants_to_clickhouse.py took 0.090 seconds
[2025-11-07T13:25:52.082+0000] {processor.py:161} INFO - Started process (PID=51734) to work on /opt/airflow/dags/pipelines/merchants_to_clickhouse.py
[2025-11-07T13:25:52.085+0000] {processor.py:830} INFO - Processing file /opt/airflow/dags/pipelines/merchants_to_clickhouse.py for tasks to queue
[2025-11-07T13:25:52.087+0000] {logging_mixin.py:188} INFO - [2025-11-07T13:25:52.087+0000] {dagbag.py:538} INFO - Filling up the DagBag from /opt/airflow/dags/pipelines/merchants_to_clickhouse.py
[2025-11-07T13:25:52.107+0000] {processor.py:842} WARNING - No viable dags retrieved from /opt/airflow/dags/pipelines/merchants_to_clickhouse.py
[2025-11-07T13:25:52.131+0000] {processor.py:183} INFO - Processing /opt/airflow/dags/pipelines/merchants_to_clickhouse.py took 0.053 seconds
[2025-11-07T13:26:23.034+0000] {processor.py:161} INFO - Started process (PID=51767) to work on /opt/airflow/dags/pipelines/merchants_to_clickhouse.py
[2025-11-07T13:26:23.036+0000] {processor.py:830} INFO - Processing file /opt/airflow/dags/pipelines/merchants_to_clickhouse.py for tasks to queue
[2025-11-07T13:26:23.037+0000] {logging_mixin.py:188} INFO - [2025-11-07T13:26:23.037+0000] {dagbag.py:538} INFO - Filling up the DagBag from /opt/airflow/dags/pipelines/merchants_to_clickhouse.py
[2025-11-07T13:26:23.052+0000] {processor.py:842} WARNING - No viable dags retrieved from /opt/airflow/dags/pipelines/merchants_to_clickhouse.py
[2025-11-07T13:26:23.073+0000] {processor.py:183} INFO - Processing /opt/airflow/dags/pipelines/merchants_to_clickhouse.py took 0.042 seconds
[2025-11-07T13:26:54.089+0000] {processor.py:161} INFO - Started process (PID=51802) to work on /opt/airflow/dags/pipelines/merchants_to_clickhouse.py
[2025-11-07T13:26:54.090+0000] {processor.py:830} INFO - Processing file /opt/airflow/dags/pipelines/merchants_to_clickhouse.py for tasks to queue
[2025-11-07T13:26:54.091+0000] {logging_mixin.py:188} INFO - [2025-11-07T13:26:54.091+0000] {dagbag.py:538} INFO - Filling up the DagBag from /opt/airflow/dags/pipelines/merchants_to_clickhouse.py
[2025-11-07T13:26:54.107+0000] {processor.py:842} WARNING - No viable dags retrieved from /opt/airflow/dags/pipelines/merchants_to_clickhouse.py
[2025-11-07T13:26:54.127+0000] {processor.py:183} INFO - Processing /opt/airflow/dags/pipelines/merchants_to_clickhouse.py took 0.041 seconds
[2025-11-07T13:27:25.092+0000] {processor.py:161} INFO - Started process (PID=51837) to work on /opt/airflow/dags/pipelines/merchants_to_clickhouse.py
[2025-11-07T13:27:25.094+0000] {processor.py:830} INFO - Processing file /opt/airflow/dags/pipelines/merchants_to_clickhouse.py for tasks to queue
[2025-11-07T13:27:25.095+0000] {logging_mixin.py:188} INFO - [2025-11-07T13:27:25.095+0000] {dagbag.py:538} INFO - Filling up the DagBag from /opt/airflow/dags/pipelines/merchants_to_clickhouse.py
[2025-11-07T13:27:25.110+0000] {processor.py:842} WARNING - No viable dags retrieved from /opt/airflow/dags/pipelines/merchants_to_clickhouse.py
[2025-11-07T13:27:25.133+0000] {processor.py:183} INFO - Processing /opt/airflow/dags/pipelines/merchants_to_clickhouse.py took 0.046 seconds
[2025-11-07T13:27:55.995+0000] {processor.py:161} INFO - Started process (PID=51869) to work on /opt/airflow/dags/pipelines/merchants_to_clickhouse.py
[2025-11-07T13:27:55.997+0000] {processor.py:830} INFO - Processing file /opt/airflow/dags/pipelines/merchants_to_clickhouse.py for tasks to queue
[2025-11-07T13:27:55.998+0000] {logging_mixin.py:188} INFO - [2025-11-07T13:27:55.998+0000] {dagbag.py:538} INFO - Filling up the DagBag from /opt/airflow/dags/pipelines/merchants_to_clickhouse.py
[2025-11-07T13:27:56.017+0000] {processor.py:842} WARNING - No viable dags retrieved from /opt/airflow/dags/pipelines/merchants_to_clickhouse.py
[2025-11-07T13:27:56.037+0000] {processor.py:183} INFO - Processing /opt/airflow/dags/pipelines/merchants_to_clickhouse.py took 0.047 seconds
[2025-11-07T13:28:26.388+0000] {processor.py:161} INFO - Started process (PID=51904) to work on /opt/airflow/dags/pipelines/merchants_to_clickhouse.py
[2025-11-07T13:28:26.389+0000] {processor.py:830} INFO - Processing file /opt/airflow/dags/pipelines/merchants_to_clickhouse.py for tasks to queue
[2025-11-07T13:28:26.391+0000] {logging_mixin.py:188} INFO - [2025-11-07T13:28:26.390+0000] {dagbag.py:538} INFO - Filling up the DagBag from /opt/airflow/dags/pipelines/merchants_to_clickhouse.py
[2025-11-07T13:28:26.409+0000] {processor.py:842} WARNING - No viable dags retrieved from /opt/airflow/dags/pipelines/merchants_to_clickhouse.py
[2025-11-07T13:28:26.430+0000] {processor.py:183} INFO - Processing /opt/airflow/dags/pipelines/merchants_to_clickhouse.py took 0.045 seconds
[2025-11-07T13:28:56.841+0000] {processor.py:161} INFO - Started process (PID=51939) to work on /opt/airflow/dags/pipelines/merchants_to_clickhouse.py
[2025-11-07T13:28:56.843+0000] {processor.py:830} INFO - Processing file /opt/airflow/dags/pipelines/merchants_to_clickhouse.py for tasks to queue
[2025-11-07T13:28:56.845+0000] {logging_mixin.py:188} INFO - [2025-11-07T13:28:56.845+0000] {dagbag.py:538} INFO - Filling up the DagBag from /opt/airflow/dags/pipelines/merchants_to_clickhouse.py
[2025-11-07T13:28:56.874+0000] {processor.py:842} WARNING - No viable dags retrieved from /opt/airflow/dags/pipelines/merchants_to_clickhouse.py
[2025-11-07T13:28:56.898+0000] {processor.py:183} INFO - Processing /opt/airflow/dags/pipelines/merchants_to_clickhouse.py took 0.062 seconds
[2025-11-07T13:29:27.079+0000] {processor.py:161} INFO - Started process (PID=51974) to work on /opt/airflow/dags/pipelines/merchants_to_clickhouse.py
[2025-11-07T13:29:27.080+0000] {processor.py:830} INFO - Processing file /opt/airflow/dags/pipelines/merchants_to_clickhouse.py for tasks to queue
[2025-11-07T13:29:27.083+0000] {logging_mixin.py:188} INFO - [2025-11-07T13:29:27.082+0000] {dagbag.py:538} INFO - Filling up the DagBag from /opt/airflow/dags/pipelines/merchants_to_clickhouse.py
[2025-11-07T13:29:27.108+0000] {processor.py:842} WARNING - No viable dags retrieved from /opt/airflow/dags/pipelines/merchants_to_clickhouse.py
[2025-11-07T13:29:27.133+0000] {processor.py:183} INFO - Processing /opt/airflow/dags/pipelines/merchants_to_clickhouse.py took 0.059 seconds
[2025-11-07T13:29:57.284+0000] {processor.py:161} INFO - Started process (PID=52007) to work on /opt/airflow/dags/pipelines/merchants_to_clickhouse.py
[2025-11-07T13:29:57.285+0000] {processor.py:830} INFO - Processing file /opt/airflow/dags/pipelines/merchants_to_clickhouse.py for tasks to queue
[2025-11-07T13:29:57.287+0000] {logging_mixin.py:188} INFO - [2025-11-07T13:29:57.286+0000] {dagbag.py:538} INFO - Filling up the DagBag from /opt/airflow/dags/pipelines/merchants_to_clickhouse.py
[2025-11-07T13:29:57.300+0000] {processor.py:842} WARNING - No viable dags retrieved from /opt/airflow/dags/pipelines/merchants_to_clickhouse.py
[2025-11-07T13:29:57.320+0000] {processor.py:183} INFO - Processing /opt/airflow/dags/pipelines/merchants_to_clickhouse.py took 0.040 seconds
[2025-11-07T13:30:27.846+0000] {processor.py:161} INFO - Started process (PID=52042) to work on /opt/airflow/dags/pipelines/merchants_to_clickhouse.py
[2025-11-07T13:30:27.848+0000] {processor.py:830} INFO - Processing file /opt/airflow/dags/pipelines/merchants_to_clickhouse.py for tasks to queue
[2025-11-07T13:30:27.849+0000] {logging_mixin.py:188} INFO - [2025-11-07T13:30:27.848+0000] {dagbag.py:538} INFO - Filling up the DagBag from /opt/airflow/dags/pipelines/merchants_to_clickhouse.py
[2025-11-07T13:30:27.866+0000] {processor.py:842} WARNING - No viable dags retrieved from /opt/airflow/dags/pipelines/merchants_to_clickhouse.py
[2025-11-07T13:30:27.887+0000] {processor.py:183} INFO - Processing /opt/airflow/dags/pipelines/merchants_to_clickhouse.py took 0.044 seconds
[2025-11-07T13:30:58.353+0000] {processor.py:161} INFO - Started process (PID=52077) to work on /opt/airflow/dags/pipelines/merchants_to_clickhouse.py
[2025-11-07T13:30:58.355+0000] {processor.py:830} INFO - Processing file /opt/airflow/dags/pipelines/merchants_to_clickhouse.py for tasks to queue
[2025-11-07T13:30:58.358+0000] {logging_mixin.py:188} INFO - [2025-11-07T13:30:58.357+0000] {dagbag.py:538} INFO - Filling up the DagBag from /opt/airflow/dags/pipelines/merchants_to_clickhouse.py
[2025-11-07T13:30:58.385+0000] {processor.py:842} WARNING - No viable dags retrieved from /opt/airflow/dags/pipelines/merchants_to_clickhouse.py
[2025-11-07T13:30:58.418+0000] {processor.py:183} INFO - Processing /opt/airflow/dags/pipelines/merchants_to_clickhouse.py took 0.071 seconds
[2025-11-07T13:31:28.526+0000] {processor.py:161} INFO - Started process (PID=52109) to work on /opt/airflow/dags/pipelines/merchants_to_clickhouse.py
[2025-11-07T13:31:28.527+0000] {processor.py:830} INFO - Processing file /opt/airflow/dags/pipelines/merchants_to_clickhouse.py for tasks to queue
[2025-11-07T13:31:28.528+0000] {logging_mixin.py:188} INFO - [2025-11-07T13:31:28.527+0000] {dagbag.py:538} INFO - Filling up the DagBag from /opt/airflow/dags/pipelines/merchants_to_clickhouse.py
[2025-11-07T13:31:28.542+0000] {processor.py:842} WARNING - No viable dags retrieved from /opt/airflow/dags/pipelines/merchants_to_clickhouse.py
[2025-11-07T13:31:28.559+0000] {processor.py:183} INFO - Processing /opt/airflow/dags/pipelines/merchants_to_clickhouse.py took 0.037 seconds
[2025-11-07T13:31:59.032+0000] {processor.py:161} INFO - Started process (PID=52144) to work on /opt/airflow/dags/pipelines/merchants_to_clickhouse.py
[2025-11-07T13:31:59.033+0000] {processor.py:830} INFO - Processing file /opt/airflow/dags/pipelines/merchants_to_clickhouse.py for tasks to queue
[2025-11-07T13:31:59.034+0000] {logging_mixin.py:188} INFO - [2025-11-07T13:31:59.034+0000] {dagbag.py:538} INFO - Filling up the DagBag from /opt/airflow/dags/pipelines/merchants_to_clickhouse.py
[2025-11-07T13:31:59.053+0000] {processor.py:842} WARNING - No viable dags retrieved from /opt/airflow/dags/pipelines/merchants_to_clickhouse.py
[2025-11-07T13:31:59.074+0000] {processor.py:183} INFO - Processing /opt/airflow/dags/pipelines/merchants_to_clickhouse.py took 0.047 seconds
[2025-11-07T17:21:35.631+0000] {processor.py:161} INFO - Started process (PID=52189) to work on /opt/airflow/dags/pipelines/merchants_to_clickhouse.py
[2025-11-07T17:21:35.651+0000] {processor.py:830} INFO - Processing file /opt/airflow/dags/pipelines/merchants_to_clickhouse.py for tasks to queue
[2025-11-07T17:21:35.655+0000] {logging_mixin.py:188} INFO - [2025-11-07T17:21:35.655+0000] {dagbag.py:538} INFO - Filling up the DagBag from /opt/airflow/dags/pipelines/merchants_to_clickhouse.py
[2025-11-07T17:21:35.714+0000] {processor.py:842} WARNING - No viable dags retrieved from /opt/airflow/dags/pipelines/merchants_to_clickhouse.py
[2025-11-07T17:21:35.741+0000] {processor.py:183} INFO - Processing /opt/airflow/dags/pipelines/merchants_to_clickhouse.py took 0.116 seconds
[2025-11-07T23:08:33.145+0000] {processor.py:161} INFO - Started process (PID=52232) to work on /opt/airflow/dags/pipelines/merchants_to_clickhouse.py
[2025-11-07T23:08:33.156+0000] {processor.py:830} INFO - Processing file /opt/airflow/dags/pipelines/merchants_to_clickhouse.py for tasks to queue
[2025-11-07T23:08:33.160+0000] {logging_mixin.py:188} INFO - [2025-11-07T23:08:33.160+0000] {dagbag.py:538} INFO - Filling up the DagBag from /opt/airflow/dags/pipelines/merchants_to_clickhouse.py
[2025-11-07T23:08:33.196+0000] {processor.py:842} WARNING - No viable dags retrieved from /opt/airflow/dags/pipelines/merchants_to_clickhouse.py
[2025-11-07T23:08:33.251+0000] {processor.py:183} INFO - Processing /opt/airflow/dags/pipelines/merchants_to_clickhouse.py took 0.112 seconds
