[2025-11-07T09:17:14.947+0000] {processor.py:161} INFO - Started process (PID=48427) to work on /opt/airflow/dags/pipelines/mongo_to_clickhouse.py
[2025-11-07T09:17:14.991+0000] {processor.py:830} INFO - Processing file /opt/airflow/dags/pipelines/mongo_to_clickhouse.py for tasks to queue
[2025-11-07T09:17:15.021+0000] {logging_mixin.py:188} INFO - [2025-11-07T09:17:15.020+0000] {dagbag.py:538} INFO - Filling up the DagBag from /opt/airflow/dags/pipelines/mongo_to_clickhouse.py
[2025-11-07T09:17:15.393+0000] {processor.py:842} WARNING - No viable dags retrieved from /opt/airflow/dags/pipelines/mongo_to_clickhouse.py
[2025-11-07T09:17:15.485+0000] {processor.py:183} INFO - Processing /opt/airflow/dags/pipelines/mongo_to_clickhouse.py took 0.545 seconds
[2025-11-07T09:17:46.227+0000] {processor.py:161} INFO - Started process (PID=48464) to work on /opt/airflow/dags/pipelines/mongo_to_clickhouse.py
[2025-11-07T09:17:46.228+0000] {processor.py:830} INFO - Processing file /opt/airflow/dags/pipelines/mongo_to_clickhouse.py for tasks to queue
[2025-11-07T09:17:46.230+0000] {logging_mixin.py:188} INFO - [2025-11-07T09:17:46.229+0000] {dagbag.py:538} INFO - Filling up the DagBag from /opt/airflow/dags/pipelines/mongo_to_clickhouse.py
[2025-11-07T09:17:46.256+0000] {processor.py:842} WARNING - No viable dags retrieved from /opt/airflow/dags/pipelines/mongo_to_clickhouse.py
[2025-11-07T09:17:46.279+0000] {processor.py:183} INFO - Processing /opt/airflow/dags/pipelines/mongo_to_clickhouse.py took 0.057 seconds
[2025-11-07T09:18:16.957+0000] {processor.py:161} INFO - Started process (PID=48499) to work on /opt/airflow/dags/pipelines/mongo_to_clickhouse.py
[2025-11-07T09:18:16.964+0000] {processor.py:830} INFO - Processing file /opt/airflow/dags/pipelines/mongo_to_clickhouse.py for tasks to queue
[2025-11-07T09:18:16.970+0000] {logging_mixin.py:188} INFO - [2025-11-07T09:18:16.969+0000] {dagbag.py:538} INFO - Filling up the DagBag from /opt/airflow/dags/pipelines/mongo_to_clickhouse.py
[2025-11-07T09:18:17.034+0000] {processor.py:842} WARNING - No viable dags retrieved from /opt/airflow/dags/pipelines/mongo_to_clickhouse.py
[2025-11-07T09:18:17.102+0000] {processor.py:183} INFO - Processing /opt/airflow/dags/pipelines/mongo_to_clickhouse.py took 0.153 seconds
[2025-11-07T09:18:47.499+0000] {processor.py:161} INFO - Started process (PID=48534) to work on /opt/airflow/dags/pipelines/mongo_to_clickhouse.py
[2025-11-07T09:18:47.502+0000] {processor.py:830} INFO - Processing file /opt/airflow/dags/pipelines/mongo_to_clickhouse.py for tasks to queue
[2025-11-07T09:18:47.504+0000] {logging_mixin.py:188} INFO - [2025-11-07T09:18:47.503+0000] {dagbag.py:538} INFO - Filling up the DagBag from /opt/airflow/dags/pipelines/mongo_to_clickhouse.py
[2025-11-07T09:18:47.537+0000] {processor.py:842} WARNING - No viable dags retrieved from /opt/airflow/dags/pipelines/mongo_to_clickhouse.py
[2025-11-07T09:18:47.560+0000] {processor.py:183} INFO - Processing /opt/airflow/dags/pipelines/mongo_to_clickhouse.py took 0.066 seconds
[2025-11-07T09:19:17.867+0000] {processor.py:161} INFO - Started process (PID=48569) to work on /opt/airflow/dags/pipelines/mongo_to_clickhouse.py
[2025-11-07T09:19:17.869+0000] {processor.py:830} INFO - Processing file /opt/airflow/dags/pipelines/mongo_to_clickhouse.py for tasks to queue
[2025-11-07T09:19:17.870+0000] {logging_mixin.py:188} INFO - [2025-11-07T09:19:17.870+0000] {dagbag.py:538} INFO - Filling up the DagBag from /opt/airflow/dags/pipelines/mongo_to_clickhouse.py
[2025-11-07T09:19:17.901+0000] {processor.py:842} WARNING - No viable dags retrieved from /opt/airflow/dags/pipelines/mongo_to_clickhouse.py
[2025-11-07T09:19:17.925+0000] {processor.py:183} INFO - Processing /opt/airflow/dags/pipelines/mongo_to_clickhouse.py took 0.064 seconds
[2025-11-07T09:19:48.258+0000] {processor.py:161} INFO - Started process (PID=48604) to work on /opt/airflow/dags/pipelines/mongo_to_clickhouse.py
[2025-11-07T09:19:48.260+0000] {processor.py:830} INFO - Processing file /opt/airflow/dags/pipelines/mongo_to_clickhouse.py for tasks to queue
[2025-11-07T09:19:48.263+0000] {logging_mixin.py:188} INFO - [2025-11-07T09:19:48.262+0000] {dagbag.py:538} INFO - Filling up the DagBag from /opt/airflow/dags/pipelines/mongo_to_clickhouse.py
[2025-11-07T09:19:48.308+0000] {processor.py:842} WARNING - No viable dags retrieved from /opt/airflow/dags/pipelines/mongo_to_clickhouse.py
[2025-11-07T09:19:48.333+0000] {processor.py:183} INFO - Processing /opt/airflow/dags/pipelines/mongo_to_clickhouse.py took 0.079 seconds
[2025-11-07T09:20:18.522+0000] {processor.py:161} INFO - Started process (PID=48637) to work on /opt/airflow/dags/pipelines/mongo_to_clickhouse.py
[2025-11-07T09:20:18.524+0000] {processor.py:830} INFO - Processing file /opt/airflow/dags/pipelines/mongo_to_clickhouse.py for tasks to queue
[2025-11-07T09:20:18.525+0000] {logging_mixin.py:188} INFO - [2025-11-07T09:20:18.525+0000] {dagbag.py:538} INFO - Filling up the DagBag from /opt/airflow/dags/pipelines/mongo_to_clickhouse.py
[2025-11-07T09:20:18.560+0000] {processor.py:842} WARNING - No viable dags retrieved from /opt/airflow/dags/pipelines/mongo_to_clickhouse.py
[2025-11-07T09:20:18.582+0000] {processor.py:183} INFO - Processing /opt/airflow/dags/pipelines/mongo_to_clickhouse.py took 0.066 seconds
[2025-11-07T09:20:48.876+0000] {processor.py:161} INFO - Started process (PID=48669) to work on /opt/airflow/dags/pipelines/mongo_to_clickhouse.py
[2025-11-07T09:20:48.878+0000] {processor.py:830} INFO - Processing file /opt/airflow/dags/pipelines/mongo_to_clickhouse.py for tasks to queue
[2025-11-07T09:20:48.880+0000] {logging_mixin.py:188} INFO - [2025-11-07T09:20:48.879+0000] {dagbag.py:538} INFO - Filling up the DagBag from /opt/airflow/dags/pipelines/mongo_to_clickhouse.py
[2025-11-07T09:20:48.915+0000] {processor.py:842} WARNING - No viable dags retrieved from /opt/airflow/dags/pipelines/mongo_to_clickhouse.py
[2025-11-07T09:20:48.939+0000] {processor.py:183} INFO - Processing /opt/airflow/dags/pipelines/mongo_to_clickhouse.py took 0.068 seconds
[2025-11-07T09:21:19.384+0000] {processor.py:161} INFO - Started process (PID=48707) to work on /opt/airflow/dags/pipelines/mongo_to_clickhouse.py
[2025-11-07T09:21:19.386+0000] {processor.py:830} INFO - Processing file /opt/airflow/dags/pipelines/mongo_to_clickhouse.py for tasks to queue
[2025-11-07T09:21:19.388+0000] {logging_mixin.py:188} INFO - [2025-11-07T09:21:19.387+0000] {dagbag.py:538} INFO - Filling up the DagBag from /opt/airflow/dags/pipelines/mongo_to_clickhouse.py
[2025-11-07T09:21:19.425+0000] {processor.py:842} WARNING - No viable dags retrieved from /opt/airflow/dags/pipelines/mongo_to_clickhouse.py
[2025-11-07T09:21:19.446+0000] {processor.py:183} INFO - Processing /opt/airflow/dags/pipelines/mongo_to_clickhouse.py took 0.068 seconds
[2025-11-07T09:21:49.698+0000] {processor.py:161} INFO - Started process (PID=48739) to work on /opt/airflow/dags/pipelines/mongo_to_clickhouse.py
[2025-11-07T09:21:49.700+0000] {processor.py:830} INFO - Processing file /opt/airflow/dags/pipelines/mongo_to_clickhouse.py for tasks to queue
[2025-11-07T09:21:49.701+0000] {logging_mixin.py:188} INFO - [2025-11-07T09:21:49.701+0000] {dagbag.py:538} INFO - Filling up the DagBag from /opt/airflow/dags/pipelines/mongo_to_clickhouse.py
[2025-11-07T09:21:49.731+0000] {processor.py:842} WARNING - No viable dags retrieved from /opt/airflow/dags/pipelines/mongo_to_clickhouse.py
[2025-11-07T09:21:49.758+0000] {processor.py:183} INFO - Processing /opt/airflow/dags/pipelines/mongo_to_clickhouse.py took 0.064 seconds
[2025-11-07T09:22:20.625+0000] {processor.py:161} INFO - Started process (PID=48843) to work on /opt/airflow/dags/pipelines/mongo_to_clickhouse.py
[2025-11-07T09:22:20.628+0000] {processor.py:830} INFO - Processing file /opt/airflow/dags/pipelines/mongo_to_clickhouse.py for tasks to queue
[2025-11-07T09:22:20.630+0000] {logging_mixin.py:188} INFO - [2025-11-07T09:22:20.630+0000] {dagbag.py:538} INFO - Filling up the DagBag from /opt/airflow/dags/pipelines/mongo_to_clickhouse.py
[2025-11-07T09:22:20.661+0000] {processor.py:842} WARNING - No viable dags retrieved from /opt/airflow/dags/pipelines/mongo_to_clickhouse.py
[2025-11-07T09:22:20.683+0000] {processor.py:183} INFO - Processing /opt/airflow/dags/pipelines/mongo_to_clickhouse.py took 0.066 seconds
[2025-11-07T09:22:51.032+0000] {processor.py:161} INFO - Started process (PID=48878) to work on /opt/airflow/dags/pipelines/mongo_to_clickhouse.py
[2025-11-07T09:22:51.034+0000] {processor.py:830} INFO - Processing file /opt/airflow/dags/pipelines/mongo_to_clickhouse.py for tasks to queue
[2025-11-07T09:22:51.036+0000] {logging_mixin.py:188} INFO - [2025-11-07T09:22:51.035+0000] {dagbag.py:538} INFO - Filling up the DagBag from /opt/airflow/dags/pipelines/mongo_to_clickhouse.py
[2025-11-07T09:22:51.069+0000] {processor.py:842} WARNING - No viable dags retrieved from /opt/airflow/dags/pipelines/mongo_to_clickhouse.py
[2025-11-07T09:22:51.097+0000] {processor.py:183} INFO - Processing /opt/airflow/dags/pipelines/mongo_to_clickhouse.py took 0.075 seconds
[2025-11-07T09:23:21.350+0000] {processor.py:161} INFO - Started process (PID=48910) to work on /opt/airflow/dags/pipelines/mongo_to_clickhouse.py
[2025-11-07T09:23:21.352+0000] {processor.py:830} INFO - Processing file /opt/airflow/dags/pipelines/mongo_to_clickhouse.py for tasks to queue
[2025-11-07T09:23:21.354+0000] {logging_mixin.py:188} INFO - [2025-11-07T09:23:21.353+0000] {dagbag.py:538} INFO - Filling up the DagBag from /opt/airflow/dags/pipelines/mongo_to_clickhouse.py
[2025-11-07T09:23:21.389+0000] {processor.py:842} WARNING - No viable dags retrieved from /opt/airflow/dags/pipelines/mongo_to_clickhouse.py
[2025-11-07T09:23:21.412+0000] {processor.py:183} INFO - Processing /opt/airflow/dags/pipelines/mongo_to_clickhouse.py took 0.069 seconds
[2025-11-07T09:23:51.923+0000] {processor.py:161} INFO - Started process (PID=48948) to work on /opt/airflow/dags/pipelines/mongo_to_clickhouse.py
[2025-11-07T09:23:51.925+0000] {processor.py:830} INFO - Processing file /opt/airflow/dags/pipelines/mongo_to_clickhouse.py for tasks to queue
[2025-11-07T09:23:51.927+0000] {logging_mixin.py:188} INFO - [2025-11-07T09:23:51.926+0000] {dagbag.py:538} INFO - Filling up the DagBag from /opt/airflow/dags/pipelines/mongo_to_clickhouse.py
[2025-11-07T09:23:51.961+0000] {processor.py:842} WARNING - No viable dags retrieved from /opt/airflow/dags/pipelines/mongo_to_clickhouse.py
[2025-11-07T09:23:51.983+0000] {processor.py:183} INFO - Processing /opt/airflow/dags/pipelines/mongo_to_clickhouse.py took 0.064 seconds
[2025-11-07T09:24:22.191+0000] {processor.py:161} INFO - Started process (PID=48980) to work on /opt/airflow/dags/pipelines/mongo_to_clickhouse.py
[2025-11-07T09:24:22.193+0000] {processor.py:830} INFO - Processing file /opt/airflow/dags/pipelines/mongo_to_clickhouse.py for tasks to queue
[2025-11-07T09:24:22.195+0000] {logging_mixin.py:188} INFO - [2025-11-07T09:24:22.194+0000] {dagbag.py:538} INFO - Filling up the DagBag from /opt/airflow/dags/pipelines/mongo_to_clickhouse.py
[2025-11-07T09:24:22.227+0000] {processor.py:842} WARNING - No viable dags retrieved from /opt/airflow/dags/pipelines/mongo_to_clickhouse.py
[2025-11-07T09:24:22.249+0000] {processor.py:183} INFO - Processing /opt/airflow/dags/pipelines/mongo_to_clickhouse.py took 0.062 seconds
[2025-11-07T09:24:52.777+0000] {processor.py:161} INFO - Started process (PID=49018) to work on /opt/airflow/dags/pipelines/mongo_to_clickhouse.py
[2025-11-07T09:24:52.779+0000] {processor.py:830} INFO - Processing file /opt/airflow/dags/pipelines/mongo_to_clickhouse.py for tasks to queue
[2025-11-07T09:24:52.782+0000] {logging_mixin.py:188} INFO - [2025-11-07T09:24:52.781+0000] {dagbag.py:538} INFO - Filling up the DagBag from /opt/airflow/dags/pipelines/mongo_to_clickhouse.py
[2025-11-07T09:24:52.818+0000] {processor.py:842} WARNING - No viable dags retrieved from /opt/airflow/dags/pipelines/mongo_to_clickhouse.py
[2025-11-07T09:24:52.838+0000] {processor.py:183} INFO - Processing /opt/airflow/dags/pipelines/mongo_to_clickhouse.py took 0.065 seconds
[2025-11-07T09:25:23.044+0000] {processor.py:161} INFO - Started process (PID=49050) to work on /opt/airflow/dags/pipelines/mongo_to_clickhouse.py
[2025-11-07T09:25:23.047+0000] {processor.py:830} INFO - Processing file /opt/airflow/dags/pipelines/mongo_to_clickhouse.py for tasks to queue
[2025-11-07T09:25:23.048+0000] {logging_mixin.py:188} INFO - [2025-11-07T09:25:23.048+0000] {dagbag.py:538} INFO - Filling up the DagBag from /opt/airflow/dags/pipelines/mongo_to_clickhouse.py
[2025-11-07T09:25:23.090+0000] {processor.py:842} WARNING - No viable dags retrieved from /opt/airflow/dags/pipelines/mongo_to_clickhouse.py
[2025-11-07T09:25:23.110+0000] {processor.py:183} INFO - Processing /opt/airflow/dags/pipelines/mongo_to_clickhouse.py took 0.070 seconds
[2025-11-07T09:25:53.383+0000] {processor.py:161} INFO - Started process (PID=49085) to work on /opt/airflow/dags/pipelines/mongo_to_clickhouse.py
[2025-11-07T09:25:53.386+0000] {processor.py:830} INFO - Processing file /opt/airflow/dags/pipelines/mongo_to_clickhouse.py for tasks to queue
[2025-11-07T09:25:53.387+0000] {logging_mixin.py:188} INFO - [2025-11-07T09:25:53.387+0000] {dagbag.py:538} INFO - Filling up the DagBag from /opt/airflow/dags/pipelines/mongo_to_clickhouse.py
[2025-11-07T09:25:53.412+0000] {processor.py:842} WARNING - No viable dags retrieved from /opt/airflow/dags/pipelines/mongo_to_clickhouse.py
[2025-11-07T09:25:53.433+0000] {processor.py:183} INFO - Processing /opt/airflow/dags/pipelines/mongo_to_clickhouse.py took 0.054 seconds
[2025-11-07T09:26:23.964+0000] {processor.py:161} INFO - Started process (PID=49120) to work on /opt/airflow/dags/pipelines/mongo_to_clickhouse.py
[2025-11-07T09:26:23.966+0000] {processor.py:830} INFO - Processing file /opt/airflow/dags/pipelines/mongo_to_clickhouse.py for tasks to queue
[2025-11-07T09:26:23.969+0000] {logging_mixin.py:188} INFO - [2025-11-07T09:26:23.968+0000] {dagbag.py:538} INFO - Filling up the DagBag from /opt/airflow/dags/pipelines/mongo_to_clickhouse.py
[2025-11-07T09:26:24.001+0000] {processor.py:842} WARNING - No viable dags retrieved from /opt/airflow/dags/pipelines/mongo_to_clickhouse.py
[2025-11-07T09:26:24.028+0000] {processor.py:183} INFO - Processing /opt/airflow/dags/pipelines/mongo_to_clickhouse.py took 0.071 seconds
[2025-11-07T09:26:54.278+0000] {processor.py:161} INFO - Started process (PID=49155) to work on /opt/airflow/dags/pipelines/mongo_to_clickhouse.py
[2025-11-07T09:26:54.280+0000] {processor.py:830} INFO - Processing file /opt/airflow/dags/pipelines/mongo_to_clickhouse.py for tasks to queue
[2025-11-07T09:26:54.283+0000] {logging_mixin.py:188} INFO - [2025-11-07T09:26:54.282+0000] {dagbag.py:538} INFO - Filling up the DagBag from /opt/airflow/dags/pipelines/mongo_to_clickhouse.py
[2025-11-07T09:26:54.316+0000] {processor.py:842} WARNING - No viable dags retrieved from /opt/airflow/dags/pipelines/mongo_to_clickhouse.py
[2025-11-07T09:26:54.342+0000] {processor.py:183} INFO - Processing /opt/airflow/dags/pipelines/mongo_to_clickhouse.py took 0.068 seconds
[2025-11-07T09:27:24.949+0000] {processor.py:161} INFO - Started process (PID=49190) to work on /opt/airflow/dags/pipelines/mongo_to_clickhouse.py
[2025-11-07T09:27:24.953+0000] {processor.py:830} INFO - Processing file /opt/airflow/dags/pipelines/mongo_to_clickhouse.py for tasks to queue
[2025-11-07T09:27:24.956+0000] {logging_mixin.py:188} INFO - [2025-11-07T09:27:24.955+0000] {dagbag.py:538} INFO - Filling up the DagBag from /opt/airflow/dags/pipelines/mongo_to_clickhouse.py
[2025-11-07T09:27:24.999+0000] {processor.py:842} WARNING - No viable dags retrieved from /opt/airflow/dags/pipelines/mongo_to_clickhouse.py
[2025-11-07T09:27:25.044+0000] {processor.py:183} INFO - Processing /opt/airflow/dags/pipelines/mongo_to_clickhouse.py took 0.104 seconds
[2025-11-07T09:27:55.254+0000] {processor.py:161} INFO - Started process (PID=49225) to work on /opt/airflow/dags/pipelines/mongo_to_clickhouse.py
[2025-11-07T09:27:55.255+0000] {processor.py:830} INFO - Processing file /opt/airflow/dags/pipelines/mongo_to_clickhouse.py for tasks to queue
[2025-11-07T09:27:55.257+0000] {logging_mixin.py:188} INFO - [2025-11-07T09:27:55.256+0000] {dagbag.py:538} INFO - Filling up the DagBag from /opt/airflow/dags/pipelines/mongo_to_clickhouse.py
[2025-11-07T09:27:55.285+0000] {processor.py:842} WARNING - No viable dags retrieved from /opt/airflow/dags/pipelines/mongo_to_clickhouse.py
[2025-11-07T09:27:55.306+0000] {processor.py:183} INFO - Processing /opt/airflow/dags/pipelines/mongo_to_clickhouse.py took 0.057 seconds
[2025-11-07T09:28:25.578+0000] {processor.py:161} INFO - Started process (PID=49258) to work on /opt/airflow/dags/pipelines/mongo_to_clickhouse.py
[2025-11-07T09:28:25.580+0000] {processor.py:830} INFO - Processing file /opt/airflow/dags/pipelines/mongo_to_clickhouse.py for tasks to queue
[2025-11-07T09:28:25.582+0000] {logging_mixin.py:188} INFO - [2025-11-07T09:28:25.581+0000] {dagbag.py:538} INFO - Filling up the DagBag from /opt/airflow/dags/pipelines/mongo_to_clickhouse.py
[2025-11-07T09:28:25.609+0000] {processor.py:842} WARNING - No viable dags retrieved from /opt/airflow/dags/pipelines/mongo_to_clickhouse.py
[2025-11-07T09:28:25.631+0000] {processor.py:183} INFO - Processing /opt/airflow/dags/pipelines/mongo_to_clickhouse.py took 0.058 seconds
[2025-11-07T09:28:55.765+0000] {processor.py:161} INFO - Started process (PID=49293) to work on /opt/airflow/dags/pipelines/mongo_to_clickhouse.py
[2025-11-07T09:28:55.774+0000] {processor.py:830} INFO - Processing file /opt/airflow/dags/pipelines/mongo_to_clickhouse.py for tasks to queue
[2025-11-07T09:28:55.776+0000] {logging_mixin.py:188} INFO - [2025-11-07T09:28:55.776+0000] {dagbag.py:538} INFO - Filling up the DagBag from /opt/airflow/dags/pipelines/mongo_to_clickhouse.py
[2025-11-07T09:28:55.796+0000] {processor.py:842} WARNING - No viable dags retrieved from /opt/airflow/dags/pipelines/mongo_to_clickhouse.py
[2025-11-07T09:28:55.821+0000] {processor.py:183} INFO - Processing /opt/airflow/dags/pipelines/mongo_to_clickhouse.py took 0.060 seconds
[2025-11-07T09:29:26.031+0000] {processor.py:161} INFO - Started process (PID=49325) to work on /opt/airflow/dags/pipelines/mongo_to_clickhouse.py
[2025-11-07T09:29:26.033+0000] {processor.py:830} INFO - Processing file /opt/airflow/dags/pipelines/mongo_to_clickhouse.py for tasks to queue
[2025-11-07T09:29:26.035+0000] {logging_mixin.py:188} INFO - [2025-11-07T09:29:26.035+0000] {dagbag.py:538} INFO - Filling up the DagBag from /opt/airflow/dags/pipelines/mongo_to_clickhouse.py
[2025-11-07T09:29:26.085+0000] {processor.py:842} WARNING - No viable dags retrieved from /opt/airflow/dags/pipelines/mongo_to_clickhouse.py
[2025-11-07T09:29:26.110+0000] {processor.py:183} INFO - Processing /opt/airflow/dags/pipelines/mongo_to_clickhouse.py took 0.083 seconds
[2025-11-07T09:29:56.346+0000] {processor.py:161} INFO - Started process (PID=49360) to work on /opt/airflow/dags/pipelines/mongo_to_clickhouse.py
[2025-11-07T09:29:56.348+0000] {processor.py:830} INFO - Processing file /opt/airflow/dags/pipelines/mongo_to_clickhouse.py for tasks to queue
[2025-11-07T09:29:56.349+0000] {logging_mixin.py:188} INFO - [2025-11-07T09:29:56.349+0000] {dagbag.py:538} INFO - Filling up the DagBag from /opt/airflow/dags/pipelines/mongo_to_clickhouse.py
[2025-11-07T09:29:56.387+0000] {processor.py:842} WARNING - No viable dags retrieved from /opt/airflow/dags/pipelines/mongo_to_clickhouse.py
[2025-11-07T09:29:56.410+0000] {processor.py:183} INFO - Processing /opt/airflow/dags/pipelines/mongo_to_clickhouse.py took 0.070 seconds
[2025-11-07T09:30:26.611+0000] {processor.py:161} INFO - Started process (PID=49395) to work on /opt/airflow/dags/pipelines/mongo_to_clickhouse.py
[2025-11-07T09:30:26.613+0000] {processor.py:830} INFO - Processing file /opt/airflow/dags/pipelines/mongo_to_clickhouse.py for tasks to queue
[2025-11-07T09:30:26.615+0000] {logging_mixin.py:188} INFO - [2025-11-07T09:30:26.614+0000] {dagbag.py:538} INFO - Filling up the DagBag from /opt/airflow/dags/pipelines/mongo_to_clickhouse.py
[2025-11-07T09:30:26.653+0000] {processor.py:842} WARNING - No viable dags retrieved from /opt/airflow/dags/pipelines/mongo_to_clickhouse.py
[2025-11-07T09:30:26.676+0000] {processor.py:183} INFO - Processing /opt/airflow/dags/pipelines/mongo_to_clickhouse.py took 0.070 seconds
[2025-11-07T09:30:57.379+0000] {processor.py:161} INFO - Started process (PID=49433) to work on /opt/airflow/dags/pipelines/mongo_to_clickhouse.py
[2025-11-07T09:30:57.381+0000] {processor.py:830} INFO - Processing file /opt/airflow/dags/pipelines/mongo_to_clickhouse.py for tasks to queue
[2025-11-07T09:30:57.384+0000] {logging_mixin.py:188} INFO - [2025-11-07T09:30:57.383+0000] {dagbag.py:538} INFO - Filling up the DagBag from /opt/airflow/dags/pipelines/mongo_to_clickhouse.py
[2025-11-07T09:30:57.419+0000] {processor.py:842} WARNING - No viable dags retrieved from /opt/airflow/dags/pipelines/mongo_to_clickhouse.py
[2025-11-07T09:30:57.444+0000] {processor.py:183} INFO - Processing /opt/airflow/dags/pipelines/mongo_to_clickhouse.py took 0.069 seconds
[2025-11-07T09:31:27.800+0000] {processor.py:161} INFO - Started process (PID=49468) to work on /opt/airflow/dags/pipelines/mongo_to_clickhouse.py
[2025-11-07T09:31:27.802+0000] {processor.py:830} INFO - Processing file /opt/airflow/dags/pipelines/mongo_to_clickhouse.py for tasks to queue
[2025-11-07T09:31:27.804+0000] {logging_mixin.py:188} INFO - [2025-11-07T09:31:27.803+0000] {dagbag.py:538} INFO - Filling up the DagBag from /opt/airflow/dags/pipelines/mongo_to_clickhouse.py
[2025-11-07T09:31:27.826+0000] {processor.py:842} WARNING - No viable dags retrieved from /opt/airflow/dags/pipelines/mongo_to_clickhouse.py
[2025-11-07T09:31:27.849+0000] {processor.py:183} INFO - Processing /opt/airflow/dags/pipelines/mongo_to_clickhouse.py took 0.054 seconds
[2025-11-07T09:31:57.952+0000] {processor.py:161} INFO - Started process (PID=49500) to work on /opt/airflow/dags/pipelines/mongo_to_clickhouse.py
[2025-11-07T09:31:57.954+0000] {processor.py:830} INFO - Processing file /opt/airflow/dags/pipelines/mongo_to_clickhouse.py for tasks to queue
[2025-11-07T09:31:57.957+0000] {logging_mixin.py:188} INFO - [2025-11-07T09:31:57.956+0000] {dagbag.py:538} INFO - Filling up the DagBag from /opt/airflow/dags/pipelines/mongo_to_clickhouse.py
[2025-11-07T09:31:57.998+0000] {processor.py:842} WARNING - No viable dags retrieved from /opt/airflow/dags/pipelines/mongo_to_clickhouse.py
[2025-11-07T09:31:58.021+0000] {processor.py:183} INFO - Processing /opt/airflow/dags/pipelines/mongo_to_clickhouse.py took 0.074 seconds
[2025-11-07T09:32:28.316+0000] {processor.py:161} INFO - Started process (PID=49535) to work on /opt/airflow/dags/pipelines/mongo_to_clickhouse.py
[2025-11-07T09:32:28.318+0000] {processor.py:830} INFO - Processing file /opt/airflow/dags/pipelines/mongo_to_clickhouse.py for tasks to queue
[2025-11-07T09:32:28.319+0000] {logging_mixin.py:188} INFO - [2025-11-07T09:32:28.319+0000] {dagbag.py:538} INFO - Filling up the DagBag from /opt/airflow/dags/pipelines/mongo_to_clickhouse.py
[2025-11-07T09:32:28.346+0000] {processor.py:842} WARNING - No viable dags retrieved from /opt/airflow/dags/pipelines/mongo_to_clickhouse.py
[2025-11-07T09:32:28.367+0000] {processor.py:183} INFO - Processing /opt/airflow/dags/pipelines/mongo_to_clickhouse.py took 0.055 seconds
[2025-11-07T09:34:08.276+0000] {processor.py:161} INFO - Started process (PID=49580) to work on /opt/airflow/dags/pipelines/mongo_to_clickhouse.py
[2025-11-07T09:34:08.288+0000] {processor.py:830} INFO - Processing file /opt/airflow/dags/pipelines/mongo_to_clickhouse.py for tasks to queue
[2025-11-07T09:34:08.290+0000] {logging_mixin.py:188} INFO - [2025-11-07T09:34:08.289+0000] {dagbag.py:538} INFO - Filling up the DagBag from /opt/airflow/dags/pipelines/mongo_to_clickhouse.py
[2025-11-07T09:34:08.339+0000] {processor.py:842} WARNING - No viable dags retrieved from /opt/airflow/dags/pipelines/mongo_to_clickhouse.py
[2025-11-07T09:34:08.406+0000] {processor.py:183} INFO - Processing /opt/airflow/dags/pipelines/mongo_to_clickhouse.py took 0.136 seconds
[2025-11-07T09:34:38.955+0000] {processor.py:161} INFO - Started process (PID=49610) to work on /opt/airflow/dags/pipelines/mongo_to_clickhouse.py
[2025-11-07T09:34:38.956+0000] {processor.py:830} INFO - Processing file /opt/airflow/dags/pipelines/mongo_to_clickhouse.py for tasks to queue
[2025-11-07T09:34:38.958+0000] {logging_mixin.py:188} INFO - [2025-11-07T09:34:38.957+0000] {dagbag.py:538} INFO - Filling up the DagBag from /opt/airflow/dags/pipelines/mongo_to_clickhouse.py
[2025-11-07T09:34:38.988+0000] {processor.py:842} WARNING - No viable dags retrieved from /opt/airflow/dags/pipelines/mongo_to_clickhouse.py
[2025-11-07T09:34:39.012+0000] {processor.py:183} INFO - Processing /opt/airflow/dags/pipelines/mongo_to_clickhouse.py took 0.064 seconds
[2025-11-07T09:35:09.582+0000] {processor.py:161} INFO - Started process (PID=49645) to work on /opt/airflow/dags/pipelines/mongo_to_clickhouse.py
[2025-11-07T09:35:09.584+0000] {processor.py:830} INFO - Processing file /opt/airflow/dags/pipelines/mongo_to_clickhouse.py for tasks to queue
[2025-11-07T09:35:09.585+0000] {logging_mixin.py:188} INFO - [2025-11-07T09:35:09.585+0000] {dagbag.py:538} INFO - Filling up the DagBag from /opt/airflow/dags/pipelines/mongo_to_clickhouse.py
[2025-11-07T09:35:09.609+0000] {processor.py:842} WARNING - No viable dags retrieved from /opt/airflow/dags/pipelines/mongo_to_clickhouse.py
[2025-11-07T09:35:09.628+0000] {processor.py:183} INFO - Processing /opt/airflow/dags/pipelines/mongo_to_clickhouse.py took 0.050 seconds
[2025-11-07T09:35:39.879+0000] {processor.py:161} INFO - Started process (PID=49680) to work on /opt/airflow/dags/pipelines/mongo_to_clickhouse.py
[2025-11-07T09:35:39.880+0000] {processor.py:830} INFO - Processing file /opt/airflow/dags/pipelines/mongo_to_clickhouse.py for tasks to queue
[2025-11-07T09:35:39.883+0000] {logging_mixin.py:188} INFO - [2025-11-07T09:35:39.882+0000] {dagbag.py:538} INFO - Filling up the DagBag from /opt/airflow/dags/pipelines/mongo_to_clickhouse.py
[2025-11-07T09:35:39.907+0000] {processor.py:842} WARNING - No viable dags retrieved from /opt/airflow/dags/pipelines/mongo_to_clickhouse.py
[2025-11-07T09:35:39.927+0000] {processor.py:183} INFO - Processing /opt/airflow/dags/pipelines/mongo_to_clickhouse.py took 0.053 seconds
[2025-11-07T09:36:10.041+0000] {processor.py:161} INFO - Started process (PID=49710) to work on /opt/airflow/dags/pipelines/mongo_to_clickhouse.py
[2025-11-07T09:36:10.043+0000] {processor.py:830} INFO - Processing file /opt/airflow/dags/pipelines/mongo_to_clickhouse.py for tasks to queue
[2025-11-07T09:36:10.045+0000] {logging_mixin.py:188} INFO - [2025-11-07T09:36:10.045+0000] {dagbag.py:538} INFO - Filling up the DagBag from /opt/airflow/dags/pipelines/mongo_to_clickhouse.py
[2025-11-07T09:36:10.078+0000] {processor.py:842} WARNING - No viable dags retrieved from /opt/airflow/dags/pipelines/mongo_to_clickhouse.py
[2025-11-07T09:36:10.106+0000] {processor.py:183} INFO - Processing /opt/airflow/dags/pipelines/mongo_to_clickhouse.py took 0.069 seconds
[2025-11-07T09:36:40.616+0000] {processor.py:161} INFO - Started process (PID=49745) to work on /opt/airflow/dags/pipelines/mongo_to_clickhouse.py
[2025-11-07T09:36:40.618+0000] {processor.py:830} INFO - Processing file /opt/airflow/dags/pipelines/mongo_to_clickhouse.py for tasks to queue
[2025-11-07T09:36:40.620+0000] {logging_mixin.py:188} INFO - [2025-11-07T09:36:40.619+0000] {dagbag.py:538} INFO - Filling up the DagBag from /opt/airflow/dags/pipelines/mongo_to_clickhouse.py
[2025-11-07T09:36:40.660+0000] {processor.py:842} WARNING - No viable dags retrieved from /opt/airflow/dags/pipelines/mongo_to_clickhouse.py
[2025-11-07T09:36:40.682+0000] {processor.py:183} INFO - Processing /opt/airflow/dags/pipelines/mongo_to_clickhouse.py took 0.071 seconds
[2025-11-07T09:37:11.185+0000] {processor.py:161} INFO - Started process (PID=49780) to work on /opt/airflow/dags/pipelines/mongo_to_clickhouse.py
[2025-11-07T09:37:11.187+0000] {processor.py:830} INFO - Processing file /opt/airflow/dags/pipelines/mongo_to_clickhouse.py for tasks to queue
[2025-11-07T09:37:11.190+0000] {logging_mixin.py:188} INFO - [2025-11-07T09:37:11.189+0000] {dagbag.py:538} INFO - Filling up the DagBag from /opt/airflow/dags/pipelines/mongo_to_clickhouse.py
[2025-11-07T09:37:11.228+0000] {processor.py:842} WARNING - No viable dags retrieved from /opt/airflow/dags/pipelines/mongo_to_clickhouse.py
[2025-11-07T09:37:11.263+0000] {processor.py:183} INFO - Processing /opt/airflow/dags/pipelines/mongo_to_clickhouse.py took 0.086 seconds
[2025-11-07T09:37:41.390+0000] {processor.py:161} INFO - Started process (PID=49812) to work on /opt/airflow/dags/pipelines/mongo_to_clickhouse.py
[2025-11-07T09:37:41.394+0000] {processor.py:830} INFO - Processing file /opt/airflow/dags/pipelines/mongo_to_clickhouse.py for tasks to queue
[2025-11-07T09:37:41.397+0000] {logging_mixin.py:188} INFO - [2025-11-07T09:37:41.396+0000] {dagbag.py:538} INFO - Filling up the DagBag from /opt/airflow/dags/pipelines/mongo_to_clickhouse.py
[2025-11-07T09:37:41.433+0000] {processor.py:842} WARNING - No viable dags retrieved from /opt/airflow/dags/pipelines/mongo_to_clickhouse.py
[2025-11-07T09:37:41.474+0000] {processor.py:183} INFO - Processing /opt/airflow/dags/pipelines/mongo_to_clickhouse.py took 0.092 seconds
[2025-11-07T09:38:12.327+0000] {processor.py:161} INFO - Started process (PID=49850) to work on /opt/airflow/dags/pipelines/mongo_to_clickhouse.py
[2025-11-07T09:38:12.331+0000] {processor.py:830} INFO - Processing file /opt/airflow/dags/pipelines/mongo_to_clickhouse.py for tasks to queue
[2025-11-07T09:38:12.335+0000] {logging_mixin.py:188} INFO - [2025-11-07T09:38:12.334+0000] {dagbag.py:538} INFO - Filling up the DagBag from /opt/airflow/dags/pipelines/mongo_to_clickhouse.py
[2025-11-07T09:38:12.403+0000] {processor.py:842} WARNING - No viable dags retrieved from /opt/airflow/dags/pipelines/mongo_to_clickhouse.py
[2025-11-07T09:38:12.448+0000] {processor.py:183} INFO - Processing /opt/airflow/dags/pipelines/mongo_to_clickhouse.py took 0.132 seconds
[2025-11-07T09:38:42.680+0000] {processor.py:161} INFO - Started process (PID=49882) to work on /opt/airflow/dags/pipelines/mongo_to_clickhouse.py
[2025-11-07T09:38:42.684+0000] {processor.py:830} INFO - Processing file /opt/airflow/dags/pipelines/mongo_to_clickhouse.py for tasks to queue
[2025-11-07T09:38:42.687+0000] {logging_mixin.py:188} INFO - [2025-11-07T09:38:42.686+0000] {dagbag.py:538} INFO - Filling up the DagBag from /opt/airflow/dags/pipelines/mongo_to_clickhouse.py
[2025-11-07T09:38:42.732+0000] {processor.py:842} WARNING - No viable dags retrieved from /opt/airflow/dags/pipelines/mongo_to_clickhouse.py
[2025-11-07T09:38:42.776+0000] {processor.py:183} INFO - Processing /opt/airflow/dags/pipelines/mongo_to_clickhouse.py took 0.103 seconds
[2025-11-07T09:39:13.282+0000] {processor.py:161} INFO - Started process (PID=49917) to work on /opt/airflow/dags/pipelines/mongo_to_clickhouse.py
[2025-11-07T09:39:13.286+0000] {processor.py:830} INFO - Processing file /opt/airflow/dags/pipelines/mongo_to_clickhouse.py for tasks to queue
[2025-11-07T09:39:13.288+0000] {logging_mixin.py:188} INFO - [2025-11-07T09:39:13.288+0000] {dagbag.py:538} INFO - Filling up the DagBag from /opt/airflow/dags/pipelines/mongo_to_clickhouse.py
[2025-11-07T09:39:13.328+0000] {processor.py:842} WARNING - No viable dags retrieved from /opt/airflow/dags/pipelines/mongo_to_clickhouse.py
[2025-11-07T09:39:13.366+0000] {processor.py:183} INFO - Processing /opt/airflow/dags/pipelines/mongo_to_clickhouse.py took 0.095 seconds
[2025-11-07T09:39:44.263+0000] {processor.py:161} INFO - Started process (PID=49955) to work on /opt/airflow/dags/pipelines/mongo_to_clickhouse.py
[2025-11-07T09:39:44.269+0000] {processor.py:830} INFO - Processing file /opt/airflow/dags/pipelines/mongo_to_clickhouse.py for tasks to queue
[2025-11-07T09:39:44.272+0000] {logging_mixin.py:188} INFO - [2025-11-07T09:39:44.271+0000] {dagbag.py:538} INFO - Filling up the DagBag from /opt/airflow/dags/pipelines/mongo_to_clickhouse.py
[2025-11-07T09:39:44.355+0000] {processor.py:842} WARNING - No viable dags retrieved from /opt/airflow/dags/pipelines/mongo_to_clickhouse.py
[2025-11-07T09:39:44.402+0000] {processor.py:183} INFO - Processing /opt/airflow/dags/pipelines/mongo_to_clickhouse.py took 0.162 seconds
[2025-11-07T09:40:14.963+0000] {processor.py:161} INFO - Started process (PID=49990) to work on /opt/airflow/dags/pipelines/mongo_to_clickhouse.py
[2025-11-07T09:40:14.966+0000] {processor.py:830} INFO - Processing file /opt/airflow/dags/pipelines/mongo_to_clickhouse.py for tasks to queue
[2025-11-07T09:40:14.968+0000] {logging_mixin.py:188} INFO - [2025-11-07T09:40:14.967+0000] {dagbag.py:538} INFO - Filling up the DagBag from /opt/airflow/dags/pipelines/mongo_to_clickhouse.py
[2025-11-07T09:40:15.018+0000] {processor.py:842} WARNING - No viable dags retrieved from /opt/airflow/dags/pipelines/mongo_to_clickhouse.py
[2025-11-07T09:40:15.074+0000] {processor.py:183} INFO - Processing /opt/airflow/dags/pipelines/mongo_to_clickhouse.py took 0.124 seconds
[2025-11-07T09:40:45.578+0000] {processor.py:161} INFO - Started process (PID=50025) to work on /opt/airflow/dags/pipelines/mongo_to_clickhouse.py
[2025-11-07T09:40:45.580+0000] {processor.py:830} INFO - Processing file /opt/airflow/dags/pipelines/mongo_to_clickhouse.py for tasks to queue
[2025-11-07T09:40:45.583+0000] {logging_mixin.py:188} INFO - [2025-11-07T09:40:45.581+0000] {dagbag.py:538} INFO - Filling up the DagBag from /opt/airflow/dags/pipelines/mongo_to_clickhouse.py
[2025-11-07T09:40:45.634+0000] {processor.py:842} WARNING - No viable dags retrieved from /opt/airflow/dags/pipelines/mongo_to_clickhouse.py
[2025-11-07T09:40:45.670+0000] {processor.py:183} INFO - Processing /opt/airflow/dags/pipelines/mongo_to_clickhouse.py took 0.100 seconds
[2025-11-07T09:41:15.787+0000] {processor.py:161} INFO - Started process (PID=50057) to work on /opt/airflow/dags/pipelines/mongo_to_clickhouse.py
[2025-11-07T09:41:15.794+0000] {processor.py:830} INFO - Processing file /opt/airflow/dags/pipelines/mongo_to_clickhouse.py for tasks to queue
[2025-11-07T09:41:15.797+0000] {logging_mixin.py:188} INFO - [2025-11-07T09:41:15.796+0000] {dagbag.py:538} INFO - Filling up the DagBag from /opt/airflow/dags/pipelines/mongo_to_clickhouse.py
[2025-11-07T09:41:15.837+0000] {processor.py:842} WARNING - No viable dags retrieved from /opt/airflow/dags/pipelines/mongo_to_clickhouse.py
[2025-11-07T09:41:15.879+0000] {processor.py:183} INFO - Processing /opt/airflow/dags/pipelines/mongo_to_clickhouse.py took 0.101 seconds
[2025-11-07T09:41:46.029+0000] {processor.py:161} INFO - Started process (PID=50092) to work on /opt/airflow/dags/pipelines/mongo_to_clickhouse.py
[2025-11-07T09:41:46.034+0000] {processor.py:830} INFO - Processing file /opt/airflow/dags/pipelines/mongo_to_clickhouse.py for tasks to queue
[2025-11-07T09:41:46.036+0000] {logging_mixin.py:188} INFO - [2025-11-07T09:41:46.035+0000] {dagbag.py:538} INFO - Filling up the DagBag from /opt/airflow/dags/pipelines/mongo_to_clickhouse.py
[2025-11-07T09:41:46.083+0000] {processor.py:842} WARNING - No viable dags retrieved from /opt/airflow/dags/pipelines/mongo_to_clickhouse.py
[2025-11-07T09:41:46.129+0000] {processor.py:183} INFO - Processing /opt/airflow/dags/pipelines/mongo_to_clickhouse.py took 0.105 seconds
[2025-11-07T09:42:16.388+0000] {processor.py:161} INFO - Started process (PID=50127) to work on /opt/airflow/dags/pipelines/mongo_to_clickhouse.py
[2025-11-07T09:42:16.391+0000] {processor.py:830} INFO - Processing file /opt/airflow/dags/pipelines/mongo_to_clickhouse.py for tasks to queue
[2025-11-07T09:42:16.393+0000] {logging_mixin.py:188} INFO - [2025-11-07T09:42:16.392+0000] {dagbag.py:538} INFO - Filling up the DagBag from /opt/airflow/dags/pipelines/mongo_to_clickhouse.py
[2025-11-07T09:42:16.428+0000] {processor.py:842} WARNING - No viable dags retrieved from /opt/airflow/dags/pipelines/mongo_to_clickhouse.py
[2025-11-07T09:42:16.462+0000] {processor.py:183} INFO - Processing /opt/airflow/dags/pipelines/mongo_to_clickhouse.py took 0.081 seconds
[2025-11-07T09:42:46.685+0000] {processor.py:161} INFO - Started process (PID=50162) to work on /opt/airflow/dags/pipelines/mongo_to_clickhouse.py
[2025-11-07T09:42:46.689+0000] {processor.py:830} INFO - Processing file /opt/airflow/dags/pipelines/mongo_to_clickhouse.py for tasks to queue
[2025-11-07T09:42:46.692+0000] {logging_mixin.py:188} INFO - [2025-11-07T09:42:46.691+0000] {dagbag.py:538} INFO - Filling up the DagBag from /opt/airflow/dags/pipelines/mongo_to_clickhouse.py
[2025-11-07T09:42:46.728+0000] {processor.py:842} WARNING - No viable dags retrieved from /opt/airflow/dags/pipelines/mongo_to_clickhouse.py
[2025-11-07T09:42:46.773+0000] {processor.py:183} INFO - Processing /opt/airflow/dags/pipelines/mongo_to_clickhouse.py took 0.097 seconds
[2025-11-07T09:43:17.020+0000] {processor.py:161} INFO - Started process (PID=50197) to work on /opt/airflow/dags/pipelines/mongo_to_clickhouse.py
[2025-11-07T09:43:17.023+0000] {processor.py:830} INFO - Processing file /opt/airflow/dags/pipelines/mongo_to_clickhouse.py for tasks to queue
[2025-11-07T09:43:17.025+0000] {logging_mixin.py:188} INFO - [2025-11-07T09:43:17.025+0000] {dagbag.py:538} INFO - Filling up the DagBag from /opt/airflow/dags/pipelines/mongo_to_clickhouse.py
[2025-11-07T09:43:17.062+0000] {processor.py:842} WARNING - No viable dags retrieved from /opt/airflow/dags/pipelines/mongo_to_clickhouse.py
[2025-11-07T09:43:17.100+0000] {processor.py:183} INFO - Processing /opt/airflow/dags/pipelines/mongo_to_clickhouse.py took 0.091 seconds
[2025-11-07T09:43:47.375+0000] {processor.py:161} INFO - Started process (PID=50232) to work on /opt/airflow/dags/pipelines/mongo_to_clickhouse.py
[2025-11-07T09:43:47.377+0000] {processor.py:830} INFO - Processing file /opt/airflow/dags/pipelines/mongo_to_clickhouse.py for tasks to queue
[2025-11-07T09:43:47.379+0000] {logging_mixin.py:188} INFO - [2025-11-07T09:43:47.378+0000] {dagbag.py:538} INFO - Filling up the DagBag from /opt/airflow/dags/pipelines/mongo_to_clickhouse.py
[2025-11-07T09:43:47.415+0000] {processor.py:842} WARNING - No viable dags retrieved from /opt/airflow/dags/pipelines/mongo_to_clickhouse.py
[2025-11-07T09:43:47.459+0000] {processor.py:183} INFO - Processing /opt/airflow/dags/pipelines/mongo_to_clickhouse.py took 0.094 seconds
[2025-11-07T09:44:18.253+0000] {processor.py:161} INFO - Started process (PID=50267) to work on /opt/airflow/dags/pipelines/mongo_to_clickhouse.py
[2025-11-07T09:44:18.257+0000] {processor.py:830} INFO - Processing file /opt/airflow/dags/pipelines/mongo_to_clickhouse.py for tasks to queue
[2025-11-07T09:44:18.260+0000] {logging_mixin.py:188} INFO - [2025-11-07T09:44:18.259+0000] {dagbag.py:538} INFO - Filling up the DagBag from /opt/airflow/dags/pipelines/mongo_to_clickhouse.py
[2025-11-07T09:44:18.311+0000] {processor.py:842} WARNING - No viable dags retrieved from /opt/airflow/dags/pipelines/mongo_to_clickhouse.py
[2025-11-07T09:44:18.366+0000] {processor.py:183} INFO - Processing /opt/airflow/dags/pipelines/mongo_to_clickhouse.py took 0.126 seconds
[2025-11-07T09:44:49.273+0000] {processor.py:161} INFO - Started process (PID=50302) to work on /opt/airflow/dags/pipelines/mongo_to_clickhouse.py
[2025-11-07T09:44:49.275+0000] {processor.py:830} INFO - Processing file /opt/airflow/dags/pipelines/mongo_to_clickhouse.py for tasks to queue
[2025-11-07T09:44:49.277+0000] {logging_mixin.py:188} INFO - [2025-11-07T09:44:49.277+0000] {dagbag.py:538} INFO - Filling up the DagBag from /opt/airflow/dags/pipelines/mongo_to_clickhouse.py
[2025-11-07T09:44:49.317+0000] {processor.py:842} WARNING - No viable dags retrieved from /opt/airflow/dags/pipelines/mongo_to_clickhouse.py
[2025-11-07T09:44:49.357+0000] {processor.py:183} INFO - Processing /opt/airflow/dags/pipelines/mongo_to_clickhouse.py took 0.094 seconds
[2025-11-07T09:47:55.897+0000] {processor.py:161} INFO - Started process (PID=50347) to work on /opt/airflow/dags/pipelines/mongo_to_clickhouse.py
[2025-11-07T09:47:55.919+0000] {processor.py:830} INFO - Processing file /opt/airflow/dags/pipelines/mongo_to_clickhouse.py for tasks to queue
[2025-11-07T09:47:55.926+0000] {logging_mixin.py:188} INFO - [2025-11-07T09:47:55.924+0000] {dagbag.py:538} INFO - Filling up the DagBag from /opt/airflow/dags/pipelines/mongo_to_clickhouse.py
[2025-11-07T09:47:56.040+0000] {processor.py:842} WARNING - No viable dags retrieved from /opt/airflow/dags/pipelines/mongo_to_clickhouse.py
[2025-11-07T09:47:56.133+0000] {processor.py:183} INFO - Processing /opt/airflow/dags/pipelines/mongo_to_clickhouse.py took 0.272 seconds
[2025-11-07T09:48:26.841+0000] {processor.py:161} INFO - Started process (PID=50384) to work on /opt/airflow/dags/pipelines/mongo_to_clickhouse.py
[2025-11-07T09:48:26.843+0000] {processor.py:830} INFO - Processing file /opt/airflow/dags/pipelines/mongo_to_clickhouse.py for tasks to queue
[2025-11-07T09:48:26.846+0000] {logging_mixin.py:188} INFO - [2025-11-07T09:48:26.844+0000] {dagbag.py:538} INFO - Filling up the DagBag from /opt/airflow/dags/pipelines/mongo_to_clickhouse.py
[2025-11-07T09:48:26.884+0000] {processor.py:842} WARNING - No viable dags retrieved from /opt/airflow/dags/pipelines/mongo_to_clickhouse.py
[2025-11-07T09:48:26.921+0000] {processor.py:183} INFO - Processing /opt/airflow/dags/pipelines/mongo_to_clickhouse.py took 0.086 seconds
[2025-11-07T09:48:58.057+0000] {processor.py:161} INFO - Started process (PID=50419) to work on /opt/airflow/dags/pipelines/mongo_to_clickhouse.py
[2025-11-07T09:48:58.060+0000] {processor.py:830} INFO - Processing file /opt/airflow/dags/pipelines/mongo_to_clickhouse.py for tasks to queue
[2025-11-07T09:48:58.064+0000] {logging_mixin.py:188} INFO - [2025-11-07T09:48:58.063+0000] {dagbag.py:538} INFO - Filling up the DagBag from /opt/airflow/dags/pipelines/mongo_to_clickhouse.py
[2025-11-07T09:48:58.105+0000] {processor.py:842} WARNING - No viable dags retrieved from /opt/airflow/dags/pipelines/mongo_to_clickhouse.py
[2025-11-07T09:48:58.149+0000] {processor.py:183} INFO - Processing /opt/airflow/dags/pipelines/mongo_to_clickhouse.py took 0.100 seconds
[2025-11-07T09:49:29.360+0000] {processor.py:161} INFO - Started process (PID=50454) to work on /opt/airflow/dags/pipelines/mongo_to_clickhouse.py
[2025-11-07T09:49:29.362+0000] {processor.py:830} INFO - Processing file /opt/airflow/dags/pipelines/mongo_to_clickhouse.py for tasks to queue
[2025-11-07T09:49:29.364+0000] {logging_mixin.py:188} INFO - [2025-11-07T09:49:29.363+0000] {dagbag.py:538} INFO - Filling up the DagBag from /opt/airflow/dags/pipelines/mongo_to_clickhouse.py
[2025-11-07T09:49:29.414+0000] {processor.py:842} WARNING - No viable dags retrieved from /opt/airflow/dags/pipelines/mongo_to_clickhouse.py
[2025-11-07T09:49:29.460+0000] {processor.py:183} INFO - Processing /opt/airflow/dags/pipelines/mongo_to_clickhouse.py took 0.111 seconds
[2025-11-07T09:50:00.444+0000] {processor.py:161} INFO - Started process (PID=50487) to work on /opt/airflow/dags/pipelines/mongo_to_clickhouse.py
[2025-11-07T09:50:00.447+0000] {processor.py:830} INFO - Processing file /opt/airflow/dags/pipelines/mongo_to_clickhouse.py for tasks to queue
[2025-11-07T09:50:00.449+0000] {logging_mixin.py:188} INFO - [2025-11-07T09:50:00.448+0000] {dagbag.py:538} INFO - Filling up the DagBag from /opt/airflow/dags/pipelines/mongo_to_clickhouse.py
[2025-11-07T09:50:00.498+0000] {processor.py:842} WARNING - No viable dags retrieved from /opt/airflow/dags/pipelines/mongo_to_clickhouse.py
[2025-11-07T09:50:00.537+0000] {processor.py:183} INFO - Processing /opt/airflow/dags/pipelines/mongo_to_clickhouse.py took 0.105 seconds
[2025-11-07T11:35:36.959+0000] {processor.py:161} INFO - Started process (PID=50528) to work on /opt/airflow/dags/pipelines/mongo_to_clickhouse.py
[2025-11-07T11:35:36.969+0000] {processor.py:830} INFO - Processing file /opt/airflow/dags/pipelines/mongo_to_clickhouse.py for tasks to queue
[2025-11-07T11:35:36.981+0000] {logging_mixin.py:188} INFO - [2025-11-07T11:35:36.980+0000] {dagbag.py:538} INFO - Filling up the DagBag from /opt/airflow/dags/pipelines/mongo_to_clickhouse.py
[2025-11-07T11:35:37.621+0000] {processor.py:842} WARNING - No viable dags retrieved from /opt/airflow/dags/pipelines/mongo_to_clickhouse.py
[2025-11-07T11:35:37.747+0000] {processor.py:183} INFO - Processing /opt/airflow/dags/pipelines/mongo_to_clickhouse.py took 0.821 seconds
[2025-11-07T11:36:08.123+0000] {processor.py:161} INFO - Started process (PID=50563) to work on /opt/airflow/dags/pipelines/mongo_to_clickhouse.py
[2025-11-07T11:36:08.124+0000] {processor.py:830} INFO - Processing file /opt/airflow/dags/pipelines/mongo_to_clickhouse.py for tasks to queue
[2025-11-07T11:36:08.125+0000] {logging_mixin.py:188} INFO - [2025-11-07T11:36:08.125+0000] {dagbag.py:538} INFO - Filling up the DagBag from /opt/airflow/dags/pipelines/mongo_to_clickhouse.py
[2025-11-07T11:36:08.144+0000] {processor.py:842} WARNING - No viable dags retrieved from /opt/airflow/dags/pipelines/mongo_to_clickhouse.py
[2025-11-07T11:36:08.166+0000] {processor.py:183} INFO - Processing /opt/airflow/dags/pipelines/mongo_to_clickhouse.py took 0.047 seconds
[2025-11-07T11:36:39.035+0000] {processor.py:161} INFO - Started process (PID=50598) to work on /opt/airflow/dags/pipelines/mongo_to_clickhouse.py
[2025-11-07T11:36:39.036+0000] {processor.py:830} INFO - Processing file /opt/airflow/dags/pipelines/mongo_to_clickhouse.py for tasks to queue
[2025-11-07T11:36:39.038+0000] {logging_mixin.py:188} INFO - [2025-11-07T11:36:39.037+0000] {dagbag.py:538} INFO - Filling up the DagBag from /opt/airflow/dags/pipelines/mongo_to_clickhouse.py
[2025-11-07T11:36:39.054+0000] {processor.py:842} WARNING - No viable dags retrieved from /opt/airflow/dags/pipelines/mongo_to_clickhouse.py
[2025-11-07T11:36:39.072+0000] {processor.py:183} INFO - Processing /opt/airflow/dags/pipelines/mongo_to_clickhouse.py took 0.040 seconds
[2025-11-07T11:37:09.187+0000] {processor.py:161} INFO - Started process (PID=50633) to work on /opt/airflow/dags/pipelines/mongo_to_clickhouse.py
[2025-11-07T11:37:09.189+0000] {processor.py:830} INFO - Processing file /opt/airflow/dags/pipelines/mongo_to_clickhouse.py for tasks to queue
[2025-11-07T11:37:09.190+0000] {logging_mixin.py:188} INFO - [2025-11-07T11:37:09.189+0000] {dagbag.py:538} INFO - Filling up the DagBag from /opt/airflow/dags/pipelines/mongo_to_clickhouse.py
[2025-11-07T11:37:09.203+0000] {processor.py:842} WARNING - No viable dags retrieved from /opt/airflow/dags/pipelines/mongo_to_clickhouse.py
[2025-11-07T11:37:09.217+0000] {processor.py:183} INFO - Processing /opt/airflow/dags/pipelines/mongo_to_clickhouse.py took 0.034 seconds
[2025-11-07T11:37:39.274+0000] {processor.py:161} INFO - Started process (PID=50666) to work on /opt/airflow/dags/pipelines/mongo_to_clickhouse.py
[2025-11-07T11:37:39.275+0000] {processor.py:830} INFO - Processing file /opt/airflow/dags/pipelines/mongo_to_clickhouse.py for tasks to queue
[2025-11-07T11:37:39.276+0000] {logging_mixin.py:188} INFO - [2025-11-07T11:37:39.276+0000] {dagbag.py:538} INFO - Filling up the DagBag from /opt/airflow/dags/pipelines/mongo_to_clickhouse.py
[2025-11-07T11:37:39.289+0000] {processor.py:842} WARNING - No viable dags retrieved from /opt/airflow/dags/pipelines/mongo_to_clickhouse.py
[2025-11-07T11:37:39.304+0000] {processor.py:183} INFO - Processing /opt/airflow/dags/pipelines/mongo_to_clickhouse.py took 0.033 seconds
[2025-11-07T11:38:11.540+0000] {processor.py:161} INFO - Started process (PID=50701) to work on /opt/airflow/dags/pipelines/mongo_to_clickhouse.py
[2025-11-07T11:38:11.541+0000] {processor.py:830} INFO - Processing file /opt/airflow/dags/pipelines/mongo_to_clickhouse.py for tasks to queue
[2025-11-07T11:38:11.542+0000] {logging_mixin.py:188} INFO - [2025-11-07T11:38:11.542+0000] {dagbag.py:538} INFO - Filling up the DagBag from /opt/airflow/dags/pipelines/mongo_to_clickhouse.py
[2025-11-07T11:38:11.561+0000] {processor.py:842} WARNING - No viable dags retrieved from /opt/airflow/dags/pipelines/mongo_to_clickhouse.py
[2025-11-07T11:38:11.578+0000] {processor.py:183} INFO - Processing /opt/airflow/dags/pipelines/mongo_to_clickhouse.py took 0.042 seconds
[2025-11-07T11:38:41.856+0000] {processor.py:161} INFO - Started process (PID=50736) to work on /opt/airflow/dags/pipelines/mongo_to_clickhouse.py
[2025-11-07T11:38:41.858+0000] {processor.py:830} INFO - Processing file /opt/airflow/dags/pipelines/mongo_to_clickhouse.py for tasks to queue
[2025-11-07T11:38:41.858+0000] {logging_mixin.py:188} INFO - [2025-11-07T11:38:41.858+0000] {dagbag.py:538} INFO - Filling up the DagBag from /opt/airflow/dags/pipelines/mongo_to_clickhouse.py
[2025-11-07T11:38:41.874+0000] {processor.py:842} WARNING - No viable dags retrieved from /opt/airflow/dags/pipelines/mongo_to_clickhouse.py
[2025-11-07T11:38:41.889+0000] {processor.py:183} INFO - Processing /opt/airflow/dags/pipelines/mongo_to_clickhouse.py took 0.036 seconds
[2025-11-07T13:06:01.226+0000] {processor.py:161} INFO - Started process (PID=50775) to work on /opt/airflow/dags/pipelines/mongo_to_clickhouse.py
[2025-11-07T13:06:01.228+0000] {processor.py:830} INFO - Processing file /opt/airflow/dags/pipelines/mongo_to_clickhouse.py for tasks to queue
[2025-11-07T13:06:01.238+0000] {logging_mixin.py:188} INFO - [2025-11-07T13:06:01.238+0000] {dagbag.py:538} INFO - Filling up the DagBag from /opt/airflow/dags/pipelines/mongo_to_clickhouse.py
[2025-11-07T13:06:01.269+0000] {processor.py:842} WARNING - No viable dags retrieved from /opt/airflow/dags/pipelines/mongo_to_clickhouse.py
[2025-11-07T13:06:01.317+0000] {processor.py:183} INFO - Processing /opt/airflow/dags/pipelines/mongo_to_clickhouse.py took 0.101 seconds
[2025-11-07T13:12:26.519+0000] {processor.py:161} INFO - Started process (PID=50814) to work on /opt/airflow/dags/pipelines/mongo_to_clickhouse.py
[2025-11-07T13:12:26.532+0000] {processor.py:830} INFO - Processing file /opt/airflow/dags/pipelines/mongo_to_clickhouse.py for tasks to queue
[2025-11-07T13:12:26.534+0000] {logging_mixin.py:188} INFO - [2025-11-07T13:12:26.533+0000] {dagbag.py:538} INFO - Filling up the DagBag from /opt/airflow/dags/pipelines/mongo_to_clickhouse.py
[2025-11-07T13:12:26.565+0000] {processor.py:842} WARNING - No viable dags retrieved from /opt/airflow/dags/pipelines/mongo_to_clickhouse.py
[2025-11-07T13:12:26.614+0000] {processor.py:183} INFO - Processing /opt/airflow/dags/pipelines/mongo_to_clickhouse.py took 0.102 seconds
[2025-11-07T13:12:57.515+0000] {processor.py:161} INFO - Started process (PID=50847) to work on /opt/airflow/dags/pipelines/mongo_to_clickhouse.py
[2025-11-07T13:12:57.520+0000] {processor.py:830} INFO - Processing file /opt/airflow/dags/pipelines/mongo_to_clickhouse.py for tasks to queue
[2025-11-07T13:12:57.522+0000] {logging_mixin.py:188} INFO - [2025-11-07T13:12:57.522+0000] {dagbag.py:538} INFO - Filling up the DagBag from /opt/airflow/dags/pipelines/mongo_to_clickhouse.py
[2025-11-07T13:12:57.552+0000] {processor.py:842} WARNING - No viable dags retrieved from /opt/airflow/dags/pipelines/mongo_to_clickhouse.py
[2025-11-07T13:12:57.581+0000] {processor.py:183} INFO - Processing /opt/airflow/dags/pipelines/mongo_to_clickhouse.py took 0.078 seconds
[2025-11-07T13:13:27.917+0000] {processor.py:161} INFO - Started process (PID=50882) to work on /opt/airflow/dags/pipelines/mongo_to_clickhouse.py
[2025-11-07T13:13:27.919+0000] {processor.py:830} INFO - Processing file /opt/airflow/dags/pipelines/mongo_to_clickhouse.py for tasks to queue
[2025-11-07T13:13:27.921+0000] {logging_mixin.py:188} INFO - [2025-11-07T13:13:27.920+0000] {dagbag.py:538} INFO - Filling up the DagBag from /opt/airflow/dags/pipelines/mongo_to_clickhouse.py
[2025-11-07T13:13:27.936+0000] {processor.py:842} WARNING - No viable dags retrieved from /opt/airflow/dags/pipelines/mongo_to_clickhouse.py
[2025-11-07T13:13:27.957+0000] {processor.py:183} INFO - Processing /opt/airflow/dags/pipelines/mongo_to_clickhouse.py took 0.045 seconds
[2025-11-07T13:13:59.019+0000] {processor.py:161} INFO - Started process (PID=50917) to work on /opt/airflow/dags/pipelines/mongo_to_clickhouse.py
[2025-11-07T13:13:59.020+0000] {processor.py:830} INFO - Processing file /opt/airflow/dags/pipelines/mongo_to_clickhouse.py for tasks to queue
[2025-11-07T13:13:59.022+0000] {logging_mixin.py:188} INFO - [2025-11-07T13:13:59.021+0000] {dagbag.py:538} INFO - Filling up the DagBag from /opt/airflow/dags/pipelines/mongo_to_clickhouse.py
[2025-11-07T13:13:59.048+0000] {processor.py:842} WARNING - No viable dags retrieved from /opt/airflow/dags/pipelines/mongo_to_clickhouse.py
[2025-11-07T13:13:59.067+0000] {processor.py:183} INFO - Processing /opt/airflow/dags/pipelines/mongo_to_clickhouse.py took 0.052 seconds
[2025-11-07T13:14:30.068+0000] {processor.py:161} INFO - Started process (PID=50952) to work on /opt/airflow/dags/pipelines/mongo_to_clickhouse.py
[2025-11-07T13:14:30.070+0000] {processor.py:830} INFO - Processing file /opt/airflow/dags/pipelines/mongo_to_clickhouse.py for tasks to queue
[2025-11-07T13:14:30.072+0000] {logging_mixin.py:188} INFO - [2025-11-07T13:14:30.071+0000] {dagbag.py:538} INFO - Filling up the DagBag from /opt/airflow/dags/pipelines/mongo_to_clickhouse.py
[2025-11-07T13:14:30.090+0000] {processor.py:842} WARNING - No viable dags retrieved from /opt/airflow/dags/pipelines/mongo_to_clickhouse.py
[2025-11-07T13:14:30.109+0000] {processor.py:183} INFO - Processing /opt/airflow/dags/pipelines/mongo_to_clickhouse.py took 0.045 seconds
[2025-11-07T13:15:01.058+0000] {processor.py:161} INFO - Started process (PID=50987) to work on /opt/airflow/dags/pipelines/mongo_to_clickhouse.py
[2025-11-07T13:15:01.059+0000] {processor.py:830} INFO - Processing file /opt/airflow/dags/pipelines/mongo_to_clickhouse.py for tasks to queue
[2025-11-07T13:15:01.060+0000] {logging_mixin.py:188} INFO - [2025-11-07T13:15:01.060+0000] {dagbag.py:538} INFO - Filling up the DagBag from /opt/airflow/dags/pipelines/mongo_to_clickhouse.py
[2025-11-07T13:15:01.082+0000] {processor.py:842} WARNING - No viable dags retrieved from /opt/airflow/dags/pipelines/mongo_to_clickhouse.py
[2025-11-07T13:15:01.102+0000] {processor.py:183} INFO - Processing /opt/airflow/dags/pipelines/mongo_to_clickhouse.py took 0.049 seconds
[2025-11-07T13:15:32.161+0000] {processor.py:161} INFO - Started process (PID=51022) to work on /opt/airflow/dags/pipelines/mongo_to_clickhouse.py
[2025-11-07T13:15:32.163+0000] {processor.py:830} INFO - Processing file /opt/airflow/dags/pipelines/mongo_to_clickhouse.py for tasks to queue
[2025-11-07T13:15:32.164+0000] {logging_mixin.py:188} INFO - [2025-11-07T13:15:32.163+0000] {dagbag.py:538} INFO - Filling up the DagBag from /opt/airflow/dags/pipelines/mongo_to_clickhouse.py
[2025-11-07T13:15:32.183+0000] {processor.py:842} WARNING - No viable dags retrieved from /opt/airflow/dags/pipelines/mongo_to_clickhouse.py
[2025-11-07T13:15:32.207+0000] {processor.py:183} INFO - Processing /opt/airflow/dags/pipelines/mongo_to_clickhouse.py took 0.051 seconds
[2025-11-07T13:16:03.223+0000] {processor.py:161} INFO - Started process (PID=51057) to work on /opt/airflow/dags/pipelines/mongo_to_clickhouse.py
[2025-11-07T13:16:03.225+0000] {processor.py:830} INFO - Processing file /opt/airflow/dags/pipelines/mongo_to_clickhouse.py for tasks to queue
[2025-11-07T13:16:03.226+0000] {logging_mixin.py:188} INFO - [2025-11-07T13:16:03.226+0000] {dagbag.py:538} INFO - Filling up the DagBag from /opt/airflow/dags/pipelines/mongo_to_clickhouse.py
[2025-11-07T13:16:03.248+0000] {processor.py:842} WARNING - No viable dags retrieved from /opt/airflow/dags/pipelines/mongo_to_clickhouse.py
[2025-11-07T13:16:03.270+0000] {processor.py:183} INFO - Processing /opt/airflow/dags/pipelines/mongo_to_clickhouse.py took 0.050 seconds
[2025-11-07T13:16:34.335+0000] {processor.py:161} INFO - Started process (PID=51092) to work on /opt/airflow/dags/pipelines/mongo_to_clickhouse.py
[2025-11-07T13:16:34.337+0000] {processor.py:830} INFO - Processing file /opt/airflow/dags/pipelines/mongo_to_clickhouse.py for tasks to queue
[2025-11-07T13:16:34.338+0000] {logging_mixin.py:188} INFO - [2025-11-07T13:16:34.338+0000] {dagbag.py:538} INFO - Filling up the DagBag from /opt/airflow/dags/pipelines/mongo_to_clickhouse.py
[2025-11-07T13:16:34.363+0000] {processor.py:842} WARNING - No viable dags retrieved from /opt/airflow/dags/pipelines/mongo_to_clickhouse.py
[2025-11-07T13:16:34.386+0000] {processor.py:183} INFO - Processing /opt/airflow/dags/pipelines/mongo_to_clickhouse.py took 0.056 seconds
[2025-11-07T13:17:05.310+0000] {processor.py:161} INFO - Started process (PID=51127) to work on /opt/airflow/dags/pipelines/mongo_to_clickhouse.py
[2025-11-07T13:17:05.312+0000] {processor.py:830} INFO - Processing file /opt/airflow/dags/pipelines/mongo_to_clickhouse.py for tasks to queue
[2025-11-07T13:17:05.314+0000] {logging_mixin.py:188} INFO - [2025-11-07T13:17:05.313+0000] {dagbag.py:538} INFO - Filling up the DagBag from /opt/airflow/dags/pipelines/mongo_to_clickhouse.py
[2025-11-07T13:17:05.333+0000] {processor.py:842} WARNING - No viable dags retrieved from /opt/airflow/dags/pipelines/mongo_to_clickhouse.py
[2025-11-07T13:17:05.355+0000] {processor.py:183} INFO - Processing /opt/airflow/dags/pipelines/mongo_to_clickhouse.py took 0.048 seconds
[2025-11-07T13:17:36.384+0000] {processor.py:161} INFO - Started process (PID=51162) to work on /opt/airflow/dags/pipelines/mongo_to_clickhouse.py
[2025-11-07T13:17:36.385+0000] {processor.py:830} INFO - Processing file /opt/airflow/dags/pipelines/mongo_to_clickhouse.py for tasks to queue
[2025-11-07T13:17:36.386+0000] {logging_mixin.py:188} INFO - [2025-11-07T13:17:36.386+0000] {dagbag.py:538} INFO - Filling up the DagBag from /opt/airflow/dags/pipelines/mongo_to_clickhouse.py
[2025-11-07T13:17:36.405+0000] {processor.py:842} WARNING - No viable dags retrieved from /opt/airflow/dags/pipelines/mongo_to_clickhouse.py
[2025-11-07T13:17:36.425+0000] {processor.py:183} INFO - Processing /opt/airflow/dags/pipelines/mongo_to_clickhouse.py took 0.045 seconds
[2025-11-07T13:18:07.381+0000] {processor.py:161} INFO - Started process (PID=51197) to work on /opt/airflow/dags/pipelines/mongo_to_clickhouse.py
[2025-11-07T13:18:07.383+0000] {processor.py:830} INFO - Processing file /opt/airflow/dags/pipelines/mongo_to_clickhouse.py for tasks to queue
[2025-11-07T13:18:07.385+0000] {logging_mixin.py:188} INFO - [2025-11-07T13:18:07.384+0000] {dagbag.py:538} INFO - Filling up the DagBag from /opt/airflow/dags/pipelines/mongo_to_clickhouse.py
[2025-11-07T13:18:07.406+0000] {processor.py:842} WARNING - No viable dags retrieved from /opt/airflow/dags/pipelines/mongo_to_clickhouse.py
[2025-11-07T13:18:07.425+0000] {processor.py:183} INFO - Processing /opt/airflow/dags/pipelines/mongo_to_clickhouse.py took 0.048 seconds
[2025-11-07T13:18:38.442+0000] {processor.py:161} INFO - Started process (PID=51232) to work on /opt/airflow/dags/pipelines/mongo_to_clickhouse.py
[2025-11-07T13:18:38.444+0000] {processor.py:830} INFO - Processing file /opt/airflow/dags/pipelines/mongo_to_clickhouse.py for tasks to queue
[2025-11-07T13:18:38.445+0000] {logging_mixin.py:188} INFO - [2025-11-07T13:18:38.445+0000] {dagbag.py:538} INFO - Filling up the DagBag from /opt/airflow/dags/pipelines/mongo_to_clickhouse.py
[2025-11-07T13:18:38.462+0000] {processor.py:842} WARNING - No viable dags retrieved from /opt/airflow/dags/pipelines/mongo_to_clickhouse.py
[2025-11-07T13:18:38.481+0000] {processor.py:183} INFO - Processing /opt/airflow/dags/pipelines/mongo_to_clickhouse.py took 0.043 seconds
[2025-11-07T13:19:09.376+0000] {processor.py:161} INFO - Started process (PID=51267) to work on /opt/airflow/dags/pipelines/mongo_to_clickhouse.py
[2025-11-07T13:19:09.378+0000] {processor.py:830} INFO - Processing file /opt/airflow/dags/pipelines/mongo_to_clickhouse.py for tasks to queue
[2025-11-07T13:19:09.379+0000] {logging_mixin.py:188} INFO - [2025-11-07T13:19:09.379+0000] {dagbag.py:538} INFO - Filling up the DagBag from /opt/airflow/dags/pipelines/mongo_to_clickhouse.py
[2025-11-07T13:19:09.396+0000] {processor.py:842} WARNING - No viable dags retrieved from /opt/airflow/dags/pipelines/mongo_to_clickhouse.py
[2025-11-07T13:19:09.413+0000] {processor.py:183} INFO - Processing /opt/airflow/dags/pipelines/mongo_to_clickhouse.py took 0.041 seconds
[2025-11-07T13:19:40.387+0000] {processor.py:161} INFO - Started process (PID=51302) to work on /opt/airflow/dags/pipelines/mongo_to_clickhouse.py
[2025-11-07T13:19:40.389+0000] {processor.py:830} INFO - Processing file /opt/airflow/dags/pipelines/mongo_to_clickhouse.py for tasks to queue
[2025-11-07T13:19:40.390+0000] {logging_mixin.py:188} INFO - [2025-11-07T13:19:40.389+0000] {dagbag.py:538} INFO - Filling up the DagBag from /opt/airflow/dags/pipelines/mongo_to_clickhouse.py
[2025-11-07T13:19:40.408+0000] {processor.py:842} WARNING - No viable dags retrieved from /opt/airflow/dags/pipelines/mongo_to_clickhouse.py
[2025-11-07T13:19:40.432+0000] {processor.py:183} INFO - Processing /opt/airflow/dags/pipelines/mongo_to_clickhouse.py took 0.048 seconds
[2025-11-07T13:20:11.403+0000] {processor.py:161} INFO - Started process (PID=51337) to work on /opt/airflow/dags/pipelines/mongo_to_clickhouse.py
[2025-11-07T13:20:11.404+0000] {processor.py:830} INFO - Processing file /opt/airflow/dags/pipelines/mongo_to_clickhouse.py for tasks to queue
[2025-11-07T13:20:11.405+0000] {logging_mixin.py:188} INFO - [2025-11-07T13:20:11.405+0000] {dagbag.py:538} INFO - Filling up the DagBag from /opt/airflow/dags/pipelines/mongo_to_clickhouse.py
[2025-11-07T13:20:11.420+0000] {processor.py:842} WARNING - No viable dags retrieved from /opt/airflow/dags/pipelines/mongo_to_clickhouse.py
[2025-11-07T13:20:11.438+0000] {processor.py:183} INFO - Processing /opt/airflow/dags/pipelines/mongo_to_clickhouse.py took 0.038 seconds
[2025-11-07T13:20:42.358+0000] {processor.py:161} INFO - Started process (PID=51372) to work on /opt/airflow/dags/pipelines/mongo_to_clickhouse.py
[2025-11-07T13:20:42.360+0000] {processor.py:830} INFO - Processing file /opt/airflow/dags/pipelines/mongo_to_clickhouse.py for tasks to queue
[2025-11-07T13:20:42.361+0000] {logging_mixin.py:188} INFO - [2025-11-07T13:20:42.361+0000] {dagbag.py:538} INFO - Filling up the DagBag from /opt/airflow/dags/pipelines/mongo_to_clickhouse.py
[2025-11-07T13:20:42.389+0000] {processor.py:842} WARNING - No viable dags retrieved from /opt/airflow/dags/pipelines/mongo_to_clickhouse.py
[2025-11-07T13:20:42.411+0000] {processor.py:183} INFO - Processing /opt/airflow/dags/pipelines/mongo_to_clickhouse.py took 0.059 seconds
[2025-11-07T13:21:13.447+0000] {processor.py:161} INFO - Started process (PID=51407) to work on /opt/airflow/dags/pipelines/mongo_to_clickhouse.py
[2025-11-07T13:21:13.448+0000] {processor.py:830} INFO - Processing file /opt/airflow/dags/pipelines/mongo_to_clickhouse.py for tasks to queue
[2025-11-07T13:21:13.449+0000] {logging_mixin.py:188} INFO - [2025-11-07T13:21:13.449+0000] {dagbag.py:538} INFO - Filling up the DagBag from /opt/airflow/dags/pipelines/mongo_to_clickhouse.py
[2025-11-07T13:21:13.472+0000] {processor.py:842} WARNING - No viable dags retrieved from /opt/airflow/dags/pipelines/mongo_to_clickhouse.py
[2025-11-07T13:21:13.494+0000] {processor.py:183} INFO - Processing /opt/airflow/dags/pipelines/mongo_to_clickhouse.py took 0.051 seconds
[2025-11-07T13:21:44.459+0000] {processor.py:161} INFO - Started process (PID=51442) to work on /opt/airflow/dags/pipelines/mongo_to_clickhouse.py
[2025-11-07T13:21:44.461+0000] {processor.py:830} INFO - Processing file /opt/airflow/dags/pipelines/mongo_to_clickhouse.py for tasks to queue
[2025-11-07T13:21:44.462+0000] {logging_mixin.py:188} INFO - [2025-11-07T13:21:44.461+0000] {dagbag.py:538} INFO - Filling up the DagBag from /opt/airflow/dags/pipelines/mongo_to_clickhouse.py
[2025-11-07T13:21:44.480+0000] {processor.py:842} WARNING - No viable dags retrieved from /opt/airflow/dags/pipelines/mongo_to_clickhouse.py
[2025-11-07T13:21:44.497+0000] {processor.py:183} INFO - Processing /opt/airflow/dags/pipelines/mongo_to_clickhouse.py took 0.042 seconds
[2025-11-07T13:22:15.402+0000] {processor.py:161} INFO - Started process (PID=51477) to work on /opt/airflow/dags/pipelines/mongo_to_clickhouse.py
[2025-11-07T13:22:15.404+0000] {processor.py:830} INFO - Processing file /opt/airflow/dags/pipelines/mongo_to_clickhouse.py for tasks to queue
[2025-11-07T13:22:15.405+0000] {logging_mixin.py:188} INFO - [2025-11-07T13:22:15.405+0000] {dagbag.py:538} INFO - Filling up the DagBag from /opt/airflow/dags/pipelines/mongo_to_clickhouse.py
[2025-11-07T13:22:15.428+0000] {processor.py:842} WARNING - No viable dags retrieved from /opt/airflow/dags/pipelines/mongo_to_clickhouse.py
[2025-11-07T13:22:15.448+0000] {processor.py:183} INFO - Processing /opt/airflow/dags/pipelines/mongo_to_clickhouse.py took 0.050 seconds
[2025-11-07T13:22:46.458+0000] {processor.py:161} INFO - Started process (PID=51512) to work on /opt/airflow/dags/pipelines/mongo_to_clickhouse.py
[2025-11-07T13:22:46.460+0000] {processor.py:830} INFO - Processing file /opt/airflow/dags/pipelines/mongo_to_clickhouse.py for tasks to queue
[2025-11-07T13:22:46.461+0000] {logging_mixin.py:188} INFO - [2025-11-07T13:22:46.460+0000] {dagbag.py:538} INFO - Filling up the DagBag from /opt/airflow/dags/pipelines/mongo_to_clickhouse.py
[2025-11-07T13:22:46.479+0000] {processor.py:842} WARNING - No viable dags retrieved from /opt/airflow/dags/pipelines/mongo_to_clickhouse.py
[2025-11-07T13:22:46.497+0000] {processor.py:183} INFO - Processing /opt/airflow/dags/pipelines/mongo_to_clickhouse.py took 0.042 seconds
[2025-11-07T13:23:17.389+0000] {processor.py:161} INFO - Started process (PID=51547) to work on /opt/airflow/dags/pipelines/mongo_to_clickhouse.py
[2025-11-07T13:23:17.390+0000] {processor.py:830} INFO - Processing file /opt/airflow/dags/pipelines/mongo_to_clickhouse.py for tasks to queue
[2025-11-07T13:23:17.392+0000] {logging_mixin.py:188} INFO - [2025-11-07T13:23:17.391+0000] {dagbag.py:538} INFO - Filling up the DagBag from /opt/airflow/dags/pipelines/mongo_to_clickhouse.py
[2025-11-07T13:23:17.409+0000] {processor.py:842} WARNING - No viable dags retrieved from /opt/airflow/dags/pipelines/mongo_to_clickhouse.py
[2025-11-07T13:23:17.428+0000] {processor.py:183} INFO - Processing /opt/airflow/dags/pipelines/mongo_to_clickhouse.py took 0.043 seconds
[2025-11-07T13:23:48.347+0000] {processor.py:161} INFO - Started process (PID=51582) to work on /opt/airflow/dags/pipelines/mongo_to_clickhouse.py
[2025-11-07T13:23:48.348+0000] {processor.py:830} INFO - Processing file /opt/airflow/dags/pipelines/mongo_to_clickhouse.py for tasks to queue
[2025-11-07T13:23:48.349+0000] {logging_mixin.py:188} INFO - [2025-11-07T13:23:48.349+0000] {dagbag.py:538} INFO - Filling up the DagBag from /opt/airflow/dags/pipelines/mongo_to_clickhouse.py
[2025-11-07T13:23:48.370+0000] {processor.py:842} WARNING - No viable dags retrieved from /opt/airflow/dags/pipelines/mongo_to_clickhouse.py
[2025-11-07T13:23:48.388+0000] {processor.py:183} INFO - Processing /opt/airflow/dags/pipelines/mongo_to_clickhouse.py took 0.045 seconds
[2025-11-07T13:24:19.434+0000] {processor.py:161} INFO - Started process (PID=51617) to work on /opt/airflow/dags/pipelines/mongo_to_clickhouse.py
[2025-11-07T13:24:19.436+0000] {processor.py:830} INFO - Processing file /opt/airflow/dags/pipelines/mongo_to_clickhouse.py for tasks to queue
[2025-11-07T13:24:19.439+0000] {logging_mixin.py:188} INFO - [2025-11-07T13:24:19.438+0000] {dagbag.py:538} INFO - Filling up the DagBag from /opt/airflow/dags/pipelines/mongo_to_clickhouse.py
[2025-11-07T13:24:19.460+0000] {processor.py:842} WARNING - No viable dags retrieved from /opt/airflow/dags/pipelines/mongo_to_clickhouse.py
[2025-11-07T13:24:19.481+0000] {processor.py:183} INFO - Processing /opt/airflow/dags/pipelines/mongo_to_clickhouse.py took 0.054 seconds
[2025-11-07T13:24:50.511+0000] {processor.py:161} INFO - Started process (PID=51652) to work on /opt/airflow/dags/pipelines/mongo_to_clickhouse.py
[2025-11-07T13:24:50.513+0000] {processor.py:830} INFO - Processing file /opt/airflow/dags/pipelines/mongo_to_clickhouse.py for tasks to queue
[2025-11-07T13:24:50.515+0000] {logging_mixin.py:188} INFO - [2025-11-07T13:24:50.514+0000] {dagbag.py:538} INFO - Filling up the DagBag from /opt/airflow/dags/pipelines/mongo_to_clickhouse.py
[2025-11-07T13:24:50.539+0000] {processor.py:842} WARNING - No viable dags retrieved from /opt/airflow/dags/pipelines/mongo_to_clickhouse.py
[2025-11-07T13:24:50.563+0000] {processor.py:183} INFO - Processing /opt/airflow/dags/pipelines/mongo_to_clickhouse.py took 0.056 seconds
[2025-11-07T13:25:21.236+0000] {processor.py:161} INFO - Started process (PID=51687) to work on /opt/airflow/dags/pipelines/mongo_to_clickhouse.py
[2025-11-07T13:25:21.240+0000] {processor.py:830} INFO - Processing file /opt/airflow/dags/pipelines/mongo_to_clickhouse.py for tasks to queue
[2025-11-07T13:25:21.245+0000] {logging_mixin.py:188} INFO - [2025-11-07T13:25:21.242+0000] {dagbag.py:538} INFO - Filling up the DagBag from /opt/airflow/dags/pipelines/mongo_to_clickhouse.py
[2025-11-07T13:25:21.303+0000] {processor.py:842} WARNING - No viable dags retrieved from /opt/airflow/dags/pipelines/mongo_to_clickhouse.py
[2025-11-07T13:25:21.327+0000] {processor.py:183} INFO - Processing /opt/airflow/dags/pipelines/mongo_to_clickhouse.py took 0.100 seconds
[2025-11-07T13:25:51.529+0000] {processor.py:161} INFO - Started process (PID=51717) to work on /opt/airflow/dags/pipelines/mongo_to_clickhouse.py
[2025-11-07T13:25:51.530+0000] {processor.py:830} INFO - Processing file /opt/airflow/dags/pipelines/mongo_to_clickhouse.py for tasks to queue
[2025-11-07T13:25:51.533+0000] {logging_mixin.py:188} INFO - [2025-11-07T13:25:51.532+0000] {dagbag.py:538} INFO - Filling up the DagBag from /opt/airflow/dags/pipelines/mongo_to_clickhouse.py
[2025-11-07T13:25:51.553+0000] {processor.py:842} WARNING - No viable dags retrieved from /opt/airflow/dags/pipelines/mongo_to_clickhouse.py
[2025-11-07T13:25:51.579+0000] {processor.py:183} INFO - Processing /opt/airflow/dags/pipelines/mongo_to_clickhouse.py took 0.055 seconds
[2025-11-07T13:26:21.888+0000] {processor.py:161} INFO - Started process (PID=51752) to work on /opt/airflow/dags/pipelines/mongo_to_clickhouse.py
[2025-11-07T13:26:21.890+0000] {processor.py:830} INFO - Processing file /opt/airflow/dags/pipelines/mongo_to_clickhouse.py for tasks to queue
[2025-11-07T13:26:21.892+0000] {logging_mixin.py:188} INFO - [2025-11-07T13:26:21.891+0000] {dagbag.py:538} INFO - Filling up the DagBag from /opt/airflow/dags/pipelines/mongo_to_clickhouse.py
[2025-11-07T13:26:21.923+0000] {processor.py:842} WARNING - No viable dags retrieved from /opt/airflow/dags/pipelines/mongo_to_clickhouse.py
[2025-11-07T13:26:21.943+0000] {processor.py:183} INFO - Processing /opt/airflow/dags/pipelines/mongo_to_clickhouse.py took 0.059 seconds
[2025-11-07T13:26:52.969+0000] {processor.py:161} INFO - Started process (PID=51787) to work on /opt/airflow/dags/pipelines/mongo_to_clickhouse.py
[2025-11-07T13:26:52.971+0000] {processor.py:830} INFO - Processing file /opt/airflow/dags/pipelines/mongo_to_clickhouse.py for tasks to queue
[2025-11-07T13:26:52.972+0000] {logging_mixin.py:188} INFO - [2025-11-07T13:26:52.972+0000] {dagbag.py:538} INFO - Filling up the DagBag from /opt/airflow/dags/pipelines/mongo_to_clickhouse.py
[2025-11-07T13:26:52.992+0000] {processor.py:842} WARNING - No viable dags retrieved from /opt/airflow/dags/pipelines/mongo_to_clickhouse.py
[2025-11-07T13:26:53.012+0000] {processor.py:183} INFO - Processing /opt/airflow/dags/pipelines/mongo_to_clickhouse.py took 0.046 seconds
[2025-11-07T13:27:23.966+0000] {processor.py:161} INFO - Started process (PID=51822) to work on /opt/airflow/dags/pipelines/mongo_to_clickhouse.py
[2025-11-07T13:27:23.967+0000] {processor.py:830} INFO - Processing file /opt/airflow/dags/pipelines/mongo_to_clickhouse.py for tasks to queue
[2025-11-07T13:27:23.968+0000] {logging_mixin.py:188} INFO - [2025-11-07T13:27:23.968+0000] {dagbag.py:538} INFO - Filling up the DagBag from /opt/airflow/dags/pipelines/mongo_to_clickhouse.py
[2025-11-07T13:27:23.985+0000] {processor.py:842} WARNING - No viable dags retrieved from /opt/airflow/dags/pipelines/mongo_to_clickhouse.py
[2025-11-07T13:27:24.008+0000] {processor.py:183} INFO - Processing /opt/airflow/dags/pipelines/mongo_to_clickhouse.py took 0.046 seconds
[2025-11-07T13:27:54.883+0000] {processor.py:161} INFO - Started process (PID=51857) to work on /opt/airflow/dags/pipelines/mongo_to_clickhouse.py
[2025-11-07T13:27:54.884+0000] {processor.py:830} INFO - Processing file /opt/airflow/dags/pipelines/mongo_to_clickhouse.py for tasks to queue
[2025-11-07T13:27:54.885+0000] {logging_mixin.py:188} INFO - [2025-11-07T13:27:54.885+0000] {dagbag.py:538} INFO - Filling up the DagBag from /opt/airflow/dags/pipelines/mongo_to_clickhouse.py
[2025-11-07T13:27:54.905+0000] {processor.py:842} WARNING - No viable dags retrieved from /opt/airflow/dags/pipelines/mongo_to_clickhouse.py
[2025-11-07T13:27:54.926+0000] {processor.py:183} INFO - Processing /opt/airflow/dags/pipelines/mongo_to_clickhouse.py took 0.049 seconds
[2025-11-07T13:28:25.252+0000] {processor.py:161} INFO - Started process (PID=51892) to work on /opt/airflow/dags/pipelines/mongo_to_clickhouse.py
[2025-11-07T13:28:25.254+0000] {processor.py:830} INFO - Processing file /opt/airflow/dags/pipelines/mongo_to_clickhouse.py for tasks to queue
[2025-11-07T13:28:25.255+0000] {logging_mixin.py:188} INFO - [2025-11-07T13:28:25.255+0000] {dagbag.py:538} INFO - Filling up the DagBag from /opt/airflow/dags/pipelines/mongo_to_clickhouse.py
[2025-11-07T13:28:25.285+0000] {processor.py:842} WARNING - No viable dags retrieved from /opt/airflow/dags/pipelines/mongo_to_clickhouse.py
[2025-11-07T13:28:25.306+0000] {processor.py:183} INFO - Processing /opt/airflow/dags/pipelines/mongo_to_clickhouse.py took 0.058 seconds
[2025-11-07T13:28:55.616+0000] {processor.py:161} INFO - Started process (PID=51927) to work on /opt/airflow/dags/pipelines/mongo_to_clickhouse.py
[2025-11-07T13:28:55.617+0000] {processor.py:830} INFO - Processing file /opt/airflow/dags/pipelines/mongo_to_clickhouse.py for tasks to queue
[2025-11-07T13:28:55.619+0000] {logging_mixin.py:188} INFO - [2025-11-07T13:28:55.618+0000] {dagbag.py:538} INFO - Filling up the DagBag from /opt/airflow/dags/pipelines/mongo_to_clickhouse.py
[2025-11-07T13:28:55.638+0000] {processor.py:842} WARNING - No viable dags retrieved from /opt/airflow/dags/pipelines/mongo_to_clickhouse.py
[2025-11-07T13:28:55.657+0000] {processor.py:183} INFO - Processing /opt/airflow/dags/pipelines/mongo_to_clickhouse.py took 0.044 seconds
[2025-11-07T13:29:25.851+0000] {processor.py:161} INFO - Started process (PID=51957) to work on /opt/airflow/dags/pipelines/mongo_to_clickhouse.py
[2025-11-07T13:29:25.853+0000] {processor.py:830} INFO - Processing file /opt/airflow/dags/pipelines/mongo_to_clickhouse.py for tasks to queue
[2025-11-07T13:29:25.854+0000] {logging_mixin.py:188} INFO - [2025-11-07T13:29:25.854+0000] {dagbag.py:538} INFO - Filling up the DagBag from /opt/airflow/dags/pipelines/mongo_to_clickhouse.py
[2025-11-07T13:29:25.879+0000] {processor.py:842} WARNING - No viable dags retrieved from /opt/airflow/dags/pipelines/mongo_to_clickhouse.py
[2025-11-07T13:29:25.903+0000] {processor.py:183} INFO - Processing /opt/airflow/dags/pipelines/mongo_to_clickhouse.py took 0.056 seconds
[2025-11-07T13:29:56.077+0000] {processor.py:161} INFO - Started process (PID=51992) to work on /opt/airflow/dags/pipelines/mongo_to_clickhouse.py
[2025-11-07T13:29:56.079+0000] {processor.py:830} INFO - Processing file /opt/airflow/dags/pipelines/mongo_to_clickhouse.py for tasks to queue
[2025-11-07T13:29:56.080+0000] {logging_mixin.py:188} INFO - [2025-11-07T13:29:56.080+0000] {dagbag.py:538} INFO - Filling up the DagBag from /opt/airflow/dags/pipelines/mongo_to_clickhouse.py
[2025-11-07T13:29:56.102+0000] {processor.py:842} WARNING - No viable dags retrieved from /opt/airflow/dags/pipelines/mongo_to_clickhouse.py
[2025-11-07T13:29:56.124+0000] {processor.py:183} INFO - Processing /opt/airflow/dags/pipelines/mongo_to_clickhouse.py took 0.052 seconds
[2025-11-07T13:30:26.649+0000] {processor.py:161} INFO - Started process (PID=52027) to work on /opt/airflow/dags/pipelines/mongo_to_clickhouse.py
[2025-11-07T13:30:26.650+0000] {processor.py:830} INFO - Processing file /opt/airflow/dags/pipelines/mongo_to_clickhouse.py for tasks to queue
[2025-11-07T13:30:26.652+0000] {logging_mixin.py:188} INFO - [2025-11-07T13:30:26.651+0000] {dagbag.py:538} INFO - Filling up the DagBag from /opt/airflow/dags/pipelines/mongo_to_clickhouse.py
[2025-11-07T13:30:26.670+0000] {processor.py:842} WARNING - No viable dags retrieved from /opt/airflow/dags/pipelines/mongo_to_clickhouse.py
[2025-11-07T13:30:26.697+0000] {processor.py:183} INFO - Processing /opt/airflow/dags/pipelines/mongo_to_clickhouse.py took 0.052 seconds
[2025-11-07T13:30:57.142+0000] {processor.py:161} INFO - Started process (PID=52062) to work on /opt/airflow/dags/pipelines/mongo_to_clickhouse.py
[2025-11-07T13:30:57.143+0000] {processor.py:830} INFO - Processing file /opt/airflow/dags/pipelines/mongo_to_clickhouse.py for tasks to queue
[2025-11-07T13:30:57.144+0000] {logging_mixin.py:188} INFO - [2025-11-07T13:30:57.144+0000] {dagbag.py:538} INFO - Filling up the DagBag from /opt/airflow/dags/pipelines/mongo_to_clickhouse.py
[2025-11-07T13:30:57.161+0000] {processor.py:842} WARNING - No viable dags retrieved from /opt/airflow/dags/pipelines/mongo_to_clickhouse.py
[2025-11-07T13:30:57.179+0000] {processor.py:183} INFO - Processing /opt/airflow/dags/pipelines/mongo_to_clickhouse.py took 0.043 seconds
[2025-11-07T13:31:27.316+0000] {processor.py:161} INFO - Started process (PID=52097) to work on /opt/airflow/dags/pipelines/mongo_to_clickhouse.py
[2025-11-07T13:31:27.318+0000] {processor.py:830} INFO - Processing file /opt/airflow/dags/pipelines/mongo_to_clickhouse.py for tasks to queue
[2025-11-07T13:31:27.319+0000] {logging_mixin.py:188} INFO - [2025-11-07T13:31:27.319+0000] {dagbag.py:538} INFO - Filling up the DagBag from /opt/airflow/dags/pipelines/mongo_to_clickhouse.py
[2025-11-07T13:31:27.340+0000] {processor.py:842} WARNING - No viable dags retrieved from /opt/airflow/dags/pipelines/mongo_to_clickhouse.py
[2025-11-07T13:31:27.359+0000] {processor.py:183} INFO - Processing /opt/airflow/dags/pipelines/mongo_to_clickhouse.py took 0.047 seconds
[2025-11-07T13:31:57.807+0000] {processor.py:161} INFO - Started process (PID=52132) to work on /opt/airflow/dags/pipelines/mongo_to_clickhouse.py
[2025-11-07T13:31:57.809+0000] {processor.py:830} INFO - Processing file /opt/airflow/dags/pipelines/mongo_to_clickhouse.py for tasks to queue
[2025-11-07T13:31:57.810+0000] {logging_mixin.py:188} INFO - [2025-11-07T13:31:57.810+0000] {dagbag.py:538} INFO - Filling up the DagBag from /opt/airflow/dags/pipelines/mongo_to_clickhouse.py
[2025-11-07T13:31:57.831+0000] {processor.py:842} WARNING - No viable dags retrieved from /opt/airflow/dags/pipelines/mongo_to_clickhouse.py
[2025-11-07T13:31:57.850+0000] {processor.py:183} INFO - Processing /opt/airflow/dags/pipelines/mongo_to_clickhouse.py took 0.048 seconds
[2025-11-07T17:21:35.347+0000] {processor.py:161} INFO - Started process (PID=52179) to work on /opt/airflow/dags/pipelines/mongo_to_clickhouse.py
[2025-11-07T17:21:35.361+0000] {processor.py:830} INFO - Processing file /opt/airflow/dags/pipelines/mongo_to_clickhouse.py for tasks to queue
[2025-11-07T17:21:35.367+0000] {logging_mixin.py:188} INFO - [2025-11-07T17:21:35.367+0000] {dagbag.py:538} INFO - Filling up the DagBag from /opt/airflow/dags/pipelines/mongo_to_clickhouse.py
[2025-11-07T17:21:35.423+0000] {processor.py:842} WARNING - No viable dags retrieved from /opt/airflow/dags/pipelines/mongo_to_clickhouse.py
[2025-11-07T17:21:35.470+0000] {processor.py:183} INFO - Processing /opt/airflow/dags/pipelines/mongo_to_clickhouse.py took 0.129 seconds
[2025-11-07T19:58:37.495+0000] {processor.py:161} INFO - Started process (PID=52220) to work on /opt/airflow/dags/pipelines/mongo_to_clickhouse.py
[2025-11-07T19:58:37.498+0000] {processor.py:830} INFO - Processing file /opt/airflow/dags/pipelines/mongo_to_clickhouse.py for tasks to queue
[2025-11-07T19:58:37.508+0000] {logging_mixin.py:188} INFO - [2025-11-07T19:58:37.500+0000] {dagbag.py:538} INFO - Filling up the DagBag from /opt/airflow/dags/pipelines/mongo_to_clickhouse.py
[2025-11-07T19:58:37.547+0000] {processor.py:842} WARNING - No viable dags retrieved from /opt/airflow/dags/pipelines/mongo_to_clickhouse.py
[2025-11-07T19:58:37.597+0000] {processor.py:183} INFO - Processing /opt/airflow/dags/pipelines/mongo_to_clickhouse.py took 0.114 seconds
