[2025-11-01T11:48:26.150+0000] {taskinstance.py:1956} INFO - Dependencies all met for dep_context=non-requeueable deps ti=<TaskInstance: ingestion_pipeline.silver_dbt.dbt_run_incrementals manual__2025-11-01T11:48:21.369842+00:00 [queued]>
[2025-11-01T11:48:26.164+0000] {taskinstance.py:1956} INFO - Dependencies all met for dep_context=requeueable deps ti=<TaskInstance: ingestion_pipeline.silver_dbt.dbt_run_incrementals manual__2025-11-01T11:48:21.369842+00:00 [queued]>
[2025-11-01T11:48:26.165+0000] {taskinstance.py:2170} INFO - Starting attempt 1 of 2
[2025-11-01T11:48:26.182+0000] {taskinstance.py:2191} INFO - Executing <Task(BashOperator): silver_dbt.dbt_run_incrementals> on 2025-11-01 11:48:21.369842+00:00
[2025-11-01T11:48:26.190+0000] {standard_task_runner.py:60} INFO - Started process 1385 to run task
[2025-11-01T11:48:26.194+0000] {standard_task_runner.py:87} INFO - Running: ['***', 'tasks', 'run', 'ingestion_pipeline', 'silver_dbt.dbt_run_incrementals', 'manual__2025-11-01T11:48:21.369842+00:00', '--job-id', '59', '--raw', '--subdir', 'DAGS_FOLDER/ingestion_dag.py', '--cfg-path', '/tmp/tmpv4zg4iou']
[2025-11-01T11:48:26.198+0000] {standard_task_runner.py:88} INFO - Job 59: Subtask silver_dbt.dbt_run_incrementals
[2025-11-01T11:48:26.275+0000] {task_command.py:423} INFO - Running <TaskInstance: ingestion_pipeline.silver_dbt.dbt_run_incrementals manual__2025-11-01T11:48:21.369842+00:00 [running]> on host 6ac9b46937d1
[2025-11-01T11:48:26.381+0000] {taskinstance.py:2480} INFO - Exporting env vars: AIRFLOW_CTX_DAG_OWNER='***' AIRFLOW_CTX_DAG_ID='ingestion_pipeline' AIRFLOW_CTX_TASK_ID='silver_dbt.dbt_run_incrementals' AIRFLOW_CTX_EXECUTION_DATE='2025-11-01T11:48:21.369842+00:00' AIRFLOW_CTX_TRY_NUMBER='1' AIRFLOW_CTX_DAG_RUN_ID='manual__2025-11-01T11:48:21.369842+00:00'
[2025-11-01T11:48:26.382+0000] {subprocess.py:63} INFO - Tmp dir root location: /tmp
[2025-11-01T11:48:26.385+0000] {subprocess.py:75} INFO - Running command: ['/usr/bin/bash', '-c', 'docker exec -i dbt bash -lc \'set -euo pipefail\ncd /dbt\n\n# Build vars JSON deterministically via here-doc (avoids subshell quoting issues)\ncat > /tmp/dbt_vars.py <<"PY"\nfrom datetime import datetime, timedelta\nimport json\nds = "2025-11-01"\nlagged = (datetime.strptime(ds, "%Y-%m-%d") - timedelta(days=0)).strftime("%Y-%m-%d")\nprint(json.dumps({"ds_lagged": lagged}))\nPY\npython /tmp/dbt_vars.py > /tmp/dbt_vars.json\necho "dbt vars => $(cat /tmp/dbt_vars.json)"\n\n# 1) Compile so we always have files to inspect\ndbt --no-use-colors compile --profiles-dir /dbt --select silver_payments silver_link_transactions --vars "$(cat /tmp/dbt_vars.json)"\n\n# 2) Run; on error, print compiled SQL and log tail\nset +e\ndbt --no-use-colors run --profiles-dir /dbt --select silver_payments silver_link_transactions --vars "$(cat /tmp/dbt_vars.json)" --debug\nstatus=$?\nif [ $status -ne 0 ]; then\n  echo "---- COMPILED SQL: silver_payments ----";   cat target/compiled/*/models/silver/silver_payments.sql 2>/dev/null || true;   echo "---- COMPILED SQL: silver_link_transactions ----";   cat target/compiled/*/models/silver/silver_link_transactions.sql 2>/dev/null || true;   echo "---- LAST 200 LINES OF logs/dbt.log ----";   tail -n 200 logs/dbt.log 2>/dev/null || true; fi\nexit $status\n\'']
[2025-11-01T11:48:26.399+0000] {subprocess.py:86} INFO - Output:
[2025-11-01T11:48:26.564+0000] {subprocess.py:93} INFO - dbt vars => {"ds_lagged": "2025-11-01"}
[2025-11-01T11:48:28.625+0000] {subprocess.py:93} INFO - 11:48:28  Running with dbt=1.10.13
[2025-11-01T11:48:29.372+0000] {subprocess.py:93} INFO - 11:48:29  Registered adapter: clickhouse=1.9.5
[2025-11-01T11:48:29.938+0000] {subprocess.py:93} INFO - 11:48:29  Unable to do partial parsing because config vars, config profile, or config target have changed
[2025-11-01T11:48:32.154+0000] {subprocess.py:93} INFO - 11:48:32  Found 3 models, 3 sources, 491 macros
[2025-11-01T11:48:32.166+0000] {subprocess.py:93} INFO - 11:48:32
[2025-11-01T11:48:32.167+0000] {subprocess.py:93} INFO - 11:48:32  Concurrency: 4 threads (target='dev')
[2025-11-01T11:48:32.169+0000] {subprocess.py:93} INFO - 11:48:32
[2025-11-01T11:48:32.592+0000] {subprocess.py:93} INFO - Compiled node 'silver_payments' is:
[2025-11-01T11:48:32.594+0000] {subprocess.py:93} INFO - 
[2025-11-01T11:48:32.595+0000] {subprocess.py:93} INFO - 
[2025-11-01T11:48:32.595+0000] {subprocess.py:93} INFO - 
[2025-11-01T11:48:32.596+0000] {subprocess.py:93} INFO - 
[2025-11-01T11:48:32.596+0000] {subprocess.py:93} INFO - with raw as (
[2025-11-01T11:48:32.597+0000] {subprocess.py:93} INFO -     select
[2025-11-01T11:48:32.598+0000] {subprocess.py:93} INFO -         -- Cast IDs defensively
[2025-11-01T11:48:32.598+0000] {subprocess.py:93} INFO -         toUInt64OrNull(id)           as payment_id,
[2025-11-01T11:48:32.599+0000] {subprocess.py:93} INFO -         toUInt64OrNull(merchant_id)  as merchant_id,
[2025-11-01T11:48:32.599+0000] {subprocess.py:93} INFO -         toUInt64OrNull(acquirer_id)  as acquirer_id,
[2025-11-01T11:48:32.600+0000] {subprocess.py:93} INFO - 
[2025-11-01T11:48:32.600+0000] {subprocess.py:93} INFO - 
[2025-11-01T11:48:32.600+0000] {subprocess.py:93} INFO -         -- Strings only; avoid optional JSON columns for now
[2025-11-01T11:48:32.601+0000] {subprocess.py:93} INFO -         toLowCardinality(state)      as state,
[2025-11-01T11:48:32.601+0000] {subprocess.py:93} INFO -         toLowCardinality(card_type)  as card_type,
[2025-11-01T11:48:32.602+0000] {subprocess.py:93} INFO -         reference,
[2025-11-01T11:48:32.603+0000] {subprocess.py:93} INFO -         order_reference,
[2025-11-01T11:48:32.608+0000] {subprocess.py:93} INFO - 
[2025-11-01T11:48:32.611+0000] {subprocess.py:93} INFO - 
[2025-11-01T11:48:32.613+0000] {subprocess.py:93} INFO -         -- Normalize timestamps to string first
[2025-11-01T11:48:32.616+0000] {subprocess.py:93} INFO -         case
[2025-11-01T11:48:32.622+0000] {subprocess.py:93} INFO -             when toTypeName(created_at) like 'String%' then replaceRegexpAll(created_at, '\\s+UTC$', '')
[2025-11-01T11:48:32.623+0000] {subprocess.py:93} INFO -             else toString(created_at)
[2025-11-01T11:48:32.624+0000] {subprocess.py:93} INFO -         end as created_at_str,
[2025-11-01T11:48:32.625+0000] {subprocess.py:93} INFO - 
[2025-11-01T11:48:32.626+0000] {subprocess.py:93} INFO - 
[2025-11-01T11:48:32.627+0000] {subprocess.py:93} INFO -         case
[2025-11-01T11:48:32.627+0000] {subprocess.py:93} INFO -             when toTypeName(updated_at) like 'String%' then replaceRegexpAll(updated_at, '\\s+UTC$', '')
[2025-11-01T11:48:32.628+0000] {subprocess.py:93} INFO -             else toString(updated_at)
[2025-11-01T11:48:32.628+0000] {subprocess.py:93} INFO -         end as updated_at_str
[2025-11-01T11:48:32.629+0000] {subprocess.py:93} INFO -     from `bronze`.`payments`
[2025-11-01T11:48:32.629+0000] {subprocess.py:93} INFO - ),
[2025-11-01T11:48:32.630+0000] {subprocess.py:93} INFO - 
[2025-11-01T11:48:32.631+0000] {subprocess.py:93} INFO - 
[2025-11-01T11:48:32.631+0000] {subprocess.py:93} INFO - src as (
[2025-11-01T11:48:32.632+0000] {subprocess.py:93} INFO -     select
[2025-11-01T11:48:32.633+0000] {subprocess.py:93} INFO -         payment_id,
[2025-11-01T11:48:32.636+0000] {subprocess.py:93} INFO -         merchant_id,
[2025-11-01T11:48:32.637+0000] {subprocess.py:93} INFO -         acquirer_id,
[2025-11-01T11:48:32.638+0000] {subprocess.py:93} INFO -         state,
[2025-11-01T11:48:32.640+0000] {subprocess.py:93} INFO -         card_type,
[2025-11-01T11:48:32.641+0000] {subprocess.py:93} INFO -         reference,
[2025-11-01T11:48:32.641+0000] {subprocess.py:93} INFO -         order_reference,
[2025-11-01T11:48:32.642+0000] {subprocess.py:93} INFO -         parseDateTime64BestEffortOrNull(created_at_str, 6, 'UTC') as created_at,
[2025-11-01T11:48:32.642+0000] {subprocess.py:93} INFO -         parseDateTime64BestEffortOrNull(updated_at_str, 6, 'UTC') as updated_at
[2025-11-01T11:48:32.643+0000] {subprocess.py:93} INFO -     from raw
[2025-11-01T11:48:32.644+0000] {subprocess.py:93} INFO - ),
[2025-11-01T11:48:32.645+0000] {subprocess.py:93} INFO - 
[2025-11-01T11:48:32.645+0000] {subprocess.py:93} INFO - 
[2025-11-01T11:48:32.646+0000] {subprocess.py:93} INFO - ranked as (
[2025-11-01T11:48:32.646+0000] {subprocess.py:93} INFO -     select
[2025-11-01T11:48:32.647+0000] {subprocess.py:93} INFO -         *,
[2025-11-01T11:48:32.647+0000] {subprocess.py:93} INFO -         row_number() over (
[2025-11-01T11:48:32.648+0000] {subprocess.py:93} INFO -             partition by payment_id
[2025-11-01T11:48:32.648+0000] {subprocess.py:93} INFO -             order by
[2025-11-01T11:48:32.649+0000] {subprocess.py:93} INFO -                 coalesce(updated_at, toDateTime64('1970-01-01 00:00:00', 6, 'UTC')) desc,
[2025-11-01T11:48:32.650+0000] {subprocess.py:93} INFO -                 coalesce(created_at, toDateTime64('1970-01-01 00:00:00', 6, 'UTC')) desc
[2025-11-01T11:48:32.650+0000] {subprocess.py:93} INFO -         ) as rn
[2025-11-01T11:48:32.651+0000] {subprocess.py:93} INFO -     from src
[2025-11-01T11:48:32.652+0000] {subprocess.py:93} INFO - )
[2025-11-01T11:48:32.653+0000] {subprocess.py:93} INFO - 
[2025-11-01T11:48:32.654+0000] {subprocess.py:93} INFO - 
[2025-11-01T11:48:32.655+0000] {subprocess.py:93} INFO - select
[2025-11-01T11:48:32.656+0000] {subprocess.py:93} INFO -     payment_id,
[2025-11-01T11:48:32.656+0000] {subprocess.py:93} INFO -     merchant_id,
[2025-11-01T11:48:32.657+0000] {subprocess.py:93} INFO -     acquirer_id,
[2025-11-01T11:48:32.658+0000] {subprocess.py:93} INFO -     state,
[2025-11-01T11:48:32.658+0000] {subprocess.py:93} INFO -     card_type,
[2025-11-01T11:48:32.660+0000] {subprocess.py:93} INFO -     reference,
[2025-11-01T11:48:32.661+0000] {subprocess.py:93} INFO -     order_reference,
[2025-11-01T11:48:32.662+0000] {subprocess.py:93} INFO -     created_at,
[2025-11-01T11:48:32.663+0000] {subprocess.py:93} INFO -     updated_at,
[2025-11-01T11:48:32.666+0000] {subprocess.py:93} INFO -     toDate(created_at) as data_date
[2025-11-01T11:48:32.667+0000] {subprocess.py:93} INFO - from ranked
[2025-11-01T11:48:32.668+0000] {subprocess.py:93} INFO - where rn = 1
[2025-11-01T11:48:32.668+0000] {subprocess.py:93} INFO - 
[2025-11-01T11:48:35.740+0000] {subprocess.py:93} INFO - 11:48:35  Sending event: {'category': 'dbt', 'action': 'invocation', 'label': 'start', 'context': [<snowplow_tracker.self_describing_json.SelfDescribingJson object at 0x71b6a5f984d0>, <snowplow_tracker.self_describing_json.SelfDescribingJson object at 0x71b6a5f65050>, <snowplow_tracker.self_describing_json.SelfDescribingJson object at 0x71b6a5f98a50>]}
[2025-11-01T11:48:35.741+0000] {subprocess.py:93} INFO - 11:48:35  Running with dbt=1.10.13
[2025-11-01T11:48:35.743+0000] {subprocess.py:93} INFO - 11:48:35  running dbt with arguments {'quiet': 'False', 'empty': 'False', 'use_colors': 'False', 'warn_error': 'None', 'static_parser': 'True', 'introspect': 'True', 'partial_parse': 'True', 'use_experimental_parser': 'False', 'write_json': 'True', 'log_path': '/dbt/logs', 'printer_width': '80', 'indirect_selection': 'eager', 'log_format': 'default', 'log_cache_events': 'False', 'version_check': 'True', 'target_path': 'None', 'send_anonymous_usage_stats': 'True', 'no_print': 'None', 'profiles_dir': '/dbt', 'fail_fast': 'False', 'invocation_command': 'dbt --no-use-colors run --profiles-dir /dbt --select silver_payments silver_link_transactions --vars {"ds_lagged": "2025-11-01"} --debug', 'debug': 'True', 'cache_selected_only': 'False', 'warn_error_options': 'WarnErrorOptionsV2(error=[], warn=[], silence=[])'}
[2025-11-01T11:48:35.987+0000] {subprocess.py:93} INFO - 11:48:35  Sending event: {'category': 'dbt', 'action': 'project_id', 'label': 'c0b1dacb-ff13-430b-ac11-8f31292ac6c9', 'context': [<snowplow_tracker.self_describing_json.SelfDescribingJson object at 0x71b6a5fc5f90>]}
[2025-11-01T11:48:36.058+0000] {subprocess.py:93} INFO - 11:48:36  Sending event: {'category': 'dbt', 'action': 'adapter_info', 'label': 'c0b1dacb-ff13-430b-ac11-8f31292ac6c9', 'context': [<snowplow_tracker.self_describing_json.SelfDescribingJson object at 0x71b6a64f0f50>]}
[2025-11-01T11:48:36.059+0000] {subprocess.py:93} INFO - 11:48:36  Registered adapter: clickhouse=1.9.5
[2025-11-01T11:48:36.147+0000] {subprocess.py:93} INFO - 11:48:36  checksum: df5618d293beeb6c481662c8f5b2c62e47cd82e3c2287fb14558bc1db743e452, vars: {'ds_lagged': '2025-11-01'}, profile: , target: , version: 1.10.13
[2025-11-01T11:48:36.306+0000] {subprocess.py:93} INFO - 11:48:36  Unable to do partial parsing because config vars, config profile, or config target have changed
[2025-11-01T11:48:36.309+0000] {subprocess.py:93} INFO - 11:48:36  previous checksum: df5618d293beeb6c481662c8f5b2c62e47cd82e3c2287fb14558bc1db743e452, current checksum: 9f0c81e2574b4ff463f3d16d080df83c6982fc0372c9feeacae0504ac9ea3ffe
[2025-11-01T11:48:36.310+0000] {subprocess.py:93} INFO - 11:48:36  Sending event: {'category': 'dbt', 'action': 'partial_parser', 'label': 'c0b1dacb-ff13-430b-ac11-8f31292ac6c9', 'context': [<snowplow_tracker.self_describing_json.SelfDescribingJson object at 0x71b6a6f45a10>]}
[2025-11-01T11:48:38.414+0000] {subprocess.py:93} INFO - 11:48:38  Sending event: {'category': 'dbt', 'action': 'load_project', 'label': 'c0b1dacb-ff13-430b-ac11-8f31292ac6c9', 'context': [<snowplow_tracker.self_describing_json.SelfDescribingJson object at 0x71b6a5824110>]}
[2025-11-01T11:48:38.540+0000] {subprocess.py:93} INFO - 11:48:38  Wrote artifact WritableManifest to /dbt/target/manifest.json
[2025-11-01T11:48:38.549+0000] {subprocess.py:93} INFO - 11:48:38  Wrote artifact SemanticManifest to /dbt/target/semantic_manifest.json
[2025-11-01T11:48:38.588+0000] {subprocess.py:93} INFO - 11:48:38  Sending event: {'category': 'dbt', 'action': 'resource_counts', 'label': 'c0b1dacb-ff13-430b-ac11-8f31292ac6c9', 'context': [<snowplow_tracker.self_describing_json.SelfDescribingJson object at 0x71b6a463f750>]}
[2025-11-01T11:48:38.590+0000] {subprocess.py:93} INFO - 11:48:38  Found 3 models, 3 sources, 491 macros
[2025-11-01T11:48:38.593+0000] {subprocess.py:93} INFO - 11:48:38  Sending event: {'category': 'dbt', 'action': 'runnable_timing', 'label': 'c0b1dacb-ff13-430b-ac11-8f31292ac6c9', 'context': [<snowplow_tracker.self_describing_json.SelfDescribingJson object at 0x71b6a474d510>]}
[2025-11-01T11:48:38.598+0000] {subprocess.py:93} INFO - 11:48:38
[2025-11-01T11:48:38.605+0000] {subprocess.py:93} INFO - 11:48:38  Concurrency: 4 threads (target='dev')
[2025-11-01T11:48:38.607+0000] {subprocess.py:93} INFO - 11:48:38
[2025-11-01T11:48:38.610+0000] {subprocess.py:93} INFO - 11:48:38  Acquiring new clickhouse connection 'master'
[2025-11-01T11:48:38.625+0000] {subprocess.py:93} INFO - 11:48:38  Acquiring new clickhouse connection 'list_'
[2025-11-01T11:48:38.642+0000] {subprocess.py:93} INFO - 11:48:38  Opening a new connection, currently in state init
[2025-11-01T11:48:38.947+0000] {subprocess.py:93} INFO - 11:48:38  dbt_clickhouse adapter: On list_: /* {"app": "dbt", "dbt_version": "1.10.13", "profile_name": "ck_project", "target_name": "dev", "connection_name": "list_"} */
[2025-11-01T11:48:38.948+0000] {subprocess.py:93} INFO - 
[2025-11-01T11:48:38.948+0000] {subprocess.py:93} INFO -     select name from system.databases
[2025-11-01T11:48:38.949+0000] {subprocess.py:93} INFO -   ...
[2025-11-01T11:48:38.952+0000] {subprocess.py:93} INFO - 11:48:38  dbt_clickhouse adapter: SQL status: OK in 0.00 seconds
[2025-11-01T11:48:38.989+0000] {subprocess.py:93} INFO - 11:48:38  Re-using an available connection from the pool (formerly list_, now list__silver)
[2025-11-01T11:48:39.001+0000] {subprocess.py:93} INFO - 11:48:38  dbt_clickhouse adapter: On list__silver: /* {"app": "dbt", "dbt_version": "1.10.13", "profile_name": "ck_project", "target_name": "dev", "connection_name": "list__silver"} */
[2025-11-01T11:48:39.003+0000] {subprocess.py:93} INFO - select
[2025-11-01T11:48:39.004+0000] {subprocess.py:93} INFO -       t.name as name,
[2025-11-01T11:48:39.006+0000] {subprocess.py:93} INFO -       t.database as schema,
[2025-11-01T11:48:39.006+0000] {subprocess.py:93} INFO -       multiIf(
[2025-11-01T11:48:39.007+0000] {subprocess.py:93} INFO -         engine in ('MaterializedView', 'View'), 'view',
[2025-11-01T11:48:39.008+0000] {subprocess.py:93} INFO -         engine = 'Dictionary', 'dictionary',
[2025-11-01T11:48:39.009+0000] {subprocess.py:93} INFO -         'table'
[2025-11-01T11:48:39.010+0000] {subprocess.py:93} INFO -       ) as type,
[2025-11-01T11:48:39.012+0000] {subprocess.py:93} INFO -       db.engine as db_engine,0 as is_on_cluster
[2025-11-01T11:48:39.014+0000] {subprocess.py:93} INFO -           from system.tables as t join system.databases as db on t.database = db.name
[2025-11-01T11:48:39.015+0000] {subprocess.py:93} INFO -         where schema = 'silver'
[2025-11-01T11:48:39.016+0000] {subprocess.py:93} INFO - 
[2025-11-01T11:48:39.018+0000] {subprocess.py:93} INFO - 
[2025-11-01T11:48:39.022+0000] {subprocess.py:93} INFO -   ...
[2025-11-01T11:48:39.028+0000] {subprocess.py:93} INFO - 11:48:39  dbt_clickhouse adapter: SQL status: OK in 0.01 seconds
[2025-11-01T11:48:39.030+0000] {subprocess.py:93} INFO - 11:48:39  Sending event: {'category': 'dbt', 'action': 'runnable_timing', 'label': 'c0b1dacb-ff13-430b-ac11-8f31292ac6c9', 'context': [<snowplow_tracker.self_describing_json.SelfDescribingJson object at 0x71b686dd68d0>]}
[2025-11-01T11:48:39.040+0000] {subprocess.py:93} INFO - 11:48:39  Began running node model.ck_project.silver_link_transactions
[2025-11-01T11:48:39.043+0000] {subprocess.py:93} INFO - 11:48:39  Began running node model.ck_project.silver_payments
[2025-11-01T11:48:39.044+0000] {subprocess.py:93} INFO - 11:48:39  1 of 2 START sql incremental model `silver`.`silver_link_transactions` ......... [RUN]
[2025-11-01T11:48:39.048+0000] {subprocess.py:93} INFO - 11:48:39  2 of 2 START sql incremental model `silver`.`silver_payments` .................. [RUN]
[2025-11-01T11:48:39.049+0000] {subprocess.py:93} INFO - 11:48:39  Re-using an available connection from the pool (formerly list__silver, now model.ck_project.silver_link_transactions)
[2025-11-01T11:48:39.052+0000] {subprocess.py:93} INFO - 11:48:39  Acquiring new clickhouse connection 'model.ck_project.silver_payments'
[2025-11-01T11:48:39.054+0000] {subprocess.py:93} INFO - 11:48:39  Began compiling node model.ck_project.silver_link_transactions
[2025-11-01T11:48:39.057+0000] {subprocess.py:93} INFO - 11:48:39  Began compiling node model.ck_project.silver_payments
[2025-11-01T11:48:39.079+0000] {subprocess.py:93} INFO - 11:48:39  Writing injected SQL for node "model.ck_project.silver_link_transactions"
[2025-11-01T11:48:39.089+0000] {subprocess.py:93} INFO - 11:48:39  Writing injected SQL for node "model.ck_project.silver_payments"
[2025-11-01T11:48:39.109+0000] {subprocess.py:93} INFO - 11:48:39  Began executing node model.ck_project.silver_payments
[2025-11-01T11:48:39.110+0000] {subprocess.py:93} INFO - 11:48:39  Began executing node model.ck_project.silver_link_transactions
[2025-11-01T11:48:39.421+0000] {subprocess.py:93} INFO - 11:48:39  Compilation Error in model silver_payments (models/silver/silver_payments.sql)
[2025-11-01T11:48:39.423+0000] {subprocess.py:93} INFO -   macro 'dbt_macro__clickhouse__create_table_as' takes not more than 2 argument(s)
[2025-11-01T11:48:39.424+0000] {subprocess.py:93} INFO - 
[2025-11-01T11:48:39.425+0000] {subprocess.py:93} INFO -   > in macro create_table_as (macros/relations/table/create.sql)
[2025-11-01T11:48:39.426+0000] {subprocess.py:93} INFO -   > called by macro default__get_create_table_as_sql (macros/relations/table/create.sql)
[2025-11-01T11:48:39.427+0000] {subprocess.py:93} INFO -   > called by macro get_create_table_as_sql (macros/relations/table/create.sql)
[2025-11-01T11:48:39.428+0000] {subprocess.py:93} INFO -   > called by macro statement (macros/etc/statement.sql)
[2025-11-01T11:48:39.429+0000] {subprocess.py:93} INFO -   > called by macro materialization_incremental_clickhouse (macros/materializations/incremental/incremental.sql)
[2025-11-01T11:48:39.432+0000] {subprocess.py:93} INFO -   > called by model silver_payments (models/silver/silver_payments.sql)
[2025-11-01T11:48:39.436+0000] {subprocess.py:93} INFO - 11:48:39  Compilation Error in model silver_link_transactions (models/silver/silver_link_transactions.sql)
[2025-11-01T11:48:39.439+0000] {subprocess.py:93} INFO -   macro 'dbt_macro__clickhouse__create_table_as' takes not more than 2 argument(s)
[2025-11-01T11:48:39.449+0000] {subprocess.py:93} INFO - 
[2025-11-01T11:48:39.452+0000] {subprocess.py:93} INFO -   > in macro create_table_as (macros/relations/table/create.sql)
[2025-11-01T11:48:39.454+0000] {subprocess.py:93} INFO -   > called by macro default__get_create_table_as_sql (macros/relations/table/create.sql)
[2025-11-01T11:48:39.456+0000] {subprocess.py:93} INFO -   > called by macro get_create_table_as_sql (macros/relations/table/create.sql)
[2025-11-01T11:48:39.458+0000] {subprocess.py:93} INFO -   > called by macro statement (macros/etc/statement.sql)
[2025-11-01T11:48:39.460+0000] {subprocess.py:93} INFO -   > called by macro materialization_incremental_clickhouse (macros/materializations/incremental/incremental.sql)
[2025-11-01T11:48:39.462+0000] {subprocess.py:93} INFO -   > called by model silver_link_transactions (models/silver/silver_link_transactions.sql)
[2025-11-01T11:48:39.471+0000] {subprocess.py:93} INFO - 11:48:39  Sending event: {'category': 'dbt', 'action': 'run_model', 'label': 'c0b1dacb-ff13-430b-ac11-8f31292ac6c9', 'context': [<snowplow_tracker.self_describing_json.SelfDescribingJson object at 0x71b6865dbcd0>]}
[2025-11-01T11:48:39.473+0000] {subprocess.py:93} INFO - 11:48:39  Sending event: {'category': 'dbt', 'action': 'run_model', 'label': 'c0b1dacb-ff13-430b-ac11-8f31292ac6c9', 'context': [<snowplow_tracker.self_describing_json.SelfDescribingJson object at 0x71b68662b010>]}
[2025-11-01T11:48:39.474+0000] {subprocess.py:93} INFO - 11:48:39  2 of 2 ERROR creating sql incremental model `silver`.`silver_payments` ......... [ERROR in 0.38s]
[2025-11-01T11:48:39.475+0000] {subprocess.py:93} INFO - 11:48:39  1 of 2 ERROR creating sql incremental model `silver`.`silver_link_transactions`  [ERROR in 0.39s]
[2025-11-01T11:48:39.478+0000] {subprocess.py:93} INFO - 11:48:39  Finished running node model.ck_project.silver_payments
[2025-11-01T11:48:39.480+0000] {subprocess.py:93} INFO - 11:48:39  Finished running node model.ck_project.silver_link_transactions
[2025-11-01T11:48:39.483+0000] {subprocess.py:93} INFO - 11:48:39  Marking all children of 'model.ck_project.silver_payments' to be skipped because of status 'error'.  Reason: Compilation Error in model silver_payments (models/silver/silver_payments.sql)
[2025-11-01T11:48:39.486+0000] {subprocess.py:93} INFO -   macro 'dbt_macro__clickhouse__create_table_as' takes not more than 2 argument(s)
[2025-11-01T11:48:39.487+0000] {subprocess.py:93} INFO - 
[2025-11-01T11:48:39.489+0000] {subprocess.py:93} INFO -   > in macro create_table_as (macros/relations/table/create.sql)
[2025-11-01T11:48:39.490+0000] {subprocess.py:93} INFO -   > called by macro default__get_create_table_as_sql (macros/relations/table/create.sql)
[2025-11-01T11:48:39.493+0000] {subprocess.py:93} INFO -   > called by macro get_create_table_as_sql (macros/relations/table/create.sql)
[2025-11-01T11:48:39.494+0000] {subprocess.py:93} INFO -   > called by macro statement (macros/etc/statement.sql)
[2025-11-01T11:48:39.496+0000] {subprocess.py:93} INFO -   > called by macro materialization_incremental_clickhouse (macros/materializations/incremental/incremental.sql)
[2025-11-01T11:48:39.499+0000] {subprocess.py:93} INFO -   > called by model silver_payments (models/silver/silver_payments.sql).
[2025-11-01T11:48:39.501+0000] {subprocess.py:93} INFO - 11:48:39  Marking all children of 'model.ck_project.silver_link_transactions' to be skipped because of status 'error'.  Reason: Compilation Error in model silver_link_transactions (models/silver/silver_link_transactions.sql)
[2025-11-01T11:48:39.503+0000] {subprocess.py:93} INFO -   macro 'dbt_macro__clickhouse__create_table_as' takes not more than 2 argument(s)
[2025-11-01T11:48:39.507+0000] {subprocess.py:93} INFO - 
[2025-11-01T11:48:39.508+0000] {subprocess.py:93} INFO -   > in macro create_table_as (macros/relations/table/create.sql)
[2025-11-01T11:48:39.509+0000] {subprocess.py:93} INFO -   > called by macro default__get_create_table_as_sql (macros/relations/table/create.sql)
[2025-11-01T11:48:39.510+0000] {subprocess.py:93} INFO -   > called by macro get_create_table_as_sql (macros/relations/table/create.sql)
[2025-11-01T11:48:39.512+0000] {subprocess.py:93} INFO -   > called by macro statement (macros/etc/statement.sql)
[2025-11-01T11:48:39.513+0000] {subprocess.py:93} INFO -   > called by macro materialization_incremental_clickhouse (macros/materializations/incremental/incremental.sql)
[2025-11-01T11:48:39.515+0000] {subprocess.py:93} INFO -   > called by model silver_link_transactions (models/silver/silver_link_transactions.sql).
[2025-11-01T11:48:39.517+0000] {subprocess.py:93} INFO - 11:48:39  Connection 'master' was properly closed.
[2025-11-01T11:48:39.524+0000] {subprocess.py:93} INFO - 11:48:39  Connection 'model.ck_project.silver_link_transactions' was left open.
[2025-11-01T11:48:39.525+0000] {subprocess.py:93} INFO - 11:48:39  On model.ck_project.silver_link_transactions: Close
[2025-11-01T11:48:39.527+0000] {subprocess.py:93} INFO - 11:48:39  Connection 'model.ck_project.silver_payments' was properly closed.
[2025-11-01T11:48:39.528+0000] {subprocess.py:93} INFO - 11:48:39
[2025-11-01T11:48:39.530+0000] {subprocess.py:93} INFO - 11:48:39  Finished running 2 incremental models in 0 hours 0 minutes and 0.91 seconds (0.91s).
[2025-11-01T11:48:39.531+0000] {subprocess.py:93} INFO - 11:48:39  Command end result
[2025-11-01T11:48:39.602+0000] {subprocess.py:93} INFO - 11:48:39  Wrote artifact WritableManifest to /dbt/target/manifest.json
[2025-11-01T11:48:39.616+0000] {subprocess.py:93} INFO - 11:48:39  Wrote artifact SemanticManifest to /dbt/target/semantic_manifest.json
[2025-11-01T11:48:39.638+0000] {subprocess.py:93} INFO - 11:48:39  Wrote artifact RunExecutionResult to /dbt/target/run_results.json
[2025-11-01T11:48:39.641+0000] {subprocess.py:93} INFO - 11:48:39
[2025-11-01T11:48:39.642+0000] {subprocess.py:93} INFO - 11:48:39  Completed with 2 errors, 0 partial successes, and 0 warnings:
[2025-11-01T11:48:39.644+0000] {subprocess.py:93} INFO - 11:48:39
[2025-11-01T11:48:39.646+0000] {subprocess.py:93} INFO - 11:48:39  Failure in model silver_payments (models/silver/silver_payments.sql)
[2025-11-01T11:48:39.647+0000] {subprocess.py:93} INFO - 11:48:39    Compilation Error in model silver_payments (models/silver/silver_payments.sql)
[2025-11-01T11:48:39.648+0000] {subprocess.py:93} INFO -   macro 'dbt_macro__clickhouse__create_table_as' takes not more than 2 argument(s)
[2025-11-01T11:48:39.649+0000] {subprocess.py:93} INFO - 
[2025-11-01T11:48:39.649+0000] {subprocess.py:93} INFO -   > in macro create_table_as (macros/relations/table/create.sql)
[2025-11-01T11:48:39.650+0000] {subprocess.py:93} INFO -   > called by macro default__get_create_table_as_sql (macros/relations/table/create.sql)
[2025-11-01T11:48:39.651+0000] {subprocess.py:93} INFO -   > called by macro get_create_table_as_sql (macros/relations/table/create.sql)
[2025-11-01T11:48:39.652+0000] {subprocess.py:93} INFO -   > called by macro statement (macros/etc/statement.sql)
[2025-11-01T11:48:39.653+0000] {subprocess.py:93} INFO -   > called by macro materialization_incremental_clickhouse (macros/materializations/incremental/incremental.sql)
[2025-11-01T11:48:39.655+0000] {subprocess.py:93} INFO -   > called by model silver_payments (models/silver/silver_payments.sql)
[2025-11-01T11:48:39.656+0000] {subprocess.py:93} INFO - 11:48:39
[2025-11-01T11:48:39.658+0000] {subprocess.py:93} INFO - 11:48:39    compiled code at target/compiled/ck_project/models/silver/silver_payments.sql
[2025-11-01T11:48:39.659+0000] {subprocess.py:93} INFO - 11:48:39
[2025-11-01T11:48:39.660+0000] {subprocess.py:93} INFO - 11:48:39  Failure in model silver_link_transactions (models/silver/silver_link_transactions.sql)
[2025-11-01T11:48:39.661+0000] {subprocess.py:93} INFO - 11:48:39    Compilation Error in model silver_link_transactions (models/silver/silver_link_transactions.sql)
[2025-11-01T11:48:39.662+0000] {subprocess.py:93} INFO -   macro 'dbt_macro__clickhouse__create_table_as' takes not more than 2 argument(s)
[2025-11-01T11:48:39.663+0000] {subprocess.py:93} INFO - 
[2025-11-01T11:48:39.663+0000] {subprocess.py:93} INFO -   > in macro create_table_as (macros/relations/table/create.sql)
[2025-11-01T11:48:39.664+0000] {subprocess.py:93} INFO -   > called by macro default__get_create_table_as_sql (macros/relations/table/create.sql)
[2025-11-01T11:48:39.665+0000] {subprocess.py:93} INFO -   > called by macro get_create_table_as_sql (macros/relations/table/create.sql)
[2025-11-01T11:48:39.666+0000] {subprocess.py:93} INFO -   > called by macro statement (macros/etc/statement.sql)
[2025-11-01T11:48:39.667+0000] {subprocess.py:93} INFO -   > called by macro materialization_incremental_clickhouse (macros/materializations/incremental/incremental.sql)
[2025-11-01T11:48:39.667+0000] {subprocess.py:93} INFO -   > called by model silver_link_transactions (models/silver/silver_link_transactions.sql)
[2025-11-01T11:48:39.670+0000] {subprocess.py:93} INFO - 11:48:39
[2025-11-01T11:48:39.671+0000] {subprocess.py:93} INFO - 11:48:39    compiled code at target/compiled/ck_project/models/silver/silver_link_transactions.sql
[2025-11-01T11:48:39.674+0000] {subprocess.py:93} INFO - 11:48:39
[2025-11-01T11:48:39.675+0000] {subprocess.py:93} INFO - 11:48:39  Done. PASS=0 WARN=0 ERROR=2 SKIP=0 NO-OP=0 TOTAL=2
[2025-11-01T11:48:39.676+0000] {subprocess.py:93} INFO - 11:48:39  Resource report: {"command_name": "run", "command_success": false, "command_wall_clock_time": 4.023951, "process_in_blocks": "0", "process_kernel_time": 0.447402, "process_mem_max_rss": "149648", "process_out_blocks": "0", "process_user_time": 4.913364}
[2025-11-01T11:48:39.677+0000] {subprocess.py:93} INFO - 11:48:39  Command `dbt run` failed at 11:48:39.672632 after 4.03 seconds
[2025-11-01T11:48:39.678+0000] {subprocess.py:93} INFO - 11:48:39  Sending event: {'category': 'dbt', 'action': 'invocation', 'label': 'end', 'context': [<snowplow_tracker.self_describing_json.SelfDescribingJson object at 0x71b6a5fc7950>, <snowplow_tracker.self_describing_json.SelfDescribingJson object at 0x71b6a5fc4c50>, <snowplow_tracker.self_describing_json.SelfDescribingJson object at 0x71b6a5f67e90>]}
[2025-11-01T11:48:39.679+0000] {subprocess.py:93} INFO - 11:48:39  Flushing usage events
[2025-11-01T11:48:40.225+0000] {subprocess.py:93} INFO - 11:48:40  An error was encountered while trying to flush usage events
[2025-11-01T11:48:40.716+0000] {subprocess.py:93} INFO - ---- COMPILED SQL: silver_payments ----
[2025-11-01T11:48:40.747+0000] {subprocess.py:93} INFO - 
[2025-11-01T11:48:40.748+0000] {subprocess.py:93} INFO - 
[2025-11-01T11:48:40.748+0000] {subprocess.py:93} INFO - 
[2025-11-01T11:48:40.749+0000] {subprocess.py:93} INFO - 
[2025-11-01T11:48:40.750+0000] {subprocess.py:93} INFO - with raw as (
[2025-11-01T11:48:40.750+0000] {subprocess.py:93} INFO -     select
[2025-11-01T11:48:40.751+0000] {subprocess.py:93} INFO -         -- Cast IDs defensively
[2025-11-01T11:48:40.751+0000] {subprocess.py:93} INFO -         toUInt64OrNull(id)           as payment_id,
[2025-11-01T11:48:40.752+0000] {subprocess.py:93} INFO -         toUInt64OrNull(merchant_id)  as merchant_id,
[2025-11-01T11:48:40.753+0000] {subprocess.py:93} INFO -         toUInt64OrNull(acquirer_id)  as acquirer_id,
[2025-11-01T11:48:40.754+0000] {subprocess.py:93} INFO - 
[2025-11-01T11:48:40.754+0000] {subprocess.py:93} INFO - 
[2025-11-01T11:48:40.755+0000] {subprocess.py:93} INFO -         -- Strings only; avoid optional JSON columns for now
[2025-11-01T11:48:40.756+0000] {subprocess.py:93} INFO -         toLowCardinality(state)      as state,
[2025-11-01T11:48:40.756+0000] {subprocess.py:93} INFO -         toLowCardinality(card_type)  as card_type,
[2025-11-01T11:48:40.757+0000] {subprocess.py:93} INFO -         reference,
[2025-11-01T11:48:40.757+0000] {subprocess.py:93} INFO -         order_reference,
[2025-11-01T11:48:40.758+0000] {subprocess.py:93} INFO - 
[2025-11-01T11:48:40.758+0000] {subprocess.py:93} INFO - 
[2025-11-01T11:48:40.759+0000] {subprocess.py:93} INFO -         -- Normalize timestamps to string first
[2025-11-01T11:48:40.759+0000] {subprocess.py:93} INFO -         case
[2025-11-01T11:48:40.760+0000] {subprocess.py:93} INFO -             when toTypeName(created_at) like 'String%' then replaceRegexpAll(created_at, '\\s+UTC$', '')
[2025-11-01T11:48:40.761+0000] {subprocess.py:93} INFO -             else toString(created_at)
[2025-11-01T11:48:40.761+0000] {subprocess.py:93} INFO -         end as created_at_str,
[2025-11-01T11:48:40.761+0000] {subprocess.py:93} INFO - 
[2025-11-01T11:48:40.762+0000] {subprocess.py:93} INFO - 
[2025-11-01T11:48:40.762+0000] {subprocess.py:93} INFO -         case
[2025-11-01T11:48:40.763+0000] {subprocess.py:93} INFO -             when toTypeName(updated_at) like 'String%' then replaceRegexpAll(updated_at, '\\s+UTC$', '')
[2025-11-01T11:48:40.763+0000] {subprocess.py:93} INFO -             else toString(updated_at)
[2025-11-01T11:48:40.764+0000] {subprocess.py:93} INFO -         end as updated_at_str
[2025-11-01T11:48:40.765+0000] {subprocess.py:93} INFO -     from `bronze`.`payments`
[2025-11-01T11:48:40.765+0000] {subprocess.py:93} INFO - ),
[2025-11-01T11:48:40.766+0000] {subprocess.py:93} INFO - 
[2025-11-01T11:48:40.766+0000] {subprocess.py:93} INFO - 
[2025-11-01T11:48:40.766+0000] {subprocess.py:93} INFO - src as (
[2025-11-01T11:48:40.767+0000] {subprocess.py:93} INFO -     select
[2025-11-01T11:48:40.767+0000] {subprocess.py:93} INFO -         payment_id,
[2025-11-01T11:48:40.768+0000] {subprocess.py:93} INFO -         merchant_id,
[2025-11-01T11:48:40.769+0000] {subprocess.py:93} INFO -         acquirer_id,
[2025-11-01T11:48:40.769+0000] {subprocess.py:93} INFO -         state,
[2025-11-01T11:48:40.770+0000] {subprocess.py:93} INFO -         card_type,
[2025-11-01T11:48:40.770+0000] {subprocess.py:93} INFO -         reference,
[2025-11-01T11:48:40.771+0000] {subprocess.py:93} INFO -         order_reference,
[2025-11-01T11:48:40.772+0000] {subprocess.py:93} INFO -         parseDateTime64BestEffortOrNull(created_at_str, 6, 'UTC') as created_at,
[2025-11-01T11:48:40.772+0000] {subprocess.py:93} INFO -         parseDateTime64BestEffortOrNull(updated_at_str, 6, 'UTC') as updated_at
[2025-11-01T11:48:40.773+0000] {subprocess.py:93} INFO -     from raw
[2025-11-01T11:48:40.774+0000] {subprocess.py:93} INFO - ),
[2025-11-01T11:48:40.775+0000] {subprocess.py:93} INFO - 
[2025-11-01T11:48:40.775+0000] {subprocess.py:93} INFO - 
[2025-11-01T11:48:40.776+0000] {subprocess.py:93} INFO - ranked as (
[2025-11-01T11:48:40.776+0000] {subprocess.py:93} INFO -     select
[2025-11-01T11:48:40.777+0000] {subprocess.py:93} INFO -         *,
[2025-11-01T11:48:40.778+0000] {subprocess.py:93} INFO -         row_number() over (
[2025-11-01T11:48:40.778+0000] {subprocess.py:93} INFO -             partition by payment_id
[2025-11-01T11:48:40.778+0000] {subprocess.py:93} INFO -             order by
[2025-11-01T11:48:40.779+0000] {subprocess.py:93} INFO -                 coalesce(updated_at, toDateTime64('1970-01-01 00:00:00', 6, 'UTC')) desc,
[2025-11-01T11:48:40.779+0000] {subprocess.py:93} INFO -                 coalesce(created_at, toDateTime64('1970-01-01 00:00:00', 6, 'UTC')) desc
[2025-11-01T11:48:40.780+0000] {subprocess.py:93} INFO -         ) as rn
[2025-11-01T11:48:40.780+0000] {subprocess.py:93} INFO -     from src
[2025-11-01T11:48:40.781+0000] {subprocess.py:93} INFO - )
[2025-11-01T11:48:40.781+0000] {subprocess.py:93} INFO - 
[2025-11-01T11:48:40.781+0000] {subprocess.py:93} INFO - 
[2025-11-01T11:48:40.782+0000] {subprocess.py:93} INFO - select
[2025-11-01T11:48:40.782+0000] {subprocess.py:93} INFO -     payment_id,
[2025-11-01T11:48:40.782+0000] {subprocess.py:93} INFO -     merchant_id,
[2025-11-01T11:48:40.783+0000] {subprocess.py:93} INFO -     acquirer_id,
[2025-11-01T11:48:40.783+0000] {subprocess.py:93} INFO -     state,
[2025-11-01T11:48:40.784+0000] {subprocess.py:93} INFO -     card_type,
[2025-11-01T11:48:40.786+0000] {subprocess.py:93} INFO -     reference,
[2025-11-01T11:48:40.787+0000] {subprocess.py:93} INFO -     order_reference,
[2025-11-01T11:48:40.787+0000] {subprocess.py:93} INFO -     created_at,
[2025-11-01T11:48:40.788+0000] {subprocess.py:93} INFO -     updated_at,
[2025-11-01T11:48:40.789+0000] {subprocess.py:93} INFO -     toDate(created_at) as data_date
[2025-11-01T11:48:40.790+0000] {subprocess.py:93} INFO - from ranked
[2025-11-01T11:48:40.791+0000] {subprocess.py:93} INFO - where rn = 1
[2025-11-01T11:48:40.791+0000] {subprocess.py:93} INFO - ---- COMPILED SQL: silver_link_transactions ----
[2025-11-01T11:48:40.792+0000] {subprocess.py:93} INFO - 
[2025-11-01T11:48:40.793+0000] {subprocess.py:93} INFO - 
[2025-11-01T11:48:40.793+0000] {subprocess.py:93} INFO - 
[2025-11-01T11:48:40.796+0000] {subprocess.py:93} INFO - 
[2025-11-01T11:48:40.797+0000] {subprocess.py:93} INFO - 
[2025-11-01T11:48:40.798+0000] {subprocess.py:93} INFO - 
[2025-11-01T11:48:40.798+0000] {subprocess.py:93} INFO - with src as (
[2025-11-01T11:48:40.799+0000] {subprocess.py:93} INFO -     select
[2025-11-01T11:48:40.801+0000] {subprocess.py:93} INFO -         id,
[2025-11-01T11:48:40.802+0000] {subprocess.py:93} INFO -         state,
[2025-11-01T11:48:40.803+0000] {subprocess.py:93} INFO -         linkpay_reference,
[2025-11-01T11:48:40.803+0000] {subprocess.py:93} INFO -         payment_details,         -- keep raw; parse later if stable
[2025-11-01T11:48:40.804+0000] {subprocess.py:93} INFO -         created_at,
[2025-11-01T11:48:40.805+0000] {subprocess.py:93} INFO -         updated_at,
[2025-11-01T11:48:40.806+0000] {subprocess.py:93} INFO -         _ingested_at,
[2025-11-01T11:48:40.806+0000] {subprocess.py:93} INFO -         _source_file
[2025-11-01T11:48:40.807+0000] {subprocess.py:93} INFO -     from `bronze`.`link_transactions`
[2025-11-01T11:48:40.807+0000] {subprocess.py:93} INFO - ),
[2025-11-01T11:48:40.808+0000] {subprocess.py:93} INFO - 
[2025-11-01T11:48:40.808+0000] {subprocess.py:93} INFO - 
[2025-11-01T11:48:40.809+0000] {subprocess.py:93} INFO - norm as (
[2025-11-01T11:48:40.809+0000] {subprocess.py:93} INFO -     select
[2025-11-01T11:48:40.809+0000] {subprocess.py:93} INFO -         toUInt64OrNull(id) as link_id,
[2025-11-01T11:48:40.810+0000] {subprocess.py:93} INFO - 
[2025-11-01T11:48:40.811+0000] {subprocess.py:93} INFO - 
[2025-11-01T11:48:40.811+0000] {subprocess.py:93} INFO -         if(like(toTypeName(created_at), 'String%'),
[2025-11-01T11:48:40.812+0000] {subprocess.py:93} INFO -            parseDateTime64BestEffortOrNull(replaceRegexpAll(created_at, ' UTC$', ''), 6),
[2025-11-01T11:48:40.812+0000] {subprocess.py:93} INFO -            toDateTime64(created_at, 6)
[2025-11-01T11:48:40.813+0000] {subprocess.py:93} INFO -         ) as created_at_dt,
[2025-11-01T11:48:40.813+0000] {subprocess.py:93} INFO - 
[2025-11-01T11:48:40.814+0000] {subprocess.py:93} INFO - 
[2025-11-01T11:48:40.814+0000] {subprocess.py:93} INFO -         if(like(toTypeName(updated_at), 'String%'),
[2025-11-01T11:48:40.815+0000] {subprocess.py:93} INFO -            parseDateTime64BestEffortOrNull(replaceRegexpAll(updated_at, ' UTC$', ''), 6),
[2025-11-01T11:48:40.815+0000] {subprocess.py:93} INFO -            toDateTime64(updated_at, 6)
[2025-11-01T11:48:40.816+0000] {subprocess.py:93} INFO -         ) as updated_at_dt,
[2025-11-01T11:48:40.817+0000] {subprocess.py:93} INFO - 
[2025-11-01T11:48:40.817+0000] {subprocess.py:93} INFO - 
[2025-11-01T11:48:40.818+0000] {subprocess.py:93} INFO -         state,
[2025-11-01T11:48:40.818+0000] {subprocess.py:93} INFO -         linkpay_reference,
[2025-11-01T11:48:40.819+0000] {subprocess.py:93} INFO -         payment_details,
[2025-11-01T11:48:40.819+0000] {subprocess.py:93} INFO -         toDateTime64(_ingested_at, 6) as ingested_at_dt,
[2025-11-01T11:48:40.819+0000] {subprocess.py:93} INFO -         _source_file
[2025-11-01T11:48:40.820+0000] {subprocess.py:93} INFO -     from src
[2025-11-01T11:48:40.821+0000] {subprocess.py:93} INFO - ),
[2025-11-01T11:48:40.821+0000] {subprocess.py:93} INFO - 
[2025-11-01T11:48:40.821+0000] {subprocess.py:93} INFO - 
[2025-11-01T11:48:40.822+0000] {subprocess.py:93} INFO - ranked as (
[2025-11-01T11:48:40.822+0000] {subprocess.py:93} INFO -     select
[2025-11-01T11:48:40.823+0000] {subprocess.py:93} INFO -         *,
[2025-11-01T11:48:40.823+0000] {subprocess.py:93} INFO -         row_number() over (
[2025-11-01T11:48:40.824+0000] {subprocess.py:93} INFO -             partition by link_id
[2025-11-01T11:48:40.825+0000] {subprocess.py:93} INFO -             order by
[2025-11-01T11:48:40.825+0000] {subprocess.py:93} INFO -                 coalesce(updated_at_dt, toDateTime64('1970-01-01 00:00:00', 6)) desc,
[2025-11-01T11:48:40.826+0000] {subprocess.py:93} INFO -                 coalesce(created_at_dt, toDateTime64('1970-01-01 00:00:00', 6)) desc,
[2025-11-01T11:48:40.826+0000] {subprocess.py:93} INFO -                 coalesce(ingested_at_dt, toDateTime64('1970-01-01 00:00:00', 6)) desc,
[2025-11-01T11:48:40.826+0000] {subprocess.py:93} INFO -                 toString(_source_file) desc
[2025-11-01T11:48:40.827+0000] {subprocess.py:93} INFO -         ) as rn
[2025-11-01T11:48:40.827+0000] {subprocess.py:93} INFO -     from norm
[2025-11-01T11:48:40.827+0000] {subprocess.py:93} INFO - )
[2025-11-01T11:48:40.828+0000] {subprocess.py:93} INFO - 
[2025-11-01T11:48:40.828+0000] {subprocess.py:93} INFO - 
[2025-11-01T11:48:40.828+0000] {subprocess.py:93} INFO - select
[2025-11-01T11:48:40.829+0000] {subprocess.py:93} INFO -     link_id,
[2025-11-01T11:48:40.829+0000] {subprocess.py:93} INFO -     created_at_dt as created_at,
[2025-11-01T11:48:40.830+0000] {subprocess.py:93} INFO -     updated_at_dt as completed_at,
[2025-11-01T11:48:40.830+0000] {subprocess.py:93} INFO -     state,
[2025-11-01T11:48:40.831+0000] {subprocess.py:93} INFO -     linkpay_reference as reference,
[2025-11-01T11:48:40.831+0000] {subprocess.py:93} INFO -     payment_details,
[2025-11-01T11:48:40.832+0000] {subprocess.py:93} INFO -     toDate(created_at_dt) as data_date
[2025-11-01T11:48:40.832+0000] {subprocess.py:93} INFO - from ranked
[2025-11-01T11:48:40.833+0000] {subprocess.py:93} INFO - where rn = 1
[2025-11-01T11:48:40.833+0000] {subprocess.py:93} INFO - ---- LAST 200 LINES OF logs/dbt.log ----
[2025-11-01T11:48:40.834+0000] {subprocess.py:93} INFO - 
[2025-11-01T11:48:40.835+0000] {subprocess.py:93} INFO - with raw as (
[2025-11-01T11:48:40.835+0000] {subprocess.py:93} INFO -     select
[2025-11-01T11:48:40.836+0000] {subprocess.py:93} INFO -         -- Cast IDs defensively
[2025-11-01T11:48:40.836+0000] {subprocess.py:93} INFO -         toUInt64OrNull(id)           as payment_id,
[2025-11-01T11:48:40.837+0000] {subprocess.py:93} INFO -         toUInt64OrNull(merchant_id)  as merchant_id,
[2025-11-01T11:48:40.838+0000] {subprocess.py:93} INFO -         toUInt64OrNull(acquirer_id)  as acquirer_id,
[2025-11-01T11:48:40.838+0000] {subprocess.py:93} INFO - 
[2025-11-01T11:48:40.839+0000] {subprocess.py:93} INFO - 
[2025-11-01T11:48:40.839+0000] {subprocess.py:93} INFO -         -- Strings only; avoid optional JSON columns for now
[2025-11-01T11:48:40.839+0000] {subprocess.py:93} INFO -         toLowCardinality(state)      as state,
[2025-11-01T11:48:40.840+0000] {subprocess.py:93} INFO -         toLowCardinality(card_type)  as card_type,
[2025-11-01T11:48:40.840+0000] {subprocess.py:93} INFO -         reference,
[2025-11-01T11:48:40.841+0000] {subprocess.py:93} INFO -         order_reference,
[2025-11-01T11:48:40.841+0000] {subprocess.py:93} INFO - 
[2025-11-01T11:48:40.842+0000] {subprocess.py:93} INFO - 
[2025-11-01T11:48:40.843+0000] {subprocess.py:93} INFO -         -- Normalize timestamps to string first
[2025-11-01T11:48:40.843+0000] {subprocess.py:93} INFO -         case
[2025-11-01T11:48:40.844+0000] {subprocess.py:93} INFO -             when toTypeName(created_at) like 'String%' then replaceRegexpAll(created_at, '\\s+UTC$', '')
[2025-11-01T11:48:40.844+0000] {subprocess.py:93} INFO -             else toString(created_at)
[2025-11-01T11:48:40.845+0000] {subprocess.py:93} INFO -         end as created_at_str,
[2025-11-01T11:48:40.845+0000] {subprocess.py:93} INFO - 
[2025-11-01T11:48:40.845+0000] {subprocess.py:93} INFO - 
[2025-11-01T11:48:40.846+0000] {subprocess.py:93} INFO -         case
[2025-11-01T11:48:40.846+0000] {subprocess.py:93} INFO -             when toTypeName(updated_at) like 'String%' then replaceRegexpAll(updated_at, '\\s+UTC$', '')
[2025-11-01T11:48:40.846+0000] {subprocess.py:93} INFO -             else toString(updated_at)
[2025-11-01T11:48:40.847+0000] {subprocess.py:93} INFO -         end as updated_at_str
[2025-11-01T11:48:40.847+0000] {subprocess.py:93} INFO -     from `bronze`.`payments`
[2025-11-01T11:48:40.848+0000] {subprocess.py:93} INFO - ),
[2025-11-01T11:48:40.848+0000] {subprocess.py:93} INFO - 
[2025-11-01T11:48:40.849+0000] {subprocess.py:93} INFO - 
[2025-11-01T11:48:40.849+0000] {subprocess.py:93} INFO - src as (
[2025-11-01T11:48:40.849+0000] {subprocess.py:93} INFO -     select
[2025-11-01T11:48:40.849+0000] {subprocess.py:93} INFO -         payment_id,
[2025-11-01T11:48:40.850+0000] {subprocess.py:93} INFO -         merchant_id,
[2025-11-01T11:48:40.851+0000] {subprocess.py:93} INFO -         acquirer_id,
[2025-11-01T11:48:40.852+0000] {subprocess.py:93} INFO -         state,
[2025-11-01T11:48:40.852+0000] {subprocess.py:93} INFO -         card_type,
[2025-11-01T11:48:40.853+0000] {subprocess.py:93} INFO -         reference,
[2025-11-01T11:48:40.854+0000] {subprocess.py:93} INFO -         order_reference,
[2025-11-01T11:48:40.855+0000] {subprocess.py:93} INFO -         parseDateTime64BestEffortOrNull(created_at_str, 6, 'UTC') as created_at,
[2025-11-01T11:48:40.855+0000] {subprocess.py:93} INFO -         parseDateTime64BestEffortOrNull(updated_at_str, 6, 'UTC') as updated_at
[2025-11-01T11:48:40.856+0000] {subprocess.py:93} INFO -     from raw
[2025-11-01T11:48:40.857+0000] {subprocess.py:93} INFO - ),
[2025-11-01T11:48:40.857+0000] {subprocess.py:93} INFO - 
[2025-11-01T11:48:40.858+0000] {subprocess.py:93} INFO - 
[2025-11-01T11:48:40.858+0000] {subprocess.py:93} INFO - ranked as (
[2025-11-01T11:48:40.858+0000] {subprocess.py:93} INFO -     select
[2025-11-01T11:48:40.859+0000] {subprocess.py:93} INFO -         *,
[2025-11-01T11:48:40.859+0000] {subprocess.py:93} INFO -         row_number() over (
[2025-11-01T11:48:40.860+0000] {subprocess.py:93} INFO -             partition by payment_id
[2025-11-01T11:48:40.860+0000] {subprocess.py:93} INFO -             order by
[2025-11-01T11:48:40.861+0000] {subprocess.py:93} INFO -                 coalesce(updated_at, toDateTime64('1970-01-01 00:00:00', 6, 'UTC')) desc,
[2025-11-01T11:48:40.861+0000] {subprocess.py:93} INFO -                 coalesce(created_at, toDateTime64('1970-01-01 00:00:00', 6, 'UTC')) desc
[2025-11-01T11:48:40.861+0000] {subprocess.py:93} INFO -         ) as rn
[2025-11-01T11:48:40.862+0000] {subprocess.py:93} INFO -     from src
[2025-11-01T11:48:40.862+0000] {subprocess.py:93} INFO - )
[2025-11-01T11:48:40.863+0000] {subprocess.py:93} INFO - 
[2025-11-01T11:48:40.863+0000] {subprocess.py:93} INFO - 
[2025-11-01T11:48:40.864+0000] {subprocess.py:93} INFO - select
[2025-11-01T11:48:40.865+0000] {subprocess.py:93} INFO -     payment_id,
[2025-11-01T11:48:40.865+0000] {subprocess.py:93} INFO -     merchant_id,
[2025-11-01T11:48:40.866+0000] {subprocess.py:93} INFO -     acquirer_id,
[2025-11-01T11:48:40.866+0000] {subprocess.py:93} INFO -     state,
[2025-11-01T11:48:40.867+0000] {subprocess.py:93} INFO -     card_type,
[2025-11-01T11:48:40.867+0000] {subprocess.py:93} INFO -     reference,
[2025-11-01T11:48:40.869+0000] {subprocess.py:93} INFO -     order_reference,
[2025-11-01T11:48:40.869+0000] {subprocess.py:93} INFO -     created_at,
[2025-11-01T11:48:40.870+0000] {subprocess.py:93} INFO -     updated_at,
[2025-11-01T11:48:40.870+0000] {subprocess.py:93} INFO -     toDate(created_at) as data_date
[2025-11-01T11:48:40.871+0000] {subprocess.py:93} INFO - from ranked
[2025-11-01T11:48:40.871+0000] {subprocess.py:93} INFO - where rn = 1
[2025-11-01T11:48:40.872+0000] {subprocess.py:93} INFO - 
[2025-11-01T11:48:40.872+0000] {subprocess.py:93} INFO - 11:48:38.869127 [debug] [MainThread]: Resource report: {"command_name": "compile", "command_success": true, "command_wall_clock_time": 3.417403, "process_in_blocks": "0", "process_kernel_time": 0.413641, "process_mem_max_rss": "146344", "process_out_blocks": "0", "process_user_time": 4.450625}
[2025-11-01T11:48:40.873+0000] {subprocess.py:93} INFO - 11:48:38.871988 [debug] [MainThread]: Command `dbt compile` succeeded at 11:48:38.871664 after 3.42 seconds
[2025-11-01T11:48:40.873+0000] {subprocess.py:93} INFO - 11:48:38.875591 [debug] [MainThread]: Sending event: {'category': 'dbt', 'action': 'invocation', 'label': 'end', 'context': [<snowplow_tracker.self_describing_json.SelfDescribingJson object at 0x78ad7ce3c490>, <snowplow_tracker.self_describing_json.SelfDescribingJson object at 0x78ad8051d8d0>, <snowplow_tracker.self_describing_json.SelfDescribingJson object at 0x78ad7bd6da10>]}
[2025-11-01T11:48:40.874+0000] {subprocess.py:93} INFO - 11:48:38.880781 [debug] [MainThread]: Flushing usage events
[2025-11-01T11:48:40.874+0000] {subprocess.py:93} INFO - 11:48:38.945722 [debug] [ThreadPool]: dbt_clickhouse adapter: On list_: /* {"app": "dbt", "dbt_version": "1.10.13", "profile_name": "ck_project", "target_name": "dev", "connection_name": "list_"} */
[2025-11-01T11:48:40.874+0000] {subprocess.py:93} INFO - 
[2025-11-01T11:48:40.875+0000] {subprocess.py:93} INFO -     select name from system.databases
[2025-11-01T11:48:40.875+0000] {subprocess.py:93} INFO -   ...
[2025-11-01T11:48:40.876+0000] {subprocess.py:93} INFO - 11:48:38.950422 [debug] [ThreadPool]: dbt_clickhouse adapter: SQL status: OK in 0.00 seconds
[2025-11-01T11:48:40.876+0000] {subprocess.py:93} INFO - 11:48:38.987972 [debug] [ThreadPool]: Re-using an available connection from the pool (formerly list_, now list__silver)
[2025-11-01T11:48:40.877+0000] {subprocess.py:93} INFO - 11:48:38.999253 [debug] [ThreadPool]: dbt_clickhouse adapter: On list__silver: /* {"app": "dbt", "dbt_version": "1.10.13", "profile_name": "ck_project", "target_name": "dev", "connection_name": "list__silver"} */
[2025-11-01T11:48:40.877+0000] {subprocess.py:93} INFO - select
[2025-11-01T11:48:40.878+0000] {subprocess.py:93} INFO -       t.name as name,
[2025-11-01T11:48:40.878+0000] {subprocess.py:93} INFO -       t.database as schema,
[2025-11-01T11:48:40.878+0000] {subprocess.py:93} INFO -       multiIf(
[2025-11-01T11:48:40.879+0000] {subprocess.py:93} INFO -         engine in ('MaterializedView', 'View'), 'view',
[2025-11-01T11:48:40.879+0000] {subprocess.py:93} INFO -         engine = 'Dictionary', 'dictionary',
[2025-11-01T11:48:40.880+0000] {subprocess.py:93} INFO -         'table'
[2025-11-01T11:48:40.880+0000] {subprocess.py:93} INFO -       ) as type,
[2025-11-01T11:48:40.881+0000] {subprocess.py:93} INFO -       db.engine as db_engine,0 as is_on_cluster
[2025-11-01T11:48:40.881+0000] {subprocess.py:93} INFO -           from system.tables as t join system.databases as db on t.database = db.name
[2025-11-01T11:48:40.882+0000] {subprocess.py:93} INFO -         where schema = 'silver'
[2025-11-01T11:48:40.882+0000] {subprocess.py:93} INFO - 
[2025-11-01T11:48:40.883+0000] {subprocess.py:93} INFO - 
[2025-11-01T11:48:40.883+0000] {subprocess.py:93} INFO -   ...
[2025-11-01T11:48:40.884+0000] {subprocess.py:93} INFO - 11:48:39.012328 [debug] [ThreadPool]: dbt_clickhouse adapter: SQL status: OK in 0.01 seconds
[2025-11-01T11:48:40.886+0000] {subprocess.py:93} INFO - 11:48:39.020320 [debug] [MainThread]: Sending event: {'category': 'dbt', 'action': 'runnable_timing', 'label': 'c0b1dacb-ff13-430b-ac11-8f31292ac6c9', 'context': [<snowplow_tracker.self_describing_json.SelfDescribingJson object at 0x71b686dd68d0>]}
[2025-11-01T11:48:40.887+0000] {subprocess.py:93} INFO - 11:48:39.037325 [debug] [Thread-1 (]: Began running node model.ck_project.silver_link_transactions
[2025-11-01T11:48:40.888+0000] {subprocess.py:93} INFO - 11:48:39.038348 [debug] [Thread-2 (]: Began running node model.ck_project.silver_payments
[2025-11-01T11:48:40.888+0000] {subprocess.py:93} INFO - 11:48:39.041013 [info ] [Thread-1 (]: 1 of 2 START sql incremental model `silver`.`silver_link_transactions` ......... [RUN]
[2025-11-01T11:48:40.889+0000] {subprocess.py:93} INFO - 11:48:39.044317 [info ] [Thread-2 (]: 2 of 2 START sql incremental model `silver`.`silver_payments` .................. [RUN]
[2025-11-01T11:48:40.890+0000] {subprocess.py:93} INFO - 11:48:39.047941 [debug] [Thread-1 (]: Re-using an available connection from the pool (formerly list__silver, now model.ck_project.silver_link_transactions)
[2025-11-01T11:48:40.890+0000] {subprocess.py:93} INFO - 11:48:39.049928 [debug] [Thread-2 (]: Acquiring new clickhouse connection 'model.ck_project.silver_payments'
[2025-11-01T11:48:40.891+0000] {subprocess.py:93} INFO - 11:48:39.052232 [debug] [Thread-1 (]: Began compiling node model.ck_project.silver_link_transactions
[2025-11-01T11:48:40.891+0000] {subprocess.py:93} INFO - 11:48:39.055512 [debug] [Thread-2 (]: Began compiling node model.ck_project.silver_payments
[2025-11-01T11:48:40.891+0000] {subprocess.py:93} INFO - 11:48:39.070168 [debug] [Thread-1 (]: Writing injected SQL for node "model.ck_project.silver_link_transactions"
[2025-11-01T11:48:40.892+0000] {subprocess.py:93} INFO - 11:48:39.085688 [debug] [Thread-2 (]: Writing injected SQL for node "model.ck_project.silver_payments"
[2025-11-01T11:48:40.892+0000] {subprocess.py:93} INFO - 11:48:39.104913 [debug] [Thread-2 (]: Began executing node model.ck_project.silver_payments
[2025-11-01T11:48:40.893+0000] {subprocess.py:93} INFO - 11:48:39.106742 [debug] [Thread-1 (]: Began executing node model.ck_project.silver_link_transactions
[2025-11-01T11:48:40.893+0000] {subprocess.py:93} INFO - 11:48:39.391672 [debug] [MainThread]: An error was encountered while trying to flush usage events
[2025-11-01T11:48:40.894+0000] {subprocess.py:93} INFO - 11:48:39.418126 [debug] [Thread-2 (]: Compilation Error in model silver_payments (models/silver/silver_payments.sql)
[2025-11-01T11:48:40.895+0000] {subprocess.py:93} INFO -   macro 'dbt_macro__clickhouse__create_table_as' takes not more than 2 argument(s)
[2025-11-01T11:48:40.895+0000] {subprocess.py:93} INFO - 
[2025-11-01T11:48:40.896+0000] {subprocess.py:93} INFO -   > in macro create_table_as (macros/relations/table/create.sql)
[2025-11-01T11:48:40.897+0000] {subprocess.py:93} INFO -   > called by macro default__get_create_table_as_sql (macros/relations/table/create.sql)
[2025-11-01T11:48:40.897+0000] {subprocess.py:93} INFO -   > called by macro get_create_table_as_sql (macros/relations/table/create.sql)
[2025-11-01T11:48:40.898+0000] {subprocess.py:93} INFO -   > called by macro statement (macros/etc/statement.sql)
[2025-11-01T11:48:40.898+0000] {subprocess.py:93} INFO -   > called by macro materialization_incremental_clickhouse (macros/materializations/incremental/incremental.sql)
[2025-11-01T11:48:40.898+0000] {subprocess.py:93} INFO -   > called by model silver_payments (models/silver/silver_payments.sql)
[2025-11-01T11:48:40.899+0000] {subprocess.py:93} INFO - 11:48:39.427141 [debug] [Thread-1 (]: Compilation Error in model silver_link_transactions (models/silver/silver_link_transactions.sql)
[2025-11-01T11:48:40.899+0000] {subprocess.py:93} INFO -   macro 'dbt_macro__clickhouse__create_table_as' takes not more than 2 argument(s)
[2025-11-01T11:48:40.900+0000] {subprocess.py:93} INFO - 
[2025-11-01T11:48:40.900+0000] {subprocess.py:93} INFO -   > in macro create_table_as (macros/relations/table/create.sql)
[2025-11-01T11:48:40.901+0000] {subprocess.py:93} INFO -   > called by macro default__get_create_table_as_sql (macros/relations/table/create.sql)
[2025-11-01T11:48:40.902+0000] {subprocess.py:93} INFO -   > called by macro get_create_table_as_sql (macros/relations/table/create.sql)
[2025-11-01T11:48:40.902+0000] {subprocess.py:93} INFO -   > called by macro statement (macros/etc/statement.sql)
[2025-11-01T11:48:40.903+0000] {subprocess.py:93} INFO -   > called by macro materialization_incremental_clickhouse (macros/materializations/incremental/incremental.sql)
[2025-11-01T11:48:40.904+0000] {subprocess.py:93} INFO -   > called by model silver_link_transactions (models/silver/silver_link_transactions.sql)
[2025-11-01T11:48:40.904+0000] {subprocess.py:93} INFO - 11:48:39.437546 [debug] [Thread-2 (]: Sending event: {'category': 'dbt', 'action': 'run_model', 'label': 'c0b1dacb-ff13-430b-ac11-8f31292ac6c9', 'context': [<snowplow_tracker.self_describing_json.SelfDescribingJson object at 0x71b6865dbcd0>]}
[2025-11-01T11:48:40.905+0000] {subprocess.py:93} INFO - 11:48:39.441614 [debug] [Thread-1 (]: Sending event: {'category': 'dbt', 'action': 'run_model', 'label': 'c0b1dacb-ff13-430b-ac11-8f31292ac6c9', 'context': [<snowplow_tracker.self_describing_json.SelfDescribingJson object at 0x71b68662b010>]}
[2025-11-01T11:48:40.905+0000] {subprocess.py:93} INFO - 11:48:39.453428 [error] [Thread-2 (]: 2 of 2 ERROR creating sql incremental model `silver`.`silver_payments` ......... [ERROR in 0.38s]
[2025-11-01T11:48:40.906+0000] {subprocess.py:93} INFO - 11:48:39.462556 [error] [Thread-1 (]: 1 of 2 ERROR creating sql incremental model `silver`.`silver_link_transactions`  [ERROR in 0.39s]
[2025-11-01T11:48:40.906+0000] {subprocess.py:93} INFO - 11:48:39.473221 [debug] [Thread-2 (]: Finished running node model.ck_project.silver_payments
[2025-11-01T11:48:40.907+0000] {subprocess.py:93} INFO - 11:48:39.475832 [debug] [Thread-1 (]: Finished running node model.ck_project.silver_link_transactions
[2025-11-01T11:48:40.907+0000] {subprocess.py:93} INFO - 11:48:39.480260 [debug] [Thread-7 (]: Marking all children of 'model.ck_project.silver_payments' to be skipped because of status 'error'.  Reason: Compilation Error in model silver_payments (models/silver/silver_payments.sql)
[2025-11-01T11:48:40.908+0000] {subprocess.py:93} INFO -   macro 'dbt_macro__clickhouse__create_table_as' takes not more than 2 argument(s)
[2025-11-01T11:48:40.908+0000] {subprocess.py:93} INFO - 
[2025-11-01T11:48:40.909+0000] {subprocess.py:93} INFO -   > in macro create_table_as (macros/relations/table/create.sql)
[2025-11-01T11:48:40.909+0000] {subprocess.py:93} INFO -   > called by macro default__get_create_table_as_sql (macros/relations/table/create.sql)
[2025-11-01T11:48:40.909+0000] {subprocess.py:93} INFO -   > called by macro get_create_table_as_sql (macros/relations/table/create.sql)
[2025-11-01T11:48:40.910+0000] {subprocess.py:93} INFO -   > called by macro statement (macros/etc/statement.sql)
[2025-11-01T11:48:40.910+0000] {subprocess.py:93} INFO -   > called by macro materialization_incremental_clickhouse (macros/materializations/incremental/incremental.sql)
[2025-11-01T11:48:40.911+0000] {subprocess.py:93} INFO -   > called by model silver_payments (models/silver/silver_payments.sql).
[2025-11-01T11:48:40.911+0000] {subprocess.py:93} INFO - 11:48:39.489848 [debug] [Thread-7 (]: Marking all children of 'model.ck_project.silver_link_transactions' to be skipped because of status 'error'.  Reason: Compilation Error in model silver_link_transactions (models/silver/silver_link_transactions.sql)
[2025-11-01T11:48:40.912+0000] {subprocess.py:93} INFO -   macro 'dbt_macro__clickhouse__create_table_as' takes not more than 2 argument(s)
[2025-11-01T11:48:40.913+0000] {subprocess.py:93} INFO - 
[2025-11-01T11:48:40.913+0000] {subprocess.py:93} INFO -   > in macro create_table_as (macros/relations/table/create.sql)
[2025-11-01T11:48:40.913+0000] {subprocess.py:93} INFO -   > called by macro default__get_create_table_as_sql (macros/relations/table/create.sql)
[2025-11-01T11:48:40.914+0000] {subprocess.py:93} INFO -   > called by macro get_create_table_as_sql (macros/relations/table/create.sql)
[2025-11-01T11:48:40.914+0000] {subprocess.py:93} INFO -   > called by macro statement (macros/etc/statement.sql)
[2025-11-01T11:48:40.915+0000] {subprocess.py:93} INFO -   > called by macro materialization_incremental_clickhouse (macros/materializations/incremental/incremental.sql)
[2025-11-01T11:48:40.915+0000] {subprocess.py:93} INFO -   > called by model silver_link_transactions (models/silver/silver_link_transactions.sql).
[2025-11-01T11:48:40.915+0000] {subprocess.py:93} INFO - 11:48:39.498438 [debug] [MainThread]: Connection 'master' was properly closed.
[2025-11-01T11:48:40.916+0000] {subprocess.py:93} INFO - 11:48:39.501455 [debug] [MainThread]: Connection 'model.ck_project.silver_link_transactions' was left open.
[2025-11-01T11:48:40.916+0000] {subprocess.py:93} INFO - 11:48:39.508084 [debug] [MainThread]: On model.ck_project.silver_link_transactions: Close
[2025-11-01T11:48:40.916+0000] {subprocess.py:93} INFO - 11:48:39.510451 [debug] [MainThread]: Connection 'model.ck_project.silver_payments' was properly closed.
[2025-11-01T11:48:40.917+0000] {subprocess.py:93} INFO - 11:48:39.513272 [info ] [MainThread]:
[2025-11-01T11:48:40.918+0000] {subprocess.py:93} INFO - 11:48:39.515793 [info ] [MainThread]: Finished running 2 incremental models in 0 hours 0 minutes and 0.91 seconds (0.91s).
[2025-11-01T11:48:40.919+0000] {subprocess.py:93} INFO - 11:48:39.520639 [debug] [MainThread]: Command end result
[2025-11-01T11:48:40.920+0000] {subprocess.py:93} INFO - 11:48:39.598551 [debug] [MainThread]: Wrote artifact WritableManifest to /dbt/target/manifest.json
[2025-11-01T11:48:40.921+0000] {subprocess.py:93} INFO - 11:48:39.612681 [debug] [MainThread]: Wrote artifact SemanticManifest to /dbt/target/semantic_manifest.json
[2025-11-01T11:48:40.921+0000] {subprocess.py:93} INFO - 11:48:39.633859 [debug] [MainThread]: Wrote artifact RunExecutionResult to /dbt/target/run_results.json
[2025-11-01T11:48:40.921+0000] {subprocess.py:93} INFO - 11:48:39.636661 [info ] [MainThread]:
[2025-11-01T11:48:40.922+0000] {subprocess.py:93} INFO - 11:48:39.638930 [info ] [MainThread]: Completed with 2 errors, 0 partial successes, and 0 warnings:
[2025-11-01T11:48:40.922+0000] {subprocess.py:93} INFO - 11:48:39.642123 [info ] [MainThread]:
[2025-11-01T11:48:40.922+0000] {subprocess.py:93} INFO - 11:48:39.644388 [error] [MainThread]: Failure in model silver_payments (models/silver/silver_payments.sql)
[2025-11-01T11:48:40.923+0000] {subprocess.py:93} INFO - 11:48:39.646339 [error] [MainThread]:   Compilation Error in model silver_payments (models/silver/silver_payments.sql)
[2025-11-01T11:48:40.923+0000] {subprocess.py:93} INFO -   macro 'dbt_macro__clickhouse__create_table_as' takes not more than 2 argument(s)
[2025-11-01T11:48:40.924+0000] {subprocess.py:93} INFO - 
[2025-11-01T11:48:40.924+0000] {subprocess.py:93} INFO -   > in macro create_table_as (macros/relations/table/create.sql)
[2025-11-01T11:48:40.924+0000] {subprocess.py:93} INFO -   > called by macro default__get_create_table_as_sql (macros/relations/table/create.sql)
[2025-11-01T11:48:40.925+0000] {subprocess.py:93} INFO -   > called by macro get_create_table_as_sql (macros/relations/table/create.sql)
[2025-11-01T11:48:40.925+0000] {subprocess.py:93} INFO -   > called by macro statement (macros/etc/statement.sql)
[2025-11-01T11:48:40.925+0000] {subprocess.py:93} INFO -   > called by macro materialization_incremental_clickhouse (macros/materializations/incremental/incremental.sql)
[2025-11-01T11:48:40.926+0000] {subprocess.py:93} INFO -   > called by model silver_payments (models/silver/silver_payments.sql)
[2025-11-01T11:48:40.926+0000] {subprocess.py:93} INFO - 11:48:39.647801 [info ] [MainThread]:
[2025-11-01T11:48:40.926+0000] {subprocess.py:93} INFO - 11:48:39.649520 [info ] [MainThread]:   compiled code at target/compiled/ck_project/models/silver/silver_payments.sql
[2025-11-01T11:48:40.927+0000] {subprocess.py:93} INFO - 11:48:39.652638 [info ] [MainThread]:
[2025-11-01T11:48:40.927+0000] {subprocess.py:93} INFO - 11:48:39.655474 [error] [MainThread]: Failure in model silver_link_transactions (models/silver/silver_link_transactions.sql)
[2025-11-01T11:48:40.928+0000] {subprocess.py:93} INFO - 11:48:39.657586 [error] [MainThread]:   Compilation Error in model silver_link_transactions (models/silver/silver_link_transactions.sql)
[2025-11-01T11:48:40.928+0000] {subprocess.py:93} INFO -   macro 'dbt_macro__clickhouse__create_table_as' takes not more than 2 argument(s)
[2025-11-01T11:48:40.928+0000] {subprocess.py:93} INFO - 
[2025-11-01T11:48:40.929+0000] {subprocess.py:93} INFO -   > in macro create_table_as (macros/relations/table/create.sql)
[2025-11-01T11:48:40.929+0000] {subprocess.py:93} INFO -   > called by macro default__get_create_table_as_sql (macros/relations/table/create.sql)
[2025-11-01T11:48:40.930+0000] {subprocess.py:93} INFO -   > called by macro get_create_table_as_sql (macros/relations/table/create.sql)
[2025-11-01T11:48:40.930+0000] {subprocess.py:93} INFO -   > called by macro statement (macros/etc/statement.sql)
[2025-11-01T11:48:40.930+0000] {subprocess.py:93} INFO -   > called by macro materialization_incremental_clickhouse (macros/materializations/incremental/incremental.sql)
[2025-11-01T11:48:40.931+0000] {subprocess.py:93} INFO -   > called by model silver_link_transactions (models/silver/silver_link_transactions.sql)
[2025-11-01T11:48:40.931+0000] {subprocess.py:93} INFO - 11:48:39.659327 [info ] [MainThread]:
[2025-11-01T11:48:40.932+0000] {subprocess.py:93} INFO - 11:48:39.661692 [info ] [MainThread]:   compiled code at target/compiled/ck_project/models/silver/silver_link_transactions.sql
[2025-11-01T11:48:40.932+0000] {subprocess.py:93} INFO - 11:48:39.664557 [info ] [MainThread]:
[2025-11-01T11:48:40.932+0000] {subprocess.py:93} INFO - 11:48:39.667044 [info ] [MainThread]: Done. PASS=0 WARN=0 ERROR=2 SKIP=0 NO-OP=0 TOTAL=2
[2025-11-01T11:48:40.933+0000] {subprocess.py:93} INFO - 11:48:39.670513 [debug] [MainThread]: Resource report: {"command_name": "run", "command_success": false, "command_wall_clock_time": 4.023951, "process_in_blocks": "0", "process_kernel_time": 0.447402, "process_mem_max_rss": "149648", "process_out_blocks": "0", "process_user_time": 4.913364}
[2025-11-01T11:48:40.933+0000] {subprocess.py:93} INFO - 11:48:39.672973 [debug] [MainThread]: Command `dbt run` failed at 11:48:39.672632 after 4.03 seconds
[2025-11-01T11:48:40.934+0000] {subprocess.py:93} INFO - 11:48:39.675331 [debug] [MainThread]: Sending event: {'category': 'dbt', 'action': 'invocation', 'label': 'end', 'context': [<snowplow_tracker.self_describing_json.SelfDescribingJson object at 0x71b6a5fc7950>, <snowplow_tracker.self_describing_json.SelfDescribingJson object at 0x71b6a5fc4c50>, <snowplow_tracker.self_describing_json.SelfDescribingJson object at 0x71b6a5f67e90>]}
[2025-11-01T11:48:40.934+0000] {subprocess.py:93} INFO - 11:48:39.677642 [debug] [MainThread]: Flushing usage events
[2025-11-01T11:48:40.935+0000] {subprocess.py:93} INFO - 11:48:40.223223 [debug] [MainThread]: An error was encountered while trying to flush usage events
[2025-11-01T11:48:40.936+0000] {subprocess.py:97} INFO - Command exited with return code 1
[2025-11-01T11:48:40.954+0000] {taskinstance.py:2698} ERROR - Task failed with exception
Traceback (most recent call last):
  File "/home/airflow/.local/lib/python3.8/site-packages/airflow/models/taskinstance.py", line 433, in _execute_task
    result = execute_callable(context=context, **execute_callable_kwargs)
  File "/home/airflow/.local/lib/python3.8/site-packages/airflow/operators/bash.py", line 212, in execute
    raise AirflowException(
airflow.exceptions.AirflowException: Bash command failed. The command returned a non-zero exit code 1.
[2025-11-01T11:48:40.960+0000] {taskinstance.py:1138} INFO - Marking task as UP_FOR_RETRY. dag_id=ingestion_pipeline, task_id=silver_dbt.dbt_run_incrementals, execution_date=20251101T114821, start_date=20251101T114826, end_date=20251101T114840
[2025-11-01T11:48:40.980+0000] {standard_task_runner.py:107} ERROR - Failed to execute job 59 for task silver_dbt.dbt_run_incrementals (Bash command failed. The command returned a non-zero exit code 1.; 1385)
[2025-11-01T11:48:41.019+0000] {local_task_job_runner.py:234} INFO - Task exited with return code 1
[2025-11-01T11:48:41.045+0000] {taskinstance.py:3280} INFO - 0 downstream tasks scheduled from follow-on schedule check
