[2025-11-01T11:53:41.607+0000] {taskinstance.py:1956} INFO - Dependencies all met for dep_context=non-requeueable deps ti=<TaskInstance: ingestion_pipeline.silver_dbt.dbt_run_incrementals manual__2025-11-01T11:48:21.369842+00:00 [queued]>
[2025-11-01T11:53:41.620+0000] {taskinstance.py:1956} INFO - Dependencies all met for dep_context=requeueable deps ti=<TaskInstance: ingestion_pipeline.silver_dbt.dbt_run_incrementals manual__2025-11-01T11:48:21.369842+00:00 [queued]>
[2025-11-01T11:53:41.621+0000] {taskinstance.py:2170} INFO - Starting attempt 2 of 2
[2025-11-01T11:53:41.637+0000] {taskinstance.py:2191} INFO - Executing <Task(BashOperator): silver_dbt.dbt_run_incrementals> on 2025-11-01 11:48:21.369842+00:00
[2025-11-01T11:53:41.646+0000] {standard_task_runner.py:60} INFO - Started process 1863 to run task
[2025-11-01T11:53:41.650+0000] {standard_task_runner.py:87} INFO - Running: ['***', 'tasks', 'run', 'ingestion_pipeline', 'silver_dbt.dbt_run_incrementals', 'manual__2025-11-01T11:48:21.369842+00:00', '--job-id', '72', '--raw', '--subdir', 'DAGS_FOLDER/ingestion_dag.py', '--cfg-path', '/tmp/tmpwtj0tpka']
[2025-11-01T11:53:41.653+0000] {standard_task_runner.py:88} INFO - Job 72: Subtask silver_dbt.dbt_run_incrementals
[2025-11-01T11:53:41.777+0000] {task_command.py:423} INFO - Running <TaskInstance: ingestion_pipeline.silver_dbt.dbt_run_incrementals manual__2025-11-01T11:48:21.369842+00:00 [running]> on host 6ac9b46937d1
[2025-11-01T11:53:41.890+0000] {taskinstance.py:2480} INFO - Exporting env vars: AIRFLOW_CTX_DAG_OWNER='***' AIRFLOW_CTX_DAG_ID='ingestion_pipeline' AIRFLOW_CTX_TASK_ID='silver_dbt.dbt_run_incrementals' AIRFLOW_CTX_EXECUTION_DATE='2025-11-01T11:48:21.369842+00:00' AIRFLOW_CTX_TRY_NUMBER='2' AIRFLOW_CTX_DAG_RUN_ID='manual__2025-11-01T11:48:21.369842+00:00'
[2025-11-01T11:53:41.893+0000] {subprocess.py:63} INFO - Tmp dir root location: /tmp
[2025-11-01T11:53:41.894+0000] {subprocess.py:75} INFO - Running command: ['/usr/bin/bash', '-c', 'docker exec -i dbt bash -lc \'set -euo pipefail\ncd /dbt\n\n# Build vars JSON deterministically via here-doc (avoids subshell quoting issues)\ncat > /tmp/dbt_vars.py <<"PY"\nfrom datetime import datetime, timedelta\nimport json\nds = "2025-11-01"\nlagged = (datetime.strptime(ds, "%Y-%m-%d") - timedelta(days=0)).strftime("%Y-%m-%d")\nprint(json.dumps({"ds_lagged": lagged}))\nPY\npython /tmp/dbt_vars.py > /tmp/dbt_vars.json\necho "dbt vars => $(cat /tmp/dbt_vars.json)"\n\n# 1) Compile so we always have files to inspect\ndbt --no-use-colors compile --profiles-dir /dbt --select silver_payments silver_link_transactions --vars "$(cat /tmp/dbt_vars.json)"\n\n# 2) Run; on error, print compiled SQL and log tail\nset +e\ndbt --no-use-colors run --profiles-dir /dbt --select silver_payments silver_link_transactions --vars "$(cat /tmp/dbt_vars.json)" --debug\nstatus=$?\nif [ $status -ne 0 ]; then\n  echo "---- COMPILED SQL: silver_payments ----";   cat target/compiled/*/models/silver/silver_payments.sql 2>/dev/null || true;   echo "---- COMPILED SQL: silver_link_transactions ----";   cat target/compiled/*/models/silver/silver_link_transactions.sql 2>/dev/null || true;   echo "---- LAST 200 LINES OF logs/dbt.log ----";   tail -n 200 logs/dbt.log 2>/dev/null || true; fi\nexit $status\n\'']
[2025-11-01T11:53:41.906+0000] {subprocess.py:86} INFO - Output:
[2025-11-01T11:53:42.032+0000] {subprocess.py:93} INFO - dbt vars => {"ds_lagged": "2025-11-01"}
[2025-11-01T11:53:43.520+0000] {subprocess.py:93} INFO - 11:53:43  Running with dbt=1.10.13
[2025-11-01T11:53:43.734+0000] {subprocess.py:93} INFO - 11:53:43  Registered adapter: clickhouse=1.9.5
[2025-11-01T11:53:43.888+0000] {subprocess.py:93} INFO - 11:53:43  Unable to do partial parsing because config vars, config profile, or config target have changed
[2025-11-01T11:53:45.177+0000] {subprocess.py:93} INFO - 11:53:45  Found 3 models, 3 sources, 491 macros
[2025-11-01T11:53:45.181+0000] {subprocess.py:93} INFO - 11:53:45
[2025-11-01T11:53:45.182+0000] {subprocess.py:93} INFO - 11:53:45  Concurrency: 4 threads (target='dev')
[2025-11-01T11:53:45.184+0000] {subprocess.py:93} INFO - 11:53:45
[2025-11-01T11:53:45.486+0000] {subprocess.py:93} INFO - Compiled node 'silver_payments' is:
[2025-11-01T11:53:45.486+0000] {subprocess.py:93} INFO - 
[2025-11-01T11:53:45.487+0000] {subprocess.py:93} INFO - 
[2025-11-01T11:53:45.487+0000] {subprocess.py:93} INFO - 
[2025-11-01T11:53:45.488+0000] {subprocess.py:93} INFO - 
[2025-11-01T11:53:45.488+0000] {subprocess.py:93} INFO - with raw as (
[2025-11-01T11:53:45.489+0000] {subprocess.py:93} INFO -     select
[2025-11-01T11:53:45.489+0000] {subprocess.py:93} INFO -         -- Cast IDs defensively
[2025-11-01T11:53:45.490+0000] {subprocess.py:93} INFO -         toUInt64OrNull(id)           as payment_id,
[2025-11-01T11:53:45.490+0000] {subprocess.py:93} INFO -         toUInt64OrNull(merchant_id)  as merchant_id,
[2025-11-01T11:53:45.490+0000] {subprocess.py:93} INFO -         toUInt64OrNull(acquirer_id)  as acquirer_id,
[2025-11-01T11:53:45.491+0000] {subprocess.py:93} INFO - 
[2025-11-01T11:53:45.491+0000] {subprocess.py:93} INFO - 
[2025-11-01T11:53:45.491+0000] {subprocess.py:93} INFO -         -- Strings only; avoid optional JSON columns for now
[2025-11-01T11:53:45.492+0000] {subprocess.py:93} INFO -         toLowCardinality(state)      as state,
[2025-11-01T11:53:45.492+0000] {subprocess.py:93} INFO -         toLowCardinality(card_type)  as card_type,
[2025-11-01T11:53:45.492+0000] {subprocess.py:93} INFO -         reference,
[2025-11-01T11:53:45.492+0000] {subprocess.py:93} INFO -         order_reference,
[2025-11-01T11:53:45.493+0000] {subprocess.py:93} INFO - 
[2025-11-01T11:53:45.494+0000] {subprocess.py:93} INFO - 
[2025-11-01T11:53:45.494+0000] {subprocess.py:93} INFO -         -- Normalize timestamps to string first
[2025-11-01T11:53:45.494+0000] {subprocess.py:93} INFO -         case
[2025-11-01T11:53:45.495+0000] {subprocess.py:93} INFO -             when toTypeName(created_at) like 'String%' then replaceRegexpAll(created_at, '\\s+UTC$', '')
[2025-11-01T11:53:45.495+0000] {subprocess.py:93} INFO -             else toString(created_at)
[2025-11-01T11:53:45.495+0000] {subprocess.py:93} INFO -         end as created_at_str,
[2025-11-01T11:53:45.496+0000] {subprocess.py:93} INFO - 
[2025-11-01T11:53:45.497+0000] {subprocess.py:93} INFO - 
[2025-11-01T11:53:45.497+0000] {subprocess.py:93} INFO -         case
[2025-11-01T11:53:45.497+0000] {subprocess.py:93} INFO -             when toTypeName(updated_at) like 'String%' then replaceRegexpAll(updated_at, '\\s+UTC$', '')
[2025-11-01T11:53:45.498+0000] {subprocess.py:93} INFO -             else toString(updated_at)
[2025-11-01T11:53:45.498+0000] {subprocess.py:93} INFO -         end as updated_at_str
[2025-11-01T11:53:45.498+0000] {subprocess.py:93} INFO -     from `bronze`.`payments`
[2025-11-01T11:53:45.499+0000] {subprocess.py:93} INFO - ),
[2025-11-01T11:53:45.499+0000] {subprocess.py:93} INFO - 
[2025-11-01T11:53:45.499+0000] {subprocess.py:93} INFO - 
[2025-11-01T11:53:45.500+0000] {subprocess.py:93} INFO - src as (
[2025-11-01T11:53:45.500+0000] {subprocess.py:93} INFO -     select
[2025-11-01T11:53:45.500+0000] {subprocess.py:93} INFO -         payment_id,
[2025-11-01T11:53:45.501+0000] {subprocess.py:93} INFO -         merchant_id,
[2025-11-01T11:53:45.503+0000] {subprocess.py:93} INFO -         acquirer_id,
[2025-11-01T11:53:45.503+0000] {subprocess.py:93} INFO -         state,
[2025-11-01T11:53:45.503+0000] {subprocess.py:93} INFO -         card_type,
[2025-11-01T11:53:45.504+0000] {subprocess.py:93} INFO -         reference,
[2025-11-01T11:53:45.504+0000] {subprocess.py:93} INFO -         order_reference,
[2025-11-01T11:53:45.504+0000] {subprocess.py:93} INFO -         parseDateTime64BestEffortOrNull(created_at_str, 6, 'UTC') as created_at,
[2025-11-01T11:53:45.505+0000] {subprocess.py:93} INFO -         parseDateTime64BestEffortOrNull(updated_at_str, 6, 'UTC') as updated_at
[2025-11-01T11:53:45.505+0000] {subprocess.py:93} INFO -     from raw
[2025-11-01T11:53:45.506+0000] {subprocess.py:93} INFO - ),
[2025-11-01T11:53:45.506+0000] {subprocess.py:93} INFO - 
[2025-11-01T11:53:45.507+0000] {subprocess.py:93} INFO - 
[2025-11-01T11:53:45.507+0000] {subprocess.py:93} INFO - ranked as (
[2025-11-01T11:53:45.508+0000] {subprocess.py:93} INFO -     select
[2025-11-01T11:53:45.508+0000] {subprocess.py:93} INFO -         *,
[2025-11-01T11:53:45.508+0000] {subprocess.py:93} INFO -         row_number() over (
[2025-11-01T11:53:45.509+0000] {subprocess.py:93} INFO -             partition by payment_id
[2025-11-01T11:53:45.509+0000] {subprocess.py:93} INFO -             order by
[2025-11-01T11:53:45.509+0000] {subprocess.py:93} INFO -                 coalesce(updated_at, toDateTime64('1970-01-01 00:00:00', 6, 'UTC')) desc,
[2025-11-01T11:53:45.510+0000] {subprocess.py:93} INFO -                 coalesce(created_at, toDateTime64('1970-01-01 00:00:00', 6, 'UTC')) desc
[2025-11-01T11:53:45.510+0000] {subprocess.py:93} INFO -         ) as rn
[2025-11-01T11:53:45.511+0000] {subprocess.py:93} INFO -     from src
[2025-11-01T11:53:45.511+0000] {subprocess.py:93} INFO - )
[2025-11-01T11:53:45.512+0000] {subprocess.py:93} INFO - 
[2025-11-01T11:53:45.513+0000] {subprocess.py:93} INFO - 
[2025-11-01T11:53:45.513+0000] {subprocess.py:93} INFO - select
[2025-11-01T11:53:45.513+0000] {subprocess.py:93} INFO -     payment_id,
[2025-11-01T11:53:45.513+0000] {subprocess.py:93} INFO -     merchant_id,
[2025-11-01T11:53:45.514+0000] {subprocess.py:93} INFO -     acquirer_id,
[2025-11-01T11:53:45.514+0000] {subprocess.py:93} INFO -     state,
[2025-11-01T11:53:45.514+0000] {subprocess.py:93} INFO -     card_type,
[2025-11-01T11:53:45.515+0000] {subprocess.py:93} INFO -     reference,
[2025-11-01T11:53:45.515+0000] {subprocess.py:93} INFO -     order_reference,
[2025-11-01T11:53:45.515+0000] {subprocess.py:93} INFO -     created_at,
[2025-11-01T11:53:45.516+0000] {subprocess.py:93} INFO -     updated_at,
[2025-11-01T11:53:45.517+0000] {subprocess.py:93} INFO -     toDate(created_at) as data_date
[2025-11-01T11:53:45.517+0000] {subprocess.py:93} INFO - from ranked
[2025-11-01T11:53:45.518+0000] {subprocess.py:93} INFO - where rn = 1
[2025-11-01T11:53:45.518+0000] {subprocess.py:93} INFO - 
[2025-11-01T11:53:48.047+0000] {subprocess.py:93} INFO - 11:53:48  Sending event: {'category': 'dbt', 'action': 'invocation', 'label': 'start', 'context': [<snowplow_tracker.self_describing_json.SelfDescribingJson object at 0x7ff53064dad0>, <snowplow_tracker.self_describing_json.SelfDescribingJson object at 0x7ff5307fa510>, <snowplow_tracker.self_describing_json.SelfDescribingJson object at 0x7ff53064db50>]}
[2025-11-01T11:53:48.052+0000] {subprocess.py:93} INFO - 11:53:48  Running with dbt=1.10.13
[2025-11-01T11:53:48.057+0000] {subprocess.py:93} INFO - 11:53:48  running dbt with arguments {'quiet': 'False', 'fail_fast': 'False', 'partial_parse': 'True', 'log_path': '/dbt/logs', 'write_json': 'True', 'empty': 'False', 'static_parser': 'True', 'warn_error': 'None', 'send_anonymous_usage_stats': 'True', 'target_path': 'None', 'log_format': 'default', 'indirect_selection': 'eager', 'use_experimental_parser': 'False', 'log_cache_events': 'False', 'no_print': 'None', 'printer_width': '80', 'debug': 'True', 'cache_selected_only': 'False', 'invocation_command': 'dbt --no-use-colors run --profiles-dir /dbt --select silver_payments silver_link_transactions --vars {"ds_lagged": "2025-11-01"} --debug', 'warn_error_options': 'WarnErrorOptionsV2(error=[], warn=[], silence=[])', 'version_check': 'True', 'introspect': 'True', 'profiles_dir': '/dbt', 'use_colors': 'False'}
[2025-11-01T11:53:48.310+0000] {subprocess.py:93} INFO - 11:53:48  Sending event: {'category': 'dbt', 'action': 'project_id', 'label': 'd924c2e7-e3ad-4bc0-a241-3360fbc39970', 'context': [<snowplow_tracker.self_describing_json.SelfDescribingJson object at 0x7ff5303fc050>]}
[2025-11-01T11:53:48.374+0000] {subprocess.py:93} INFO - 11:53:48  Sending event: {'category': 'dbt', 'action': 'adapter_info', 'label': 'd924c2e7-e3ad-4bc0-a241-3360fbc39970', 'context': [<snowplow_tracker.self_describing_json.SelfDescribingJson object at 0x7ff530bd8f90>]}
[2025-11-01T11:53:48.376+0000] {subprocess.py:93} INFO - 11:53:48  Registered adapter: clickhouse=1.9.5
[2025-11-01T11:53:48.454+0000] {subprocess.py:93} INFO - 11:53:48  checksum: df5618d293beeb6c481662c8f5b2c62e47cd82e3c2287fb14558bc1db743e452, vars: {'ds_lagged': '2025-11-01'}, profile: , target: , version: 1.10.13
[2025-11-01T11:53:48.644+0000] {subprocess.py:93} INFO - 11:53:48  Partial parsing enabled: 0 files deleted, 0 files added, 0 files changed.
[2025-11-01T11:53:48.645+0000] {subprocess.py:93} INFO - 11:53:48  Partial parsing enabled, no changes found, skipping parsing
[2025-11-01T11:53:48.688+0000] {subprocess.py:93} INFO - 11:53:48  Sending event: {'category': 'dbt', 'action': 'load_project', 'label': 'd924c2e7-e3ad-4bc0-a241-3360fbc39970', 'context': [<snowplow_tracker.self_describing_json.SelfDescribingJson object at 0x7ff530131110>]}
[2025-11-01T11:53:48.785+0000] {subprocess.py:93} INFO - 11:53:48  Wrote artifact WritableManifest to /dbt/target/manifest.json
[2025-11-01T11:53:48.797+0000] {subprocess.py:93} INFO - 11:53:48  Wrote artifact SemanticManifest to /dbt/target/semantic_manifest.json
[2025-11-01T11:53:48.820+0000] {subprocess.py:93} INFO - 11:53:48  Sending event: {'category': 'dbt', 'action': 'resource_counts', 'label': 'd924c2e7-e3ad-4bc0-a241-3360fbc39970', 'context': [<snowplow_tracker.self_describing_json.SelfDescribingJson object at 0x7ff5301669d0>]}
[2025-11-01T11:53:48.823+0000] {subprocess.py:93} INFO - 11:53:48  Found 3 models, 3 sources, 491 macros
[2025-11-01T11:53:48.824+0000] {subprocess.py:93} INFO - 11:53:48  Sending event: {'category': 'dbt', 'action': 'runnable_timing', 'label': 'd924c2e7-e3ad-4bc0-a241-3360fbc39970', 'context': [<snowplow_tracker.self_describing_json.SelfDescribingJson object at 0x7ff53044e850>]}
[2025-11-01T11:53:48.827+0000] {subprocess.py:93} INFO - 11:53:48
[2025-11-01T11:53:48.829+0000] {subprocess.py:93} INFO - 11:53:48  Concurrency: 4 threads (target='dev')
[2025-11-01T11:53:48.831+0000] {subprocess.py:93} INFO - 11:53:48
[2025-11-01T11:53:48.833+0000] {subprocess.py:93} INFO - 11:53:48  Acquiring new clickhouse connection 'master'
[2025-11-01T11:53:48.845+0000] {subprocess.py:93} INFO - 11:53:48  Acquiring new clickhouse connection 'list_'
[2025-11-01T11:53:48.863+0000] {subprocess.py:93} INFO - 11:53:48  Opening a new connection, currently in state init
[2025-11-01T11:53:49.053+0000] {subprocess.py:93} INFO - 11:53:49  dbt_clickhouse adapter: On list_: /* {"app": "dbt", "dbt_version": "1.10.13", "profile_name": "ck_project", "target_name": "dev", "connection_name": "list_"} */
[2025-11-01T11:53:49.054+0000] {subprocess.py:93} INFO - 
[2025-11-01T11:53:49.055+0000] {subprocess.py:93} INFO -     select name from system.databases
[2025-11-01T11:53:49.055+0000] {subprocess.py:93} INFO -   ...
[2025-11-01T11:53:49.058+0000] {subprocess.py:93} INFO - 11:53:49  dbt_clickhouse adapter: SQL status: OK in 0.00 seconds
[2025-11-01T11:53:49.094+0000] {subprocess.py:93} INFO - 11:53:49  Re-using an available connection from the pool (formerly list_, now list__silver)
[2025-11-01T11:53:49.101+0000] {subprocess.py:93} INFO - 11:53:49  dbt_clickhouse adapter: On list__silver: /* {"app": "dbt", "dbt_version": "1.10.13", "profile_name": "ck_project", "target_name": "dev", "connection_name": "list__silver"} */
[2025-11-01T11:53:49.102+0000] {subprocess.py:93} INFO - select
[2025-11-01T11:53:49.103+0000] {subprocess.py:93} INFO -       t.name as name,
[2025-11-01T11:53:49.103+0000] {subprocess.py:93} INFO -       t.database as schema,
[2025-11-01T11:53:49.104+0000] {subprocess.py:93} INFO -       multiIf(
[2025-11-01T11:53:49.104+0000] {subprocess.py:93} INFO -         engine in ('MaterializedView', 'View'), 'view',
[2025-11-01T11:53:49.105+0000] {subprocess.py:93} INFO -         engine = 'Dictionary', 'dictionary',
[2025-11-01T11:53:49.105+0000] {subprocess.py:93} INFO -         'table'
[2025-11-01T11:53:49.105+0000] {subprocess.py:93} INFO -       ) as type,
[2025-11-01T11:53:49.106+0000] {subprocess.py:93} INFO -       db.engine as db_engine,0 as is_on_cluster
[2025-11-01T11:53:49.106+0000] {subprocess.py:93} INFO -           from system.tables as t join system.databases as db on t.database = db.name
[2025-11-01T11:53:49.107+0000] {subprocess.py:93} INFO -         where schema = 'silver'
[2025-11-01T11:53:49.107+0000] {subprocess.py:93} INFO - 
[2025-11-01T11:53:49.108+0000] {subprocess.py:93} INFO - 
[2025-11-01T11:53:49.108+0000] {subprocess.py:93} INFO -   ...
[2025-11-01T11:53:49.108+0000] {subprocess.py:93} INFO - 11:53:49  dbt_clickhouse adapter: SQL status: OK in 0.00 seconds
[2025-11-01T11:53:49.110+0000] {subprocess.py:93} INFO - 11:53:49  Sending event: {'category': 'dbt', 'action': 'runnable_timing', 'label': 'd924c2e7-e3ad-4bc0-a241-3360fbc39970', 'context': [<snowplow_tracker.self_describing_json.SelfDescribingJson object at 0x7ff530c326d0>]}
[2025-11-01T11:53:49.116+0000] {subprocess.py:93} INFO - 11:53:49  Began running node model.ck_project.silver_link_transactions
[2025-11-01T11:53:49.117+0000] {subprocess.py:93} INFO - 11:53:49  Began running node model.ck_project.silver_payments
[2025-11-01T11:53:49.118+0000] {subprocess.py:93} INFO - 11:53:49  1 of 2 START sql incremental model `silver`.`silver_link_transactions` ......... [RUN]
[2025-11-01T11:53:49.119+0000] {subprocess.py:93} INFO - 11:53:49  2 of 2 START sql incremental model `silver`.`silver_payments` .................. [RUN]
[2025-11-01T11:53:49.121+0000] {subprocess.py:93} INFO - 11:53:49  Re-using an available connection from the pool (formerly list__silver, now model.ck_project.silver_link_transactions)
[2025-11-01T11:53:49.123+0000] {subprocess.py:93} INFO - 11:53:49  Acquiring new clickhouse connection 'model.ck_project.silver_payments'
[2025-11-01T11:53:49.124+0000] {subprocess.py:93} INFO - 11:53:49  Began compiling node model.ck_project.silver_link_transactions
[2025-11-01T11:53:49.125+0000] {subprocess.py:93} INFO - 11:53:49  Began compiling node model.ck_project.silver_payments
[2025-11-01T11:53:49.139+0000] {subprocess.py:93} INFO - 11:53:49  Writing injected SQL for node "model.ck_project.silver_link_transactions"
[2025-11-01T11:53:49.144+0000] {subprocess.py:93} INFO - 11:53:49  Writing injected SQL for node "model.ck_project.silver_payments"
[2025-11-01T11:53:49.150+0000] {subprocess.py:93} INFO - 11:53:49  Began executing node model.ck_project.silver_link_transactions
[2025-11-01T11:53:49.150+0000] {subprocess.py:93} INFO - 11:53:49  Began executing node model.ck_project.silver_payments
[2025-11-01T11:53:49.301+0000] {subprocess.py:93} INFO - 11:53:49  Compilation Error in model silver_link_transactions (models/silver/silver_link_transactions.sql)
[2025-11-01T11:53:49.302+0000] {subprocess.py:93} INFO -   macro 'dbt_macro__clickhouse__create_table_as' takes not more than 2 argument(s)
[2025-11-01T11:53:49.303+0000] {subprocess.py:93} INFO - 
[2025-11-01T11:53:49.303+0000] {subprocess.py:93} INFO -   > in macro create_table_as (macros/relations/table/create.sql)
[2025-11-01T11:53:49.303+0000] {subprocess.py:93} INFO -   > called by macro default__get_create_table_as_sql (macros/relations/table/create.sql)
[2025-11-01T11:53:49.304+0000] {subprocess.py:93} INFO -   > called by macro get_create_table_as_sql (macros/relations/table/create.sql)
[2025-11-01T11:53:49.304+0000] {subprocess.py:93} INFO -   > called by macro statement (macros/etc/statement.sql)
[2025-11-01T11:53:49.305+0000] {subprocess.py:93} INFO -   > called by macro materialization_incremental_clickhouse (macros/materializations/incremental/incremental.sql)
[2025-11-01T11:53:49.305+0000] {subprocess.py:93} INFO -   > called by model silver_link_transactions (models/silver/silver_link_transactions.sql)
[2025-11-01T11:53:49.306+0000] {subprocess.py:93} INFO - 11:53:49  Compilation Error in model silver_payments (models/silver/silver_payments.sql)
[2025-11-01T11:53:49.306+0000] {subprocess.py:93} INFO -   macro 'dbt_macro__clickhouse__create_table_as' takes not more than 2 argument(s)
[2025-11-01T11:53:49.307+0000] {subprocess.py:93} INFO - 
[2025-11-01T11:53:49.307+0000] {subprocess.py:93} INFO -   > in macro create_table_as (macros/relations/table/create.sql)
[2025-11-01T11:53:49.307+0000] {subprocess.py:93} INFO -   > called by macro default__get_create_table_as_sql (macros/relations/table/create.sql)
[2025-11-01T11:53:49.308+0000] {subprocess.py:93} INFO -   > called by macro get_create_table_as_sql (macros/relations/table/create.sql)
[2025-11-01T11:53:49.308+0000] {subprocess.py:93} INFO -   > called by macro statement (macros/etc/statement.sql)
[2025-11-01T11:53:49.309+0000] {subprocess.py:93} INFO -   > called by macro materialization_incremental_clickhouse (macros/materializations/incremental/incremental.sql)
[2025-11-01T11:53:49.309+0000] {subprocess.py:93} INFO -   > called by model silver_payments (models/silver/silver_payments.sql)
[2025-11-01T11:53:49.310+0000] {subprocess.py:93} INFO - 11:53:49  Sending event: {'category': 'dbt', 'action': 'run_model', 'label': 'd924c2e7-e3ad-4bc0-a241-3360fbc39970', 'context': [<snowplow_tracker.self_describing_json.SelfDescribingJson object at 0x7ff530233d10>]}
[2025-11-01T11:53:49.310+0000] {subprocess.py:93} INFO - 11:53:49  Sending event: {'category': 'dbt', 'action': 'run_model', 'label': 'd924c2e7-e3ad-4bc0-a241-3360fbc39970', 'context': [<snowplow_tracker.self_describing_json.SelfDescribingJson object at 0x7ff530680210>]}
[2025-11-01T11:53:49.311+0000] {subprocess.py:93} INFO - 11:53:49  1 of 2 ERROR creating sql incremental model `silver`.`silver_link_transactions`  [ERROR in 0.18s]
[2025-11-01T11:53:49.312+0000] {subprocess.py:93} INFO - 11:53:49  2 of 2 ERROR creating sql incremental model `silver`.`silver_payments` ......... [ERROR in 0.19s]
[2025-11-01T11:53:49.313+0000] {subprocess.py:93} INFO - 11:53:49  Finished running node model.ck_project.silver_link_transactions
[2025-11-01T11:53:49.317+0000] {subprocess.py:93} INFO - 11:53:49  Finished running node model.ck_project.silver_payments
[2025-11-01T11:53:49.319+0000] {subprocess.py:93} INFO - 11:53:49  Marking all children of 'model.ck_project.silver_link_transactions' to be skipped because of status 'error'.  Reason: Compilation Error in model silver_link_transactions (models/silver/silver_link_transactions.sql)
[2025-11-01T11:53:49.320+0000] {subprocess.py:93} INFO -   macro 'dbt_macro__clickhouse__create_table_as' takes not more than 2 argument(s)
[2025-11-01T11:53:49.321+0000] {subprocess.py:93} INFO - 
[2025-11-01T11:53:49.322+0000] {subprocess.py:93} INFO -   > in macro create_table_as (macros/relations/table/create.sql)
[2025-11-01T11:53:49.323+0000] {subprocess.py:93} INFO -   > called by macro default__get_create_table_as_sql (macros/relations/table/create.sql)
[2025-11-01T11:53:49.323+0000] {subprocess.py:93} INFO -   > called by macro get_create_table_as_sql (macros/relations/table/create.sql)
[2025-11-01T11:53:49.324+0000] {subprocess.py:93} INFO -   > called by macro statement (macros/etc/statement.sql)
[2025-11-01T11:53:49.324+0000] {subprocess.py:93} INFO -   > called by macro materialization_incremental_clickhouse (macros/materializations/incremental/incremental.sql)
[2025-11-01T11:53:49.325+0000] {subprocess.py:93} INFO -   > called by model silver_link_transactions (models/silver/silver_link_transactions.sql).
[2025-11-01T11:53:49.325+0000] {subprocess.py:93} INFO - 11:53:49  Marking all children of 'model.ck_project.silver_payments' to be skipped because of status 'error'.  Reason: Compilation Error in model silver_payments (models/silver/silver_payments.sql)
[2025-11-01T11:53:49.326+0000] {subprocess.py:93} INFO -   macro 'dbt_macro__clickhouse__create_table_as' takes not more than 2 argument(s)
[2025-11-01T11:53:49.326+0000] {subprocess.py:93} INFO - 
[2025-11-01T11:53:49.327+0000] {subprocess.py:93} INFO -   > in macro create_table_as (macros/relations/table/create.sql)
[2025-11-01T11:53:49.327+0000] {subprocess.py:93} INFO -   > called by macro default__get_create_table_as_sql (macros/relations/table/create.sql)
[2025-11-01T11:53:49.328+0000] {subprocess.py:93} INFO -   > called by macro get_create_table_as_sql (macros/relations/table/create.sql)
[2025-11-01T11:53:49.328+0000] {subprocess.py:93} INFO -   > called by macro statement (macros/etc/statement.sql)
[2025-11-01T11:53:49.329+0000] {subprocess.py:93} INFO -   > called by macro materialization_incremental_clickhouse (macros/materializations/incremental/incremental.sql)
[2025-11-01T11:53:49.330+0000] {subprocess.py:93} INFO -   > called by model silver_payments (models/silver/silver_payments.sql).
[2025-11-01T11:53:49.330+0000] {subprocess.py:93} INFO - 11:53:49  Connection 'master' was properly closed.
[2025-11-01T11:53:49.331+0000] {subprocess.py:93} INFO - 11:53:49  Connection 'model.ck_project.silver_link_transactions' was left open.
[2025-11-01T11:53:49.331+0000] {subprocess.py:93} INFO - 11:53:49  On model.ck_project.silver_link_transactions: Close
[2025-11-01T11:53:49.332+0000] {subprocess.py:93} INFO - 11:53:49  Connection 'model.ck_project.silver_payments' was properly closed.
[2025-11-01T11:53:49.333+0000] {subprocess.py:93} INFO - 11:53:49
[2025-11-01T11:53:49.333+0000] {subprocess.py:93} INFO - 11:53:49  Finished running 2 incremental models in 0 hours 0 minutes and 0.50 seconds (0.50s).
[2025-11-01T11:53:49.335+0000] {subprocess.py:93} INFO - 11:53:49  Command end result
[2025-11-01T11:53:49.373+0000] {subprocess.py:93} INFO - 11:53:49  Wrote artifact WritableManifest to /dbt/target/manifest.json
[2025-11-01T11:53:49.379+0000] {subprocess.py:93} INFO - 11:53:49  Wrote artifact SemanticManifest to /dbt/target/semantic_manifest.json
[2025-11-01T11:53:49.392+0000] {subprocess.py:93} INFO - 11:53:49  Wrote artifact RunExecutionResult to /dbt/target/run_results.json
[2025-11-01T11:53:49.393+0000] {subprocess.py:93} INFO - 11:53:49
[2025-11-01T11:53:49.395+0000] {subprocess.py:93} INFO - 11:53:49  Completed with 2 errors, 0 partial successes, and 0 warnings:
[2025-11-01T11:53:49.397+0000] {subprocess.py:93} INFO - 11:53:49
[2025-11-01T11:53:49.398+0000] {subprocess.py:93} INFO - 11:53:49  Failure in model silver_link_transactions (models/silver/silver_link_transactions.sql)
[2025-11-01T11:53:49.399+0000] {subprocess.py:93} INFO - 11:53:49    Compilation Error in model silver_link_transactions (models/silver/silver_link_transactions.sql)
[2025-11-01T11:53:49.400+0000] {subprocess.py:93} INFO -   macro 'dbt_macro__clickhouse__create_table_as' takes not more than 2 argument(s)
[2025-11-01T11:53:49.401+0000] {subprocess.py:93} INFO - 
[2025-11-01T11:53:49.402+0000] {subprocess.py:93} INFO -   > in macro create_table_as (macros/relations/table/create.sql)
[2025-11-01T11:53:49.402+0000] {subprocess.py:93} INFO -   > called by macro default__get_create_table_as_sql (macros/relations/table/create.sql)
[2025-11-01T11:53:49.403+0000] {subprocess.py:93} INFO -   > called by macro get_create_table_as_sql (macros/relations/table/create.sql)
[2025-11-01T11:53:49.403+0000] {subprocess.py:93} INFO -   > called by macro statement (macros/etc/statement.sql)
[2025-11-01T11:53:49.404+0000] {subprocess.py:93} INFO -   > called by macro materialization_incremental_clickhouse (macros/materializations/incremental/incremental.sql)
[2025-11-01T11:53:49.404+0000] {subprocess.py:93} INFO -   > called by model silver_link_transactions (models/silver/silver_link_transactions.sql)
[2025-11-01T11:53:49.405+0000] {subprocess.py:93} INFO - 11:53:49
[2025-11-01T11:53:49.405+0000] {subprocess.py:93} INFO - 11:53:49    compiled code at target/compiled/ck_project/models/silver/silver_link_transactions.sql
[2025-11-01T11:53:49.406+0000] {subprocess.py:93} INFO - 11:53:49
[2025-11-01T11:53:49.406+0000] {subprocess.py:93} INFO - 11:53:49  Failure in model silver_payments (models/silver/silver_payments.sql)
[2025-11-01T11:53:49.407+0000] {subprocess.py:93} INFO - 11:53:49    Compilation Error in model silver_payments (models/silver/silver_payments.sql)
[2025-11-01T11:53:49.407+0000] {subprocess.py:93} INFO -   macro 'dbt_macro__clickhouse__create_table_as' takes not more than 2 argument(s)
[2025-11-01T11:53:49.408+0000] {subprocess.py:93} INFO - 
[2025-11-01T11:53:49.408+0000] {subprocess.py:93} INFO -   > in macro create_table_as (macros/relations/table/create.sql)
[2025-11-01T11:53:49.409+0000] {subprocess.py:93} INFO -   > called by macro default__get_create_table_as_sql (macros/relations/table/create.sql)
[2025-11-01T11:53:49.410+0000] {subprocess.py:93} INFO -   > called by macro get_create_table_as_sql (macros/relations/table/create.sql)
[2025-11-01T11:53:49.410+0000] {subprocess.py:93} INFO -   > called by macro statement (macros/etc/statement.sql)
[2025-11-01T11:53:49.411+0000] {subprocess.py:93} INFO -   > called by macro materialization_incremental_clickhouse (macros/materializations/incremental/incremental.sql)
[2025-11-01T11:53:49.412+0000] {subprocess.py:93} INFO -   > called by model silver_payments (models/silver/silver_payments.sql)
[2025-11-01T11:53:49.412+0000] {subprocess.py:93} INFO - 11:53:49
[2025-11-01T11:53:49.412+0000] {subprocess.py:93} INFO - 11:53:49    compiled code at target/compiled/ck_project/models/silver/silver_payments.sql
[2025-11-01T11:53:49.413+0000] {subprocess.py:93} INFO - 11:53:49
[2025-11-01T11:53:49.413+0000] {subprocess.py:93} INFO - 11:53:49  Done. PASS=0 WARN=0 ERROR=2 SKIP=0 NO-OP=0 TOTAL=2
[2025-11-01T11:53:49.414+0000] {subprocess.py:93} INFO - 11:53:49  Resource report: {"command_name": "run", "command_success": false, "command_wall_clock_time": 1.487542, "process_in_blocks": "0", "process_kernel_time": 0.31956, "process_mem_max_rss": "143448", "process_out_blocks": "0", "process_user_time": 2.352764}
[2025-11-01T11:53:49.415+0000] {subprocess.py:93} INFO - 11:53:49  Command `dbt run` failed at 11:53:49.414545 after 1.49 seconds
[2025-11-01T11:53:49.416+0000] {subprocess.py:93} INFO - 11:53:49  Sending event: {'category': 'dbt', 'action': 'invocation', 'label': 'end', 'context': [<snowplow_tracker.self_describing_json.SelfDescribingJson object at 0x7ff5304d2e50>, <snowplow_tracker.self_describing_json.SelfDescribingJson object at 0x7ff532e930d0>, <snowplow_tracker.self_describing_json.SelfDescribingJson object at 0x7ff531948c50>]}
[2025-11-01T11:53:49.418+0000] {subprocess.py:93} INFO - 11:53:49  Flushing usage events
[2025-11-01T11:53:49.900+0000] {subprocess.py:93} INFO - 11:53:49  An error was encountered while trying to flush usage events
[2025-11-01T11:53:50.258+0000] {subprocess.py:93} INFO - ---- COMPILED SQL: silver_payments ----
[2025-11-01T11:53:50.276+0000] {subprocess.py:93} INFO - 
[2025-11-01T11:53:50.277+0000] {subprocess.py:93} INFO - 
[2025-11-01T11:53:50.277+0000] {subprocess.py:93} INFO - 
[2025-11-01T11:53:50.278+0000] {subprocess.py:93} INFO - 
[2025-11-01T11:53:50.278+0000] {subprocess.py:93} INFO - with raw as (
[2025-11-01T11:53:50.279+0000] {subprocess.py:93} INFO -     select
[2025-11-01T11:53:50.279+0000] {subprocess.py:93} INFO -         -- Cast IDs defensively
[2025-11-01T11:53:50.279+0000] {subprocess.py:93} INFO -         toUInt64OrNull(id)           as payment_id,
[2025-11-01T11:53:50.280+0000] {subprocess.py:93} INFO -         toUInt64OrNull(merchant_id)  as merchant_id,
[2025-11-01T11:53:50.280+0000] {subprocess.py:93} INFO -         toUInt64OrNull(acquirer_id)  as acquirer_id,
[2025-11-01T11:53:50.281+0000] {subprocess.py:93} INFO - 
[2025-11-01T11:53:50.281+0000] {subprocess.py:93} INFO - 
[2025-11-01T11:53:50.282+0000] {subprocess.py:93} INFO -         -- Strings only; avoid optional JSON columns for now
[2025-11-01T11:53:50.282+0000] {subprocess.py:93} INFO -         toLowCardinality(state)      as state,
[2025-11-01T11:53:50.283+0000] {subprocess.py:93} INFO -         toLowCardinality(card_type)  as card_type,
[2025-11-01T11:53:50.283+0000] {subprocess.py:93} INFO -         reference,
[2025-11-01T11:53:50.283+0000] {subprocess.py:93} INFO -         order_reference,
[2025-11-01T11:53:50.284+0000] {subprocess.py:93} INFO - 
[2025-11-01T11:53:50.284+0000] {subprocess.py:93} INFO - 
[2025-11-01T11:53:50.284+0000] {subprocess.py:93} INFO -         -- Normalize timestamps to string first
[2025-11-01T11:53:50.285+0000] {subprocess.py:93} INFO -         case
[2025-11-01T11:53:50.285+0000] {subprocess.py:93} INFO -             when toTypeName(created_at) like 'String%' then replaceRegexpAll(created_at, '\\s+UTC$', '')
[2025-11-01T11:53:50.285+0000] {subprocess.py:93} INFO -             else toString(created_at)
[2025-11-01T11:53:50.286+0000] {subprocess.py:93} INFO -         end as created_at_str,
[2025-11-01T11:53:50.286+0000] {subprocess.py:93} INFO - 
[2025-11-01T11:53:50.286+0000] {subprocess.py:93} INFO - 
[2025-11-01T11:53:50.287+0000] {subprocess.py:93} INFO -         case
[2025-11-01T11:53:50.287+0000] {subprocess.py:93} INFO -             when toTypeName(updated_at) like 'String%' then replaceRegexpAll(updated_at, '\\s+UTC$', '')
[2025-11-01T11:53:50.287+0000] {subprocess.py:93} INFO -             else toString(updated_at)
[2025-11-01T11:53:50.288+0000] {subprocess.py:93} INFO -         end as updated_at_str
[2025-11-01T11:53:50.288+0000] {subprocess.py:93} INFO -     from `bronze`.`payments`
[2025-11-01T11:53:50.288+0000] {subprocess.py:93} INFO - ),
[2025-11-01T11:53:50.289+0000] {subprocess.py:93} INFO - 
[2025-11-01T11:53:50.289+0000] {subprocess.py:93} INFO - 
[2025-11-01T11:53:50.289+0000] {subprocess.py:93} INFO - src as (
[2025-11-01T11:53:50.290+0000] {subprocess.py:93} INFO -     select
[2025-11-01T11:53:50.290+0000] {subprocess.py:93} INFO -         payment_id,
[2025-11-01T11:53:50.291+0000] {subprocess.py:93} INFO -         merchant_id,
[2025-11-01T11:53:50.292+0000] {subprocess.py:93} INFO -         acquirer_id,
[2025-11-01T11:53:50.292+0000] {subprocess.py:93} INFO -         state,
[2025-11-01T11:53:50.292+0000] {subprocess.py:93} INFO -         card_type,
[2025-11-01T11:53:50.293+0000] {subprocess.py:93} INFO -         reference,
[2025-11-01T11:53:50.293+0000] {subprocess.py:93} INFO -         order_reference,
[2025-11-01T11:53:50.293+0000] {subprocess.py:93} INFO -         parseDateTime64BestEffortOrNull(created_at_str, 6, 'UTC') as created_at,
[2025-11-01T11:53:50.294+0000] {subprocess.py:93} INFO -         parseDateTime64BestEffortOrNull(updated_at_str, 6, 'UTC') as updated_at
[2025-11-01T11:53:50.294+0000] {subprocess.py:93} INFO -     from raw
[2025-11-01T11:53:50.295+0000] {subprocess.py:93} INFO - ),
[2025-11-01T11:53:50.295+0000] {subprocess.py:93} INFO - 
[2025-11-01T11:53:50.295+0000] {subprocess.py:93} INFO - 
[2025-11-01T11:53:50.295+0000] {subprocess.py:93} INFO - ranked as (
[2025-11-01T11:53:50.296+0000] {subprocess.py:93} INFO -     select
[2025-11-01T11:53:50.296+0000] {subprocess.py:93} INFO -         *,
[2025-11-01T11:53:50.296+0000] {subprocess.py:93} INFO -         row_number() over (
[2025-11-01T11:53:50.297+0000] {subprocess.py:93} INFO -             partition by payment_id
[2025-11-01T11:53:50.297+0000] {subprocess.py:93} INFO -             order by
[2025-11-01T11:53:50.298+0000] {subprocess.py:93} INFO -                 coalesce(updated_at, toDateTime64('1970-01-01 00:00:00', 6, 'UTC')) desc,
[2025-11-01T11:53:50.298+0000] {subprocess.py:93} INFO -                 coalesce(created_at, toDateTime64('1970-01-01 00:00:00', 6, 'UTC')) desc
[2025-11-01T11:53:50.299+0000] {subprocess.py:93} INFO -         ) as rn
[2025-11-01T11:53:50.299+0000] {subprocess.py:93} INFO -     from src
[2025-11-01T11:53:50.300+0000] {subprocess.py:93} INFO - )
[2025-11-01T11:53:50.300+0000] {subprocess.py:93} INFO - 
[2025-11-01T11:53:50.301+0000] {subprocess.py:93} INFO - 
[2025-11-01T11:53:50.301+0000] {subprocess.py:93} INFO - select
[2025-11-01T11:53:50.302+0000] {subprocess.py:93} INFO -     payment_id,
[2025-11-01T11:53:50.303+0000] {subprocess.py:93} INFO -     merchant_id,
[2025-11-01T11:53:50.303+0000] {subprocess.py:93} INFO -     acquirer_id,
[2025-11-01T11:53:50.303+0000] {subprocess.py:93} INFO -     state,
[2025-11-01T11:53:50.304+0000] {subprocess.py:93} INFO -     card_type,
[2025-11-01T11:53:50.304+0000] {subprocess.py:93} INFO -     reference,
[2025-11-01T11:53:50.305+0000] {subprocess.py:93} INFO -     order_reference,
[2025-11-01T11:53:50.306+0000] {subprocess.py:93} INFO -     created_at,
[2025-11-01T11:53:50.307+0000] {subprocess.py:93} INFO -     updated_at,
[2025-11-01T11:53:50.309+0000] {subprocess.py:93} INFO -     toDate(created_at) as data_date
[2025-11-01T11:53:50.310+0000] {subprocess.py:93} INFO - from ranked
[2025-11-01T11:53:50.311+0000] {subprocess.py:93} INFO - where rn = 1
[2025-11-01T11:53:50.311+0000] {subprocess.py:93} INFO - ---- COMPILED SQL: silver_link_transactions ----
[2025-11-01T11:53:50.312+0000] {subprocess.py:93} INFO - 
[2025-11-01T11:53:50.314+0000] {subprocess.py:93} INFO - 
[2025-11-01T11:53:50.315+0000] {subprocess.py:93} INFO - 
[2025-11-01T11:53:50.316+0000] {subprocess.py:93} INFO - 
[2025-11-01T11:53:50.317+0000] {subprocess.py:93} INFO - 
[2025-11-01T11:53:50.317+0000] {subprocess.py:93} INFO - 
[2025-11-01T11:53:50.317+0000] {subprocess.py:93} INFO - with src as (
[2025-11-01T11:53:50.318+0000] {subprocess.py:93} INFO -     select
[2025-11-01T11:53:50.318+0000] {subprocess.py:93} INFO -         id,
[2025-11-01T11:53:50.319+0000] {subprocess.py:93} INFO -         state,
[2025-11-01T11:53:50.319+0000] {subprocess.py:93} INFO -         linkpay_reference,
[2025-11-01T11:53:50.319+0000] {subprocess.py:93} INFO -         payment_details,         -- keep raw; parse later if stable
[2025-11-01T11:53:50.320+0000] {subprocess.py:93} INFO -         created_at,
[2025-11-01T11:53:50.320+0000] {subprocess.py:93} INFO -         updated_at,
[2025-11-01T11:53:50.320+0000] {subprocess.py:93} INFO -         _ingested_at,
[2025-11-01T11:53:50.321+0000] {subprocess.py:93} INFO -         _source_file
[2025-11-01T11:53:50.321+0000] {subprocess.py:93} INFO -     from `bronze`.`link_transactions`
[2025-11-01T11:53:50.322+0000] {subprocess.py:93} INFO - ),
[2025-11-01T11:53:50.322+0000] {subprocess.py:93} INFO - 
[2025-11-01T11:53:50.322+0000] {subprocess.py:93} INFO - 
[2025-11-01T11:53:50.323+0000] {subprocess.py:93} INFO - norm as (
[2025-11-01T11:53:50.323+0000] {subprocess.py:93} INFO -     select
[2025-11-01T11:53:50.323+0000] {subprocess.py:93} INFO -         toUInt64OrNull(id) as link_id,
[2025-11-01T11:53:50.324+0000] {subprocess.py:93} INFO - 
[2025-11-01T11:53:50.324+0000] {subprocess.py:93} INFO - 
[2025-11-01T11:53:50.324+0000] {subprocess.py:93} INFO -         if(like(toTypeName(created_at), 'String%'),
[2025-11-01T11:53:50.325+0000] {subprocess.py:93} INFO -            parseDateTime64BestEffortOrNull(replaceRegexpAll(created_at, ' UTC$', ''), 6),
[2025-11-01T11:53:50.325+0000] {subprocess.py:93} INFO -            toDateTime64(created_at, 6)
[2025-11-01T11:53:50.325+0000] {subprocess.py:93} INFO -         ) as created_at_dt,
[2025-11-01T11:53:50.325+0000] {subprocess.py:93} INFO - 
[2025-11-01T11:53:50.326+0000] {subprocess.py:93} INFO - 
[2025-11-01T11:53:50.326+0000] {subprocess.py:93} INFO -         if(like(toTypeName(updated_at), 'String%'),
[2025-11-01T11:53:50.326+0000] {subprocess.py:93} INFO -            parseDateTime64BestEffortOrNull(replaceRegexpAll(updated_at, ' UTC$', ''), 6),
[2025-11-01T11:53:50.327+0000] {subprocess.py:93} INFO -            toDateTime64(updated_at, 6)
[2025-11-01T11:53:50.327+0000] {subprocess.py:93} INFO -         ) as updated_at_dt,
[2025-11-01T11:53:50.327+0000] {subprocess.py:93} INFO - 
[2025-11-01T11:53:50.328+0000] {subprocess.py:93} INFO - 
[2025-11-01T11:53:50.328+0000] {subprocess.py:93} INFO -         state,
[2025-11-01T11:53:50.329+0000] {subprocess.py:93} INFO -         linkpay_reference,
[2025-11-01T11:53:50.329+0000] {subprocess.py:93} INFO -         payment_details,
[2025-11-01T11:53:50.330+0000] {subprocess.py:93} INFO -         toDateTime64(_ingested_at, 6) as ingested_at_dt,
[2025-11-01T11:53:50.330+0000] {subprocess.py:93} INFO -         _source_file
[2025-11-01T11:53:50.331+0000] {subprocess.py:93} INFO -     from src
[2025-11-01T11:53:50.332+0000] {subprocess.py:93} INFO - ),
[2025-11-01T11:53:50.332+0000] {subprocess.py:93} INFO - 
[2025-11-01T11:53:50.333+0000] {subprocess.py:93} INFO - 
[2025-11-01T11:53:50.333+0000] {subprocess.py:93} INFO - ranked as (
[2025-11-01T11:53:50.334+0000] {subprocess.py:93} INFO -     select
[2025-11-01T11:53:50.334+0000] {subprocess.py:93} INFO -         *,
[2025-11-01T11:53:50.335+0000] {subprocess.py:93} INFO -         row_number() over (
[2025-11-01T11:53:50.336+0000] {subprocess.py:93} INFO -             partition by link_id
[2025-11-01T11:53:50.336+0000] {subprocess.py:93} INFO -             order by
[2025-11-01T11:53:50.336+0000] {subprocess.py:93} INFO -                 coalesce(updated_at_dt, toDateTime64('1970-01-01 00:00:00', 6)) desc,
[2025-11-01T11:53:50.337+0000] {subprocess.py:93} INFO -                 coalesce(created_at_dt, toDateTime64('1970-01-01 00:00:00', 6)) desc,
[2025-11-01T11:53:50.337+0000] {subprocess.py:93} INFO -                 coalesce(ingested_at_dt, toDateTime64('1970-01-01 00:00:00', 6)) desc,
[2025-11-01T11:53:50.338+0000] {subprocess.py:93} INFO -                 toString(_source_file) desc
[2025-11-01T11:53:50.338+0000] {subprocess.py:93} INFO -         ) as rn
[2025-11-01T11:53:50.339+0000] {subprocess.py:93} INFO -     from norm
[2025-11-01T11:53:50.339+0000] {subprocess.py:93} INFO - )
[2025-11-01T11:53:50.339+0000] {subprocess.py:93} INFO - 
[2025-11-01T11:53:50.340+0000] {subprocess.py:93} INFO - 
[2025-11-01T11:53:50.341+0000] {subprocess.py:93} INFO - select
[2025-11-01T11:53:50.341+0000] {subprocess.py:93} INFO -     link_id,
[2025-11-01T11:53:50.342+0000] {subprocess.py:93} INFO -     created_at_dt as created_at,
[2025-11-01T11:53:50.342+0000] {subprocess.py:93} INFO -     updated_at_dt as completed_at,
[2025-11-01T11:53:50.343+0000] {subprocess.py:93} INFO -     state,
[2025-11-01T11:53:50.343+0000] {subprocess.py:93} INFO -     linkpay_reference as reference,
[2025-11-01T11:53:50.343+0000] {subprocess.py:93} INFO -     payment_details,
[2025-11-01T11:53:50.344+0000] {subprocess.py:93} INFO -     toDate(created_at_dt) as data_date
[2025-11-01T11:53:50.344+0000] {subprocess.py:93} INFO - from ranked
[2025-11-01T11:53:50.345+0000] {subprocess.py:93} INFO - where rn = 1
[2025-11-01T11:53:50.345+0000] {subprocess.py:93} INFO - ---- LAST 200 LINES OF logs/dbt.log ----
[2025-11-01T11:53:50.345+0000] {subprocess.py:93} INFO - 11:53:49.056738 [info ] [MainThread]: Compiled node 'silver_payments' is:
[2025-11-01T11:53:50.346+0000] {subprocess.py:93} INFO - 
[2025-11-01T11:53:50.346+0000] {subprocess.py:93} INFO - 
[2025-11-01T11:53:50.346+0000] {subprocess.py:93} INFO - 
[2025-11-01T11:53:50.347+0000] {subprocess.py:93} INFO - 
[2025-11-01T11:53:50.347+0000] {subprocess.py:93} INFO - with raw as (
[2025-11-01T11:53:50.348+0000] {subprocess.py:93} INFO -     select
[2025-11-01T11:53:50.348+0000] {subprocess.py:93} INFO -         -- Cast IDs defensively
[2025-11-01T11:53:50.349+0000] {subprocess.py:93} INFO -         toUInt64OrNull(id)           as payment_id,
[2025-11-01T11:53:50.349+0000] {subprocess.py:93} INFO -         toUInt64OrNull(merchant_id)  as merchant_id,
[2025-11-01T11:53:50.350+0000] {subprocess.py:93} INFO -         toUInt64OrNull(acquirer_id)  as acquirer_id,
[2025-11-01T11:53:50.350+0000] {subprocess.py:93} INFO - 
[2025-11-01T11:53:50.351+0000] {subprocess.py:93} INFO - 
[2025-11-01T11:53:50.352+0000] {subprocess.py:93} INFO -         -- Strings only; avoid optional JSON columns for now
[2025-11-01T11:53:50.353+0000] {subprocess.py:93} INFO -         toLowCardinality(state)      as state,
[2025-11-01T11:53:50.353+0000] {subprocess.py:93} INFO -         toLowCardinality(card_type)  as card_type,
[2025-11-01T11:53:50.354+0000] {subprocess.py:93} INFO -         reference,
[2025-11-01T11:53:50.355+0000] {subprocess.py:93} INFO -         order_reference,
[2025-11-01T11:53:50.355+0000] {subprocess.py:93} INFO - 
[2025-11-01T11:53:50.356+0000] {subprocess.py:93} INFO - 
[2025-11-01T11:53:50.356+0000] {subprocess.py:93} INFO -         -- Normalize timestamps to string first
[2025-11-01T11:53:50.357+0000] {subprocess.py:93} INFO -         case
[2025-11-01T11:53:50.357+0000] {subprocess.py:93} INFO -             when toTypeName(created_at) like 'String%' then replaceRegexpAll(created_at, '\\s+UTC$', '')
[2025-11-01T11:53:50.358+0000] {subprocess.py:93} INFO -             else toString(created_at)
[2025-11-01T11:53:50.359+0000] {subprocess.py:93} INFO -         end as created_at_str,
[2025-11-01T11:53:50.360+0000] {subprocess.py:93} INFO - 
[2025-11-01T11:53:50.361+0000] {subprocess.py:93} INFO - 
[2025-11-01T11:53:50.361+0000] {subprocess.py:93} INFO -         case
[2025-11-01T11:53:50.362+0000] {subprocess.py:93} INFO -             when toTypeName(updated_at) like 'String%' then replaceRegexpAll(updated_at, '\\s+UTC$', '')
[2025-11-01T11:53:50.362+0000] {subprocess.py:93} INFO -             else toString(updated_at)
[2025-11-01T11:53:50.363+0000] {subprocess.py:93} INFO -         end as updated_at_str
[2025-11-01T11:53:50.363+0000] {subprocess.py:93} INFO -     from `bronze`.`payments`
[2025-11-01T11:53:50.364+0000] {subprocess.py:93} INFO - ),
[2025-11-01T11:53:50.364+0000] {subprocess.py:93} INFO - 
[2025-11-01T11:53:50.364+0000] {subprocess.py:93} INFO - 
[2025-11-01T11:53:50.365+0000] {subprocess.py:93} INFO - src as (
[2025-11-01T11:53:50.365+0000] {subprocess.py:93} INFO -     select
[2025-11-01T11:53:50.365+0000] {subprocess.py:93} INFO -         payment_id,
[2025-11-01T11:53:50.366+0000] {subprocess.py:93} INFO -         merchant_id,
[2025-11-01T11:53:50.366+0000] {subprocess.py:93} INFO -         acquirer_id,
[2025-11-01T11:53:50.366+0000] {subprocess.py:93} INFO -         state,
[2025-11-01T11:53:50.366+0000] {subprocess.py:93} INFO -         card_type,
[2025-11-01T11:53:50.367+0000] {subprocess.py:93} INFO -         reference,
[2025-11-01T11:53:50.367+0000] {subprocess.py:93} INFO -         order_reference,
[2025-11-01T11:53:50.368+0000] {subprocess.py:93} INFO -         parseDateTime64BestEffortOrNull(created_at_str, 6, 'UTC') as created_at,
[2025-11-01T11:53:50.368+0000] {subprocess.py:93} INFO -         parseDateTime64BestEffortOrNull(updated_at_str, 6, 'UTC') as updated_at
[2025-11-01T11:53:50.368+0000] {subprocess.py:93} INFO -     from raw
[2025-11-01T11:53:50.368+0000] {subprocess.py:93} INFO - ),
[2025-11-01T11:53:50.369+0000] {subprocess.py:93} INFO - 
[2025-11-01T11:53:50.369+0000] {subprocess.py:93} INFO - 
[2025-11-01T11:53:50.370+0000] {subprocess.py:93} INFO - ranked as (
[2025-11-01T11:53:50.370+0000] {subprocess.py:93} INFO -     select
[2025-11-01T11:53:50.371+0000] {subprocess.py:93} INFO -         *,
[2025-11-01T11:53:50.371+0000] {subprocess.py:93} INFO -         row_number() over (
[2025-11-01T11:53:50.372+0000] {subprocess.py:93} INFO -             partition by payment_id
[2025-11-01T11:53:50.372+0000] {subprocess.py:93} INFO -             order by
[2025-11-01T11:53:50.373+0000] {subprocess.py:93} INFO -                 coalesce(updated_at, toDateTime64('1970-01-01 00:00:00', 6, 'UTC')) desc,
[2025-11-01T11:53:50.373+0000] {subprocess.py:93} INFO -                 coalesce(created_at, toDateTime64('1970-01-01 00:00:00', 6, 'UTC')) desc
[2025-11-01T11:53:50.373+0000] {subprocess.py:93} INFO -         ) as rn
[2025-11-01T11:53:50.374+0000] {subprocess.py:93} INFO -     from src
[2025-11-01T11:53:50.374+0000] {subprocess.py:93} INFO - )
[2025-11-01T11:53:50.375+0000] {subprocess.py:93} INFO - 
[2025-11-01T11:53:50.375+0000] {subprocess.py:93} INFO - 
[2025-11-01T11:53:50.375+0000] {subprocess.py:93} INFO - select
[2025-11-01T11:53:50.376+0000] {subprocess.py:93} INFO -     payment_id,
[2025-11-01T11:53:50.376+0000] {subprocess.py:93} INFO -     merchant_id,
[2025-11-01T11:53:50.376+0000] {subprocess.py:93} INFO -     acquirer_id,
[2025-11-01T11:53:50.377+0000] {subprocess.py:93} INFO -     state,
[2025-11-01T11:53:50.377+0000] {subprocess.py:93} INFO -     card_type,
[2025-11-01T11:53:50.377+0000] {subprocess.py:93} INFO -     reference,
[2025-11-01T11:53:50.378+0000] {subprocess.py:93} INFO -     order_reference,
[2025-11-01T11:53:50.378+0000] {subprocess.py:93} INFO -     created_at,
[2025-11-01T11:53:50.378+0000] {subprocess.py:93} INFO -     updated_at,
[2025-11-01T11:53:50.379+0000] {subprocess.py:93} INFO -     toDate(created_at) as data_date
[2025-11-01T11:53:50.379+0000] {subprocess.py:93} INFO - from ranked
[2025-11-01T11:53:50.379+0000] {subprocess.py:93} INFO - where rn = 1
[2025-11-01T11:53:50.380+0000] {subprocess.py:93} INFO - 
[2025-11-01T11:53:50.380+0000] {subprocess.py:93} INFO - 11:53:49.056824 [debug] [ThreadPool]: dbt_clickhouse adapter: SQL status: OK in 0.00 seconds
[2025-11-01T11:53:50.381+0000] {subprocess.py:93} INFO - 11:53:49.059334 [debug] [MainThread]: Resource report: {"command_name": "compile", "command_success": true, "command_wall_clock_time": 1.333372, "process_in_blocks": "0", "process_kernel_time": 0.298127, "process_mem_max_rss": "140960", "process_out_blocks": "0", "process_user_time": 2.22602}
[2025-11-01T11:53:50.381+0000] {subprocess.py:93} INFO - 11:53:49.062304 [debug] [MainThread]: Command `dbt compile` succeeded at 11:53:49.061876 after 1.34 seconds
[2025-11-01T11:53:50.382+0000] {subprocess.py:93} INFO - 11:53:49.063750 [debug] [MainThread]: Sending event: {'category': 'dbt', 'action': 'invocation', 'label': 'end', 'context': [<snowplow_tracker.self_describing_json.SelfDescribingJson object at 0x710ff2dd12d0>, <snowplow_tracker.self_describing_json.SelfDescribingJson object at 0x710ff2dd09d0>, <snowplow_tracker.self_describing_json.SelfDescribingJson object at 0x710fee2d3010>]}
[2025-11-01T11:53:50.382+0000] {subprocess.py:93} INFO - 11:53:49.064998 [debug] [MainThread]: Flushing usage events
[2025-11-01T11:53:50.382+0000] {subprocess.py:93} INFO - 11:53:49.092917 [debug] [ThreadPool]: Re-using an available connection from the pool (formerly list_, now list__silver)
[2025-11-01T11:53:50.383+0000] {subprocess.py:93} INFO - 11:53:49.099509 [debug] [ThreadPool]: dbt_clickhouse adapter: On list__silver: /* {"app": "dbt", "dbt_version": "1.10.13", "profile_name": "ck_project", "target_name": "dev", "connection_name": "list__silver"} */
[2025-11-01T11:53:50.383+0000] {subprocess.py:93} INFO - select
[2025-11-01T11:53:50.383+0000] {subprocess.py:93} INFO -       t.name as name,
[2025-11-01T11:53:50.384+0000] {subprocess.py:93} INFO -       t.database as schema,
[2025-11-01T11:53:50.384+0000] {subprocess.py:93} INFO -       multiIf(
[2025-11-01T11:53:50.384+0000] {subprocess.py:93} INFO -         engine in ('MaterializedView', 'View'), 'view',
[2025-11-01T11:53:50.385+0000] {subprocess.py:93} INFO -         engine = 'Dictionary', 'dictionary',
[2025-11-01T11:53:50.385+0000] {subprocess.py:93} INFO -         'table'
[2025-11-01T11:53:50.385+0000] {subprocess.py:93} INFO -       ) as type,
[2025-11-01T11:53:50.386+0000] {subprocess.py:93} INFO -       db.engine as db_engine,0 as is_on_cluster
[2025-11-01T11:53:50.386+0000] {subprocess.py:93} INFO -           from system.tables as t join system.databases as db on t.database = db.name
[2025-11-01T11:53:50.386+0000] {subprocess.py:93} INFO -         where schema = 'silver'
[2025-11-01T11:53:50.386+0000] {subprocess.py:93} INFO - 
[2025-11-01T11:53:50.387+0000] {subprocess.py:93} INFO - 
[2025-11-01T11:53:50.387+0000] {subprocess.py:93} INFO -   ...
[2025-11-01T11:53:50.388+0000] {subprocess.py:93} INFO - 11:53:49.105983 [debug] [ThreadPool]: dbt_clickhouse adapter: SQL status: OK in 0.00 seconds
[2025-11-01T11:53:50.388+0000] {subprocess.py:93} INFO - 11:53:49.109005 [debug] [MainThread]: Sending event: {'category': 'dbt', 'action': 'runnable_timing', 'label': 'd924c2e7-e3ad-4bc0-a241-3360fbc39970', 'context': [<snowplow_tracker.self_describing_json.SelfDescribingJson object at 0x7ff530c326d0>]}
[2025-11-01T11:53:50.388+0000] {subprocess.py:93} INFO - 11:53:49.115206 [debug] [Thread-1 (]: Began running node model.ck_project.silver_link_transactions
[2025-11-01T11:53:50.389+0000] {subprocess.py:93} INFO - 11:53:49.115771 [debug] [Thread-2 (]: Began running node model.ck_project.silver_payments
[2025-11-01T11:53:50.389+0000] {subprocess.py:93} INFO - 11:53:49.117298 [info ] [Thread-1 (]: 1 of 2 START sql incremental model `silver`.`silver_link_transactions` ......... [RUN]
[2025-11-01T11:53:50.390+0000] {subprocess.py:93} INFO - 11:53:49.118683 [info ] [Thread-2 (]: 2 of 2 START sql incremental model `silver`.`silver_payments` .................. [RUN]
[2025-11-01T11:53:50.390+0000] {subprocess.py:93} INFO - 11:53:49.119849 [debug] [Thread-1 (]: Re-using an available connection from the pool (formerly list__silver, now model.ck_project.silver_link_transactions)
[2025-11-01T11:53:50.391+0000] {subprocess.py:93} INFO - 11:53:49.121664 [debug] [Thread-2 (]: Acquiring new clickhouse connection 'model.ck_project.silver_payments'
[2025-11-01T11:53:50.392+0000] {subprocess.py:93} INFO - 11:53:49.123267 [debug] [Thread-1 (]: Began compiling node model.ck_project.silver_link_transactions
[2025-11-01T11:53:50.392+0000] {subprocess.py:93} INFO - 11:53:49.124491 [debug] [Thread-2 (]: Began compiling node model.ck_project.silver_payments
[2025-11-01T11:53:50.393+0000] {subprocess.py:93} INFO - 11:53:49.137877 [debug] [Thread-1 (]: Writing injected SQL for node "model.ck_project.silver_link_transactions"
[2025-11-01T11:53:50.393+0000] {subprocess.py:93} INFO - 11:53:49.143282 [debug] [Thread-2 (]: Writing injected SQL for node "model.ck_project.silver_payments"
[2025-11-01T11:53:50.393+0000] {subprocess.py:93} INFO - 11:53:49.148562 [debug] [Thread-1 (]: Began executing node model.ck_project.silver_link_transactions
[2025-11-01T11:53:50.394+0000] {subprocess.py:93} INFO - 11:53:49.149495 [debug] [Thread-2 (]: Began executing node model.ck_project.silver_payments
[2025-11-01T11:53:50.394+0000] {subprocess.py:93} INFO - 11:53:49.299597 [debug] [Thread-1 (]: Compilation Error in model silver_link_transactions (models/silver/silver_link_transactions.sql)
[2025-11-01T11:53:50.395+0000] {subprocess.py:93} INFO -   macro 'dbt_macro__clickhouse__create_table_as' takes not more than 2 argument(s)
[2025-11-01T11:53:50.395+0000] {subprocess.py:93} INFO - 
[2025-11-01T11:53:50.395+0000] {subprocess.py:93} INFO -   > in macro create_table_as (macros/relations/table/create.sql)
[2025-11-01T11:53:50.396+0000] {subprocess.py:93} INFO -   > called by macro default__get_create_table_as_sql (macros/relations/table/create.sql)
[2025-11-01T11:53:50.396+0000] {subprocess.py:93} INFO -   > called by macro get_create_table_as_sql (macros/relations/table/create.sql)
[2025-11-01T11:53:50.396+0000] {subprocess.py:93} INFO -   > called by macro statement (macros/etc/statement.sql)
[2025-11-01T11:53:50.397+0000] {subprocess.py:93} INFO -   > called by macro materialization_incremental_clickhouse (macros/materializations/incremental/incremental.sql)
[2025-11-01T11:53:50.397+0000] {subprocess.py:93} INFO -   > called by model silver_link_transactions (models/silver/silver_link_transactions.sql)
[2025-11-01T11:53:50.398+0000] {subprocess.py:93} INFO - 11:53:49.303390 [debug] [Thread-2 (]: Compilation Error in model silver_payments (models/silver/silver_payments.sql)
[2025-11-01T11:53:50.398+0000] {subprocess.py:93} INFO -   macro 'dbt_macro__clickhouse__create_table_as' takes not more than 2 argument(s)
[2025-11-01T11:53:50.398+0000] {subprocess.py:93} INFO - 
[2025-11-01T11:53:50.399+0000] {subprocess.py:93} INFO -   > in macro create_table_as (macros/relations/table/create.sql)
[2025-11-01T11:53:50.399+0000] {subprocess.py:93} INFO -   > called by macro default__get_create_table_as_sql (macros/relations/table/create.sql)
[2025-11-01T11:53:50.400+0000] {subprocess.py:93} INFO -   > called by macro get_create_table_as_sql (macros/relations/table/create.sql)
[2025-11-01T11:53:50.400+0000] {subprocess.py:93} INFO -   > called by macro statement (macros/etc/statement.sql)
[2025-11-01T11:53:50.400+0000] {subprocess.py:93} INFO -   > called by macro materialization_incremental_clickhouse (macros/materializations/incremental/incremental.sql)
[2025-11-01T11:53:50.401+0000] {subprocess.py:93} INFO -   > called by model silver_payments (models/silver/silver_payments.sql)
[2025-11-01T11:53:50.401+0000] {subprocess.py:93} INFO - 11:53:49.305517 [debug] [Thread-1 (]: Sending event: {'category': 'dbt', 'action': 'run_model', 'label': 'd924c2e7-e3ad-4bc0-a241-3360fbc39970', 'context': [<snowplow_tracker.self_describing_json.SelfDescribingJson object at 0x7ff530233d10>]}
[2025-11-01T11:53:50.402+0000] {subprocess.py:93} INFO - 11:53:49.307424 [debug] [Thread-2 (]: Sending event: {'category': 'dbt', 'action': 'run_model', 'label': 'd924c2e7-e3ad-4bc0-a241-3360fbc39970', 'context': [<snowplow_tracker.self_describing_json.SelfDescribingJson object at 0x7ff530680210>]}
[2025-11-01T11:53:50.402+0000] {subprocess.py:93} INFO - 11:53:49.309280 [error] [Thread-1 (]: 1 of 2 ERROR creating sql incremental model `silver`.`silver_link_transactions`  [ERROR in 0.18s]
[2025-11-01T11:53:50.402+0000] {subprocess.py:93} INFO - 11:53:49.310862 [error] [Thread-2 (]: 2 of 2 ERROR creating sql incremental model `silver`.`silver_payments` ......... [ERROR in 0.19s]
[2025-11-01T11:53:50.403+0000] {subprocess.py:93} INFO - 11:53:49.312479 [debug] [Thread-1 (]: Finished running node model.ck_project.silver_link_transactions
[2025-11-01T11:53:50.403+0000] {subprocess.py:93} INFO - 11:53:49.315953 [debug] [Thread-2 (]: Finished running node model.ck_project.silver_payments
[2025-11-01T11:53:50.403+0000] {subprocess.py:93} INFO - 11:53:49.318262 [debug] [Thread-7 (]: Marking all children of 'model.ck_project.silver_link_transactions' to be skipped because of status 'error'.  Reason: Compilation Error in model silver_link_transactions (models/silver/silver_link_transactions.sql)
[2025-11-01T11:53:50.404+0000] {subprocess.py:93} INFO -   macro 'dbt_macro__clickhouse__create_table_as' takes not more than 2 argument(s)
[2025-11-01T11:53:50.404+0000] {subprocess.py:93} INFO - 
[2025-11-01T11:53:50.404+0000] {subprocess.py:93} INFO -   > in macro create_table_as (macros/relations/table/create.sql)
[2025-11-01T11:53:50.405+0000] {subprocess.py:93} INFO -   > called by macro default__get_create_table_as_sql (macros/relations/table/create.sql)
[2025-11-01T11:53:50.405+0000] {subprocess.py:93} INFO -   > called by macro get_create_table_as_sql (macros/relations/table/create.sql)
[2025-11-01T11:53:50.405+0000] {subprocess.py:93} INFO -   > called by macro statement (macros/etc/statement.sql)
[2025-11-01T11:53:50.406+0000] {subprocess.py:93} INFO -   > called by macro materialization_incremental_clickhouse (macros/materializations/incremental/incremental.sql)
[2025-11-01T11:53:50.406+0000] {subprocess.py:93} INFO -   > called by model silver_link_transactions (models/silver/silver_link_transactions.sql).
[2025-11-01T11:53:50.406+0000] {subprocess.py:93} INFO - 11:53:49.321928 [debug] [Thread-7 (]: Marking all children of 'model.ck_project.silver_payments' to be skipped because of status 'error'.  Reason: Compilation Error in model silver_payments (models/silver/silver_payments.sql)
[2025-11-01T11:53:50.407+0000] {subprocess.py:93} INFO -   macro 'dbt_macro__clickhouse__create_table_as' takes not more than 2 argument(s)
[2025-11-01T11:53:50.407+0000] {subprocess.py:93} INFO - 
[2025-11-01T11:53:50.408+0000] {subprocess.py:93} INFO -   > in macro create_table_as (macros/relations/table/create.sql)
[2025-11-01T11:53:50.408+0000] {subprocess.py:93} INFO -   > called by macro default__get_create_table_as_sql (macros/relations/table/create.sql)
[2025-11-01T11:53:50.408+0000] {subprocess.py:93} INFO -   > called by macro get_create_table_as_sql (macros/relations/table/create.sql)
[2025-11-01T11:53:50.409+0000] {subprocess.py:93} INFO -   > called by macro statement (macros/etc/statement.sql)
[2025-11-01T11:53:50.409+0000] {subprocess.py:93} INFO -   > called by macro materialization_incremental_clickhouse (macros/materializations/incremental/incremental.sql)
[2025-11-01T11:53:50.409+0000] {subprocess.py:93} INFO -   > called by model silver_payments (models/silver/silver_payments.sql).
[2025-11-01T11:53:50.410+0000] {subprocess.py:93} INFO - 11:53:49.325432 [debug] [MainThread]: Connection 'master' was properly closed.
[2025-11-01T11:53:50.410+0000] {subprocess.py:93} INFO - 11:53:49.326593 [debug] [MainThread]: Connection 'model.ck_project.silver_link_transactions' was left open.
[2025-11-01T11:53:50.410+0000] {subprocess.py:93} INFO - 11:53:49.327924 [debug] [MainThread]: On model.ck_project.silver_link_transactions: Close
[2025-11-01T11:53:50.411+0000] {subprocess.py:93} INFO - 11:53:49.329183 [debug] [MainThread]: Connection 'model.ck_project.silver_payments' was properly closed.
[2025-11-01T11:53:50.411+0000] {subprocess.py:93} INFO - 11:53:49.330686 [info ] [MainThread]:
[2025-11-01T11:53:50.412+0000] {subprocess.py:93} INFO - 11:53:49.332245 [info ] [MainThread]: Finished running 2 incremental models in 0 hours 0 minutes and 0.50 seconds (0.50s).
[2025-11-01T11:53:50.412+0000] {subprocess.py:93} INFO - 11:53:49.334277 [debug] [MainThread]: Command end result
[2025-11-01T11:53:50.413+0000] {subprocess.py:93} INFO - 11:53:49.371990 [debug] [MainThread]: Wrote artifact WritableManifest to /dbt/target/manifest.json
[2025-11-01T11:53:50.413+0000] {subprocess.py:93} INFO - 11:53:49.377939 [debug] [MainThread]: Wrote artifact SemanticManifest to /dbt/target/semantic_manifest.json
[2025-11-01T11:53:50.413+0000] {subprocess.py:93} INFO - 11:53:49.389828 [debug] [MainThread]: Wrote artifact RunExecutionResult to /dbt/target/run_results.json
[2025-11-01T11:53:50.413+0000] {subprocess.py:93} INFO - 11:53:49.391744 [info ] [MainThread]:
[2025-11-01T11:53:50.414+0000] {subprocess.py:93} INFO - 11:53:49.393182 [info ] [MainThread]: Completed with 2 errors, 0 partial successes, and 0 warnings:
[2025-11-01T11:53:50.414+0000] {subprocess.py:93} INFO - 11:53:49.395310 [info ] [MainThread]:
[2025-11-01T11:53:50.414+0000] {subprocess.py:93} INFO - 11:53:49.397023 [error] [MainThread]: Failure in model silver_link_transactions (models/silver/silver_link_transactions.sql)
[2025-11-01T11:53:50.415+0000] {subprocess.py:93} INFO - 11:53:49.398395 [error] [MainThread]:   Compilation Error in model silver_link_transactions (models/silver/silver_link_transactions.sql)
[2025-11-01T11:53:50.415+0000] {subprocess.py:93} INFO -   macro 'dbt_macro__clickhouse__create_table_as' takes not more than 2 argument(s)
[2025-11-01T11:53:50.415+0000] {subprocess.py:93} INFO - 
[2025-11-01T11:53:50.416+0000] {subprocess.py:93} INFO -   > in macro create_table_as (macros/relations/table/create.sql)
[2025-11-01T11:53:50.416+0000] {subprocess.py:93} INFO -   > called by macro default__get_create_table_as_sql (macros/relations/table/create.sql)
[2025-11-01T11:53:50.416+0000] {subprocess.py:93} INFO -   > called by macro get_create_table_as_sql (macros/relations/table/create.sql)
[2025-11-01T11:53:50.416+0000] {subprocess.py:93} INFO -   > called by macro statement (macros/etc/statement.sql)
[2025-11-01T11:53:50.417+0000] {subprocess.py:93} INFO -   > called by macro materialization_incremental_clickhouse (macros/materializations/incremental/incremental.sql)
[2025-11-01T11:53:50.417+0000] {subprocess.py:93} INFO -   > called by model silver_link_transactions (models/silver/silver_link_transactions.sql)
[2025-11-01T11:53:50.417+0000] {subprocess.py:93} INFO - 11:53:49.399546 [info ] [MainThread]:
[2025-11-01T11:53:50.418+0000] {subprocess.py:93} INFO - 11:53:49.400917 [info ] [MainThread]:   compiled code at target/compiled/ck_project/models/silver/silver_link_transactions.sql
[2025-11-01T11:53:50.419+0000] {subprocess.py:93} INFO - 11:53:49.402388 [info ] [MainThread]:
[2025-11-01T11:53:50.419+0000] {subprocess.py:93} INFO - 11:53:49.403645 [error] [MainThread]: Failure in model silver_payments (models/silver/silver_payments.sql)
[2025-11-01T11:53:50.419+0000] {subprocess.py:93} INFO - 11:53:49.404765 [error] [MainThread]:   Compilation Error in model silver_payments (models/silver/silver_payments.sql)
[2025-11-01T11:53:50.420+0000] {subprocess.py:93} INFO -   macro 'dbt_macro__clickhouse__create_table_as' takes not more than 2 argument(s)
[2025-11-01T11:53:50.420+0000] {subprocess.py:93} INFO - 
[2025-11-01T11:53:50.421+0000] {subprocess.py:93} INFO -   > in macro create_table_as (macros/relations/table/create.sql)
[2025-11-01T11:53:50.421+0000] {subprocess.py:93} INFO -   > called by macro default__get_create_table_as_sql (macros/relations/table/create.sql)
[2025-11-01T11:53:50.422+0000] {subprocess.py:93} INFO -   > called by macro get_create_table_as_sql (macros/relations/table/create.sql)
[2025-11-01T11:53:50.423+0000] {subprocess.py:93} INFO -   > called by macro statement (macros/etc/statement.sql)
[2025-11-01T11:53:50.423+0000] {subprocess.py:93} INFO -   > called by macro materialization_incremental_clickhouse (macros/materializations/incremental/incremental.sql)
[2025-11-01T11:53:50.423+0000] {subprocess.py:93} INFO -   > called by model silver_payments (models/silver/silver_payments.sql)
[2025-11-01T11:53:50.424+0000] {subprocess.py:93} INFO - 11:53:49.406129 [info ] [MainThread]:
[2025-11-01T11:53:50.424+0000] {subprocess.py:93} INFO - 11:53:49.407794 [info ] [MainThread]:   compiled code at target/compiled/ck_project/models/silver/silver_payments.sql
[2025-11-01T11:53:50.425+0000] {subprocess.py:93} INFO - 11:53:49.409607 [info ] [MainThread]:
[2025-11-01T11:53:50.425+0000] {subprocess.py:93} INFO - 11:53:49.411320 [info ] [MainThread]: Done. PASS=0 WARN=0 ERROR=2 SKIP=0 NO-OP=0 TOTAL=2
[2025-11-01T11:53:50.425+0000] {subprocess.py:93} INFO - 11:53:49.413339 [debug] [MainThread]: Resource report: {"command_name": "run", "command_success": false, "command_wall_clock_time": 1.487542, "process_in_blocks": "0", "process_kernel_time": 0.31956, "process_mem_max_rss": "143448", "process_out_blocks": "0", "process_user_time": 2.352764}
[2025-11-01T11:53:50.426+0000] {subprocess.py:93} INFO - 11:53:49.414693 [debug] [MainThread]: Command `dbt run` failed at 11:53:49.414545 after 1.49 seconds
[2025-11-01T11:53:50.426+0000] {subprocess.py:93} INFO - 11:53:49.415803 [debug] [MainThread]: Sending event: {'category': 'dbt', 'action': 'invocation', 'label': 'end', 'context': [<snowplow_tracker.self_describing_json.SelfDescribingJson object at 0x7ff5304d2e50>, <snowplow_tracker.self_describing_json.SelfDescribingJson object at 0x7ff532e930d0>, <snowplow_tracker.self_describing_json.SelfDescribingJson object at 0x7ff531948c50>]}
[2025-11-01T11:53:50.426+0000] {subprocess.py:93} INFO - 11:53:49.416962 [debug] [MainThread]: Flushing usage events
[2025-11-01T11:53:50.427+0000] {subprocess.py:93} INFO - 11:53:49.546651 [debug] [MainThread]: An error was encountered while trying to flush usage events
[2025-11-01T11:53:50.427+0000] {subprocess.py:93} INFO - 11:53:49.898892 [debug] [MainThread]: An error was encountered while trying to flush usage events
[2025-11-01T11:53:50.427+0000] {subprocess.py:97} INFO - Command exited with return code 1
[2025-11-01T11:53:50.440+0000] {taskinstance.py:2698} ERROR - Task failed with exception
Traceback (most recent call last):
  File "/home/airflow/.local/lib/python3.8/site-packages/airflow/models/taskinstance.py", line 433, in _execute_task
    result = execute_callable(context=context, **execute_callable_kwargs)
  File "/home/airflow/.local/lib/python3.8/site-packages/airflow/operators/bash.py", line 212, in execute
    raise AirflowException(
airflow.exceptions.AirflowException: Bash command failed. The command returned a non-zero exit code 1.
[2025-11-01T11:53:50.444+0000] {taskinstance.py:1138} INFO - Marking task as FAILED. dag_id=ingestion_pipeline, task_id=silver_dbt.dbt_run_incrementals, execution_date=20251101T114821, start_date=20251101T115341, end_date=20251101T115350
[2025-11-01T11:53:50.458+0000] {standard_task_runner.py:107} ERROR - Failed to execute job 72 for task silver_dbt.dbt_run_incrementals (Bash command failed. The command returned a non-zero exit code 1.; 1863)
[2025-11-01T11:53:50.480+0000] {local_task_job_runner.py:234} INFO - Task exited with return code 1
[2025-11-01T11:53:50.497+0000] {taskinstance.py:3280} INFO - 0 downstream tasks scheduled from follow-on schedule check
