[2025-11-01T20:22:16.295+0000] {taskinstance.py:1956} INFO - Dependencies all met for dep_context=non-requeueable deps ti=<TaskInstance: silver_transformation_pipeline.dbt_run_payments scheduled__2025-10-17T00:00:00+00:00 [queued]>
[2025-11-01T20:22:16.309+0000] {taskinstance.py:1956} INFO - Dependencies all met for dep_context=requeueable deps ti=<TaskInstance: silver_transformation_pipeline.dbt_run_payments scheduled__2025-10-17T00:00:00+00:00 [queued]>
[2025-11-01T20:22:16.311+0000] {taskinstance.py:2170} INFO - Starting attempt 1 of 2
[2025-11-01T20:22:16.334+0000] {taskinstance.py:2191} INFO - Executing <Task(PythonOperator): dbt_run_payments> on 2025-10-17 00:00:00+00:00
[2025-11-01T20:22:16.343+0000] {standard_task_runner.py:60} INFO - Started process 1749 to run task
[2025-11-01T20:22:16.348+0000] {standard_task_runner.py:87} INFO - Running: ['***', 'tasks', 'run', 'silver_transformation_pipeline', 'dbt_run_payments', 'scheduled__2025-10-17T00:00:00+00:00', '--job-id', '191', '--raw', '--subdir', 'DAGS_FOLDER/silver_dag.py', '--cfg-path', '/tmp/tmpccbl6kzd']
[2025-11-01T20:22:16.352+0000] {standard_task_runner.py:88} INFO - Job 191: Subtask dbt_run_payments
[2025-11-01T20:22:16.505+0000] {task_command.py:423} INFO - Running <TaskInstance: silver_transformation_pipeline.dbt_run_payments scheduled__2025-10-17T00:00:00+00:00 [running]> on host 6335aa85b335
[2025-11-01T20:22:16.665+0000] {taskinstance.py:2480} INFO - Exporting env vars: AIRFLOW_CTX_DAG_OWNER='***' AIRFLOW_CTX_DAG_ID='silver_transformation_pipeline' AIRFLOW_CTX_TASK_ID='dbt_run_payments' AIRFLOW_CTX_EXECUTION_DATE='2025-10-17T00:00:00+00:00' AIRFLOW_CTX_TRY_NUMBER='1' AIRFLOW_CTX_DAG_RUN_ID='scheduled__2025-10-17T00:00:00+00:00'
[2025-11-01T20:22:23.562+0000] {python.py:201} INFO - Done. Returned value was: None
[2025-11-01T20:22:23.578+0000] {taskinstance.py:1138} INFO - Marking task as SUCCESS. dag_id=silver_transformation_pipeline, task_id=dbt_run_payments, execution_date=20251017T000000, start_date=20251101T202216, end_date=20251101T202223
[2025-11-01T20:22:23.624+0000] {local_task_job_runner.py:234} INFO - Task exited with return code 0
[2025-11-01T20:22:23.639+0000] {taskinstance.py:3280} INFO - 0 downstream tasks scheduled from follow-on schedule check
[2025-11-02T01:37:31.049+0000] {taskinstance.py:1956} INFO - Dependencies all met for dep_context=non-requeueable deps ti=<TaskInstance: silver_transformation_pipeline.dbt_run_payments scheduled__2025-10-17T00:00:00+00:00 [queued]>
[2025-11-02T01:37:31.061+0000] {taskinstance.py:1956} INFO - Dependencies all met for dep_context=requeueable deps ti=<TaskInstance: silver_transformation_pipeline.dbt_run_payments scheduled__2025-10-17T00:00:00+00:00 [queued]>
[2025-11-02T01:37:31.062+0000] {taskinstance.py:2170} INFO - Starting attempt 1 of 2
[2025-11-02T01:37:31.078+0000] {taskinstance.py:2191} INFO - Executing <Task(PythonOperator): dbt_run_payments> on 2025-10-17 00:00:00+00:00
[2025-11-02T01:37:31.085+0000] {standard_task_runner.py:60} INFO - Started process 2604 to run task
[2025-11-02T01:37:31.091+0000] {standard_task_runner.py:87} INFO - Running: ['***', 'tasks', 'run', 'silver_transformation_pipeline', 'dbt_run_payments', 'scheduled__2025-10-17T00:00:00+00:00', '--job-id', '195', '--raw', '--subdir', 'DAGS_FOLDER/silver_dag.py', '--cfg-path', '/tmp/tmpp8tdl3j2']
[2025-11-02T01:37:31.094+0000] {standard_task_runner.py:88} INFO - Job 195: Subtask dbt_run_payments
[2025-11-02T01:37:31.181+0000] {task_command.py:423} INFO - Running <TaskInstance: silver_transformation_pipeline.dbt_run_payments scheduled__2025-10-17T00:00:00+00:00 [running]> on host 3b0074fa0b5e
[2025-11-02T01:37:31.297+0000] {taskinstance.py:2480} INFO - Exporting env vars: AIRFLOW_CTX_DAG_OWNER='***' AIRFLOW_CTX_DAG_ID='silver_transformation_pipeline' AIRFLOW_CTX_TASK_ID='dbt_run_payments' AIRFLOW_CTX_EXECUTION_DATE='2025-10-17T00:00:00+00:00' AIRFLOW_CTX_TRY_NUMBER='1' AIRFLOW_CTX_DAG_RUN_ID='scheduled__2025-10-17T00:00:00+00:00'
[2025-11-02T01:37:38.065+0000] {python.py:201} INFO - Done. Returned value was: None
[2025-11-02T01:37:38.080+0000] {taskinstance.py:1138} INFO - Marking task as SUCCESS. dag_id=silver_transformation_pipeline, task_id=dbt_run_payments, execution_date=20251017T000000, start_date=20251102T013731, end_date=20251102T013738
[2025-11-02T01:37:38.130+0000] {local_task_job_runner.py:234} INFO - Task exited with return code 0
[2025-11-02T01:37:38.157+0000] {taskinstance.py:3280} INFO - 0 downstream tasks scheduled from follow-on schedule check
[2025-11-02T11:32:58.349+0000] {taskinstance.py:1956} INFO - Dependencies all met for dep_context=non-requeueable deps ti=<TaskInstance: silver_transformation_pipeline.dbt_run_payments scheduled__2025-10-17T00:00:00+00:00 [queued]>
[2025-11-02T11:32:58.363+0000] {taskinstance.py:1956} INFO - Dependencies all met for dep_context=requeueable deps ti=<TaskInstance: silver_transformation_pipeline.dbt_run_payments scheduled__2025-10-17T00:00:00+00:00 [queued]>
[2025-11-02T11:32:58.364+0000] {taskinstance.py:2170} INFO - Starting attempt 1 of 2
[2025-11-02T11:32:58.385+0000] {taskinstance.py:2191} INFO - Executing <Task(PythonOperator): dbt_run_payments> on 2025-10-17 00:00:00+00:00
[2025-11-02T11:32:58.393+0000] {standard_task_runner.py:60} INFO - Started process 2740 to run task
[2025-11-02T11:32:58.397+0000] {standard_task_runner.py:87} INFO - Running: ['***', 'tasks', 'run', 'silver_transformation_pipeline', 'dbt_run_payments', 'scheduled__2025-10-17T00:00:00+00:00', '--job-id', '209', '--raw', '--subdir', 'DAGS_FOLDER/silver_dag.py', '--cfg-path', '/tmp/tmp02g4bz0f']
[2025-11-02T11:32:58.400+0000] {standard_task_runner.py:88} INFO - Job 209: Subtask dbt_run_payments
[2025-11-02T11:32:58.504+0000] {task_command.py:423} INFO - Running <TaskInstance: silver_transformation_pipeline.dbt_run_payments scheduled__2025-10-17T00:00:00+00:00 [running]> on host 0d39d4365eb9
[2025-11-02T11:32:58.633+0000] {taskinstance.py:2480} INFO - Exporting env vars: AIRFLOW_CTX_DAG_OWNER='***' AIRFLOW_CTX_DAG_ID='silver_transformation_pipeline' AIRFLOW_CTX_TASK_ID='dbt_run_payments' AIRFLOW_CTX_EXECUTION_DATE='2025-10-17T00:00:00+00:00' AIRFLOW_CTX_TRY_NUMBER='1' AIRFLOW_CTX_DAG_RUN_ID='scheduled__2025-10-17T00:00:00+00:00'
[2025-11-02T11:33:06.773+0000] {python.py:201} INFO - Done. Returned value was: None
[2025-11-02T11:33:06.796+0000] {taskinstance.py:1138} INFO - Marking task as SUCCESS. dag_id=silver_transformation_pipeline, task_id=dbt_run_payments, execution_date=20251017T000000, start_date=20251102T113258, end_date=20251102T113306
[2025-11-02T11:33:06.836+0000] {local_task_job_runner.py:234} INFO - Task exited with return code 0
[2025-11-02T11:33:06.862+0000] {taskinstance.py:3280} INFO - 0 downstream tasks scheduled from follow-on schedule check
