[2025-11-01T14:28:01.385+0000] {taskinstance.py:1956} INFO - Dependencies all met for dep_context=non-requeueable deps ti=<TaskInstance: silver_transformation_pipeline.dbt_run_payments manual__2025-11-01T14:22:20.980311+00:00 [queued]>
[2025-11-01T14:28:01.411+0000] {taskinstance.py:1956} INFO - Dependencies all met for dep_context=requeueable deps ti=<TaskInstance: silver_transformation_pipeline.dbt_run_payments manual__2025-11-01T14:22:20.980311+00:00 [queued]>
[2025-11-01T14:28:01.414+0000] {taskinstance.py:2170} INFO - Starting attempt 1 of 2
[2025-11-01T14:28:01.441+0000] {taskinstance.py:2191} INFO - Executing <Task(BashOperator): dbt_run_payments> on 2025-11-01 14:22:20.980311+00:00
[2025-11-01T14:28:01.455+0000] {standard_task_runner.py:60} INFO - Started process 777 to run task
[2025-11-01T14:28:01.460+0000] {standard_task_runner.py:87} INFO - Running: ['***', 'tasks', 'run', 'silver_transformation_pipeline', 'dbt_run_payments', 'manual__2025-11-01T14:22:20.980311+00:00', '--job-id', '28', '--raw', '--subdir', 'DAGS_FOLDER/silver_dag.py', '--cfg-path', '/tmp/tmpw5zdrmj2']
[2025-11-01T14:28:01.465+0000] {standard_task_runner.py:88} INFO - Job 28: Subtask dbt_run_payments
[2025-11-01T14:28:01.651+0000] {task_command.py:423} INFO - Running <TaskInstance: silver_transformation_pipeline.dbt_run_payments manual__2025-11-01T14:22:20.980311+00:00 [running]> on host 8c60c1c29b68
[2025-11-01T14:28:01.860+0000] {taskinstance.py:2480} INFO - Exporting env vars: AIRFLOW_CTX_DAG_OWNER='***' AIRFLOW_CTX_DAG_ID='silver_transformation_pipeline' AIRFLOW_CTX_TASK_ID='dbt_run_payments' AIRFLOW_CTX_EXECUTION_DATE='2025-11-01T14:22:20.980311+00:00' AIRFLOW_CTX_TRY_NUMBER='1' AIRFLOW_CTX_DAG_RUN_ID='manual__2025-11-01T14:22:20.980311+00:00'
[2025-11-01T14:28:01.862+0000] {subprocess.py:63} INFO - Tmp dir root location: /tmp
[2025-11-01T14:28:01.864+0000] {subprocess.py:75} INFO - Running command: ['/usr/bin/bash', '-c', 'export PATH=$HOME/.local/bin:/usr/local/bin:$PATH && dbt --no-use-colors run --project-dir /opt/***/dbt_project --profiles-dir /opt/***/dbt_project --select silver_payments --vars \'{"ds_lagged":"$DS_LAGGED"}\'']
[2025-11-01T14:28:01.878+0000] {subprocess.py:86} INFO - Output:
[2025-11-01T14:28:01.879+0000] {subprocess.py:93} INFO - /usr/bin/bash: line 1: dbt: command not found
[2025-11-01T14:28:01.880+0000] {subprocess.py:97} INFO - Command exited with return code 127
[2025-11-01T14:28:01.899+0000] {taskinstance.py:2698} ERROR - Task failed with exception
Traceback (most recent call last):
  File "/home/airflow/.local/lib/python3.8/site-packages/airflow/models/taskinstance.py", line 433, in _execute_task
    result = execute_callable(context=context, **execute_callable_kwargs)
  File "/home/airflow/.local/lib/python3.8/site-packages/airflow/operators/bash.py", line 212, in execute
    raise AirflowException(
airflow.exceptions.AirflowException: Bash command failed. The command returned a non-zero exit code 127.
[2025-11-01T14:28:01.905+0000] {taskinstance.py:1138} INFO - Marking task as UP_FOR_RETRY. dag_id=silver_transformation_pipeline, task_id=dbt_run_payments, execution_date=20251101T142220, start_date=20251101T142801, end_date=20251101T142801
[2025-11-01T14:28:01.931+0000] {standard_task_runner.py:107} ERROR - Failed to execute job 28 for task dbt_run_payments (Bash command failed. The command returned a non-zero exit code 127.; 777)
[2025-11-01T14:28:01.961+0000] {local_task_job_runner.py:234} INFO - Task exited with return code 1
[2025-11-01T14:28:02.002+0000] {taskinstance.py:3280} INFO - 0 downstream tasks scheduled from follow-on schedule check
