[2025-11-02T00:29:05.501+0000] {taskinstance.py:1956} INFO - Dependencies all met for dep_context=non-requeueable deps ti=<TaskInstance: gold_dimensions_pipeline.dbt_dim_payment_state scheduled__2025-10-20T00:00:00+00:00 [queued]>
[2025-11-02T00:29:05.520+0000] {taskinstance.py:1956} INFO - Dependencies all met for dep_context=requeueable deps ti=<TaskInstance: gold_dimensions_pipeline.dbt_dim_payment_state scheduled__2025-10-20T00:00:00+00:00 [queued]>
[2025-11-02T00:29:05.524+0000] {taskinstance.py:2170} INFO - Starting attempt 1 of 2
[2025-11-02T00:29:05.549+0000] {taskinstance.py:2191} INFO - Executing <Task(PythonOperator): dbt_dim_payment_state> on 2025-10-20 00:00:00+00:00
[2025-11-02T00:29:05.561+0000] {standard_task_runner.py:60} INFO - Started process 16015 to run task
[2025-11-02T00:29:05.568+0000] {standard_task_runner.py:87} INFO - Running: ['***', 'tasks', 'run', 'gold_dimensions_pipeline', 'dbt_dim_payment_state', 'scheduled__2025-10-20T00:00:00+00:00', '--job-id', '381', '--raw', '--subdir', 'DAGS_FOLDER/gold_dag.py', '--cfg-path', '/tmp/tmp_5b4lu2b']
[2025-11-02T00:29:05.573+0000] {standard_task_runner.py:88} INFO - Job 381: Subtask dbt_dim_payment_state
[2025-11-02T00:29:05.708+0000] {task_command.py:423} INFO - Running <TaskInstance: gold_dimensions_pipeline.dbt_dim_payment_state scheduled__2025-10-20T00:00:00+00:00 [running]> on host 6335aa85b335
[2025-11-02T00:29:05.890+0000] {taskinstance.py:2480} INFO - Exporting env vars: AIRFLOW_CTX_DAG_OWNER='***' AIRFLOW_CTX_DAG_ID='gold_dimensions_pipeline' AIRFLOW_CTX_TASK_ID='dbt_dim_payment_state' AIRFLOW_CTX_EXECUTION_DATE='2025-10-20T00:00:00+00:00' AIRFLOW_CTX_TRY_NUMBER='1' AIRFLOW_CTX_DAG_RUN_ID='scheduled__2025-10-20T00:00:00+00:00'
[2025-11-02T00:29:15.378+0000] {python.py:201} INFO - Done. Returned value was: None
[2025-11-02T00:29:15.399+0000] {taskinstance.py:1138} INFO - Marking task as SUCCESS. dag_id=gold_dimensions_pipeline, task_id=dbt_dim_payment_state, execution_date=20251020T000000, start_date=20251102T002905, end_date=20251102T002915
[2025-11-02T00:29:15.455+0000] {local_task_job_runner.py:234} INFO - Task exited with return code 0
[2025-11-02T00:29:15.480+0000] {taskinstance.py:3280} INFO - 0 downstream tasks scheduled from follow-on schedule check
[2025-11-02T11:45:16.899+0000] {taskinstance.py:1956} INFO - Dependencies all met for dep_context=non-requeueable deps ti=<TaskInstance: gold_dimensions_pipeline.dbt_dim_payment_state scheduled__2025-10-20T00:00:00+00:00 [queued]>
[2025-11-02T11:45:16.911+0000] {taskinstance.py:1956} INFO - Dependencies all met for dep_context=requeueable deps ti=<TaskInstance: gold_dimensions_pipeline.dbt_dim_payment_state scheduled__2025-10-20T00:00:00+00:00 [queued]>
[2025-11-02T11:45:16.912+0000] {taskinstance.py:2170} INFO - Starting attempt 1 of 3
[2025-11-02T11:45:16.928+0000] {taskinstance.py:2191} INFO - Executing <Task(PythonOperator): dbt_dim_payment_state> on 2025-10-20 00:00:00+00:00
[2025-11-02T11:45:16.936+0000] {standard_task_runner.py:60} INFO - Started process 5792 to run task
[2025-11-02T11:45:16.941+0000] {standard_task_runner.py:87} INFO - Running: ['***', 'tasks', 'run', 'gold_dimensions_pipeline', 'dbt_dim_payment_state', 'scheduled__2025-10-20T00:00:00+00:00', '--job-id', '350', '--raw', '--subdir', 'DAGS_FOLDER/gold_dag.py', '--cfg-path', '/tmp/tmpc2bs6tom']
[2025-11-02T11:45:16.945+0000] {standard_task_runner.py:88} INFO - Job 350: Subtask dbt_dim_payment_state
[2025-11-02T11:45:17.034+0000] {task_command.py:423} INFO - Running <TaskInstance: gold_dimensions_pipeline.dbt_dim_payment_state scheduled__2025-10-20T00:00:00+00:00 [running]> on host 0d39d4365eb9
[2025-11-02T11:45:17.150+0000] {taskinstance.py:2480} INFO - Exporting env vars: AIRFLOW_CTX_DAG_OWNER='***' AIRFLOW_CTX_DAG_ID='gold_dimensions_pipeline' AIRFLOW_CTX_TASK_ID='dbt_dim_payment_state' AIRFLOW_CTX_EXECUTION_DATE='2025-10-20T00:00:00+00:00' AIRFLOW_CTX_TRY_NUMBER='1' AIRFLOW_CTX_DAG_RUN_ID='scheduled__2025-10-20T00:00:00+00:00'
[2025-11-02T11:45:23.220+0000] {logging_mixin.py:188} INFO - ==== DBT STDOUT ====
[2025-11-02T11:45:23.221+0000] {logging_mixin.py:188} INFO - 11:45:20  Running with dbt=1.5.9
11:45:20  Registered adapter: clickhouse=1.5.2
11:45:21  [WARNING]: Configuration paths exist in your dbt_project.yml file which do not apply to any resources.
There are 2 unused configuration paths:
- models.ck_project.bronze
- models.ck_project.gold.fact
11:45:21  Found 7 models, 17 tests, 0 snapshots, 0 analyses, 349 macros, 0 operations, 0 seed files, 6 sources, 0 exposures, 0 metrics, 0 groups
11:45:21  
11:45:21  Concurrency: 4 threads (target='dev')
11:45:21  
11:45:21  1 of 1 START sql table model gold.dim_payment_state ............................ [RUN]
11:45:22  1 of 1 OK created sql table model gold.dim_payment_state ....................... [OK in 0.42s]
11:45:22  
11:45:22  Finished running 1 table model in 0 hours 0 minutes and 0.86 seconds (0.86s).
11:45:22  
11:45:22  Completed successfully
11:45:22  
11:45:22  Done. PASS=1 WARN=0 ERROR=0 SKIP=0 TOTAL=1
[2025-11-02T11:45:23.226+0000] {logging_mixin.py:188} INFO - ==== DBT STDERR ====
[2025-11-02T11:45:23.227+0000] {python.py:201} INFO - Done. Returned value was: None
[2025-11-02T11:45:23.247+0000] {taskinstance.py:1138} INFO - Marking task as SUCCESS. dag_id=gold_dimensions_pipeline, task_id=dbt_dim_payment_state, execution_date=20251020T000000, start_date=20251102T114516, end_date=20251102T114523
[2025-11-02T11:45:23.284+0000] {local_task_job_runner.py:234} INFO - Task exited with return code 0
[2025-11-02T11:45:23.306+0000] {taskinstance.py:3280} INFO - 0 downstream tasks scheduled from follow-on schedule check
