[2025-10-31T20:33:32.568+0000] {taskinstance.py:1956} INFO - Dependencies all met for dep_context=non-requeueable deps ti=<TaskInstance: ingestion_pipeline.silver_dbt.dbt_run_incrementals manual__2025-10-31T20:33:25.223332+00:00 [queued]>
[2025-10-31T20:33:32.579+0000] {taskinstance.py:1956} INFO - Dependencies all met for dep_context=requeueable deps ti=<TaskInstance: ingestion_pipeline.silver_dbt.dbt_run_incrementals manual__2025-10-31T20:33:25.223332+00:00 [queued]>
[2025-10-31T20:33:32.580+0000] {taskinstance.py:2170} INFO - Starting attempt 1 of 2
[2025-10-31T20:33:32.593+0000] {taskinstance.py:2191} INFO - Executing <Task(BashOperator): silver_dbt.dbt_run_incrementals> on 2025-10-31 20:33:25.223332+00:00
[2025-10-31T20:33:32.599+0000] {standard_task_runner.py:60} INFO - Started process 517 to run task
[2025-10-31T20:33:32.606+0000] {standard_task_runner.py:87} INFO - Running: ['***', 'tasks', 'run', 'ingestion_pipeline', 'silver_dbt.dbt_run_incrementals', 'manual__2025-10-31T20:33:25.223332+00:00', '--job-id', '24', '--raw', '--subdir', 'DAGS_FOLDER/ingestion_dag.py', '--cfg-path', '/tmp/tmpv_j1h3os']
[2025-10-31T20:33:32.608+0000] {standard_task_runner.py:88} INFO - Job 24: Subtask silver_dbt.dbt_run_incrementals
[2025-10-31T20:33:32.681+0000] {task_command.py:423} INFO - Running <TaskInstance: ingestion_pipeline.silver_dbt.dbt_run_incrementals manual__2025-10-31T20:33:25.223332+00:00 [running]> on host f865f80ec1e7
[2025-10-31T20:33:32.788+0000] {taskinstance.py:2480} INFO - Exporting env vars: AIRFLOW_CTX_DAG_OWNER='***' AIRFLOW_CTX_DAG_ID='ingestion_pipeline' AIRFLOW_CTX_TASK_ID='silver_dbt.dbt_run_incrementals' AIRFLOW_CTX_EXECUTION_DATE='2025-10-31T20:33:25.223332+00:00' AIRFLOW_CTX_TRY_NUMBER='1' AIRFLOW_CTX_DAG_RUN_ID='manual__2025-10-31T20:33:25.223332+00:00'
[2025-10-31T20:33:32.791+0000] {subprocess.py:63} INFO - Tmp dir root location: /tmp
[2025-10-31T20:33:32.793+0000] {subprocess.py:75} INFO - Running command: ['/usr/bin/bash', '-c', 'docker exec -i dbt bash -lc \'\nset -e\ncd /dbt\nDBT_VARS=$(python - <<"PY"\nfrom datetime import datetime, timedelta\nimport json\nds = "2025-10-31"\nlag_days = 29\nlagged = (datetime.strptime(ds, "%Y-%m-%d") - timedelta(days=lag_days)).strftime("%Y-%m-%d")\nprint(json.dumps({"ds_lagged": lagged}))\nPY\n)\necho "dbt vars => ${DBT_VARS}"\ndbt --no-use-colors run --profiles-dir /dbt --select silver_payments silver_link_transactions --vars "${DBT_VARS}"\n\'']
[2025-10-31T20:33:32.803+0000] {subprocess.py:86} INFO - Output:
[2025-10-31T20:33:32.950+0000] {subprocess.py:93} INFO - dbt vars => {"ds_lagged": "2025-10-02"}
[2025-10-31T20:33:34.461+0000] {subprocess.py:93} INFO - 20:33:34  Running with dbt=1.10.13
[2025-10-31T20:33:34.687+0000] {subprocess.py:93} INFO - 20:33:34  Registered adapter: clickhouse=1.9.5
[2025-10-31T20:33:35.091+0000] {subprocess.py:93} INFO - 20:33:35  Found 3 models, 3 sources, 488 macros
[2025-10-31T20:33:35.094+0000] {subprocess.py:93} INFO - 20:33:35
[2025-10-31T20:33:35.096+0000] {subprocess.py:93} INFO - 20:33:35  Concurrency: 4 threads (target='dev')
[2025-10-31T20:33:35.098+0000] {subprocess.py:93} INFO - 20:33:35
[2025-10-31T20:33:35.354+0000] {subprocess.py:93} INFO - 20:33:35  1 of 2 START sql incremental model `silver`.`silver_link_transactions` ......... [RUN]
[2025-10-31T20:33:35.355+0000] {subprocess.py:93} INFO - 20:33:35  2 of 2 START sql incremental model `silver`.`silver_payments` .................. [RUN]
[2025-10-31T20:33:35.836+0000] {subprocess.py:93} INFO - 20:33:35  1 of 2 OK created sql incremental model `silver`.`silver_link_transactions` .... [OK in 0.47s]
[2025-10-31T20:33:35.870+0000] {subprocess.py:93} INFO - 20:33:35  2 of 2 OK created sql incremental model `silver`.`silver_payments` ............. [OK in 0.51s]
[2025-10-31T20:33:35.879+0000] {subprocess.py:93} INFO - 20:33:35
[2025-10-31T20:33:35.880+0000] {subprocess.py:93} INFO - 20:33:35  Finished running 2 incremental models in 0 hours 0 minutes and 0.78 seconds (0.78s).
[2025-10-31T20:33:35.942+0000] {subprocess.py:93} INFO - 20:33:35
[2025-10-31T20:33:35.944+0000] {subprocess.py:93} INFO - 20:33:35  Completed successfully
[2025-10-31T20:33:35.945+0000] {subprocess.py:93} INFO - 20:33:35
[2025-10-31T20:33:35.947+0000] {subprocess.py:93} INFO - 20:33:35  Done. PASS=2 WARN=0 ERROR=0 SKIP=0 NO-OP=0 TOTAL=2
[2025-10-31T20:33:36.830+0000] {subprocess.py:97} INFO - Command exited with return code 0
[2025-10-31T20:33:36.861+0000] {taskinstance.py:1138} INFO - Marking task as SUCCESS. dag_id=ingestion_pipeline, task_id=silver_dbt.dbt_run_incrementals, execution_date=20251031T203325, start_date=20251031T203332, end_date=20251031T203336
[2025-10-31T20:33:36.915+0000] {local_task_job_runner.py:234} INFO - Task exited with return code 0
[2025-10-31T20:33:37.021+0000] {taskinstance.py:3280} INFO - 0 downstream tasks scheduled from follow-on schedule check
