[2025-11-02T00:30:01.345+0000] {taskinstance.py:1956} INFO - Dependencies all met for dep_context=non-requeueable deps ti=<TaskInstance: gold_dimensions_pipeline.dbt_dim_date scheduled__2025-10-24T00:00:00+00:00 [queued]>
[2025-11-02T00:30:01.361+0000] {taskinstance.py:1956} INFO - Dependencies all met for dep_context=requeueable deps ti=<TaskInstance: gold_dimensions_pipeline.dbt_dim_date scheduled__2025-10-24T00:00:00+00:00 [queued]>
[2025-11-02T00:30:01.363+0000] {taskinstance.py:2170} INFO - Starting attempt 1 of 2
[2025-11-02T00:30:01.384+0000] {taskinstance.py:2191} INFO - Executing <Task(PythonOperator): dbt_dim_date> on 2025-10-24 00:00:00+00:00
[2025-11-02T00:30:01.395+0000] {standard_task_runner.py:60} INFO - Started process 16380 to run task
[2025-11-02T00:30:01.401+0000] {standard_task_runner.py:87} INFO - Running: ['***', 'tasks', 'run', 'gold_dimensions_pipeline', 'dbt_dim_date', 'scheduled__2025-10-24T00:00:00+00:00', '--job-id', '400', '--raw', '--subdir', 'DAGS_FOLDER/gold_dag.py', '--cfg-path', '/tmp/tmpx1wljwhs']
[2025-11-02T00:30:01.406+0000] {standard_task_runner.py:88} INFO - Job 400: Subtask dbt_dim_date
[2025-11-02T00:30:01.553+0000] {task_command.py:423} INFO - Running <TaskInstance: gold_dimensions_pipeline.dbt_dim_date scheduled__2025-10-24T00:00:00+00:00 [running]> on host 6335aa85b335
[2025-11-02T00:30:01.719+0000] {taskinstance.py:2480} INFO - Exporting env vars: AIRFLOW_CTX_DAG_OWNER='***' AIRFLOW_CTX_DAG_ID='gold_dimensions_pipeline' AIRFLOW_CTX_TASK_ID='dbt_dim_date' AIRFLOW_CTX_EXECUTION_DATE='2025-10-24T00:00:00+00:00' AIRFLOW_CTX_TRY_NUMBER='1' AIRFLOW_CTX_DAG_RUN_ID='scheduled__2025-10-24T00:00:00+00:00'
[2025-11-02T00:30:11.895+0000] {python.py:201} INFO - Done. Returned value was: None
[2025-11-02T00:30:11.915+0000] {taskinstance.py:1138} INFO - Marking task as SUCCESS. dag_id=gold_dimensions_pipeline, task_id=dbt_dim_date, execution_date=20251024T000000, start_date=20251102T003001, end_date=20251102T003011
[2025-11-02T00:30:11.973+0000] {local_task_job_runner.py:234} INFO - Task exited with return code 0
[2025-11-02T00:30:11.998+0000] {taskinstance.py:3280} INFO - 0 downstream tasks scheduled from follow-on schedule check
[2025-11-02T11:56:59.512+0000] {taskinstance.py:1956} INFO - Dependencies all met for dep_context=non-requeueable deps ti=<TaskInstance: gold_dimensions_pipeline.dbt_dim_date scheduled__2025-10-24T00:00:00+00:00 [queued]>
[2025-11-02T11:56:59.523+0000] {taskinstance.py:1956} INFO - Dependencies all met for dep_context=requeueable deps ti=<TaskInstance: gold_dimensions_pipeline.dbt_dim_date scheduled__2025-10-24T00:00:00+00:00 [queued]>
[2025-11-02T11:56:59.524+0000] {taskinstance.py:2170} INFO - Starting attempt 1 of 3
[2025-11-02T11:56:59.541+0000] {taskinstance.py:2191} INFO - Executing <Task(PythonOperator): dbt_dim_date> on 2025-10-24 00:00:00+00:00
[2025-11-02T11:56:59.551+0000] {standard_task_runner.py:60} INFO - Started process 6103 to run task
[2025-11-02T11:56:59.554+0000] {standard_task_runner.py:87} INFO - Running: ['***', 'tasks', 'run', 'gold_dimensions_pipeline', 'dbt_dim_date', 'scheduled__2025-10-24T00:00:00+00:00', '--job-id', '364', '--raw', '--subdir', 'DAGS_FOLDER/gold_dag.py', '--cfg-path', '/tmp/tmpo6ab91iy']
[2025-11-02T11:56:59.558+0000] {standard_task_runner.py:88} INFO - Job 364: Subtask dbt_dim_date
[2025-11-02T11:56:59.653+0000] {task_command.py:423} INFO - Running <TaskInstance: gold_dimensions_pipeline.dbt_dim_date scheduled__2025-10-24T00:00:00+00:00 [running]> on host 0d39d4365eb9
[2025-11-02T11:56:59.799+0000] {taskinstance.py:2480} INFO - Exporting env vars: AIRFLOW_CTX_DAG_OWNER='***' AIRFLOW_CTX_DAG_ID='gold_dimensions_pipeline' AIRFLOW_CTX_TASK_ID='dbt_dim_date' AIRFLOW_CTX_EXECUTION_DATE='2025-10-24T00:00:00+00:00' AIRFLOW_CTX_TRY_NUMBER='1' AIRFLOW_CTX_DAG_RUN_ID='scheduled__2025-10-24T00:00:00+00:00'
[2025-11-02T11:57:05.021+0000] {logging_mixin.py:188} INFO - ==== DBT STDOUT ====
[2025-11-02T11:57:05.023+0000] {logging_mixin.py:188} INFO - 11:57:02  Running with dbt=1.5.9
11:57:02  Registered adapter: clickhouse=1.5.2
11:57:03  [WARNING]: Configuration paths exist in your dbt_project.yml file which do not apply to any resources.
There are 2 unused configuration paths:
- models.ck_project.gold.fact
- models.ck_project.bronze
11:57:03  Found 7 models, 17 tests, 0 snapshots, 0 analyses, 349 macros, 0 operations, 0 seed files, 6 sources, 0 exposures, 0 metrics, 0 groups
11:57:03  
11:57:03  Concurrency: 4 threads (target='dev')
11:57:03  
11:57:03  1 of 1 START sql table model gold.dim_date ..................................... [RUN]
11:57:04  1 of 1 OK created sql table model gold.dim_date ................................ [OK in 0.25s]
11:57:04  
11:57:04  Finished running 1 table model in 0 hours 0 minutes and 0.58 seconds (0.58s).
11:57:04  
11:57:04  Completed successfully
11:57:04  
11:57:04  Done. PASS=1 WARN=0 ERROR=0 SKIP=0 TOTAL=1
[2025-11-02T11:57:05.024+0000] {logging_mixin.py:188} INFO - ==== DBT STDERR ====
[2025-11-02T11:57:05.025+0000] {python.py:201} INFO - Done. Returned value was: None
[2025-11-02T11:57:05.046+0000] {taskinstance.py:1138} INFO - Marking task as SUCCESS. dag_id=gold_dimensions_pipeline, task_id=dbt_dim_date, execution_date=20251024T000000, start_date=20251102T115659, end_date=20251102T115705
[2025-11-02T11:57:05.071+0000] {local_task_job_runner.py:234} INFO - Task exited with return code 0
[2025-11-02T11:57:05.096+0000] {taskinstance.py:3280} INFO - 3 downstream tasks scheduled from follow-on schedule check
