[2025-11-01T20:07:19.296+0000] {taskinstance.py:1956} INFO - Dependencies all met for dep_context=non-requeueable deps ti=<TaskInstance: ingestion_pipeline.load_merchants_bronze scheduled__2025-10-28T00:00:00+00:00 [queued]>
[2025-11-01T20:07:19.363+0000] {taskinstance.py:1956} INFO - Dependencies all met for dep_context=requeueable deps ti=<TaskInstance: ingestion_pipeline.load_merchants_bronze scheduled__2025-10-28T00:00:00+00:00 [queued]>
[2025-11-01T20:07:19.376+0000] {taskinstance.py:2170} INFO - Starting attempt 1 of 2
[2025-11-01T20:07:19.488+0000] {taskinstance.py:2191} INFO - Executing <Task(PythonOperator): load_merchants_bronze> on 2025-10-28 00:00:00+00:00
[2025-11-01T20:07:19.520+0000] {standard_task_runner.py:60} INFO - Started process 845 to run task
[2025-11-01T20:07:19.545+0000] {standard_task_runner.py:87} INFO - Running: ['***', 'tasks', 'run', 'ingestion_pipeline', 'load_merchants_bronze', 'scheduled__2025-10-28T00:00:00+00:00', '--job-id', '116', '--raw', '--subdir', 'DAGS_FOLDER/ingestion_dag.py', '--cfg-path', '/tmp/tmpzq95u7i1']
[2025-11-01T20:07:19.572+0000] {standard_task_runner.py:88} INFO - Job 116: Subtask load_merchants_bronze
[2025-11-01T20:07:19.812+0000] {task_command.py:423} INFO - Running <TaskInstance: ingestion_pipeline.load_merchants_bronze scheduled__2025-10-28T00:00:00+00:00 [running]> on host 1a955fda0cfd
[2025-11-01T20:07:20.280+0000] {taskinstance.py:2480} INFO - Exporting env vars: AIRFLOW_CTX_DAG_OWNER='***' AIRFLOW_CTX_DAG_ID='ingestion_pipeline' AIRFLOW_CTX_TASK_ID='load_merchants_bronze' AIRFLOW_CTX_EXECUTION_DATE='2025-10-28T00:00:00+00:00' AIRFLOW_CTX_TRY_NUMBER='1' AIRFLOW_CTX_DAG_RUN_ID='scheduled__2025-10-28T00:00:00+00:00'
[2025-11-01T20:07:22.891+0000] {merchants_to_clickhouse.py:86} INFO - [merchants->ch] Target CSV: /tmp/data/merchants/merchants-20251028.csv
[2025-11-01T20:07:22.898+0000] {merchants_to_clickhouse.py:91} INFO - [merchants->ch] Folder listing: ['merchants-20251029.csv']
[2025-11-01T20:07:22.912+0000] {crypto.py:82} WARNING - empty cryptography key - values will not be stored encrypted.
[2025-11-01T20:07:22.914+0000] {base.py:83} INFO - Using connection ID 'clickhouse_default' for task execution.
[2025-11-01T20:07:22.934+0000] {merchants_to_clickhouse.py:134} WARNING - [merchants->ch] File not found. Table ensured. Skipping insert.
[2025-11-01T20:07:22.936+0000] {python.py:201} INFO - Done. Returned value was: None
[2025-11-01T20:07:23.013+0000] {taskinstance.py:1138} INFO - Marking task as SUCCESS. dag_id=ingestion_pipeline, task_id=load_merchants_bronze, execution_date=20251028T000000, start_date=20251101T200719, end_date=20251101T200723
[2025-11-01T20:07:23.196+0000] {local_task_job_runner.py:234} INFO - Task exited with return code 0
[2025-11-01T20:07:23.294+0000] {taskinstance.py:3280} INFO - 0 downstream tasks scheduled from follow-on schedule check
[2025-11-01T20:18:39.403+0000] {taskinstance.py:1956} INFO - Dependencies all met for dep_context=non-requeueable deps ti=<TaskInstance: ingestion_pipeline.load_merchants_bronze scheduled__2025-10-28T00:00:00+00:00 [queued]>
[2025-11-01T20:18:39.488+0000] {taskinstance.py:1956} INFO - Dependencies all met for dep_context=requeueable deps ti=<TaskInstance: ingestion_pipeline.load_merchants_bronze scheduled__2025-10-28T00:00:00+00:00 [queued]>
[2025-11-01T20:18:39.495+0000] {taskinstance.py:2170} INFO - Starting attempt 1 of 2
[2025-11-01T20:18:39.697+0000] {taskinstance.py:2191} INFO - Executing <Task(PythonOperator): load_merchants_bronze> on 2025-10-28 00:00:00+00:00
[2025-11-01T20:18:39.718+0000] {standard_task_runner.py:60} INFO - Started process 785 to run task
[2025-11-01T20:18:39.757+0000] {standard_task_runner.py:87} INFO - Running: ['***', 'tasks', 'run', 'ingestion_pipeline', 'load_merchants_bronze', 'scheduled__2025-10-28T00:00:00+00:00', '--job-id', '113', '--raw', '--subdir', 'DAGS_FOLDER/ingestion_dag.py', '--cfg-path', '/tmp/tmpc6jr0qh_']
[2025-11-01T20:18:39.786+0000] {standard_task_runner.py:88} INFO - Job 113: Subtask load_merchants_bronze
[2025-11-01T20:18:40.157+0000] {task_command.py:423} INFO - Running <TaskInstance: ingestion_pipeline.load_merchants_bronze scheduled__2025-10-28T00:00:00+00:00 [running]> on host 6335aa85b335
[2025-11-01T20:18:40.605+0000] {taskinstance.py:2480} INFO - Exporting env vars: AIRFLOW_CTX_DAG_OWNER='***' AIRFLOW_CTX_DAG_ID='ingestion_pipeline' AIRFLOW_CTX_TASK_ID='load_merchants_bronze' AIRFLOW_CTX_EXECUTION_DATE='2025-10-28T00:00:00+00:00' AIRFLOW_CTX_TRY_NUMBER='1' AIRFLOW_CTX_DAG_RUN_ID='scheduled__2025-10-28T00:00:00+00:00'
[2025-11-01T20:18:44.946+0000] {merchants_to_clickhouse.py:86} INFO - [merchants->ch] Target CSV: /tmp/data/merchants/merchants-20251028.csv
[2025-11-01T20:18:44.952+0000] {merchants_to_clickhouse.py:91} INFO - [merchants->ch] Folder listing: ['merchants-20251029.csv', 'merchants-20251030.csv']
[2025-11-01T20:18:44.955+0000] {crypto.py:82} WARNING - empty cryptography key - values will not be stored encrypted.
[2025-11-01T20:18:44.961+0000] {base.py:83} INFO - Using connection ID 'clickhouse_default' for task execution.
[2025-11-01T20:18:44.989+0000] {merchants_to_clickhouse.py:134} WARNING - [merchants->ch] File not found. Table ensured. Skipping insert.
[2025-11-01T20:18:44.991+0000] {python.py:201} INFO - Done. Returned value was: None
[2025-11-01T20:18:45.057+0000] {taskinstance.py:1138} INFO - Marking task as SUCCESS. dag_id=ingestion_pipeline, task_id=load_merchants_bronze, execution_date=20251028T000000, start_date=20251101T201839, end_date=20251101T201845
[2025-11-01T20:18:45.188+0000] {local_task_job_runner.py:234} INFO - Task exited with return code 0
[2025-11-01T20:18:45.309+0000] {taskinstance.py:3280} INFO - 0 downstream tasks scheduled from follow-on schedule check
[2025-11-02T01:30:09.283+0000] {taskinstance.py:1956} INFO - Dependencies all met for dep_context=non-requeueable deps ti=<TaskInstance: ingestion_pipeline.load_merchants_bronze scheduled__2025-10-28T00:00:00+00:00 [queued]>
[2025-11-02T01:30:09.429+0000] {taskinstance.py:1956} INFO - Dependencies all met for dep_context=requeueable deps ti=<TaskInstance: ingestion_pipeline.load_merchants_bronze scheduled__2025-10-28T00:00:00+00:00 [queued]>
[2025-11-02T01:30:09.446+0000] {taskinstance.py:2170} INFO - Starting attempt 1 of 2
[2025-11-02T01:30:09.896+0000] {taskinstance.py:2191} INFO - Executing <Task(PythonOperator): load_merchants_bronze> on 2025-10-28 00:00:00+00:00
[2025-11-02T01:30:09.968+0000] {standard_task_runner.py:60} INFO - Started process 998 to run task
[2025-11-02T01:30:10.013+0000] {standard_task_runner.py:87} INFO - Running: ['***', 'tasks', 'run', 'ingestion_pipeline', 'load_merchants_bronze', 'scheduled__2025-10-28T00:00:00+00:00', '--job-id', '116', '--raw', '--subdir', 'DAGS_FOLDER/ingestion_dag.py', '--cfg-path', '/tmp/tmppf237v_b']
[2025-11-02T01:30:10.055+0000] {standard_task_runner.py:88} INFO - Job 116: Subtask load_merchants_bronze
[2025-11-02T01:30:10.691+0000] {task_command.py:423} INFO - Running <TaskInstance: ingestion_pipeline.load_merchants_bronze scheduled__2025-10-28T00:00:00+00:00 [running]> on host 3b0074fa0b5e
[2025-11-02T01:30:11.804+0000] {taskinstance.py:2480} INFO - Exporting env vars: AIRFLOW_CTX_DAG_OWNER='***' AIRFLOW_CTX_DAG_ID='ingestion_pipeline' AIRFLOW_CTX_TASK_ID='load_merchants_bronze' AIRFLOW_CTX_EXECUTION_DATE='2025-10-28T00:00:00+00:00' AIRFLOW_CTX_TRY_NUMBER='1' AIRFLOW_CTX_DAG_RUN_ID='scheduled__2025-10-28T00:00:00+00:00'
[2025-11-02T01:30:16.538+0000] {merchants_to_clickhouse.py:86} INFO - [merchants->ch] Target CSV: /tmp/data/merchants/merchants-20251028.csv
[2025-11-02T01:30:16.550+0000] {merchants_to_clickhouse.py:91} INFO - [merchants->ch] Folder listing: ['merchants-20251029.csv', 'merchants-20251030.csv']
[2025-11-02T01:30:16.557+0000] {crypto.py:82} WARNING - empty cryptography key - values will not be stored encrypted.
[2025-11-02T01:30:16.574+0000] {base.py:83} INFO - Using connection ID 'clickhouse_default' for task execution.
[2025-11-02T01:30:16.598+0000] {merchants_to_clickhouse.py:134} WARNING - [merchants->ch] File not found. Table ensured. Skipping insert.
[2025-11-02T01:30:16.599+0000] {python.py:201} INFO - Done. Returned value was: None
[2025-11-02T01:30:16.640+0000] {taskinstance.py:1138} INFO - Marking task as SUCCESS. dag_id=ingestion_pipeline, task_id=load_merchants_bronze, execution_date=20251028T000000, start_date=20251102T013009, end_date=20251102T013016
[2025-11-02T01:30:16.800+0000] {local_task_job_runner.py:234} INFO - Task exited with return code 0
[2025-11-02T01:30:16.851+0000] {taskinstance.py:3280} INFO - 0 downstream tasks scheduled from follow-on schedule check
[2025-11-02T11:28:02.871+0000] {taskinstance.py:1956} INFO - Dependencies all met for dep_context=non-requeueable deps ti=<TaskInstance: ingestion_pipeline.load_merchants_bronze scheduled__2025-10-28T00:00:00+00:00 [queued]>
[2025-11-02T11:28:03.023+0000] {taskinstance.py:1956} INFO - Dependencies all met for dep_context=requeueable deps ti=<TaskInstance: ingestion_pipeline.load_merchants_bronze scheduled__2025-10-28T00:00:00+00:00 [queued]>
[2025-11-02T11:28:03.031+0000] {taskinstance.py:2170} INFO - Starting attempt 1 of 2
[2025-11-02T11:28:03.174+0000] {taskinstance.py:2191} INFO - Executing <Task(PythonOperator): load_merchants_bronze> on 2025-10-28 00:00:00+00:00
[2025-11-02T11:28:03.238+0000] {standard_task_runner.py:60} INFO - Started process 1053 to run task
[2025-11-02T11:28:03.265+0000] {standard_task_runner.py:87} INFO - Running: ['***', 'tasks', 'run', 'ingestion_pipeline', 'load_merchants_bronze', 'scheduled__2025-10-28T00:00:00+00:00', '--job-id', '113', '--raw', '--subdir', 'DAGS_FOLDER/ingestion_dag.py', '--cfg-path', '/tmp/tmpq5_fr3hr']
[2025-11-02T11:28:03.293+0000] {standard_task_runner.py:88} INFO - Job 113: Subtask load_merchants_bronze
[2025-11-02T11:28:03.571+0000] {task_command.py:423} INFO - Running <TaskInstance: ingestion_pipeline.load_merchants_bronze scheduled__2025-10-28T00:00:00+00:00 [running]> on host 0d39d4365eb9
[2025-11-02T11:28:04.047+0000] {taskinstance.py:2480} INFO - Exporting env vars: AIRFLOW_CTX_DAG_OWNER='***' AIRFLOW_CTX_DAG_ID='ingestion_pipeline' AIRFLOW_CTX_TASK_ID='load_merchants_bronze' AIRFLOW_CTX_EXECUTION_DATE='2025-10-28T00:00:00+00:00' AIRFLOW_CTX_TRY_NUMBER='1' AIRFLOW_CTX_DAG_RUN_ID='scheduled__2025-10-28T00:00:00+00:00'
[2025-11-02T11:28:08.203+0000] {merchants_to_clickhouse.py:86} INFO - [merchants->ch] Target CSV: /tmp/data/merchants/merchants-20251028.csv
[2025-11-02T11:28:08.212+0000] {merchants_to_clickhouse.py:91} INFO - [merchants->ch] Folder listing: ['merchants-20251029.csv', 'merchants-20251030.csv']
[2025-11-02T11:28:08.227+0000] {crypto.py:82} WARNING - empty cryptography key - values will not be stored encrypted.
[2025-11-02T11:28:08.247+0000] {base.py:83} INFO - Using connection ID 'clickhouse_default' for task execution.
[2025-11-02T11:28:08.292+0000] {merchants_to_clickhouse.py:134} WARNING - [merchants->ch] File not found. Table ensured. Skipping insert.
[2025-11-02T11:28:08.305+0000] {python.py:201} INFO - Done. Returned value was: None
[2025-11-02T11:28:08.353+0000] {taskinstance.py:1138} INFO - Marking task as SUCCESS. dag_id=ingestion_pipeline, task_id=load_merchants_bronze, execution_date=20251028T000000, start_date=20251102T112802, end_date=20251102T112808
[2025-11-02T11:28:08.652+0000] {local_task_job_runner.py:234} INFO - Task exited with return code 0
[2025-11-02T11:28:09.075+0000] {taskinstance.py:3280} INFO - 0 downstream tasks scheduled from follow-on schedule check
