[2025-11-01T20:21:15.877+0000] {taskinstance.py:1956} INFO - Dependencies all met for dep_context=non-requeueable deps ti=<TaskInstance: silver_transformation_pipeline.dbt_run_linktx scheduled__2025-10-11T00:00:00+00:00 [queued]>
[2025-11-01T20:21:15.889+0000] {taskinstance.py:1956} INFO - Dependencies all met for dep_context=requeueable deps ti=<TaskInstance: silver_transformation_pipeline.dbt_run_linktx scheduled__2025-10-11T00:00:00+00:00 [queued]>
[2025-11-01T20:21:15.890+0000] {taskinstance.py:2170} INFO - Starting attempt 1 of 2
[2025-11-01T20:21:15.907+0000] {taskinstance.py:2191} INFO - Executing <Task(PythonOperator): dbt_run_linktx> on 2025-10-11 00:00:00+00:00
[2025-11-01T20:21:15.914+0000] {standard_task_runner.py:60} INFO - Started process 1443 to run task
[2025-11-01T20:21:15.919+0000] {standard_task_runner.py:87} INFO - Running: ['***', 'tasks', 'run', 'silver_transformation_pipeline', 'dbt_run_linktx', 'scheduled__2025-10-11T00:00:00+00:00', '--job-id', '168', '--raw', '--subdir', 'DAGS_FOLDER/silver_dag.py', '--cfg-path', '/tmp/tmpk71d0q7g']
[2025-11-01T20:21:15.922+0000] {standard_task_runner.py:88} INFO - Job 168: Subtask dbt_run_linktx
[2025-11-01T20:21:16.013+0000] {task_command.py:423} INFO - Running <TaskInstance: silver_transformation_pipeline.dbt_run_linktx scheduled__2025-10-11T00:00:00+00:00 [running]> on host 6335aa85b335
[2025-11-01T20:21:16.160+0000] {taskinstance.py:2480} INFO - Exporting env vars: AIRFLOW_CTX_DAG_OWNER='***' AIRFLOW_CTX_DAG_ID='silver_transformation_pipeline' AIRFLOW_CTX_TASK_ID='dbt_run_linktx' AIRFLOW_CTX_EXECUTION_DATE='2025-10-11T00:00:00+00:00' AIRFLOW_CTX_TRY_NUMBER='1' AIRFLOW_CTX_DAG_RUN_ID='scheduled__2025-10-11T00:00:00+00:00'
[2025-11-01T20:21:23.067+0000] {python.py:201} INFO - Done. Returned value was: None
[2025-11-01T20:21:23.084+0000] {taskinstance.py:1138} INFO - Marking task as SUCCESS. dag_id=silver_transformation_pipeline, task_id=dbt_run_linktx, execution_date=20251011T000000, start_date=20251101T202115, end_date=20251101T202123
[2025-11-01T20:21:23.136+0000] {local_task_job_runner.py:234} INFO - Task exited with return code 0
[2025-11-01T20:21:23.156+0000] {taskinstance.py:3280} INFO - 0 downstream tasks scheduled from follow-on schedule check
[2025-11-02T01:36:28.429+0000] {taskinstance.py:1956} INFO - Dependencies all met for dep_context=non-requeueable deps ti=<TaskInstance: silver_transformation_pipeline.dbt_run_linktx scheduled__2025-10-11T00:00:00+00:00 [queued]>
[2025-11-02T01:36:28.441+0000] {taskinstance.py:1956} INFO - Dependencies all met for dep_context=requeueable deps ti=<TaskInstance: silver_transformation_pipeline.dbt_run_linktx scheduled__2025-10-11T00:00:00+00:00 [queued]>
[2025-11-02T01:36:28.441+0000] {taskinstance.py:2170} INFO - Starting attempt 1 of 2
[2025-11-02T01:36:28.455+0000] {taskinstance.py:2191} INFO - Executing <Task(PythonOperator): dbt_run_linktx> on 2025-10-11 00:00:00+00:00
[2025-11-02T01:36:28.462+0000] {standard_task_runner.py:60} INFO - Started process 2145 to run task
[2025-11-02T01:36:28.469+0000] {standard_task_runner.py:87} INFO - Running: ['***', 'tasks', 'run', 'silver_transformation_pipeline', 'dbt_run_linktx', 'scheduled__2025-10-11T00:00:00+00:00', '--job-id', '172', '--raw', '--subdir', 'DAGS_FOLDER/silver_dag.py', '--cfg-path', '/tmp/tmp0db8qym4']
[2025-11-02T01:36:28.472+0000] {standard_task_runner.py:88} INFO - Job 172: Subtask dbt_run_linktx
[2025-11-02T01:36:28.551+0000] {task_command.py:423} INFO - Running <TaskInstance: silver_transformation_pipeline.dbt_run_linktx scheduled__2025-10-11T00:00:00+00:00 [running]> on host 3b0074fa0b5e
[2025-11-02T01:36:28.675+0000] {taskinstance.py:2480} INFO - Exporting env vars: AIRFLOW_CTX_DAG_OWNER='***' AIRFLOW_CTX_DAG_ID='silver_transformation_pipeline' AIRFLOW_CTX_TASK_ID='dbt_run_linktx' AIRFLOW_CTX_EXECUTION_DATE='2025-10-11T00:00:00+00:00' AIRFLOW_CTX_TRY_NUMBER='1' AIRFLOW_CTX_DAG_RUN_ID='scheduled__2025-10-11T00:00:00+00:00'
[2025-11-02T01:36:36.504+0000] {python.py:201} INFO - Done. Returned value was: None
[2025-11-02T01:36:36.522+0000] {taskinstance.py:1138} INFO - Marking task as SUCCESS. dag_id=silver_transformation_pipeline, task_id=dbt_run_linktx, execution_date=20251011T000000, start_date=20251102T013628, end_date=20251102T013636
[2025-11-02T01:36:36.579+0000] {local_task_job_runner.py:234} INFO - Task exited with return code 0
[2025-11-02T01:36:36.604+0000] {taskinstance.py:3280} INFO - 0 downstream tasks scheduled from follow-on schedule check
[2025-11-02T11:31:38.876+0000] {taskinstance.py:1956} INFO - Dependencies all met for dep_context=non-requeueable deps ti=<TaskInstance: silver_transformation_pipeline.dbt_run_linktx scheduled__2025-10-11T00:00:00+00:00 [queued]>
[2025-11-02T11:31:38.904+0000] {taskinstance.py:1956} INFO - Dependencies all met for dep_context=requeueable deps ti=<TaskInstance: silver_transformation_pipeline.dbt_run_linktx scheduled__2025-10-11T00:00:00+00:00 [queued]>
[2025-11-02T11:31:38.906+0000] {taskinstance.py:2170} INFO - Starting attempt 1 of 2
[2025-11-02T11:31:38.944+0000] {taskinstance.py:2191} INFO - Executing <Task(PythonOperator): dbt_run_linktx> on 2025-10-11 00:00:00+00:00
[2025-11-02T11:31:38.958+0000] {standard_task_runner.py:60} INFO - Started process 2204 to run task
[2025-11-02T11:31:38.966+0000] {standard_task_runner.py:87} INFO - Running: ['***', 'tasks', 'run', 'silver_transformation_pipeline', 'dbt_run_linktx', 'scheduled__2025-10-11T00:00:00+00:00', '--job-id', '183', '--raw', '--subdir', 'DAGS_FOLDER/silver_dag.py', '--cfg-path', '/tmp/tmpwti6tv94']
[2025-11-02T11:31:38.970+0000] {standard_task_runner.py:88} INFO - Job 183: Subtask dbt_run_linktx
[2025-11-02T11:31:39.127+0000] {task_command.py:423} INFO - Running <TaskInstance: silver_transformation_pipeline.dbt_run_linktx scheduled__2025-10-11T00:00:00+00:00 [running]> on host 0d39d4365eb9
[2025-11-02T11:31:39.351+0000] {taskinstance.py:2480} INFO - Exporting env vars: AIRFLOW_CTX_DAG_OWNER='***' AIRFLOW_CTX_DAG_ID='silver_transformation_pipeline' AIRFLOW_CTX_TASK_ID='dbt_run_linktx' AIRFLOW_CTX_EXECUTION_DATE='2025-10-11T00:00:00+00:00' AIRFLOW_CTX_TRY_NUMBER='1' AIRFLOW_CTX_DAG_RUN_ID='scheduled__2025-10-11T00:00:00+00:00'
[2025-11-02T11:31:53.491+0000] {python.py:201} INFO - Done. Returned value was: None
[2025-11-02T11:31:53.511+0000] {taskinstance.py:1138} INFO - Marking task as SUCCESS. dag_id=silver_transformation_pipeline, task_id=dbt_run_linktx, execution_date=20251011T000000, start_date=20251102T113138, end_date=20251102T113153
[2025-11-02T11:31:53.569+0000] {local_task_job_runner.py:234} INFO - Task exited with return code 0
[2025-11-02T11:31:53.587+0000] {taskinstance.py:3280} INFO - 0 downstream tasks scheduled from follow-on schedule check
