[2025-11-09T00:16:19.518+0000] {processor.py:161} INFO - Started process (PID=62938) to work on /opt/airflow/dags/ingestion_dag.py
[2025-11-09T00:16:19.520+0000] {processor.py:830} INFO - Processing file /opt/airflow/dags/ingestion_dag.py for tasks to queue
[2025-11-09T00:16:19.530+0000] {logging_mixin.py:188} INFO - [2025-11-09T00:16:19.529+0000] {dagbag.py:538} INFO - Filling up the DagBag from /opt/airflow/dags/ingestion_dag.py
[2025-11-09T00:16:21.646+0000] {processor.py:840} INFO - DAG(s) 'ingestion_pipeline' retrieved from /opt/airflow/dags/ingestion_dag.py
[2025-11-09T00:16:21.870+0000] {logging_mixin.py:188} INFO - [2025-11-09T00:16:21.870+0000] {dag.py:3036} INFO - Sync 1 DAGs
[2025-11-09T00:16:22.208+0000] {logging_mixin.py:188} INFO - [2025-11-09T00:16:22.208+0000] {dag.py:3823} INFO - Setting next_dagrun for ingestion_pipeline to 2025-11-09 00:00:00+00:00, run_after=2025-11-10 00:00:00+00:00
[2025-11-09T00:16:22.296+0000] {processor.py:183} INFO - Processing /opt/airflow/dags/ingestion_dag.py took 2.783 seconds
[2025-11-09T00:16:53.013+0000] {processor.py:161} INFO - Started process (PID=63046) to work on /opt/airflow/dags/ingestion_dag.py
[2025-11-09T00:16:53.015+0000] {processor.py:830} INFO - Processing file /opt/airflow/dags/ingestion_dag.py for tasks to queue
[2025-11-09T00:16:53.017+0000] {logging_mixin.py:188} INFO - [2025-11-09T00:16:53.016+0000] {dagbag.py:538} INFO - Filling up the DagBag from /opt/airflow/dags/ingestion_dag.py
[2025-11-09T00:16:53.135+0000] {processor.py:840} INFO - DAG(s) 'ingestion_pipeline' retrieved from /opt/airflow/dags/ingestion_dag.py
[2025-11-09T00:16:53.166+0000] {logging_mixin.py:188} INFO - [2025-11-09T00:16:53.166+0000] {dag.py:3036} INFO - Sync 1 DAGs
[2025-11-09T00:16:53.193+0000] {logging_mixin.py:188} INFO - [2025-11-09T00:16:53.193+0000] {dag.py:3823} INFO - Setting next_dagrun for ingestion_pipeline to 2025-11-09 00:00:00+00:00, run_after=2025-11-10 00:00:00+00:00
[2025-11-09T00:16:53.218+0000] {processor.py:183} INFO - Processing /opt/airflow/dags/ingestion_dag.py took 0.209 seconds
[2025-11-09T00:17:23.317+0000] {processor.py:161} INFO - Started process (PID=63081) to work on /opt/airflow/dags/ingestion_dag.py
[2025-11-09T00:17:23.318+0000] {processor.py:830} INFO - Processing file /opt/airflow/dags/ingestion_dag.py for tasks to queue
[2025-11-09T00:17:23.320+0000] {logging_mixin.py:188} INFO - [2025-11-09T00:17:23.319+0000] {dagbag.py:538} INFO - Filling up the DagBag from /opt/airflow/dags/ingestion_dag.py
[2025-11-09T00:17:23.436+0000] {processor.py:840} INFO - DAG(s) 'ingestion_pipeline' retrieved from /opt/airflow/dags/ingestion_dag.py
[2025-11-09T00:17:23.468+0000] {logging_mixin.py:188} INFO - [2025-11-09T00:17:23.467+0000] {dag.py:3036} INFO - Sync 1 DAGs
[2025-11-09T00:17:23.495+0000] {logging_mixin.py:188} INFO - [2025-11-09T00:17:23.494+0000] {dag.py:3823} INFO - Setting next_dagrun for ingestion_pipeline to 2025-11-09 00:00:00+00:00, run_after=2025-11-10 00:00:00+00:00
[2025-11-09T00:17:23.530+0000] {processor.py:183} INFO - Processing /opt/airflow/dags/ingestion_dag.py took 0.218 seconds
[2025-11-09T00:17:53.703+0000] {processor.py:161} INFO - Started process (PID=63121) to work on /opt/airflow/dags/ingestion_dag.py
[2025-11-09T00:17:53.704+0000] {processor.py:830} INFO - Processing file /opt/airflow/dags/ingestion_dag.py for tasks to queue
[2025-11-09T00:17:53.706+0000] {logging_mixin.py:188} INFO - [2025-11-09T00:17:53.705+0000] {dagbag.py:538} INFO - Filling up the DagBag from /opt/airflow/dags/ingestion_dag.py
[2025-11-09T00:17:53.789+0000] {processor.py:840} INFO - DAG(s) 'ingestion_pipeline' retrieved from /opt/airflow/dags/ingestion_dag.py
[2025-11-09T00:17:53.818+0000] {logging_mixin.py:188} INFO - [2025-11-09T00:17:53.818+0000] {dag.py:3036} INFO - Sync 1 DAGs
[2025-11-09T00:17:53.840+0000] {logging_mixin.py:188} INFO - [2025-11-09T00:17:53.840+0000] {dag.py:3823} INFO - Setting next_dagrun for ingestion_pipeline to 2025-11-09 00:00:00+00:00, run_after=2025-11-10 00:00:00+00:00
[2025-11-09T00:17:53.861+0000] {processor.py:183} INFO - Processing /opt/airflow/dags/ingestion_dag.py took 0.162 seconds
[2025-11-09T00:18:23.934+0000] {processor.py:161} INFO - Started process (PID=63156) to work on /opt/airflow/dags/ingestion_dag.py
[2025-11-09T00:18:23.935+0000] {processor.py:830} INFO - Processing file /opt/airflow/dags/ingestion_dag.py for tasks to queue
[2025-11-09T00:18:23.937+0000] {logging_mixin.py:188} INFO - [2025-11-09T00:18:23.936+0000] {dagbag.py:538} INFO - Filling up the DagBag from /opt/airflow/dags/ingestion_dag.py
[2025-11-09T00:18:24.038+0000] {processor.py:840} INFO - DAG(s) 'ingestion_pipeline' retrieved from /opt/airflow/dags/ingestion_dag.py
[2025-11-09T00:18:24.070+0000] {logging_mixin.py:188} INFO - [2025-11-09T00:18:24.070+0000] {dag.py:3036} INFO - Sync 1 DAGs
[2025-11-09T00:18:24.094+0000] {logging_mixin.py:188} INFO - [2025-11-09T00:18:24.093+0000] {dag.py:3823} INFO - Setting next_dagrun for ingestion_pipeline to 2025-11-09 00:00:00+00:00, run_after=2025-11-10 00:00:00+00:00
[2025-11-09T00:18:24.125+0000] {processor.py:183} INFO - Processing /opt/airflow/dags/ingestion_dag.py took 0.197 seconds
[2025-11-09T00:18:54.224+0000] {processor.py:161} INFO - Started process (PID=63196) to work on /opt/airflow/dags/ingestion_dag.py
[2025-11-09T00:18:54.226+0000] {processor.py:830} INFO - Processing file /opt/airflow/dags/ingestion_dag.py for tasks to queue
[2025-11-09T00:18:54.227+0000] {logging_mixin.py:188} INFO - [2025-11-09T00:18:54.227+0000] {dagbag.py:538} INFO - Filling up the DagBag from /opt/airflow/dags/ingestion_dag.py
[2025-11-09T00:18:54.331+0000] {processor.py:840} INFO - DAG(s) 'ingestion_pipeline' retrieved from /opt/airflow/dags/ingestion_dag.py
[2025-11-09T00:18:54.360+0000] {logging_mixin.py:188} INFO - [2025-11-09T00:18:54.359+0000] {dag.py:3036} INFO - Sync 1 DAGs
[2025-11-09T00:18:54.383+0000] {logging_mixin.py:188} INFO - [2025-11-09T00:18:54.382+0000] {dag.py:3823} INFO - Setting next_dagrun for ingestion_pipeline to 2025-11-09 00:00:00+00:00, run_after=2025-11-10 00:00:00+00:00
[2025-11-09T00:18:54.405+0000] {processor.py:183} INFO - Processing /opt/airflow/dags/ingestion_dag.py took 0.187 seconds
[2025-11-09T00:19:24.475+0000] {processor.py:161} INFO - Started process (PID=63231) to work on /opt/airflow/dags/ingestion_dag.py
[2025-11-09T00:19:24.477+0000] {processor.py:830} INFO - Processing file /opt/airflow/dags/ingestion_dag.py for tasks to queue
[2025-11-09T00:19:24.478+0000] {logging_mixin.py:188} INFO - [2025-11-09T00:19:24.478+0000] {dagbag.py:538} INFO - Filling up the DagBag from /opt/airflow/dags/ingestion_dag.py
[2025-11-09T00:19:24.570+0000] {processor.py:840} INFO - DAG(s) 'ingestion_pipeline' retrieved from /opt/airflow/dags/ingestion_dag.py
[2025-11-09T00:19:24.615+0000] {logging_mixin.py:188} INFO - [2025-11-09T00:19:24.614+0000] {dag.py:3036} INFO - Sync 1 DAGs
[2025-11-09T00:19:24.653+0000] {logging_mixin.py:188} INFO - [2025-11-09T00:19:24.652+0000] {dag.py:3823} INFO - Setting next_dagrun for ingestion_pipeline to 2025-11-09 00:00:00+00:00, run_after=2025-11-10 00:00:00+00:00
[2025-11-09T00:19:24.695+0000] {processor.py:183} INFO - Processing /opt/airflow/dags/ingestion_dag.py took 0.223 seconds
[2025-11-09T00:19:55.275+0000] {processor.py:161} INFO - Started process (PID=63254) to work on /opt/airflow/dags/ingestion_dag.py
[2025-11-09T00:19:55.277+0000] {processor.py:830} INFO - Processing file /opt/airflow/dags/ingestion_dag.py for tasks to queue
[2025-11-09T00:19:55.280+0000] {logging_mixin.py:188} INFO - [2025-11-09T00:19:55.279+0000] {dagbag.py:538} INFO - Filling up the DagBag from /opt/airflow/dags/ingestion_dag.py
[2025-11-09T00:19:55.405+0000] {processor.py:840} INFO - DAG(s) 'ingestion_pipeline' retrieved from /opt/airflow/dags/ingestion_dag.py
[2025-11-09T00:19:55.445+0000] {logging_mixin.py:188} INFO - [2025-11-09T00:19:55.445+0000] {dag.py:3036} INFO - Sync 1 DAGs
[2025-11-09T00:19:55.471+0000] {logging_mixin.py:188} INFO - [2025-11-09T00:19:55.471+0000] {dag.py:3823} INFO - Setting next_dagrun for ingestion_pipeline to 2025-11-09 00:00:00+00:00, run_after=2025-11-10 00:00:00+00:00
[2025-11-09T00:19:55.496+0000] {processor.py:183} INFO - Processing /opt/airflow/dags/ingestion_dag.py took 0.226 seconds
[2025-11-09T00:20:26.444+0000] {processor.py:161} INFO - Started process (PID=63289) to work on /opt/airflow/dags/ingestion_dag.py
[2025-11-09T00:20:26.446+0000] {processor.py:830} INFO - Processing file /opt/airflow/dags/ingestion_dag.py for tasks to queue
[2025-11-09T00:20:26.447+0000] {logging_mixin.py:188} INFO - [2025-11-09T00:20:26.447+0000] {dagbag.py:538} INFO - Filling up the DagBag from /opt/airflow/dags/ingestion_dag.py
[2025-11-09T00:20:26.554+0000] {processor.py:840} INFO - DAG(s) 'ingestion_pipeline' retrieved from /opt/airflow/dags/ingestion_dag.py
[2025-11-09T00:20:26.597+0000] {logging_mixin.py:188} INFO - [2025-11-09T00:20:26.597+0000] {dag.py:3036} INFO - Sync 1 DAGs
[2025-11-09T00:20:26.628+0000] {logging_mixin.py:188} INFO - [2025-11-09T00:20:26.628+0000] {dag.py:3823} INFO - Setting next_dagrun for ingestion_pipeline to 2025-11-09 00:00:00+00:00, run_after=2025-11-10 00:00:00+00:00
[2025-11-09T00:20:26.661+0000] {processor.py:183} INFO - Processing /opt/airflow/dags/ingestion_dag.py took 0.220 seconds
[2025-11-09T00:20:56.899+0000] {processor.py:161} INFO - Started process (PID=63324) to work on /opt/airflow/dags/ingestion_dag.py
[2025-11-09T00:20:56.901+0000] {processor.py:830} INFO - Processing file /opt/airflow/dags/ingestion_dag.py for tasks to queue
[2025-11-09T00:20:56.903+0000] {logging_mixin.py:188} INFO - [2025-11-09T00:20:56.902+0000] {dagbag.py:538} INFO - Filling up the DagBag from /opt/airflow/dags/ingestion_dag.py
[2025-11-09T00:20:57.000+0000] {processor.py:840} INFO - DAG(s) 'ingestion_pipeline' retrieved from /opt/airflow/dags/ingestion_dag.py
[2025-11-09T00:20:57.043+0000] {logging_mixin.py:188} INFO - [2025-11-09T00:20:57.042+0000] {dag.py:3036} INFO - Sync 1 DAGs
[2025-11-09T00:20:57.077+0000] {logging_mixin.py:188} INFO - [2025-11-09T00:20:57.077+0000] {dag.py:3823} INFO - Setting next_dagrun for ingestion_pipeline to 2025-11-09 00:00:00+00:00, run_after=2025-11-10 00:00:00+00:00
[2025-11-09T00:20:57.117+0000] {processor.py:183} INFO - Processing /opt/airflow/dags/ingestion_dag.py took 0.223 seconds
[2025-11-09T00:21:27.367+0000] {processor.py:161} INFO - Started process (PID=63359) to work on /opt/airflow/dags/ingestion_dag.py
[2025-11-09T00:21:27.369+0000] {processor.py:830} INFO - Processing file /opt/airflow/dags/ingestion_dag.py for tasks to queue
[2025-11-09T00:21:27.371+0000] {logging_mixin.py:188} INFO - [2025-11-09T00:21:27.371+0000] {dagbag.py:538} INFO - Filling up the DagBag from /opt/airflow/dags/ingestion_dag.py
[2025-11-09T00:21:27.497+0000] {processor.py:840} INFO - DAG(s) 'ingestion_pipeline' retrieved from /opt/airflow/dags/ingestion_dag.py
[2025-11-09T00:21:27.538+0000] {logging_mixin.py:188} INFO - [2025-11-09T00:21:27.537+0000] {dag.py:3036} INFO - Sync 1 DAGs
[2025-11-09T00:21:27.564+0000] {logging_mixin.py:188} INFO - [2025-11-09T00:21:27.563+0000] {dag.py:3823} INFO - Setting next_dagrun for ingestion_pipeline to 2025-11-09 00:00:00+00:00, run_after=2025-11-10 00:00:00+00:00
[2025-11-09T00:21:27.587+0000] {processor.py:183} INFO - Processing /opt/airflow/dags/ingestion_dag.py took 0.225 seconds
[2025-11-09T00:21:57.740+0000] {processor.py:161} INFO - Started process (PID=63391) to work on /opt/airflow/dags/ingestion_dag.py
[2025-11-09T00:21:57.742+0000] {processor.py:830} INFO - Processing file /opt/airflow/dags/ingestion_dag.py for tasks to queue
[2025-11-09T00:21:57.743+0000] {logging_mixin.py:188} INFO - [2025-11-09T00:21:57.743+0000] {dagbag.py:538} INFO - Filling up the DagBag from /opt/airflow/dags/ingestion_dag.py
[2025-11-09T00:21:57.851+0000] {processor.py:840} INFO - DAG(s) 'ingestion_pipeline' retrieved from /opt/airflow/dags/ingestion_dag.py
[2025-11-09T00:21:57.882+0000] {logging_mixin.py:188} INFO - [2025-11-09T00:21:57.882+0000] {dag.py:3036} INFO - Sync 1 DAGs
[2025-11-09T00:21:57.905+0000] {logging_mixin.py:188} INFO - [2025-11-09T00:21:57.905+0000] {dag.py:3823} INFO - Setting next_dagrun for ingestion_pipeline to 2025-11-09 00:00:00+00:00, run_after=2025-11-10 00:00:00+00:00
[2025-11-09T00:21:57.931+0000] {processor.py:183} INFO - Processing /opt/airflow/dags/ingestion_dag.py took 0.194 seconds
[2025-11-09T00:22:28.138+0000] {processor.py:161} INFO - Started process (PID=63426) to work on /opt/airflow/dags/ingestion_dag.py
[2025-11-09T00:22:28.140+0000] {processor.py:830} INFO - Processing file /opt/airflow/dags/ingestion_dag.py for tasks to queue
[2025-11-09T00:22:28.141+0000] {logging_mixin.py:188} INFO - [2025-11-09T00:22:28.141+0000] {dagbag.py:538} INFO - Filling up the DagBag from /opt/airflow/dags/ingestion_dag.py
[2025-11-09T00:22:28.242+0000] {processor.py:840} INFO - DAG(s) 'ingestion_pipeline' retrieved from /opt/airflow/dags/ingestion_dag.py
[2025-11-09T00:22:28.274+0000] {logging_mixin.py:188} INFO - [2025-11-09T00:22:28.274+0000] {dag.py:3036} INFO - Sync 1 DAGs
[2025-11-09T00:22:28.297+0000] {logging_mixin.py:188} INFO - [2025-11-09T00:22:28.297+0000] {dag.py:3823} INFO - Setting next_dagrun for ingestion_pipeline to 2025-11-09 00:00:00+00:00, run_after=2025-11-10 00:00:00+00:00
[2025-11-09T00:22:28.330+0000] {processor.py:183} INFO - Processing /opt/airflow/dags/ingestion_dag.py took 0.196 seconds
[2025-11-09T00:22:58.525+0000] {processor.py:161} INFO - Started process (PID=63461) to work on /opt/airflow/dags/ingestion_dag.py
[2025-11-09T00:22:58.527+0000] {processor.py:830} INFO - Processing file /opt/airflow/dags/ingestion_dag.py for tasks to queue
[2025-11-09T00:22:58.528+0000] {logging_mixin.py:188} INFO - [2025-11-09T00:22:58.528+0000] {dagbag.py:538} INFO - Filling up the DagBag from /opt/airflow/dags/ingestion_dag.py
[2025-11-09T00:22:58.621+0000] {processor.py:840} INFO - DAG(s) 'ingestion_pipeline' retrieved from /opt/airflow/dags/ingestion_dag.py
[2025-11-09T00:22:58.669+0000] {logging_mixin.py:188} INFO - [2025-11-09T00:22:58.669+0000] {dag.py:3036} INFO - Sync 1 DAGs
[2025-11-09T00:22:58.701+0000] {logging_mixin.py:188} INFO - [2025-11-09T00:22:58.701+0000] {dag.py:3823} INFO - Setting next_dagrun for ingestion_pipeline to 2025-11-09 00:00:00+00:00, run_after=2025-11-10 00:00:00+00:00
[2025-11-09T00:22:58.734+0000] {processor.py:183} INFO - Processing /opt/airflow/dags/ingestion_dag.py took 0.213 seconds
[2025-11-09T00:23:28.878+0000] {processor.py:161} INFO - Started process (PID=63501) to work on /opt/airflow/dags/ingestion_dag.py
[2025-11-09T00:23:28.879+0000] {processor.py:830} INFO - Processing file /opt/airflow/dags/ingestion_dag.py for tasks to queue
[2025-11-09T00:23:28.881+0000] {logging_mixin.py:188} INFO - [2025-11-09T00:23:28.880+0000] {dagbag.py:538} INFO - Filling up the DagBag from /opt/airflow/dags/ingestion_dag.py
[2025-11-09T00:23:28.968+0000] {processor.py:840} INFO - DAG(s) 'ingestion_pipeline' retrieved from /opt/airflow/dags/ingestion_dag.py
[2025-11-09T00:23:29.003+0000] {logging_mixin.py:188} INFO - [2025-11-09T00:23:29.003+0000] {dag.py:3036} INFO - Sync 1 DAGs
[2025-11-09T00:23:29.029+0000] {logging_mixin.py:188} INFO - [2025-11-09T00:23:29.028+0000] {dag.py:3823} INFO - Setting next_dagrun for ingestion_pipeline to 2025-11-09 00:00:00+00:00, run_after=2025-11-10 00:00:00+00:00
[2025-11-09T00:23:29.055+0000] {processor.py:183} INFO - Processing /opt/airflow/dags/ingestion_dag.py took 0.182 seconds
[2025-11-09T00:23:59.164+0000] {processor.py:161} INFO - Started process (PID=63536) to work on /opt/airflow/dags/ingestion_dag.py
[2025-11-09T00:23:59.166+0000] {processor.py:830} INFO - Processing file /opt/airflow/dags/ingestion_dag.py for tasks to queue
[2025-11-09T00:23:59.168+0000] {logging_mixin.py:188} INFO - [2025-11-09T00:23:59.168+0000] {dagbag.py:538} INFO - Filling up the DagBag from /opt/airflow/dags/ingestion_dag.py
[2025-11-09T00:23:59.235+0000] {processor.py:840} INFO - DAG(s) 'ingestion_pipeline' retrieved from /opt/airflow/dags/ingestion_dag.py
[2025-11-09T00:23:59.267+0000] {logging_mixin.py:188} INFO - [2025-11-09T00:23:59.266+0000] {dag.py:3036} INFO - Sync 1 DAGs
[2025-11-09T00:23:59.288+0000] {logging_mixin.py:188} INFO - [2025-11-09T00:23:59.288+0000] {dag.py:3823} INFO - Setting next_dagrun for ingestion_pipeline to 2025-11-09 00:00:00+00:00, run_after=2025-11-10 00:00:00+00:00
[2025-11-09T00:23:59.316+0000] {processor.py:183} INFO - Processing /opt/airflow/dags/ingestion_dag.py took 0.156 seconds
[2025-11-09T00:24:29.518+0000] {processor.py:161} INFO - Started process (PID=63576) to work on /opt/airflow/dags/ingestion_dag.py
[2025-11-09T00:24:29.519+0000] {processor.py:830} INFO - Processing file /opt/airflow/dags/ingestion_dag.py for tasks to queue
[2025-11-09T00:24:29.520+0000] {logging_mixin.py:188} INFO - [2025-11-09T00:24:29.520+0000] {dagbag.py:538} INFO - Filling up the DagBag from /opt/airflow/dags/ingestion_dag.py
[2025-11-09T00:24:29.611+0000] {processor.py:840} INFO - DAG(s) 'ingestion_pipeline' retrieved from /opt/airflow/dags/ingestion_dag.py
[2025-11-09T00:24:29.642+0000] {logging_mixin.py:188} INFO - [2025-11-09T00:24:29.642+0000] {dag.py:3036} INFO - Sync 1 DAGs
[2025-11-09T00:24:29.662+0000] {logging_mixin.py:188} INFO - [2025-11-09T00:24:29.661+0000] {dag.py:3823} INFO - Setting next_dagrun for ingestion_pipeline to 2025-11-09 00:00:00+00:00, run_after=2025-11-10 00:00:00+00:00
[2025-11-09T00:24:29.691+0000] {processor.py:183} INFO - Processing /opt/airflow/dags/ingestion_dag.py took 0.177 seconds
[2025-11-09T00:24:59.763+0000] {processor.py:161} INFO - Started process (PID=63611) to work on /opt/airflow/dags/ingestion_dag.py
[2025-11-09T00:24:59.764+0000] {processor.py:830} INFO - Processing file /opt/airflow/dags/ingestion_dag.py for tasks to queue
[2025-11-09T00:24:59.766+0000] {logging_mixin.py:188} INFO - [2025-11-09T00:24:59.766+0000] {dagbag.py:538} INFO - Filling up the DagBag from /opt/airflow/dags/ingestion_dag.py
[2025-11-09T00:24:59.869+0000] {processor.py:840} INFO - DAG(s) 'ingestion_pipeline' retrieved from /opt/airflow/dags/ingestion_dag.py
[2025-11-09T00:24:59.913+0000] {logging_mixin.py:188} INFO - [2025-11-09T00:24:59.912+0000] {dag.py:3036} INFO - Sync 1 DAGs
[2025-11-09T00:24:59.942+0000] {logging_mixin.py:188} INFO - [2025-11-09T00:24:59.942+0000] {dag.py:3823} INFO - Setting next_dagrun for ingestion_pipeline to 2025-11-09 00:00:00+00:00, run_after=2025-11-10 00:00:00+00:00
[2025-11-09T00:24:59.968+0000] {processor.py:183} INFO - Processing /opt/airflow/dags/ingestion_dag.py took 0.211 seconds
[2025-11-09T00:25:30.983+0000] {processor.py:161} INFO - Started process (PID=63646) to work on /opt/airflow/dags/ingestion_dag.py
[2025-11-09T00:25:30.985+0000] {processor.py:830} INFO - Processing file /opt/airflow/dags/ingestion_dag.py for tasks to queue
[2025-11-09T00:25:30.986+0000] {logging_mixin.py:188} INFO - [2025-11-09T00:25:30.986+0000] {dagbag.py:538} INFO - Filling up the DagBag from /opt/airflow/dags/ingestion_dag.py
[2025-11-09T00:25:31.087+0000] {processor.py:840} INFO - DAG(s) 'ingestion_pipeline' retrieved from /opt/airflow/dags/ingestion_dag.py
[2025-11-09T00:25:31.115+0000] {logging_mixin.py:188} INFO - [2025-11-09T00:25:31.115+0000] {dag.py:3036} INFO - Sync 1 DAGs
[2025-11-09T00:25:31.137+0000] {logging_mixin.py:188} INFO - [2025-11-09T00:25:31.137+0000] {dag.py:3823} INFO - Setting next_dagrun for ingestion_pipeline to 2025-11-09 00:00:00+00:00, run_after=2025-11-10 00:00:00+00:00
[2025-11-09T00:25:31.168+0000] {processor.py:183} INFO - Processing /opt/airflow/dags/ingestion_dag.py took 0.188 seconds
[2025-11-09T00:26:02.111+0000] {processor.py:161} INFO - Started process (PID=63681) to work on /opt/airflow/dags/ingestion_dag.py
[2025-11-09T00:26:02.113+0000] {processor.py:830} INFO - Processing file /opt/airflow/dags/ingestion_dag.py for tasks to queue
[2025-11-09T00:26:02.114+0000] {logging_mixin.py:188} INFO - [2025-11-09T00:26:02.113+0000] {dagbag.py:538} INFO - Filling up the DagBag from /opt/airflow/dags/ingestion_dag.py
[2025-11-09T00:26:02.175+0000] {processor.py:840} INFO - DAG(s) 'ingestion_pipeline' retrieved from /opt/airflow/dags/ingestion_dag.py
[2025-11-09T00:26:02.203+0000] {logging_mixin.py:188} INFO - [2025-11-09T00:26:02.203+0000] {dag.py:3036} INFO - Sync 1 DAGs
[2025-11-09T00:26:02.223+0000] {logging_mixin.py:188} INFO - [2025-11-09T00:26:02.223+0000] {dag.py:3823} INFO - Setting next_dagrun for ingestion_pipeline to 2025-11-09 00:00:00+00:00, run_after=2025-11-10 00:00:00+00:00
[2025-11-09T00:26:02.246+0000] {processor.py:183} INFO - Processing /opt/airflow/dags/ingestion_dag.py took 0.138 seconds
[2025-11-09T00:26:32.544+0000] {processor.py:161} INFO - Started process (PID=63716) to work on /opt/airflow/dags/ingestion_dag.py
[2025-11-09T00:26:32.546+0000] {processor.py:830} INFO - Processing file /opt/airflow/dags/ingestion_dag.py for tasks to queue
[2025-11-09T00:26:32.547+0000] {logging_mixin.py:188} INFO - [2025-11-09T00:26:32.546+0000] {dagbag.py:538} INFO - Filling up the DagBag from /opt/airflow/dags/ingestion_dag.py
[2025-11-09T00:26:32.622+0000] {processor.py:840} INFO - DAG(s) 'ingestion_pipeline' retrieved from /opt/airflow/dags/ingestion_dag.py
[2025-11-09T00:26:32.667+0000] {logging_mixin.py:188} INFO - [2025-11-09T00:26:32.667+0000] {dag.py:3036} INFO - Sync 1 DAGs
[2025-11-09T00:26:32.705+0000] {logging_mixin.py:188} INFO - [2025-11-09T00:26:32.705+0000] {dag.py:3823} INFO - Setting next_dagrun for ingestion_pipeline to 2025-11-09 00:00:00+00:00, run_after=2025-11-10 00:00:00+00:00
[2025-11-09T00:26:32.742+0000] {processor.py:183} INFO - Processing /opt/airflow/dags/ingestion_dag.py took 0.203 seconds
[2025-11-09T00:27:03.442+0000] {processor.py:161} INFO - Started process (PID=63751) to work on /opt/airflow/dags/ingestion_dag.py
[2025-11-09T00:27:03.444+0000] {processor.py:830} INFO - Processing file /opt/airflow/dags/ingestion_dag.py for tasks to queue
[2025-11-09T00:27:03.445+0000] {logging_mixin.py:188} INFO - [2025-11-09T00:27:03.444+0000] {dagbag.py:538} INFO - Filling up the DagBag from /opt/airflow/dags/ingestion_dag.py
[2025-11-09T00:27:03.500+0000] {processor.py:840} INFO - DAG(s) 'ingestion_pipeline' retrieved from /opt/airflow/dags/ingestion_dag.py
[2025-11-09T00:27:03.530+0000] {logging_mixin.py:188} INFO - [2025-11-09T00:27:03.530+0000] {dag.py:3036} INFO - Sync 1 DAGs
[2025-11-09T00:27:03.551+0000] {logging_mixin.py:188} INFO - [2025-11-09T00:27:03.550+0000] {dag.py:3823} INFO - Setting next_dagrun for ingestion_pipeline to 2025-11-09 00:00:00+00:00, run_after=2025-11-10 00:00:00+00:00
[2025-11-09T00:27:03.574+0000] {processor.py:183} INFO - Processing /opt/airflow/dags/ingestion_dag.py took 0.135 seconds
[2025-11-09T00:27:34.294+0000] {processor.py:161} INFO - Started process (PID=63786) to work on /opt/airflow/dags/ingestion_dag.py
[2025-11-09T00:27:34.295+0000] {processor.py:830} INFO - Processing file /opt/airflow/dags/ingestion_dag.py for tasks to queue
[2025-11-09T00:27:34.297+0000] {logging_mixin.py:188} INFO - [2025-11-09T00:27:34.296+0000] {dagbag.py:538} INFO - Filling up the DagBag from /opt/airflow/dags/ingestion_dag.py
[2025-11-09T00:27:34.434+0000] {processor.py:840} INFO - DAG(s) 'ingestion_pipeline' retrieved from /opt/airflow/dags/ingestion_dag.py
[2025-11-09T00:27:34.463+0000] {logging_mixin.py:188} INFO - [2025-11-09T00:27:34.463+0000] {dag.py:3036} INFO - Sync 1 DAGs
[2025-11-09T00:27:34.485+0000] {logging_mixin.py:188} INFO - [2025-11-09T00:27:34.484+0000] {dag.py:3823} INFO - Setting next_dagrun for ingestion_pipeline to 2025-11-09 00:00:00+00:00, run_after=2025-11-10 00:00:00+00:00
[2025-11-09T00:27:34.507+0000] {processor.py:183} INFO - Processing /opt/airflow/dags/ingestion_dag.py took 0.218 seconds
[2025-11-09T00:28:05.241+0000] {processor.py:161} INFO - Started process (PID=63821) to work on /opt/airflow/dags/ingestion_dag.py
[2025-11-09T00:28:05.242+0000] {processor.py:830} INFO - Processing file /opt/airflow/dags/ingestion_dag.py for tasks to queue
[2025-11-09T00:28:05.244+0000] {logging_mixin.py:188} INFO - [2025-11-09T00:28:05.243+0000] {dagbag.py:538} INFO - Filling up the DagBag from /opt/airflow/dags/ingestion_dag.py
[2025-11-09T00:28:05.317+0000] {processor.py:840} INFO - DAG(s) 'ingestion_pipeline' retrieved from /opt/airflow/dags/ingestion_dag.py
[2025-11-09T00:28:05.345+0000] {logging_mixin.py:188} INFO - [2025-11-09T00:28:05.345+0000] {dag.py:3036} INFO - Sync 1 DAGs
[2025-11-09T00:28:05.365+0000] {logging_mixin.py:188} INFO - [2025-11-09T00:28:05.365+0000] {dag.py:3823} INFO - Setting next_dagrun for ingestion_pipeline to 2025-11-09 00:00:00+00:00, run_after=2025-11-10 00:00:00+00:00
[2025-11-09T00:28:05.394+0000] {processor.py:183} INFO - Processing /opt/airflow/dags/ingestion_dag.py took 0.156 seconds
[2025-11-09T00:28:35.576+0000] {processor.py:161} INFO - Started process (PID=63856) to work on /opt/airflow/dags/ingestion_dag.py
[2025-11-09T00:28:35.578+0000] {processor.py:830} INFO - Processing file /opt/airflow/dags/ingestion_dag.py for tasks to queue
[2025-11-09T00:28:35.580+0000] {logging_mixin.py:188} INFO - [2025-11-09T00:28:35.580+0000] {dagbag.py:538} INFO - Filling up the DagBag from /opt/airflow/dags/ingestion_dag.py
[2025-11-09T00:28:35.703+0000] {processor.py:840} INFO - DAG(s) 'ingestion_pipeline' retrieved from /opt/airflow/dags/ingestion_dag.py
[2025-11-09T00:28:35.738+0000] {logging_mixin.py:188} INFO - [2025-11-09T00:28:35.738+0000] {dag.py:3036} INFO - Sync 1 DAGs
[2025-11-09T00:28:35.773+0000] {logging_mixin.py:188} INFO - [2025-11-09T00:28:35.773+0000] {dag.py:3823} INFO - Setting next_dagrun for ingestion_pipeline to 2025-11-09 00:00:00+00:00, run_after=2025-11-10 00:00:00+00:00
[2025-11-09T00:28:35.800+0000] {processor.py:183} INFO - Processing /opt/airflow/dags/ingestion_dag.py took 0.227 seconds
[2025-11-09T00:29:06.827+0000] {processor.py:161} INFO - Started process (PID=63891) to work on /opt/airflow/dags/ingestion_dag.py
[2025-11-09T00:29:06.828+0000] {processor.py:830} INFO - Processing file /opt/airflow/dags/ingestion_dag.py for tasks to queue
[2025-11-09T00:29:06.830+0000] {logging_mixin.py:188} INFO - [2025-11-09T00:29:06.829+0000] {dagbag.py:538} INFO - Filling up the DagBag from /opt/airflow/dags/ingestion_dag.py
[2025-11-09T00:29:06.928+0000] {processor.py:840} INFO - DAG(s) 'ingestion_pipeline' retrieved from /opt/airflow/dags/ingestion_dag.py
[2025-11-09T00:29:06.959+0000] {logging_mixin.py:188} INFO - [2025-11-09T00:29:06.959+0000] {dag.py:3036} INFO - Sync 1 DAGs
[2025-11-09T00:29:06.984+0000] {logging_mixin.py:188} INFO - [2025-11-09T00:29:06.984+0000] {dag.py:3823} INFO - Setting next_dagrun for ingestion_pipeline to 2025-11-09 00:00:00+00:00, run_after=2025-11-10 00:00:00+00:00
[2025-11-09T00:29:07.013+0000] {processor.py:183} INFO - Processing /opt/airflow/dags/ingestion_dag.py took 0.190 seconds
[2025-11-09T00:29:38.011+0000] {processor.py:161} INFO - Started process (PID=63926) to work on /opt/airflow/dags/ingestion_dag.py
[2025-11-09T00:29:38.013+0000] {processor.py:830} INFO - Processing file /opt/airflow/dags/ingestion_dag.py for tasks to queue
[2025-11-09T00:29:38.015+0000] {logging_mixin.py:188} INFO - [2025-11-09T00:29:38.014+0000] {dagbag.py:538} INFO - Filling up the DagBag from /opt/airflow/dags/ingestion_dag.py
[2025-11-09T00:29:38.149+0000] {processor.py:840} INFO - DAG(s) 'ingestion_pipeline' retrieved from /opt/airflow/dags/ingestion_dag.py
[2025-11-09T00:29:38.183+0000] {logging_mixin.py:188} INFO - [2025-11-09T00:29:38.183+0000] {dag.py:3036} INFO - Sync 1 DAGs
[2025-11-09T00:29:38.227+0000] {logging_mixin.py:188} INFO - [2025-11-09T00:29:38.226+0000] {dag.py:3823} INFO - Setting next_dagrun for ingestion_pipeline to 2025-11-09 00:00:00+00:00, run_after=2025-11-10 00:00:00+00:00
[2025-11-09T00:29:38.269+0000] {processor.py:183} INFO - Processing /opt/airflow/dags/ingestion_dag.py took 0.261 seconds
[2025-11-09T00:30:09.233+0000] {processor.py:161} INFO - Started process (PID=63961) to work on /opt/airflow/dags/ingestion_dag.py
[2025-11-09T00:30:09.235+0000] {processor.py:830} INFO - Processing file /opt/airflow/dags/ingestion_dag.py for tasks to queue
[2025-11-09T00:30:09.237+0000] {logging_mixin.py:188} INFO - [2025-11-09T00:30:09.236+0000] {dagbag.py:538} INFO - Filling up the DagBag from /opt/airflow/dags/ingestion_dag.py
[2025-11-09T00:30:09.368+0000] {processor.py:840} INFO - DAG(s) 'ingestion_pipeline' retrieved from /opt/airflow/dags/ingestion_dag.py
[2025-11-09T00:30:09.411+0000] {logging_mixin.py:188} INFO - [2025-11-09T00:30:09.410+0000] {dag.py:3036} INFO - Sync 1 DAGs
[2025-11-09T00:30:09.437+0000] {logging_mixin.py:188} INFO - [2025-11-09T00:30:09.437+0000] {dag.py:3823} INFO - Setting next_dagrun for ingestion_pipeline to 2025-11-09 00:00:00+00:00, run_after=2025-11-10 00:00:00+00:00
[2025-11-09T00:30:09.480+0000] {processor.py:183} INFO - Processing /opt/airflow/dags/ingestion_dag.py took 0.252 seconds
[2025-11-09T00:30:40.449+0000] {processor.py:161} INFO - Started process (PID=63996) to work on /opt/airflow/dags/ingestion_dag.py
[2025-11-09T00:30:40.451+0000] {processor.py:830} INFO - Processing file /opt/airflow/dags/ingestion_dag.py for tasks to queue
[2025-11-09T00:30:40.452+0000] {logging_mixin.py:188} INFO - [2025-11-09T00:30:40.452+0000] {dagbag.py:538} INFO - Filling up the DagBag from /opt/airflow/dags/ingestion_dag.py
[2025-11-09T00:30:40.600+0000] {processor.py:840} INFO - DAG(s) 'ingestion_pipeline' retrieved from /opt/airflow/dags/ingestion_dag.py
[2025-11-09T00:30:40.629+0000] {logging_mixin.py:188} INFO - [2025-11-09T00:30:40.628+0000] {dag.py:3036} INFO - Sync 1 DAGs
[2025-11-09T00:30:40.649+0000] {logging_mixin.py:188} INFO - [2025-11-09T00:30:40.649+0000] {dag.py:3823} INFO - Setting next_dagrun for ingestion_pipeline to 2025-11-09 00:00:00+00:00, run_after=2025-11-10 00:00:00+00:00
[2025-11-09T00:30:40.679+0000] {processor.py:183} INFO - Processing /opt/airflow/dags/ingestion_dag.py took 0.233 seconds
[2025-11-09T00:31:10.792+0000] {processor.py:161} INFO - Started process (PID=64031) to work on /opt/airflow/dags/ingestion_dag.py
[2025-11-09T00:31:10.794+0000] {processor.py:830} INFO - Processing file /opt/airflow/dags/ingestion_dag.py for tasks to queue
[2025-11-09T00:31:10.795+0000] {logging_mixin.py:188} INFO - [2025-11-09T00:31:10.795+0000] {dagbag.py:538} INFO - Filling up the DagBag from /opt/airflow/dags/ingestion_dag.py
[2025-11-09T00:31:10.925+0000] {processor.py:840} INFO - DAG(s) 'ingestion_pipeline' retrieved from /opt/airflow/dags/ingestion_dag.py
[2025-11-09T00:31:10.955+0000] {logging_mixin.py:188} INFO - [2025-11-09T00:31:10.955+0000] {dag.py:3036} INFO - Sync 1 DAGs
[2025-11-09T00:31:10.978+0000] {logging_mixin.py:188} INFO - [2025-11-09T00:31:10.977+0000] {dag.py:3823} INFO - Setting next_dagrun for ingestion_pipeline to 2025-11-09 00:00:00+00:00, run_after=2025-11-10 00:00:00+00:00
[2025-11-09T00:31:11.002+0000] {processor.py:183} INFO - Processing /opt/airflow/dags/ingestion_dag.py took 0.213 seconds
[2025-11-09T00:31:41.229+0000] {processor.py:161} INFO - Started process (PID=64066) to work on /opt/airflow/dags/ingestion_dag.py
[2025-11-09T00:31:41.231+0000] {processor.py:830} INFO - Processing file /opt/airflow/dags/ingestion_dag.py for tasks to queue
[2025-11-09T00:31:41.232+0000] {logging_mixin.py:188} INFO - [2025-11-09T00:31:41.232+0000] {dagbag.py:538} INFO - Filling up the DagBag from /opt/airflow/dags/ingestion_dag.py
[2025-11-09T00:31:41.322+0000] {processor.py:840} INFO - DAG(s) 'ingestion_pipeline' retrieved from /opt/airflow/dags/ingestion_dag.py
[2025-11-09T00:31:41.352+0000] {logging_mixin.py:188} INFO - [2025-11-09T00:31:41.352+0000] {dag.py:3036} INFO - Sync 1 DAGs
[2025-11-09T00:31:41.376+0000] {logging_mixin.py:188} INFO - [2025-11-09T00:31:41.376+0000] {dag.py:3823} INFO - Setting next_dagrun for ingestion_pipeline to 2025-11-09 00:00:00+00:00, run_after=2025-11-10 00:00:00+00:00
[2025-11-09T00:31:41.403+0000] {processor.py:183} INFO - Processing /opt/airflow/dags/ingestion_dag.py took 0.180 seconds
[2025-11-09T00:32:12.407+0000] {processor.py:161} INFO - Started process (PID=64104) to work on /opt/airflow/dags/ingestion_dag.py
[2025-11-09T00:32:12.408+0000] {processor.py:830} INFO - Processing file /opt/airflow/dags/ingestion_dag.py for tasks to queue
[2025-11-09T00:32:12.410+0000] {logging_mixin.py:188} INFO - [2025-11-09T00:32:12.409+0000] {dagbag.py:538} INFO - Filling up the DagBag from /opt/airflow/dags/ingestion_dag.py
[2025-11-09T00:32:12.490+0000] {processor.py:840} INFO - DAG(s) 'ingestion_pipeline' retrieved from /opt/airflow/dags/ingestion_dag.py
[2025-11-09T00:32:12.525+0000] {logging_mixin.py:188} INFO - [2025-11-09T00:32:12.525+0000] {dag.py:3036} INFO - Sync 1 DAGs
[2025-11-09T00:32:12.550+0000] {logging_mixin.py:188} INFO - [2025-11-09T00:32:12.550+0000] {dag.py:3823} INFO - Setting next_dagrun for ingestion_pipeline to 2025-11-09 00:00:00+00:00, run_after=2025-11-10 00:00:00+00:00
[2025-11-09T00:32:12.574+0000] {processor.py:183} INFO - Processing /opt/airflow/dags/ingestion_dag.py took 0.171 seconds
[2025-11-09T00:32:43.433+0000] {processor.py:161} INFO - Started process (PID=64139) to work on /opt/airflow/dags/ingestion_dag.py
[2025-11-09T00:32:43.435+0000] {processor.py:830} INFO - Processing file /opt/airflow/dags/ingestion_dag.py for tasks to queue
[2025-11-09T00:32:43.436+0000] {logging_mixin.py:188} INFO - [2025-11-09T00:32:43.435+0000] {dagbag.py:538} INFO - Filling up the DagBag from /opt/airflow/dags/ingestion_dag.py
[2025-11-09T00:32:43.521+0000] {processor.py:840} INFO - DAG(s) 'ingestion_pipeline' retrieved from /opt/airflow/dags/ingestion_dag.py
[2025-11-09T00:32:43.551+0000] {logging_mixin.py:188} INFO - [2025-11-09T00:32:43.551+0000] {dag.py:3036} INFO - Sync 1 DAGs
[2025-11-09T00:32:43.575+0000] {logging_mixin.py:188} INFO - [2025-11-09T00:32:43.575+0000] {dag.py:3823} INFO - Setting next_dagrun for ingestion_pipeline to 2025-11-09 00:00:00+00:00, run_after=2025-11-10 00:00:00+00:00
[2025-11-09T00:32:43.610+0000] {processor.py:183} INFO - Processing /opt/airflow/dags/ingestion_dag.py took 0.181 seconds
[2025-11-09T00:33:13.696+0000] {processor.py:161} INFO - Started process (PID=64171) to work on /opt/airflow/dags/ingestion_dag.py
[2025-11-09T00:33:13.698+0000] {processor.py:830} INFO - Processing file /opt/airflow/dags/ingestion_dag.py for tasks to queue
[2025-11-09T00:33:13.701+0000] {logging_mixin.py:188} INFO - [2025-11-09T00:33:13.700+0000] {dagbag.py:538} INFO - Filling up the DagBag from /opt/airflow/dags/ingestion_dag.py
[2025-11-09T00:33:13.890+0000] {processor.py:840} INFO - DAG(s) 'ingestion_pipeline' retrieved from /opt/airflow/dags/ingestion_dag.py
[2025-11-09T00:33:13.928+0000] {logging_mixin.py:188} INFO - [2025-11-09T00:33:13.928+0000] {dag.py:3036} INFO - Sync 1 DAGs
[2025-11-09T00:33:13.952+0000] {logging_mixin.py:188} INFO - [2025-11-09T00:33:13.952+0000] {dag.py:3823} INFO - Setting next_dagrun for ingestion_pipeline to 2025-11-09 00:00:00+00:00, run_after=2025-11-10 00:00:00+00:00
[2025-11-09T00:33:13.983+0000] {processor.py:183} INFO - Processing /opt/airflow/dags/ingestion_dag.py took 0.293 seconds
[2025-11-09T00:33:44.169+0000] {processor.py:161} INFO - Started process (PID=64206) to work on /opt/airflow/dags/ingestion_dag.py
[2025-11-09T00:33:44.171+0000] {processor.py:830} INFO - Processing file /opt/airflow/dags/ingestion_dag.py for tasks to queue
[2025-11-09T00:33:44.174+0000] {logging_mixin.py:188} INFO - [2025-11-09T00:33:44.173+0000] {dagbag.py:538} INFO - Filling up the DagBag from /opt/airflow/dags/ingestion_dag.py
[2025-11-09T00:33:44.333+0000] {processor.py:840} INFO - DAG(s) 'ingestion_pipeline' retrieved from /opt/airflow/dags/ingestion_dag.py
[2025-11-09T00:33:44.377+0000] {logging_mixin.py:188} INFO - [2025-11-09T00:33:44.376+0000] {dag.py:3036} INFO - Sync 1 DAGs
[2025-11-09T00:33:44.403+0000] {logging_mixin.py:188} INFO - [2025-11-09T00:33:44.403+0000] {dag.py:3823} INFO - Setting next_dagrun for ingestion_pipeline to 2025-11-09 00:00:00+00:00, run_after=2025-11-10 00:00:00+00:00
[2025-11-09T00:33:44.440+0000] {processor.py:183} INFO - Processing /opt/airflow/dags/ingestion_dag.py took 0.276 seconds
[2025-11-09T00:34:14.588+0000] {processor.py:161} INFO - Started process (PID=64241) to work on /opt/airflow/dags/ingestion_dag.py
[2025-11-09T00:34:14.591+0000] {processor.py:830} INFO - Processing file /opt/airflow/dags/ingestion_dag.py for tasks to queue
[2025-11-09T00:34:14.593+0000] {logging_mixin.py:188} INFO - [2025-11-09T00:34:14.592+0000] {dagbag.py:538} INFO - Filling up the DagBag from /opt/airflow/dags/ingestion_dag.py
[2025-11-09T00:34:14.796+0000] {processor.py:840} INFO - DAG(s) 'ingestion_pipeline' retrieved from /opt/airflow/dags/ingestion_dag.py
[2025-11-09T00:34:14.839+0000] {logging_mixin.py:188} INFO - [2025-11-09T00:34:14.839+0000] {dag.py:3036} INFO - Sync 1 DAGs
[2025-11-09T00:34:14.863+0000] {logging_mixin.py:188} INFO - [2025-11-09T00:34:14.863+0000] {dag.py:3823} INFO - Setting next_dagrun for ingestion_pipeline to 2025-11-09 00:00:00+00:00, run_after=2025-11-10 00:00:00+00:00
[2025-11-09T00:34:14.907+0000] {processor.py:183} INFO - Processing /opt/airflow/dags/ingestion_dag.py took 0.324 seconds
[2025-11-09T00:34:45.013+0000] {processor.py:161} INFO - Started process (PID=64276) to work on /opt/airflow/dags/ingestion_dag.py
[2025-11-09T00:34:45.015+0000] {processor.py:830} INFO - Processing file /opt/airflow/dags/ingestion_dag.py for tasks to queue
[2025-11-09T00:34:45.017+0000] {logging_mixin.py:188} INFO - [2025-11-09T00:34:45.016+0000] {dagbag.py:538} INFO - Filling up the DagBag from /opt/airflow/dags/ingestion_dag.py
[2025-11-09T00:34:45.196+0000] {processor.py:840} INFO - DAG(s) 'ingestion_pipeline' retrieved from /opt/airflow/dags/ingestion_dag.py
[2025-11-09T00:34:45.232+0000] {logging_mixin.py:188} INFO - [2025-11-09T00:34:45.232+0000] {dag.py:3036} INFO - Sync 1 DAGs
[2025-11-09T00:34:45.263+0000] {logging_mixin.py:188} INFO - [2025-11-09T00:34:45.262+0000] {dag.py:3823} INFO - Setting next_dagrun for ingestion_pipeline to 2025-11-09 00:00:00+00:00, run_after=2025-11-10 00:00:00+00:00
[2025-11-09T00:34:45.309+0000] {processor.py:183} INFO - Processing /opt/airflow/dags/ingestion_dag.py took 0.299 seconds
[2025-11-09T00:35:15.395+0000] {processor.py:161} INFO - Started process (PID=64311) to work on /opt/airflow/dags/ingestion_dag.py
[2025-11-09T00:35:15.397+0000] {processor.py:830} INFO - Processing file /opt/airflow/dags/ingestion_dag.py for tasks to queue
[2025-11-09T00:35:15.399+0000] {logging_mixin.py:188} INFO - [2025-11-09T00:35:15.398+0000] {dagbag.py:538} INFO - Filling up the DagBag from /opt/airflow/dags/ingestion_dag.py
[2025-11-09T00:35:15.513+0000] {processor.py:840} INFO - DAG(s) 'ingestion_pipeline' retrieved from /opt/airflow/dags/ingestion_dag.py
[2025-11-09T00:35:15.547+0000] {logging_mixin.py:188} INFO - [2025-11-09T00:35:15.546+0000] {dag.py:3036} INFO - Sync 1 DAGs
[2025-11-09T00:35:15.576+0000] {logging_mixin.py:188} INFO - [2025-11-09T00:35:15.575+0000] {dag.py:3823} INFO - Setting next_dagrun for ingestion_pipeline to 2025-11-09 00:00:00+00:00, run_after=2025-11-10 00:00:00+00:00
[2025-11-09T00:35:15.611+0000] {processor.py:183} INFO - Processing /opt/airflow/dags/ingestion_dag.py took 0.221 seconds
[2025-11-09T00:35:45.759+0000] {processor.py:161} INFO - Started process (PID=64346) to work on /opt/airflow/dags/ingestion_dag.py
[2025-11-09T00:35:45.761+0000] {processor.py:830} INFO - Processing file /opt/airflow/dags/ingestion_dag.py for tasks to queue
[2025-11-09T00:35:45.763+0000] {logging_mixin.py:188} INFO - [2025-11-09T00:35:45.762+0000] {dagbag.py:538} INFO - Filling up the DagBag from /opt/airflow/dags/ingestion_dag.py
[2025-11-09T00:35:45.857+0000] {processor.py:840} INFO - DAG(s) 'ingestion_pipeline' retrieved from /opt/airflow/dags/ingestion_dag.py
[2025-11-09T00:35:45.883+0000] {logging_mixin.py:188} INFO - [2025-11-09T00:35:45.883+0000] {dag.py:3036} INFO - Sync 1 DAGs
[2025-11-09T00:35:45.903+0000] {logging_mixin.py:188} INFO - [2025-11-09T00:35:45.903+0000] {dag.py:3823} INFO - Setting next_dagrun for ingestion_pipeline to 2025-11-09 00:00:00+00:00, run_after=2025-11-10 00:00:00+00:00
[2025-11-09T00:35:45.928+0000] {processor.py:183} INFO - Processing /opt/airflow/dags/ingestion_dag.py took 0.173 seconds
[2025-11-09T00:36:16.120+0000] {processor.py:161} INFO - Started process (PID=64381) to work on /opt/airflow/dags/ingestion_dag.py
[2025-11-09T00:36:16.122+0000] {processor.py:830} INFO - Processing file /opt/airflow/dags/ingestion_dag.py for tasks to queue
[2025-11-09T00:36:16.123+0000] {logging_mixin.py:188} INFO - [2025-11-09T00:36:16.123+0000] {dagbag.py:538} INFO - Filling up the DagBag from /opt/airflow/dags/ingestion_dag.py
[2025-11-09T00:36:16.237+0000] {processor.py:840} INFO - DAG(s) 'ingestion_pipeline' retrieved from /opt/airflow/dags/ingestion_dag.py
[2025-11-09T00:36:16.268+0000] {logging_mixin.py:188} INFO - [2025-11-09T00:36:16.268+0000] {dag.py:3036} INFO - Sync 1 DAGs
[2025-11-09T00:36:16.290+0000] {logging_mixin.py:188} INFO - [2025-11-09T00:36:16.289+0000] {dag.py:3823} INFO - Setting next_dagrun for ingestion_pipeline to 2025-11-09 00:00:00+00:00, run_after=2025-11-10 00:00:00+00:00
[2025-11-09T00:36:16.315+0000] {processor.py:183} INFO - Processing /opt/airflow/dags/ingestion_dag.py took 0.198 seconds
[2025-11-09T00:36:46.440+0000] {processor.py:161} INFO - Started process (PID=64416) to work on /opt/airflow/dags/ingestion_dag.py
[2025-11-09T00:36:46.442+0000] {processor.py:830} INFO - Processing file /opt/airflow/dags/ingestion_dag.py for tasks to queue
[2025-11-09T00:36:46.443+0000] {logging_mixin.py:188} INFO - [2025-11-09T00:36:46.443+0000] {dagbag.py:538} INFO - Filling up the DagBag from /opt/airflow/dags/ingestion_dag.py
[2025-11-09T00:36:46.614+0000] {processor.py:840} INFO - DAG(s) 'ingestion_pipeline' retrieved from /opt/airflow/dags/ingestion_dag.py
[2025-11-09T00:36:46.655+0000] {logging_mixin.py:188} INFO - [2025-11-09T00:36:46.655+0000] {dag.py:3036} INFO - Sync 1 DAGs
[2025-11-09T00:36:46.685+0000] {logging_mixin.py:188} INFO - [2025-11-09T00:36:46.685+0000] {dag.py:3823} INFO - Setting next_dagrun for ingestion_pipeline to 2025-11-09 00:00:00+00:00, run_after=2025-11-10 00:00:00+00:00
[2025-11-09T00:36:46.724+0000] {processor.py:183} INFO - Processing /opt/airflow/dags/ingestion_dag.py took 0.288 seconds
[2025-11-09T00:37:17.681+0000] {processor.py:161} INFO - Started process (PID=64451) to work on /opt/airflow/dags/ingestion_dag.py
[2025-11-09T00:37:17.682+0000] {processor.py:830} INFO - Processing file /opt/airflow/dags/ingestion_dag.py for tasks to queue
[2025-11-09T00:37:17.684+0000] {logging_mixin.py:188} INFO - [2025-11-09T00:37:17.684+0000] {dagbag.py:538} INFO - Filling up the DagBag from /opt/airflow/dags/ingestion_dag.py
[2025-11-09T00:37:17.788+0000] {processor.py:840} INFO - DAG(s) 'ingestion_pipeline' retrieved from /opt/airflow/dags/ingestion_dag.py
[2025-11-09T00:37:17.817+0000] {logging_mixin.py:188} INFO - [2025-11-09T00:37:17.816+0000] {dag.py:3036} INFO - Sync 1 DAGs
[2025-11-09T00:37:17.839+0000] {logging_mixin.py:188} INFO - [2025-11-09T00:37:17.838+0000] {dag.py:3823} INFO - Setting next_dagrun for ingestion_pipeline to 2025-11-09 00:00:00+00:00, run_after=2025-11-10 00:00:00+00:00
[2025-11-09T00:37:17.865+0000] {processor.py:183} INFO - Processing /opt/airflow/dags/ingestion_dag.py took 0.188 seconds
[2025-11-09T00:37:47.983+0000] {processor.py:161} INFO - Started process (PID=64486) to work on /opt/airflow/dags/ingestion_dag.py
[2025-11-09T00:37:47.985+0000] {processor.py:830} INFO - Processing file /opt/airflow/dags/ingestion_dag.py for tasks to queue
[2025-11-09T00:37:47.987+0000] {logging_mixin.py:188} INFO - [2025-11-09T00:37:47.987+0000] {dagbag.py:538} INFO - Filling up the DagBag from /opt/airflow/dags/ingestion_dag.py
[2025-11-09T00:37:48.129+0000] {processor.py:840} INFO - DAG(s) 'ingestion_pipeline' retrieved from /opt/airflow/dags/ingestion_dag.py
[2025-11-09T00:37:48.164+0000] {logging_mixin.py:188} INFO - [2025-11-09T00:37:48.164+0000] {dag.py:3036} INFO - Sync 1 DAGs
[2025-11-09T00:37:48.193+0000] {logging_mixin.py:188} INFO - [2025-11-09T00:37:48.193+0000] {dag.py:3823} INFO - Setting next_dagrun for ingestion_pipeline to 2025-11-09 00:00:00+00:00, run_after=2025-11-10 00:00:00+00:00
[2025-11-09T00:37:48.232+0000] {processor.py:183} INFO - Processing /opt/airflow/dags/ingestion_dag.py took 0.252 seconds
[2025-11-09T00:38:19.248+0000] {processor.py:161} INFO - Started process (PID=64521) to work on /opt/airflow/dags/ingestion_dag.py
[2025-11-09T00:38:19.250+0000] {processor.py:830} INFO - Processing file /opt/airflow/dags/ingestion_dag.py for tasks to queue
[2025-11-09T00:38:19.252+0000] {logging_mixin.py:188} INFO - [2025-11-09T00:38:19.251+0000] {dagbag.py:538} INFO - Filling up the DagBag from /opt/airflow/dags/ingestion_dag.py
[2025-11-09T00:38:19.376+0000] {processor.py:840} INFO - DAG(s) 'ingestion_pipeline' retrieved from /opt/airflow/dags/ingestion_dag.py
[2025-11-09T00:38:19.404+0000] {logging_mixin.py:188} INFO - [2025-11-09T00:38:19.404+0000] {dag.py:3036} INFO - Sync 1 DAGs
[2025-11-09T00:38:19.429+0000] {logging_mixin.py:188} INFO - [2025-11-09T00:38:19.429+0000] {dag.py:3823} INFO - Setting next_dagrun for ingestion_pipeline to 2025-11-09 00:00:00+00:00, run_after=2025-11-10 00:00:00+00:00
[2025-11-09T00:38:19.451+0000] {processor.py:183} INFO - Processing /opt/airflow/dags/ingestion_dag.py took 0.206 seconds
[2025-11-09T00:38:50.473+0000] {processor.py:161} INFO - Started process (PID=64556) to work on /opt/airflow/dags/ingestion_dag.py
[2025-11-09T00:38:50.474+0000] {processor.py:830} INFO - Processing file /opt/airflow/dags/ingestion_dag.py for tasks to queue
[2025-11-09T00:38:50.475+0000] {logging_mixin.py:188} INFO - [2025-11-09T00:38:50.475+0000] {dagbag.py:538} INFO - Filling up the DagBag from /opt/airflow/dags/ingestion_dag.py
[2025-11-09T00:38:50.613+0000] {processor.py:840} INFO - DAG(s) 'ingestion_pipeline' retrieved from /opt/airflow/dags/ingestion_dag.py
[2025-11-09T00:38:50.643+0000] {logging_mixin.py:188} INFO - [2025-11-09T00:38:50.643+0000] {dag.py:3036} INFO - Sync 1 DAGs
[2025-11-09T00:38:50.664+0000] {logging_mixin.py:188} INFO - [2025-11-09T00:38:50.664+0000] {dag.py:3823} INFO - Setting next_dagrun for ingestion_pipeline to 2025-11-09 00:00:00+00:00, run_after=2025-11-10 00:00:00+00:00
[2025-11-09T00:38:50.689+0000] {processor.py:183} INFO - Processing /opt/airflow/dags/ingestion_dag.py took 0.219 seconds
[2025-11-09T00:39:20.976+0000] {processor.py:161} INFO - Started process (PID=64591) to work on /opt/airflow/dags/ingestion_dag.py
[2025-11-09T00:39:20.978+0000] {processor.py:830} INFO - Processing file /opt/airflow/dags/ingestion_dag.py for tasks to queue
[2025-11-09T00:39:20.979+0000] {logging_mixin.py:188} INFO - [2025-11-09T00:39:20.979+0000] {dagbag.py:538} INFO - Filling up the DagBag from /opt/airflow/dags/ingestion_dag.py
[2025-11-09T00:39:21.094+0000] {processor.py:840} INFO - DAG(s) 'ingestion_pipeline' retrieved from /opt/airflow/dags/ingestion_dag.py
[2025-11-09T00:39:21.122+0000] {logging_mixin.py:188} INFO - [2025-11-09T00:39:21.122+0000] {dag.py:3036} INFO - Sync 1 DAGs
[2025-11-09T00:39:21.144+0000] {logging_mixin.py:188} INFO - [2025-11-09T00:39:21.143+0000] {dag.py:3823} INFO - Setting next_dagrun for ingestion_pipeline to 2025-11-09 00:00:00+00:00, run_after=2025-11-10 00:00:00+00:00
[2025-11-09T00:39:21.164+0000] {processor.py:183} INFO - Processing /opt/airflow/dags/ingestion_dag.py took 0.193 seconds
[2025-11-09T00:39:52.083+0000] {processor.py:161} INFO - Started process (PID=64626) to work on /opt/airflow/dags/ingestion_dag.py
[2025-11-09T00:39:52.084+0000] {processor.py:830} INFO - Processing file /opt/airflow/dags/ingestion_dag.py for tasks to queue
[2025-11-09T00:39:52.086+0000] {logging_mixin.py:188} INFO - [2025-11-09T00:39:52.085+0000] {dagbag.py:538} INFO - Filling up the DagBag from /opt/airflow/dags/ingestion_dag.py
[2025-11-09T00:39:52.227+0000] {processor.py:840} INFO - DAG(s) 'ingestion_pipeline' retrieved from /opt/airflow/dags/ingestion_dag.py
[2025-11-09T00:39:52.256+0000] {logging_mixin.py:188} INFO - [2025-11-09T00:39:52.256+0000] {dag.py:3036} INFO - Sync 1 DAGs
[2025-11-09T00:39:52.276+0000] {logging_mixin.py:188} INFO - [2025-11-09T00:39:52.275+0000] {dag.py:3823} INFO - Setting next_dagrun for ingestion_pipeline to 2025-11-09 00:00:00+00:00, run_after=2025-11-10 00:00:00+00:00
[2025-11-09T00:39:52.305+0000] {processor.py:183} INFO - Processing /opt/airflow/dags/ingestion_dag.py took 0.227 seconds
[2025-11-09T00:40:23.184+0000] {processor.py:161} INFO - Started process (PID=64661) to work on /opt/airflow/dags/ingestion_dag.py
[2025-11-09T00:40:23.186+0000] {processor.py:830} INFO - Processing file /opt/airflow/dags/ingestion_dag.py for tasks to queue
[2025-11-09T00:40:23.187+0000] {logging_mixin.py:188} INFO - [2025-11-09T00:40:23.187+0000] {dagbag.py:538} INFO - Filling up the DagBag from /opt/airflow/dags/ingestion_dag.py
[2025-11-09T00:40:23.306+0000] {processor.py:840} INFO - DAG(s) 'ingestion_pipeline' retrieved from /opt/airflow/dags/ingestion_dag.py
[2025-11-09T00:40:23.334+0000] {logging_mixin.py:188} INFO - [2025-11-09T00:40:23.333+0000] {dag.py:3036} INFO - Sync 1 DAGs
[2025-11-09T00:40:23.362+0000] {logging_mixin.py:188} INFO - [2025-11-09T00:40:23.362+0000] {dag.py:3823} INFO - Setting next_dagrun for ingestion_pipeline to 2025-11-09 00:00:00+00:00, run_after=2025-11-10 00:00:00+00:00
[2025-11-09T00:40:23.396+0000] {processor.py:183} INFO - Processing /opt/airflow/dags/ingestion_dag.py took 0.216 seconds
[2025-11-09T00:40:54.120+0000] {processor.py:161} INFO - Started process (PID=64696) to work on /opt/airflow/dags/ingestion_dag.py
[2025-11-09T00:40:54.122+0000] {processor.py:830} INFO - Processing file /opt/airflow/dags/ingestion_dag.py for tasks to queue
[2025-11-09T00:40:54.124+0000] {logging_mixin.py:188} INFO - [2025-11-09T00:40:54.124+0000] {dagbag.py:538} INFO - Filling up the DagBag from /opt/airflow/dags/ingestion_dag.py
[2025-11-09T00:40:54.272+0000] {processor.py:840} INFO - DAG(s) 'ingestion_pipeline' retrieved from /opt/airflow/dags/ingestion_dag.py
[2025-11-09T00:40:54.308+0000] {logging_mixin.py:188} INFO - [2025-11-09T00:40:54.308+0000] {dag.py:3036} INFO - Sync 1 DAGs
[2025-11-09T00:40:54.332+0000] {logging_mixin.py:188} INFO - [2025-11-09T00:40:54.332+0000] {dag.py:3823} INFO - Setting next_dagrun for ingestion_pipeline to 2025-11-09 00:00:00+00:00, run_after=2025-11-10 00:00:00+00:00
[2025-11-09T00:40:54.365+0000] {processor.py:183} INFO - Processing /opt/airflow/dags/ingestion_dag.py took 0.249 seconds
[2025-11-09T00:41:24.604+0000] {processor.py:161} INFO - Started process (PID=64731) to work on /opt/airflow/dags/ingestion_dag.py
[2025-11-09T00:41:24.606+0000] {processor.py:830} INFO - Processing file /opt/airflow/dags/ingestion_dag.py for tasks to queue
[2025-11-09T00:41:24.607+0000] {logging_mixin.py:188} INFO - [2025-11-09T00:41:24.606+0000] {dagbag.py:538} INFO - Filling up the DagBag from /opt/airflow/dags/ingestion_dag.py
[2025-11-09T00:41:24.661+0000] {processor.py:840} INFO - DAG(s) 'ingestion_pipeline' retrieved from /opt/airflow/dags/ingestion_dag.py
[2025-11-09T00:41:24.688+0000] {logging_mixin.py:188} INFO - [2025-11-09T00:41:24.688+0000] {dag.py:3036} INFO - Sync 1 DAGs
[2025-11-09T00:41:24.707+0000] {logging_mixin.py:188} INFO - [2025-11-09T00:41:24.707+0000] {dag.py:3823} INFO - Setting next_dagrun for ingestion_pipeline to 2025-11-09 00:00:00+00:00, run_after=2025-11-10 00:00:00+00:00
[2025-11-09T00:41:24.731+0000] {processor.py:183} INFO - Processing /opt/airflow/dags/ingestion_dag.py took 0.130 seconds
[2025-11-09T00:41:55.528+0000] {processor.py:161} INFO - Started process (PID=64766) to work on /opt/airflow/dags/ingestion_dag.py
[2025-11-09T00:41:55.529+0000] {processor.py:830} INFO - Processing file /opt/airflow/dags/ingestion_dag.py for tasks to queue
[2025-11-09T00:41:55.531+0000] {logging_mixin.py:188} INFO - [2025-11-09T00:41:55.530+0000] {dagbag.py:538} INFO - Filling up the DagBag from /opt/airflow/dags/ingestion_dag.py
[2025-11-09T00:41:55.653+0000] {processor.py:840} INFO - DAG(s) 'ingestion_pipeline' retrieved from /opt/airflow/dags/ingestion_dag.py
[2025-11-09T00:41:55.698+0000] {logging_mixin.py:188} INFO - [2025-11-09T00:41:55.698+0000] {dag.py:3036} INFO - Sync 1 DAGs
[2025-11-09T00:41:55.736+0000] {logging_mixin.py:188} INFO - [2025-11-09T00:41:55.736+0000] {dag.py:3823} INFO - Setting next_dagrun for ingestion_pipeline to 2025-11-09 00:00:00+00:00, run_after=2025-11-10 00:00:00+00:00
[2025-11-09T00:41:55.770+0000] {processor.py:183} INFO - Processing /opt/airflow/dags/ingestion_dag.py took 0.246 seconds
[2025-11-09T00:42:25.886+0000] {processor.py:161} INFO - Started process (PID=64801) to work on /opt/airflow/dags/ingestion_dag.py
[2025-11-09T00:42:25.888+0000] {processor.py:830} INFO - Processing file /opt/airflow/dags/ingestion_dag.py for tasks to queue
[2025-11-09T00:42:25.889+0000] {logging_mixin.py:188} INFO - [2025-11-09T00:42:25.888+0000] {dagbag.py:538} INFO - Filling up the DagBag from /opt/airflow/dags/ingestion_dag.py
[2025-11-09T00:42:25.971+0000] {processor.py:840} INFO - DAG(s) 'ingestion_pipeline' retrieved from /opt/airflow/dags/ingestion_dag.py
[2025-11-09T00:42:26.006+0000] {logging_mixin.py:188} INFO - [2025-11-09T00:42:26.005+0000] {dag.py:3036} INFO - Sync 1 DAGs
[2025-11-09T00:42:26.033+0000] {logging_mixin.py:188} INFO - [2025-11-09T00:42:26.033+0000] {dag.py:3823} INFO - Setting next_dagrun for ingestion_pipeline to 2025-11-09 00:00:00+00:00, run_after=2025-11-10 00:00:00+00:00
[2025-11-09T00:42:26.065+0000] {processor.py:183} INFO - Processing /opt/airflow/dags/ingestion_dag.py took 0.182 seconds
[2025-11-09T00:42:56.174+0000] {processor.py:161} INFO - Started process (PID=64836) to work on /opt/airflow/dags/ingestion_dag.py
[2025-11-09T00:42:56.176+0000] {processor.py:830} INFO - Processing file /opt/airflow/dags/ingestion_dag.py for tasks to queue
[2025-11-09T00:42:56.177+0000] {logging_mixin.py:188} INFO - [2025-11-09T00:42:56.177+0000] {dagbag.py:538} INFO - Filling up the DagBag from /opt/airflow/dags/ingestion_dag.py
[2025-11-09T00:42:56.292+0000] {processor.py:840} INFO - DAG(s) 'ingestion_pipeline' retrieved from /opt/airflow/dags/ingestion_dag.py
[2025-11-09T00:42:56.329+0000] {logging_mixin.py:188} INFO - [2025-11-09T00:42:56.329+0000] {dag.py:3036} INFO - Sync 1 DAGs
[2025-11-09T00:42:56.492+0000] {logging_mixin.py:188} INFO - [2025-11-09T00:42:56.492+0000] {dag.py:3823} INFO - Setting next_dagrun for ingestion_pipeline to 2025-11-09 00:00:00+00:00, run_after=2025-11-10 00:00:00+00:00
[2025-11-09T00:42:56.515+0000] {processor.py:183} INFO - Processing /opt/airflow/dags/ingestion_dag.py took 0.344 seconds
[2025-11-09T00:43:26.740+0000] {processor.py:161} INFO - Started process (PID=64871) to work on /opt/airflow/dags/ingestion_dag.py
[2025-11-09T00:43:26.743+0000] {processor.py:830} INFO - Processing file /opt/airflow/dags/ingestion_dag.py for tasks to queue
[2025-11-09T00:43:26.744+0000] {logging_mixin.py:188} INFO - [2025-11-09T00:43:26.744+0000] {dagbag.py:538} INFO - Filling up the DagBag from /opt/airflow/dags/ingestion_dag.py
[2025-11-09T00:43:26.854+0000] {processor.py:840} INFO - DAG(s) 'ingestion_pipeline' retrieved from /opt/airflow/dags/ingestion_dag.py
[2025-11-09T00:43:26.887+0000] {logging_mixin.py:188} INFO - [2025-11-09T00:43:26.886+0000] {dag.py:3036} INFO - Sync 1 DAGs
[2025-11-09T00:43:27.096+0000] {logging_mixin.py:188} INFO - [2025-11-09T00:43:27.095+0000] {dag.py:3823} INFO - Setting next_dagrun for ingestion_pipeline to 2025-11-09 00:00:00+00:00, run_after=2025-11-10 00:00:00+00:00
[2025-11-09T00:43:27.123+0000] {processor.py:183} INFO - Processing /opt/airflow/dags/ingestion_dag.py took 0.387 seconds
[2025-11-09T00:43:58.049+0000] {processor.py:161} INFO - Started process (PID=64906) to work on /opt/airflow/dags/ingestion_dag.py
[2025-11-09T00:43:58.051+0000] {processor.py:830} INFO - Processing file /opt/airflow/dags/ingestion_dag.py for tasks to queue
[2025-11-09T00:43:58.053+0000] {logging_mixin.py:188} INFO - [2025-11-09T00:43:58.052+0000] {dagbag.py:538} INFO - Filling up the DagBag from /opt/airflow/dags/ingestion_dag.py
[2025-11-09T00:43:58.159+0000] {processor.py:840} INFO - DAG(s) 'ingestion_pipeline' retrieved from /opt/airflow/dags/ingestion_dag.py
[2025-11-09T00:43:58.199+0000] {logging_mixin.py:188} INFO - [2025-11-09T00:43:58.198+0000] {dag.py:3036} INFO - Sync 1 DAGs
[2025-11-09T00:43:58.228+0000] {logging_mixin.py:188} INFO - [2025-11-09T00:43:58.227+0000] {dag.py:3823} INFO - Setting next_dagrun for ingestion_pipeline to 2025-11-09 00:00:00+00:00, run_after=2025-11-10 00:00:00+00:00
[2025-11-09T00:43:58.436+0000] {processor.py:183} INFO - Processing /opt/airflow/dags/ingestion_dag.py took 0.393 seconds
[2025-11-09T00:44:28.556+0000] {processor.py:161} INFO - Started process (PID=64941) to work on /opt/airflow/dags/ingestion_dag.py
[2025-11-09T00:44:28.557+0000] {processor.py:830} INFO - Processing file /opt/airflow/dags/ingestion_dag.py for tasks to queue
[2025-11-09T00:44:28.559+0000] {logging_mixin.py:188} INFO - [2025-11-09T00:44:28.559+0000] {dagbag.py:538} INFO - Filling up the DagBag from /opt/airflow/dags/ingestion_dag.py
[2025-11-09T00:44:28.682+0000] {processor.py:840} INFO - DAG(s) 'ingestion_pipeline' retrieved from /opt/airflow/dags/ingestion_dag.py
[2025-11-09T00:44:28.721+0000] {logging_mixin.py:188} INFO - [2025-11-09T00:44:28.720+0000] {dag.py:3036} INFO - Sync 1 DAGs
[2025-11-09T00:44:28.753+0000] {logging_mixin.py:188} INFO - [2025-11-09T00:44:28.753+0000] {dag.py:3823} INFO - Setting next_dagrun for ingestion_pipeline to 2025-11-09 00:00:00+00:00, run_after=2025-11-10 00:00:00+00:00
[2025-11-09T00:44:28.785+0000] {processor.py:183} INFO - Processing /opt/airflow/dags/ingestion_dag.py took 0.233 seconds
[2025-11-09T00:44:59.093+0000] {processor.py:161} INFO - Started process (PID=64976) to work on /opt/airflow/dags/ingestion_dag.py
[2025-11-09T00:44:59.096+0000] {processor.py:830} INFO - Processing file /opt/airflow/dags/ingestion_dag.py for tasks to queue
[2025-11-09T00:44:59.097+0000] {logging_mixin.py:188} INFO - [2025-11-09T00:44:59.097+0000] {dagbag.py:538} INFO - Filling up the DagBag from /opt/airflow/dags/ingestion_dag.py
[2025-11-09T00:44:59.259+0000] {processor.py:840} INFO - DAG(s) 'ingestion_pipeline' retrieved from /opt/airflow/dags/ingestion_dag.py
[2025-11-09T00:44:59.296+0000] {logging_mixin.py:188} INFO - [2025-11-09T00:44:59.295+0000] {dag.py:3036} INFO - Sync 1 DAGs
[2025-11-09T00:44:59.320+0000] {logging_mixin.py:188} INFO - [2025-11-09T00:44:59.320+0000] {dag.py:3823} INFO - Setting next_dagrun for ingestion_pipeline to 2025-11-09 00:00:00+00:00, run_after=2025-11-10 00:00:00+00:00
[2025-11-09T00:44:59.357+0000] {processor.py:183} INFO - Processing /opt/airflow/dags/ingestion_dag.py took 0.267 seconds
[2025-11-09T00:45:30.285+0000] {processor.py:161} INFO - Started process (PID=65011) to work on /opt/airflow/dags/ingestion_dag.py
[2025-11-09T00:45:30.287+0000] {processor.py:830} INFO - Processing file /opt/airflow/dags/ingestion_dag.py for tasks to queue
[2025-11-09T00:45:30.288+0000] {logging_mixin.py:188} INFO - [2025-11-09T00:45:30.288+0000] {dagbag.py:538} INFO - Filling up the DagBag from /opt/airflow/dags/ingestion_dag.py
[2025-11-09T00:45:30.398+0000] {processor.py:840} INFO - DAG(s) 'ingestion_pipeline' retrieved from /opt/airflow/dags/ingestion_dag.py
[2025-11-09T00:45:30.426+0000] {logging_mixin.py:188} INFO - [2025-11-09T00:45:30.425+0000] {dag.py:3036} INFO - Sync 1 DAGs
[2025-11-09T00:45:30.447+0000] {logging_mixin.py:188} INFO - [2025-11-09T00:45:30.447+0000] {dag.py:3823} INFO - Setting next_dagrun for ingestion_pipeline to 2025-11-09 00:00:00+00:00, run_after=2025-11-10 00:00:00+00:00
[2025-11-09T00:45:30.472+0000] {processor.py:183} INFO - Processing /opt/airflow/dags/ingestion_dag.py took 0.191 seconds
[2025-11-09T00:46:00.639+0000] {processor.py:161} INFO - Started process (PID=65046) to work on /opt/airflow/dags/ingestion_dag.py
[2025-11-09T00:46:00.641+0000] {processor.py:830} INFO - Processing file /opt/airflow/dags/ingestion_dag.py for tasks to queue
[2025-11-09T00:46:00.643+0000] {logging_mixin.py:188} INFO - [2025-11-09T00:46:00.642+0000] {dagbag.py:538} INFO - Filling up the DagBag from /opt/airflow/dags/ingestion_dag.py
[2025-11-09T00:46:00.727+0000] {processor.py:840} INFO - DAG(s) 'ingestion_pipeline' retrieved from /opt/airflow/dags/ingestion_dag.py
[2025-11-09T00:46:00.761+0000] {logging_mixin.py:188} INFO - [2025-11-09T00:46:00.760+0000] {dag.py:3036} INFO - Sync 1 DAGs
[2025-11-09T00:46:00.791+0000] {logging_mixin.py:188} INFO - [2025-11-09T00:46:00.791+0000] {dag.py:3823} INFO - Setting next_dagrun for ingestion_pipeline to 2025-11-09 00:00:00+00:00, run_after=2025-11-10 00:00:00+00:00
[2025-11-09T00:46:00.823+0000] {processor.py:183} INFO - Processing /opt/airflow/dags/ingestion_dag.py took 0.189 seconds
[2025-11-09T00:46:31.047+0000] {processor.py:161} INFO - Started process (PID=65081) to work on /opt/airflow/dags/ingestion_dag.py
[2025-11-09T00:46:31.048+0000] {processor.py:830} INFO - Processing file /opt/airflow/dags/ingestion_dag.py for tasks to queue
[2025-11-09T00:46:31.050+0000] {logging_mixin.py:188} INFO - [2025-11-09T00:46:31.050+0000] {dagbag.py:538} INFO - Filling up the DagBag from /opt/airflow/dags/ingestion_dag.py
[2025-11-09T00:46:31.146+0000] {processor.py:840} INFO - DAG(s) 'ingestion_pipeline' retrieved from /opt/airflow/dags/ingestion_dag.py
[2025-11-09T00:46:31.184+0000] {logging_mixin.py:188} INFO - [2025-11-09T00:46:31.183+0000] {dag.py:3036} INFO - Sync 1 DAGs
[2025-11-09T00:46:31.218+0000] {logging_mixin.py:188} INFO - [2025-11-09T00:46:31.217+0000] {dag.py:3823} INFO - Setting next_dagrun for ingestion_pipeline to 2025-11-09 00:00:00+00:00, run_after=2025-11-10 00:00:00+00:00
[2025-11-09T00:46:31.247+0000] {processor.py:183} INFO - Processing /opt/airflow/dags/ingestion_dag.py took 0.205 seconds
[2025-11-09T00:47:01.635+0000] {processor.py:161} INFO - Started process (PID=65116) to work on /opt/airflow/dags/ingestion_dag.py
[2025-11-09T00:47:01.637+0000] {processor.py:830} INFO - Processing file /opt/airflow/dags/ingestion_dag.py for tasks to queue
[2025-11-09T00:47:01.640+0000] {logging_mixin.py:188} INFO - [2025-11-09T00:47:01.639+0000] {dagbag.py:538} INFO - Filling up the DagBag from /opt/airflow/dags/ingestion_dag.py
[2025-11-09T00:47:01.758+0000] {processor.py:840} INFO - DAG(s) 'ingestion_pipeline' retrieved from /opt/airflow/dags/ingestion_dag.py
[2025-11-09T00:47:01.799+0000] {logging_mixin.py:188} INFO - [2025-11-09T00:47:01.799+0000] {dag.py:3036} INFO - Sync 1 DAGs
[2025-11-09T00:47:01.828+0000] {logging_mixin.py:188} INFO - [2025-11-09T00:47:01.828+0000] {dag.py:3823} INFO - Setting next_dagrun for ingestion_pipeline to 2025-11-09 00:00:00+00:00, run_after=2025-11-10 00:00:00+00:00
[2025-11-09T00:47:01.859+0000] {processor.py:183} INFO - Processing /opt/airflow/dags/ingestion_dag.py took 0.230 seconds
[2025-11-09T00:47:32.745+0000] {processor.py:161} INFO - Started process (PID=65151) to work on /opt/airflow/dags/ingestion_dag.py
[2025-11-09T00:47:32.747+0000] {processor.py:830} INFO - Processing file /opt/airflow/dags/ingestion_dag.py for tasks to queue
[2025-11-09T00:47:32.748+0000] {logging_mixin.py:188} INFO - [2025-11-09T00:47:32.748+0000] {dagbag.py:538} INFO - Filling up the DagBag from /opt/airflow/dags/ingestion_dag.py
[2025-11-09T00:47:32.876+0000] {processor.py:840} INFO - DAG(s) 'ingestion_pipeline' retrieved from /opt/airflow/dags/ingestion_dag.py
[2025-11-09T00:47:32.908+0000] {logging_mixin.py:188} INFO - [2025-11-09T00:47:32.907+0000] {dag.py:3036} INFO - Sync 1 DAGs
[2025-11-09T00:47:32.932+0000] {logging_mixin.py:188} INFO - [2025-11-09T00:47:32.932+0000] {dag.py:3823} INFO - Setting next_dagrun for ingestion_pipeline to 2025-11-09 00:00:00+00:00, run_after=2025-11-10 00:00:00+00:00
[2025-11-09T00:47:32.957+0000] {processor.py:183} INFO - Processing /opt/airflow/dags/ingestion_dag.py took 0.217 seconds
[2025-11-09T00:48:03.927+0000] {processor.py:161} INFO - Started process (PID=65186) to work on /opt/airflow/dags/ingestion_dag.py
[2025-11-09T00:48:03.928+0000] {processor.py:830} INFO - Processing file /opt/airflow/dags/ingestion_dag.py for tasks to queue
[2025-11-09T00:48:03.931+0000] {logging_mixin.py:188} INFO - [2025-11-09T00:48:03.930+0000] {dagbag.py:538} INFO - Filling up the DagBag from /opt/airflow/dags/ingestion_dag.py
[2025-11-09T00:48:04.055+0000] {processor.py:840} INFO - DAG(s) 'ingestion_pipeline' retrieved from /opt/airflow/dags/ingestion_dag.py
[2025-11-09T00:48:04.083+0000] {logging_mixin.py:188} INFO - [2025-11-09T00:48:04.082+0000] {dag.py:3036} INFO - Sync 1 DAGs
[2025-11-09T00:48:04.103+0000] {logging_mixin.py:188} INFO - [2025-11-09T00:48:04.103+0000] {dag.py:3823} INFO - Setting next_dagrun for ingestion_pipeline to 2025-11-09 00:00:00+00:00, run_after=2025-11-10 00:00:00+00:00
[2025-11-09T00:48:04.133+0000] {processor.py:183} INFO - Processing /opt/airflow/dags/ingestion_dag.py took 0.210 seconds
[2025-11-09T00:48:34.429+0000] {processor.py:161} INFO - Started process (PID=65221) to work on /opt/airflow/dags/ingestion_dag.py
[2025-11-09T00:48:34.431+0000] {processor.py:830} INFO - Processing file /opt/airflow/dags/ingestion_dag.py for tasks to queue
[2025-11-09T00:48:34.432+0000] {logging_mixin.py:188} INFO - [2025-11-09T00:48:34.432+0000] {dagbag.py:538} INFO - Filling up the DagBag from /opt/airflow/dags/ingestion_dag.py
[2025-11-09T00:48:34.549+0000] {processor.py:840} INFO - DAG(s) 'ingestion_pipeline' retrieved from /opt/airflow/dags/ingestion_dag.py
[2025-11-09T00:48:34.587+0000] {logging_mixin.py:188} INFO - [2025-11-09T00:48:34.586+0000] {dag.py:3036} INFO - Sync 1 DAGs
[2025-11-09T00:48:34.613+0000] {logging_mixin.py:188} INFO - [2025-11-09T00:48:34.612+0000] {dag.py:3823} INFO - Setting next_dagrun for ingestion_pipeline to 2025-11-09 00:00:00+00:00, run_after=2025-11-10 00:00:00+00:00
[2025-11-09T00:48:34.651+0000] {processor.py:183} INFO - Processing /opt/airflow/dags/ingestion_dag.py took 0.226 seconds
[2025-11-09T09:00:45.521+0000] {processor.py:161} INFO - Started process (PID=65261) to work on /opt/airflow/dags/ingestion_dag.py
[2025-11-09T09:00:45.531+0000] {processor.py:830} INFO - Processing file /opt/airflow/dags/ingestion_dag.py for tasks to queue
[2025-11-09T09:00:45.535+0000] {logging_mixin.py:188} INFO - [2025-11-09T09:00:45.535+0000] {dagbag.py:538} INFO - Filling up the DagBag from /opt/airflow/dags/ingestion_dag.py
[2025-11-09T09:00:46.049+0000] {processor.py:840} INFO - DAG(s) 'ingestion_pipeline' retrieved from /opt/airflow/dags/ingestion_dag.py
[2025-11-09T09:00:46.157+0000] {logging_mixin.py:188} INFO - [2025-11-09T09:00:46.156+0000] {dag.py:3036} INFO - Sync 1 DAGs
[2025-11-09T09:00:46.271+0000] {logging_mixin.py:188} INFO - [2025-11-09T09:00:46.261+0000] {dag.py:3823} INFO - Setting next_dagrun for ingestion_pipeline to 2025-11-09 00:00:00+00:00, run_after=2025-11-10 00:00:00+00:00
[2025-11-09T09:00:46.371+0000] {processor.py:183} INFO - Processing /opt/airflow/dags/ingestion_dag.py took 0.856 seconds
[2025-11-09T10:11:32.278+0000] {processor.py:161} INFO - Started process (PID=65288) to work on /opt/airflow/dags/ingestion_dag.py
[2025-11-09T10:11:32.286+0000] {processor.py:830} INFO - Processing file /opt/airflow/dags/ingestion_dag.py for tasks to queue
[2025-11-09T10:11:32.289+0000] {logging_mixin.py:188} INFO - [2025-11-09T10:11:32.288+0000] {dagbag.py:538} INFO - Filling up the DagBag from /opt/airflow/dags/ingestion_dag.py
[2025-11-09T10:11:33.044+0000] {processor.py:840} INFO - DAG(s) 'ingestion_pipeline' retrieved from /opt/airflow/dags/ingestion_dag.py
[2025-11-09T10:11:33.188+0000] {logging_mixin.py:188} INFO - [2025-11-09T10:11:33.187+0000] {dag.py:3036} INFO - Sync 1 DAGs
[2025-11-09T10:11:33.331+0000] {logging_mixin.py:188} INFO - [2025-11-09T10:11:33.330+0000] {dag.py:3823} INFO - Setting next_dagrun for ingestion_pipeline to 2025-11-09 00:00:00+00:00, run_after=2025-11-10 00:00:00+00:00
[2025-11-09T10:11:33.499+0000] {processor.py:183} INFO - Processing /opt/airflow/dags/ingestion_dag.py took 1.228 seconds
[2025-11-09T10:12:04.086+0000] {processor.py:161} INFO - Started process (PID=65325) to work on /opt/airflow/dags/ingestion_dag.py
[2025-11-09T10:12:04.089+0000] {processor.py:830} INFO - Processing file /opt/airflow/dags/ingestion_dag.py for tasks to queue
[2025-11-09T10:12:04.092+0000] {logging_mixin.py:188} INFO - [2025-11-09T10:12:04.091+0000] {dagbag.py:538} INFO - Filling up the DagBag from /opt/airflow/dags/ingestion_dag.py
[2025-11-09T10:12:04.238+0000] {processor.py:840} INFO - DAG(s) 'ingestion_pipeline' retrieved from /opt/airflow/dags/ingestion_dag.py
[2025-11-09T10:12:04.305+0000] {logging_mixin.py:188} INFO - [2025-11-09T10:12:04.305+0000] {dag.py:3036} INFO - Sync 1 DAGs
[2025-11-09T10:12:04.359+0000] {logging_mixin.py:188} INFO - [2025-11-09T10:12:04.358+0000] {dag.py:3823} INFO - Setting next_dagrun for ingestion_pipeline to 2025-11-09 00:00:00+00:00, run_after=2025-11-10 00:00:00+00:00
[2025-11-09T10:12:04.445+0000] {processor.py:183} INFO - Processing /opt/airflow/dags/ingestion_dag.py took 0.367 seconds
[2025-11-09T10:12:34.759+0000] {processor.py:161} INFO - Started process (PID=65358) to work on /opt/airflow/dags/ingestion_dag.py
[2025-11-09T10:12:34.761+0000] {processor.py:830} INFO - Processing file /opt/airflow/dags/ingestion_dag.py for tasks to queue
[2025-11-09T10:12:34.766+0000] {logging_mixin.py:188} INFO - [2025-11-09T10:12:34.764+0000] {dagbag.py:538} INFO - Filling up the DagBag from /opt/airflow/dags/ingestion_dag.py
[2025-11-09T10:12:34.936+0000] {processor.py:840} INFO - DAG(s) 'ingestion_pipeline' retrieved from /opt/airflow/dags/ingestion_dag.py
[2025-11-09T10:12:35.035+0000] {logging_mixin.py:188} INFO - [2025-11-09T10:12:35.034+0000] {dag.py:3036} INFO - Sync 1 DAGs
[2025-11-09T10:12:35.125+0000] {logging_mixin.py:188} INFO - [2025-11-09T10:12:35.124+0000] {dag.py:3823} INFO - Setting next_dagrun for ingestion_pipeline to 2025-11-09 00:00:00+00:00, run_after=2025-11-10 00:00:00+00:00
[2025-11-09T10:12:35.193+0000] {processor.py:183} INFO - Processing /opt/airflow/dags/ingestion_dag.py took 0.443 seconds
