[2025-11-01T20:07:01.738+0000] {taskinstance.py:1956} INFO - Dependencies all met for dep_context=non-requeueable deps ti=<TaskInstance: ingestion_pipeline.load_payments_bronze scheduled__2025-10-20T00:00:00+00:00 [queued]>
[2025-11-01T20:07:01.768+0000] {taskinstance.py:1956} INFO - Dependencies all met for dep_context=requeueable deps ti=<TaskInstance: ingestion_pipeline.load_payments_bronze scheduled__2025-10-20T00:00:00+00:00 [queued]>
[2025-11-01T20:07:01.769+0000] {taskinstance.py:2170} INFO - Starting attempt 1 of 2
[2025-11-01T20:07:01.855+0000] {taskinstance.py:2191} INFO - Executing <Task(PythonOperator): load_payments_bronze> on 2025-10-20 00:00:00+00:00
[2025-11-01T20:07:01.900+0000] {standard_task_runner.py:60} INFO - Started process 649 to run task
[2025-11-01T20:07:01.925+0000] {standard_task_runner.py:87} INFO - Running: ['***', 'tasks', 'run', 'ingestion_pipeline', 'load_payments_bronze', 'scheduled__2025-10-20T00:00:00+00:00', '--job-id', '79', '--raw', '--subdir', 'DAGS_FOLDER/ingestion_dag.py', '--cfg-path', '/tmp/tmpz61edsbb']
[2025-11-01T20:07:01.939+0000] {standard_task_runner.py:88} INFO - Job 79: Subtask load_payments_bronze
[2025-11-01T20:07:02.219+0000] {task_command.py:423} INFO - Running <TaskInstance: ingestion_pipeline.load_payments_bronze scheduled__2025-10-20T00:00:00+00:00 [running]> on host 1a955fda0cfd
[2025-11-01T20:07:02.691+0000] {taskinstance.py:2480} INFO - Exporting env vars: AIRFLOW_CTX_DAG_OWNER='***' AIRFLOW_CTX_DAG_ID='ingestion_pipeline' AIRFLOW_CTX_TASK_ID='load_payments_bronze' AIRFLOW_CTX_EXECUTION_DATE='2025-10-20T00:00:00+00:00' AIRFLOW_CTX_TRY_NUMBER='1' AIRFLOW_CTX_DAG_RUN_ID='scheduled__2025-10-20T00:00:00+00:00'
[2025-11-01T20:07:07.048+0000] {payments_to_clickhouse.py:89} INFO - [payments->ch] Target CSV: /tmp/data/payments/payments-20251020.csv
[2025-11-01T20:07:07.087+0000] {payments_to_clickhouse.py:94} INFO - [payments->ch] Folder listing: ['payments-20251001.csv', 'payments-20251002.csv', 'payments-20251003.csv']
[2025-11-01T20:07:07.107+0000] {payments_to_clickhouse.py:100} WARNING - [payments->ch] File not found. Skipping.
[2025-11-01T20:07:07.109+0000] {python.py:201} INFO - Done. Returned value was: None
[2025-11-01T20:07:07.212+0000] {taskinstance.py:1138} INFO - Marking task as SUCCESS. dag_id=ingestion_pipeline, task_id=load_payments_bronze, execution_date=20251020T000000, start_date=20251101T200701, end_date=20251101T200707
[2025-11-01T20:07:07.435+0000] {local_task_job_runner.py:234} INFO - Task exited with return code 0
[2025-11-01T20:07:07.600+0000] {taskinstance.py:3280} INFO - 0 downstream tasks scheduled from follow-on schedule check
[2025-11-01T20:18:25.727+0000] {taskinstance.py:1956} INFO - Dependencies all met for dep_context=non-requeueable deps ti=<TaskInstance: ingestion_pipeline.load_payments_bronze scheduled__2025-10-20T00:00:00+00:00 [queued]>
[2025-11-01T20:18:25.793+0000] {taskinstance.py:1956} INFO - Dependencies all met for dep_context=requeueable deps ti=<TaskInstance: ingestion_pipeline.load_payments_bronze scheduled__2025-10-20T00:00:00+00:00 [queued]>
[2025-11-01T20:18:25.795+0000] {taskinstance.py:2170} INFO - Starting attempt 1 of 2
[2025-11-01T20:18:25.931+0000] {taskinstance.py:2191} INFO - Executing <Task(PythonOperator): load_payments_bronze> on 2025-10-20 00:00:00+00:00
[2025-11-01T20:18:25.983+0000] {standard_task_runner.py:60} INFO - Started process 634 to run task
[2025-11-01T20:18:25.987+0000] {standard_task_runner.py:87} INFO - Running: ['***', 'tasks', 'run', 'ingestion_pipeline', 'load_payments_bronze', 'scheduled__2025-10-20T00:00:00+00:00', '--job-id', '76', '--raw', '--subdir', 'DAGS_FOLDER/ingestion_dag.py', '--cfg-path', '/tmp/tmp_h75ymcd']
[2025-11-01T20:18:26.000+0000] {standard_task_runner.py:88} INFO - Job 76: Subtask load_payments_bronze
[2025-11-01T20:18:26.445+0000] {task_command.py:423} INFO - Running <TaskInstance: ingestion_pipeline.load_payments_bronze scheduled__2025-10-20T00:00:00+00:00 [running]> on host 6335aa85b335
[2025-11-01T20:18:27.008+0000] {taskinstance.py:2480} INFO - Exporting env vars: AIRFLOW_CTX_DAG_OWNER='***' AIRFLOW_CTX_DAG_ID='ingestion_pipeline' AIRFLOW_CTX_TASK_ID='load_payments_bronze' AIRFLOW_CTX_EXECUTION_DATE='2025-10-20T00:00:00+00:00' AIRFLOW_CTX_TRY_NUMBER='1' AIRFLOW_CTX_DAG_RUN_ID='scheduled__2025-10-20T00:00:00+00:00'
[2025-11-01T20:18:29.973+0000] {payments_to_clickhouse.py:89} INFO - [payments->ch] Target CSV: /tmp/data/payments/payments-20251020.csv
[2025-11-01T20:18:29.995+0000] {payments_to_clickhouse.py:94} INFO - [payments->ch] Folder listing: ['payments-20251001.csv', 'payments-20251002.csv', 'payments-20251003.csv', 'payments-20251004.csv']
[2025-11-01T20:18:30.019+0000] {payments_to_clickhouse.py:100} WARNING - [payments->ch] File not found. Skipping.
[2025-11-01T20:18:30.026+0000] {python.py:201} INFO - Done. Returned value was: None
[2025-11-01T20:18:30.064+0000] {taskinstance.py:1138} INFO - Marking task as SUCCESS. dag_id=ingestion_pipeline, task_id=load_payments_bronze, execution_date=20251020T000000, start_date=20251101T201825, end_date=20251101T201830
[2025-11-01T20:18:30.216+0000] {local_task_job_runner.py:234} INFO - Task exited with return code 0
[2025-11-01T20:18:30.308+0000] {taskinstance.py:3280} INFO - 0 downstream tasks scheduled from follow-on schedule check
