[2025-11-01T15:06:06.800+0000] {taskinstance.py:1956} INFO - Dependencies all met for dep_context=non-requeueable deps ti=<TaskInstance: silver_transformation_pipeline.dbt_run_linktx scheduled__2025-10-31T00:00:00+00:00 [queued]>
[2025-11-01T15:06:06.814+0000] {taskinstance.py:1956} INFO - Dependencies all met for dep_context=requeueable deps ti=<TaskInstance: silver_transformation_pipeline.dbt_run_linktx scheduled__2025-10-31T00:00:00+00:00 [queued]>
[2025-11-01T15:06:06.815+0000] {taskinstance.py:2170} INFO - Starting attempt 1 of 2
[2025-11-01T15:06:06.833+0000] {taskinstance.py:2191} INFO - Executing <Task(PythonOperator): dbt_run_linktx> on 2025-10-31 00:00:00+00:00
[2025-11-01T15:06:06.842+0000] {standard_task_runner.py:60} INFO - Started process 639 to run task
[2025-11-01T15:06:06.846+0000] {standard_task_runner.py:87} INFO - Running: ['***', 'tasks', 'run', 'silver_transformation_pipeline', 'dbt_run_linktx', 'scheduled__2025-10-31T00:00:00+00:00', '--job-id', '24', '--raw', '--subdir', 'DAGS_FOLDER/silver_dag.py', '--cfg-path', '/tmp/tmp4c_g5u87']
[2025-11-01T15:06:06.852+0000] {standard_task_runner.py:88} INFO - Job 24: Subtask dbt_run_linktx
[2025-11-01T15:06:06.975+0000] {task_command.py:423} INFO - Running <TaskInstance: silver_transformation_pipeline.dbt_run_linktx scheduled__2025-10-31T00:00:00+00:00 [running]> on host 7f2b5a16b237
[2025-11-01T15:06:07.128+0000] {taskinstance.py:2480} INFO - Exporting env vars: AIRFLOW_CTX_DAG_OWNER='***' AIRFLOW_CTX_DAG_ID='silver_transformation_pipeline' AIRFLOW_CTX_TASK_ID='dbt_run_linktx' AIRFLOW_CTX_EXECUTION_DATE='2025-10-31T00:00:00+00:00' AIRFLOW_CTX_TRY_NUMBER='1' AIRFLOW_CTX_DAG_RUN_ID='scheduled__2025-10-31T00:00:00+00:00'
[2025-11-01T15:06:07.133+0000] {taskinstance.py:2698} ERROR - Task failed with exception
Traceback (most recent call last):
  File "/home/airflow/.local/lib/python3.8/site-packages/airflow/models/taskinstance.py", line 433, in _execute_task
    result = execute_callable(context=context, **execute_callable_kwargs)
  File "/home/airflow/.local/lib/python3.8/site-packages/airflow/operators/python.py", line 199, in execute
    return_value = self.execute_callable()
  File "/home/airflow/.local/lib/python3.8/site-packages/airflow/operators/python.py", line 216, in execute_callable
    return self.python_callable(*self.op_args, **self.op_kwargs)
  File "/opt/airflow/dags/silver_dag.py", line 118, in <lambda>
    python_callable=lambda ds, **_: _run_dbt("silver_link_transactions", ds=ds, full_refresh=False, pass_ds_lagged=True),
  File "/opt/airflow/dags/silver_dag.py", line 62, in _run_dbt
    ds_lagged = _compute_ds_lagged(ds, LAG_DAYS)
  File "/opt/airflow/dags/silver_dag.py", line 43, in _compute_ds_lagged
    dt = timezone.datetime.strptime(ds, "%Y-%m-%d")
AttributeError: 'function' object has no attribute 'strptime'
[2025-11-01T15:06:07.149+0000] {taskinstance.py:1138} INFO - Marking task as UP_FOR_RETRY. dag_id=silver_transformation_pipeline, task_id=dbt_run_linktx, execution_date=20251031T000000, start_date=20251101T150606, end_date=20251101T150607
[2025-11-01T15:06:07.165+0000] {standard_task_runner.py:107} ERROR - Failed to execute job 24 for task dbt_run_linktx ('function' object has no attribute 'strptime'; 639)
[2025-11-01T15:06:07.181+0000] {local_task_job_runner.py:234} INFO - Task exited with return code 1
[2025-11-01T15:06:07.206+0000] {taskinstance.py:3280} INFO - 0 downstream tasks scheduled from follow-on schedule check
[2025-11-01T17:02:20.591+0000] {taskinstance.py:1956} INFO - Dependencies all met for dep_context=non-requeueable deps ti=<TaskInstance: silver_transformation_pipeline.dbt_run_linktx scheduled__2025-10-31T00:00:00+00:00 [queued]>
[2025-11-01T17:02:20.608+0000] {taskinstance.py:1956} INFO - Dependencies all met for dep_context=requeueable deps ti=<TaskInstance: silver_transformation_pipeline.dbt_run_linktx scheduled__2025-10-31T00:00:00+00:00 [queued]>
[2025-11-01T17:02:20.609+0000] {taskinstance.py:2170} INFO - Starting attempt 1 of 2
[2025-11-01T17:02:20.629+0000] {taskinstance.py:2191} INFO - Executing <Task(PythonOperator): dbt_run_linktx> on 2025-10-31 00:00:00+00:00
[2025-11-01T17:02:20.639+0000] {standard_task_runner.py:60} INFO - Started process 948 to run task
[2025-11-01T17:02:20.645+0000] {standard_task_runner.py:87} INFO - Running: ['***', 'tasks', 'run', 'silver_transformation_pipeline', 'dbt_run_linktx', 'scheduled__2025-10-31T00:00:00+00:00', '--job-id', '29', '--raw', '--subdir', 'DAGS_FOLDER/silver_dag.py', '--cfg-path', '/tmp/tmprht0kj_z']
[2025-11-01T17:02:20.649+0000] {standard_task_runner.py:88} INFO - Job 29: Subtask dbt_run_linktx
[2025-11-01T17:02:20.763+0000] {task_command.py:423} INFO - Running <TaskInstance: silver_transformation_pipeline.dbt_run_linktx scheduled__2025-10-31T00:00:00+00:00 [running]> on host 69cecc54c654
[2025-11-01T17:02:20.886+0000] {taskinstance.py:2480} INFO - Exporting env vars: AIRFLOW_CTX_DAG_OWNER='***' AIRFLOW_CTX_DAG_ID='silver_transformation_pipeline' AIRFLOW_CTX_TASK_ID='dbt_run_linktx' AIRFLOW_CTX_EXECUTION_DATE='2025-10-31T00:00:00+00:00' AIRFLOW_CTX_TRY_NUMBER='1' AIRFLOW_CTX_DAG_RUN_ID='scheduled__2025-10-31T00:00:00+00:00'
[2025-11-01T17:02:25.753+0000] {taskinstance.py:2698} ERROR - Task failed with exception
Traceback (most recent call last):
  File "/home/airflow/.local/lib/python3.8/site-packages/airflow/models/taskinstance.py", line 433, in _execute_task
    result = execute_callable(context=context, **execute_callable_kwargs)
  File "/home/airflow/.local/lib/python3.8/site-packages/airflow/operators/python.py", line 199, in execute
    return_value = self.execute_callable()
  File "/home/airflow/.local/lib/python3.8/site-packages/airflow/operators/python.py", line 216, in execute_callable
    return self.python_callable(*self.op_args, **self.op_kwargs)
  File "/opt/airflow/dags/silver_dag.py", line 176, in <lambda>
    python_callable=lambda ds, **_: _run_dbt("silver_link_transactions", ds=ds, full_refresh=False, pass_ds_lagged=True),
  File "/opt/airflow/dags/silver_dag.py", line 149, in _run_dbt
    raise RuntimeError(f"dbt failed ({proc.returncode}).\nSTDOUT:\n{proc.stdout}\n\nSTDERR:\n{proc.stderr}")
RuntimeError: dbt failed (2).
STDOUT:
17:02:23  Running with dbt=1.5.9
17:02:23  Registered adapter: clickhouse=1.5.2
17:02:23  Unable to do partial parsing because config vars, config profile, or config target have changed
17:02:24  Encountered an error:
Compilation Error in model silver_link_transactions (models/silver/silver_link_transactions.sql)
  unexpected char '#' at 322
    line 14
      # ClickHouse adapter options (no partition):


STDERR:

[2025-11-01T17:02:25.772+0000] {taskinstance.py:1138} INFO - Marking task as UP_FOR_RETRY. dag_id=silver_transformation_pipeline, task_id=dbt_run_linktx, execution_date=20251031T000000, start_date=20251101T170220, end_date=20251101T170225
[2025-11-01T17:02:25.791+0000] {standard_task_runner.py:107} ERROR - Failed to execute job 29 for task dbt_run_linktx (dbt failed (2).
STDOUT:
17:02:23  Running with dbt=1.5.9
17:02:23  Registered adapter: clickhouse=1.5.2
17:02:23  Unable to do partial parsing because config vars, config profile, or config target have changed
17:02:24  Encountered an error:
Compilation Error in model silver_link_transactions (models/silver/silver_link_transactions.sql)
  unexpected char '#' at 322
    line 14
      # ClickHouse adapter options (no partition):


STDERR:
; 948)
[2025-11-01T17:02:25.822+0000] {local_task_job_runner.py:234} INFO - Task exited with return code 1
[2025-11-01T17:02:25.839+0000] {taskinstance.py:3280} INFO - 0 downstream tasks scheduled from follow-on schedule check
[2025-11-01T20:24:34.706+0000] {taskinstance.py:1956} INFO - Dependencies all met for dep_context=non-requeueable deps ti=<TaskInstance: silver_transformation_pipeline.dbt_run_linktx scheduled__2025-10-31T00:00:00+00:00 [queued]>
[2025-11-01T20:24:34.725+0000] {taskinstance.py:1956} INFO - Dependencies all met for dep_context=requeueable deps ti=<TaskInstance: silver_transformation_pipeline.dbt_run_linktx scheduled__2025-10-31T00:00:00+00:00 [queued]>
[2025-11-01T20:24:34.726+0000] {taskinstance.py:2170} INFO - Starting attempt 1 of 2
[2025-11-01T20:24:34.751+0000] {taskinstance.py:2191} INFO - Executing <Task(PythonOperator): dbt_run_linktx> on 2025-10-31 00:00:00+00:00
[2025-11-01T20:24:34.764+0000] {standard_task_runner.py:60} INFO - Started process 2465 to run task
[2025-11-01T20:24:34.769+0000] {standard_task_runner.py:87} INFO - Running: ['***', 'tasks', 'run', 'silver_transformation_pipeline', 'dbt_run_linktx', 'scheduled__2025-10-31T00:00:00+00:00', '--job-id', '249', '--raw', '--subdir', 'DAGS_FOLDER/silver_dag.py', '--cfg-path', '/tmp/tmpx0e73mfa']
[2025-11-01T20:24:34.772+0000] {standard_task_runner.py:88} INFO - Job 249: Subtask dbt_run_linktx
[2025-11-01T20:24:34.876+0000] {task_command.py:423} INFO - Running <TaskInstance: silver_transformation_pipeline.dbt_run_linktx scheduled__2025-10-31T00:00:00+00:00 [running]> on host 6335aa85b335
[2025-11-01T20:24:34.985+0000] {taskinstance.py:2480} INFO - Exporting env vars: AIRFLOW_CTX_DAG_OWNER='***' AIRFLOW_CTX_DAG_ID='silver_transformation_pipeline' AIRFLOW_CTX_TASK_ID='dbt_run_linktx' AIRFLOW_CTX_EXECUTION_DATE='2025-10-31T00:00:00+00:00' AIRFLOW_CTX_TRY_NUMBER='1' AIRFLOW_CTX_DAG_RUN_ID='scheduled__2025-10-31T00:00:00+00:00'
[2025-11-01T20:24:41.496+0000] {python.py:201} INFO - Done. Returned value was: None
[2025-11-01T20:24:41.512+0000] {taskinstance.py:1138} INFO - Marking task as SUCCESS. dag_id=silver_transformation_pipeline, task_id=dbt_run_linktx, execution_date=20251031T000000, start_date=20251101T202434, end_date=20251101T202441
[2025-11-01T20:24:41.546+0000] {local_task_job_runner.py:234} INFO - Task exited with return code 0
[2025-11-01T20:24:41.569+0000] {taskinstance.py:3280} INFO - 0 downstream tasks scheduled from follow-on schedule check
[2025-11-02T01:39:54.801+0000] {taskinstance.py:1956} INFO - Dependencies all met for dep_context=non-requeueable deps ti=<TaskInstance: silver_transformation_pipeline.dbt_run_linktx scheduled__2025-10-31T00:00:00+00:00 [queued]>
[2025-11-02T01:39:54.815+0000] {taskinstance.py:1956} INFO - Dependencies all met for dep_context=requeueable deps ti=<TaskInstance: silver_transformation_pipeline.dbt_run_linktx scheduled__2025-10-31T00:00:00+00:00 [queued]>
[2025-11-02T01:39:54.816+0000] {taskinstance.py:2170} INFO - Starting attempt 1 of 2
[2025-11-02T01:39:54.833+0000] {taskinstance.py:2191} INFO - Executing <Task(PythonOperator): dbt_run_linktx> on 2025-10-31 00:00:00+00:00
[2025-11-02T01:39:54.841+0000] {standard_task_runner.py:60} INFO - Started process 3666 to run task
[2025-11-02T01:39:54.844+0000] {standard_task_runner.py:87} INFO - Running: ['***', 'tasks', 'run', 'silver_transformation_pipeline', 'dbt_run_linktx', 'scheduled__2025-10-31T00:00:00+00:00', '--job-id', '253', '--raw', '--subdir', 'DAGS_FOLDER/silver_dag.py', '--cfg-path', '/tmp/tmpwxq267wx']
[2025-11-02T01:39:54.849+0000] {standard_task_runner.py:88} INFO - Job 253: Subtask dbt_run_linktx
[2025-11-02T01:39:54.933+0000] {task_command.py:423} INFO - Running <TaskInstance: silver_transformation_pipeline.dbt_run_linktx scheduled__2025-10-31T00:00:00+00:00 [running]> on host 3b0074fa0b5e
[2025-11-02T01:39:55.051+0000] {taskinstance.py:2480} INFO - Exporting env vars: AIRFLOW_CTX_DAG_OWNER='***' AIRFLOW_CTX_DAG_ID='silver_transformation_pipeline' AIRFLOW_CTX_TASK_ID='dbt_run_linktx' AIRFLOW_CTX_EXECUTION_DATE='2025-10-31T00:00:00+00:00' AIRFLOW_CTX_TRY_NUMBER='1' AIRFLOW_CTX_DAG_RUN_ID='scheduled__2025-10-31T00:00:00+00:00'
[2025-11-02T01:40:02.252+0000] {python.py:201} INFO - Done. Returned value was: None
[2025-11-02T01:40:02.272+0000] {taskinstance.py:1138} INFO - Marking task as SUCCESS. dag_id=silver_transformation_pipeline, task_id=dbt_run_linktx, execution_date=20251031T000000, start_date=20251102T013954, end_date=20251102T014002
[2025-11-02T01:40:02.312+0000] {local_task_job_runner.py:234} INFO - Task exited with return code 0
[2025-11-02T01:40:02.332+0000] {taskinstance.py:3280} INFO - 0 downstream tasks scheduled from follow-on schedule check
[2025-11-02T11:36:01.010+0000] {taskinstance.py:1956} INFO - Dependencies all met for dep_context=non-requeueable deps ti=<TaskInstance: silver_transformation_pipeline.dbt_run_linktx scheduled__2025-10-31T00:00:00+00:00 [queued]>
[2025-11-02T11:36:01.047+0000] {taskinstance.py:1956} INFO - Dependencies all met for dep_context=requeueable deps ti=<TaskInstance: silver_transformation_pipeline.dbt_run_linktx scheduled__2025-10-31T00:00:00+00:00 [queued]>
[2025-11-02T11:36:01.051+0000] {taskinstance.py:2170} INFO - Starting attempt 1 of 2
[2025-11-02T11:36:01.108+0000] {taskinstance.py:2191} INFO - Executing <Task(PythonOperator): dbt_run_linktx> on 2025-10-31 00:00:00+00:00
[2025-11-02T11:36:01.129+0000] {standard_task_runner.py:60} INFO - Started process 3901 to run task
[2025-11-02T11:36:01.135+0000] {standard_task_runner.py:87} INFO - Running: ['***', 'tasks', 'run', 'silver_transformation_pipeline', 'dbt_run_linktx', 'scheduled__2025-10-31T00:00:00+00:00', '--job-id', '264', '--raw', '--subdir', 'DAGS_FOLDER/silver_dag.py', '--cfg-path', '/tmp/tmp2w1vvtgg']
[2025-11-02T11:36:01.140+0000] {standard_task_runner.py:88} INFO - Job 264: Subtask dbt_run_linktx
[2025-11-02T11:36:01.269+0000] {task_command.py:423} INFO - Running <TaskInstance: silver_transformation_pipeline.dbt_run_linktx scheduled__2025-10-31T00:00:00+00:00 [running]> on host 0d39d4365eb9
[2025-11-02T11:36:01.449+0000] {taskinstance.py:2480} INFO - Exporting env vars: AIRFLOW_CTX_DAG_OWNER='***' AIRFLOW_CTX_DAG_ID='silver_transformation_pipeline' AIRFLOW_CTX_TASK_ID='dbt_run_linktx' AIRFLOW_CTX_EXECUTION_DATE='2025-10-31T00:00:00+00:00' AIRFLOW_CTX_TRY_NUMBER='1' AIRFLOW_CTX_DAG_RUN_ID='scheduled__2025-10-31T00:00:00+00:00'
[2025-11-02T11:36:11.058+0000] {python.py:201} INFO - Done. Returned value was: None
[2025-11-02T11:36:11.077+0000] {taskinstance.py:1138} INFO - Marking task as SUCCESS. dag_id=silver_transformation_pipeline, task_id=dbt_run_linktx, execution_date=20251031T000000, start_date=20251102T113601, end_date=20251102T113611
[2025-11-02T11:36:11.123+0000] {local_task_job_runner.py:234} INFO - Task exited with return code 0
[2025-11-02T11:36:11.151+0000] {taskinstance.py:3280} INFO - 0 downstream tasks scheduled from follow-on schedule check
