[2025-11-02T11:38:30.404+0000] {taskinstance.py:1956} INFO - Dependencies all met for dep_context=non-requeueable deps ti=<TaskInstance: gold_dimensions_pipeline.dbt_dim_merchants manual__2025-11-02T11:38:14.873216+00:00 [queued]>
[2025-11-02T11:38:30.413+0000] {taskinstance.py:1956} INFO - Dependencies all met for dep_context=requeueable deps ti=<TaskInstance: gold_dimensions_pipeline.dbt_dim_merchants manual__2025-11-02T11:38:14.873216+00:00 [queued]>
[2025-11-02T11:38:30.414+0000] {taskinstance.py:2170} INFO - Starting attempt 1 of 3
[2025-11-02T11:38:30.430+0000] {taskinstance.py:2191} INFO - Executing <Task(PythonOperator): dbt_dim_merchants> on 2025-11-02 11:38:14.873216+00:00
[2025-11-02T11:38:30.438+0000] {standard_task_runner.py:60} INFO - Started process 4255 to run task
[2025-11-02T11:38:30.442+0000] {standard_task_runner.py:87} INFO - Running: ['***', 'tasks', 'run', 'gold_dimensions_pipeline', 'dbt_dim_merchants', 'manual__2025-11-02T11:38:14.873216+00:00', '--job-id', '273', '--raw', '--subdir', 'DAGS_FOLDER/gold_dag.py', '--cfg-path', '/tmp/tmpqft9wvl2']
[2025-11-02T11:38:30.445+0000] {standard_task_runner.py:88} INFO - Job 273: Subtask dbt_dim_merchants
[2025-11-02T11:38:30.536+0000] {task_command.py:423} INFO - Running <TaskInstance: gold_dimensions_pipeline.dbt_dim_merchants manual__2025-11-02T11:38:14.873216+00:00 [running]> on host 0d39d4365eb9
[2025-11-02T11:38:30.653+0000] {taskinstance.py:2480} INFO - Exporting env vars: AIRFLOW_CTX_DAG_OWNER='***' AIRFLOW_CTX_DAG_ID='gold_dimensions_pipeline' AIRFLOW_CTX_TASK_ID='dbt_dim_merchants' AIRFLOW_CTX_EXECUTION_DATE='2025-11-02T11:38:14.873216+00:00' AIRFLOW_CTX_TRY_NUMBER='1' AIRFLOW_CTX_DAG_RUN_ID='manual__2025-11-02T11:38:14.873216+00:00'
[2025-11-02T11:38:35.928+0000] {logging_mixin.py:188} INFO - ==== DBT STDOUT ====
[2025-11-02T11:38:35.929+0000] {logging_mixin.py:188} INFO - 11:38:33  Running with dbt=1.5.9
11:38:33  Registered adapter: clickhouse=1.5.2
11:38:34  [WARNING]: Configuration paths exist in your dbt_project.yml file which do not apply to any resources.
There are 2 unused configuration paths:
- models.ck_project.bronze
- models.ck_project.gold.fact
11:38:34  Found 7 models, 17 tests, 0 snapshots, 0 analyses, 349 macros, 0 operations, 0 seed files, 6 sources, 0 exposures, 0 metrics, 0 groups
11:38:34  
11:38:34  Concurrency: 4 threads (target='dev')
11:38:34  
11:38:34  1 of 1 START sql table model gold.dim_merchants ................................ [RUN]
11:38:34  1 of 1 ERROR creating sql table model gold.dim_merchants ....................... [ERROR in 0.17s]
11:38:34  
11:38:34  Finished running 1 table model in 0 hours 0 minutes and 0.75 seconds (0.75s).
11:38:34  
11:38:34  Completed with 1 error and 0 warnings:
11:38:34  
11:38:34  Database Error in model dim_merchants (models/gold/dim/dim_merchants.sql)
11:38:34    Code: 44.
11:38:34    DB::Exception: Sorting key contains nullable columns, but merge tree setting `allow_nullable_key` is disabled. Stack trace:
11:38:34    
11:38:34    0. DB::Exception::Exception(DB::Exception::MessageMasked&&, int, bool) @ 0x00000000137a855f
11:38:34    1. DB::Exception::Exception(String&&, int, String, bool) @ 0x000000000cae7e8e
11:38:34    2. DB::Exception::Exception(PreformattedMessage&&, int) @ 0x000000000cae7940
11:38:34    3. DB::Exception::Exception<String const&>(int, FormatStringHelperImpl<std::type_identity<String const&>::type>, String const&) @ 0x000000000de374eb
11:38:34    4. DB::checkKeyExpression(DB::ExpressionActions const&, DB::Block const&, String const&, bool) @ 0x00000000195d4ae2
11:38:34    5. DB::MergeTreeData::checkProperties(DB::StorageInMemoryMetadata const&, DB::StorageInMemoryMetadata const&, bool, bool, bool, bool, std::shared_ptr<DB::Context const>) const @ 0x00000000195d36f0
11:38:34    6. DB::MergeTreeData::setProperties(DB::StorageInMemoryMetadata const&, DB::StorageInMemoryMetadata const&, bool, std::shared_ptr<DB::Context const>) @ 0x00000000195c8fb8
11:38:34    7. DB::MergeTreeData::MergeTreeData(DB::StorageID const&, DB::StorageInMemoryMetadata const&, std::shared_ptr<DB::Context>, String const&, DB::MergeTreeData::MergingParams const&, std::unique_ptr<DB::MergeTreeSettings, std::default_delete<DB::MergeTreeSettings>>, bool, DB::LoadingStrictnessLevel, std::function<void (String const&)>) @ 0x00000000195c61d2
11:38:34    8. DB::StorageMergeTree::StorageMergeTree(DB::StorageID const&, String const&, DB::StorageInMemoryMetadata const&, DB::LoadingStrictnessLevel, std::shared_ptr<DB::Context>, String const&, DB::MergeTreeData::MergingParams const&, std::unique_ptr<DB::MergeTreeSettings, std::default_delete<DB::MergeTreeSettings>>) @ 0x0000000019572e26
11:38:34    9. DB::create(DB::StorageFactory::Arguments const&) @ 0x0000000019a60f2d
11:38:34    10. DB::StorageFactory::get(DB::ASTCreateQuery const&, String const&, std::shared_ptr<DB::Context>, std::shared_ptr<DB::Context>, DB::ColumnsDescription const&, DB::ConstraintsDescription const&, DB::LoadingStrictnessLevel, bool) const @ 0x0000000018e40d7b
11:38:34    11. DB::InterpreterCreateQuery::doCreateTable(DB::ASTCreateQuery&, DB::InterpreterCreateQuery::TableProperties const&, std::unique_ptr<DB::DDLGuard, std::default_delete<DB::DDLGuard>>&, DB::LoadingStrictnessLevel) @ 0x00000000182fb075
11:38:34    12. DB::InterpreterCreateQuery::createTable(DB::ASTCreateQuery&) @ 0x00000000182ef810
11:38:34    13. DB::InterpreterCreateQuery::execute() @ 0x0000000018303978
11:38:34    14. DB::executeQueryImpl(char const*, char const*, std::shared_ptr<DB::Context>, DB::QueryFlags, DB::QueryProcessingStage::Enum, std::unique_ptr<DB::ReadBuffer, std::default_delete<DB::ReadBuffer>>&, std::shared_ptr<DB::IAST>&, std::shared_ptr<DB::ImplicitTransactionControlExecutor>) @ 0x0000000018780440
11:38:34    15. DB::executeQuery(String const&, std::shared_ptr<DB::Context>, DB::QueryFlags, DB::QueryProcessingStage::Enum) @ 0x00000000187786cb
11:38:34    16. DB::TCPHandler::runImpl() @ 0x0000000019e2d3db
11:38:34    17. DB::TCPHandler::run() @ 0x0000000019e4f119
11:38:34    18. Poco::Net::TCPServerConnection::start() @ 0x000000001ef4ed07
11:38:34    19. Poco::Net::TCPServerDispatcher::run() @ 0x000000001ef4f199
11:38:35    20. Poco::PooledThread::run() @ 0x000000001ef15b87
11:38:35    21. Poco::ThreadImpl::runnableEntry(void*) @ 0x000000001ef13f81
11:38:35    22. ? @ 0x0000000000094ac3
11:38:35    23. ? @ 0x0000000000125a74
11:38:35  
11:38:35  Done. PASS=0 WARN=0 ERROR=1 SKIP=0 TOTAL=1
[2025-11-02T11:38:35.930+0000] {logging_mixin.py:188} INFO - ==== DBT STDERR ====
[2025-11-02T11:38:35.932+0000] {taskinstance.py:2698} ERROR - Task failed with exception
Traceback (most recent call last):
  File "/home/airflow/.local/lib/python3.8/site-packages/airflow/models/taskinstance.py", line 433, in _execute_task
    result = execute_callable(context=context, **execute_callable_kwargs)
  File "/home/airflow/.local/lib/python3.8/site-packages/airflow/operators/python.py", line 199, in execute
    return_value = self.execute_callable()
  File "/home/airflow/.local/lib/python3.8/site-packages/airflow/operators/python.py", line 216, in execute_callable
    return self.python_callable(*self.op_args, **self.op_kwargs)
  File "/opt/airflow/dags/gold_dag.py", line 132, in <lambda>
    python_callable=lambda **_: _run_dbt("dim_merchants"),
  File "/opt/airflow/dags/gold_dag.py", line 85, in _run_dbt
    raise RuntimeError(
RuntimeError: dbt failed (1).
STDOUT:
11:38:33  Running with dbt=1.5.9
11:38:33  Registered adapter: clickhouse=1.5.2
11:38:34  [WARNING]: Configuration paths exist in your dbt_project.yml file which do not apply to any resources.
There are 2 unused configuration paths:
- models.ck_project.bronze
- models.ck_project.gold.fact
11:38:34  Found 7 models, 17 tests, 0 snapshots, 0 analyses, 349 macros, 0 operations, 0 seed files, 6 sources, 0 exposures, 0 metrics, 0 groups
11:38:34  
11:38:34  Concurrency: 4 threads (target='dev')
11:38:34  
11:38:34  1 of 1 START sql table model gold.dim_merchants ................................ [RUN]
11:38:34  1 of 1 ERROR creating sql table model gold.dim_merchants ....................... [ERROR in 0.17s]
11:38:34  
11:38:34  Finished running 1 table model in 0 hours 0 minutes and 0.75 seconds (0.75s).
11:38:34  
11:38:34  Completed with 1 error and 0 warnings:
11:38:34  
11:38:34  Database Error in model dim_merchants (models/gold/dim/dim_merchants.sql)
11:38:34    Code: 44.
11:38:34    DB::Exception: Sorting key contains nullable columns, but merge tree setting `allow_nullable_key` is disabled. Stack trace:
11:38:34    
11:38:34    0. DB::Exception::Exception(DB::Exception::MessageMasked&&, int, bool) @ 0x00000000137a855f
11:38:34    1. DB::Exception::Exception(String&&, int, String, bool) @ 0x000000000cae7e8e
11:38:34    2. DB::Exception::Exception(PreformattedMessage&&, int) @ 0x000000000cae7940
11:38:34    3. DB::Exception::Exception<String const&>(int, FormatStringHelperImpl<std::type_identity<String const&>::type>, String const&) @ 0x000000000de374eb
11:38:34    4. DB::checkKeyExpression(DB::ExpressionActions const&, DB::Block const&, String const&, bool) @ 0x00000000195d4ae2
11:38:34    5. DB::MergeTreeData::checkProperties(DB::StorageInMemoryMetadata const&, DB::StorageInMemoryMetadata const&, bool, bool, bool, bool, std::shared_ptr<DB::Context const>) const @ 0x00000000195d36f0
11:38:34    6. DB::MergeTreeData::setProperties(DB::StorageInMemoryMetadata const&, DB::StorageInMemoryMetadata const&, bool, std::shared_ptr<DB::Context const>) @ 0x00000000195c8fb8
11:38:34    7. DB::MergeTreeData::MergeTreeData(DB::StorageID const&, DB::StorageInMemoryMetadata const&, std::shared_ptr<DB::Context>, String const&, DB::MergeTreeData::MergingParams const&, std::unique_ptr<DB::MergeTreeSettings, std::default_delete<DB::MergeTreeSettings>>, bool, DB::LoadingStrictnessLevel, std::function<void (String const&)>) @ 0x00000000195c61d2
11:38:34    8. DB::StorageMergeTree::StorageMergeTree(DB::StorageID const&, String const&, DB::StorageInMemoryMetadata const&, DB::LoadingStrictnessLevel, std::shared_ptr<DB::Context>, String const&, DB::MergeTreeData::MergingParams const&, std::unique_ptr<DB::MergeTreeSettings, std::default_delete<DB::MergeTreeSettings>>) @ 0x0000000019572e26
11:38:34    9. DB::create(DB::StorageFactory::Arguments const&) @ 0x0000000019a60f2d
11:38:34    10. DB::StorageFactory::get(DB::ASTCreateQuery const&, String const&, std::shared_ptr<DB::Context>, std::shared_ptr<DB::Context>, DB::ColumnsDescription const&, DB::ConstraintsDescription const&, DB::LoadingStrictnessLevel, bool) const @ 0x0000000018e40d7b
11:38:34    11. DB::InterpreterCreateQuery::doCreateTable(DB::ASTCreateQuery&, DB::InterpreterCreateQuery::TableProperties const&, std::unique_ptr<DB::DDLGuard, std::default_delete<DB::DDLGuard>>&, DB::LoadingStrictnessLevel) @ 0x00000000182fb075
11:38:34    12. DB::InterpreterCreateQuery::createTable(DB::ASTCreateQuery&) @ 0x00000000182ef810
11:38:34    13. DB::InterpreterCreateQuery::execute() @ 0x0000000018303978
11:38:34    14. DB::executeQueryImpl(char const*, char const*, std::shared_ptr<DB::Context>, DB::QueryFlags, DB::QueryProcessingStage::Enum, std::unique_ptr<DB::ReadBuffer, std::default_delete<DB::ReadBuffer>>&, std::shared_ptr<DB::IAST>&, std::shared_ptr<DB::ImplicitTransactionControlExecutor>) @ 0x0000000018780440
11:38:34    15. DB::executeQuery(String const&, std::shared_ptr<DB::Context>, DB::QueryFlags, DB::QueryProcessingStage::Enum) @ 0x00000000187786cb
11:38:34    16. DB::TCPHandler::runImpl() @ 0x0000000019e2d3db
11:38:34    17. DB::TCPHandler::run() @ 0x0000000019e4f119
11:38:34    18. Poco::Net::TCPServerConnection::start() @ 0x000000001ef4ed07
11:38:34    19. Poco::Net::TCPServerDispatcher::run() @ 0x000000001ef4f199
11:38:35    20. Poco::PooledThread::run() @ 0x000000001ef15b87
11:38:35    21. Poco::ThreadImpl::runnableEntry(void*) @ 0x000000001ef13f81
11:38:35    22. ? @ 0x0000000000094ac3
11:38:35    23. ? @ 0x0000000000125a74
11:38:35  
11:38:35  Done. PASS=0 WARN=0 ERROR=1 SKIP=0 TOTAL=1


STDERR:

[2025-11-02T11:38:35.956+0000] {taskinstance.py:1138} INFO - Marking task as UP_FOR_RETRY. dag_id=gold_dimensions_pipeline, task_id=dbt_dim_merchants, execution_date=20251102T113814, start_date=20251102T113830, end_date=20251102T113835
[2025-11-02T11:38:35.978+0000] {standard_task_runner.py:107} ERROR - Failed to execute job 273 for task dbt_dim_merchants (dbt failed (1).
STDOUT:
11:38:33  Running with dbt=1.5.9
11:38:33  Registered adapter: clickhouse=1.5.2
11:38:34  [WARNING]: Configuration paths exist in your dbt_project.yml file which do not apply to any resources.
There are 2 unused configuration paths:
- models.ck_project.bronze
- models.ck_project.gold.fact
11:38:34  Found 7 models, 17 tests, 0 snapshots, 0 analyses, 349 macros, 0 operations, 0 seed files, 6 sources, 0 exposures, 0 metrics, 0 groups
11:38:34  
11:38:34  Concurrency: 4 threads (target='dev')
11:38:34  
11:38:34  1 of 1 START sql table model gold.dim_merchants ................................ [RUN]
11:38:34  1 of 1 ERROR creating sql table model gold.dim_merchants ....................... [ERROR in 0.17s]
11:38:34  
11:38:34  Finished running 1 table model in 0 hours 0 minutes and 0.75 seconds (0.75s).
11:38:34  
11:38:34  Completed with 1 error and 0 warnings:
11:38:34  
11:38:34  Database Error in model dim_merchants (models/gold/dim/dim_merchants.sql)
11:38:34    Code: 44.
11:38:34    DB::Exception: Sorting key contains nullable columns, but merge tree setting `allow_nullable_key` is disabled. Stack trace:
11:38:34    
11:38:34    0. DB::Exception::Exception(DB::Exception::MessageMasked&&, int, bool) @ 0x00000000137a855f
11:38:34    1. DB::Exception::Exception(String&&, int, String, bool) @ 0x000000000cae7e8e
11:38:34    2. DB::Exception::Exception(PreformattedMessage&&, int) @ 0x000000000cae7940
11:38:34    3. DB::Exception::Exception<String const&>(int, FormatStringHelperImpl<std::type_identity<String const&>::type>, String const&) @ 0x000000000de374eb
11:38:34    4. DB::checkKeyExpression(DB::ExpressionActions const&, DB::Block const&, String const&, bool) @ 0x00000000195d4ae2
11:38:34    5. DB::MergeTreeData::checkProperties(DB::StorageInMemoryMetadata const&, DB::StorageInMemoryMetadata const&, bool, bool, bool, bool, std::shared_ptr<DB::Context const>) const @ 0x00000000195d36f0
11:38:34    6. DB::MergeTreeData::setProperties(DB::StorageInMemoryMetadata const&, DB::StorageInMemoryMetadata const&, bool, std::shared_ptr<DB::Context const>) @ 0x00000000195c8fb8
11:38:34    7. DB::MergeTreeData::MergeTreeData(DB::StorageID const&, DB::StorageInMemoryMetadata const&, std::shared_ptr<DB::Context>, String const&, DB::MergeTreeData::MergingParams const&, std::unique_ptr<DB::MergeTreeSettings, std::default_delete<DB::MergeTreeSettings>>, bool, DB::LoadingStrictnessLevel, std::function<void (String const&)>) @ 0x00000000195c61d2
11:38:34    8. DB::StorageMergeTree::StorageMergeTree(DB::StorageID const&, String const&, DB::StorageInMemoryMetadata const&, DB::LoadingStrictnessLevel, std::shared_ptr<DB::Context>, String const&, DB::MergeTreeData::MergingParams const&, std::unique_ptr<DB::MergeTreeSettings, std::default_delete<DB::MergeTreeSettings>>) @ 0x0000000019572e26
11:38:34    9. DB::create(DB::StorageFactory::Arguments const&) @ 0x0000000019a60f2d
11:38:34    10. DB::StorageFactory::get(DB::ASTCreateQuery const&, String const&, std::shared_ptr<DB::Context>, std::shared_ptr<DB::Context>, DB::ColumnsDescription const&, DB::ConstraintsDescription const&, DB::LoadingStrictnessLevel, bool) const @ 0x0000000018e40d7b
11:38:34    11. DB::InterpreterCreateQuery::doCreateTable(DB::ASTCreateQuery&, DB::InterpreterCreateQuery::TableProperties const&, std::unique_ptr<DB::DDLGuard, std::default_delete<DB::DDLGuard>>&, DB::LoadingStrictnessLevel) @ 0x00000000182fb075
11:38:34    12. DB::InterpreterCreateQuery::createTable(DB::ASTCreateQuery&) @ 0x00000000182ef810
11:38:34    13. DB::InterpreterCreateQuery::execute() @ 0x0000000018303978
11:38:34    14. DB::executeQueryImpl(char const*, char const*, std::shared_ptr<DB::Context>, DB::QueryFlags, DB::QueryProcessingStage::Enum, std::unique_ptr<DB::ReadBuffer, std::default_delete<DB::ReadBuffer>>&, std::shared_ptr<DB::IAST>&, std::shared_ptr<DB::ImplicitTransactionControlExecutor>) @ 0x0000000018780440
11:38:34    15. DB::executeQuery(String const&, std::shared_ptr<DB::Context>, DB::QueryFlags, DB::QueryProcessingStage::Enum) @ 0x00000000187786cb
11:38:34    16. DB::TCPHandler::runImpl() @ 0x0000000019e2d3db
11:38:34    17. DB::TCPHandler::run() @ 0x0000000019e4f119
11:38:34    18. Poco::Net::TCPServerConnection::start() @ 0x000000001ef4ed07
11:38:34    19. Poco::Net::TCPServerDispatcher::run() @ 0x000000001ef4f199
11:38:35    20. Poco::PooledThread::run() @ 0x000000001ef15b87
11:38:35    21. Poco::ThreadImpl::runnableEntry(void*) @ 0x000000001ef13f81
11:38:35    22. ? @ 0x0000000000094ac3
11:38:35    23. ? @ 0x0000000000125a74
11:38:35  
11:38:35  Done. PASS=0 WARN=0 ERROR=1 SKIP=0 TOTAL=1


STDERR:
; 4255)
[2025-11-02T11:38:36.031+0000] {local_task_job_runner.py:234} INFO - Task exited with return code 1
[2025-11-02T11:38:36.067+0000] {taskinstance.py:3280} INFO - 0 downstream tasks scheduled from follow-on schedule check
