[2025-11-02T00:00:02.056+0000] {taskinstance.py:1956} INFO - Dependencies all met for dep_context=non-requeueable deps ti=<TaskInstance: ingestion_pipeline.load_payments_bronze scheduled__2025-11-01T00:00:00+00:00 [queued]>
[2025-11-02T00:00:02.082+0000] {taskinstance.py:1956} INFO - Dependencies all met for dep_context=requeueable deps ti=<TaskInstance: ingestion_pipeline.load_payments_bronze scheduled__2025-11-01T00:00:00+00:00 [queued]>
[2025-11-02T00:00:02.083+0000] {taskinstance.py:2170} INFO - Starting attempt 1 of 2
[2025-11-02T00:00:02.110+0000] {taskinstance.py:2191} INFO - Executing <Task(PythonOperator): load_payments_bronze> on 2025-11-01 00:00:00+00:00
[2025-11-02T00:00:02.127+0000] {standard_task_runner.py:60} INFO - Started process 12534 to run task
[2025-11-02T00:00:02.137+0000] {standard_task_runner.py:87} INFO - Running: ['***', 'tasks', 'run', 'ingestion_pipeline', 'load_payments_bronze', 'scheduled__2025-11-01T00:00:00+00:00', '--job-id', '262', '--raw', '--subdir', 'DAGS_FOLDER/ingestion_dag.py', '--cfg-path', '/tmp/tmp1zfgd90_']
[2025-11-02T00:00:02.142+0000] {standard_task_runner.py:88} INFO - Job 262: Subtask load_payments_bronze
[2025-11-02T00:00:02.352+0000] {task_command.py:423} INFO - Running <TaskInstance: ingestion_pipeline.load_payments_bronze scheduled__2025-11-01T00:00:00+00:00 [running]> on host 6335aa85b335
[2025-11-02T00:00:02.495+0000] {taskinstance.py:2480} INFO - Exporting env vars: AIRFLOW_CTX_DAG_OWNER='***' AIRFLOW_CTX_DAG_ID='ingestion_pipeline' AIRFLOW_CTX_TASK_ID='load_payments_bronze' AIRFLOW_CTX_EXECUTION_DATE='2025-11-01T00:00:00+00:00' AIRFLOW_CTX_TRY_NUMBER='1' AIRFLOW_CTX_DAG_RUN_ID='scheduled__2025-11-01T00:00:00+00:00'
[2025-11-02T00:00:04.607+0000] {payments_to_clickhouse.py:89} INFO - [payments->ch] Target CSV: /tmp/data/payments/payments-20251101.csv
[2025-11-02T00:00:04.616+0000] {payments_to_clickhouse.py:94} INFO - [payments->ch] Folder listing: ['payments-20251001.csv', 'payments-20251002.csv', 'payments-20251003.csv', 'payments-20251004.csv']
[2025-11-02T00:00:04.618+0000] {payments_to_clickhouse.py:100} WARNING - [payments->ch] File not found. Skipping.
[2025-11-02T00:00:04.622+0000] {python.py:201} INFO - Done. Returned value was: None
[2025-11-02T00:00:04.647+0000] {taskinstance.py:1138} INFO - Marking task as SUCCESS. dag_id=ingestion_pipeline, task_id=load_payments_bronze, execution_date=20251101T000000, start_date=20251102T000002, end_date=20251102T000004
[2025-11-02T00:00:04.728+0000] {local_task_job_runner.py:234} INFO - Task exited with return code 0
[2025-11-02T00:00:04.757+0000] {taskinstance.py:3280} INFO - 0 downstream tasks scheduled from follow-on schedule check
[2025-11-02T01:30:11.147+0000] {taskinstance.py:1956} INFO - Dependencies all met for dep_context=non-requeueable deps ti=<TaskInstance: ingestion_pipeline.load_payments_bronze scheduled__2025-11-01T00:00:00+00:00 [queued]>
[2025-11-02T01:30:11.263+0000] {taskinstance.py:1956} INFO - Dependencies all met for dep_context=requeueable deps ti=<TaskInstance: ingestion_pipeline.load_payments_bronze scheduled__2025-11-01T00:00:00+00:00 [queued]>
[2025-11-02T01:30:11.288+0000] {taskinstance.py:2170} INFO - Starting attempt 1 of 2
[2025-11-02T01:30:11.488+0000] {taskinstance.py:2191} INFO - Executing <Task(PythonOperator): load_payments_bronze> on 2025-11-01 00:00:00+00:00
[2025-11-02T01:30:11.617+0000] {standard_task_runner.py:87} INFO - Running: ['***', 'tasks', 'run', 'ingestion_pipeline', 'load_payments_bronze', 'scheduled__2025-11-01T00:00:00+00:00', '--job-id', '129', '--raw', '--subdir', 'DAGS_FOLDER/ingestion_dag.py', '--cfg-path', '/tmp/tmpsmnz7kn0']
[2025-11-02T01:30:11.593+0000] {standard_task_runner.py:60} INFO - Started process 1009 to run task
[2025-11-02T01:30:11.636+0000] {standard_task_runner.py:88} INFO - Job 129: Subtask load_payments_bronze
[2025-11-02T01:30:12.055+0000] {task_command.py:423} INFO - Running <TaskInstance: ingestion_pipeline.load_payments_bronze scheduled__2025-11-01T00:00:00+00:00 [running]> on host 3b0074fa0b5e
[2025-11-02T01:30:12.927+0000] {taskinstance.py:2480} INFO - Exporting env vars: AIRFLOW_CTX_DAG_OWNER='***' AIRFLOW_CTX_DAG_ID='ingestion_pipeline' AIRFLOW_CTX_TASK_ID='load_payments_bronze' AIRFLOW_CTX_EXECUTION_DATE='2025-11-01T00:00:00+00:00' AIRFLOW_CTX_TRY_NUMBER='1' AIRFLOW_CTX_DAG_RUN_ID='scheduled__2025-11-01T00:00:00+00:00'
[2025-11-02T01:30:16.960+0000] {payments_to_clickhouse.py:89} INFO - [payments->ch] Target CSV: /tmp/data/payments/payments-20251101.csv
[2025-11-02T01:30:16.967+0000] {payments_to_clickhouse.py:94} INFO - [payments->ch] Folder listing: ['payments-20251001.csv', 'payments-20251002.csv', 'payments-20251003.csv', 'payments-20251004.csv']
[2025-11-02T01:30:16.969+0000] {payments_to_clickhouse.py:100} WARNING - [payments->ch] File not found. Skipping.
[2025-11-02T01:30:16.970+0000] {python.py:201} INFO - Done. Returned value was: None
[2025-11-02T01:30:17.020+0000] {taskinstance.py:1138} INFO - Marking task as SUCCESS. dag_id=ingestion_pipeline, task_id=load_payments_bronze, execution_date=20251101T000000, start_date=20251102T013011, end_date=20251102T013017
[2025-11-02T01:30:17.184+0000] {local_task_job_runner.py:234} INFO - Task exited with return code 0
[2025-11-02T01:30:17.223+0000] {taskinstance.py:3280} INFO - 0 downstream tasks scheduled from follow-on schedule check
[2025-11-02T11:28:10.578+0000] {taskinstance.py:1956} INFO - Dependencies all met for dep_context=non-requeueable deps ti=<TaskInstance: ingestion_pipeline.load_payments_bronze scheduled__2025-11-01T00:00:00+00:00 [queued]>
[2025-11-02T11:28:10.717+0000] {taskinstance.py:1956} INFO - Dependencies all met for dep_context=requeueable deps ti=<TaskInstance: ingestion_pipeline.load_payments_bronze scheduled__2025-11-01T00:00:00+00:00 [queued]>
[2025-11-02T11:28:10.734+0000] {taskinstance.py:2170} INFO - Starting attempt 1 of 2
[2025-11-02T11:28:10.910+0000] {taskinstance.py:2191} INFO - Executing <Task(PythonOperator): load_payments_bronze> on 2025-11-01 00:00:00+00:00
[2025-11-02T11:28:10.996+0000] {standard_task_runner.py:60} INFO - Started process 1138 to run task
[2025-11-02T11:28:11.196+0000] {standard_task_runner.py:87} INFO - Running: ['***', 'tasks', 'run', 'ingestion_pipeline', 'load_payments_bronze', 'scheduled__2025-11-01T00:00:00+00:00', '--job-id', '128', '--raw', '--subdir', 'DAGS_FOLDER/ingestion_dag.py', '--cfg-path', '/tmp/tmp3zdn4id1']
[2025-11-02T11:28:11.214+0000] {standard_task_runner.py:88} INFO - Job 128: Subtask load_payments_bronze
[2025-11-02T11:28:11.553+0000] {task_command.py:423} INFO - Running <TaskInstance: ingestion_pipeline.load_payments_bronze scheduled__2025-11-01T00:00:00+00:00 [running]> on host 0d39d4365eb9
[2025-11-02T11:28:12.243+0000] {taskinstance.py:2480} INFO - Exporting env vars: AIRFLOW_CTX_DAG_OWNER='***' AIRFLOW_CTX_DAG_ID='ingestion_pipeline' AIRFLOW_CTX_TASK_ID='load_payments_bronze' AIRFLOW_CTX_EXECUTION_DATE='2025-11-01T00:00:00+00:00' AIRFLOW_CTX_TRY_NUMBER='1' AIRFLOW_CTX_DAG_RUN_ID='scheduled__2025-11-01T00:00:00+00:00'
[2025-11-02T11:28:16.409+0000] {payments_to_clickhouse.py:89} INFO - [payments->ch] Target CSV: /tmp/data/payments/payments-20251101.csv
[2025-11-02T11:28:16.415+0000] {payments_to_clickhouse.py:94} INFO - [payments->ch] Folder listing: ['payments-20251001.csv', 'payments-20251002.csv', 'payments-20251003.csv', 'payments-20251004.csv']
[2025-11-02T11:28:16.419+0000] {payments_to_clickhouse.py:100} WARNING - [payments->ch] File not found. Skipping.
[2025-11-02T11:28:16.426+0000] {python.py:201} INFO - Done. Returned value was: None
[2025-11-02T11:28:16.463+0000] {taskinstance.py:1138} INFO - Marking task as SUCCESS. dag_id=ingestion_pipeline, task_id=load_payments_bronze, execution_date=20251101T000000, start_date=20251102T112810, end_date=20251102T112816
[2025-11-02T11:28:16.580+0000] {local_task_job_runner.py:234} INFO - Task exited with return code 0
[2025-11-02T11:28:16.733+0000] {taskinstance.py:3280} INFO - 0 downstream tasks scheduled from follow-on schedule check
