[2025-11-01T20:06:16.191+0000] {taskinstance.py:1956} INFO - Dependencies all met for dep_context=non-requeueable deps ti=<TaskInstance: ingestion_pipeline.load_payments_bronze scheduled__2025-10-01T00:00:00+00:00 [queued]>
[2025-11-01T20:06:16.230+0000] {taskinstance.py:1956} INFO - Dependencies all met for dep_context=requeueable deps ti=<TaskInstance: ingestion_pipeline.load_payments_bronze scheduled__2025-10-01T00:00:00+00:00 [queued]>
[2025-11-01T20:06:16.236+0000] {taskinstance.py:2170} INFO - Starting attempt 1 of 2
[2025-11-01T20:06:16.408+0000] {taskinstance.py:2191} INFO - Executing <Task(PythonOperator): load_payments_bronze> on 2025-10-01 00:00:00+00:00
[2025-11-01T20:06:16.455+0000] {standard_task_runner.py:60} INFO - Started process 292 to run task
[2025-11-01T20:06:16.511+0000] {standard_task_runner.py:87} INFO - Running: ['***', 'tasks', 'run', 'ingestion_pipeline', 'load_payments_bronze', 'scheduled__2025-10-01T00:00:00+00:00', '--job-id', '2', '--raw', '--subdir', 'DAGS_FOLDER/ingestion_dag.py', '--cfg-path', '/tmp/tmprd43jixe']
[2025-11-01T20:06:16.535+0000] {standard_task_runner.py:88} INFO - Job 2: Subtask load_payments_bronze
[2025-11-01T20:06:16.838+0000] {task_command.py:423} INFO - Running <TaskInstance: ingestion_pipeline.load_payments_bronze scheduled__2025-10-01T00:00:00+00:00 [running]> on host 1a955fda0cfd
[2025-11-01T20:06:17.609+0000] {taskinstance.py:2480} INFO - Exporting env vars: AIRFLOW_CTX_DAG_OWNER='***' AIRFLOW_CTX_DAG_ID='ingestion_pipeline' AIRFLOW_CTX_TASK_ID='load_payments_bronze' AIRFLOW_CTX_EXECUTION_DATE='2025-10-01T00:00:00+00:00' AIRFLOW_CTX_TRY_NUMBER='1' AIRFLOW_CTX_DAG_RUN_ID='scheduled__2025-10-01T00:00:00+00:00'
[2025-11-01T20:06:30.537+0000] {payments_to_clickhouse.py:89} INFO - [payments->ch] Target CSV: /tmp/data/payments/payments-20251001.csv
[2025-11-01T20:06:30.544+0000] {payments_to_clickhouse.py:94} INFO - [payments->ch] Folder listing: ['payments-20251001.csv', 'payments-20251002.csv', 'payments-20251003.csv']
[2025-11-01T20:06:30.596+0000] {crypto.py:82} WARNING - empty cryptography key - values will not be stored encrypted.
[2025-11-01T20:06:30.598+0000] {base.py:83} INFO - Using connection ID 'clickhouse_default' for task execution.
[2025-11-01T20:06:30.618+0000] {payments_to_clickhouse.py:217} INFO - [payments->ch] Dropped partition for _snapshot_date=2025-10-01.
[2025-11-01T20:06:30.696+0000] {payments_to_clickhouse.py:255} INFO - [payments->ch] Inserted 1092 rows into bronze.payments.
[2025-11-01T20:06:30.701+0000] {python.py:201} INFO - Done. Returned value was: None
[2025-11-01T20:06:30.755+0000] {taskinstance.py:1138} INFO - Marking task as SUCCESS. dag_id=ingestion_pipeline, task_id=load_payments_bronze, execution_date=20251001T000000, start_date=20251101T200616, end_date=20251101T200630
[2025-11-01T20:06:30.920+0000] {local_task_job_runner.py:234} INFO - Task exited with return code 0
[2025-11-01T20:06:31.174+0000] {taskinstance.py:3280} INFO - 0 downstream tasks scheduled from follow-on schedule check
[2025-11-01T20:17:47.968+0000] {taskinstance.py:1956} INFO - Dependencies all met for dep_context=non-requeueable deps ti=<TaskInstance: ingestion_pipeline.load_payments_bronze scheduled__2025-10-01T00:00:00+00:00 [queued]>
[2025-11-01T20:17:48.013+0000] {taskinstance.py:1956} INFO - Dependencies all met for dep_context=requeueable deps ti=<TaskInstance: ingestion_pipeline.load_payments_bronze scheduled__2025-10-01T00:00:00+00:00 [queued]>
[2025-11-01T20:17:48.014+0000] {taskinstance.py:2170} INFO - Starting attempt 1 of 2
[2025-11-01T20:17:48.114+0000] {taskinstance.py:2191} INFO - Executing <Task(PythonOperator): load_payments_bronze> on 2025-10-01 00:00:00+00:00
[2025-11-01T20:17:48.124+0000] {standard_task_runner.py:60} INFO - Started process 288 to run task
[2025-11-01T20:17:48.146+0000] {standard_task_runner.py:87} INFO - Running: ['***', 'tasks', 'run', 'ingestion_pipeline', 'load_payments_bronze', 'scheduled__2025-10-01T00:00:00+00:00', '--job-id', '4', '--raw', '--subdir', 'DAGS_FOLDER/ingestion_dag.py', '--cfg-path', '/tmp/tmpw4eoe8le']
[2025-11-01T20:17:48.195+0000] {standard_task_runner.py:88} INFO - Job 4: Subtask load_payments_bronze
[2025-11-01T20:17:48.548+0000] {task_command.py:423} INFO - Running <TaskInstance: ingestion_pipeline.load_payments_bronze scheduled__2025-10-01T00:00:00+00:00 [running]> on host 6335aa85b335
[2025-11-01T20:17:49.061+0000] {taskinstance.py:2480} INFO - Exporting env vars: AIRFLOW_CTX_DAG_OWNER='***' AIRFLOW_CTX_DAG_ID='ingestion_pipeline' AIRFLOW_CTX_TASK_ID='load_payments_bronze' AIRFLOW_CTX_EXECUTION_DATE='2025-10-01T00:00:00+00:00' AIRFLOW_CTX_TRY_NUMBER='1' AIRFLOW_CTX_DAG_RUN_ID='scheduled__2025-10-01T00:00:00+00:00'
[2025-11-01T20:17:56.896+0000] {payments_to_clickhouse.py:89} INFO - [payments->ch] Target CSV: /tmp/data/payments/payments-20251001.csv
[2025-11-01T20:17:56.908+0000] {payments_to_clickhouse.py:94} INFO - [payments->ch] Folder listing: ['payments-20251001.csv', 'payments-20251002.csv', 'payments-20251003.csv', 'payments-20251004.csv']
[2025-11-01T20:17:57.331+0000] {crypto.py:82} WARNING - empty cryptography key - values will not be stored encrypted.
[2025-11-01T20:17:57.343+0000] {base.py:83} INFO - Using connection ID 'clickhouse_default' for task execution.
[2025-11-01T20:17:57.509+0000] {payments_to_clickhouse.py:217} INFO - [payments->ch] Dropped partition for _snapshot_date=2025-10-01.
[2025-11-01T20:17:57.593+0000] {payments_to_clickhouse.py:255} INFO - [payments->ch] Inserted 1092 rows into bronze.payments.
[2025-11-01T20:17:57.601+0000] {python.py:201} INFO - Done. Returned value was: None
[2025-11-01T20:17:57.680+0000] {taskinstance.py:1138} INFO - Marking task as SUCCESS. dag_id=ingestion_pipeline, task_id=load_payments_bronze, execution_date=20251001T000000, start_date=20251101T201747, end_date=20251101T201757
[2025-11-01T20:17:57.865+0000] {local_task_job_runner.py:234} INFO - Task exited with return code 0
[2025-11-01T20:17:57.977+0000] {taskinstance.py:3280} INFO - 0 downstream tasks scheduled from follow-on schedule check
