[2025-11-01T20:13:18.729+0000] {taskinstance.py:1956} INFO - Dependencies all met for dep_context=non-requeueable deps ti=<TaskInstance: silver_transformation_pipeline.dbt_run_linktx scheduled__2025-10-04T00:00:00+00:00 [queued]>
[2025-11-01T20:13:18.741+0000] {taskinstance.py:1956} INFO - Dependencies all met for dep_context=requeueable deps ti=<TaskInstance: silver_transformation_pipeline.dbt_run_linktx scheduled__2025-10-04T00:00:00+00:00 [queued]>
[2025-11-01T20:13:18.742+0000] {taskinstance.py:2170} INFO - Starting attempt 1 of 2
[2025-11-01T20:13:18.758+0000] {taskinstance.py:2191} INFO - Executing <Task(PythonOperator): dbt_run_linktx> on 2025-10-04 00:00:00+00:00
[2025-11-01T20:13:18.765+0000] {standard_task_runner.py:60} INFO - Started process 1425 to run task
[2025-11-01T20:13:18.769+0000] {standard_task_runner.py:87} INFO - Running: ['***', 'tasks', 'run', 'silver_transformation_pipeline', 'dbt_run_linktx', 'scheduled__2025-10-04T00:00:00+00:00', '--job-id', '147', '--raw', '--subdir', 'DAGS_FOLDER/silver_dag.py', '--cfg-path', '/tmp/tmpo6mywf_x']
[2025-11-01T20:13:18.772+0000] {standard_task_runner.py:88} INFO - Job 147: Subtask dbt_run_linktx
[2025-11-01T20:13:18.878+0000] {task_command.py:423} INFO - Running <TaskInstance: silver_transformation_pipeline.dbt_run_linktx scheduled__2025-10-04T00:00:00+00:00 [running]> on host 1a955fda0cfd
[2025-11-01T20:13:19.041+0000] {taskinstance.py:2480} INFO - Exporting env vars: AIRFLOW_CTX_DAG_OWNER='***' AIRFLOW_CTX_DAG_ID='silver_transformation_pipeline' AIRFLOW_CTX_TASK_ID='dbt_run_linktx' AIRFLOW_CTX_EXECUTION_DATE='2025-10-04T00:00:00+00:00' AIRFLOW_CTX_TRY_NUMBER='1' AIRFLOW_CTX_DAG_RUN_ID='scheduled__2025-10-04T00:00:00+00:00'
[2025-11-01T20:13:25.936+0000] {python.py:201} INFO - Done. Returned value was: None
[2025-11-01T20:13:25.957+0000] {taskinstance.py:1138} INFO - Marking task as SUCCESS. dag_id=silver_transformation_pipeline, task_id=dbt_run_linktx, execution_date=20251004T000000, start_date=20251101T201318, end_date=20251101T201325
[2025-11-01T20:13:25.999+0000] {local_task_job_runner.py:234} INFO - Task exited with return code 0
[2025-11-01T20:13:26.028+0000] {taskinstance.py:3280} INFO - 0 downstream tasks scheduled from follow-on schedule check
[2025-11-01T20:20:00.431+0000] {taskinstance.py:1956} INFO - Dependencies all met for dep_context=non-requeueable deps ti=<TaskInstance: silver_transformation_pipeline.dbt_run_linktx scheduled__2025-10-04T00:00:00+00:00 [queued]>
[2025-11-01T20:20:00.441+0000] {taskinstance.py:1956} INFO - Dependencies all met for dep_context=requeueable deps ti=<TaskInstance: silver_transformation_pipeline.dbt_run_linktx scheduled__2025-10-04T00:00:00+00:00 [queued]>
[2025-11-01T20:20:00.443+0000] {taskinstance.py:2170} INFO - Starting attempt 1 of 2
[2025-11-01T20:20:00.458+0000] {taskinstance.py:2191} INFO - Executing <Task(PythonOperator): dbt_run_linktx> on 2025-10-04 00:00:00+00:00
[2025-11-01T20:20:00.466+0000] {standard_task_runner.py:60} INFO - Started process 1082 to run task
[2025-11-01T20:20:00.471+0000] {standard_task_runner.py:87} INFO - Running: ['***', 'tasks', 'run', 'silver_transformation_pipeline', 'dbt_run_linktx', 'scheduled__2025-10-04T00:00:00+00:00', '--job-id', '139', '--raw', '--subdir', 'DAGS_FOLDER/silver_dag.py', '--cfg-path', '/tmp/tmpjvrn8tyk']
[2025-11-01T20:20:00.473+0000] {standard_task_runner.py:88} INFO - Job 139: Subtask dbt_run_linktx
[2025-11-01T20:20:00.557+0000] {task_command.py:423} INFO - Running <TaskInstance: silver_transformation_pipeline.dbt_run_linktx scheduled__2025-10-04T00:00:00+00:00 [running]> on host 6335aa85b335
[2025-11-01T20:20:00.665+0000] {taskinstance.py:2480} INFO - Exporting env vars: AIRFLOW_CTX_DAG_OWNER='***' AIRFLOW_CTX_DAG_ID='silver_transformation_pipeline' AIRFLOW_CTX_TASK_ID='dbt_run_linktx' AIRFLOW_CTX_EXECUTION_DATE='2025-10-04T00:00:00+00:00' AIRFLOW_CTX_TRY_NUMBER='1' AIRFLOW_CTX_DAG_RUN_ID='scheduled__2025-10-04T00:00:00+00:00'
[2025-11-01T20:20:07.505+0000] {python.py:201} INFO - Done. Returned value was: None
[2025-11-01T20:20:07.528+0000] {taskinstance.py:1138} INFO - Marking task as SUCCESS. dag_id=silver_transformation_pipeline, task_id=dbt_run_linktx, execution_date=20251004T000000, start_date=20251101T202000, end_date=20251101T202007
[2025-11-01T20:20:07.604+0000] {local_task_job_runner.py:234} INFO - Task exited with return code 0
[2025-11-01T20:20:07.628+0000] {taskinstance.py:3280} INFO - 0 downstream tasks scheduled from follow-on schedule check
[2025-11-02T01:35:12.834+0000] {taskinstance.py:1956} INFO - Dependencies all met for dep_context=non-requeueable deps ti=<TaskInstance: silver_transformation_pipeline.dbt_run_linktx scheduled__2025-10-04T00:00:00+00:00 [queued]>
[2025-11-02T01:35:12.845+0000] {taskinstance.py:1956} INFO - Dependencies all met for dep_context=requeueable deps ti=<TaskInstance: silver_transformation_pipeline.dbt_run_linktx scheduled__2025-10-04T00:00:00+00:00 [queued]>
[2025-11-02T01:35:12.845+0000] {taskinstance.py:2170} INFO - Starting attempt 1 of 2
[2025-11-02T01:35:12.862+0000] {taskinstance.py:2191} INFO - Executing <Task(PythonOperator): dbt_run_linktx> on 2025-10-04 00:00:00+00:00
[2025-11-02T01:35:12.870+0000] {standard_task_runner.py:60} INFO - Started process 1591 to run task
[2025-11-02T01:35:12.875+0000] {standard_task_runner.py:87} INFO - Running: ['***', 'tasks', 'run', 'silver_transformation_pipeline', 'dbt_run_linktx', 'scheduled__2025-10-04T00:00:00+00:00', '--job-id', '145', '--raw', '--subdir', 'DAGS_FOLDER/silver_dag.py', '--cfg-path', '/tmp/tmpemnjuj78']
[2025-11-02T01:35:12.877+0000] {standard_task_runner.py:88} INFO - Job 145: Subtask dbt_run_linktx
[2025-11-02T01:35:12.957+0000] {task_command.py:423} INFO - Running <TaskInstance: silver_transformation_pipeline.dbt_run_linktx scheduled__2025-10-04T00:00:00+00:00 [running]> on host 3b0074fa0b5e
[2025-11-02T01:35:13.134+0000] {taskinstance.py:2480} INFO - Exporting env vars: AIRFLOW_CTX_DAG_OWNER='***' AIRFLOW_CTX_DAG_ID='silver_transformation_pipeline' AIRFLOW_CTX_TASK_ID='dbt_run_linktx' AIRFLOW_CTX_EXECUTION_DATE='2025-10-04T00:00:00+00:00' AIRFLOW_CTX_TRY_NUMBER='1' AIRFLOW_CTX_DAG_RUN_ID='scheduled__2025-10-04T00:00:00+00:00'
[2025-11-02T01:35:20.408+0000] {python.py:201} INFO - Done. Returned value was: None
[2025-11-02T01:35:20.425+0000] {taskinstance.py:1138} INFO - Marking task as SUCCESS. dag_id=silver_transformation_pipeline, task_id=dbt_run_linktx, execution_date=20251004T000000, start_date=20251102T013512, end_date=20251102T013520
[2025-11-02T01:35:20.478+0000] {local_task_job_runner.py:234} INFO - Task exited with return code 0
[2025-11-02T01:35:20.498+0000] {taskinstance.py:3280} INFO - 0 downstream tasks scheduled from follow-on schedule check
[2025-11-02T11:30:06.483+0000] {taskinstance.py:1956} INFO - Dependencies all met for dep_context=non-requeueable deps ti=<TaskInstance: silver_transformation_pipeline.dbt_run_linktx scheduled__2025-10-04T00:00:00+00:00 [queued]>
[2025-11-02T11:30:06.495+0000] {taskinstance.py:1956} INFO - Dependencies all met for dep_context=requeueable deps ti=<TaskInstance: silver_transformation_pipeline.dbt_run_linktx scheduled__2025-10-04T00:00:00+00:00 [queued]>
[2025-11-02T11:30:06.495+0000] {taskinstance.py:2170} INFO - Starting attempt 1 of 2
[2025-11-02T11:30:06.522+0000] {taskinstance.py:2191} INFO - Executing <Task(PythonOperator): dbt_run_linktx> on 2025-10-04 00:00:00+00:00
[2025-11-02T11:30:06.530+0000] {standard_task_runner.py:60} INFO - Started process 1595 to run task
[2025-11-02T11:30:06.534+0000] {standard_task_runner.py:87} INFO - Running: ['***', 'tasks', 'run', 'silver_transformation_pipeline', 'dbt_run_linktx', 'scheduled__2025-10-04T00:00:00+00:00', '--job-id', '153', '--raw', '--subdir', 'DAGS_FOLDER/silver_dag.py', '--cfg-path', '/tmp/tmpz0lqix_q']
[2025-11-02T11:30:06.538+0000] {standard_task_runner.py:88} INFO - Job 153: Subtask dbt_run_linktx
[2025-11-02T11:30:06.640+0000] {task_command.py:423} INFO - Running <TaskInstance: silver_transformation_pipeline.dbt_run_linktx scheduled__2025-10-04T00:00:00+00:00 [running]> on host 0d39d4365eb9
[2025-11-02T11:30:06.789+0000] {taskinstance.py:2480} INFO - Exporting env vars: AIRFLOW_CTX_DAG_OWNER='***' AIRFLOW_CTX_DAG_ID='silver_transformation_pipeline' AIRFLOW_CTX_TASK_ID='dbt_run_linktx' AIRFLOW_CTX_EXECUTION_DATE='2025-10-04T00:00:00+00:00' AIRFLOW_CTX_TRY_NUMBER='1' AIRFLOW_CTX_DAG_RUN_ID='scheduled__2025-10-04T00:00:00+00:00'
[2025-11-02T11:30:15.255+0000] {python.py:201} INFO - Done. Returned value was: None
[2025-11-02T11:30:15.281+0000] {taskinstance.py:1138} INFO - Marking task as SUCCESS. dag_id=silver_transformation_pipeline, task_id=dbt_run_linktx, execution_date=20251004T000000, start_date=20251102T113006, end_date=20251102T113015
[2025-11-02T11:30:15.324+0000] {local_task_job_runner.py:234} INFO - Task exited with return code 0
[2025-11-02T11:30:15.346+0000] {taskinstance.py:3280} INFO - 0 downstream tasks scheduled from follow-on schedule check
