[2025-11-01T13:36:05.150+0000] {taskinstance.py:1956} INFO - Dependencies all met for dep_context=non-requeueable deps ti=<TaskInstance: silver_transformation_pipeline.create_silver_db manual__2025-11-01T13:36:03.910324+00:00 [queued]>
[2025-11-01T13:36:05.161+0000] {taskinstance.py:1956} INFO - Dependencies all met for dep_context=requeueable deps ti=<TaskInstance: silver_transformation_pipeline.create_silver_db manual__2025-11-01T13:36:03.910324+00:00 [queued]>
[2025-11-01T13:36:05.162+0000] {taskinstance.py:2170} INFO - Starting attempt 1 of 2
[2025-11-01T13:36:05.184+0000] {taskinstance.py:2191} INFO - Executing <Task(BashOperator): create_silver_db> on 2025-11-01 13:36:03.910324+00:00
[2025-11-01T13:36:05.197+0000] {standard_task_runner.py:60} INFO - Started process 2128 to run task
[2025-11-01T13:36:05.202+0000] {standard_task_runner.py:87} INFO - Running: ['***', 'tasks', 'run', 'silver_transformation_pipeline', 'create_silver_db', 'manual__2025-11-01T13:36:03.910324+00:00', '--job-id', '18', '--raw', '--subdir', 'DAGS_FOLDER/silver_dag.py', '--cfg-path', '/tmp/tmpcyn7p5z3']
[2025-11-01T13:36:05.208+0000] {standard_task_runner.py:88} INFO - Job 18: Subtask create_silver_db
[2025-11-01T13:36:05.325+0000] {task_command.py:423} INFO - Running <TaskInstance: silver_transformation_pipeline.create_silver_db manual__2025-11-01T13:36:03.910324+00:00 [running]> on host 0e882971ff2e
[2025-11-01T13:36:05.436+0000] {taskinstance.py:2480} INFO - Exporting env vars: AIRFLOW_CTX_DAG_OWNER='***' AIRFLOW_CTX_DAG_ID='silver_transformation_pipeline' AIRFLOW_CTX_TASK_ID='create_silver_db' AIRFLOW_CTX_EXECUTION_DATE='2025-11-01T13:36:03.910324+00:00' AIRFLOW_CTX_TRY_NUMBER='1' AIRFLOW_CTX_DAG_RUN_ID='manual__2025-11-01T13:36:03.910324+00:00'
[2025-11-01T13:36:05.439+0000] {subprocess.py:63} INFO - Tmp dir root location: /tmp
[2025-11-01T13:36:05.440+0000] {subprocess.py:75} INFO - Running command: ['/usr/bin/bash', '-c', 'docker exec -i clickhouse-server clickhouse-client -q "CREATE DATABASE IF NOT EXISTS silver;"']
[2025-11-01T13:36:05.451+0000] {subprocess.py:86} INFO - Output:
[2025-11-01T13:36:05.560+0000] {subprocess.py:93} INFO - Cannot connect to the Docker daemon at unix:///var/run/docker.sock. Is the docker daemon running?
[2025-11-01T13:36:05.562+0000] {subprocess.py:97} INFO - Command exited with return code 1
[2025-11-01T13:36:05.575+0000] {taskinstance.py:2698} ERROR - Task failed with exception
Traceback (most recent call last):
  File "/home/airflow/.local/lib/python3.8/site-packages/airflow/models/taskinstance.py", line 433, in _execute_task
    result = execute_callable(context=context, **execute_callable_kwargs)
  File "/home/airflow/.local/lib/python3.8/site-packages/airflow/operators/bash.py", line 212, in execute
    raise AirflowException(
airflow.exceptions.AirflowException: Bash command failed. The command returned a non-zero exit code 1.
[2025-11-01T13:36:05.580+0000] {taskinstance.py:1138} INFO - Marking task as UP_FOR_RETRY. dag_id=silver_transformation_pipeline, task_id=create_silver_db, execution_date=20251101T133603, start_date=20251101T133605, end_date=20251101T133605
[2025-11-01T13:36:05.600+0000] {standard_task_runner.py:107} ERROR - Failed to execute job 18 for task create_silver_db (Bash command failed. The command returned a non-zero exit code 1.; 2128)
[2025-11-01T13:36:05.625+0000] {local_task_job_runner.py:234} INFO - Task exited with return code 1
[2025-11-01T13:36:05.654+0000] {taskinstance.py:3280} INFO - 0 downstream tasks scheduled from follow-on schedule check
