[2025-11-02T18:15:26.963+0000] {taskinstance.py:1956} INFO - Dependencies all met for dep_context=non-requeueable deps ti=<TaskInstance: gold_dimensions_pipeline.dbt_dim_merchants scheduled__2025-10-02T00:00:00+00:00 [queued]>
[2025-11-02T18:15:26.992+0000] {taskinstance.py:1956} INFO - Dependencies all met for dep_context=requeueable deps ti=<TaskInstance: gold_dimensions_pipeline.dbt_dim_merchants scheduled__2025-10-02T00:00:00+00:00 [queued]>
[2025-11-02T18:15:26.993+0000] {taskinstance.py:2170} INFO - Starting attempt 1 of 3
[2025-11-02T18:15:27.036+0000] {taskinstance.py:2191} INFO - Executing <Task(PythonOperator): dbt_dim_merchants> on 2025-10-02 00:00:00+00:00
[2025-11-02T18:15:27.044+0000] {standard_task_runner.py:60} INFO - Started process 5558 to run task
[2025-11-02T18:15:27.051+0000] {standard_task_runner.py:87} INFO - Running: ['***', 'tasks', 'run', 'gold_dimensions_pipeline', 'dbt_dim_merchants', 'scheduled__2025-10-02T00:00:00+00:00', '--job-id', '27', '--raw', '--subdir', 'DAGS_FOLDER/gold_dag.py', '--cfg-path', '/tmp/tmpvqqlt9_d']
[2025-11-02T18:15:27.057+0000] {standard_task_runner.py:88} INFO - Job 27: Subtask dbt_dim_merchants
[2025-11-02T18:15:27.212+0000] {task_command.py:423} INFO - Running <TaskInstance: gold_dimensions_pipeline.dbt_dim_merchants scheduled__2025-10-02T00:00:00+00:00 [running]> on host 65b87e279dde
[2025-11-02T18:15:27.382+0000] {taskinstance.py:2480} INFO - Exporting env vars: AIRFLOW_CTX_DAG_OWNER='***' AIRFLOW_CTX_DAG_ID='gold_dimensions_pipeline' AIRFLOW_CTX_TASK_ID='dbt_dim_merchants' AIRFLOW_CTX_EXECUTION_DATE='2025-10-02T00:00:00+00:00' AIRFLOW_CTX_TRY_NUMBER='1' AIRFLOW_CTX_DAG_RUN_ID='scheduled__2025-10-02T00:00:00+00:00'
[2025-11-02T18:15:31.508+0000] {logging_mixin.py:188} INFO - 18:15:31  Running with dbt=1.5.9
[2025-11-02T18:15:31.710+0000] {logging_mixin.py:188} INFO - 18:15:31  Registered adapter: clickhouse=1.5.2
[2025-11-02T18:15:34.098+0000] {logging_mixin.py:188} INFO - 18:15:34  [WARNING]: Configuration paths exist in your dbt_project.yml file which do not apply to any resources.
[2025-11-02T18:15:34.099+0000] {logging_mixin.py:188} INFO - There are 1 unused configuration paths:
[2025-11-02T18:15:34.101+0000] {logging_mixin.py:188} INFO - - models.ck_project.bronze
[2025-11-02T18:15:34.157+0000] {logging_mixin.py:188} INFO - 18:15:34  Found 8 models, 20 tests, 0 snapshots, 0 analyses, 349 macros, 0 operations, 0 seed files, 6 sources, 0 exposures, 0 metrics, 0 groups
[2025-11-02T18:15:34.162+0000] {logging_mixin.py:188} INFO - 18:15:34
[2025-11-02T18:15:34.730+0000] {logging_mixin.py:188} INFO - 18:15:34  Concurrency: 4 threads (target='dev')
[2025-11-02T18:15:34.731+0000] {logging_mixin.py:188} INFO - 18:15:34
[2025-11-02T18:15:34.764+0000] {logging_mixin.py:188} INFO - 18:15:34  1 of 1 START sql table model gold.dim_merchants ................................ [RUN]
[2025-11-02T18:15:34.917+0000] {logging_mixin.py:188} INFO - 18:15:34  1 of 1 ERROR creating sql table model gold.dim_merchants ....................... [ERROR in 0.15s]
[2025-11-02T18:15:34.931+0000] {logging_mixin.py:188} INFO - 18:15:34
[2025-11-02T18:15:34.932+0000] {logging_mixin.py:188} INFO - 18:15:34  Finished running 1 table model in 0 hours 0 minutes and 0.77 seconds (0.77s).
[2025-11-02T18:15:34.976+0000] {logging_mixin.py:188} INFO - 18:15:34
[2025-11-02T18:15:34.978+0000] {logging_mixin.py:188} INFO - 18:15:34  Completed with 1 error and 0 warnings:
[2025-11-02T18:15:34.979+0000] {logging_mixin.py:188} INFO - 18:15:34
[2025-11-02T18:15:34.981+0000] {logging_mixin.py:188} INFO - 18:15:34  Database Error in model dim_merchants (models/gold/dim/dim_merchants.sql)
[2025-11-02T18:15:34.982+0000] {logging_mixin.py:188} INFO - 18:15:34    Code: 81.
[2025-11-02T18:15:34.986+0000] {logging_mixin.py:188} INFO - 18:15:34    DB::Exception: Database silver does not exist. Stack trace:
[2025-11-02T18:15:34.987+0000] {logging_mixin.py:188} INFO - 18:15:34
[2025-11-02T18:15:34.993+0000] {logging_mixin.py:188} INFO - 18:15:34    0. DB::Exception::Exception(DB::Exception::MessageMasked&&, int, bool) @ 0x00000000137a855f
[2025-11-02T18:15:34.994+0000] {logging_mixin.py:188} INFO - 18:15:34    1. DB::Exception::Exception(String&&, int, String, bool) @ 0x000000000cae7e8e
[2025-11-02T18:15:34.996+0000] {logging_mixin.py:188} INFO - 18:15:34    2. DB::Exception::Exception(PreformattedMessage&&, int) @ 0x000000000cae7940
[2025-11-02T18:15:34.997+0000] {logging_mixin.py:188} INFO - 18:15:34    3. DB::Exception::Exception<String>(int, FormatStringHelperImpl<std::type_identity<String>::type>, String&&) @ 0x000000000cae74ab
[2025-11-02T18:15:34.999+0000] {logging_mixin.py:188} INFO - 18:15:34    4. DB::DatabaseCatalog::getDatabase(String const&) const @ 0x00000000181f2a4a
[2025-11-02T18:15:35.000+0000] {logging_mixin.py:188} INFO - 18:15:35    5. DB::Context::resolveStorageID(DB::StorageID, DB::Context::StorageNamespace) const @ 0x0000000018109f71
[2025-11-02T18:15:35.003+0000] {logging_mixin.py:188} INFO - 18:15:35    6. DB::IdentifierResolver::tryResolveTableIdentifier(DB::Identifier const&, std::shared_ptr<DB::Context const> const&) @ 0x0000000017a91618
[2025-11-02T18:15:35.004+0000] {logging_mixin.py:188} INFO - 18:15:35    7. DB::QueryAnalyzer::tryResolveIdentifier(DB::IdentifierLookup const&, DB::IdentifierResolveScope&, DB::IdentifierResolveContext) @ 0x000000001784563c
[2025-11-02T18:15:35.005+0000] {logging_mixin.py:188} INFO - 18:15:35    8. DB::QueryAnalyzer::resolveQuery(std::shared_ptr<DB::IQueryTreeNode> const&, DB::IdentifierResolveScope&) @ 0x000000001782bebb
[2025-11-02T18:15:35.006+0000] {logging_mixin.py:188} INFO - 18:15:35    9. DB::QueryAnalyzer::resolveExpressionNode(std::shared_ptr<DB::IQueryTreeNode>&, DB::IdentifierResolveScope&, bool, bool, bool) @ 0x0000000017837221
[2025-11-02T18:15:35.007+0000] {logging_mixin.py:188} INFO - 18:15:35    10. DB::QueryAnalyzer::resolveQueryJoinTreeNode(std::shared_ptr<DB::IQueryTreeNode>&, DB::IdentifierResolveScope&, DB::QueryExpressionsAliasVisitor&) @ 0x000000001785ae58
[2025-11-02T18:15:35.008+0000] {logging_mixin.py:188} INFO - 18:15:35    11. DB::QueryAnalyzer::resolveQuery(std::shared_ptr<DB::IQueryTreeNode> const&, DB::IdentifierResolveScope&) @ 0x000000001782d021
[2025-11-02T18:15:35.009+0000] {logging_mixin.py:188} INFO - 18:15:35    12. DB::QueryAnalyzer::resolveExpressionNode(std::shared_ptr<DB::IQueryTreeNode>&, DB::IdentifierResolveScope&, bool, bool, bool) @ 0x0000000017837221
[2025-11-02T18:15:35.010+0000] {logging_mixin.py:188} INFO - 18:15:35    13. DB::QueryAnalyzer::resolveQueryJoinTreeNode(std::shared_ptr<DB::IQueryTreeNode>&, DB::IdentifierResolveScope&, DB::QueryExpressionsAliasVisitor&) @ 0x000000001785ae58
[2025-11-02T18:15:35.011+0000] {logging_mixin.py:188} INFO - 18:15:35    14. DB::QueryAnalyzer::resolveQuery(std::shared_ptr<DB::IQueryTreeNode> const&, DB::IdentifierResolveScope&) @ 0x000000001782d021
[2025-11-02T18:15:35.012+0000] {logging_mixin.py:188} INFO - 18:15:35    15. DB::QueryAnalyzer::resolve(std::shared_ptr<DB::IQueryTreeNode>&, std::shared_ptr<DB::IQueryTreeNode> const&, std::shared_ptr<DB::Context const>) @ 0x000000001782a87a
[2025-11-02T18:15:35.014+0000] {logging_mixin.py:188} INFO - 18:15:35    16. DB::QueryAnalysisPass::run(std::shared_ptr<DB::IQueryTreeNode>&, std::shared_ptr<DB::Context const>) @ 0x0000000017829edc
[2025-11-02T18:15:35.015+0000] {logging_mixin.py:188} INFO - 18:15:35    17. DB::QueryTreePassManager::run(std::shared_ptr<DB::IQueryTreeNode>) @ 0x000000001787d276
[2025-11-02T18:15:35.016+0000] {logging_mixin.py:188} INFO - 18:15:35    18. DB::buildQueryTreeAndRunPasses(std::shared_ptr<DB::IAST> const&, DB::SelectQueryOptions const&, std::shared_ptr<DB::Context const> const&, std::shared_ptr<DB::IStorage> const&) (.llvm.8096503222789336007) @ 0x00000000183bd40d
[2025-11-02T18:15:35.018+0000] {logging_mixin.py:188} INFO - 18:15:35    19. DB::InterpreterSelectQueryAnalyzer::InterpreterSelectQueryAnalyzer(std::shared_ptr<DB::IAST> const&, std::shared_ptr<DB::Context const> const&, DB::SelectQueryOptions const&, std::vector<String, std::allocator<String>> const&) @ 0x00000000183bb32a
[2025-11-02T18:15:35.019+0000] {logging_mixin.py:188} INFO - 18:15:35    20. DB::InterpreterSelectQueryAnalyzer::getSampleBlock(std::shared_ptr<DB::IAST> const&, std::shared_ptr<DB::Context const> const&, DB::SelectQueryOptions const&) @ 0x00000000183bd86a
[2025-11-02T18:15:35.020+0000] {logging_mixin.py:188} INFO - 18:15:35    21. DB::InterpreterCreateQuery::getTablePropertiesAndNormalizeCreateQuery(DB::ASTCreateQuery&, DB::LoadingStrictnessLevel) const @ 0x00000000182e49d3
[2025-11-02T18:15:35.021+0000] {logging_mixin.py:188} INFO - 18:15:35    22. DB::InterpreterCreateQuery::createTable(DB::ASTCreateQuery&) @ 0x00000000182ed2c5
[2025-11-02T18:15:35.022+0000] {logging_mixin.py:188} INFO - 18:15:35    23. DB::InterpreterCreateQuery::execute() @ 0x0000000018303978
[2025-11-02T18:15:35.023+0000] {logging_mixin.py:188} INFO - 18:15:35    24. DB::executeQueryImpl(char const*, char const*, std::shared_ptr<DB::Context>, DB::QueryFlags, DB::QueryProcessingStage::Enum, std::unique_ptr<DB::ReadBuffer, std::default_delete<DB::ReadBuffer>>&, std::shared_ptr<DB::IAST>&, std::shared_ptr<DB::ImplicitTransactionControlExecutor>) @ 0x0000000018780440
[2025-11-02T18:15:35.025+0000] {logging_mixin.py:188} INFO - 18:15:35    25. DB::executeQuery(String const&, std::shared_ptr<DB::Context>, DB::QueryFlags, DB::QueryProcessingStage::Enum) @ 0x00000000187786cb
[2025-11-02T18:15:35.026+0000] {logging_mixin.py:188} INFO - 18:15:35    26. DB::TCPHandler::runImpl() @ 0x0000000019e2d3db
[2025-11-02T18:15:35.028+0000] {logging_mixin.py:188} INFO - 18:15:35    27. DB::TCPHandler::run() @ 0x0000000019e4f119
[2025-11-02T18:15:35.029+0000] {logging_mixin.py:188} INFO - 18:15:35    28. Poco::Net::TCPServerConnection::start() @ 0x000000001ef4ed07
[2025-11-02T18:15:35.030+0000] {logging_mixin.py:188} INFO - 18:15:35    29. Poco::Net::TCPServerDispatcher::run() @ 0x000000001ef4f199
[2025-11-02T18:15:35.031+0000] {logging_mixin.py:188} INFO - 18:15:35    30. Poco::PooledThread::run() @ 0x000000001ef15b87
[2025-11-02T18:15:35.032+0000] {logging_mixin.py:188} INFO - 18:15:35    31. Poco::ThreadImpl::runnableEntry(void*) @ 0x000000001ef13f81
[2025-11-02T18:15:35.033+0000] {logging_mixin.py:188} INFO - 18:15:35
[2025-11-02T18:15:35.036+0000] {logging_mixin.py:188} INFO - 18:15:35  Done. PASS=0 WARN=0 ERROR=1 SKIP=0 TOTAL=1
[2025-11-02T18:15:35.956+0000] {taskinstance.py:2698} ERROR - Task failed with exception
Traceback (most recent call last):
  File "/home/airflow/.local/lib/python3.8/site-packages/airflow/models/taskinstance.py", line 433, in _execute_task
    result = execute_callable(context=context, **execute_callable_kwargs)
  File "/home/airflow/.local/lib/python3.8/site-packages/airflow/operators/python.py", line 199, in execute
    return_value = self.execute_callable()
  File "/home/airflow/.local/lib/python3.8/site-packages/airflow/operators/python.py", line 216, in execute_callable
    return self.python_callable(*self.op_args, **self.op_kwargs)
  File "/opt/airflow/dags/gold_dag.py", line 136, in <lambda>
    python_callable=lambda **_: _run_dbt("dim_merchants"),
  File "/opt/airflow/dags/gold_dag.py", line 90, in _run_dbt
    raise RuntimeError(f"dbt failed (exit {ret}). See logs above.")
RuntimeError: dbt failed (exit 1). See logs above.
[2025-11-02T18:15:35.988+0000] {taskinstance.py:1138} INFO - Marking task as UP_FOR_RETRY. dag_id=gold_dimensions_pipeline, task_id=dbt_dim_merchants, execution_date=20251002T000000, start_date=20251102T181526, end_date=20251102T181535
[2025-11-02T18:15:36.022+0000] {standard_task_runner.py:107} ERROR - Failed to execute job 27 for task dbt_dim_merchants (dbt failed (exit 1). See logs above.; 5558)
[2025-11-02T18:15:36.038+0000] {local_task_job_runner.py:234} INFO - Task exited with return code 1
[2025-11-02T18:15:36.091+0000] {taskinstance.py:3280} INFO - 0 downstream tasks scheduled from follow-on schedule check
