[2025-11-01T11:41:22.909+0000] {taskinstance.py:1956} INFO - Dependencies all met for dep_context=non-requeueable deps ti=<TaskInstance: silver_transformation_pipeline.create_silver_db scheduled__2025-10-31T00:00:00+00:00 [queued]>
[2025-11-01T11:41:22.923+0000] {taskinstance.py:1956} INFO - Dependencies all met for dep_context=requeueable deps ti=<TaskInstance: silver_transformation_pipeline.create_silver_db scheduled__2025-10-31T00:00:00+00:00 [queued]>
[2025-11-01T11:41:22.924+0000] {taskinstance.py:2170} INFO - Starting attempt 1 of 2
[2025-11-01T11:41:22.944+0000] {taskinstance.py:2191} INFO - Executing <Task(BashOperator): create_silver_db> on 2025-10-31 00:00:00+00:00
[2025-11-01T11:41:22.952+0000] {standard_task_runner.py:60} INFO - Started process 619 to run task
[2025-11-01T11:41:22.958+0000] {standard_task_runner.py:87} INFO - Running: ['***', 'tasks', 'run', 'silver_transformation_pipeline', 'create_silver_db', 'scheduled__2025-10-31T00:00:00+00:00', '--job-id', '25', '--raw', '--subdir', 'DAGS_FOLDER/silver_dag.py', '--cfg-path', '/tmp/tmplir9mdlw']
[2025-11-01T11:41:22.962+0000] {standard_task_runner.py:88} INFO - Job 25: Subtask create_silver_db
[2025-11-01T11:41:23.072+0000] {task_command.py:423} INFO - Running <TaskInstance: silver_transformation_pipeline.create_silver_db scheduled__2025-10-31T00:00:00+00:00 [running]> on host 6ac9b46937d1
[2025-11-01T11:41:23.222+0000] {taskinstance.py:2480} INFO - Exporting env vars: AIRFLOW_CTX_DAG_OWNER='***' AIRFLOW_CTX_DAG_ID='silver_transformation_pipeline' AIRFLOW_CTX_TASK_ID='create_silver_db' AIRFLOW_CTX_EXECUTION_DATE='2025-10-31T00:00:00+00:00' AIRFLOW_CTX_TRY_NUMBER='1' AIRFLOW_CTX_DAG_RUN_ID='scheduled__2025-10-31T00:00:00+00:00'
[2025-11-01T11:41:23.226+0000] {subprocess.py:63} INFO - Tmp dir root location: /tmp
[2025-11-01T11:41:23.228+0000] {subprocess.py:75} INFO - Running command: ['/usr/bin/bash', '-c', 'docker exec -i clickhouse-server clickhouse-client -q "CREATE DATABASE IF NOT EXISTS silver;"']
[2025-11-01T11:41:23.242+0000] {subprocess.py:86} INFO - Output:
[2025-11-01T11:41:23.413+0000] {subprocess.py:97} INFO - Command exited with return code 0
[2025-11-01T11:41:23.448+0000] {taskinstance.py:1138} INFO - Marking task as SUCCESS. dag_id=silver_transformation_pipeline, task_id=create_silver_db, execution_date=20251031T000000, start_date=20251101T114122, end_date=20251101T114123
[2025-11-01T11:41:23.492+0000] {local_task_job_runner.py:234} INFO - Task exited with return code 0
[2025-11-01T11:41:23.518+0000] {taskinstance.py:3280} INFO - 1 downstream tasks scheduled from follow-on schedule check
[2025-11-01T13:36:05.150+0000] {taskinstance.py:1956} INFO - Dependencies all met for dep_context=non-requeueable deps ti=<TaskInstance: silver_transformation_pipeline.create_silver_db scheduled__2025-10-31T00:00:00+00:00 [queued]>
[2025-11-01T13:36:05.161+0000] {taskinstance.py:1956} INFO - Dependencies all met for dep_context=requeueable deps ti=<TaskInstance: silver_transformation_pipeline.create_silver_db scheduled__2025-10-31T00:00:00+00:00 [queued]>
[2025-11-01T13:36:05.162+0000] {taskinstance.py:2170} INFO - Starting attempt 1 of 2
[2025-11-01T13:36:05.183+0000] {taskinstance.py:2191} INFO - Executing <Task(BashOperator): create_silver_db> on 2025-10-31 00:00:00+00:00
[2025-11-01T13:36:05.192+0000] {standard_task_runner.py:60} INFO - Started process 2126 to run task
[2025-11-01T13:36:05.197+0000] {standard_task_runner.py:87} INFO - Running: ['***', 'tasks', 'run', 'silver_transformation_pipeline', 'create_silver_db', 'scheduled__2025-10-31T00:00:00+00:00', '--job-id', '19', '--raw', '--subdir', 'DAGS_FOLDER/silver_dag.py', '--cfg-path', '/tmp/tmpabr8u0yv']
[2025-11-01T13:36:05.202+0000] {standard_task_runner.py:88} INFO - Job 19: Subtask create_silver_db
[2025-11-01T13:36:05.321+0000] {task_command.py:423} INFO - Running <TaskInstance: silver_transformation_pipeline.create_silver_db scheduled__2025-10-31T00:00:00+00:00 [running]> on host 0e882971ff2e
[2025-11-01T13:36:05.434+0000] {taskinstance.py:2480} INFO - Exporting env vars: AIRFLOW_CTX_DAG_OWNER='***' AIRFLOW_CTX_DAG_ID='silver_transformation_pipeline' AIRFLOW_CTX_TASK_ID='create_silver_db' AIRFLOW_CTX_EXECUTION_DATE='2025-10-31T00:00:00+00:00' AIRFLOW_CTX_TRY_NUMBER='1' AIRFLOW_CTX_DAG_RUN_ID='scheduled__2025-10-31T00:00:00+00:00'
[2025-11-01T13:36:05.436+0000] {subprocess.py:63} INFO - Tmp dir root location: /tmp
[2025-11-01T13:36:05.440+0000] {subprocess.py:75} INFO - Running command: ['/usr/bin/bash', '-c', 'docker exec -i clickhouse-server clickhouse-client -q "CREATE DATABASE IF NOT EXISTS silver;"']
[2025-11-01T13:36:05.452+0000] {subprocess.py:86} INFO - Output:
[2025-11-01T13:36:05.560+0000] {subprocess.py:93} INFO - Cannot connect to the Docker daemon at unix:///var/run/docker.sock. Is the docker daemon running?
[2025-11-01T13:36:05.562+0000] {subprocess.py:97} INFO - Command exited with return code 1
[2025-11-01T13:36:05.575+0000] {taskinstance.py:2698} ERROR - Task failed with exception
Traceback (most recent call last):
  File "/home/airflow/.local/lib/python3.8/site-packages/airflow/models/taskinstance.py", line 433, in _execute_task
    result = execute_callable(context=context, **execute_callable_kwargs)
  File "/home/airflow/.local/lib/python3.8/site-packages/airflow/operators/bash.py", line 212, in execute
    raise AirflowException(
airflow.exceptions.AirflowException: Bash command failed. The command returned a non-zero exit code 1.
[2025-11-01T13:36:05.580+0000] {taskinstance.py:1138} INFO - Marking task as UP_FOR_RETRY. dag_id=silver_transformation_pipeline, task_id=create_silver_db, execution_date=20251031T000000, start_date=20251101T133605, end_date=20251101T133605
[2025-11-01T13:36:05.601+0000] {standard_task_runner.py:107} ERROR - Failed to execute job 19 for task create_silver_db (Bash command failed. The command returned a non-zero exit code 1.; 2126)
[2025-11-01T13:36:05.654+0000] {local_task_job_runner.py:234} INFO - Task exited with return code 1
[2025-11-01T13:36:05.683+0000] {taskinstance.py:3280} INFO - 0 downstream tasks scheduled from follow-on schedule check
[2025-11-01T15:06:05.643+0000] {taskinstance.py:1956} INFO - Dependencies all met for dep_context=non-requeueable deps ti=<TaskInstance: silver_transformation_pipeline.create_silver_db scheduled__2025-10-31T00:00:00+00:00 [queued]>
[2025-11-01T15:06:05.653+0000] {taskinstance.py:1956} INFO - Dependencies all met for dep_context=requeueable deps ti=<TaskInstance: silver_transformation_pipeline.create_silver_db scheduled__2025-10-31T00:00:00+00:00 [queued]>
[2025-11-01T15:06:05.654+0000] {taskinstance.py:2170} INFO - Starting attempt 1 of 2
[2025-11-01T15:06:05.669+0000] {taskinstance.py:2191} INFO - Executing <Task(PythonOperator): create_silver_db> on 2025-10-31 00:00:00+00:00
[2025-11-01T15:06:05.675+0000] {standard_task_runner.py:60} INFO - Started process 635 to run task
[2025-11-01T15:06:05.678+0000] {standard_task_runner.py:87} INFO - Running: ['***', 'tasks', 'run', 'silver_transformation_pipeline', 'create_silver_db', 'scheduled__2025-10-31T00:00:00+00:00', '--job-id', '22', '--raw', '--subdir', 'DAGS_FOLDER/silver_dag.py', '--cfg-path', '/tmp/tmpr2k9junz']
[2025-11-01T15:06:05.681+0000] {standard_task_runner.py:88} INFO - Job 22: Subtask create_silver_db
[2025-11-01T15:06:05.762+0000] {task_command.py:423} INFO - Running <TaskInstance: silver_transformation_pipeline.create_silver_db scheduled__2025-10-31T00:00:00+00:00 [running]> on host 7f2b5a16b237
[2025-11-01T15:06:05.853+0000] {taskinstance.py:2480} INFO - Exporting env vars: AIRFLOW_CTX_DAG_OWNER='***' AIRFLOW_CTX_DAG_ID='silver_transformation_pipeline' AIRFLOW_CTX_TASK_ID='create_silver_db' AIRFLOW_CTX_EXECUTION_DATE='2025-10-31T00:00:00+00:00' AIRFLOW_CTX_TRY_NUMBER='1' AIRFLOW_CTX_DAG_RUN_ID='scheduled__2025-10-31T00:00:00+00:00'
[2025-11-01T15:06:05.855+0000] {crypto.py:82} WARNING - empty cryptography key - values will not be stored encrypted.
[2025-11-01T15:06:05.856+0000] {base.py:83} INFO - Using connection ID 'clickhouse_default' for task execution.
[2025-11-01T15:06:05.861+0000] {python.py:201} INFO - Done. Returned value was: None
[2025-11-01T15:06:05.873+0000] {taskinstance.py:1138} INFO - Marking task as SUCCESS. dag_id=silver_transformation_pipeline, task_id=create_silver_db, execution_date=20251031T000000, start_date=20251101T150605, end_date=20251101T150605
[2025-11-01T15:06:05.891+0000] {local_task_job_runner.py:234} INFO - Task exited with return code 0
[2025-11-01T15:06:05.917+0000] {taskinstance.py:3280} INFO - 3 downstream tasks scheduled from follow-on schedule check
