[2025-11-02T00:29:47.738+0000] {taskinstance.py:1956} INFO - Dependencies all met for dep_context=non-requeueable deps ti=<TaskInstance: gold_dimensions_pipeline.dbt_dim_payment_method scheduled__2025-10-23T00:00:00+00:00 [queued]>
[2025-11-02T00:29:47.748+0000] {taskinstance.py:1956} INFO - Dependencies all met for dep_context=requeueable deps ti=<TaskInstance: gold_dimensions_pipeline.dbt_dim_payment_method scheduled__2025-10-23T00:00:00+00:00 [queued]>
[2025-11-02T00:29:47.749+0000] {taskinstance.py:2170} INFO - Starting attempt 1 of 2
[2025-11-02T00:29:47.767+0000] {taskinstance.py:2191} INFO - Executing <Task(PythonOperator): dbt_dim_payment_method> on 2025-10-23 00:00:00+00:00
[2025-11-02T00:29:47.778+0000] {standard_task_runner.py:60} INFO - Started process 16280 to run task
[2025-11-02T00:29:47.783+0000] {standard_task_runner.py:87} INFO - Running: ['***', 'tasks', 'run', 'gold_dimensions_pipeline', 'dbt_dim_payment_method', 'scheduled__2025-10-23T00:00:00+00:00', '--job-id', '396', '--raw', '--subdir', 'DAGS_FOLDER/gold_dag.py', '--cfg-path', '/tmp/tmp1dq1vafw']
[2025-11-02T00:29:47.787+0000] {standard_task_runner.py:88} INFO - Job 396: Subtask dbt_dim_payment_method
[2025-11-02T00:29:47.900+0000] {task_command.py:423} INFO - Running <TaskInstance: gold_dimensions_pipeline.dbt_dim_payment_method scheduled__2025-10-23T00:00:00+00:00 [running]> on host 6335aa85b335
[2025-11-02T00:29:48.025+0000] {taskinstance.py:2480} INFO - Exporting env vars: AIRFLOW_CTX_DAG_OWNER='***' AIRFLOW_CTX_DAG_ID='gold_dimensions_pipeline' AIRFLOW_CTX_TASK_ID='dbt_dim_payment_method' AIRFLOW_CTX_EXECUTION_DATE='2025-10-23T00:00:00+00:00' AIRFLOW_CTX_TRY_NUMBER='1' AIRFLOW_CTX_DAG_RUN_ID='scheduled__2025-10-23T00:00:00+00:00'
[2025-11-02T00:29:57.175+0000] {python.py:201} INFO - Done. Returned value was: None
[2025-11-02T00:29:57.205+0000] {taskinstance.py:1138} INFO - Marking task as SUCCESS. dag_id=gold_dimensions_pipeline, task_id=dbt_dim_payment_method, execution_date=20251023T000000, start_date=20251102T002947, end_date=20251102T002957
[2025-11-02T00:29:57.268+0000] {local_task_job_runner.py:234} INFO - Task exited with return code 0
[2025-11-02T00:29:57.296+0000] {taskinstance.py:3280} INFO - 0 downstream tasks scheduled from follow-on schedule check
[2025-11-02T11:46:01.120+0000] {taskinstance.py:1956} INFO - Dependencies all met for dep_context=non-requeueable deps ti=<TaskInstance: gold_dimensions_pipeline.dbt_dim_payment_method scheduled__2025-10-23T00:00:00+00:00 [queued]>
[2025-11-02T11:46:01.131+0000] {taskinstance.py:1956} INFO - Dependencies all met for dep_context=requeueable deps ti=<TaskInstance: gold_dimensions_pipeline.dbt_dim_payment_method scheduled__2025-10-23T00:00:00+00:00 [queued]>
[2025-11-02T11:46:01.132+0000] {taskinstance.py:2170} INFO - Starting attempt 1 of 3
[2025-11-02T11:46:01.150+0000] {taskinstance.py:2191} INFO - Executing <Task(PythonOperator): dbt_dim_payment_method> on 2025-10-23 00:00:00+00:00
[2025-11-02T11:46:01.160+0000] {standard_task_runner.py:60} INFO - Started process 6021 to run task
[2025-11-02T11:46:01.163+0000] {standard_task_runner.py:87} INFO - Running: ['***', 'tasks', 'run', 'gold_dimensions_pipeline', 'dbt_dim_payment_method', 'scheduled__2025-10-23T00:00:00+00:00', '--job-id', '362', '--raw', '--subdir', 'DAGS_FOLDER/gold_dag.py', '--cfg-path', '/tmp/tmpfvewdbj7']
[2025-11-02T11:46:01.166+0000] {standard_task_runner.py:88} INFO - Job 362: Subtask dbt_dim_payment_method
[2025-11-02T11:46:01.262+0000] {task_command.py:423} INFO - Running <TaskInstance: gold_dimensions_pipeline.dbt_dim_payment_method scheduled__2025-10-23T00:00:00+00:00 [running]> on host 0d39d4365eb9
[2025-11-02T11:46:01.370+0000] {taskinstance.py:2480} INFO - Exporting env vars: AIRFLOW_CTX_DAG_OWNER='***' AIRFLOW_CTX_DAG_ID='gold_dimensions_pipeline' AIRFLOW_CTX_TASK_ID='dbt_dim_payment_method' AIRFLOW_CTX_EXECUTION_DATE='2025-10-23T00:00:00+00:00' AIRFLOW_CTX_TRY_NUMBER='1' AIRFLOW_CTX_DAG_RUN_ID='scheduled__2025-10-23T00:00:00+00:00'
[2025-11-02T11:56:57.405+0000] {logging_mixin.py:188} INFO - ==== DBT STDOUT ====
[2025-11-02T11:56:57.408+0000] {logging_mixin.py:188} INFO - 11:56:54  Running with dbt=1.5.9
11:56:55  Registered adapter: clickhouse=1.5.2
11:56:55  [WARNING]: Configuration paths exist in your dbt_project.yml file which do not apply to any resources.
There are 2 unused configuration paths:
- models.ck_project.bronze
- models.ck_project.gold.fact
11:56:55  Found 7 models, 17 tests, 0 snapshots, 0 analyses, 349 macros, 0 operations, 0 seed files, 6 sources, 0 exposures, 0 metrics, 0 groups
11:56:55  
11:56:56  Concurrency: 4 threads (target='dev')
11:56:56  
11:56:56  1 of 1 START sql table model gold.dim_payment_method ........................... [RUN]
11:56:56  1 of 1 OK created sql table model gold.dim_payment_method ...................... [OK in 0.26s]
11:56:56  
11:56:56  Finished running 1 table model in 0 hours 0 minutes and 0.75 seconds (0.75s).
11:56:56  
11:56:56  Completed successfully
11:56:56  
11:56:56  Done. PASS=1 WARN=0 ERROR=0 SKIP=0 TOTAL=1
[2025-11-02T11:56:57.409+0000] {logging_mixin.py:188} INFO - ==== DBT STDERR ====
[2025-11-02T11:56:57.410+0000] {python.py:201} INFO - Done. Returned value was: None
[2025-11-02T11:56:57.441+0000] {taskinstance.py:1138} INFO - Marking task as SUCCESS. dag_id=gold_dimensions_pipeline, task_id=dbt_dim_payment_method, execution_date=20251023T000000, start_date=20251102T114601, end_date=20251102T115657
[2025-11-02T11:56:57.483+0000] {local_task_job_runner.py:234} INFO - Task exited with return code 0
[2025-11-02T11:56:57.511+0000] {taskinstance.py:3280} INFO - 0 downstream tasks scheduled from follow-on schedule check
