[2025-11-02T18:15:14.732+0000] {taskinstance.py:1956} INFO - Dependencies all met for dep_context=non-requeueable deps ti=<TaskInstance: gold_dimensions_pipeline.dbt_dim_merchants scheduled__2025-10-01T00:00:00+00:00 [queued]>
[2025-11-02T18:15:14.750+0000] {taskinstance.py:1956} INFO - Dependencies all met for dep_context=requeueable deps ti=<TaskInstance: gold_dimensions_pipeline.dbt_dim_merchants scheduled__2025-10-01T00:00:00+00:00 [queued]>
[2025-11-02T18:15:14.751+0000] {taskinstance.py:2170} INFO - Starting attempt 3 of 3
[2025-11-02T18:15:14.777+0000] {taskinstance.py:2191} INFO - Executing <Task(PythonOperator): dbt_dim_merchants> on 2025-10-01 00:00:00+00:00
[2025-11-02T18:15:14.787+0000] {standard_task_runner.py:60} INFO - Started process 5526 to run task
[2025-11-02T18:15:14.794+0000] {standard_task_runner.py:87} INFO - Running: ['***', 'tasks', 'run', 'gold_dimensions_pipeline', 'dbt_dim_merchants', 'scheduled__2025-10-01T00:00:00+00:00', '--job-id', '26', '--raw', '--subdir', 'DAGS_FOLDER/gold_dag.py', '--cfg-path', '/tmp/tmp2uc1i8az']
[2025-11-02T18:15:14.799+0000] {standard_task_runner.py:88} INFO - Job 26: Subtask dbt_dim_merchants
[2025-11-02T18:15:14.942+0000] {task_command.py:423} INFO - Running <TaskInstance: gold_dimensions_pipeline.dbt_dim_merchants scheduled__2025-10-01T00:00:00+00:00 [running]> on host 65b87e279dde
[2025-11-02T18:15:15.106+0000] {taskinstance.py:2480} INFO - Exporting env vars: AIRFLOW_CTX_DAG_OWNER='***' AIRFLOW_CTX_DAG_ID='gold_dimensions_pipeline' AIRFLOW_CTX_TASK_ID='dbt_dim_merchants' AIRFLOW_CTX_EXECUTION_DATE='2025-10-01T00:00:00+00:00' AIRFLOW_CTX_TRY_NUMBER='3' AIRFLOW_CTX_DAG_RUN_ID='scheduled__2025-10-01T00:00:00+00:00'
[2025-11-02T18:15:19.399+0000] {logging_mixin.py:188} INFO - 18:15:19  Running with dbt=1.5.9
[2025-11-02T18:15:19.625+0000] {logging_mixin.py:188} INFO - 18:15:19  Registered adapter: clickhouse=1.5.2
[2025-11-02T18:15:22.525+0000] {logging_mixin.py:188} INFO - 18:15:22  [WARNING]: Configuration paths exist in your dbt_project.yml file which do not apply to any resources.
[2025-11-02T18:15:22.526+0000] {logging_mixin.py:188} INFO - There are 1 unused configuration paths:
[2025-11-02T18:15:22.527+0000] {logging_mixin.py:188} INFO - - models.ck_project.bronze
[2025-11-02T18:15:22.588+0000] {logging_mixin.py:188} INFO - 18:15:22  Found 8 models, 20 tests, 0 snapshots, 0 analyses, 349 macros, 0 operations, 0 seed files, 6 sources, 0 exposures, 0 metrics, 0 groups
[2025-11-02T18:15:22.594+0000] {logging_mixin.py:188} INFO - 18:15:22
[2025-11-02T18:15:23.222+0000] {logging_mixin.py:188} INFO - 18:15:23  Concurrency: 4 threads (target='dev')
[2025-11-02T18:15:23.223+0000] {logging_mixin.py:188} INFO - 18:15:23
[2025-11-02T18:15:23.259+0000] {logging_mixin.py:188} INFO - 18:15:23  1 of 1 START sql table model gold.dim_merchants ................................ [RUN]
[2025-11-02T18:15:23.456+0000] {logging_mixin.py:188} INFO - 18:15:23  1 of 1 ERROR creating sql table model gold.dim_merchants ....................... [ERROR in 0.19s]
[2025-11-02T18:15:23.471+0000] {logging_mixin.py:188} INFO - 18:15:23
[2025-11-02T18:15:23.472+0000] {logging_mixin.py:188} INFO - 18:15:23  Finished running 1 table model in 0 hours 0 minutes and 0.87 seconds (0.87s).
[2025-11-02T18:15:23.521+0000] {logging_mixin.py:188} INFO - 18:15:23
[2025-11-02T18:15:23.522+0000] {logging_mixin.py:188} INFO - 18:15:23  Completed with 1 error and 0 warnings:
[2025-11-02T18:15:23.524+0000] {logging_mixin.py:188} INFO - 18:15:23
[2025-11-02T18:15:23.526+0000] {logging_mixin.py:188} INFO - 18:15:23  Database Error in model dim_merchants (models/gold/dim/dim_merchants.sql)
[2025-11-02T18:15:23.528+0000] {logging_mixin.py:188} INFO - 18:15:23    Code: 81.
[2025-11-02T18:15:23.529+0000] {logging_mixin.py:188} INFO - 18:15:23    DB::Exception: Database silver does not exist. Stack trace:
[2025-11-02T18:15:23.530+0000] {logging_mixin.py:188} INFO - 18:15:23
[2025-11-02T18:15:23.531+0000] {logging_mixin.py:188} INFO - 18:15:23    0. DB::Exception::Exception(DB::Exception::MessageMasked&&, int, bool) @ 0x00000000137a855f
[2025-11-02T18:15:23.533+0000] {logging_mixin.py:188} INFO - 18:15:23    1. DB::Exception::Exception(String&&, int, String, bool) @ 0x000000000cae7e8e
[2025-11-02T18:15:23.535+0000] {logging_mixin.py:188} INFO - 18:15:23    2. DB::Exception::Exception(PreformattedMessage&&, int) @ 0x000000000cae7940
[2025-11-02T18:15:23.537+0000] {logging_mixin.py:188} INFO - 18:15:23    3. DB::Exception::Exception<String>(int, FormatStringHelperImpl<std::type_identity<String>::type>, String&&) @ 0x000000000cae74ab
[2025-11-02T18:15:23.538+0000] {logging_mixin.py:188} INFO - 18:15:23    4. DB::DatabaseCatalog::getDatabase(String const&) const @ 0x00000000181f2a4a
[2025-11-02T18:15:23.540+0000] {logging_mixin.py:188} INFO - 18:15:23    5. DB::Context::resolveStorageID(DB::StorageID, DB::Context::StorageNamespace) const @ 0x0000000018109f71
[2025-11-02T18:15:23.542+0000] {logging_mixin.py:188} INFO - 18:15:23    6. DB::IdentifierResolver::tryResolveTableIdentifier(DB::Identifier const&, std::shared_ptr<DB::Context const> const&) @ 0x0000000017a91618
[2025-11-02T18:15:23.543+0000] {logging_mixin.py:188} INFO - 18:15:23    7. DB::QueryAnalyzer::tryResolveIdentifier(DB::IdentifierLookup const&, DB::IdentifierResolveScope&, DB::IdentifierResolveContext) @ 0x000000001784563c
[2025-11-02T18:15:23.544+0000] {logging_mixin.py:188} INFO - 18:15:23    8. DB::QueryAnalyzer::resolveQuery(std::shared_ptr<DB::IQueryTreeNode> const&, DB::IdentifierResolveScope&) @ 0x000000001782bebb
[2025-11-02T18:15:23.545+0000] {logging_mixin.py:188} INFO - 18:15:23    9. DB::QueryAnalyzer::resolveExpressionNode(std::shared_ptr<DB::IQueryTreeNode>&, DB::IdentifierResolveScope&, bool, bool, bool) @ 0x0000000017837221
[2025-11-02T18:15:23.547+0000] {logging_mixin.py:188} INFO - 18:15:23    10. DB::QueryAnalyzer::resolveQueryJoinTreeNode(std::shared_ptr<DB::IQueryTreeNode>&, DB::IdentifierResolveScope&, DB::QueryExpressionsAliasVisitor&) @ 0x000000001785ae58
[2025-11-02T18:15:23.550+0000] {logging_mixin.py:188} INFO - 18:15:23    11. DB::QueryAnalyzer::resolveQuery(std::shared_ptr<DB::IQueryTreeNode> const&, DB::IdentifierResolveScope&) @ 0x000000001782d021
[2025-11-02T18:15:23.552+0000] {logging_mixin.py:188} INFO - 18:15:23    12. DB::QueryAnalyzer::resolveExpressionNode(std::shared_ptr<DB::IQueryTreeNode>&, DB::IdentifierResolveScope&, bool, bool, bool) @ 0x0000000017837221
[2025-11-02T18:15:23.553+0000] {logging_mixin.py:188} INFO - 18:15:23    13. DB::QueryAnalyzer::resolveQueryJoinTreeNode(std::shared_ptr<DB::IQueryTreeNode>&, DB::IdentifierResolveScope&, DB::QueryExpressionsAliasVisitor&) @ 0x000000001785ae58
[2025-11-02T18:15:23.554+0000] {logging_mixin.py:188} INFO - 18:15:23    14. DB::QueryAnalyzer::resolveQuery(std::shared_ptr<DB::IQueryTreeNode> const&, DB::IdentifierResolveScope&) @ 0x000000001782d021
[2025-11-02T18:15:23.555+0000] {logging_mixin.py:188} INFO - 18:15:23    15. DB::QueryAnalyzer::resolve(std::shared_ptr<DB::IQueryTreeNode>&, std::shared_ptr<DB::IQueryTreeNode> const&, std::shared_ptr<DB::Context const>) @ 0x000000001782a87a
[2025-11-02T18:15:23.556+0000] {logging_mixin.py:188} INFO - 18:15:23    16. DB::QueryAnalysisPass::run(std::shared_ptr<DB::IQueryTreeNode>&, std::shared_ptr<DB::Context const>) @ 0x0000000017829edc
[2025-11-02T18:15:23.558+0000] {logging_mixin.py:188} INFO - 18:15:23    17. DB::QueryTreePassManager::run(std::shared_ptr<DB::IQueryTreeNode>) @ 0x000000001787d276
[2025-11-02T18:15:23.559+0000] {logging_mixin.py:188} INFO - 18:15:23    18. DB::buildQueryTreeAndRunPasses(std::shared_ptr<DB::IAST> const&, DB::SelectQueryOptions const&, std::shared_ptr<DB::Context const> const&, std::shared_ptr<DB::IStorage> const&) (.llvm.8096503222789336007) @ 0x00000000183bd40d
[2025-11-02T18:15:23.560+0000] {logging_mixin.py:188} INFO - 18:15:23    19. DB::InterpreterSelectQueryAnalyzer::InterpreterSelectQueryAnalyzer(std::shared_ptr<DB::IAST> const&, std::shared_ptr<DB::Context const> const&, DB::SelectQueryOptions const&, std::vector<String, std::allocator<String>> const&) @ 0x00000000183bb32a
[2025-11-02T18:15:23.562+0000] {logging_mixin.py:188} INFO - 18:15:23    20. DB::InterpreterSelectQueryAnalyzer::getSampleBlock(std::shared_ptr<DB::IAST> const&, std::shared_ptr<DB::Context const> const&, DB::SelectQueryOptions const&) @ 0x00000000183bd86a
[2025-11-02T18:15:23.563+0000] {logging_mixin.py:188} INFO - 18:15:23    21. DB::InterpreterCreateQuery::getTablePropertiesAndNormalizeCreateQuery(DB::ASTCreateQuery&, DB::LoadingStrictnessLevel) const @ 0x00000000182e49d3
[2025-11-02T18:15:23.564+0000] {logging_mixin.py:188} INFO - 18:15:23    22. DB::InterpreterCreateQuery::createTable(DB::ASTCreateQuery&) @ 0x00000000182ed2c5
[2025-11-02T18:15:23.568+0000] {logging_mixin.py:188} INFO - 18:15:23    23. DB::InterpreterCreateQuery::execute() @ 0x0000000018303978
[2025-11-02T18:15:23.570+0000] {logging_mixin.py:188} INFO - 18:15:23    24. DB::executeQueryImpl(char const*, char const*, std::shared_ptr<DB::Context>, DB::QueryFlags, DB::QueryProcessingStage::Enum, std::unique_ptr<DB::ReadBuffer, std::default_delete<DB::ReadBuffer>>&, std::shared_ptr<DB::IAST>&, std::shared_ptr<DB::ImplicitTransactionControlExecutor>) @ 0x0000000018780440
[2025-11-02T18:15:23.571+0000] {logging_mixin.py:188} INFO - 18:15:23    25. DB::executeQuery(String const&, std::shared_ptr<DB::Context>, DB::QueryFlags, DB::QueryProcessingStage::Enum) @ 0x00000000187786cb
[2025-11-02T18:15:23.572+0000] {logging_mixin.py:188} INFO - 18:15:23    26. DB::TCPHandler::runImpl() @ 0x0000000019e2d3db
[2025-11-02T18:15:23.574+0000] {logging_mixin.py:188} INFO - 18:15:23    27. DB::TCPHandler::run() @ 0x0000000019e4f119
[2025-11-02T18:15:23.575+0000] {logging_mixin.py:188} INFO - 18:15:23    28. Poco::Net::TCPServerConnection::start() @ 0x000000001ef4ed07
[2025-11-02T18:15:23.576+0000] {logging_mixin.py:188} INFO - 18:15:23    29. Poco::Net::TCPServerDispatcher::run() @ 0x000000001ef4f199
[2025-11-02T18:15:23.577+0000] {logging_mixin.py:188} INFO - 18:15:23    30. Poco::PooledThread::run() @ 0x000000001ef15b87
[2025-11-02T18:15:23.579+0000] {logging_mixin.py:188} INFO - 18:15:23    31. Poco::ThreadImpl::runnableEntry(void*) @ 0x000000001ef13f81
[2025-11-02T18:15:23.580+0000] {logging_mixin.py:188} INFO - 18:15:23
[2025-11-02T18:15:23.582+0000] {logging_mixin.py:188} INFO - 18:15:23  Done. PASS=0 WARN=0 ERROR=1 SKIP=0 TOTAL=1
[2025-11-02T18:15:24.773+0000] {taskinstance.py:2698} ERROR - Task failed with exception
Traceback (most recent call last):
  File "/home/airflow/.local/lib/python3.8/site-packages/airflow/models/taskinstance.py", line 433, in _execute_task
    result = execute_callable(context=context, **execute_callable_kwargs)
  File "/home/airflow/.local/lib/python3.8/site-packages/airflow/operators/python.py", line 199, in execute
    return_value = self.execute_callable()
  File "/home/airflow/.local/lib/python3.8/site-packages/airflow/operators/python.py", line 216, in execute_callable
    return self.python_callable(*self.op_args, **self.op_kwargs)
  File "/opt/airflow/dags/gold_dag.py", line 136, in <lambda>
    python_callable=lambda **_: _run_dbt("dim_merchants"),
  File "/opt/airflow/dags/gold_dag.py", line 90, in _run_dbt
    raise RuntimeError(f"dbt failed (exit {ret}). See logs above.")
RuntimeError: dbt failed (exit 1). See logs above.
[2025-11-02T18:15:24.805+0000] {taskinstance.py:1138} INFO - Marking task as FAILED. dag_id=gold_dimensions_pipeline, task_id=dbt_dim_merchants, execution_date=20251001T000000, start_date=20251102T181514, end_date=20251102T181524
[2025-11-02T18:15:24.837+0000] {standard_task_runner.py:107} ERROR - Failed to execute job 26 for task dbt_dim_merchants (dbt failed (exit 1). See logs above.; 5526)
[2025-11-02T18:15:24.862+0000] {local_task_job_runner.py:234} INFO - Task exited with return code 1
[2025-11-02T18:15:24.901+0000] {taskinstance.py:3280} INFO - 0 downstream tasks scheduled from follow-on schedule check
