[2025-11-01T20:07:16.927+0000] {taskinstance.py:1956} INFO - Dependencies all met for dep_context=non-requeueable deps ti=<TaskInstance: ingestion_pipeline.load_link_transactions_bronze_from_mongo scheduled__2025-10-26T00:00:00+00:00 [queued]>
[2025-11-01T20:07:17.024+0000] {taskinstance.py:1956} INFO - Dependencies all met for dep_context=requeueable deps ti=<TaskInstance: ingestion_pipeline.load_link_transactions_bronze_from_mongo scheduled__2025-10-26T00:00:00+00:00 [queued]>
[2025-11-01T20:07:17.040+0000] {taskinstance.py:2170} INFO - Starting attempt 1 of 2
[2025-11-01T20:07:17.743+0000] {taskinstance.py:2191} INFO - Executing <Task(PythonOperator): load_link_transactions_bronze_from_mongo> on 2025-10-26 00:00:00+00:00
[2025-11-01T20:07:17.770+0000] {standard_task_runner.py:60} INFO - Started process 802 to run task
[2025-11-01T20:07:17.792+0000] {standard_task_runner.py:87} INFO - Running: ['***', 'tasks', 'run', 'ingestion_pipeline', 'load_link_transactions_bronze_from_mongo', 'scheduled__2025-10-26T00:00:00+00:00', '--job-id', '110', '--raw', '--subdir', 'DAGS_FOLDER/ingestion_dag.py', '--cfg-path', '/tmp/tmp1eeg5giv']
[2025-11-01T20:07:17.796+0000] {standard_task_runner.py:88} INFO - Job 110: Subtask load_link_transactions_bronze_from_mongo
[2025-11-01T20:07:18.130+0000] {task_command.py:423} INFO - Running <TaskInstance: ingestion_pipeline.load_link_transactions_bronze_from_mongo scheduled__2025-10-26T00:00:00+00:00 [running]> on host 1a955fda0cfd
[2025-11-01T20:07:18.558+0000] {taskinstance.py:2480} INFO - Exporting env vars: AIRFLOW_CTX_DAG_OWNER='***' AIRFLOW_CTX_DAG_ID='ingestion_pipeline' AIRFLOW_CTX_TASK_ID='load_link_transactions_bronze_from_mongo' AIRFLOW_CTX_EXECUTION_DATE='2025-10-26T00:00:00+00:00' AIRFLOW_CTX_TRY_NUMBER='1' AIRFLOW_CTX_DAG_RUN_ID='scheduled__2025-10-26T00:00:00+00:00'
[2025-11-01T20:07:21.556+0000] {crypto.py:82} WARNING - empty cryptography key - values will not be stored encrypted.
[2025-11-01T20:07:21.563+0000] {base.py:83} INFO - Using connection ID 'mongo_default' for task execution.
[2025-11-01T20:07:21.627+0000] {base.py:83} INFO - Using connection ID 'clickhouse_default' for task execution.
[2025-11-01T20:07:21.641+0000] {mongo_to_clickhouse.py:241} INFO - [mongo->ch] Mongo query: {'_snapshot_date': {'$gte': datetime.datetime(2025, 10, 26, 0, 0), '$lte': datetime.datetime(2025, 10, 26, 23, 59, 59, 999000)}}
[2025-11-01T20:07:21.653+0000] {mongo_to_clickhouse.py:172} INFO - [mongo->ch] Dropped partition for _snapshot_date=2025-10-26.
[2025-11-01T20:07:21.736+0000] {mongo_to_clickhouse.py:275} INFO - [mongo->ch] Inserted 0 rows into bronze.link_transactions.
[2025-11-01T20:07:21.742+0000] {mongo_to_clickhouse.py:277} INFO - [mongo->ch] No matching docs found for given filter.
[2025-11-01T20:07:21.746+0000] {python.py:201} INFO - Done. Returned value was: None
[2025-11-01T20:07:21.803+0000] {taskinstance.py:1138} INFO - Marking task as SUCCESS. dag_id=ingestion_pipeline, task_id=load_link_transactions_bronze_from_mongo, execution_date=20251026T000000, start_date=20251101T200716, end_date=20251101T200721
[2025-11-01T20:07:22.099+0000] {local_task_job_runner.py:234} INFO - Task exited with return code 0
[2025-11-01T20:07:22.165+0000] {taskinstance.py:3280} INFO - 0 downstream tasks scheduled from follow-on schedule check
[2025-11-01T20:18:38.972+0000] {taskinstance.py:1956} INFO - Dependencies all met for dep_context=non-requeueable deps ti=<TaskInstance: ingestion_pipeline.load_link_transactions_bronze_from_mongo scheduled__2025-10-26T00:00:00+00:00 [queued]>
[2025-11-01T20:18:39.059+0000] {taskinstance.py:1956} INFO - Dependencies all met for dep_context=requeueable deps ti=<TaskInstance: ingestion_pipeline.load_link_transactions_bronze_from_mongo scheduled__2025-10-26T00:00:00+00:00 [queued]>
[2025-11-01T20:18:39.063+0000] {taskinstance.py:2170} INFO - Starting attempt 1 of 2
[2025-11-01T20:18:39.165+0000] {taskinstance.py:2191} INFO - Executing <Task(PythonOperator): load_link_transactions_bronze_from_mongo> on 2025-10-26 00:00:00+00:00
[2025-11-01T20:18:39.247+0000] {standard_task_runner.py:60} INFO - Started process 778 to run task
[2025-11-01T20:18:39.302+0000] {standard_task_runner.py:87} INFO - Running: ['***', 'tasks', 'run', 'ingestion_pipeline', 'load_link_transactions_bronze_from_mongo', 'scheduled__2025-10-26T00:00:00+00:00', '--job-id', '104', '--raw', '--subdir', 'DAGS_FOLDER/ingestion_dag.py', '--cfg-path', '/tmp/tmphnxvw_xq']
[2025-11-01T20:18:39.332+0000] {standard_task_runner.py:88} INFO - Job 104: Subtask load_link_transactions_bronze_from_mongo
[2025-11-01T20:18:39.769+0000] {task_command.py:423} INFO - Running <TaskInstance: ingestion_pipeline.load_link_transactions_bronze_from_mongo scheduled__2025-10-26T00:00:00+00:00 [running]> on host 6335aa85b335
[2025-11-01T20:18:40.309+0000] {taskinstance.py:2480} INFO - Exporting env vars: AIRFLOW_CTX_DAG_OWNER='***' AIRFLOW_CTX_DAG_ID='ingestion_pipeline' AIRFLOW_CTX_TASK_ID='load_link_transactions_bronze_from_mongo' AIRFLOW_CTX_EXECUTION_DATE='2025-10-26T00:00:00+00:00' AIRFLOW_CTX_TRY_NUMBER='1' AIRFLOW_CTX_DAG_RUN_ID='scheduled__2025-10-26T00:00:00+00:00'
[2025-11-01T20:18:43.604+0000] {crypto.py:82} WARNING - empty cryptography key - values will not be stored encrypted.
[2025-11-01T20:18:43.614+0000] {base.py:83} INFO - Using connection ID 'mongo_default' for task execution.
[2025-11-01T20:18:43.657+0000] {base.py:83} INFO - Using connection ID 'clickhouse_default' for task execution.
[2025-11-01T20:18:43.675+0000] {mongo_to_clickhouse.py:241} INFO - [mongo->ch] Mongo query: {'_snapshot_date': {'$gte': datetime.datetime(2025, 10, 26, 0, 0), '$lte': datetime.datetime(2025, 10, 26, 23, 59, 59, 999000)}}
[2025-11-01T20:18:43.678+0000] {mongo_to_clickhouse.py:172} INFO - [mongo->ch] Dropped partition for _snapshot_date=2025-10-26.
[2025-11-01T20:18:43.789+0000] {mongo_to_clickhouse.py:275} INFO - [mongo->ch] Inserted 0 rows into bronze.link_transactions.
[2025-11-01T20:18:43.793+0000] {mongo_to_clickhouse.py:277} INFO - [mongo->ch] No matching docs found for given filter.
[2025-11-01T20:18:43.808+0000] {python.py:201} INFO - Done. Returned value was: None
[2025-11-01T20:18:43.916+0000] {taskinstance.py:1138} INFO - Marking task as SUCCESS. dag_id=ingestion_pipeline, task_id=load_link_transactions_bronze_from_mongo, execution_date=20251026T000000, start_date=20251101T201838, end_date=20251101T201843
[2025-11-01T20:18:44.483+0000] {local_task_job_runner.py:234} INFO - Task exited with return code 0
[2025-11-01T20:18:44.527+0000] {taskinstance.py:3280} INFO - 0 downstream tasks scheduled from follow-on schedule check
[2025-11-02T01:30:02.368+0000] {taskinstance.py:1956} INFO - Dependencies all met for dep_context=non-requeueable deps ti=<TaskInstance: ingestion_pipeline.load_link_transactions_bronze_from_mongo scheduled__2025-10-26T00:00:00+00:00 [queued]>
[2025-11-02T01:30:02.438+0000] {taskinstance.py:1956} INFO - Dependencies all met for dep_context=requeueable deps ti=<TaskInstance: ingestion_pipeline.load_link_transactions_bronze_from_mongo scheduled__2025-10-26T00:00:00+00:00 [queued]>
[2025-11-02T01:30:02.446+0000] {taskinstance.py:2170} INFO - Starting attempt 1 of 2
[2025-11-02T01:30:02.618+0000] {taskinstance.py:2191} INFO - Executing <Task(PythonOperator): load_link_transactions_bronze_from_mongo> on 2025-10-26 00:00:00+00:00
[2025-11-02T01:30:02.655+0000] {standard_task_runner.py:60} INFO - Started process 935 to run task
[2025-11-02T01:30:02.676+0000] {standard_task_runner.py:87} INFO - Running: ['***', 'tasks', 'run', 'ingestion_pipeline', 'load_link_transactions_bronze_from_mongo', 'scheduled__2025-10-26T00:00:00+00:00', '--job-id', '110', '--raw', '--subdir', 'DAGS_FOLDER/ingestion_dag.py', '--cfg-path', '/tmp/tmp_j5qp0f_']
[2025-11-02T01:30:02.697+0000] {standard_task_runner.py:88} INFO - Job 110: Subtask load_link_transactions_bronze_from_mongo
[2025-11-02T01:30:03.041+0000] {task_command.py:423} INFO - Running <TaskInstance: ingestion_pipeline.load_link_transactions_bronze_from_mongo scheduled__2025-10-26T00:00:00+00:00 [running]> on host 3b0074fa0b5e
[2025-11-02T01:30:04.088+0000] {taskinstance.py:2480} INFO - Exporting env vars: AIRFLOW_CTX_DAG_OWNER='***' AIRFLOW_CTX_DAG_ID='ingestion_pipeline' AIRFLOW_CTX_TASK_ID='load_link_transactions_bronze_from_mongo' AIRFLOW_CTX_EXECUTION_DATE='2025-10-26T00:00:00+00:00' AIRFLOW_CTX_TRY_NUMBER='1' AIRFLOW_CTX_DAG_RUN_ID='scheduled__2025-10-26T00:00:00+00:00'
[2025-11-02T01:30:06.950+0000] {crypto.py:82} WARNING - empty cryptography key - values will not be stored encrypted.
[2025-11-02T01:30:06.956+0000] {base.py:83} INFO - Using connection ID 'mongo_default' for task execution.
[2025-11-02T01:30:07.030+0000] {base.py:83} INFO - Using connection ID 'clickhouse_default' for task execution.
[2025-11-02T01:30:07.055+0000] {mongo_to_clickhouse.py:241} INFO - [mongo->ch] Mongo query: {'_snapshot_date': {'$gte': datetime.datetime(2025, 10, 26, 0, 0), '$lte': datetime.datetime(2025, 10, 26, 23, 59, 59, 999000)}}
[2025-11-02T01:30:07.070+0000] {mongo_to_clickhouse.py:172} INFO - [mongo->ch] Dropped partition for _snapshot_date=2025-10-26.
[2025-11-02T01:30:07.158+0000] {mongo_to_clickhouse.py:275} INFO - [mongo->ch] Inserted 0 rows into bronze.link_transactions.
[2025-11-02T01:30:07.161+0000] {mongo_to_clickhouse.py:277} INFO - [mongo->ch] No matching docs found for given filter.
[2025-11-02T01:30:07.174+0000] {python.py:201} INFO - Done. Returned value was: None
[2025-11-02T01:30:07.222+0000] {taskinstance.py:1138} INFO - Marking task as SUCCESS. dag_id=ingestion_pipeline, task_id=load_link_transactions_bronze_from_mongo, execution_date=20251026T000000, start_date=20251102T013002, end_date=20251102T013007
[2025-11-02T01:30:07.371+0000] {local_task_job_runner.py:234} INFO - Task exited with return code 0
[2025-11-02T01:30:07.453+0000] {taskinstance.py:3280} INFO - 0 downstream tasks scheduled from follow-on schedule check
[2025-11-02T11:28:08.563+0000] {taskinstance.py:1956} INFO - Dependencies all met for dep_context=non-requeueable deps ti=<TaskInstance: ingestion_pipeline.load_link_transactions_bronze_from_mongo scheduled__2025-10-26T00:00:00+00:00 [queued]>
[2025-11-02T11:28:08.600+0000] {taskinstance.py:1956} INFO - Dependencies all met for dep_context=requeueable deps ti=<TaskInstance: ingestion_pipeline.load_link_transactions_bronze_from_mongo scheduled__2025-10-26T00:00:00+00:00 [queued]>
[2025-11-02T11:28:08.602+0000] {taskinstance.py:2170} INFO - Starting attempt 1 of 2
[2025-11-02T11:28:08.796+0000] {taskinstance.py:2191} INFO - Executing <Task(PythonOperator): load_link_transactions_bronze_from_mongo> on 2025-10-26 00:00:00+00:00
[2025-11-02T11:28:08.847+0000] {standard_task_runner.py:60} INFO - Started process 1122 to run task
[2025-11-02T11:28:08.894+0000] {standard_task_runner.py:87} INFO - Running: ['***', 'tasks', 'run', 'ingestion_pipeline', 'load_link_transactions_bronze_from_mongo', 'scheduled__2025-10-26T00:00:00+00:00', '--job-id', '118', '--raw', '--subdir', 'DAGS_FOLDER/ingestion_dag.py', '--cfg-path', '/tmp/tmph7lwt288']
[2025-11-02T11:28:08.920+0000] {standard_task_runner.py:88} INFO - Job 118: Subtask load_link_transactions_bronze_from_mongo
[2025-11-02T11:28:09.270+0000] {task_command.py:423} INFO - Running <TaskInstance: ingestion_pipeline.load_link_transactions_bronze_from_mongo scheduled__2025-10-26T00:00:00+00:00 [running]> on host 0d39d4365eb9
[2025-11-02T11:28:09.985+0000] {taskinstance.py:2480} INFO - Exporting env vars: AIRFLOW_CTX_DAG_OWNER='***' AIRFLOW_CTX_DAG_ID='ingestion_pipeline' AIRFLOW_CTX_TASK_ID='load_link_transactions_bronze_from_mongo' AIRFLOW_CTX_EXECUTION_DATE='2025-10-26T00:00:00+00:00' AIRFLOW_CTX_TRY_NUMBER='1' AIRFLOW_CTX_DAG_RUN_ID='scheduled__2025-10-26T00:00:00+00:00'
[2025-11-02T11:28:15.623+0000] {crypto.py:82} WARNING - empty cryptography key - values will not be stored encrypted.
[2025-11-02T11:28:15.645+0000] {base.py:83} INFO - Using connection ID 'mongo_default' for task execution.
[2025-11-02T11:28:15.703+0000] {base.py:83} INFO - Using connection ID 'clickhouse_default' for task execution.
[2025-11-02T11:28:15.741+0000] {mongo_to_clickhouse.py:241} INFO - [mongo->ch] Mongo query: {'_snapshot_date': {'$gte': datetime.datetime(2025, 10, 26, 0, 0), '$lte': datetime.datetime(2025, 10, 26, 23, 59, 59, 999000)}}
[2025-11-02T11:28:15.767+0000] {mongo_to_clickhouse.py:172} INFO - [mongo->ch] Dropped partition for _snapshot_date=2025-10-26.
[2025-11-02T11:28:15.966+0000] {mongo_to_clickhouse.py:275} INFO - [mongo->ch] Inserted 0 rows into bronze.link_transactions.
[2025-11-02T11:28:15.968+0000] {mongo_to_clickhouse.py:277} INFO - [mongo->ch] No matching docs found for given filter.
[2025-11-02T11:28:15.979+0000] {python.py:201} INFO - Done. Returned value was: None
[2025-11-02T11:28:16.069+0000] {taskinstance.py:1138} INFO - Marking task as SUCCESS. dag_id=ingestion_pipeline, task_id=load_link_transactions_bronze_from_mongo, execution_date=20251026T000000, start_date=20251102T112808, end_date=20251102T112816
[2025-11-02T11:28:16.229+0000] {local_task_job_runner.py:234} INFO - Task exited with return code 0
[2025-11-02T11:28:16.282+0000] {taskinstance.py:3280} INFO - 0 downstream tasks scheduled from follow-on schedule check
