[2025-11-01T20:07:03.897+0000] {taskinstance.py:1956} INFO - Dependencies all met for dep_context=non-requeueable deps ti=<TaskInstance: ingestion_pipeline.load_merchants_bronze scheduled__2025-10-23T00:00:00+00:00 [queued]>
[2025-11-01T20:07:03.995+0000] {taskinstance.py:1956} INFO - Dependencies all met for dep_context=requeueable deps ti=<TaskInstance: ingestion_pipeline.load_merchants_bronze scheduled__2025-10-23T00:00:00+00:00 [queued]>
[2025-11-01T20:07:04.000+0000] {taskinstance.py:2170} INFO - Starting attempt 1 of 2
[2025-11-01T20:07:04.048+0000] {taskinstance.py:2191} INFO - Executing <Task(PythonOperator): load_merchants_bronze> on 2025-10-23 00:00:00+00:00
[2025-11-01T20:07:04.093+0000] {standard_task_runner.py:60} INFO - Started process 665 to run task
[2025-11-01T20:07:04.126+0000] {standard_task_runner.py:87} INFO - Running: ['***', 'tasks', 'run', 'ingestion_pipeline', 'load_merchants_bronze', 'scheduled__2025-10-23T00:00:00+00:00', '--job-id', '86', '--raw', '--subdir', 'DAGS_FOLDER/ingestion_dag.py', '--cfg-path', '/tmp/tmppr4nb7ou']
[2025-11-01T20:07:04.148+0000] {standard_task_runner.py:88} INFO - Job 86: Subtask load_merchants_bronze
[2025-11-01T20:07:04.531+0000] {task_command.py:423} INFO - Running <TaskInstance: ingestion_pipeline.load_merchants_bronze scheduled__2025-10-23T00:00:00+00:00 [running]> on host 1a955fda0cfd
[2025-11-01T20:07:05.163+0000] {taskinstance.py:2480} INFO - Exporting env vars: AIRFLOW_CTX_DAG_OWNER='***' AIRFLOW_CTX_DAG_ID='ingestion_pipeline' AIRFLOW_CTX_TASK_ID='load_merchants_bronze' AIRFLOW_CTX_EXECUTION_DATE='2025-10-23T00:00:00+00:00' AIRFLOW_CTX_TRY_NUMBER='1' AIRFLOW_CTX_DAG_RUN_ID='scheduled__2025-10-23T00:00:00+00:00'
[2025-11-01T20:07:09.203+0000] {merchants_to_clickhouse.py:86} INFO - [merchants->ch] Target CSV: /tmp/data/merchants/merchants-20251023.csv
[2025-11-01T20:07:09.214+0000] {merchants_to_clickhouse.py:91} INFO - [merchants->ch] Folder listing: ['merchants-20251029.csv']
[2025-11-01T20:07:09.217+0000] {crypto.py:82} WARNING - empty cryptography key - values will not be stored encrypted.
[2025-11-01T20:07:09.218+0000] {base.py:83} INFO - Using connection ID 'clickhouse_default' for task execution.
[2025-11-01T20:07:09.250+0000] {merchants_to_clickhouse.py:134} WARNING - [merchants->ch] File not found. Table ensured. Skipping insert.
[2025-11-01T20:07:09.257+0000] {python.py:201} INFO - Done. Returned value was: None
[2025-11-01T20:07:09.343+0000] {taskinstance.py:1138} INFO - Marking task as SUCCESS. dag_id=ingestion_pipeline, task_id=load_merchants_bronze, execution_date=20251023T000000, start_date=20251101T200703, end_date=20251101T200709
[2025-11-01T20:07:10.277+0000] {local_task_job_runner.py:234} INFO - Task exited with return code 0
[2025-11-01T20:07:10.513+0000] {taskinstance.py:3280} INFO - 0 downstream tasks scheduled from follow-on schedule check
[2025-11-01T20:18:32.028+0000] {taskinstance.py:1956} INFO - Dependencies all met for dep_context=non-requeueable deps ti=<TaskInstance: ingestion_pipeline.load_merchants_bronze scheduled__2025-10-23T00:00:00+00:00 [queued]>
[2025-11-01T20:18:32.079+0000] {taskinstance.py:1956} INFO - Dependencies all met for dep_context=requeueable deps ti=<TaskInstance: ingestion_pipeline.load_merchants_bronze scheduled__2025-10-23T00:00:00+00:00 [queued]>
[2025-11-01T20:18:32.080+0000] {taskinstance.py:2170} INFO - Starting attempt 1 of 2
[2025-11-01T20:18:32.120+0000] {taskinstance.py:2191} INFO - Executing <Task(PythonOperator): load_merchants_bronze> on 2025-10-23 00:00:00+00:00
[2025-11-01T20:18:32.160+0000] {standard_task_runner.py:60} INFO - Started process 694 to run task
[2025-11-01T20:18:32.184+0000] {standard_task_runner.py:87} INFO - Running: ['***', 'tasks', 'run', 'ingestion_pipeline', 'load_merchants_bronze', 'scheduled__2025-10-23T00:00:00+00:00', '--job-id', '91', '--raw', '--subdir', 'DAGS_FOLDER/ingestion_dag.py', '--cfg-path', '/tmp/tmp416tonxn']
[2025-11-01T20:18:32.194+0000] {standard_task_runner.py:88} INFO - Job 91: Subtask load_merchants_bronze
[2025-11-01T20:18:32.544+0000] {task_command.py:423} INFO - Running <TaskInstance: ingestion_pipeline.load_merchants_bronze scheduled__2025-10-23T00:00:00+00:00 [running]> on host 6335aa85b335
[2025-11-01T20:18:32.885+0000] {taskinstance.py:2480} INFO - Exporting env vars: AIRFLOW_CTX_DAG_OWNER='***' AIRFLOW_CTX_DAG_ID='ingestion_pipeline' AIRFLOW_CTX_TASK_ID='load_merchants_bronze' AIRFLOW_CTX_EXECUTION_DATE='2025-10-23T00:00:00+00:00' AIRFLOW_CTX_TRY_NUMBER='1' AIRFLOW_CTX_DAG_RUN_ID='scheduled__2025-10-23T00:00:00+00:00'
[2025-11-01T20:18:36.144+0000] {merchants_to_clickhouse.py:86} INFO - [merchants->ch] Target CSV: /tmp/data/merchants/merchants-20251023.csv
[2025-11-01T20:18:36.168+0000] {merchants_to_clickhouse.py:91} INFO - [merchants->ch] Folder listing: ['merchants-20251029.csv', 'merchants-20251030.csv']
[2025-11-01T20:18:36.174+0000] {crypto.py:82} WARNING - empty cryptography key - values will not be stored encrypted.
[2025-11-01T20:18:36.193+0000] {base.py:83} INFO - Using connection ID 'clickhouse_default' for task execution.
[2025-11-01T20:18:36.211+0000] {merchants_to_clickhouse.py:134} WARNING - [merchants->ch] File not found. Table ensured. Skipping insert.
[2025-11-01T20:18:36.214+0000] {python.py:201} INFO - Done. Returned value was: None
[2025-11-01T20:18:36.250+0000] {taskinstance.py:1138} INFO - Marking task as SUCCESS. dag_id=ingestion_pipeline, task_id=load_merchants_bronze, execution_date=20251023T000000, start_date=20251101T201832, end_date=20251101T201836
[2025-11-01T20:18:36.575+0000] {local_task_job_runner.py:234} INFO - Task exited with return code 0
[2025-11-01T20:18:36.740+0000] {taskinstance.py:3280} INFO - 0 downstream tasks scheduled from follow-on schedule check
[2025-11-02T01:30:01.290+0000] {taskinstance.py:1956} INFO - Dependencies all met for dep_context=non-requeueable deps ti=<TaskInstance: ingestion_pipeline.load_merchants_bronze scheduled__2025-10-23T00:00:00+00:00 [queued]>
[2025-11-02T01:30:01.380+0000] {taskinstance.py:1956} INFO - Dependencies all met for dep_context=requeueable deps ti=<TaskInstance: ingestion_pipeline.load_merchants_bronze scheduled__2025-10-23T00:00:00+00:00 [queued]>
[2025-11-02T01:30:01.388+0000] {taskinstance.py:2170} INFO - Starting attempt 1 of 2
[2025-11-02T01:30:01.770+0000] {taskinstance.py:2191} INFO - Executing <Task(PythonOperator): load_merchants_bronze> on 2025-10-23 00:00:00+00:00
[2025-11-02T01:30:01.797+0000] {standard_task_runner.py:60} INFO - Started process 925 to run task
[2025-11-02T01:30:01.808+0000] {standard_task_runner.py:87} INFO - Running: ['***', 'tasks', 'run', 'ingestion_pipeline', 'load_merchants_bronze', 'scheduled__2025-10-23T00:00:00+00:00', '--job-id', '102', '--raw', '--subdir', 'DAGS_FOLDER/ingestion_dag.py', '--cfg-path', '/tmp/tmptat1n3cf']
[2025-11-02T01:30:01.823+0000] {standard_task_runner.py:88} INFO - Job 102: Subtask load_merchants_bronze
[2025-11-02T01:30:02.351+0000] {task_command.py:423} INFO - Running <TaskInstance: ingestion_pipeline.load_merchants_bronze scheduled__2025-10-23T00:00:00+00:00 [running]> on host 3b0074fa0b5e
[2025-11-02T01:30:02.711+0000] {taskinstance.py:2480} INFO - Exporting env vars: AIRFLOW_CTX_DAG_OWNER='***' AIRFLOW_CTX_DAG_ID='ingestion_pipeline' AIRFLOW_CTX_TASK_ID='load_merchants_bronze' AIRFLOW_CTX_EXECUTION_DATE='2025-10-23T00:00:00+00:00' AIRFLOW_CTX_TRY_NUMBER='1' AIRFLOW_CTX_DAG_RUN_ID='scheduled__2025-10-23T00:00:00+00:00'
[2025-11-02T01:30:07.271+0000] {merchants_to_clickhouse.py:86} INFO - [merchants->ch] Target CSV: /tmp/data/merchants/merchants-20251023.csv
[2025-11-02T01:30:07.298+0000] {merchants_to_clickhouse.py:91} INFO - [merchants->ch] Folder listing: ['merchants-20251029.csv', 'merchants-20251030.csv']
[2025-11-02T01:30:07.300+0000] {crypto.py:82} WARNING - empty cryptography key - values will not be stored encrypted.
[2025-11-02T01:30:07.302+0000] {base.py:83} INFO - Using connection ID 'clickhouse_default' for task execution.
[2025-11-02T01:30:07.316+0000] {merchants_to_clickhouse.py:134} WARNING - [merchants->ch] File not found. Table ensured. Skipping insert.
[2025-11-02T01:30:07.317+0000] {python.py:201} INFO - Done. Returned value was: None
[2025-11-02T01:30:07.356+0000] {taskinstance.py:1138} INFO - Marking task as SUCCESS. dag_id=ingestion_pipeline, task_id=load_merchants_bronze, execution_date=20251023T000000, start_date=20251102T013001, end_date=20251102T013007
[2025-11-02T01:30:07.499+0000] {local_task_job_runner.py:234} INFO - Task exited with return code 0
[2025-11-02T01:30:07.598+0000] {taskinstance.py:3280} INFO - 0 downstream tasks scheduled from follow-on schedule check
[2025-11-02T11:27:55.847+0000] {taskinstance.py:1956} INFO - Dependencies all met for dep_context=non-requeueable deps ti=<TaskInstance: ingestion_pipeline.load_merchants_bronze scheduled__2025-10-23T00:00:00+00:00 [queued]>
[2025-11-02T11:27:55.875+0000] {taskinstance.py:1956} INFO - Dependencies all met for dep_context=requeueable deps ti=<TaskInstance: ingestion_pipeline.load_merchants_bronze scheduled__2025-10-23T00:00:00+00:00 [queued]>
[2025-11-02T11:27:55.879+0000] {taskinstance.py:2170} INFO - Starting attempt 1 of 2
[2025-11-02T11:27:55.938+0000] {taskinstance.py:2191} INFO - Executing <Task(PythonOperator): load_merchants_bronze> on 2025-10-23 00:00:00+00:00
[2025-11-02T11:27:55.967+0000] {standard_task_runner.py:60} INFO - Started process 982 to run task
[2025-11-02T11:27:55.982+0000] {standard_task_runner.py:87} INFO - Running: ['***', 'tasks', 'run', 'ingestion_pipeline', 'load_merchants_bronze', 'scheduled__2025-10-23T00:00:00+00:00', '--job-id', '95', '--raw', '--subdir', 'DAGS_FOLDER/ingestion_dag.py', '--cfg-path', '/tmp/tmpuiyrjogd']
[2025-11-02T11:27:55.996+0000] {standard_task_runner.py:88} INFO - Job 95: Subtask load_merchants_bronze
[2025-11-02T11:27:56.308+0000] {task_command.py:423} INFO - Running <TaskInstance: ingestion_pipeline.load_merchants_bronze scheduled__2025-10-23T00:00:00+00:00 [running]> on host 0d39d4365eb9
[2025-11-02T11:27:56.603+0000] {taskinstance.py:2480} INFO - Exporting env vars: AIRFLOW_CTX_DAG_OWNER='***' AIRFLOW_CTX_DAG_ID='ingestion_pipeline' AIRFLOW_CTX_TASK_ID='load_merchants_bronze' AIRFLOW_CTX_EXECUTION_DATE='2025-10-23T00:00:00+00:00' AIRFLOW_CTX_TRY_NUMBER='1' AIRFLOW_CTX_DAG_RUN_ID='scheduled__2025-10-23T00:00:00+00:00'
[2025-11-02T11:27:58.665+0000] {merchants_to_clickhouse.py:86} INFO - [merchants->ch] Target CSV: /tmp/data/merchants/merchants-20251023.csv
[2025-11-02T11:27:58.671+0000] {merchants_to_clickhouse.py:91} INFO - [merchants->ch] Folder listing: ['merchants-20251029.csv', 'merchants-20251030.csv']
[2025-11-02T11:27:58.674+0000] {crypto.py:82} WARNING - empty cryptography key - values will not be stored encrypted.
[2025-11-02T11:27:58.675+0000] {base.py:83} INFO - Using connection ID 'clickhouse_default' for task execution.
[2025-11-02T11:27:58.689+0000] {merchants_to_clickhouse.py:134} WARNING - [merchants->ch] File not found. Table ensured. Skipping insert.
[2025-11-02T11:27:58.690+0000] {python.py:201} INFO - Done. Returned value was: None
[2025-11-02T11:27:58.713+0000] {taskinstance.py:1138} INFO - Marking task as SUCCESS. dag_id=ingestion_pipeline, task_id=load_merchants_bronze, execution_date=20251023T000000, start_date=20251102T112755, end_date=20251102T112758
[2025-11-02T11:27:58.809+0000] {local_task_job_runner.py:234} INFO - Task exited with return code 0
[2025-11-02T11:27:58.864+0000] {taskinstance.py:3280} INFO - 0 downstream tasks scheduled from follow-on schedule check
