[2025-11-01T20:23:04.546+0000] {taskinstance.py:1956} INFO - Dependencies all met for dep_context=non-requeueable deps ti=<TaskInstance: silver_transformation_pipeline.dbt_run_linktx scheduled__2025-10-22T00:00:00+00:00 [queued]>
[2025-11-01T20:23:04.555+0000] {taskinstance.py:1956} INFO - Dependencies all met for dep_context=requeueable deps ti=<TaskInstance: silver_transformation_pipeline.dbt_run_linktx scheduled__2025-10-22T00:00:00+00:00 [queued]>
[2025-11-01T20:23:04.556+0000] {taskinstance.py:2170} INFO - Starting attempt 1 of 2
[2025-11-01T20:23:04.573+0000] {taskinstance.py:2191} INFO - Executing <Task(PythonOperator): dbt_run_linktx> on 2025-10-22 00:00:00+00:00
[2025-11-01T20:23:04.581+0000] {standard_task_runner.py:60} INFO - Started process 2006 to run task
[2025-11-01T20:23:04.585+0000] {standard_task_runner.py:87} INFO - Running: ['***', 'tasks', 'run', 'silver_transformation_pipeline', 'dbt_run_linktx', 'scheduled__2025-10-22T00:00:00+00:00', '--job-id', '213', '--raw', '--subdir', 'DAGS_FOLDER/silver_dag.py', '--cfg-path', '/tmp/tmpi3wx7ko1']
[2025-11-01T20:23:04.588+0000] {standard_task_runner.py:88} INFO - Job 213: Subtask dbt_run_linktx
[2025-11-01T20:23:04.683+0000] {task_command.py:423} INFO - Running <TaskInstance: silver_transformation_pipeline.dbt_run_linktx scheduled__2025-10-22T00:00:00+00:00 [running]> on host 6335aa85b335
[2025-11-01T20:23:04.791+0000] {taskinstance.py:2480} INFO - Exporting env vars: AIRFLOW_CTX_DAG_OWNER='***' AIRFLOW_CTX_DAG_ID='silver_transformation_pipeline' AIRFLOW_CTX_TASK_ID='dbt_run_linktx' AIRFLOW_CTX_EXECUTION_DATE='2025-10-22T00:00:00+00:00' AIRFLOW_CTX_TRY_NUMBER='1' AIRFLOW_CTX_DAG_RUN_ID='scheduled__2025-10-22T00:00:00+00:00'
[2025-11-01T20:23:10.762+0000] {python.py:201} INFO - Done. Returned value was: None
[2025-11-01T20:23:10.780+0000] {taskinstance.py:1138} INFO - Marking task as SUCCESS. dag_id=silver_transformation_pipeline, task_id=dbt_run_linktx, execution_date=20251022T000000, start_date=20251101T202304, end_date=20251101T202310
[2025-11-01T20:23:10.846+0000] {local_task_job_runner.py:234} INFO - Task exited with return code 0
[2025-11-01T20:23:10.865+0000] {taskinstance.py:3280} INFO - 0 downstream tasks scheduled from follow-on schedule check
[2025-11-02T01:38:22.215+0000] {taskinstance.py:1956} INFO - Dependencies all met for dep_context=non-requeueable deps ti=<TaskInstance: silver_transformation_pipeline.dbt_run_linktx scheduled__2025-10-22T00:00:00+00:00 [queued]>
[2025-11-02T01:38:22.228+0000] {taskinstance.py:1956} INFO - Dependencies all met for dep_context=requeueable deps ti=<TaskInstance: silver_transformation_pipeline.dbt_run_linktx scheduled__2025-10-22T00:00:00+00:00 [queued]>
[2025-11-02T01:38:22.229+0000] {taskinstance.py:2170} INFO - Starting attempt 1 of 2
[2025-11-02T01:38:22.249+0000] {taskinstance.py:2191} INFO - Executing <Task(PythonOperator): dbt_run_linktx> on 2025-10-22 00:00:00+00:00
[2025-11-02T01:38:22.258+0000] {standard_task_runner.py:60} INFO - Started process 2971 to run task
[2025-11-02T01:38:22.264+0000] {standard_task_runner.py:87} INFO - Running: ['***', 'tasks', 'run', 'silver_transformation_pipeline', 'dbt_run_linktx', 'scheduled__2025-10-22T00:00:00+00:00', '--job-id', '217', '--raw', '--subdir', 'DAGS_FOLDER/silver_dag.py', '--cfg-path', '/tmp/tmpmy8zgml4']
[2025-11-02T01:38:22.267+0000] {standard_task_runner.py:88} INFO - Job 217: Subtask dbt_run_linktx
[2025-11-02T01:38:22.365+0000] {task_command.py:423} INFO - Running <TaskInstance: silver_transformation_pipeline.dbt_run_linktx scheduled__2025-10-22T00:00:00+00:00 [running]> on host 3b0074fa0b5e
[2025-11-02T01:38:22.495+0000] {taskinstance.py:2480} INFO - Exporting env vars: AIRFLOW_CTX_DAG_OWNER='***' AIRFLOW_CTX_DAG_ID='silver_transformation_pipeline' AIRFLOW_CTX_TASK_ID='dbt_run_linktx' AIRFLOW_CTX_EXECUTION_DATE='2025-10-22T00:00:00+00:00' AIRFLOW_CTX_TRY_NUMBER='1' AIRFLOW_CTX_DAG_RUN_ID='scheduled__2025-10-22T00:00:00+00:00'
[2025-11-02T01:38:29.213+0000] {python.py:201} INFO - Done. Returned value was: None
[2025-11-02T01:38:29.233+0000] {taskinstance.py:1138} INFO - Marking task as SUCCESS. dag_id=silver_transformation_pipeline, task_id=dbt_run_linktx, execution_date=20251022T000000, start_date=20251102T013822, end_date=20251102T013829
[2025-11-02T01:38:29.289+0000] {local_task_job_runner.py:234} INFO - Task exited with return code 0
[2025-11-02T01:38:29.310+0000] {taskinstance.py:3280} INFO - 0 downstream tasks scheduled from follow-on schedule check
[2025-11-02T11:34:00.789+0000] {taskinstance.py:1956} INFO - Dependencies all met for dep_context=non-requeueable deps ti=<TaskInstance: silver_transformation_pipeline.dbt_run_linktx scheduled__2025-10-22T00:00:00+00:00 [queued]>
[2025-11-02T11:34:00.803+0000] {taskinstance.py:1956} INFO - Dependencies all met for dep_context=requeueable deps ti=<TaskInstance: silver_transformation_pipeline.dbt_run_linktx scheduled__2025-10-22T00:00:00+00:00 [queued]>
[2025-11-02T11:34:00.804+0000] {taskinstance.py:2170} INFO - Starting attempt 1 of 2
[2025-11-02T11:34:00.831+0000] {taskinstance.py:2191} INFO - Executing <Task(PythonOperator): dbt_run_linktx> on 2025-10-22 00:00:00+00:00
[2025-11-02T11:34:00.842+0000] {standard_task_runner.py:60} INFO - Started process 3150 to run task
[2025-11-02T11:34:00.847+0000] {standard_task_runner.py:87} INFO - Running: ['***', 'tasks', 'run', 'silver_transformation_pipeline', 'dbt_run_linktx', 'scheduled__2025-10-22T00:00:00+00:00', '--job-id', '229', '--raw', '--subdir', 'DAGS_FOLDER/silver_dag.py', '--cfg-path', '/tmp/tmpzq6flw9m']
[2025-11-02T11:34:00.849+0000] {standard_task_runner.py:88} INFO - Job 229: Subtask dbt_run_linktx
[2025-11-02T11:34:00.946+0000] {task_command.py:423} INFO - Running <TaskInstance: silver_transformation_pipeline.dbt_run_linktx scheduled__2025-10-22T00:00:00+00:00 [running]> on host 0d39d4365eb9
[2025-11-02T11:34:01.061+0000] {taskinstance.py:2480} INFO - Exporting env vars: AIRFLOW_CTX_DAG_OWNER='***' AIRFLOW_CTX_DAG_ID='silver_transformation_pipeline' AIRFLOW_CTX_TASK_ID='dbt_run_linktx' AIRFLOW_CTX_EXECUTION_DATE='2025-10-22T00:00:00+00:00' AIRFLOW_CTX_TRY_NUMBER='1' AIRFLOW_CTX_DAG_RUN_ID='scheduled__2025-10-22T00:00:00+00:00'
[2025-11-02T11:34:09.162+0000] {python.py:201} INFO - Done. Returned value was: None
[2025-11-02T11:34:09.184+0000] {taskinstance.py:1138} INFO - Marking task as SUCCESS. dag_id=silver_transformation_pipeline, task_id=dbt_run_linktx, execution_date=20251022T000000, start_date=20251102T113400, end_date=20251102T113409
[2025-11-02T11:34:09.243+0000] {local_task_job_runner.py:234} INFO - Task exited with return code 0
[2025-11-02T11:34:09.273+0000] {taskinstance.py:3280} INFO - 0 downstream tasks scheduled from follow-on schedule check
