[2025-11-01T20:06:34.101+0000] {taskinstance.py:1956} INFO - Dependencies all met for dep_context=non-requeueable deps ti=<TaskInstance: ingestion_pipeline.load_link_transactions_bronze_from_mongo scheduled__2025-10-04T00:00:00+00:00 [queued]>
[2025-11-01T20:06:34.169+0000] {taskinstance.py:1956} INFO - Dependencies all met for dep_context=requeueable deps ti=<TaskInstance: ingestion_pipeline.load_link_transactions_bronze_from_mongo scheduled__2025-10-04T00:00:00+00:00 [queued]>
[2025-11-01T20:06:34.177+0000] {taskinstance.py:2170} INFO - Starting attempt 1 of 2
[2025-11-01T20:06:34.383+0000] {taskinstance.py:2191} INFO - Executing <Task(PythonOperator): load_link_transactions_bronze_from_mongo> on 2025-10-04 00:00:00+00:00
[2025-11-01T20:06:34.440+0000] {standard_task_runner.py:60} INFO - Started process 370 to run task
[2025-11-01T20:06:34.490+0000] {standard_task_runner.py:87} INFO - Running: ['***', 'tasks', 'run', 'ingestion_pipeline', 'load_link_transactions_bronze_from_mongo', 'scheduled__2025-10-04T00:00:00+00:00', '--job-id', '20', '--raw', '--subdir', 'DAGS_FOLDER/ingestion_dag.py', '--cfg-path', '/tmp/tmpqf3myvew']
[2025-11-01T20:06:34.515+0000] {standard_task_runner.py:88} INFO - Job 20: Subtask load_link_transactions_bronze_from_mongo
[2025-11-01T20:06:35.005+0000] {task_command.py:423} INFO - Running <TaskInstance: ingestion_pipeline.load_link_transactions_bronze_from_mongo scheduled__2025-10-04T00:00:00+00:00 [running]> on host 1a955fda0cfd
[2025-11-01T20:06:35.516+0000] {taskinstance.py:2480} INFO - Exporting env vars: AIRFLOW_CTX_DAG_OWNER='***' AIRFLOW_CTX_DAG_ID='ingestion_pipeline' AIRFLOW_CTX_TASK_ID='load_link_transactions_bronze_from_mongo' AIRFLOW_CTX_EXECUTION_DATE='2025-10-04T00:00:00+00:00' AIRFLOW_CTX_TRY_NUMBER='1' AIRFLOW_CTX_DAG_RUN_ID='scheduled__2025-10-04T00:00:00+00:00'
[2025-11-01T20:06:40.204+0000] {crypto.py:82} WARNING - empty cryptography key - values will not be stored encrypted.
[2025-11-01T20:06:40.209+0000] {base.py:83} INFO - Using connection ID 'mongo_default' for task execution.
[2025-11-01T20:06:40.232+0000] {base.py:83} INFO - Using connection ID 'clickhouse_default' for task execution.
[2025-11-01T20:06:40.248+0000] {mongo_to_clickhouse.py:241} INFO - [mongo->ch] Mongo query: {'_snapshot_date': {'$gte': datetime.datetime(2025, 10, 4, 0, 0), '$lte': datetime.datetime(2025, 10, 4, 23, 59, 59, 999000)}}
[2025-11-01T20:06:40.254+0000] {mongo_to_clickhouse.py:172} INFO - [mongo->ch] Dropped partition for _snapshot_date=2025-10-04.
[2025-11-01T20:06:40.533+0000] {mongo_to_clickhouse.py:275} INFO - [mongo->ch] Inserted 581 rows into bronze.link_transactions.
[2025-11-01T20:06:40.576+0000] {python.py:201} INFO - Done. Returned value was: None
[2025-11-01T20:06:40.731+0000] {taskinstance.py:1138} INFO - Marking task as SUCCESS. dag_id=ingestion_pipeline, task_id=load_link_transactions_bronze_from_mongo, execution_date=20251004T000000, start_date=20251101T200634, end_date=20251101T200640
[2025-11-01T20:06:40.831+0000] {local_task_job_runner.py:234} INFO - Task exited with return code 0
[2025-11-01T20:06:41.158+0000] {taskinstance.py:3280} INFO - 0 downstream tasks scheduled from follow-on schedule check
[2025-11-01T20:18:07.556+0000] {taskinstance.py:1956} INFO - Dependencies all met for dep_context=non-requeueable deps ti=<TaskInstance: ingestion_pipeline.load_link_transactions_bronze_from_mongo scheduled__2025-10-04T00:00:00+00:00 [queued]>
[2025-11-01T20:18:07.631+0000] {taskinstance.py:1956} INFO - Dependencies all met for dep_context=requeueable deps ti=<TaskInstance: ingestion_pipeline.load_link_transactions_bronze_from_mongo scheduled__2025-10-04T00:00:00+00:00 [queued]>
[2025-11-01T20:18:07.650+0000] {taskinstance.py:2170} INFO - Starting attempt 1 of 2
[2025-11-01T20:18:07.761+0000] {taskinstance.py:2191} INFO - Executing <Task(PythonOperator): load_link_transactions_bronze_from_mongo> on 2025-10-04 00:00:00+00:00
[2025-11-01T20:18:07.850+0000] {standard_task_runner.py:60} INFO - Started process 442 to run task
[2025-11-01T20:18:07.866+0000] {standard_task_runner.py:87} INFO - Running: ['***', 'tasks', 'run', 'ingestion_pipeline', 'load_link_transactions_bronze_from_mongo', 'scheduled__2025-10-04T00:00:00+00:00', '--job-id', '39', '--raw', '--subdir', 'DAGS_FOLDER/ingestion_dag.py', '--cfg-path', '/tmp/tmp7t16jwg2']
[2025-11-01T20:18:07.885+0000] {standard_task_runner.py:88} INFO - Job 39: Subtask load_link_transactions_bronze_from_mongo
[2025-11-01T20:18:08.530+0000] {task_command.py:423} INFO - Running <TaskInstance: ingestion_pipeline.load_link_transactions_bronze_from_mongo scheduled__2025-10-04T00:00:00+00:00 [running]> on host 6335aa85b335
[2025-11-01T20:18:09.134+0000] {taskinstance.py:2480} INFO - Exporting env vars: AIRFLOW_CTX_DAG_OWNER='***' AIRFLOW_CTX_DAG_ID='ingestion_pipeline' AIRFLOW_CTX_TASK_ID='load_link_transactions_bronze_from_mongo' AIRFLOW_CTX_EXECUTION_DATE='2025-10-04T00:00:00+00:00' AIRFLOW_CTX_TRY_NUMBER='1' AIRFLOW_CTX_DAG_RUN_ID='scheduled__2025-10-04T00:00:00+00:00'
[2025-11-01T20:18:11.947+0000] {crypto.py:82} WARNING - empty cryptography key - values will not be stored encrypted.
[2025-11-01T20:18:11.952+0000] {base.py:83} INFO - Using connection ID 'mongo_default' for task execution.
[2025-11-01T20:18:12.008+0000] {base.py:83} INFO - Using connection ID 'clickhouse_default' for task execution.
[2025-11-01T20:18:12.039+0000] {mongo_to_clickhouse.py:241} INFO - [mongo->ch] Mongo query: {'_snapshot_date': {'$gte': datetime.datetime(2025, 10, 4, 0, 0), '$lte': datetime.datetime(2025, 10, 4, 23, 59, 59, 999000)}}
[2025-11-01T20:18:12.052+0000] {mongo_to_clickhouse.py:172} INFO - [mongo->ch] Dropped partition for _snapshot_date=2025-10-04.
[2025-11-01T20:18:12.238+0000] {mongo_to_clickhouse.py:275} INFO - [mongo->ch] Inserted 581 rows into bronze.link_transactions.
[2025-11-01T20:18:12.247+0000] {python.py:201} INFO - Done. Returned value was: None
[2025-11-01T20:18:12.311+0000] {taskinstance.py:1138} INFO - Marking task as SUCCESS. dag_id=ingestion_pipeline, task_id=load_link_transactions_bronze_from_mongo, execution_date=20251004T000000, start_date=20251101T201807, end_date=20251101T201812
[2025-11-01T20:18:13.128+0000] {local_task_job_runner.py:234} INFO - Task exited with return code 0
[2025-11-01T20:18:13.360+0000] {taskinstance.py:3280} INFO - 0 downstream tasks scheduled from follow-on schedule check
[2025-11-02T01:29:09.221+0000] {taskinstance.py:1956} INFO - Dependencies all met for dep_context=non-requeueable deps ti=<TaskInstance: ingestion_pipeline.load_link_transactions_bronze_from_mongo scheduled__2025-10-04T00:00:00+00:00 [queued]>
[2025-11-02T01:29:09.298+0000] {taskinstance.py:1956} INFO - Dependencies all met for dep_context=requeueable deps ti=<TaskInstance: ingestion_pipeline.load_link_transactions_bronze_from_mongo scheduled__2025-10-04T00:00:00+00:00 [queued]>
[2025-11-02T01:29:09.307+0000] {taskinstance.py:2170} INFO - Starting attempt 1 of 2
[2025-11-02T01:29:09.847+0000] {taskinstance.py:2191} INFO - Executing <Task(PythonOperator): load_link_transactions_bronze_from_mongo> on 2025-10-04 00:00:00+00:00
[2025-11-02T01:29:10.049+0000] {standard_task_runner.py:60} INFO - Started process 490 to run task
[2025-11-02T01:29:10.127+0000] {standard_task_runner.py:87} INFO - Running: ['***', 'tasks', 'run', 'ingestion_pipeline', 'load_link_transactions_bronze_from_mongo', 'scheduled__2025-10-04T00:00:00+00:00', '--job-id', '27', '--raw', '--subdir', 'DAGS_FOLDER/ingestion_dag.py', '--cfg-path', '/tmp/tmpts_kyobl']
[2025-11-02T01:29:10.234+0000] {standard_task_runner.py:88} INFO - Job 27: Subtask load_link_transactions_bronze_from_mongo
[2025-11-02T01:29:11.738+0000] {task_command.py:423} INFO - Running <TaskInstance: ingestion_pipeline.load_link_transactions_bronze_from_mongo scheduled__2025-10-04T00:00:00+00:00 [running]> on host 3b0074fa0b5e
[2025-11-02T01:29:12.969+0000] {taskinstance.py:2480} INFO - Exporting env vars: AIRFLOW_CTX_DAG_OWNER='***' AIRFLOW_CTX_DAG_ID='ingestion_pipeline' AIRFLOW_CTX_TASK_ID='load_link_transactions_bronze_from_mongo' AIRFLOW_CTX_EXECUTION_DATE='2025-10-04T00:00:00+00:00' AIRFLOW_CTX_TRY_NUMBER='1' AIRFLOW_CTX_DAG_RUN_ID='scheduled__2025-10-04T00:00:00+00:00'
[2025-11-02T01:29:21.052+0000] {crypto.py:82} WARNING - empty cryptography key - values will not be stored encrypted.
[2025-11-02T01:29:21.056+0000] {base.py:83} INFO - Using connection ID 'mongo_default' for task execution.
[2025-11-02T01:29:21.190+0000] {base.py:83} INFO - Using connection ID 'clickhouse_default' for task execution.
[2025-11-02T01:29:21.225+0000] {mongo_to_clickhouse.py:241} INFO - [mongo->ch] Mongo query: {'_snapshot_date': {'$gte': datetime.datetime(2025, 10, 4, 0, 0), '$lte': datetime.datetime(2025, 10, 4, 23, 59, 59, 999000)}}
[2025-11-02T01:29:21.232+0000] {mongo_to_clickhouse.py:172} INFO - [mongo->ch] Dropped partition for _snapshot_date=2025-10-04.
[2025-11-02T01:29:21.629+0000] {mongo_to_clickhouse.py:275} INFO - [mongo->ch] Inserted 581 rows into bronze.link_transactions.
[2025-11-02T01:29:21.646+0000] {python.py:201} INFO - Done. Returned value was: None
[2025-11-02T01:29:21.744+0000] {taskinstance.py:1138} INFO - Marking task as SUCCESS. dag_id=ingestion_pipeline, task_id=load_link_transactions_bronze_from_mongo, execution_date=20251004T000000, start_date=20251102T012909, end_date=20251102T012921
[2025-11-02T01:29:22.106+0000] {local_task_job_runner.py:234} INFO - Task exited with return code 0
[2025-11-02T01:29:22.496+0000] {taskinstance.py:3280} INFO - 0 downstream tasks scheduled from follow-on schedule check
[2025-11-02T11:27:12.649+0000] {taskinstance.py:1956} INFO - Dependencies all met for dep_context=non-requeueable deps ti=<TaskInstance: ingestion_pipeline.load_link_transactions_bronze_from_mongo scheduled__2025-10-04T00:00:00+00:00 [queued]>
[2025-11-02T11:27:12.677+0000] {taskinstance.py:1956} INFO - Dependencies all met for dep_context=requeueable deps ti=<TaskInstance: ingestion_pipeline.load_link_transactions_bronze_from_mongo scheduled__2025-10-04T00:00:00+00:00 [queued]>
[2025-11-02T11:27:12.679+0000] {taskinstance.py:2170} INFO - Starting attempt 1 of 2
[2025-11-02T11:27:12.739+0000] {taskinstance.py:2191} INFO - Executing <Task(PythonOperator): load_link_transactions_bronze_from_mongo> on 2025-10-04 00:00:00+00:00
[2025-11-02T11:27:12.754+0000] {standard_task_runner.py:60} INFO - Started process 619 to run task
[2025-11-02T11:27:12.778+0000] {standard_task_runner.py:87} INFO - Running: ['***', 'tasks', 'run', 'ingestion_pipeline', 'load_link_transactions_bronze_from_mongo', 'scheduled__2025-10-04T00:00:00+00:00', '--job-id', '30', '--raw', '--subdir', 'DAGS_FOLDER/ingestion_dag.py', '--cfg-path', '/tmp/tmpb5jker0_']
[2025-11-02T11:27:12.790+0000] {standard_task_runner.py:88} INFO - Job 30: Subtask load_link_transactions_bronze_from_mongo
[2025-11-02T11:27:13.243+0000] {task_command.py:423} INFO - Running <TaskInstance: ingestion_pipeline.load_link_transactions_bronze_from_mongo scheduled__2025-10-04T00:00:00+00:00 [running]> on host 0d39d4365eb9
[2025-11-02T11:27:14.402+0000] {taskinstance.py:2480} INFO - Exporting env vars: AIRFLOW_CTX_DAG_OWNER='***' AIRFLOW_CTX_DAG_ID='ingestion_pipeline' AIRFLOW_CTX_TASK_ID='load_link_transactions_bronze_from_mongo' AIRFLOW_CTX_EXECUTION_DATE='2025-10-04T00:00:00+00:00' AIRFLOW_CTX_TRY_NUMBER='1' AIRFLOW_CTX_DAG_RUN_ID='scheduled__2025-10-04T00:00:00+00:00'
[2025-11-02T11:27:20.327+0000] {crypto.py:82} WARNING - empty cryptography key - values will not be stored encrypted.
[2025-11-02T11:27:20.344+0000] {base.py:83} INFO - Using connection ID 'mongo_default' for task execution.
[2025-11-02T11:27:20.496+0000] {base.py:83} INFO - Using connection ID 'clickhouse_default' for task execution.
[2025-11-02T11:27:20.518+0000] {mongo_to_clickhouse.py:241} INFO - [mongo->ch] Mongo query: {'_snapshot_date': {'$gte': datetime.datetime(2025, 10, 4, 0, 0), '$lte': datetime.datetime(2025, 10, 4, 23, 59, 59, 999000)}}
[2025-11-02T11:27:20.523+0000] {mongo_to_clickhouse.py:172} INFO - [mongo->ch] Dropped partition for _snapshot_date=2025-10-04.
[2025-11-02T11:27:20.724+0000] {mongo_to_clickhouse.py:275} INFO - [mongo->ch] Inserted 581 rows into bronze.link_transactions.
[2025-11-02T11:27:20.729+0000] {python.py:201} INFO - Done. Returned value was: None
[2025-11-02T11:27:20.758+0000] {taskinstance.py:1138} INFO - Marking task as SUCCESS. dag_id=ingestion_pipeline, task_id=load_link_transactions_bronze_from_mongo, execution_date=20251004T000000, start_date=20251102T112712, end_date=20251102T112720
[2025-11-02T11:27:21.029+0000] {local_task_job_runner.py:234} INFO - Task exited with return code 0
[2025-11-02T11:27:21.113+0000] {taskinstance.py:3280} INFO - 0 downstream tasks scheduled from follow-on schedule check
