[2025-11-01T20:22:34.029+0000] {taskinstance.py:1956} INFO - Dependencies all met for dep_context=non-requeueable deps ti=<TaskInstance: silver_transformation_pipeline.ensure_bronze_prereqs scheduled__2025-10-19T00:00:00+00:00 [queued]>
[2025-11-01T20:22:34.046+0000] {taskinstance.py:1956} INFO - Dependencies all met for dep_context=requeueable deps ti=<TaskInstance: silver_transformation_pipeline.ensure_bronze_prereqs scheduled__2025-10-19T00:00:00+00:00 [queued]>
[2025-11-01T20:22:34.047+0000] {taskinstance.py:2170} INFO - Starting attempt 1 of 2
[2025-11-01T20:22:34.069+0000] {taskinstance.py:2191} INFO - Executing <Task(PythonOperator): ensure_bronze_prereqs> on 2025-10-19 00:00:00+00:00
[2025-11-01T20:22:34.077+0000] {standard_task_runner.py:60} INFO - Started process 1847 to run task
[2025-11-01T20:22:34.086+0000] {standard_task_runner.py:87} INFO - Running: ['***', 'tasks', 'run', 'silver_transformation_pipeline', 'ensure_bronze_prereqs', 'scheduled__2025-10-19T00:00:00+00:00', '--job-id', '198', '--raw', '--subdir', 'DAGS_FOLDER/silver_dag.py', '--cfg-path', '/tmp/tmpz7xk02fj']
[2025-11-01T20:22:34.090+0000] {standard_task_runner.py:88} INFO - Job 198: Subtask ensure_bronze_prereqs
[2025-11-01T20:22:34.193+0000] {task_command.py:423} INFO - Running <TaskInstance: silver_transformation_pipeline.ensure_bronze_prereqs scheduled__2025-10-19T00:00:00+00:00 [running]> on host 6335aa85b335
[2025-11-01T20:22:34.290+0000] {taskinstance.py:2480} INFO - Exporting env vars: AIRFLOW_CTX_DAG_OWNER='***' AIRFLOW_CTX_DAG_ID='silver_transformation_pipeline' AIRFLOW_CTX_TASK_ID='ensure_bronze_prereqs' AIRFLOW_CTX_EXECUTION_DATE='2025-10-19T00:00:00+00:00' AIRFLOW_CTX_TRY_NUMBER='1' AIRFLOW_CTX_DAG_RUN_ID='scheduled__2025-10-19T00:00:00+00:00'
[2025-11-01T20:22:34.293+0000] {crypto.py:82} WARNING - empty cryptography key - values will not be stored encrypted.
[2025-11-01T20:22:34.294+0000] {base.py:83} INFO - Using connection ID 'clickhouse_default' for task execution.
[2025-11-01T20:22:34.303+0000] {python.py:201} INFO - Done. Returned value was: None
[2025-11-01T20:22:34.314+0000] {taskinstance.py:1138} INFO - Marking task as SUCCESS. dag_id=silver_transformation_pipeline, task_id=ensure_bronze_prereqs, execution_date=20251019T000000, start_date=20251101T202234, end_date=20251101T202234
[2025-11-01T20:22:34.336+0000] {local_task_job_runner.py:234} INFO - Task exited with return code 0
[2025-11-01T20:22:34.363+0000] {taskinstance.py:3280} INFO - 3 downstream tasks scheduled from follow-on schedule check
[2025-11-02T01:37:50.213+0000] {taskinstance.py:1956} INFO - Dependencies all met for dep_context=non-requeueable deps ti=<TaskInstance: silver_transformation_pipeline.ensure_bronze_prereqs scheduled__2025-10-19T00:00:00+00:00 [queued]>
[2025-11-02T01:37:50.224+0000] {taskinstance.py:1956} INFO - Dependencies all met for dep_context=requeueable deps ti=<TaskInstance: silver_transformation_pipeline.ensure_bronze_prereqs scheduled__2025-10-19T00:00:00+00:00 [queued]>
[2025-11-02T01:37:50.225+0000] {taskinstance.py:2170} INFO - Starting attempt 1 of 2
[2025-11-02T01:37:50.240+0000] {taskinstance.py:2191} INFO - Executing <Task(PythonOperator): ensure_bronze_prereqs> on 2025-10-19 00:00:00+00:00
[2025-11-02T01:37:50.246+0000] {standard_task_runner.py:60} INFO - Started process 2735 to run task
[2025-11-02T01:37:50.249+0000] {standard_task_runner.py:87} INFO - Running: ['***', 'tasks', 'run', 'silver_transformation_pipeline', 'ensure_bronze_prereqs', 'scheduled__2025-10-19T00:00:00+00:00', '--job-id', '202', '--raw', '--subdir', 'DAGS_FOLDER/silver_dag.py', '--cfg-path', '/tmp/tmpt0_2pgla']
[2025-11-02T01:37:50.252+0000] {standard_task_runner.py:88} INFO - Job 202: Subtask ensure_bronze_prereqs
[2025-11-02T01:37:50.330+0000] {task_command.py:423} INFO - Running <TaskInstance: silver_transformation_pipeline.ensure_bronze_prereqs scheduled__2025-10-19T00:00:00+00:00 [running]> on host 3b0074fa0b5e
[2025-11-02T01:37:50.425+0000] {taskinstance.py:2480} INFO - Exporting env vars: AIRFLOW_CTX_DAG_OWNER='***' AIRFLOW_CTX_DAG_ID='silver_transformation_pipeline' AIRFLOW_CTX_TASK_ID='ensure_bronze_prereqs' AIRFLOW_CTX_EXECUTION_DATE='2025-10-19T00:00:00+00:00' AIRFLOW_CTX_TRY_NUMBER='1' AIRFLOW_CTX_DAG_RUN_ID='scheduled__2025-10-19T00:00:00+00:00'
[2025-11-02T01:37:50.428+0000] {crypto.py:82} WARNING - empty cryptography key - values will not be stored encrypted.
[2025-11-02T01:37:50.430+0000] {base.py:83} INFO - Using connection ID 'clickhouse_default' for task execution.
[2025-11-02T01:37:50.438+0000] {python.py:201} INFO - Done. Returned value was: None
[2025-11-02T01:37:50.451+0000] {taskinstance.py:1138} INFO - Marking task as SUCCESS. dag_id=silver_transformation_pipeline, task_id=ensure_bronze_prereqs, execution_date=20251019T000000, start_date=20251102T013750, end_date=20251102T013750
[2025-11-02T01:37:50.503+0000] {local_task_job_runner.py:234} INFO - Task exited with return code 0
[2025-11-02T01:37:50.525+0000] {taskinstance.py:3280} INFO - 0 downstream tasks scheduled from follow-on schedule check
[2025-11-02T11:33:20.779+0000] {taskinstance.py:1956} INFO - Dependencies all met for dep_context=non-requeueable deps ti=<TaskInstance: silver_transformation_pipeline.ensure_bronze_prereqs scheduled__2025-10-19T00:00:00+00:00 [queued]>
[2025-11-02T11:33:20.789+0000] {taskinstance.py:1956} INFO - Dependencies all met for dep_context=requeueable deps ti=<TaskInstance: silver_transformation_pipeline.ensure_bronze_prereqs scheduled__2025-10-19T00:00:00+00:00 [queued]>
[2025-11-02T11:33:20.790+0000] {taskinstance.py:2170} INFO - Starting attempt 1 of 2
[2025-11-02T11:33:20.808+0000] {taskinstance.py:2191} INFO - Executing <Task(PythonOperator): ensure_bronze_prereqs> on 2025-10-19 00:00:00+00:00
[2025-11-02T11:33:20.816+0000] {standard_task_runner.py:60} INFO - Started process 2905 to run task
[2025-11-02T11:33:20.820+0000] {standard_task_runner.py:87} INFO - Running: ['***', 'tasks', 'run', 'silver_transformation_pipeline', 'ensure_bronze_prereqs', 'scheduled__2025-10-19T00:00:00+00:00', '--job-id', '214', '--raw', '--subdir', 'DAGS_FOLDER/silver_dag.py', '--cfg-path', '/tmp/tmp1koez3ul']
[2025-11-02T11:33:20.823+0000] {standard_task_runner.py:88} INFO - Job 214: Subtask ensure_bronze_prereqs
[2025-11-02T11:33:20.917+0000] {task_command.py:423} INFO - Running <TaskInstance: silver_transformation_pipeline.ensure_bronze_prereqs scheduled__2025-10-19T00:00:00+00:00 [running]> on host 0d39d4365eb9
[2025-11-02T11:33:21.018+0000] {taskinstance.py:2480} INFO - Exporting env vars: AIRFLOW_CTX_DAG_OWNER='***' AIRFLOW_CTX_DAG_ID='silver_transformation_pipeline' AIRFLOW_CTX_TASK_ID='ensure_bronze_prereqs' AIRFLOW_CTX_EXECUTION_DATE='2025-10-19T00:00:00+00:00' AIRFLOW_CTX_TRY_NUMBER='1' AIRFLOW_CTX_DAG_RUN_ID='scheduled__2025-10-19T00:00:00+00:00'
[2025-11-02T11:33:21.022+0000] {crypto.py:82} WARNING - empty cryptography key - values will not be stored encrypted.
[2025-11-02T11:33:21.023+0000] {base.py:83} INFO - Using connection ID 'clickhouse_default' for task execution.
[2025-11-02T11:33:21.032+0000] {python.py:201} INFO - Done. Returned value was: None
[2025-11-02T11:33:21.046+0000] {taskinstance.py:1138} INFO - Marking task as SUCCESS. dag_id=silver_transformation_pipeline, task_id=ensure_bronze_prereqs, execution_date=20251019T000000, start_date=20251102T113320, end_date=20251102T113321
[2025-11-02T11:33:21.075+0000] {local_task_job_runner.py:234} INFO - Task exited with return code 0
[2025-11-02T11:33:21.100+0000] {taskinstance.py:3280} INFO - 3 downstream tasks scheduled from follow-on schedule check
