[2025-11-01T20:14:18.911+0000] {taskinstance.py:1956} INFO - Dependencies all met for dep_context=non-requeueable deps ti=<TaskInstance: silver_transformation_pipeline.ensure_bronze_prereqs scheduled__2025-10-10T00:00:00+00:00 [queued]>
[2025-11-01T20:14:18.922+0000] {taskinstance.py:1956} INFO - Dependencies all met for dep_context=requeueable deps ti=<TaskInstance: silver_transformation_pipeline.ensure_bronze_prereqs scheduled__2025-10-10T00:00:00+00:00 [queued]>
[2025-11-01T20:14:18.923+0000] {taskinstance.py:2170} INFO - Starting attempt 1 of 2
[2025-11-01T20:14:18.938+0000] {taskinstance.py:2191} INFO - Executing <Task(PythonOperator): ensure_bronze_prereqs> on 2025-10-10 00:00:00+00:00
[2025-11-01T20:14:18.946+0000] {standard_task_runner.py:60} INFO - Started process 1725 to run task
[2025-11-01T20:14:18.948+0000] {standard_task_runner.py:87} INFO - Running: ['***', 'tasks', 'run', 'silver_transformation_pipeline', 'ensure_bronze_prereqs', 'scheduled__2025-10-10T00:00:00+00:00', '--job-id', '168', '--raw', '--subdir', 'DAGS_FOLDER/silver_dag.py', '--cfg-path', '/tmp/tmpxgjax3z6']
[2025-11-01T20:14:18.951+0000] {standard_task_runner.py:88} INFO - Job 168: Subtask ensure_bronze_prereqs
[2025-11-01T20:14:19.026+0000] {task_command.py:423} INFO - Running <TaskInstance: silver_transformation_pipeline.ensure_bronze_prereqs scheduled__2025-10-10T00:00:00+00:00 [running]> on host 1a955fda0cfd
[2025-11-01T20:14:19.123+0000] {taskinstance.py:2480} INFO - Exporting env vars: AIRFLOW_CTX_DAG_OWNER='***' AIRFLOW_CTX_DAG_ID='silver_transformation_pipeline' AIRFLOW_CTX_TASK_ID='ensure_bronze_prereqs' AIRFLOW_CTX_EXECUTION_DATE='2025-10-10T00:00:00+00:00' AIRFLOW_CTX_TRY_NUMBER='1' AIRFLOW_CTX_DAG_RUN_ID='scheduled__2025-10-10T00:00:00+00:00'
[2025-11-01T20:14:19.127+0000] {crypto.py:82} WARNING - empty cryptography key - values will not be stored encrypted.
[2025-11-01T20:14:19.129+0000] {base.py:83} INFO - Using connection ID 'clickhouse_default' for task execution.
[2025-11-01T20:14:19.138+0000] {python.py:201} INFO - Done. Returned value was: None
[2025-11-01T20:14:19.149+0000] {taskinstance.py:1138} INFO - Marking task as SUCCESS. dag_id=silver_transformation_pipeline, task_id=ensure_bronze_prereqs, execution_date=20251010T000000, start_date=20251101T201418, end_date=20251101T201419
[2025-11-01T20:14:19.203+0000] {local_task_job_runner.py:234} INFO - Task exited with return code 0
[2025-11-01T20:14:19.235+0000] {taskinstance.py:3280} INFO - 3 downstream tasks scheduled from follow-on schedule check
[2025-11-01T20:21:03.235+0000] {taskinstance.py:1956} INFO - Dependencies all met for dep_context=non-requeueable deps ti=<TaskInstance: silver_transformation_pipeline.ensure_bronze_prereqs scheduled__2025-10-10T00:00:00+00:00 [queued]>
[2025-11-01T20:21:03.243+0000] {taskinstance.py:1956} INFO - Dependencies all met for dep_context=requeueable deps ti=<TaskInstance: silver_transformation_pipeline.ensure_bronze_prereqs scheduled__2025-10-10T00:00:00+00:00 [queued]>
[2025-11-01T20:21:03.244+0000] {taskinstance.py:2170} INFO - Starting attempt 1 of 2
[2025-11-01T20:21:03.259+0000] {taskinstance.py:2191} INFO - Executing <Task(PythonOperator): ensure_bronze_prereqs> on 2025-10-10 00:00:00+00:00
[2025-11-01T20:21:03.266+0000] {standard_task_runner.py:60} INFO - Started process 1388 to run task
[2025-11-01T20:21:03.269+0000] {standard_task_runner.py:87} INFO - Running: ['***', 'tasks', 'run', 'silver_transformation_pipeline', 'ensure_bronze_prereqs', 'scheduled__2025-10-10T00:00:00+00:00', '--job-id', '162', '--raw', '--subdir', 'DAGS_FOLDER/silver_dag.py', '--cfg-path', '/tmp/tmp_33hhied']
[2025-11-01T20:21:03.271+0000] {standard_task_runner.py:88} INFO - Job 162: Subtask ensure_bronze_prereqs
[2025-11-01T20:21:03.353+0000] {task_command.py:423} INFO - Running <TaskInstance: silver_transformation_pipeline.ensure_bronze_prereqs scheduled__2025-10-10T00:00:00+00:00 [running]> on host 6335aa85b335
[2025-11-01T20:21:03.456+0000] {taskinstance.py:2480} INFO - Exporting env vars: AIRFLOW_CTX_DAG_OWNER='***' AIRFLOW_CTX_DAG_ID='silver_transformation_pipeline' AIRFLOW_CTX_TASK_ID='ensure_bronze_prereqs' AIRFLOW_CTX_EXECUTION_DATE='2025-10-10T00:00:00+00:00' AIRFLOW_CTX_TRY_NUMBER='1' AIRFLOW_CTX_DAG_RUN_ID='scheduled__2025-10-10T00:00:00+00:00'
[2025-11-01T20:21:03.460+0000] {crypto.py:82} WARNING - empty cryptography key - values will not be stored encrypted.
[2025-11-01T20:21:03.462+0000] {base.py:83} INFO - Using connection ID 'clickhouse_default' for task execution.
[2025-11-01T20:21:03.472+0000] {python.py:201} INFO - Done. Returned value was: None
[2025-11-01T20:21:03.485+0000] {taskinstance.py:1138} INFO - Marking task as SUCCESS. dag_id=silver_transformation_pipeline, task_id=ensure_bronze_prereqs, execution_date=20251010T000000, start_date=20251101T202103, end_date=20251101T202103
[2025-11-01T20:21:03.523+0000] {local_task_job_runner.py:234} INFO - Task exited with return code 0
[2025-11-01T20:21:03.546+0000] {taskinstance.py:3280} INFO - 3 downstream tasks scheduled from follow-on schedule check
[2025-11-02T01:36:13.642+0000] {taskinstance.py:1956} INFO - Dependencies all met for dep_context=non-requeueable deps ti=<TaskInstance: silver_transformation_pipeline.ensure_bronze_prereqs scheduled__2025-10-10T00:00:00+00:00 [queued]>
[2025-11-02T01:36:13.654+0000] {taskinstance.py:1956} INFO - Dependencies all met for dep_context=requeueable deps ti=<TaskInstance: silver_transformation_pipeline.ensure_bronze_prereqs scheduled__2025-10-10T00:00:00+00:00 [queued]>
[2025-11-02T01:36:13.654+0000] {taskinstance.py:2170} INFO - Starting attempt 1 of 2
[2025-11-02T01:36:13.670+0000] {taskinstance.py:2191} INFO - Executing <Task(PythonOperator): ensure_bronze_prereqs> on 2025-10-10 00:00:00+00:00
[2025-11-02T01:36:13.675+0000] {standard_task_runner.py:60} INFO - Started process 2045 to run task
[2025-11-02T01:36:13.679+0000] {standard_task_runner.py:87} INFO - Running: ['***', 'tasks', 'run', 'silver_transformation_pipeline', 'ensure_bronze_prereqs', 'scheduled__2025-10-10T00:00:00+00:00', '--job-id', '166', '--raw', '--subdir', 'DAGS_FOLDER/silver_dag.py', '--cfg-path', '/tmp/tmpo3v1o_dx']
[2025-11-02T01:36:13.683+0000] {standard_task_runner.py:88} INFO - Job 166: Subtask ensure_bronze_prereqs
[2025-11-02T01:36:13.754+0000] {task_command.py:423} INFO - Running <TaskInstance: silver_transformation_pipeline.ensure_bronze_prereqs scheduled__2025-10-10T00:00:00+00:00 [running]> on host 3b0074fa0b5e
[2025-11-02T01:36:13.851+0000] {taskinstance.py:2480} INFO - Exporting env vars: AIRFLOW_CTX_DAG_OWNER='***' AIRFLOW_CTX_DAG_ID='silver_transformation_pipeline' AIRFLOW_CTX_TASK_ID='ensure_bronze_prereqs' AIRFLOW_CTX_EXECUTION_DATE='2025-10-10T00:00:00+00:00' AIRFLOW_CTX_TRY_NUMBER='1' AIRFLOW_CTX_DAG_RUN_ID='scheduled__2025-10-10T00:00:00+00:00'
[2025-11-02T01:36:13.853+0000] {crypto.py:82} WARNING - empty cryptography key - values will not be stored encrypted.
[2025-11-02T01:36:13.854+0000] {base.py:83} INFO - Using connection ID 'clickhouse_default' for task execution.
[2025-11-02T01:36:13.866+0000] {python.py:201} INFO - Done. Returned value was: None
[2025-11-02T01:36:13.878+0000] {taskinstance.py:1138} INFO - Marking task as SUCCESS. dag_id=silver_transformation_pipeline, task_id=ensure_bronze_prereqs, execution_date=20251010T000000, start_date=20251102T013613, end_date=20251102T013613
[2025-11-02T01:36:13.932+0000] {local_task_job_runner.py:234} INFO - Task exited with return code 0
[2025-11-02T01:36:13.958+0000] {taskinstance.py:3280} INFO - 3 downstream tasks scheduled from follow-on schedule check
[2025-11-02T11:31:23.279+0000] {taskinstance.py:1956} INFO - Dependencies all met for dep_context=non-requeueable deps ti=<TaskInstance: silver_transformation_pipeline.ensure_bronze_prereqs scheduled__2025-10-10T00:00:00+00:00 [queued]>
[2025-11-02T11:31:23.290+0000] {taskinstance.py:1956} INFO - Dependencies all met for dep_context=requeueable deps ti=<TaskInstance: silver_transformation_pipeline.ensure_bronze_prereqs scheduled__2025-10-10T00:00:00+00:00 [queued]>
[2025-11-02T11:31:23.291+0000] {taskinstance.py:2170} INFO - Starting attempt 1 of 2
[2025-11-02T11:31:23.316+0000] {taskinstance.py:2191} INFO - Executing <Task(PythonOperator): ensure_bronze_prereqs> on 2025-10-10 00:00:00+00:00
[2025-11-02T11:31:23.322+0000] {standard_task_runner.py:60} INFO - Started process 2089 to run task
[2025-11-02T11:31:23.326+0000] {standard_task_runner.py:87} INFO - Running: ['***', 'tasks', 'run', 'silver_transformation_pipeline', 'ensure_bronze_prereqs', 'scheduled__2025-10-10T00:00:00+00:00', '--job-id', '174', '--raw', '--subdir', 'DAGS_FOLDER/silver_dag.py', '--cfg-path', '/tmp/tmp_pari4hj']
[2025-11-02T11:31:23.329+0000] {standard_task_runner.py:88} INFO - Job 174: Subtask ensure_bronze_prereqs
[2025-11-02T11:31:23.431+0000] {task_command.py:423} INFO - Running <TaskInstance: silver_transformation_pipeline.ensure_bronze_prereqs scheduled__2025-10-10T00:00:00+00:00 [running]> on host 0d39d4365eb9
[2025-11-02T11:31:23.546+0000] {taskinstance.py:2480} INFO - Exporting env vars: AIRFLOW_CTX_DAG_OWNER='***' AIRFLOW_CTX_DAG_ID='silver_transformation_pipeline' AIRFLOW_CTX_TASK_ID='ensure_bronze_prereqs' AIRFLOW_CTX_EXECUTION_DATE='2025-10-10T00:00:00+00:00' AIRFLOW_CTX_TRY_NUMBER='1' AIRFLOW_CTX_DAG_RUN_ID='scheduled__2025-10-10T00:00:00+00:00'
[2025-11-02T11:31:23.550+0000] {crypto.py:82} WARNING - empty cryptography key - values will not be stored encrypted.
[2025-11-02T11:31:23.551+0000] {base.py:83} INFO - Using connection ID 'clickhouse_default' for task execution.
[2025-11-02T11:31:23.562+0000] {python.py:201} INFO - Done. Returned value was: None
[2025-11-02T11:31:23.576+0000] {taskinstance.py:1138} INFO - Marking task as SUCCESS. dag_id=silver_transformation_pipeline, task_id=ensure_bronze_prereqs, execution_date=20251010T000000, start_date=20251102T113123, end_date=20251102T113123
[2025-11-02T11:31:23.620+0000] {local_task_job_runner.py:234} INFO - Task exited with return code 0
[2025-11-02T11:31:23.646+0000] {taskinstance.py:3280} INFO - 3 downstream tasks scheduled from follow-on schedule check
