[2025-11-01T11:46:07.970+0000] {taskinstance.py:1956} INFO - Dependencies all met for dep_context=non-requeueable deps ti=<TaskInstance: ingestion_pipeline.silver_dbt.dbt_run_incrementals scheduled__2025-10-31T00:00:00+00:00 [queued]>
[2025-11-01T11:46:07.981+0000] {taskinstance.py:1956} INFO - Dependencies all met for dep_context=requeueable deps ti=<TaskInstance: ingestion_pipeline.silver_dbt.dbt_run_incrementals scheduled__2025-10-31T00:00:00+00:00 [queued]>
[2025-11-01T11:46:07.982+0000] {taskinstance.py:2170} INFO - Starting attempt 2 of 2
[2025-11-01T11:46:07.998+0000] {taskinstance.py:2191} INFO - Executing <Task(BashOperator): silver_dbt.dbt_run_incrementals> on 2025-10-31 00:00:00+00:00
[2025-11-01T11:46:08.006+0000] {standard_task_runner.py:60} INFO - Started process 1090 to run task
[2025-11-01T11:46:08.009+0000] {standard_task_runner.py:87} INFO - Running: ['***', 'tasks', 'run', 'ingestion_pipeline', 'silver_dbt.dbt_run_incrementals', 'scheduled__2025-10-31T00:00:00+00:00', '--job-id', '42', '--raw', '--subdir', 'DAGS_FOLDER/ingestion_dag.py', '--cfg-path', '/tmp/tmphfegwjt_']
[2025-11-01T11:46:08.012+0000] {standard_task_runner.py:88} INFO - Job 42: Subtask silver_dbt.dbt_run_incrementals
[2025-11-01T11:46:08.089+0000] {task_command.py:423} INFO - Running <TaskInstance: ingestion_pipeline.silver_dbt.dbt_run_incrementals scheduled__2025-10-31T00:00:00+00:00 [running]> on host 6ac9b46937d1
[2025-11-01T11:46:08.181+0000] {taskinstance.py:2480} INFO - Exporting env vars: AIRFLOW_CTX_DAG_OWNER='***' AIRFLOW_CTX_DAG_ID='ingestion_pipeline' AIRFLOW_CTX_TASK_ID='silver_dbt.dbt_run_incrementals' AIRFLOW_CTX_EXECUTION_DATE='2025-10-31T00:00:00+00:00' AIRFLOW_CTX_TRY_NUMBER='2' AIRFLOW_CTX_DAG_RUN_ID='scheduled__2025-10-31T00:00:00+00:00'
[2025-11-01T11:46:08.184+0000] {subprocess.py:63} INFO - Tmp dir root location: /tmp
[2025-11-01T11:46:08.185+0000] {subprocess.py:75} INFO - Running command: ['/usr/bin/bash', '-c', 'docker exec -i dbt bash -lc \'\nset -euo pipefail\ncd /dbt\n\n# Build vars JSON for the lagged day\nDBT_VARS=$(python - <<"PY"\nfrom datetime import datetime, timedelta\nimport json\nds = "2025-10-31"\nlag_days = 0\nlagged = (datetime.strptime(ds, "%Y-%m-%d") - timedelta(days=lag_days)).strftime("%Y-%m-%d")\nprint(json.dumps({"ds_lagged": lagged}))\nPY\n)\necho "dbt vars => ${DBT_VARS}"\n\n# 1) Always compile so we have files to inspect on failure\ndbt --no-use-colors compile --profiles-dir /dbt --select silver_payments silver_link_transactions --vars "${DBT_VARS}"\n\n# 2) Run; if it fails, print compiled SQL + last 200 log lines\nset +e\ndbt --no-use-colors run --profiles-dir /dbt --select silver_payments silver_link_transactions --vars "${DBT_VARS}" --debug\nstatus=$?\nif [ $status -ne 0 ]; then\n  echo \'---- COMPILED SQL: silver_payments ----\'\n  cat target/compiled/*/models/silver/silver_payments.sql 2>/dev/null || true\n  echo \'---- COMPILED SQL: silver_link_transactions ----\'\n  cat target/compiled/*/models/silver/silver_link_transactions.sql 2>/dev/null || true\n  echo \'---- LAST 200 LINES OF logs/dbt.log ----\'\n  tail -n 200 logs/dbt.log 2>/dev/null || true\n  exit $status\nfi\n\'']
[2025-11-01T11:46:08.195+0000] {subprocess.py:86} INFO - Output:
[2025-11-01T11:46:08.339+0000] {subprocess.py:93} INFO - dbt vars => {"ds_lagged": "2025-10-31"}
[2025-11-01T11:46:10.710+0000] {subprocess.py:93} INFO - 11:46:10  Running with dbt=1.10.13
[2025-11-01T11:46:11.120+0000] {subprocess.py:93} INFO - 11:46:11  Registered adapter: clickhouse=1.9.5
[2025-11-01T11:46:11.434+0000] {subprocess.py:93} INFO - 11:46:11  Unable to do partial parsing because config vars, config profile, or config target have changed
[2025-11-01T11:46:13.818+0000] {subprocess.py:93} INFO - 11:46:13  Found 3 models, 3 sources, 491 macros
[2025-11-01T11:46:13.824+0000] {subprocess.py:93} INFO - 11:46:13
[2025-11-01T11:46:13.826+0000] {subprocess.py:93} INFO - 11:46:13  Concurrency: 4 threads (target='dev')
[2025-11-01T11:46:13.829+0000] {subprocess.py:93} INFO - 11:46:13
[2025-11-01T11:46:14.368+0000] {subprocess.py:93} INFO - Compiled node 'silver_payments' is:
[2025-11-01T11:46:14.369+0000] {subprocess.py:93} INFO - 
[2025-11-01T11:46:14.370+0000] {subprocess.py:93} INFO - 
[2025-11-01T11:46:14.371+0000] {subprocess.py:93} INFO - 
[2025-11-01T11:46:14.376+0000] {subprocess.py:93} INFO - 
[2025-11-01T11:46:14.377+0000] {subprocess.py:93} INFO - with raw as (
[2025-11-01T11:46:14.378+0000] {subprocess.py:93} INFO -     select
[2025-11-01T11:46:14.378+0000] {subprocess.py:93} INFO -         -- Cast IDs defensively
[2025-11-01T11:46:14.379+0000] {subprocess.py:93} INFO -         toUInt64OrNull(id)           as payment_id,
[2025-11-01T11:46:14.380+0000] {subprocess.py:93} INFO -         toUInt64OrNull(merchant_id)  as merchant_id,
[2025-11-01T11:46:14.380+0000] {subprocess.py:93} INFO -         toUInt64OrNull(acquirer_id)  as acquirer_id,
[2025-11-01T11:46:14.381+0000] {subprocess.py:93} INFO - 
[2025-11-01T11:46:14.382+0000] {subprocess.py:93} INFO - 
[2025-11-01T11:46:14.382+0000] {subprocess.py:93} INFO -         -- Strings only; avoid optional JSON columns for now
[2025-11-01T11:46:14.383+0000] {subprocess.py:93} INFO -         toLowCardinality(state)      as state,
[2025-11-01T11:46:14.384+0000] {subprocess.py:93} INFO -         toLowCardinality(card_type)  as card_type,
[2025-11-01T11:46:14.386+0000] {subprocess.py:93} INFO -         reference,
[2025-11-01T11:46:14.387+0000] {subprocess.py:93} INFO -         order_reference,
[2025-11-01T11:46:14.388+0000] {subprocess.py:93} INFO - 
[2025-11-01T11:46:14.389+0000] {subprocess.py:93} INFO - 
[2025-11-01T11:46:14.390+0000] {subprocess.py:93} INFO -         -- Normalize timestamps to string first
[2025-11-01T11:46:14.391+0000] {subprocess.py:93} INFO -         case
[2025-11-01T11:46:14.393+0000] {subprocess.py:93} INFO -             when toTypeName(created_at) like 'String%' then replaceRegexpAll(created_at, '\\s+UTC$', '')
[2025-11-01T11:46:14.394+0000] {subprocess.py:93} INFO -             else toString(created_at)
[2025-11-01T11:46:14.395+0000] {subprocess.py:93} INFO -         end as created_at_str,
[2025-11-01T11:46:14.398+0000] {subprocess.py:93} INFO - 
[2025-11-01T11:46:14.399+0000] {subprocess.py:93} INFO - 
[2025-11-01T11:46:14.401+0000] {subprocess.py:93} INFO -         case
[2025-11-01T11:46:14.404+0000] {subprocess.py:93} INFO -             when toTypeName(updated_at) like 'String%' then replaceRegexpAll(updated_at, '\\s+UTC$', '')
[2025-11-01T11:46:14.406+0000] {subprocess.py:93} INFO -             else toString(updated_at)
[2025-11-01T11:46:14.409+0000] {subprocess.py:93} INFO -         end as updated_at_str
[2025-11-01T11:46:14.410+0000] {subprocess.py:93} INFO -     from `bronze`.`payments`
[2025-11-01T11:46:14.411+0000] {subprocess.py:93} INFO - ),
[2025-11-01T11:46:14.412+0000] {subprocess.py:93} INFO - 
[2025-11-01T11:46:14.417+0000] {subprocess.py:93} INFO - 
[2025-11-01T11:46:14.418+0000] {subprocess.py:93} INFO - src as (
[2025-11-01T11:46:14.420+0000] {subprocess.py:93} INFO -     select
[2025-11-01T11:46:14.420+0000] {subprocess.py:93} INFO -         payment_id,
[2025-11-01T11:46:14.421+0000] {subprocess.py:93} INFO -         merchant_id,
[2025-11-01T11:46:14.429+0000] {subprocess.py:93} INFO -         acquirer_id,
[2025-11-01T11:46:14.429+0000] {subprocess.py:93} INFO -         state,
[2025-11-01T11:46:14.430+0000] {subprocess.py:93} INFO -         card_type,
[2025-11-01T11:46:14.430+0000] {subprocess.py:93} INFO -         reference,
[2025-11-01T11:46:14.431+0000] {subprocess.py:93} INFO -         order_reference,
[2025-11-01T11:46:14.431+0000] {subprocess.py:93} INFO -         parseDateTime64BestEffortOrNull(created_at_str, 6, 'UTC') as created_at,
[2025-11-01T11:46:14.432+0000] {subprocess.py:93} INFO -         parseDateTime64BestEffortOrNull(updated_at_str, 6, 'UTC') as updated_at
[2025-11-01T11:46:14.432+0000] {subprocess.py:93} INFO -     from raw
[2025-11-01T11:46:14.432+0000] {subprocess.py:93} INFO - ),
[2025-11-01T11:46:14.433+0000] {subprocess.py:93} INFO - 
[2025-11-01T11:46:14.433+0000] {subprocess.py:93} INFO - 
[2025-11-01T11:46:14.434+0000] {subprocess.py:93} INFO - ranked as (
[2025-11-01T11:46:14.434+0000] {subprocess.py:93} INFO -     select
[2025-11-01T11:46:14.439+0000] {subprocess.py:93} INFO -         *,
[2025-11-01T11:46:14.440+0000] {subprocess.py:93} INFO -         row_number() over (
[2025-11-01T11:46:14.441+0000] {subprocess.py:93} INFO -             partition by payment_id
[2025-11-01T11:46:14.443+0000] {subprocess.py:93} INFO -             order by
[2025-11-01T11:46:14.445+0000] {subprocess.py:93} INFO -                 coalesce(updated_at, toDateTime64('1970-01-01 00:00:00', 6, 'UTC')) desc,
[2025-11-01T11:46:14.446+0000] {subprocess.py:93} INFO -                 coalesce(created_at, toDateTime64('1970-01-01 00:00:00', 6, 'UTC')) desc
[2025-11-01T11:46:14.446+0000] {subprocess.py:93} INFO -         ) as rn
[2025-11-01T11:46:14.447+0000] {subprocess.py:93} INFO -     from src
[2025-11-01T11:46:14.447+0000] {subprocess.py:93} INFO - )
[2025-11-01T11:46:14.447+0000] {subprocess.py:93} INFO - 
[2025-11-01T11:46:14.448+0000] {subprocess.py:93} INFO - 
[2025-11-01T11:46:14.448+0000] {subprocess.py:93} INFO - select
[2025-11-01T11:46:14.449+0000] {subprocess.py:93} INFO -     payment_id,
[2025-11-01T11:46:14.449+0000] {subprocess.py:93} INFO -     merchant_id,
[2025-11-01T11:46:14.453+0000] {subprocess.py:93} INFO -     acquirer_id,
[2025-11-01T11:46:14.458+0000] {subprocess.py:93} INFO -     state,
[2025-11-01T11:46:14.459+0000] {subprocess.py:93} INFO -     card_type,
[2025-11-01T11:46:14.460+0000] {subprocess.py:93} INFO -     reference,
[2025-11-01T11:46:14.460+0000] {subprocess.py:93} INFO -     order_reference,
[2025-11-01T11:46:14.461+0000] {subprocess.py:93} INFO -     created_at,
[2025-11-01T11:46:14.461+0000] {subprocess.py:93} INFO -     updated_at,
[2025-11-01T11:46:14.462+0000] {subprocess.py:93} INFO -     toDate(created_at) as data_date
[2025-11-01T11:46:14.463+0000] {subprocess.py:93} INFO - from ranked
[2025-11-01T11:46:14.463+0000] {subprocess.py:93} INFO - where rn = 1
[2025-11-01T11:46:14.464+0000] {subprocess.py:93} INFO - 
[2025-11-01T11:46:18.741+0000] {subprocess.py:93} INFO - 11:46:18  Sending event: {'category': 'dbt', 'action': 'invocation', 'label': 'start', 'context': [<snowplow_tracker.self_describing_json.SelfDescribingJson object at 0x76776ba82090>, <snowplow_tracker.self_describing_json.SelfDescribingJson object at 0x76776ba82450>, <snowplow_tracker.self_describing_json.SelfDescribingJson object at 0x76776ba81ad0>]}
[2025-11-01T11:46:18.743+0000] {subprocess.py:93} INFO - 11:46:18  Running with dbt=1.10.13
[2025-11-01T11:46:18.746+0000] {subprocess.py:93} INFO - 11:46:18  running dbt with arguments {'send_anonymous_usage_stats': 'True', 'warn_error_options': 'WarnErrorOptionsV2(error=[], warn=[], silence=[])', 'target_path': 'None', 'fail_fast': 'False', 'profiles_dir': '/dbt', 'version_check': 'True', 'write_json': 'True', 'log_path': '/dbt/logs', 'quiet': 'False', 'use_colors': 'False', 'log_format': 'default', 'no_print': 'None', 'log_cache_events': 'False', 'cache_selected_only': 'False', 'introspect': 'True', 'indirect_selection': 'eager', 'debug': 'True', 'warn_error': 'None', 'invocation_command': 'dbt --no-use-colors run --profiles-dir /dbt --select silver_payments silver_link_transactions --vars {"ds_lagged": "2025-10-31"} --debug', 'use_experimental_parser': 'False', 'partial_parse': 'True', 'empty': 'False', 'printer_width': '80', 'static_parser': 'True'}
[2025-11-01T11:46:19.037+0000] {subprocess.py:93} INFO - 11:46:19  Sending event: {'category': 'dbt', 'action': 'project_id', 'label': '6e0a8a3a-5a73-48b3-8057-b1bdb0e8f617', 'context': [<snowplow_tracker.self_describing_json.SelfDescribingJson object at 0x76776b6e4c90>]}
[2025-11-01T11:46:19.133+0000] {subprocess.py:93} INFO - 11:46:19  Sending event: {'category': 'dbt', 'action': 'adapter_info', 'label': '6e0a8a3a-5a73-48b3-8057-b1bdb0e8f617', 'context': [<snowplow_tracker.self_describing_json.SelfDescribingJson object at 0x76776bff4ed0>]}
[2025-11-01T11:46:19.136+0000] {subprocess.py:93} INFO - 11:46:19  Registered adapter: clickhouse=1.9.5
[2025-11-01T11:46:19.255+0000] {subprocess.py:93} INFO - 11:46:19  checksum: 92326f156e963d5b8fc308cf67d16ed2ce2de0ba79f4b84cfd870d188615851c, vars: {'ds_lagged': '2025-10-31'}, profile: , target: , version: 1.10.13
[2025-11-01T11:46:19.382+0000] {subprocess.py:93} INFO - 11:46:19  Unable to do partial parsing because config vars, config profile, or config target have changed
[2025-11-01T11:46:19.384+0000] {subprocess.py:93} INFO - 11:46:19  previous checksum: 92326f156e963d5b8fc308cf67d16ed2ce2de0ba79f4b84cfd870d188615851c, current checksum: 01367b6dc74f82c3c56a5d9124fd6e2c1ef579c424ecde032d4bb44f43a56825
[2025-11-01T11:46:19.386+0000] {subprocess.py:93} INFO - 11:46:19  Sending event: {'category': 'dbt', 'action': 'partial_parser', 'label': '6e0a8a3a-5a73-48b3-8057-b1bdb0e8f617', 'context': [<snowplow_tracker.self_describing_json.SelfDescribingJson object at 0x76776bfe17d0>]}
[2025-11-01T11:46:21.334+0000] {subprocess.py:93} INFO - 11:46:21  Sending event: {'category': 'dbt', 'action': 'load_project', 'label': '6e0a8a3a-5a73-48b3-8057-b1bdb0e8f617', 'context': [<snowplow_tracker.self_describing_json.SelfDescribingJson object at 0x76776b522cd0>]}
[2025-11-01T11:46:21.451+0000] {subprocess.py:93} INFO - 11:46:21  Wrote artifact WritableManifest to /dbt/target/manifest.json
[2025-11-01T11:46:21.459+0000] {subprocess.py:93} INFO - 11:46:21  Wrote artifact SemanticManifest to /dbt/target/semantic_manifest.json
[2025-11-01T11:46:21.489+0000] {subprocess.py:93} INFO - 11:46:21  Sending event: {'category': 'dbt', 'action': 'resource_counts', 'label': '6e0a8a3a-5a73-48b3-8057-b1bdb0e8f617', 'context': [<snowplow_tracker.self_describing_json.SelfDescribingJson object at 0x76776a362d10>]}
[2025-11-01T11:46:21.491+0000] {subprocess.py:93} INFO - 11:46:21  Found 3 models, 3 sources, 491 macros
[2025-11-01T11:46:21.493+0000] {subprocess.py:93} INFO - 11:46:21  Sending event: {'category': 'dbt', 'action': 'runnable_timing', 'label': '6e0a8a3a-5a73-48b3-8057-b1bdb0e8f617', 'context': [<snowplow_tracker.self_describing_json.SelfDescribingJson object at 0x76776b527850>]}
[2025-11-01T11:46:21.498+0000] {subprocess.py:93} INFO - 11:46:21
[2025-11-01T11:46:21.500+0000] {subprocess.py:93} INFO - 11:46:21  Concurrency: 4 threads (target='dev')
[2025-11-01T11:46:21.502+0000] {subprocess.py:93} INFO - 11:46:21
[2025-11-01T11:46:21.504+0000] {subprocess.py:93} INFO - 11:46:21  Acquiring new clickhouse connection 'master'
[2025-11-01T11:46:21.515+0000] {subprocess.py:93} INFO - 11:46:21  Acquiring new clickhouse connection 'list_'
[2025-11-01T11:46:21.527+0000] {subprocess.py:93} INFO - 11:46:21  Opening a new connection, currently in state init
[2025-11-01T11:46:21.759+0000] {subprocess.py:93} INFO - 11:46:21  dbt_clickhouse adapter: On list_: /* {"app": "dbt", "dbt_version": "1.10.13", "profile_name": "ck_project", "target_name": "dev", "connection_name": "list_"} */
[2025-11-01T11:46:21.760+0000] {subprocess.py:93} INFO - 
[2025-11-01T11:46:21.760+0000] {subprocess.py:93} INFO -     select name from system.databases
[2025-11-01T11:46:21.761+0000] {subprocess.py:93} INFO -   ...
[2025-11-01T11:46:21.765+0000] {subprocess.py:93} INFO - 11:46:21  dbt_clickhouse adapter: SQL status: OK in 0.00 seconds
[2025-11-01T11:46:21.809+0000] {subprocess.py:93} INFO - 11:46:21  Re-using an available connection from the pool (formerly list_, now list__silver)
[2025-11-01T11:46:21.823+0000] {subprocess.py:93} INFO - 11:46:21  dbt_clickhouse adapter: On list__silver: /* {"app": "dbt", "dbt_version": "1.10.13", "profile_name": "ck_project", "target_name": "dev", "connection_name": "list__silver"} */
[2025-11-01T11:46:21.825+0000] {subprocess.py:93} INFO - select
[2025-11-01T11:46:21.825+0000] {subprocess.py:93} INFO -       t.name as name,
[2025-11-01T11:46:21.826+0000] {subprocess.py:93} INFO -       t.database as schema,
[2025-11-01T11:46:21.827+0000] {subprocess.py:93} INFO -       multiIf(
[2025-11-01T11:46:21.827+0000] {subprocess.py:93} INFO -         engine in ('MaterializedView', 'View'), 'view',
[2025-11-01T11:46:21.828+0000] {subprocess.py:93} INFO -         engine = 'Dictionary', 'dictionary',
[2025-11-01T11:46:21.828+0000] {subprocess.py:93} INFO -         'table'
[2025-11-01T11:46:21.829+0000] {subprocess.py:93} INFO -       ) as type,
[2025-11-01T11:46:21.830+0000] {subprocess.py:93} INFO -       db.engine as db_engine,0 as is_on_cluster
[2025-11-01T11:46:21.830+0000] {subprocess.py:93} INFO -           from system.tables as t join system.databases as db on t.database = db.name
[2025-11-01T11:46:21.831+0000] {subprocess.py:93} INFO -         where schema = 'silver'
[2025-11-01T11:46:21.831+0000] {subprocess.py:93} INFO - 
[2025-11-01T11:46:21.832+0000] {subprocess.py:93} INFO - 
[2025-11-01T11:46:21.832+0000] {subprocess.py:93} INFO -   ...
[2025-11-01T11:46:21.833+0000] {subprocess.py:93} INFO - 11:46:21  dbt_clickhouse adapter: SQL status: OK in 0.01 seconds
[2025-11-01T11:46:21.835+0000] {subprocess.py:93} INFO - 11:46:21  Sending event: {'category': 'dbt', 'action': 'runnable_timing', 'label': '6e0a8a3a-5a73-48b3-8057-b1bdb0e8f617', 'context': [<snowplow_tracker.self_describing_json.SelfDescribingJson object at 0x76776a473990>]}
[2025-11-01T11:46:21.841+0000] {subprocess.py:93} INFO - 11:46:21  Began running node model.ck_project.silver_link_transactions
[2025-11-01T11:46:21.843+0000] {subprocess.py:93} INFO - 11:46:21  Began running node model.ck_project.silver_payments
[2025-11-01T11:46:21.845+0000] {subprocess.py:93} INFO - 11:46:21  1 of 2 START sql incremental model `silver`.`silver_link_transactions` ......... [RUN]
[2025-11-01T11:46:21.847+0000] {subprocess.py:93} INFO - 11:46:21  2 of 2 START sql incremental model `silver`.`silver_payments` .................. [RUN]
[2025-11-01T11:46:21.849+0000] {subprocess.py:93} INFO - 11:46:21  Re-using an available connection from the pool (formerly list__silver, now model.ck_project.silver_link_transactions)
[2025-11-01T11:46:21.853+0000] {subprocess.py:93} INFO - 11:46:21  Acquiring new clickhouse connection 'model.ck_project.silver_payments'
[2025-11-01T11:46:21.855+0000] {subprocess.py:93} INFO - 11:46:21  Began compiling node model.ck_project.silver_link_transactions
[2025-11-01T11:46:21.857+0000] {subprocess.py:93} INFO - 11:46:21  Began compiling node model.ck_project.silver_payments
[2025-11-01T11:46:21.874+0000] {subprocess.py:93} INFO - 11:46:21  Writing injected SQL for node "model.ck_project.silver_link_transactions"
[2025-11-01T11:46:21.884+0000] {subprocess.py:93} INFO - 11:46:21  Writing injected SQL for node "model.ck_project.silver_payments"
[2025-11-01T11:46:21.894+0000] {subprocess.py:93} INFO - 11:46:21  Began executing node model.ck_project.silver_link_transactions
[2025-11-01T11:46:21.896+0000] {subprocess.py:93} INFO - 11:46:21  Began executing node model.ck_project.silver_payments
[2025-11-01T11:46:22.056+0000] {subprocess.py:93} INFO - 11:46:22  Compilation Error in model silver_link_transactions (models/silver/silver_link_transactions.sql)
[2025-11-01T11:46:22.057+0000] {subprocess.py:93} INFO -   macro 'dbt_macro__clickhouse__create_table_as' takes not more than 2 argument(s)
[2025-11-01T11:46:22.058+0000] {subprocess.py:93} INFO - 
[2025-11-01T11:46:22.058+0000] {subprocess.py:93} INFO -   > in macro create_table_as (macros/relations/table/create.sql)
[2025-11-01T11:46:22.059+0000] {subprocess.py:93} INFO -   > called by macro default__get_create_table_as_sql (macros/relations/table/create.sql)
[2025-11-01T11:46:22.059+0000] {subprocess.py:93} INFO -   > called by macro get_create_table_as_sql (macros/relations/table/create.sql)
[2025-11-01T11:46:22.060+0000] {subprocess.py:93} INFO -   > called by macro statement (macros/etc/statement.sql)
[2025-11-01T11:46:22.061+0000] {subprocess.py:93} INFO -   > called by macro materialization_incremental_clickhouse (macros/materializations/incremental/incremental.sql)
[2025-11-01T11:46:22.062+0000] {subprocess.py:93} INFO -   > called by model silver_link_transactions (models/silver/silver_link_transactions.sql)
[2025-11-01T11:46:22.062+0000] {subprocess.py:93} INFO - 11:46:22  Compilation Error in model silver_payments (models/silver/silver_payments.sql)
[2025-11-01T11:46:22.063+0000] {subprocess.py:93} INFO -   macro 'dbt_macro__clickhouse__create_table_as' takes not more than 2 argument(s)
[2025-11-01T11:46:22.064+0000] {subprocess.py:93} INFO - 
[2025-11-01T11:46:22.064+0000] {subprocess.py:93} INFO -   > in macro create_table_as (macros/relations/table/create.sql)
[2025-11-01T11:46:22.065+0000] {subprocess.py:93} INFO -   > called by macro default__get_create_table_as_sql (macros/relations/table/create.sql)
[2025-11-01T11:46:22.066+0000] {subprocess.py:93} INFO -   > called by macro get_create_table_as_sql (macros/relations/table/create.sql)
[2025-11-01T11:46:22.066+0000] {subprocess.py:93} INFO -   > called by macro statement (macros/etc/statement.sql)
[2025-11-01T11:46:22.067+0000] {subprocess.py:93} INFO -   > called by macro materialization_incremental_clickhouse (macros/materializations/incremental/incremental.sql)
[2025-11-01T11:46:22.067+0000] {subprocess.py:93} INFO -   > called by model silver_payments (models/silver/silver_payments.sql)
[2025-11-01T11:46:22.068+0000] {subprocess.py:93} INFO - 11:46:22  Sending event: {'category': 'dbt', 'action': 'run_model', 'label': '6e0a8a3a-5a73-48b3-8057-b1bdb0e8f617', 'context': [<snowplow_tracker.self_describing_json.SelfDescribingJson object at 0x76776b34d8d0>]}
[2025-11-01T11:46:22.068+0000] {subprocess.py:93} INFO - 11:46:22  Sending event: {'category': 'dbt', 'action': 'run_model', 'label': '6e0a8a3a-5a73-48b3-8057-b1bdb0e8f617', 'context': [<snowplow_tracker.self_describing_json.SelfDescribingJson object at 0x7677680fbfd0>]}
[2025-11-01T11:46:22.069+0000] {subprocess.py:93} INFO - 11:46:22  1 of 2 ERROR creating sql incremental model `silver`.`silver_link_transactions`  [ERROR in 0.21s]
[2025-11-01T11:46:22.070+0000] {subprocess.py:93} INFO - 11:46:22  2 of 2 ERROR creating sql incremental model `silver`.`silver_payments` ......... [ERROR in 0.21s]
[2025-11-01T11:46:22.074+0000] {subprocess.py:93} INFO - 11:46:22  Finished running node model.ck_project.silver_link_transactions
[2025-11-01T11:46:22.076+0000] {subprocess.py:93} INFO - 11:46:22  Finished running node model.ck_project.silver_payments
[2025-11-01T11:46:22.079+0000] {subprocess.py:93} INFO - 11:46:22  Marking all children of 'model.ck_project.silver_link_transactions' to be skipped because of status 'error'.  Reason: Compilation Error in model silver_link_transactions (models/silver/silver_link_transactions.sql)
[2025-11-01T11:46:22.080+0000] {subprocess.py:93} INFO -   macro 'dbt_macro__clickhouse__create_table_as' takes not more than 2 argument(s)
[2025-11-01T11:46:22.080+0000] {subprocess.py:93} INFO - 
[2025-11-01T11:46:22.081+0000] {subprocess.py:93} INFO -   > in macro create_table_as (macros/relations/table/create.sql)
[2025-11-01T11:46:22.082+0000] {subprocess.py:93} INFO -   > called by macro default__get_create_table_as_sql (macros/relations/table/create.sql)
[2025-11-01T11:46:22.083+0000] {subprocess.py:93} INFO -   > called by macro get_create_table_as_sql (macros/relations/table/create.sql)
[2025-11-01T11:46:22.089+0000] {subprocess.py:93} INFO -   > called by macro statement (macros/etc/statement.sql)
[2025-11-01T11:46:22.090+0000] {subprocess.py:93} INFO -   > called by macro materialization_incremental_clickhouse (macros/materializations/incremental/incremental.sql)
[2025-11-01T11:46:22.091+0000] {subprocess.py:93} INFO -   > called by model silver_link_transactions (models/silver/silver_link_transactions.sql).
[2025-11-01T11:46:22.092+0000] {subprocess.py:93} INFO - 11:46:22  Marking all children of 'model.ck_project.silver_payments' to be skipped because of status 'error'.  Reason: Compilation Error in model silver_payments (models/silver/silver_payments.sql)
[2025-11-01T11:46:22.093+0000] {subprocess.py:93} INFO -   macro 'dbt_macro__clickhouse__create_table_as' takes not more than 2 argument(s)
[2025-11-01T11:46:22.093+0000] {subprocess.py:93} INFO - 
[2025-11-01T11:46:22.094+0000] {subprocess.py:93} INFO -   > in macro create_table_as (macros/relations/table/create.sql)
[2025-11-01T11:46:22.095+0000] {subprocess.py:93} INFO -   > called by macro default__get_create_table_as_sql (macros/relations/table/create.sql)
[2025-11-01T11:46:22.096+0000] {subprocess.py:93} INFO -   > called by macro get_create_table_as_sql (macros/relations/table/create.sql)
[2025-11-01T11:46:22.096+0000] {subprocess.py:93} INFO -   > called by macro statement (macros/etc/statement.sql)
[2025-11-01T11:46:22.097+0000] {subprocess.py:93} INFO -   > called by macro materialization_incremental_clickhouse (macros/materializations/incremental/incremental.sql)
[2025-11-01T11:46:22.097+0000] {subprocess.py:93} INFO -   > called by model silver_payments (models/silver/silver_payments.sql).
[2025-11-01T11:46:22.098+0000] {subprocess.py:93} INFO - 11:46:22  Connection 'master' was properly closed.
[2025-11-01T11:46:22.099+0000] {subprocess.py:93} INFO - 11:46:22  Connection 'model.ck_project.silver_link_transactions' was left open.
[2025-11-01T11:46:22.099+0000] {subprocess.py:93} INFO - 11:46:22  On model.ck_project.silver_link_transactions: Close
[2025-11-01T11:46:22.100+0000] {subprocess.py:93} INFO - 11:46:22  Connection 'model.ck_project.silver_payments' was properly closed.
[2025-11-01T11:46:22.100+0000] {subprocess.py:93} INFO - 11:46:22
[2025-11-01T11:46:22.101+0000] {subprocess.py:93} INFO - 11:46:22  Finished running 2 incremental models in 0 hours 0 minutes and 0.59 seconds (0.59s).
[2025-11-01T11:46:22.102+0000] {subprocess.py:93} INFO - 11:46:22  Command end result
[2025-11-01T11:46:22.151+0000] {subprocess.py:93} INFO - 11:46:22  Wrote artifact WritableManifest to /dbt/target/manifest.json
[2025-11-01T11:46:22.161+0000] {subprocess.py:93} INFO - 11:46:22  Wrote artifact SemanticManifest to /dbt/target/semantic_manifest.json
[2025-11-01T11:46:22.181+0000] {subprocess.py:93} INFO - 11:46:22  Wrote artifact RunExecutionResult to /dbt/target/run_results.json
[2025-11-01T11:46:22.182+0000] {subprocess.py:93} INFO - 11:46:22
[2025-11-01T11:46:22.184+0000] {subprocess.py:93} INFO - 11:46:22  Completed with 2 errors, 0 partial successes, and 0 warnings:
[2025-11-01T11:46:22.186+0000] {subprocess.py:93} INFO - 11:46:22
[2025-11-01T11:46:22.191+0000] {subprocess.py:93} INFO - 11:46:22  Failure in model silver_link_transactions (models/silver/silver_link_transactions.sql)
[2025-11-01T11:46:22.193+0000] {subprocess.py:93} INFO - 11:46:22    Compilation Error in model silver_link_transactions (models/silver/silver_link_transactions.sql)
[2025-11-01T11:46:22.194+0000] {subprocess.py:93} INFO -   macro 'dbt_macro__clickhouse__create_table_as' takes not more than 2 argument(s)
[2025-11-01T11:46:22.197+0000] {subprocess.py:93} INFO - 
[2025-11-01T11:46:22.198+0000] {subprocess.py:93} INFO -   > in macro create_table_as (macros/relations/table/create.sql)
[2025-11-01T11:46:22.199+0000] {subprocess.py:93} INFO -   > called by macro default__get_create_table_as_sql (macros/relations/table/create.sql)
[2025-11-01T11:46:22.199+0000] {subprocess.py:93} INFO -   > called by macro get_create_table_as_sql (macros/relations/table/create.sql)
[2025-11-01T11:46:22.200+0000] {subprocess.py:93} INFO -   > called by macro statement (macros/etc/statement.sql)
[2025-11-01T11:46:22.200+0000] {subprocess.py:93} INFO -   > called by macro materialization_incremental_clickhouse (macros/materializations/incremental/incremental.sql)
[2025-11-01T11:46:22.201+0000] {subprocess.py:93} INFO -   > called by model silver_link_transactions (models/silver/silver_link_transactions.sql)
[2025-11-01T11:46:22.202+0000] {subprocess.py:93} INFO - 11:46:22
[2025-11-01T11:46:22.202+0000] {subprocess.py:93} INFO - 11:46:22    compiled code at target/compiled/ck_project/models/silver/silver_link_transactions.sql
[2025-11-01T11:46:22.203+0000] {subprocess.py:93} INFO - 11:46:22
[2025-11-01T11:46:22.204+0000] {subprocess.py:93} INFO - 11:46:22  Failure in model silver_payments (models/silver/silver_payments.sql)
[2025-11-01T11:46:22.206+0000] {subprocess.py:93} INFO - 11:46:22    Compilation Error in model silver_payments (models/silver/silver_payments.sql)
[2025-11-01T11:46:22.207+0000] {subprocess.py:93} INFO -   macro 'dbt_macro__clickhouse__create_table_as' takes not more than 2 argument(s)
[2025-11-01T11:46:22.208+0000] {subprocess.py:93} INFO - 
[2025-11-01T11:46:22.208+0000] {subprocess.py:93} INFO -   > in macro create_table_as (macros/relations/table/create.sql)
[2025-11-01T11:46:22.209+0000] {subprocess.py:93} INFO -   > called by macro default__get_create_table_as_sql (macros/relations/table/create.sql)
[2025-11-01T11:46:22.210+0000] {subprocess.py:93} INFO -   > called by macro get_create_table_as_sql (macros/relations/table/create.sql)
[2025-11-01T11:46:22.210+0000] {subprocess.py:93} INFO -   > called by macro statement (macros/etc/statement.sql)
[2025-11-01T11:46:22.211+0000] {subprocess.py:93} INFO -   > called by macro materialization_incremental_clickhouse (macros/materializations/incremental/incremental.sql)
[2025-11-01T11:46:22.217+0000] {subprocess.py:93} INFO -   > called by model silver_payments (models/silver/silver_payments.sql)
[2025-11-01T11:46:22.217+0000] {subprocess.py:93} INFO - 11:46:22
[2025-11-01T11:46:22.218+0000] {subprocess.py:93} INFO - 11:46:22    compiled code at target/compiled/ck_project/models/silver/silver_payments.sql
[2025-11-01T11:46:22.218+0000] {subprocess.py:93} INFO - 11:46:22
[2025-11-01T11:46:22.218+0000] {subprocess.py:93} INFO - 11:46:22  Done. PASS=0 WARN=0 ERROR=2 SKIP=0 NO-OP=0 TOTAL=2
[2025-11-01T11:46:22.220+0000] {subprocess.py:93} INFO - 11:46:22  Resource report: {"command_name": "run", "command_success": false, "command_wall_clock_time": 3.6692715, "process_in_blocks": "0", "process_kernel_time": 0.582712, "process_mem_max_rss": "148836", "process_out_blocks": "0", "process_user_time": 5.750765}
[2025-11-01T11:46:22.222+0000] {subprocess.py:93} INFO - 11:46:22  Command `dbt run` failed at 11:46:22.220034 after 3.67 seconds
[2025-11-01T11:46:22.224+0000] {subprocess.py:93} INFO - 11:46:22  Sending event: {'category': 'dbt', 'action': 'invocation', 'label': 'end', 'context': [<snowplow_tracker.self_describing_json.SelfDescribingJson object at 0x76776b8e73d0>, <snowplow_tracker.self_describing_json.SelfDescribingJson object at 0x76776b8e6a90>, <snowplow_tracker.self_describing_json.SelfDescribingJson object at 0x76776ba83c50>]}
[2025-11-01T11:46:22.226+0000] {subprocess.py:93} INFO - 11:46:22  Flushing usage events
[2025-11-01T11:46:22.738+0000] {subprocess.py:93} INFO - 11:46:22  An error was encountered while trying to flush usage events
[2025-11-01T11:46:23.169+0000] {subprocess.py:93} INFO - COMPILED: -c: line 26: syntax error: unexpected end of file
[2025-11-01T11:46:23.187+0000] {subprocess.py:97} INFO - Command exited with return code 2
[2025-11-01T11:46:23.207+0000] {taskinstance.py:2698} ERROR - Task failed with exception
Traceback (most recent call last):
  File "/home/airflow/.local/lib/python3.8/site-packages/airflow/models/taskinstance.py", line 433, in _execute_task
    result = execute_callable(context=context, **execute_callable_kwargs)
  File "/home/airflow/.local/lib/python3.8/site-packages/airflow/operators/bash.py", line 212, in execute
    raise AirflowException(
airflow.exceptions.AirflowException: Bash command failed. The command returned a non-zero exit code 2.
[2025-11-01T11:46:23.211+0000] {taskinstance.py:1138} INFO - Marking task as FAILED. dag_id=ingestion_pipeline, task_id=silver_dbt.dbt_run_incrementals, execution_date=20251031T000000, start_date=20251101T114607, end_date=20251101T114623
[2025-11-01T11:46:23.233+0000] {standard_task_runner.py:107} ERROR - Failed to execute job 42 for task silver_dbt.dbt_run_incrementals (Bash command failed. The command returned a non-zero exit code 2.; 1090)
[2025-11-01T11:46:23.252+0000] {local_task_job_runner.py:234} INFO - Task exited with return code 1
[2025-11-01T11:46:23.280+0000] {taskinstance.py:3280} INFO - 0 downstream tasks scheduled from follow-on schedule check
