[2025-11-01T20:13:38.694+0000] {taskinstance.py:1956} INFO - Dependencies all met for dep_context=non-requeueable deps ti=<TaskInstance: silver_transformation_pipeline.ensure_bronze_prereqs scheduled__2025-10-06T00:00:00+00:00 [queued]>
[2025-11-01T20:13:38.703+0000] {taskinstance.py:1956} INFO - Dependencies all met for dep_context=requeueable deps ti=<TaskInstance: silver_transformation_pipeline.ensure_bronze_prereqs scheduled__2025-10-06T00:00:00+00:00 [queued]>
[2025-11-01T20:13:38.704+0000] {taskinstance.py:2170} INFO - Starting attempt 1 of 2
[2025-11-01T20:13:38.719+0000] {taskinstance.py:2191} INFO - Executing <Task(PythonOperator): ensure_bronze_prereqs> on 2025-10-06 00:00:00+00:00
[2025-11-01T20:13:38.725+0000] {standard_task_runner.py:60} INFO - Started process 1531 to run task
[2025-11-01T20:13:38.728+0000] {standard_task_runner.py:87} INFO - Running: ['***', 'tasks', 'run', 'silver_transformation_pipeline', 'ensure_bronze_prereqs', 'scheduled__2025-10-06T00:00:00+00:00', '--job-id', '152', '--raw', '--subdir', 'DAGS_FOLDER/silver_dag.py', '--cfg-path', '/tmp/tmpdb4ge451']
[2025-11-01T20:13:38.731+0000] {standard_task_runner.py:88} INFO - Job 152: Subtask ensure_bronze_prereqs
[2025-11-01T20:13:38.810+0000] {task_command.py:423} INFO - Running <TaskInstance: silver_transformation_pipeline.ensure_bronze_prereqs scheduled__2025-10-06T00:00:00+00:00 [running]> on host 1a955fda0cfd
[2025-11-01T20:13:38.939+0000] {taskinstance.py:2480} INFO - Exporting env vars: AIRFLOW_CTX_DAG_OWNER='***' AIRFLOW_CTX_DAG_ID='silver_transformation_pipeline' AIRFLOW_CTX_TASK_ID='ensure_bronze_prereqs' AIRFLOW_CTX_EXECUTION_DATE='2025-10-06T00:00:00+00:00' AIRFLOW_CTX_TRY_NUMBER='1' AIRFLOW_CTX_DAG_RUN_ID='scheduled__2025-10-06T00:00:00+00:00'
[2025-11-01T20:13:38.947+0000] {crypto.py:82} WARNING - empty cryptography key - values will not be stored encrypted.
[2025-11-01T20:13:38.948+0000] {base.py:83} INFO - Using connection ID 'clickhouse_default' for task execution.
[2025-11-01T20:13:38.973+0000] {python.py:201} INFO - Done. Returned value was: None
[2025-11-01T20:13:38.988+0000] {taskinstance.py:1138} INFO - Marking task as SUCCESS. dag_id=silver_transformation_pipeline, task_id=ensure_bronze_prereqs, execution_date=20251006T000000, start_date=20251101T201338, end_date=20251101T201338
[2025-11-01T20:13:39.024+0000] {local_task_job_runner.py:234} INFO - Task exited with return code 0
[2025-11-01T20:13:39.050+0000] {taskinstance.py:3280} INFO - 3 downstream tasks scheduled from follow-on schedule check
[2025-11-01T20:20:20.228+0000] {taskinstance.py:1956} INFO - Dependencies all met for dep_context=non-requeueable deps ti=<TaskInstance: silver_transformation_pipeline.ensure_bronze_prereqs scheduled__2025-10-06T00:00:00+00:00 [queued]>
[2025-11-01T20:20:20.240+0000] {taskinstance.py:1956} INFO - Dependencies all met for dep_context=requeueable deps ti=<TaskInstance: silver_transformation_pipeline.ensure_bronze_prereqs scheduled__2025-10-06T00:00:00+00:00 [queued]>
[2025-11-01T20:20:20.241+0000] {taskinstance.py:2170} INFO - Starting attempt 1 of 2
[2025-11-01T20:20:20.257+0000] {taskinstance.py:2191} INFO - Executing <Task(PythonOperator): ensure_bronze_prereqs> on 2025-10-06 00:00:00+00:00
[2025-11-01T20:20:20.265+0000] {standard_task_runner.py:60} INFO - Started process 1189 to run task
[2025-11-01T20:20:20.268+0000] {standard_task_runner.py:87} INFO - Running: ['***', 'tasks', 'run', 'silver_transformation_pipeline', 'ensure_bronze_prereqs', 'scheduled__2025-10-06T00:00:00+00:00', '--job-id', '146', '--raw', '--subdir', 'DAGS_FOLDER/silver_dag.py', '--cfg-path', '/tmp/tmp0v42qfwu']
[2025-11-01T20:20:20.271+0000] {standard_task_runner.py:88} INFO - Job 146: Subtask ensure_bronze_prereqs
[2025-11-01T20:20:20.355+0000] {task_command.py:423} INFO - Running <TaskInstance: silver_transformation_pipeline.ensure_bronze_prereqs scheduled__2025-10-06T00:00:00+00:00 [running]> on host 6335aa85b335
[2025-11-01T20:20:20.455+0000] {taskinstance.py:2480} INFO - Exporting env vars: AIRFLOW_CTX_DAG_OWNER='***' AIRFLOW_CTX_DAG_ID='silver_transformation_pipeline' AIRFLOW_CTX_TASK_ID='ensure_bronze_prereqs' AIRFLOW_CTX_EXECUTION_DATE='2025-10-06T00:00:00+00:00' AIRFLOW_CTX_TRY_NUMBER='1' AIRFLOW_CTX_DAG_RUN_ID='scheduled__2025-10-06T00:00:00+00:00'
[2025-11-01T20:20:20.457+0000] {crypto.py:82} WARNING - empty cryptography key - values will not be stored encrypted.
[2025-11-01T20:20:20.459+0000] {base.py:83} INFO - Using connection ID 'clickhouse_default' for task execution.
[2025-11-01T20:20:20.470+0000] {python.py:201} INFO - Done. Returned value was: None
[2025-11-01T20:20:20.484+0000] {taskinstance.py:1138} INFO - Marking task as SUCCESS. dag_id=silver_transformation_pipeline, task_id=ensure_bronze_prereqs, execution_date=20251006T000000, start_date=20251101T202020, end_date=20251101T202020
[2025-11-01T20:20:20.522+0000] {local_task_job_runner.py:234} INFO - Task exited with return code 0
[2025-11-01T20:20:20.548+0000] {taskinstance.py:3280} INFO - 3 downstream tasks scheduled from follow-on schedule check
