[2025-11-02T00:31:22.126+0000] {taskinstance.py:1956} INFO - Dependencies all met for dep_context=non-requeueable deps ti=<TaskInstance: gold_dimensions_pipeline.dbt_dim_payment_method scheduled__2025-10-30T00:00:00+00:00 [queued]>
[2025-11-02T00:31:22.144+0000] {taskinstance.py:1956} INFO - Dependencies all met for dep_context=requeueable deps ti=<TaskInstance: gold_dimensions_pipeline.dbt_dim_payment_method scheduled__2025-10-30T00:00:00+00:00 [queued]>
[2025-11-02T00:31:22.146+0000] {taskinstance.py:2170} INFO - Starting attempt 1 of 2
[2025-11-02T00:31:22.179+0000] {taskinstance.py:2191} INFO - Executing <Task(PythonOperator): dbt_dim_payment_method> on 2025-10-30 00:00:00+00:00
[2025-11-02T00:31:22.198+0000] {standard_task_runner.py:60} INFO - Started process 16926 to run task
[2025-11-02T00:31:22.207+0000] {standard_task_runner.py:87} INFO - Running: ['***', 'tasks', 'run', 'gold_dimensions_pipeline', 'dbt_dim_payment_method', 'scheduled__2025-10-30T00:00:00+00:00', '--job-id', '431', '--raw', '--subdir', 'DAGS_FOLDER/gold_dag.py', '--cfg-path', '/tmp/tmpfoxu46la']
[2025-11-02T00:31:22.214+0000] {standard_task_runner.py:88} INFO - Job 431: Subtask dbt_dim_payment_method
[2025-11-02T00:31:22.383+0000] {task_command.py:423} INFO - Running <TaskInstance: gold_dimensions_pipeline.dbt_dim_payment_method scheduled__2025-10-30T00:00:00+00:00 [running]> on host 6335aa85b335
[2025-11-02T00:31:22.591+0000] {taskinstance.py:2480} INFO - Exporting env vars: AIRFLOW_CTX_DAG_OWNER='***' AIRFLOW_CTX_DAG_ID='gold_dimensions_pipeline' AIRFLOW_CTX_TASK_ID='dbt_dim_payment_method' AIRFLOW_CTX_EXECUTION_DATE='2025-10-30T00:00:00+00:00' AIRFLOW_CTX_TRY_NUMBER='1' AIRFLOW_CTX_DAG_RUN_ID='scheduled__2025-10-30T00:00:00+00:00'
[2025-11-02T00:44:34.768+0000] {python.py:201} INFO - Done. Returned value was: None
[2025-11-02T00:44:34.830+0000] {taskinstance.py:1138} INFO - Marking task as SUCCESS. dag_id=gold_dimensions_pipeline, task_id=dbt_dim_payment_method, execution_date=20251030T000000, start_date=20251102T003122, end_date=20251102T004434
[2025-11-02T00:44:34.926+0000] {local_task_job_runner.py:234} INFO - Task exited with return code 0
[2025-11-02T00:44:35.018+0000] {taskinstance.py:3280} INFO - 0 downstream tasks scheduled from follow-on schedule check
[2025-11-02T11:58:33.810+0000] {taskinstance.py:1956} INFO - Dependencies all met for dep_context=non-requeueable deps ti=<TaskInstance: gold_dimensions_pipeline.dbt_dim_payment_method scheduled__2025-10-30T00:00:00+00:00 [queued]>
[2025-11-02T11:58:33.822+0000] {taskinstance.py:1956} INFO - Dependencies all met for dep_context=requeueable deps ti=<TaskInstance: gold_dimensions_pipeline.dbt_dim_payment_method scheduled__2025-10-30T00:00:00+00:00 [queued]>
[2025-11-02T11:58:33.823+0000] {taskinstance.py:2170} INFO - Starting attempt 1 of 3
[2025-11-02T11:58:33.842+0000] {taskinstance.py:2191} INFO - Executing <Task(PythonOperator): dbt_dim_payment_method> on 2025-10-30 00:00:00+00:00
[2025-11-02T11:58:33.851+0000] {standard_task_runner.py:60} INFO - Started process 6562 to run task
[2025-11-02T11:58:33.856+0000] {standard_task_runner.py:87} INFO - Running: ['***', 'tasks', 'run', 'gold_dimensions_pipeline', 'dbt_dim_payment_method', 'scheduled__2025-10-30T00:00:00+00:00', '--job-id', '391', '--raw', '--subdir', 'DAGS_FOLDER/gold_dag.py', '--cfg-path', '/tmp/tmpl71lr8e1']
[2025-11-02T11:58:33.859+0000] {standard_task_runner.py:88} INFO - Job 391: Subtask dbt_dim_payment_method
[2025-11-02T11:58:33.961+0000] {task_command.py:423} INFO - Running <TaskInstance: gold_dimensions_pipeline.dbt_dim_payment_method scheduled__2025-10-30T00:00:00+00:00 [running]> on host 0d39d4365eb9
[2025-11-02T11:58:34.086+0000] {taskinstance.py:2480} INFO - Exporting env vars: AIRFLOW_CTX_DAG_OWNER='***' AIRFLOW_CTX_DAG_ID='gold_dimensions_pipeline' AIRFLOW_CTX_TASK_ID='dbt_dim_payment_method' AIRFLOW_CTX_EXECUTION_DATE='2025-10-30T00:00:00+00:00' AIRFLOW_CTX_TRY_NUMBER='1' AIRFLOW_CTX_DAG_RUN_ID='scheduled__2025-10-30T00:00:00+00:00'
[2025-11-02T11:58:40.120+0000] {logging_mixin.py:188} INFO - ==== DBT STDOUT ====
[2025-11-02T11:58:40.122+0000] {logging_mixin.py:188} INFO - 11:58:37  Running with dbt=1.5.9
11:58:37  Registered adapter: clickhouse=1.5.2
11:58:38  [WARNING]: Configuration paths exist in your dbt_project.yml file which do not apply to any resources.
There are 2 unused configuration paths:
- models.ck_project.gold.fact
- models.ck_project.bronze
11:58:38  Found 7 models, 17 tests, 0 snapshots, 0 analyses, 349 macros, 0 operations, 0 seed files, 6 sources, 0 exposures, 0 metrics, 0 groups
11:58:38  
11:58:38  Concurrency: 4 threads (target='dev')
11:58:38  
11:58:38  1 of 1 START sql table model gold.dim_payment_method ........................... [RUN]
11:58:39  1 of 1 OK created sql table model gold.dim_payment_method ...................... [OK in 0.31s]
11:58:39  
11:58:39  Finished running 1 table model in 0 hours 0 minutes and 0.80 seconds (0.80s).
11:58:39  
11:58:39  Completed successfully
11:58:39  
11:58:39  Done. PASS=1 WARN=0 ERROR=0 SKIP=0 TOTAL=1
[2025-11-02T11:58:40.122+0000] {logging_mixin.py:188} INFO - ==== DBT STDERR ====
[2025-11-02T11:58:40.123+0000] {python.py:201} INFO - Done. Returned value was: None
[2025-11-02T11:58:40.142+0000] {taskinstance.py:1138} INFO - Marking task as SUCCESS. dag_id=gold_dimensions_pipeline, task_id=dbt_dim_payment_method, execution_date=20251030T000000, start_date=20251102T115833, end_date=20251102T115840
[2025-11-02T11:58:40.202+0000] {local_task_job_runner.py:234} INFO - Task exited with return code 0
[2025-11-02T11:58:40.234+0000] {taskinstance.py:3280} INFO - 0 downstream tasks scheduled from follow-on schedule check
