[2025-11-01T20:08:07.971+0000] {taskinstance.py:1956} INFO - Dependencies all met for dep_context=non-requeueable deps ti=<TaskInstance: silver_transformation_pipeline.dbt_run_linktx scheduled__2025-10-01T00:00:00+00:00 [queued]>
[2025-11-01T20:08:07.981+0000] {taskinstance.py:1956} INFO - Dependencies all met for dep_context=requeueable deps ti=<TaskInstance: silver_transformation_pipeline.dbt_run_linktx scheduled__2025-10-01T00:00:00+00:00 [queued]>
[2025-11-01T20:08:07.982+0000] {taskinstance.py:2170} INFO - Starting attempt 1 of 2
[2025-11-01T20:08:07.997+0000] {taskinstance.py:2191} INFO - Executing <Task(PythonOperator): dbt_run_linktx> on 2025-10-01 00:00:00+00:00
[2025-11-01T20:08:08.003+0000] {standard_task_runner.py:60} INFO - Started process 929 to run task
[2025-11-01T20:08:08.009+0000] {standard_task_runner.py:87} INFO - Running: ['***', 'tasks', 'run', 'silver_transformation_pipeline', 'dbt_run_linktx', 'scheduled__2025-10-01T00:00:00+00:00', '--job-id', '127', '--raw', '--subdir', 'DAGS_FOLDER/silver_dag.py', '--cfg-path', '/tmp/tmpq0bq9i19']
[2025-11-01T20:08:08.012+0000] {standard_task_runner.py:88} INFO - Job 127: Subtask dbt_run_linktx
[2025-11-01T20:08:08.106+0000] {task_command.py:423} INFO - Running <TaskInstance: silver_transformation_pipeline.dbt_run_linktx scheduled__2025-10-01T00:00:00+00:00 [running]> on host 1a955fda0cfd
[2025-11-01T20:08:08.220+0000] {taskinstance.py:2480} INFO - Exporting env vars: AIRFLOW_CTX_DAG_OWNER='***' AIRFLOW_CTX_DAG_ID='silver_transformation_pipeline' AIRFLOW_CTX_TASK_ID='dbt_run_linktx' AIRFLOW_CTX_EXECUTION_DATE='2025-10-01T00:00:00+00:00' AIRFLOW_CTX_TRY_NUMBER='1' AIRFLOW_CTX_DAG_RUN_ID='scheduled__2025-10-01T00:00:00+00:00'
[2025-11-01T20:08:14.874+0000] {python.py:201} INFO - Done. Returned value was: None
[2025-11-01T20:08:14.894+0000] {taskinstance.py:1138} INFO - Marking task as SUCCESS. dag_id=silver_transformation_pipeline, task_id=dbt_run_linktx, execution_date=20251001T000000, start_date=20251101T200807, end_date=20251101T200814
[2025-11-01T20:08:14.947+0000] {local_task_job_runner.py:234} INFO - Task exited with return code 0
[2025-11-01T20:08:14.973+0000] {taskinstance.py:3280} INFO - 0 downstream tasks scheduled from follow-on schedule check
[2025-11-01T20:19:30.295+0000] {taskinstance.py:1956} INFO - Dependencies all met for dep_context=non-requeueable deps ti=<TaskInstance: silver_transformation_pipeline.dbt_run_linktx scheduled__2025-10-01T00:00:00+00:00 [queued]>
[2025-11-01T20:19:30.307+0000] {taskinstance.py:1956} INFO - Dependencies all met for dep_context=requeueable deps ti=<TaskInstance: silver_transformation_pipeline.dbt_run_linktx scheduled__2025-10-01T00:00:00+00:00 [queued]>
[2025-11-01T20:19:30.308+0000] {taskinstance.py:2170} INFO - Starting attempt 1 of 2
[2025-11-01T20:19:30.325+0000] {taskinstance.py:2191} INFO - Executing <Task(PythonOperator): dbt_run_linktx> on 2025-10-01 00:00:00+00:00
[2025-11-01T20:19:30.332+0000] {standard_task_runner.py:60} INFO - Started process 929 to run task
[2025-11-01T20:19:30.336+0000] {standard_task_runner.py:87} INFO - Running: ['***', 'tasks', 'run', 'silver_transformation_pipeline', 'dbt_run_linktx', 'scheduled__2025-10-01T00:00:00+00:00', '--job-id', '128', '--raw', '--subdir', 'DAGS_FOLDER/silver_dag.py', '--cfg-path', '/tmp/tmpltm7gr1f']
[2025-11-01T20:19:30.339+0000] {standard_task_runner.py:88} INFO - Job 128: Subtask dbt_run_linktx
[2025-11-01T20:19:30.432+0000] {task_command.py:423} INFO - Running <TaskInstance: silver_transformation_pipeline.dbt_run_linktx scheduled__2025-10-01T00:00:00+00:00 [running]> on host 6335aa85b335
[2025-11-01T20:19:30.535+0000] {taskinstance.py:2480} INFO - Exporting env vars: AIRFLOW_CTX_DAG_OWNER='***' AIRFLOW_CTX_DAG_ID='silver_transformation_pipeline' AIRFLOW_CTX_TASK_ID='dbt_run_linktx' AIRFLOW_CTX_EXECUTION_DATE='2025-10-01T00:00:00+00:00' AIRFLOW_CTX_TRY_NUMBER='1' AIRFLOW_CTX_DAG_RUN_ID='scheduled__2025-10-01T00:00:00+00:00'
[2025-11-01T20:19:36.763+0000] {python.py:201} INFO - Done. Returned value was: None
[2025-11-01T20:19:36.791+0000] {taskinstance.py:1138} INFO - Marking task as SUCCESS. dag_id=silver_transformation_pipeline, task_id=dbt_run_linktx, execution_date=20251001T000000, start_date=20251101T201930, end_date=20251101T201936
[2025-11-01T20:19:36.840+0000] {local_task_job_runner.py:234} INFO - Task exited with return code 0
[2025-11-01T20:19:36.874+0000] {taskinstance.py:3280} INFO - 0 downstream tasks scheduled from follow-on schedule check
[2025-11-02T01:34:42.595+0000] {taskinstance.py:1956} INFO - Dependencies all met for dep_context=non-requeueable deps ti=<TaskInstance: silver_transformation_pipeline.dbt_run_linktx scheduled__2025-10-01T00:00:00+00:00 [queued]>
[2025-11-02T01:34:42.606+0000] {taskinstance.py:1956} INFO - Dependencies all met for dep_context=requeueable deps ti=<TaskInstance: silver_transformation_pipeline.dbt_run_linktx scheduled__2025-10-01T00:00:00+00:00 [queued]>
[2025-11-02T01:34:42.606+0000] {taskinstance.py:2170} INFO - Starting attempt 1 of 2
[2025-11-02T01:34:42.622+0000] {taskinstance.py:2191} INFO - Executing <Task(PythonOperator): dbt_run_linktx> on 2025-10-01 00:00:00+00:00
[2025-11-02T01:34:42.629+0000] {standard_task_runner.py:60} INFO - Started process 1360 to run task
[2025-11-02T01:34:42.634+0000] {standard_task_runner.py:87} INFO - Running: ['***', 'tasks', 'run', 'silver_transformation_pipeline', 'dbt_run_linktx', 'scheduled__2025-10-01T00:00:00+00:00', '--job-id', '132', '--raw', '--subdir', 'DAGS_FOLDER/silver_dag.py', '--cfg-path', '/tmp/tmpt8dy9u5g']
[2025-11-02T01:34:42.638+0000] {standard_task_runner.py:88} INFO - Job 132: Subtask dbt_run_linktx
[2025-11-02T01:34:42.731+0000] {task_command.py:423} INFO - Running <TaskInstance: silver_transformation_pipeline.dbt_run_linktx scheduled__2025-10-01T00:00:00+00:00 [running]> on host 3b0074fa0b5e
[2025-11-02T01:34:42.838+0000] {taskinstance.py:2480} INFO - Exporting env vars: AIRFLOW_CTX_DAG_OWNER='***' AIRFLOW_CTX_DAG_ID='silver_transformation_pipeline' AIRFLOW_CTX_TASK_ID='dbt_run_linktx' AIRFLOW_CTX_EXECUTION_DATE='2025-10-01T00:00:00+00:00' AIRFLOW_CTX_TRY_NUMBER='1' AIRFLOW_CTX_DAG_RUN_ID='scheduled__2025-10-01T00:00:00+00:00'
[2025-11-02T01:34:50.169+0000] {python.py:201} INFO - Done. Returned value was: None
[2025-11-02T01:34:50.187+0000] {taskinstance.py:1138} INFO - Marking task as SUCCESS. dag_id=silver_transformation_pipeline, task_id=dbt_run_linktx, execution_date=20251001T000000, start_date=20251102T013442, end_date=20251102T013450
[2025-11-02T01:34:50.216+0000] {local_task_job_runner.py:234} INFO - Task exited with return code 0
[2025-11-02T01:34:50.239+0000] {taskinstance.py:3280} INFO - 0 downstream tasks scheduled from follow-on schedule check
[2025-11-02T11:29:11.797+0000] {taskinstance.py:1956} INFO - Dependencies all met for dep_context=non-requeueable deps ti=<TaskInstance: silver_transformation_pipeline.dbt_run_linktx scheduled__2025-10-01T00:00:00+00:00 [queued]>
[2025-11-02T11:29:11.812+0000] {taskinstance.py:1956} INFO - Dependencies all met for dep_context=requeueable deps ti=<TaskInstance: silver_transformation_pipeline.dbt_run_linktx scheduled__2025-10-01T00:00:00+00:00 [queued]>
[2025-11-02T11:29:11.812+0000] {taskinstance.py:2170} INFO - Starting attempt 1 of 2
[2025-11-02T11:29:11.835+0000] {taskinstance.py:2191} INFO - Executing <Task(PythonOperator): dbt_run_linktx> on 2025-10-01 00:00:00+00:00
[2025-11-02T11:29:11.845+0000] {standard_task_runner.py:60} INFO - Started process 1273 to run task
[2025-11-02T11:29:11.855+0000] {standard_task_runner.py:87} INFO - Running: ['***', 'tasks', 'run', 'silver_transformation_pipeline', 'dbt_run_linktx', 'scheduled__2025-10-01T00:00:00+00:00', '--job-id', '135', '--raw', '--subdir', 'DAGS_FOLDER/silver_dag.py', '--cfg-path', '/tmp/tmpyylhbxi2']
[2025-11-02T11:29:11.863+0000] {standard_task_runner.py:88} INFO - Job 135: Subtask dbt_run_linktx
[2025-11-02T11:29:11.988+0000] {task_command.py:423} INFO - Running <TaskInstance: silver_transformation_pipeline.dbt_run_linktx scheduled__2025-10-01T00:00:00+00:00 [running]> on host 0d39d4365eb9
[2025-11-02T11:29:12.124+0000] {taskinstance.py:2480} INFO - Exporting env vars: AIRFLOW_CTX_DAG_OWNER='***' AIRFLOW_CTX_DAG_ID='silver_transformation_pipeline' AIRFLOW_CTX_TASK_ID='dbt_run_linktx' AIRFLOW_CTX_EXECUTION_DATE='2025-10-01T00:00:00+00:00' AIRFLOW_CTX_TRY_NUMBER='1' AIRFLOW_CTX_DAG_RUN_ID='scheduled__2025-10-01T00:00:00+00:00'
[2025-11-02T11:29:22.038+0000] {python.py:201} INFO - Done. Returned value was: None
[2025-11-02T11:29:22.057+0000] {taskinstance.py:1138} INFO - Marking task as SUCCESS. dag_id=silver_transformation_pipeline, task_id=dbt_run_linktx, execution_date=20251001T000000, start_date=20251102T112911, end_date=20251102T112922
[2025-11-02T11:29:22.094+0000] {local_task_job_runner.py:234} INFO - Task exited with return code 0
[2025-11-02T11:29:22.124+0000] {taskinstance.py:3280} INFO - 0 downstream tasks scheduled from follow-on schedule check
