[2025-11-01T20:22:16.307+0000] {taskinstance.py:1956} INFO - Dependencies all met for dep_context=non-requeueable deps ti=<TaskInstance: silver_transformation_pipeline.dbt_run_merchants scheduled__2025-10-17T00:00:00+00:00 [queued]>
[2025-11-01T20:22:16.323+0000] {taskinstance.py:1956} INFO - Dependencies all met for dep_context=requeueable deps ti=<TaskInstance: silver_transformation_pipeline.dbt_run_merchants scheduled__2025-10-17T00:00:00+00:00 [queued]>
[2025-11-01T20:22:16.326+0000] {taskinstance.py:2170} INFO - Starting attempt 1 of 2
[2025-11-01T20:22:16.352+0000] {taskinstance.py:2191} INFO - Executing <Task(PythonOperator): dbt_run_merchants> on 2025-10-17 00:00:00+00:00
[2025-11-01T20:22:16.365+0000] {standard_task_runner.py:60} INFO - Started process 1751 to run task
[2025-11-01T20:22:16.373+0000] {standard_task_runner.py:87} INFO - Running: ['***', 'tasks', 'run', 'silver_transformation_pipeline', 'dbt_run_merchants', 'scheduled__2025-10-17T00:00:00+00:00', '--job-id', '193', '--raw', '--subdir', 'DAGS_FOLDER/silver_dag.py', '--cfg-path', '/tmp/tmpx5jd79aq']
[2025-11-01T20:22:16.383+0000] {standard_task_runner.py:88} INFO - Job 193: Subtask dbt_run_merchants
[2025-11-01T20:22:16.516+0000] {task_command.py:423} INFO - Running <TaskInstance: silver_transformation_pipeline.dbt_run_merchants scheduled__2025-10-17T00:00:00+00:00 [running]> on host 6335aa85b335
[2025-11-01T20:22:16.680+0000] {taskinstance.py:2480} INFO - Exporting env vars: AIRFLOW_CTX_DAG_OWNER='***' AIRFLOW_CTX_DAG_ID='silver_transformation_pipeline' AIRFLOW_CTX_TASK_ID='dbt_run_merchants' AIRFLOW_CTX_EXECUTION_DATE='2025-10-17T00:00:00+00:00' AIRFLOW_CTX_TRY_NUMBER='1' AIRFLOW_CTX_DAG_RUN_ID='scheduled__2025-10-17T00:00:00+00:00'
[2025-11-01T20:22:23.542+0000] {python.py:201} INFO - Done. Returned value was: None
[2025-11-01T20:22:23.557+0000] {taskinstance.py:1138} INFO - Marking task as SUCCESS. dag_id=silver_transformation_pipeline, task_id=dbt_run_merchants, execution_date=20251017T000000, start_date=20251101T202216, end_date=20251101T202223
[2025-11-01T20:22:23.603+0000] {local_task_job_runner.py:234} INFO - Task exited with return code 0
[2025-11-01T20:22:23.621+0000] {taskinstance.py:3280} INFO - 0 downstream tasks scheduled from follow-on schedule check
[2025-11-02T01:37:31.050+0000] {taskinstance.py:1956} INFO - Dependencies all met for dep_context=non-requeueable deps ti=<TaskInstance: silver_transformation_pipeline.dbt_run_merchants scheduled__2025-10-17T00:00:00+00:00 [queued]>
[2025-11-02T01:37:31.063+0000] {taskinstance.py:1956} INFO - Dependencies all met for dep_context=requeueable deps ti=<TaskInstance: silver_transformation_pipeline.dbt_run_merchants scheduled__2025-10-17T00:00:00+00:00 [queued]>
[2025-11-02T01:37:31.063+0000] {taskinstance.py:2170} INFO - Starting attempt 1 of 2
[2025-11-02T01:37:31.080+0000] {taskinstance.py:2191} INFO - Executing <Task(PythonOperator): dbt_run_merchants> on 2025-10-17 00:00:00+00:00
[2025-11-02T01:37:31.085+0000] {standard_task_runner.py:60} INFO - Started process 2605 to run task
[2025-11-02T01:37:31.090+0000] {standard_task_runner.py:87} INFO - Running: ['***', 'tasks', 'run', 'silver_transformation_pipeline', 'dbt_run_merchants', 'scheduled__2025-10-17T00:00:00+00:00', '--job-id', '197', '--raw', '--subdir', 'DAGS_FOLDER/silver_dag.py', '--cfg-path', '/tmp/tmpmmody4ft']
[2025-11-02T01:37:31.093+0000] {standard_task_runner.py:88} INFO - Job 197: Subtask dbt_run_merchants
[2025-11-02T01:37:31.181+0000] {task_command.py:423} INFO - Running <TaskInstance: silver_transformation_pipeline.dbt_run_merchants scheduled__2025-10-17T00:00:00+00:00 [running]> on host 3b0074fa0b5e
[2025-11-02T01:37:31.296+0000] {taskinstance.py:2480} INFO - Exporting env vars: AIRFLOW_CTX_DAG_OWNER='***' AIRFLOW_CTX_DAG_ID='silver_transformation_pipeline' AIRFLOW_CTX_TASK_ID='dbt_run_merchants' AIRFLOW_CTX_EXECUTION_DATE='2025-10-17T00:00:00+00:00' AIRFLOW_CTX_TRY_NUMBER='1' AIRFLOW_CTX_DAG_RUN_ID='scheduled__2025-10-17T00:00:00+00:00'
[2025-11-02T01:37:38.157+0000] {python.py:201} INFO - Done. Returned value was: None
[2025-11-02T01:37:38.177+0000] {taskinstance.py:1138} INFO - Marking task as SUCCESS. dag_id=silver_transformation_pipeline, task_id=dbt_run_merchants, execution_date=20251017T000000, start_date=20251102T013731, end_date=20251102T013738
[2025-11-02T01:37:38.207+0000] {local_task_job_runner.py:234} INFO - Task exited with return code 0
[2025-11-02T01:37:38.229+0000] {taskinstance.py:3280} INFO - 0 downstream tasks scheduled from follow-on schedule check
[2025-11-02T11:32:58.340+0000] {taskinstance.py:1956} INFO - Dependencies all met for dep_context=non-requeueable deps ti=<TaskInstance: silver_transformation_pipeline.dbt_run_merchants scheduled__2025-10-17T00:00:00+00:00 [queued]>
[2025-11-02T11:32:58.353+0000] {taskinstance.py:1956} INFO - Dependencies all met for dep_context=requeueable deps ti=<TaskInstance: silver_transformation_pipeline.dbt_run_merchants scheduled__2025-10-17T00:00:00+00:00 [queued]>
[2025-11-02T11:32:58.354+0000] {taskinstance.py:2170} INFO - Starting attempt 1 of 2
[2025-11-02T11:32:58.371+0000] {taskinstance.py:2191} INFO - Executing <Task(PythonOperator): dbt_run_merchants> on 2025-10-17 00:00:00+00:00
[2025-11-02T11:32:58.380+0000] {standard_task_runner.py:60} INFO - Started process 2738 to run task
[2025-11-02T11:32:58.385+0000] {standard_task_runner.py:87} INFO - Running: ['***', 'tasks', 'run', 'silver_transformation_pipeline', 'dbt_run_merchants', 'scheduled__2025-10-17T00:00:00+00:00', '--job-id', '208', '--raw', '--subdir', 'DAGS_FOLDER/silver_dag.py', '--cfg-path', '/tmp/tmpe4njtwaq']
[2025-11-02T11:32:58.388+0000] {standard_task_runner.py:88} INFO - Job 208: Subtask dbt_run_merchants
[2025-11-02T11:32:58.495+0000] {task_command.py:423} INFO - Running <TaskInstance: silver_transformation_pipeline.dbt_run_merchants scheduled__2025-10-17T00:00:00+00:00 [running]> on host 0d39d4365eb9
[2025-11-02T11:32:58.621+0000] {taskinstance.py:2480} INFO - Exporting env vars: AIRFLOW_CTX_DAG_OWNER='***' AIRFLOW_CTX_DAG_ID='silver_transformation_pipeline' AIRFLOW_CTX_TASK_ID='dbt_run_merchants' AIRFLOW_CTX_EXECUTION_DATE='2025-10-17T00:00:00+00:00' AIRFLOW_CTX_TRY_NUMBER='1' AIRFLOW_CTX_DAG_RUN_ID='scheduled__2025-10-17T00:00:00+00:00'
[2025-11-02T11:33:06.730+0000] {python.py:201} INFO - Done. Returned value was: None
[2025-11-02T11:33:06.753+0000] {taskinstance.py:1138} INFO - Marking task as SUCCESS. dag_id=silver_transformation_pipeline, task_id=dbt_run_merchants, execution_date=20251017T000000, start_date=20251102T113258, end_date=20251102T113306
[2025-11-02T11:33:06.785+0000] {local_task_job_runner.py:234} INFO - Task exited with return code 0
[2025-11-02T11:33:06.825+0000] {taskinstance.py:3280} INFO - 0 downstream tasks scheduled from follow-on schedule check
