[2025-11-01T15:06:06.808+0000] {taskinstance.py:1956} INFO - Dependencies all met for dep_context=non-requeueable deps ti=<TaskInstance: silver_transformation_pipeline.dbt_run_payments scheduled__2025-10-31T00:00:00+00:00 [queued]>
[2025-11-01T15:06:06.825+0000] {taskinstance.py:1956} INFO - Dependencies all met for dep_context=requeueable deps ti=<TaskInstance: silver_transformation_pipeline.dbt_run_payments scheduled__2025-10-31T00:00:00+00:00 [queued]>
[2025-11-01T15:06:06.826+0000] {taskinstance.py:2170} INFO - Starting attempt 1 of 2
[2025-11-01T15:06:06.846+0000] {taskinstance.py:2191} INFO - Executing <Task(PythonOperator): dbt_run_payments> on 2025-10-31 00:00:00+00:00
[2025-11-01T15:06:06.854+0000] {standard_task_runner.py:60} INFO - Started process 640 to run task
[2025-11-01T15:06:06.860+0000] {standard_task_runner.py:87} INFO - Running: ['***', 'tasks', 'run', 'silver_transformation_pipeline', 'dbt_run_payments', 'scheduled__2025-10-31T00:00:00+00:00', '--job-id', '23', '--raw', '--subdir', 'DAGS_FOLDER/silver_dag.py', '--cfg-path', '/tmp/tmpryn2906s']
[2025-11-01T15:06:06.865+0000] {standard_task_runner.py:88} INFO - Job 23: Subtask dbt_run_payments
[2025-11-01T15:06:06.986+0000] {task_command.py:423} INFO - Running <TaskInstance: silver_transformation_pipeline.dbt_run_payments scheduled__2025-10-31T00:00:00+00:00 [running]> on host 7f2b5a16b237
[2025-11-01T15:06:07.128+0000] {taskinstance.py:2480} INFO - Exporting env vars: AIRFLOW_CTX_DAG_OWNER='***' AIRFLOW_CTX_DAG_ID='silver_transformation_pipeline' AIRFLOW_CTX_TASK_ID='dbt_run_payments' AIRFLOW_CTX_EXECUTION_DATE='2025-10-31T00:00:00+00:00' AIRFLOW_CTX_TRY_NUMBER='1' AIRFLOW_CTX_DAG_RUN_ID='scheduled__2025-10-31T00:00:00+00:00'
[2025-11-01T15:06:07.131+0000] {taskinstance.py:2698} ERROR - Task failed with exception
Traceback (most recent call last):
  File "/home/airflow/.local/lib/python3.8/site-packages/airflow/models/taskinstance.py", line 433, in _execute_task
    result = execute_callable(context=context, **execute_callable_kwargs)
  File "/home/airflow/.local/lib/python3.8/site-packages/airflow/operators/python.py", line 199, in execute
    return_value = self.execute_callable()
  File "/home/airflow/.local/lib/python3.8/site-packages/airflow/operators/python.py", line 216, in execute_callable
    return self.python_callable(*self.op_args, **self.op_kwargs)
  File "/opt/airflow/dags/silver_dag.py", line 110, in <lambda>
    python_callable=lambda ds, **_: _run_dbt("silver_payments", ds=ds, full_refresh=False, pass_ds_lagged=True),
  File "/opt/airflow/dags/silver_dag.py", line 62, in _run_dbt
    ds_lagged = _compute_ds_lagged(ds, LAG_DAYS)
  File "/opt/airflow/dags/silver_dag.py", line 43, in _compute_ds_lagged
    dt = timezone.datetime.strptime(ds, "%Y-%m-%d")
AttributeError: 'function' object has no attribute 'strptime'
[2025-11-01T15:06:07.149+0000] {taskinstance.py:1138} INFO - Marking task as UP_FOR_RETRY. dag_id=silver_transformation_pipeline, task_id=dbt_run_payments, execution_date=20251031T000000, start_date=20251101T150606, end_date=20251101T150607
[2025-11-01T15:06:07.164+0000] {standard_task_runner.py:107} ERROR - Failed to execute job 23 for task dbt_run_payments ('function' object has no attribute 'strptime'; 640)
[2025-11-01T15:06:07.195+0000] {local_task_job_runner.py:234} INFO - Task exited with return code 1
[2025-11-01T15:06:07.218+0000] {taskinstance.py:3280} INFO - 0 downstream tasks scheduled from follow-on schedule check
[2025-11-01T17:02:20.588+0000] {taskinstance.py:1956} INFO - Dependencies all met for dep_context=non-requeueable deps ti=<TaskInstance: silver_transformation_pipeline.dbt_run_payments scheduled__2025-10-31T00:00:00+00:00 [queued]>
[2025-11-01T17:02:20.601+0000] {taskinstance.py:1956} INFO - Dependencies all met for dep_context=requeueable deps ti=<TaskInstance: silver_transformation_pipeline.dbt_run_payments scheduled__2025-10-31T00:00:00+00:00 [queued]>
[2025-11-01T17:02:20.602+0000] {taskinstance.py:2170} INFO - Starting attempt 1 of 2
[2025-11-01T17:02:20.619+0000] {taskinstance.py:2191} INFO - Executing <Task(PythonOperator): dbt_run_payments> on 2025-10-31 00:00:00+00:00
[2025-11-01T17:02:20.630+0000] {standard_task_runner.py:60} INFO - Started process 947 to run task
[2025-11-01T17:02:20.637+0000] {standard_task_runner.py:87} INFO - Running: ['***', 'tasks', 'run', 'silver_transformation_pipeline', 'dbt_run_payments', 'scheduled__2025-10-31T00:00:00+00:00', '--job-id', '28', '--raw', '--subdir', 'DAGS_FOLDER/silver_dag.py', '--cfg-path', '/tmp/tmpokdyhrbt']
[2025-11-01T17:02:20.641+0000] {standard_task_runner.py:88} INFO - Job 28: Subtask dbt_run_payments
[2025-11-01T17:02:20.757+0000] {task_command.py:423} INFO - Running <TaskInstance: silver_transformation_pipeline.dbt_run_payments scheduled__2025-10-31T00:00:00+00:00 [running]> on host 69cecc54c654
[2025-11-01T17:02:20.876+0000] {taskinstance.py:2480} INFO - Exporting env vars: AIRFLOW_CTX_DAG_OWNER='***' AIRFLOW_CTX_DAG_ID='silver_transformation_pipeline' AIRFLOW_CTX_TASK_ID='dbt_run_payments' AIRFLOW_CTX_EXECUTION_DATE='2025-10-31T00:00:00+00:00' AIRFLOW_CTX_TRY_NUMBER='1' AIRFLOW_CTX_DAG_RUN_ID='scheduled__2025-10-31T00:00:00+00:00'
[2025-11-01T17:02:25.648+0000] {taskinstance.py:2698} ERROR - Task failed with exception
Traceback (most recent call last):
  File "/home/airflow/.local/lib/python3.8/site-packages/airflow/models/taskinstance.py", line 433, in _execute_task
    result = execute_callable(context=context, **execute_callable_kwargs)
  File "/home/airflow/.local/lib/python3.8/site-packages/airflow/operators/python.py", line 199, in execute
    return_value = self.execute_callable()
  File "/home/airflow/.local/lib/python3.8/site-packages/airflow/operators/python.py", line 216, in execute_callable
    return self.python_callable(*self.op_args, **self.op_kwargs)
  File "/opt/airflow/dags/silver_dag.py", line 180, in <lambda>
    python_callable=lambda ds, **_: _run_dbt("silver_payments", ds=ds, full_refresh=False, pass_ds_lagged=True),
  File "/opt/airflow/dags/silver_dag.py", line 149, in _run_dbt
    raise RuntimeError(f"dbt failed ({proc.returncode}).\nSTDOUT:\n{proc.stdout}\n\nSTDERR:\n{proc.stderr}")
RuntimeError: dbt failed (2).
STDOUT:
17:02:23  Running with dbt=1.5.9
17:02:23  Registered adapter: clickhouse=1.5.2
17:02:23  Unable to do partial parsing because config vars, config profile, or config target have changed
17:02:24  Encountered an error:
Compilation Error in model silver_link_transactions (models/silver/silver_link_transactions.sql)
  unexpected char '#' at 322
    line 14
      # ClickHouse adapter options (no partition):


STDERR:

[2025-11-01T17:02:25.676+0000] {taskinstance.py:1138} INFO - Marking task as UP_FOR_RETRY. dag_id=silver_transformation_pipeline, task_id=dbt_run_payments, execution_date=20251031T000000, start_date=20251101T170220, end_date=20251101T170225
[2025-11-01T17:02:25.694+0000] {standard_task_runner.py:107} ERROR - Failed to execute job 28 for task dbt_run_payments (dbt failed (2).
STDOUT:
17:02:23  Running with dbt=1.5.9
17:02:23  Registered adapter: clickhouse=1.5.2
17:02:23  Unable to do partial parsing because config vars, config profile, or config target have changed
17:02:24  Encountered an error:
Compilation Error in model silver_link_transactions (models/silver/silver_link_transactions.sql)
  unexpected char '#' at 322
    line 14
      # ClickHouse adapter options (no partition):


STDERR:
; 947)
[2025-11-01T17:02:25.714+0000] {local_task_job_runner.py:234} INFO - Task exited with return code 1
[2025-11-01T17:02:25.738+0000] {taskinstance.py:3280} INFO - 0 downstream tasks scheduled from follow-on schedule check
[2025-11-01T20:24:34.697+0000] {taskinstance.py:1956} INFO - Dependencies all met for dep_context=non-requeueable deps ti=<TaskInstance: silver_transformation_pipeline.dbt_run_payments scheduled__2025-10-31T00:00:00+00:00 [queued]>
[2025-11-01T20:24:34.714+0000] {taskinstance.py:1956} INFO - Dependencies all met for dep_context=requeueable deps ti=<TaskInstance: silver_transformation_pipeline.dbt_run_payments scheduled__2025-10-31T00:00:00+00:00 [queued]>
[2025-11-01T20:24:34.714+0000] {taskinstance.py:2170} INFO - Starting attempt 1 of 2
[2025-11-01T20:24:34.745+0000] {taskinstance.py:2191} INFO - Executing <Task(PythonOperator): dbt_run_payments> on 2025-10-31 00:00:00+00:00
[2025-11-01T20:24:34.756+0000] {standard_task_runner.py:60} INFO - Started process 2464 to run task
[2025-11-01T20:24:34.762+0000] {standard_task_runner.py:87} INFO - Running: ['***', 'tasks', 'run', 'silver_transformation_pipeline', 'dbt_run_payments', 'scheduled__2025-10-31T00:00:00+00:00', '--job-id', '248', '--raw', '--subdir', 'DAGS_FOLDER/silver_dag.py', '--cfg-path', '/tmp/tmpius4itoh']
[2025-11-01T20:24:34.766+0000] {standard_task_runner.py:88} INFO - Job 248: Subtask dbt_run_payments
[2025-11-01T20:24:34.869+0000] {task_command.py:423} INFO - Running <TaskInstance: silver_transformation_pipeline.dbt_run_payments scheduled__2025-10-31T00:00:00+00:00 [running]> on host 6335aa85b335
[2025-11-01T20:24:34.970+0000] {taskinstance.py:2480} INFO - Exporting env vars: AIRFLOW_CTX_DAG_OWNER='***' AIRFLOW_CTX_DAG_ID='silver_transformation_pipeline' AIRFLOW_CTX_TASK_ID='dbt_run_payments' AIRFLOW_CTX_EXECUTION_DATE='2025-10-31T00:00:00+00:00' AIRFLOW_CTX_TRY_NUMBER='1' AIRFLOW_CTX_DAG_RUN_ID='scheduled__2025-10-31T00:00:00+00:00'
[2025-11-01T20:24:41.307+0000] {python.py:201} INFO - Done. Returned value was: None
[2025-11-01T20:24:41.326+0000] {taskinstance.py:1138} INFO - Marking task as SUCCESS. dag_id=silver_transformation_pipeline, task_id=dbt_run_payments, execution_date=20251031T000000, start_date=20251101T202434, end_date=20251101T202441
[2025-11-01T20:24:41.383+0000] {local_task_job_runner.py:234} INFO - Task exited with return code 0
[2025-11-01T20:24:41.407+0000] {taskinstance.py:3280} INFO - 0 downstream tasks scheduled from follow-on schedule check
[2025-11-02T01:39:54.761+0000] {taskinstance.py:1956} INFO - Dependencies all met for dep_context=non-requeueable deps ti=<TaskInstance: silver_transformation_pipeline.dbt_run_payments scheduled__2025-10-31T00:00:00+00:00 [queued]>
[2025-11-02T01:39:54.774+0000] {taskinstance.py:1956} INFO - Dependencies all met for dep_context=requeueable deps ti=<TaskInstance: silver_transformation_pipeline.dbt_run_payments scheduled__2025-10-31T00:00:00+00:00 [queued]>
[2025-11-02T01:39:54.775+0000] {taskinstance.py:2170} INFO - Starting attempt 1 of 2
[2025-11-02T01:39:54.795+0000] {taskinstance.py:2191} INFO - Executing <Task(PythonOperator): dbt_run_payments> on 2025-10-31 00:00:00+00:00
[2025-11-02T01:39:54.803+0000] {standard_task_runner.py:60} INFO - Started process 3664 to run task
[2025-11-02T01:39:54.808+0000] {standard_task_runner.py:87} INFO - Running: ['***', 'tasks', 'run', 'silver_transformation_pipeline', 'dbt_run_payments', 'scheduled__2025-10-31T00:00:00+00:00', '--job-id', '252', '--raw', '--subdir', 'DAGS_FOLDER/silver_dag.py', '--cfg-path', '/tmp/tmpkoxozu0b']
[2025-11-02T01:39:54.811+0000] {standard_task_runner.py:88} INFO - Job 252: Subtask dbt_run_payments
[2025-11-02T01:39:54.896+0000] {task_command.py:423} INFO - Running <TaskInstance: silver_transformation_pipeline.dbt_run_payments scheduled__2025-10-31T00:00:00+00:00 [running]> on host 3b0074fa0b5e
[2025-11-02T01:39:55.010+0000] {taskinstance.py:2480} INFO - Exporting env vars: AIRFLOW_CTX_DAG_OWNER='***' AIRFLOW_CTX_DAG_ID='silver_transformation_pipeline' AIRFLOW_CTX_TASK_ID='dbt_run_payments' AIRFLOW_CTX_EXECUTION_DATE='2025-10-31T00:00:00+00:00' AIRFLOW_CTX_TRY_NUMBER='1' AIRFLOW_CTX_DAG_RUN_ID='scheduled__2025-10-31T00:00:00+00:00'
[2025-11-02T01:40:02.237+0000] {python.py:201} INFO - Done. Returned value was: None
[2025-11-02T01:40:02.254+0000] {taskinstance.py:1138} INFO - Marking task as SUCCESS. dag_id=silver_transformation_pipeline, task_id=dbt_run_payments, execution_date=20251031T000000, start_date=20251102T013954, end_date=20251102T014002
[2025-11-02T01:40:02.290+0000] {local_task_job_runner.py:234} INFO - Task exited with return code 0
[2025-11-02T01:40:02.315+0000] {taskinstance.py:3280} INFO - 0 downstream tasks scheduled from follow-on schedule check
[2025-11-02T11:36:00.930+0000] {taskinstance.py:1956} INFO - Dependencies all met for dep_context=non-requeueable deps ti=<TaskInstance: silver_transformation_pipeline.dbt_run_payments scheduled__2025-10-31T00:00:00+00:00 [queued]>
[2025-11-02T11:36:00.980+0000] {taskinstance.py:1956} INFO - Dependencies all met for dep_context=requeueable deps ti=<TaskInstance: silver_transformation_pipeline.dbt_run_payments scheduled__2025-10-31T00:00:00+00:00 [queued]>
[2025-11-02T11:36:00.987+0000] {taskinstance.py:2170} INFO - Starting attempt 1 of 2
[2025-11-02T11:36:01.083+0000] {taskinstance.py:2191} INFO - Executing <Task(PythonOperator): dbt_run_payments> on 2025-10-31 00:00:00+00:00
[2025-11-02T11:36:01.101+0000] {standard_task_runner.py:60} INFO - Started process 3900 to run task
[2025-11-02T11:36:01.108+0000] {standard_task_runner.py:87} INFO - Running: ['***', 'tasks', 'run', 'silver_transformation_pipeline', 'dbt_run_payments', 'scheduled__2025-10-31T00:00:00+00:00', '--job-id', '263', '--raw', '--subdir', 'DAGS_FOLDER/silver_dag.py', '--cfg-path', '/tmp/tmprtlkh5iq']
[2025-11-02T11:36:01.122+0000] {standard_task_runner.py:88} INFO - Job 263: Subtask dbt_run_payments
[2025-11-02T11:36:01.262+0000] {task_command.py:423} INFO - Running <TaskInstance: silver_transformation_pipeline.dbt_run_payments scheduled__2025-10-31T00:00:00+00:00 [running]> on host 0d39d4365eb9
[2025-11-02T11:36:01.431+0000] {taskinstance.py:2480} INFO - Exporting env vars: AIRFLOW_CTX_DAG_OWNER='***' AIRFLOW_CTX_DAG_ID='silver_transformation_pipeline' AIRFLOW_CTX_TASK_ID='dbt_run_payments' AIRFLOW_CTX_EXECUTION_DATE='2025-10-31T00:00:00+00:00' AIRFLOW_CTX_TRY_NUMBER='1' AIRFLOW_CTX_DAG_RUN_ID='scheduled__2025-10-31T00:00:00+00:00'
[2025-11-02T11:36:11.170+0000] {python.py:201} INFO - Done. Returned value was: None
[2025-11-02T11:36:11.188+0000] {taskinstance.py:1138} INFO - Marking task as SUCCESS. dag_id=silver_transformation_pipeline, task_id=dbt_run_payments, execution_date=20251031T000000, start_date=20251102T113600, end_date=20251102T113611
[2025-11-02T11:36:11.246+0000] {local_task_job_runner.py:234} INFO - Task exited with return code 0
[2025-11-02T11:36:11.266+0000] {taskinstance.py:3280} INFO - 0 downstream tasks scheduled from follow-on schedule check
