[2025-11-01T20:06:41.764+0000] {taskinstance.py:1956} INFO - Dependencies all met for dep_context=non-requeueable deps ti=<TaskInstance: ingestion_pipeline.load_merchants_bronze scheduled__2025-10-08T00:00:00+00:00 [queued]>
[2025-11-01T20:06:41.803+0000] {taskinstance.py:1956} INFO - Dependencies all met for dep_context=requeueable deps ti=<TaskInstance: ingestion_pipeline.load_merchants_bronze scheduled__2025-10-08T00:00:00+00:00 [queued]>
[2025-11-01T20:06:41.808+0000] {taskinstance.py:2170} INFO - Starting attempt 1 of 2
[2025-11-01T20:06:41.926+0000] {taskinstance.py:2191} INFO - Executing <Task(PythonOperator): load_merchants_bronze> on 2025-10-08 00:00:00+00:00
[2025-11-01T20:06:41.939+0000] {standard_task_runner.py:60} INFO - Started process 454 to run task
[2025-11-01T20:06:41.976+0000] {standard_task_runner.py:87} INFO - Running: ['***', 'tasks', 'run', 'ingestion_pipeline', 'load_merchants_bronze', 'scheduled__2025-10-08T00:00:00+00:00', '--job-id', '38', '--raw', '--subdir', 'DAGS_FOLDER/ingestion_dag.py', '--cfg-path', '/tmp/tmp4z4p0r5g']
[2025-11-01T20:06:42.031+0000] {standard_task_runner.py:88} INFO - Job 38: Subtask load_merchants_bronze
[2025-11-01T20:06:42.373+0000] {task_command.py:423} INFO - Running <TaskInstance: ingestion_pipeline.load_merchants_bronze scheduled__2025-10-08T00:00:00+00:00 [running]> on host 1a955fda0cfd
[2025-11-01T20:06:42.846+0000] {taskinstance.py:2480} INFO - Exporting env vars: AIRFLOW_CTX_DAG_OWNER='***' AIRFLOW_CTX_DAG_ID='ingestion_pipeline' AIRFLOW_CTX_TASK_ID='load_merchants_bronze' AIRFLOW_CTX_EXECUTION_DATE='2025-10-08T00:00:00+00:00' AIRFLOW_CTX_TRY_NUMBER='1' AIRFLOW_CTX_DAG_RUN_ID='scheduled__2025-10-08T00:00:00+00:00'
[2025-11-01T20:06:45.704+0000] {merchants_to_clickhouse.py:86} INFO - [merchants->ch] Target CSV: /tmp/data/merchants/merchants-20251008.csv
[2025-11-01T20:06:45.720+0000] {merchants_to_clickhouse.py:91} INFO - [merchants->ch] Folder listing: ['merchants-20251029.csv']
[2025-11-01T20:06:45.754+0000] {crypto.py:82} WARNING - empty cryptography key - values will not be stored encrypted.
[2025-11-01T20:06:45.755+0000] {base.py:83} INFO - Using connection ID 'clickhouse_default' for task execution.
[2025-11-01T20:06:45.780+0000] {merchants_to_clickhouse.py:134} WARNING - [merchants->ch] File not found. Table ensured. Skipping insert.
[2025-11-01T20:06:45.782+0000] {python.py:201} INFO - Done. Returned value was: None
[2025-11-01T20:06:45.852+0000] {taskinstance.py:1138} INFO - Marking task as SUCCESS. dag_id=ingestion_pipeline, task_id=load_merchants_bronze, execution_date=20251008T000000, start_date=20251101T200641, end_date=20251101T200645
[2025-11-01T20:06:46.138+0000] {local_task_job_runner.py:234} INFO - Task exited with return code 0
[2025-11-01T20:06:46.669+0000] {taskinstance.py:3280} INFO - 0 downstream tasks scheduled from follow-on schedule check
[2025-11-01T20:18:07.658+0000] {taskinstance.py:1956} INFO - Dependencies all met for dep_context=non-requeueable deps ti=<TaskInstance: ingestion_pipeline.load_merchants_bronze scheduled__2025-10-08T00:00:00+00:00 [queued]>
[2025-11-01T20:18:07.718+0000] {taskinstance.py:1956} INFO - Dependencies all met for dep_context=requeueable deps ti=<TaskInstance: ingestion_pipeline.load_merchants_bronze scheduled__2025-10-08T00:00:00+00:00 [queued]>
[2025-11-01T20:18:07.742+0000] {taskinstance.py:2170} INFO - Starting attempt 1 of 2
[2025-11-01T20:18:07.854+0000] {taskinstance.py:2191} INFO - Executing <Task(PythonOperator): load_merchants_bronze> on 2025-10-08 00:00:00+00:00
[2025-11-01T20:18:07.873+0000] {standard_task_runner.py:60} INFO - Started process 445 to run task
[2025-11-01T20:18:07.912+0000] {standard_task_runner.py:87} INFO - Running: ['***', 'tasks', 'run', 'ingestion_pipeline', 'load_merchants_bronze', 'scheduled__2025-10-08T00:00:00+00:00', '--job-id', '41', '--raw', '--subdir', 'DAGS_FOLDER/ingestion_dag.py', '--cfg-path', '/tmp/tmprno7pe47']
[2025-11-01T20:18:07.916+0000] {standard_task_runner.py:88} INFO - Job 41: Subtask load_merchants_bronze
[2025-11-01T20:18:08.589+0000] {task_command.py:423} INFO - Running <TaskInstance: ingestion_pipeline.load_merchants_bronze scheduled__2025-10-08T00:00:00+00:00 [running]> on host 6335aa85b335
[2025-11-01T20:18:09.108+0000] {taskinstance.py:2480} INFO - Exporting env vars: AIRFLOW_CTX_DAG_OWNER='***' AIRFLOW_CTX_DAG_ID='ingestion_pipeline' AIRFLOW_CTX_TASK_ID='load_merchants_bronze' AIRFLOW_CTX_EXECUTION_DATE='2025-10-08T00:00:00+00:00' AIRFLOW_CTX_TRY_NUMBER='1' AIRFLOW_CTX_DAG_RUN_ID='scheduled__2025-10-08T00:00:00+00:00'
[2025-11-01T20:18:13.216+0000] {merchants_to_clickhouse.py:86} INFO - [merchants->ch] Target CSV: /tmp/data/merchants/merchants-20251008.csv
[2025-11-01T20:18:13.246+0000] {merchants_to_clickhouse.py:91} INFO - [merchants->ch] Folder listing: ['merchants-20251029.csv', 'merchants-20251030.csv']
[2025-11-01T20:18:13.261+0000] {crypto.py:82} WARNING - empty cryptography key - values will not be stored encrypted.
[2025-11-01T20:18:13.263+0000] {base.py:83} INFO - Using connection ID 'clickhouse_default' for task execution.
[2025-11-01T20:18:13.287+0000] {merchants_to_clickhouse.py:134} WARNING - [merchants->ch] File not found. Table ensured. Skipping insert.
[2025-11-01T20:18:13.298+0000] {python.py:201} INFO - Done. Returned value was: None
[2025-11-01T20:18:13.370+0000] {taskinstance.py:1138} INFO - Marking task as SUCCESS. dag_id=ingestion_pipeline, task_id=load_merchants_bronze, execution_date=20251008T000000, start_date=20251101T201807, end_date=20251101T201813
[2025-11-01T20:18:13.565+0000] {local_task_job_runner.py:234} INFO - Task exited with return code 0
[2025-11-01T20:18:13.976+0000] {taskinstance.py:3280} INFO - 0 downstream tasks scheduled from follow-on schedule check
[2025-11-02T01:29:22.758+0000] {taskinstance.py:1956} INFO - Dependencies all met for dep_context=non-requeueable deps ti=<TaskInstance: ingestion_pipeline.load_merchants_bronze scheduled__2025-10-08T00:00:00+00:00 [queued]>
[2025-11-02T01:29:22.889+0000] {taskinstance.py:1956} INFO - Dependencies all met for dep_context=requeueable deps ti=<TaskInstance: ingestion_pipeline.load_merchants_bronze scheduled__2025-10-08T00:00:00+00:00 [queued]>
[2025-11-02T01:29:22.898+0000] {taskinstance.py:2170} INFO - Starting attempt 1 of 2
[2025-11-02T01:29:23.593+0000] {taskinstance.py:2191} INFO - Executing <Task(PythonOperator): load_merchants_bronze> on 2025-10-08 00:00:00+00:00
[2025-11-02T01:29:23.698+0000] {standard_task_runner.py:60} INFO - Started process 610 to run task
[2025-11-02T01:29:23.722+0000] {standard_task_runner.py:87} INFO - Running: ['***', 'tasks', 'run', 'ingestion_pipeline', 'load_merchants_bronze', 'scheduled__2025-10-08T00:00:00+00:00', '--job-id', '40', '--raw', '--subdir', 'DAGS_FOLDER/ingestion_dag.py', '--cfg-path', '/tmp/tmppve_q14r']
[2025-11-02T01:29:23.756+0000] {standard_task_runner.py:88} INFO - Job 40: Subtask load_merchants_bronze
[2025-11-02T01:29:24.333+0000] {task_command.py:423} INFO - Running <TaskInstance: ingestion_pipeline.load_merchants_bronze scheduled__2025-10-08T00:00:00+00:00 [running]> on host 3b0074fa0b5e
[2025-11-02T01:29:25.315+0000] {taskinstance.py:2480} INFO - Exporting env vars: AIRFLOW_CTX_DAG_OWNER='***' AIRFLOW_CTX_DAG_ID='ingestion_pipeline' AIRFLOW_CTX_TASK_ID='load_merchants_bronze' AIRFLOW_CTX_EXECUTION_DATE='2025-10-08T00:00:00+00:00' AIRFLOW_CTX_TRY_NUMBER='1' AIRFLOW_CTX_DAG_RUN_ID='scheduled__2025-10-08T00:00:00+00:00'
[2025-11-02T01:29:29.745+0000] {merchants_to_clickhouse.py:86} INFO - [merchants->ch] Target CSV: /tmp/data/merchants/merchants-20251008.csv
[2025-11-02T01:29:29.753+0000] {merchants_to_clickhouse.py:91} INFO - [merchants->ch] Folder listing: ['merchants-20251029.csv', 'merchants-20251030.csv']
[2025-11-02T01:29:29.758+0000] {crypto.py:82} WARNING - empty cryptography key - values will not be stored encrypted.
[2025-11-02T01:29:29.771+0000] {base.py:83} INFO - Using connection ID 'clickhouse_default' for task execution.
[2025-11-02T01:29:29.810+0000] {merchants_to_clickhouse.py:134} WARNING - [merchants->ch] File not found. Table ensured. Skipping insert.
[2025-11-02T01:29:29.813+0000] {python.py:201} INFO - Done. Returned value was: None
[2025-11-02T01:29:29.873+0000] {taskinstance.py:1138} INFO - Marking task as SUCCESS. dag_id=ingestion_pipeline, task_id=load_merchants_bronze, execution_date=20251008T000000, start_date=20251102T012922, end_date=20251102T012929
[2025-11-02T01:29:30.132+0000] {local_task_job_runner.py:234} INFO - Task exited with return code 0
[2025-11-02T01:29:30.369+0000] {taskinstance.py:3280} INFO - 0 downstream tasks scheduled from follow-on schedule check
[2025-11-02T11:27:22.459+0000] {taskinstance.py:1956} INFO - Dependencies all met for dep_context=non-requeueable deps ti=<TaskInstance: ingestion_pipeline.load_merchants_bronze scheduled__2025-10-08T00:00:00+00:00 [queued]>
[2025-11-02T11:27:22.508+0000] {taskinstance.py:1956} INFO - Dependencies all met for dep_context=requeueable deps ti=<TaskInstance: ingestion_pipeline.load_merchants_bronze scheduled__2025-10-08T00:00:00+00:00 [queued]>
[2025-11-02T11:27:22.517+0000] {taskinstance.py:2170} INFO - Starting attempt 1 of 2
[2025-11-02T11:27:22.906+0000] {taskinstance.py:2191} INFO - Executing <Task(PythonOperator): load_merchants_bronze> on 2025-10-08 00:00:00+00:00
[2025-11-02T11:27:22.938+0000] {standard_task_runner.py:60} INFO - Started process 712 to run task
[2025-11-02T11:27:22.968+0000] {standard_task_runner.py:87} INFO - Running: ['***', 'tasks', 'run', 'ingestion_pipeline', 'load_merchants_bronze', 'scheduled__2025-10-08T00:00:00+00:00', '--job-id', '38', '--raw', '--subdir', 'DAGS_FOLDER/ingestion_dag.py', '--cfg-path', '/tmp/tmpolbuos5e']
[2025-11-02T11:27:23.019+0000] {standard_task_runner.py:88} INFO - Job 38: Subtask load_merchants_bronze
[2025-11-02T11:27:23.486+0000] {task_command.py:423} INFO - Running <TaskInstance: ingestion_pipeline.load_merchants_bronze scheduled__2025-10-08T00:00:00+00:00 [running]> on host 0d39d4365eb9
[2025-11-02T11:27:24.300+0000] {taskinstance.py:2480} INFO - Exporting env vars: AIRFLOW_CTX_DAG_OWNER='***' AIRFLOW_CTX_DAG_ID='ingestion_pipeline' AIRFLOW_CTX_TASK_ID='load_merchants_bronze' AIRFLOW_CTX_EXECUTION_DATE='2025-10-08T00:00:00+00:00' AIRFLOW_CTX_TRY_NUMBER='1' AIRFLOW_CTX_DAG_RUN_ID='scheduled__2025-10-08T00:00:00+00:00'
[2025-11-02T11:27:30.528+0000] {merchants_to_clickhouse.py:86} INFO - [merchants->ch] Target CSV: /tmp/data/merchants/merchants-20251008.csv
[2025-11-02T11:27:30.722+0000] {merchants_to_clickhouse.py:91} INFO - [merchants->ch] Folder listing: ['merchants-20251029.csv', 'merchants-20251030.csv']
[2025-11-02T11:27:30.739+0000] {crypto.py:82} WARNING - empty cryptography key - values will not be stored encrypted.
[2025-11-02T11:27:30.848+0000] {base.py:83} INFO - Using connection ID 'clickhouse_default' for task execution.
[2025-11-02T11:27:30.881+0000] {merchants_to_clickhouse.py:134} WARNING - [merchants->ch] File not found. Table ensured. Skipping insert.
[2025-11-02T11:27:30.882+0000] {python.py:201} INFO - Done. Returned value was: None
[2025-11-02T11:27:31.067+0000] {taskinstance.py:1138} INFO - Marking task as SUCCESS. dag_id=ingestion_pipeline, task_id=load_merchants_bronze, execution_date=20251008T000000, start_date=20251102T112722, end_date=20251102T112731
[2025-11-02T11:27:31.554+0000] {local_task_job_runner.py:234} INFO - Task exited with return code 0
[2025-11-02T11:27:31.645+0000] {taskinstance.py:3280} INFO - 0 downstream tasks scheduled from follow-on schedule check
