[2025-11-01T20:22:54.447+0000] {taskinstance.py:1956} INFO - Dependencies all met for dep_context=non-requeueable deps ti=<TaskInstance: silver_transformation_pipeline.dbt_run_payments scheduled__2025-10-21T00:00:00+00:00 [queued]>
[2025-11-01T20:22:54.457+0000] {taskinstance.py:1956} INFO - Dependencies all met for dep_context=requeueable deps ti=<TaskInstance: silver_transformation_pipeline.dbt_run_payments scheduled__2025-10-21T00:00:00+00:00 [queued]>
[2025-11-01T20:22:54.458+0000] {taskinstance.py:2170} INFO - Starting attempt 1 of 2
[2025-11-01T20:22:54.476+0000] {taskinstance.py:2191} INFO - Executing <Task(PythonOperator): dbt_run_payments> on 2025-10-21 00:00:00+00:00
[2025-11-01T20:22:54.485+0000] {standard_task_runner.py:60} INFO - Started process 1964 to run task
[2025-11-01T20:22:54.489+0000] {standard_task_runner.py:87} INFO - Running: ['***', 'tasks', 'run', 'silver_transformation_pipeline', 'dbt_run_payments', 'scheduled__2025-10-21T00:00:00+00:00', '--job-id', '208', '--raw', '--subdir', 'DAGS_FOLDER/silver_dag.py', '--cfg-path', '/tmp/tmpos55eeuz']
[2025-11-01T20:22:54.493+0000] {standard_task_runner.py:88} INFO - Job 208: Subtask dbt_run_payments
[2025-11-01T20:22:54.577+0000] {task_command.py:423} INFO - Running <TaskInstance: silver_transformation_pipeline.dbt_run_payments scheduled__2025-10-21T00:00:00+00:00 [running]> on host 6335aa85b335
[2025-11-01T20:22:54.698+0000] {taskinstance.py:2480} INFO - Exporting env vars: AIRFLOW_CTX_DAG_OWNER='***' AIRFLOW_CTX_DAG_ID='silver_transformation_pipeline' AIRFLOW_CTX_TASK_ID='dbt_run_payments' AIRFLOW_CTX_EXECUTION_DATE='2025-10-21T00:00:00+00:00' AIRFLOW_CTX_TRY_NUMBER='1' AIRFLOW_CTX_DAG_RUN_ID='scheduled__2025-10-21T00:00:00+00:00'
[2025-11-01T20:23:01.027+0000] {python.py:201} INFO - Done. Returned value was: None
[2025-11-01T20:23:01.045+0000] {taskinstance.py:1138} INFO - Marking task as SUCCESS. dag_id=silver_transformation_pipeline, task_id=dbt_run_payments, execution_date=20251021T000000, start_date=20251101T202254, end_date=20251101T202301
[2025-11-01T20:23:01.074+0000] {local_task_job_runner.py:234} INFO - Task exited with return code 0
[2025-11-01T20:23:01.097+0000] {taskinstance.py:3280} INFO - 0 downstream tasks scheduled from follow-on schedule check
[2025-11-02T01:38:11.712+0000] {taskinstance.py:1956} INFO - Dependencies all met for dep_context=non-requeueable deps ti=<TaskInstance: silver_transformation_pipeline.dbt_run_payments scheduled__2025-10-21T00:00:00+00:00 [queued]>
[2025-11-02T01:38:11.725+0000] {taskinstance.py:1956} INFO - Dependencies all met for dep_context=requeueable deps ti=<TaskInstance: silver_transformation_pipeline.dbt_run_payments scheduled__2025-10-21T00:00:00+00:00 [queued]>
[2025-11-02T01:38:11.726+0000] {taskinstance.py:2170} INFO - Starting attempt 1 of 2
[2025-11-02T01:38:11.740+0000] {taskinstance.py:2191} INFO - Executing <Task(PythonOperator): dbt_run_payments> on 2025-10-21 00:00:00+00:00
[2025-11-02T01:38:11.748+0000] {standard_task_runner.py:60} INFO - Started process 2904 to run task
[2025-11-02T01:38:11.753+0000] {standard_task_runner.py:87} INFO - Running: ['***', 'tasks', 'run', 'silver_transformation_pipeline', 'dbt_run_payments', 'scheduled__2025-10-21T00:00:00+00:00', '--job-id', '213', '--raw', '--subdir', 'DAGS_FOLDER/silver_dag.py', '--cfg-path', '/tmp/tmpursxqz8j']
[2025-11-02T01:38:11.755+0000] {standard_task_runner.py:88} INFO - Job 213: Subtask dbt_run_payments
[2025-11-02T01:38:11.867+0000] {task_command.py:423} INFO - Running <TaskInstance: silver_transformation_pipeline.dbt_run_payments scheduled__2025-10-21T00:00:00+00:00 [running]> on host 3b0074fa0b5e
[2025-11-02T01:38:11.991+0000] {taskinstance.py:2480} INFO - Exporting env vars: AIRFLOW_CTX_DAG_OWNER='***' AIRFLOW_CTX_DAG_ID='silver_transformation_pipeline' AIRFLOW_CTX_TASK_ID='dbt_run_payments' AIRFLOW_CTX_EXECUTION_DATE='2025-10-21T00:00:00+00:00' AIRFLOW_CTX_TRY_NUMBER='1' AIRFLOW_CTX_DAG_RUN_ID='scheduled__2025-10-21T00:00:00+00:00'
[2025-11-02T01:38:19.184+0000] {python.py:201} INFO - Done. Returned value was: None
[2025-11-02T01:38:19.205+0000] {taskinstance.py:1138} INFO - Marking task as SUCCESS. dag_id=silver_transformation_pipeline, task_id=dbt_run_payments, execution_date=20251021T000000, start_date=20251102T013811, end_date=20251102T013819
[2025-11-02T01:38:19.258+0000] {local_task_job_runner.py:234} INFO - Task exited with return code 0
[2025-11-02T01:38:19.293+0000] {taskinstance.py:3280} INFO - 0 downstream tasks scheduled from follow-on schedule check
[2025-11-02T11:33:49.312+0000] {taskinstance.py:1956} INFO - Dependencies all met for dep_context=non-requeueable deps ti=<TaskInstance: silver_transformation_pipeline.dbt_run_payments scheduled__2025-10-21T00:00:00+00:00 [queued]>
[2025-11-02T11:33:49.323+0000] {taskinstance.py:1956} INFO - Dependencies all met for dep_context=requeueable deps ti=<TaskInstance: silver_transformation_pipeline.dbt_run_payments scheduled__2025-10-21T00:00:00+00:00 [queued]>
[2025-11-02T11:33:49.324+0000] {taskinstance.py:2170} INFO - Starting attempt 1 of 2
[2025-11-02T11:33:49.343+0000] {taskinstance.py:2191} INFO - Executing <Task(PythonOperator): dbt_run_payments> on 2025-10-21 00:00:00+00:00
[2025-11-02T11:33:49.352+0000] {standard_task_runner.py:60} INFO - Started process 3082 to run task
[2025-11-02T11:33:49.356+0000] {standard_task_runner.py:87} INFO - Running: ['***', 'tasks', 'run', 'silver_transformation_pipeline', 'dbt_run_payments', 'scheduled__2025-10-21T00:00:00+00:00', '--job-id', '225', '--raw', '--subdir', 'DAGS_FOLDER/silver_dag.py', '--cfg-path', '/tmp/tmpc9fl81av']
[2025-11-02T11:33:49.360+0000] {standard_task_runner.py:88} INFO - Job 225: Subtask dbt_run_payments
[2025-11-02T11:33:49.453+0000] {task_command.py:423} INFO - Running <TaskInstance: silver_transformation_pipeline.dbt_run_payments scheduled__2025-10-21T00:00:00+00:00 [running]> on host 0d39d4365eb9
[2025-11-02T11:33:49.571+0000] {taskinstance.py:2480} INFO - Exporting env vars: AIRFLOW_CTX_DAG_OWNER='***' AIRFLOW_CTX_DAG_ID='silver_transformation_pipeline' AIRFLOW_CTX_TASK_ID='dbt_run_payments' AIRFLOW_CTX_EXECUTION_DATE='2025-10-21T00:00:00+00:00' AIRFLOW_CTX_TRY_NUMBER='1' AIRFLOW_CTX_DAG_RUN_ID='scheduled__2025-10-21T00:00:00+00:00'
[2025-11-02T11:33:57.437+0000] {python.py:201} INFO - Done. Returned value was: None
[2025-11-02T11:33:57.461+0000] {taskinstance.py:1138} INFO - Marking task as SUCCESS. dag_id=silver_transformation_pipeline, task_id=dbt_run_payments, execution_date=20251021T000000, start_date=20251102T113349, end_date=20251102T113357
[2025-11-02T11:33:57.513+0000] {local_task_job_runner.py:234} INFO - Task exited with return code 0
[2025-11-02T11:33:57.543+0000] {taskinstance.py:3280} INFO - 0 downstream tasks scheduled from follow-on schedule check
