[2025-11-01T15:06:26.265+0000] {taskinstance.py:1956} INFO - Dependencies all met for dep_context=non-requeueable deps ti=<TaskInstance: silver_transformation_pipeline.dbt_run_linktx manual__2025-11-01T15:06:23.935672+00:00 [queued]>
[2025-11-01T15:06:26.279+0000] {taskinstance.py:1956} INFO - Dependencies all met for dep_context=requeueable deps ti=<TaskInstance: silver_transformation_pipeline.dbt_run_linktx manual__2025-11-01T15:06:23.935672+00:00 [queued]>
[2025-11-01T15:06:26.280+0000] {taskinstance.py:2170} INFO - Starting attempt 1 of 2
[2025-11-01T15:06:26.303+0000] {taskinstance.py:2191} INFO - Executing <Task(PythonOperator): dbt_run_linktx> on 2025-11-01 15:06:23.935672+00:00
[2025-11-01T15:06:26.308+0000] {standard_task_runner.py:60} INFO - Started process 675 to run task
[2025-11-01T15:06:26.314+0000] {standard_task_runner.py:87} INFO - Running: ['***', 'tasks', 'run', 'silver_transformation_pipeline', 'dbt_run_linktx', 'manual__2025-11-01T15:06:23.935672+00:00', '--job-id', '29', '--raw', '--subdir', 'DAGS_FOLDER/silver_dag.py', '--cfg-path', '/tmp/tmp6974wcal']
[2025-11-01T15:06:26.319+0000] {standard_task_runner.py:88} INFO - Job 29: Subtask dbt_run_linktx
[2025-11-01T15:06:26.428+0000] {task_command.py:423} INFO - Running <TaskInstance: silver_transformation_pipeline.dbt_run_linktx manual__2025-11-01T15:06:23.935672+00:00 [running]> on host 7f2b5a16b237
[2025-11-01T15:06:26.610+0000] {taskinstance.py:2480} INFO - Exporting env vars: AIRFLOW_CTX_DAG_OWNER='***' AIRFLOW_CTX_DAG_ID='silver_transformation_pipeline' AIRFLOW_CTX_TASK_ID='dbt_run_linktx' AIRFLOW_CTX_EXECUTION_DATE='2025-11-01T15:06:23.935672+00:00' AIRFLOW_CTX_TRY_NUMBER='1' AIRFLOW_CTX_DAG_RUN_ID='manual__2025-11-01T15:06:23.935672+00:00'
[2025-11-01T15:06:26.615+0000] {taskinstance.py:2698} ERROR - Task failed with exception
Traceback (most recent call last):
  File "/home/airflow/.local/lib/python3.8/site-packages/airflow/models/taskinstance.py", line 433, in _execute_task
    result = execute_callable(context=context, **execute_callable_kwargs)
  File "/home/airflow/.local/lib/python3.8/site-packages/airflow/operators/python.py", line 199, in execute
    return_value = self.execute_callable()
  File "/home/airflow/.local/lib/python3.8/site-packages/airflow/operators/python.py", line 216, in execute_callable
    return self.python_callable(*self.op_args, **self.op_kwargs)
  File "/opt/airflow/dags/silver_dag.py", line 118, in <lambda>
    python_callable=lambda ds, **_: _run_dbt("silver_link_transactions", ds=ds, full_refresh=False, pass_ds_lagged=True),
  File "/opt/airflow/dags/silver_dag.py", line 62, in _run_dbt
    ds_lagged = _compute_ds_lagged(ds, LAG_DAYS)
  File "/opt/airflow/dags/silver_dag.py", line 43, in _compute_ds_lagged
    dt = timezone.datetime.strptime(ds, "%Y-%m-%d")
AttributeError: 'function' object has no attribute 'strptime'
[2025-11-01T15:06:26.653+0000] {taskinstance.py:1138} INFO - Marking task as UP_FOR_RETRY. dag_id=silver_transformation_pipeline, task_id=dbt_run_linktx, execution_date=20251101T150623, start_date=20251101T150626, end_date=20251101T150626
[2025-11-01T15:06:26.679+0000] {standard_task_runner.py:107} ERROR - Failed to execute job 29 for task dbt_run_linktx ('function' object has no attribute 'strptime'; 675)
[2025-11-01T15:06:26.735+0000] {local_task_job_runner.py:234} INFO - Task exited with return code 1
[2025-11-01T15:06:26.783+0000] {taskinstance.py:3280} INFO - 0 downstream tasks scheduled from follow-on schedule check
