[2025-11-02T11:43:52.062+0000] {taskinstance.py:1956} INFO - Dependencies all met for dep_context=non-requeueable deps ti=<TaskInstance: gold_dimensions_pipeline.dbt_dim_merchants scheduled__2025-10-14T00:00:00+00:00 [queued]>
[2025-11-02T11:43:52.075+0000] {taskinstance.py:1956} INFO - Dependencies all met for dep_context=requeueable deps ti=<TaskInstance: gold_dimensions_pipeline.dbt_dim_merchants scheduled__2025-10-14T00:00:00+00:00 [queued]>
[2025-11-02T11:43:52.076+0000] {taskinstance.py:2170} INFO - Starting attempt 1 of 3
[2025-11-02T11:43:52.092+0000] {taskinstance.py:2191} INFO - Executing <Task(PythonOperator): dbt_dim_merchants> on 2025-10-14 00:00:00+00:00
[2025-11-02T11:43:52.098+0000] {standard_task_runner.py:60} INFO - Started process 5365 to run task
[2025-11-02T11:43:52.103+0000] {standard_task_runner.py:87} INFO - Running: ['***', 'tasks', 'run', 'gold_dimensions_pipeline', 'dbt_dim_merchants', 'scheduled__2025-10-14T00:00:00+00:00', '--job-id', '325', '--raw', '--subdir', 'DAGS_FOLDER/gold_dag.py', '--cfg-path', '/tmp/tmp_xe5fgwv']
[2025-11-02T11:43:52.106+0000] {standard_task_runner.py:88} INFO - Job 325: Subtask dbt_dim_merchants
[2025-11-02T11:43:52.194+0000] {task_command.py:423} INFO - Running <TaskInstance: gold_dimensions_pipeline.dbt_dim_merchants scheduled__2025-10-14T00:00:00+00:00 [running]> on host 0d39d4365eb9
[2025-11-02T11:43:52.296+0000] {taskinstance.py:2480} INFO - Exporting env vars: AIRFLOW_CTX_DAG_OWNER='***' AIRFLOW_CTX_DAG_ID='gold_dimensions_pipeline' AIRFLOW_CTX_TASK_ID='dbt_dim_merchants' AIRFLOW_CTX_EXECUTION_DATE='2025-10-14T00:00:00+00:00' AIRFLOW_CTX_TRY_NUMBER='1' AIRFLOW_CTX_DAG_RUN_ID='scheduled__2025-10-14T00:00:00+00:00'
[2025-11-02T11:43:58.487+0000] {logging_mixin.py:188} INFO - ==== DBT STDOUT ====
[2025-11-02T11:43:58.493+0000] {logging_mixin.py:188} INFO - 11:43:56  Running with dbt=1.5.9
11:43:56  Registered adapter: clickhouse=1.5.2
11:43:56  [WARNING]: Configuration paths exist in your dbt_project.yml file which do not apply to any resources.
There are 2 unused configuration paths:
- models.ck_project.bronze
- models.ck_project.gold.fact
11:43:56  Found 7 models, 17 tests, 0 snapshots, 0 analyses, 349 macros, 0 operations, 0 seed files, 6 sources, 0 exposures, 0 metrics, 0 groups
11:43:56  
11:43:57  Concurrency: 4 threads (target='dev')
11:43:57  
11:43:57  1 of 1 START sql table model gold.dim_merchants ................................ [RUN]
11:43:57  1 of 1 OK created sql table model gold.dim_merchants ........................... [OK in 0.37s]
11:43:57  
11:43:57  Finished running 1 table model in 0 hours 0 minutes and 0.84 seconds (0.84s).
11:43:57  
11:43:57  Completed successfully
11:43:57  
11:43:57  Done. PASS=1 WARN=0 ERROR=0 SKIP=0 TOTAL=1
[2025-11-02T11:43:58.494+0000] {logging_mixin.py:188} INFO - ==== DBT STDERR ====
[2025-11-02T11:43:58.495+0000] {python.py:201} INFO - Done. Returned value was: None
[2025-11-02T11:43:58.517+0000] {taskinstance.py:1138} INFO - Marking task as SUCCESS. dag_id=gold_dimensions_pipeline, task_id=dbt_dim_merchants, execution_date=20251014T000000, start_date=20251102T114352, end_date=20251102T114358
[2025-11-02T11:43:58.568+0000] {local_task_job_runner.py:234} INFO - Task exited with return code 0
[2025-11-02T11:43:58.596+0000] {taskinstance.py:3280} INFO - 0 downstream tasks scheduled from follow-on schedule check
