[2025-11-02T18:36:37.435+0000] {taskinstance.py:1956} INFO - Dependencies all met for dep_context=non-requeueable deps ti=<TaskInstance: gold_dimensions_pipeline.dbt_dim_payment_state scheduled__2025-10-04T00:00:00+00:00 [queued]>
[2025-11-02T18:36:37.456+0000] {taskinstance.py:1956} INFO - Dependencies all met for dep_context=requeueable deps ti=<TaskInstance: gold_dimensions_pipeline.dbt_dim_payment_state scheduled__2025-10-04T00:00:00+00:00 [queued]>
[2025-11-02T18:36:37.457+0000] {taskinstance.py:2170} INFO - Starting attempt 1 of 3
[2025-11-02T18:36:37.504+0000] {taskinstance.py:2191} INFO - Executing <Task(PythonOperator): dbt_dim_payment_state> on 2025-10-04 00:00:00+00:00
[2025-11-02T18:36:37.512+0000] {standard_task_runner.py:60} INFO - Started process 7349 to run task
[2025-11-02T18:36:37.521+0000] {standard_task_runner.py:87} INFO - Running: ['***', 'tasks', 'run', 'gold_dimensions_pipeline', 'dbt_dim_payment_state', 'scheduled__2025-10-04T00:00:00+00:00', '--job-id', '40', '--raw', '--subdir', 'DAGS_FOLDER/gold_dag.py', '--cfg-path', '/tmp/tmplpmbp8zb']
[2025-11-02T18:36:37.526+0000] {standard_task_runner.py:88} INFO - Job 40: Subtask dbt_dim_payment_state
[2025-11-02T18:36:37.683+0000] {task_command.py:423} INFO - Running <TaskInstance: gold_dimensions_pipeline.dbt_dim_payment_state scheduled__2025-10-04T00:00:00+00:00 [running]> on host 65b87e279dde
[2025-11-02T18:36:37.834+0000] {taskinstance.py:2480} INFO - Exporting env vars: AIRFLOW_CTX_DAG_OWNER='***' AIRFLOW_CTX_DAG_ID='gold_dimensions_pipeline' AIRFLOW_CTX_TASK_ID='dbt_dim_payment_state' AIRFLOW_CTX_EXECUTION_DATE='2025-10-04T00:00:00+00:00' AIRFLOW_CTX_TRY_NUMBER='1' AIRFLOW_CTX_DAG_RUN_ID='scheduled__2025-10-04T00:00:00+00:00'
[2025-11-02T18:36:41.181+0000] {logging_mixin.py:188} INFO - 18:36:41  Running with dbt=1.5.9
[2025-11-02T18:36:41.455+0000] {logging_mixin.py:188} INFO - 18:36:41  Registered adapter: clickhouse=1.5.2
[2025-11-02T18:36:43.767+0000] {logging_mixin.py:188} INFO - 18:36:43  [WARNING]: Configuration paths exist in your dbt_project.yml file which do not apply to any resources.
[2025-11-02T18:36:43.768+0000] {logging_mixin.py:188} INFO - There are 1 unused configuration paths:
[2025-11-02T18:36:43.769+0000] {logging_mixin.py:188} INFO - - models.ck_project.bronze
[2025-11-02T18:36:43.826+0000] {logging_mixin.py:188} INFO - 18:36:43  Found 8 models, 20 tests, 0 snapshots, 0 analyses, 349 macros, 0 operations, 0 seed files, 6 sources, 0 exposures, 0 metrics, 0 groups
[2025-11-02T18:36:43.832+0000] {logging_mixin.py:188} INFO - 18:36:43
[2025-11-02T18:36:44.369+0000] {logging_mixin.py:188} INFO - 18:36:44  Concurrency: 4 threads (target='dev')
[2025-11-02T18:36:44.371+0000] {logging_mixin.py:188} INFO - 18:36:44
[2025-11-02T18:36:44.410+0000] {logging_mixin.py:188} INFO - 18:36:44  1 of 1 START sql table model gold.dim_payment_state ............................ [RUN]
[2025-11-02T18:36:44.803+0000] {logging_mixin.py:188} INFO - 18:36:44  1 of 1 OK created sql table model gold.dim_payment_state ....................... [OK in 0.39s]
[2025-11-02T18:36:44.820+0000] {logging_mixin.py:188} INFO - 18:36:44
[2025-11-02T18:36:44.822+0000] {logging_mixin.py:188} INFO - 18:36:44  Finished running 1 table model in 0 hours 0 minutes and 0.99 seconds (0.99s).
[2025-11-02T18:36:44.858+0000] {logging_mixin.py:188} INFO - 18:36:44
[2025-11-02T18:36:44.860+0000] {logging_mixin.py:188} INFO - 18:36:44  Completed successfully
[2025-11-02T18:36:44.863+0000] {logging_mixin.py:188} INFO - 18:36:44
[2025-11-02T18:36:44.864+0000] {logging_mixin.py:188} INFO - 18:36:44  Done. PASS=1 WARN=0 ERROR=0 SKIP=0 TOTAL=1
[2025-11-02T18:36:45.805+0000] {python.py:201} INFO - Done. Returned value was: None
[2025-11-02T18:36:45.834+0000] {taskinstance.py:1138} INFO - Marking task as SUCCESS. dag_id=gold_dimensions_pipeline, task_id=dbt_dim_payment_state, execution_date=20251004T000000, start_date=20251102T183637, end_date=20251102T183645
[2025-11-02T18:36:45.883+0000] {local_task_job_runner.py:234} INFO - Task exited with return code 0
[2025-11-02T18:36:45.926+0000] {taskinstance.py:3280} INFO - 0 downstream tasks scheduled from follow-on schedule check
