[2025-11-01T16:52:38.643+0000] {taskinstance.py:1956} INFO - Dependencies all met for dep_context=non-requeueable deps ti=<TaskInstance: ingestion_pipeline.load_link_transactions_to_mongo manual__2025-11-01T16:52:37.564379+00:00 [queued]>
[2025-11-01T16:52:38.672+0000] {taskinstance.py:1956} INFO - Dependencies all met for dep_context=requeueable deps ti=<TaskInstance: ingestion_pipeline.load_link_transactions_to_mongo manual__2025-11-01T16:52:37.564379+00:00 [queued]>
[2025-11-01T16:52:38.673+0000] {taskinstance.py:2170} INFO - Starting attempt 1 of 2
[2025-11-01T16:52:38.714+0000] {taskinstance.py:2191} INFO - Executing <Task(PythonOperator): load_link_transactions_to_mongo> on 2025-11-01 16:52:37.564379+00:00
[2025-11-01T16:52:38.727+0000] {standard_task_runner.py:60} INFO - Started process 285 to run task
[2025-11-01T16:52:38.739+0000] {standard_task_runner.py:87} INFO - Running: ['***', 'tasks', 'run', 'ingestion_pipeline', 'load_link_transactions_to_mongo', 'manual__2025-11-01T16:52:37.564379+00:00', '--job-id', '3', '--raw', '--subdir', 'DAGS_FOLDER/ingestion_dag.py', '--cfg-path', '/tmp/tmppx6r48oz']
[2025-11-01T16:52:38.754+0000] {standard_task_runner.py:88} INFO - Job 3: Subtask load_link_transactions_to_mongo
[2025-11-01T16:52:38.986+0000] {task_command.py:423} INFO - Running <TaskInstance: ingestion_pipeline.load_link_transactions_to_mongo manual__2025-11-01T16:52:37.564379+00:00 [running]> on host 69cecc54c654
[2025-11-01T16:52:39.235+0000] {taskinstance.py:2480} INFO - Exporting env vars: AIRFLOW_CTX_DAG_OWNER='***' AIRFLOW_CTX_DAG_ID='ingestion_pipeline' AIRFLOW_CTX_TASK_ID='load_link_transactions_to_mongo' AIRFLOW_CTX_EXECUTION_DATE='2025-11-01T16:52:37.564379+00:00' AIRFLOW_CTX_TRY_NUMBER='1' AIRFLOW_CTX_DAG_RUN_ID='manual__2025-11-01T16:52:37.564379+00:00'
[2025-11-01T16:52:42.979+0000] {mongo_ingestion.py:59} INFO - [mongo/link_tx] Target CSV: /tmp/data/link_transactions/link_transactions-20251003.csv
[2025-11-01T16:52:43.002+0000] {mongo_ingestion.py:62} INFO - [mongo/link_tx] Directory listing: ['link_transactions-20251001.csv', 'link_transactions-20251002.csv', 'link_transactions-20251003.csv', 'link_transactions-20251004.csv']
[2025-11-01T16:52:43.006+0000] {crypto.py:82} WARNING - empty cryptography key - values will not be stored encrypted.
[2025-11-01T16:52:43.014+0000] {base.py:83} INFO - Using connection ID 'mongo_default' for task execution.
[2025-11-01T16:52:44.412+0000] {mongo_ingestion.py:136} INFO - [mongo/link_tx] Deleted 0 docs for _source_file=link_transactions-20251003.csv (idempotency).
[2025-11-01T16:52:44.486+0000] {mongo_ingestion.py:146} INFO - [mongo/link_tx] Inserted 583 docs into link_transactions_raw for 2025-10-03.
[2025-11-01T16:52:44.492+0000] {mongo_ingestion.py:154} INFO - [mongo/link_tx] MongoDB connection closed.
[2025-11-01T16:52:44.501+0000] {python.py:201} INFO - Done. Returned value was: None
[2025-11-01T16:52:44.527+0000] {taskinstance.py:1138} INFO - Marking task as SUCCESS. dag_id=ingestion_pipeline, task_id=load_link_transactions_to_mongo, execution_date=20251101T165237, start_date=20251101T165238, end_date=20251101T165244
[2025-11-01T16:52:44.645+0000] {local_task_job_runner.py:234} INFO - Task exited with return code 0
[2025-11-01T16:52:44.712+0000] {taskinstance.py:3280} INFO - 1 downstream tasks scheduled from follow-on schedule check
