[2025-11-01T20:13:29.762+0000] {taskinstance.py:1956} INFO - Dependencies all met for dep_context=non-requeueable deps ti=<TaskInstance: silver_transformation_pipeline.dbt_run_linktx scheduled__2025-10-05T00:00:00+00:00 [queued]>
[2025-11-01T20:13:29.774+0000] {taskinstance.py:1956} INFO - Dependencies all met for dep_context=requeueable deps ti=<TaskInstance: silver_transformation_pipeline.dbt_run_linktx scheduled__2025-10-05T00:00:00+00:00 [queued]>
[2025-11-01T20:13:29.775+0000] {taskinstance.py:2170} INFO - Starting attempt 1 of 2
[2025-11-01T20:13:29.790+0000] {taskinstance.py:2191} INFO - Executing <Task(PythonOperator): dbt_run_linktx> on 2025-10-05 00:00:00+00:00
[2025-11-01T20:13:29.800+0000] {standard_task_runner.py:60} INFO - Started process 1495 to run task
[2025-11-01T20:13:29.804+0000] {standard_task_runner.py:87} INFO - Running: ['***', 'tasks', 'run', 'silver_transformation_pipeline', 'dbt_run_linktx', 'scheduled__2025-10-05T00:00:00+00:00', '--job-id', '150', '--raw', '--subdir', 'DAGS_FOLDER/silver_dag.py', '--cfg-path', '/tmp/tmpd3_ktfvg']
[2025-11-01T20:13:29.808+0000] {standard_task_runner.py:88} INFO - Job 150: Subtask dbt_run_linktx
[2025-11-01T20:13:29.892+0000] {task_command.py:423} INFO - Running <TaskInstance: silver_transformation_pipeline.dbt_run_linktx scheduled__2025-10-05T00:00:00+00:00 [running]> on host 1a955fda0cfd
[2025-11-01T20:13:29.997+0000] {taskinstance.py:2480} INFO - Exporting env vars: AIRFLOW_CTX_DAG_OWNER='***' AIRFLOW_CTX_DAG_ID='silver_transformation_pipeline' AIRFLOW_CTX_TASK_ID='dbt_run_linktx' AIRFLOW_CTX_EXECUTION_DATE='2025-10-05T00:00:00+00:00' AIRFLOW_CTX_TRY_NUMBER='1' AIRFLOW_CTX_DAG_RUN_ID='scheduled__2025-10-05T00:00:00+00:00'
[2025-11-01T20:13:36.871+0000] {python.py:201} INFO - Done. Returned value was: None
[2025-11-01T20:13:36.892+0000] {taskinstance.py:1138} INFO - Marking task as SUCCESS. dag_id=silver_transformation_pipeline, task_id=dbt_run_linktx, execution_date=20251005T000000, start_date=20251101T201329, end_date=20251101T201336
[2025-11-01T20:13:36.975+0000] {local_task_job_runner.py:234} INFO - Task exited with return code 0
[2025-11-01T20:13:36.999+0000] {taskinstance.py:3280} INFO - 0 downstream tasks scheduled from follow-on schedule check
[2025-11-01T20:20:11.455+0000] {taskinstance.py:1956} INFO - Dependencies all met for dep_context=non-requeueable deps ti=<TaskInstance: silver_transformation_pipeline.dbt_run_linktx scheduled__2025-10-05T00:00:00+00:00 [queued]>
[2025-11-01T20:20:11.466+0000] {taskinstance.py:1956} INFO - Dependencies all met for dep_context=requeueable deps ti=<TaskInstance: silver_transformation_pipeline.dbt_run_linktx scheduled__2025-10-05T00:00:00+00:00 [queued]>
[2025-11-01T20:20:11.466+0000] {taskinstance.py:2170} INFO - Starting attempt 1 of 2
[2025-11-01T20:20:11.481+0000] {taskinstance.py:2191} INFO - Executing <Task(PythonOperator): dbt_run_linktx> on 2025-10-05 00:00:00+00:00
[2025-11-01T20:20:11.487+0000] {standard_task_runner.py:60} INFO - Started process 1124 to run task
[2025-11-01T20:20:11.492+0000] {standard_task_runner.py:87} INFO - Running: ['***', 'tasks', 'run', 'silver_transformation_pipeline', 'dbt_run_linktx', 'scheduled__2025-10-05T00:00:00+00:00', '--job-id', '143', '--raw', '--subdir', 'DAGS_FOLDER/silver_dag.py', '--cfg-path', '/tmp/tmpf37srod0']
[2025-11-01T20:20:11.494+0000] {standard_task_runner.py:88} INFO - Job 143: Subtask dbt_run_linktx
[2025-11-01T20:20:11.580+0000] {task_command.py:423} INFO - Running <TaskInstance: silver_transformation_pipeline.dbt_run_linktx scheduled__2025-10-05T00:00:00+00:00 [running]> on host 6335aa85b335
[2025-11-01T20:20:11.688+0000] {taskinstance.py:2480} INFO - Exporting env vars: AIRFLOW_CTX_DAG_OWNER='***' AIRFLOW_CTX_DAG_ID='silver_transformation_pipeline' AIRFLOW_CTX_TASK_ID='dbt_run_linktx' AIRFLOW_CTX_EXECUTION_DATE='2025-10-05T00:00:00+00:00' AIRFLOW_CTX_TRY_NUMBER='1' AIRFLOW_CTX_DAG_RUN_ID='scheduled__2025-10-05T00:00:00+00:00'
[2025-11-01T20:20:18.084+0000] {python.py:201} INFO - Done. Returned value was: None
[2025-11-01T20:20:18.114+0000] {taskinstance.py:1138} INFO - Marking task as SUCCESS. dag_id=silver_transformation_pipeline, task_id=dbt_run_linktx, execution_date=20251005T000000, start_date=20251101T202011, end_date=20251101T202018
[2025-11-01T20:20:18.149+0000] {local_task_job_runner.py:234} INFO - Task exited with return code 0
[2025-11-01T20:20:18.176+0000] {taskinstance.py:3280} INFO - 0 downstream tasks scheduled from follow-on schedule check
[2025-11-02T01:35:22.936+0000] {taskinstance.py:1956} INFO - Dependencies all met for dep_context=non-requeueable deps ti=<TaskInstance: silver_transformation_pipeline.dbt_run_linktx scheduled__2025-10-05T00:00:00+00:00 [queued]>
[2025-11-02T01:35:22.946+0000] {taskinstance.py:1956} INFO - Dependencies all met for dep_context=requeueable deps ti=<TaskInstance: silver_transformation_pipeline.dbt_run_linktx scheduled__2025-10-05T00:00:00+00:00 [queued]>
[2025-11-02T01:35:22.947+0000] {taskinstance.py:2170} INFO - Starting attempt 1 of 2
[2025-11-02T01:35:22.963+0000] {taskinstance.py:2191} INFO - Executing <Task(PythonOperator): dbt_run_linktx> on 2025-10-05 00:00:00+00:00
[2025-11-02T01:35:22.969+0000] {standard_task_runner.py:60} INFO - Started process 1664 to run task
[2025-11-02T01:35:22.974+0000] {standard_task_runner.py:87} INFO - Running: ['***', 'tasks', 'run', 'silver_transformation_pipeline', 'dbt_run_linktx', 'scheduled__2025-10-05T00:00:00+00:00', '--job-id', '147', '--raw', '--subdir', 'DAGS_FOLDER/silver_dag.py', '--cfg-path', '/tmp/tmpoc9psnmf']
[2025-11-02T01:35:22.977+0000] {standard_task_runner.py:88} INFO - Job 147: Subtask dbt_run_linktx
[2025-11-02T01:35:23.111+0000] {task_command.py:423} INFO - Running <TaskInstance: silver_transformation_pipeline.dbt_run_linktx scheduled__2025-10-05T00:00:00+00:00 [running]> on host 3b0074fa0b5e
[2025-11-02T01:35:23.281+0000] {taskinstance.py:2480} INFO - Exporting env vars: AIRFLOW_CTX_DAG_OWNER='***' AIRFLOW_CTX_DAG_ID='silver_transformation_pipeline' AIRFLOW_CTX_TASK_ID='dbt_run_linktx' AIRFLOW_CTX_EXECUTION_DATE='2025-10-05T00:00:00+00:00' AIRFLOW_CTX_TRY_NUMBER='1' AIRFLOW_CTX_DAG_RUN_ID='scheduled__2025-10-05T00:00:00+00:00'
[2025-11-02T01:35:31.024+0000] {python.py:201} INFO - Done. Returned value was: None
[2025-11-02T01:35:31.051+0000] {taskinstance.py:1138} INFO - Marking task as SUCCESS. dag_id=silver_transformation_pipeline, task_id=dbt_run_linktx, execution_date=20251005T000000, start_date=20251102T013522, end_date=20251102T013531
[2025-11-02T01:35:31.114+0000] {local_task_job_runner.py:234} INFO - Task exited with return code 0
[2025-11-02T01:35:31.171+0000] {taskinstance.py:3280} INFO - 0 downstream tasks scheduled from follow-on schedule check
[2025-11-02T11:30:18.410+0000] {taskinstance.py:1956} INFO - Dependencies all met for dep_context=non-requeueable deps ti=<TaskInstance: silver_transformation_pipeline.dbt_run_linktx scheduled__2025-10-05T00:00:00+00:00 [queued]>
[2025-11-02T11:30:18.420+0000] {taskinstance.py:1956} INFO - Dependencies all met for dep_context=requeueable deps ti=<TaskInstance: silver_transformation_pipeline.dbt_run_linktx scheduled__2025-10-05T00:00:00+00:00 [queued]>
[2025-11-02T11:30:18.424+0000] {taskinstance.py:2170} INFO - Starting attempt 1 of 2
[2025-11-02T11:30:18.441+0000] {taskinstance.py:2191} INFO - Executing <Task(PythonOperator): dbt_run_linktx> on 2025-10-05 00:00:00+00:00
[2025-11-02T11:30:18.453+0000] {standard_task_runner.py:60} INFO - Started process 1684 to run task
[2025-11-02T11:30:18.457+0000] {standard_task_runner.py:87} INFO - Running: ['***', 'tasks', 'run', 'silver_transformation_pipeline', 'dbt_run_linktx', 'scheduled__2025-10-05T00:00:00+00:00', '--job-id', '155', '--raw', '--subdir', 'DAGS_FOLDER/silver_dag.py', '--cfg-path', '/tmp/tmpj3nr23tk']
[2025-11-02T11:30:18.460+0000] {standard_task_runner.py:88} INFO - Job 155: Subtask dbt_run_linktx
[2025-11-02T11:30:18.546+0000] {task_command.py:423} INFO - Running <TaskInstance: silver_transformation_pipeline.dbt_run_linktx scheduled__2025-10-05T00:00:00+00:00 [running]> on host 0d39d4365eb9
[2025-11-02T11:30:18.654+0000] {taskinstance.py:2480} INFO - Exporting env vars: AIRFLOW_CTX_DAG_OWNER='***' AIRFLOW_CTX_DAG_ID='silver_transformation_pipeline' AIRFLOW_CTX_TASK_ID='dbt_run_linktx' AIRFLOW_CTX_EXECUTION_DATE='2025-10-05T00:00:00+00:00' AIRFLOW_CTX_TRY_NUMBER='1' AIRFLOW_CTX_DAG_RUN_ID='scheduled__2025-10-05T00:00:00+00:00'
[2025-11-02T11:30:27.149+0000] {python.py:201} INFO - Done. Returned value was: None
[2025-11-02T11:30:27.171+0000] {taskinstance.py:1138} INFO - Marking task as SUCCESS. dag_id=silver_transformation_pipeline, task_id=dbt_run_linktx, execution_date=20251005T000000, start_date=20251102T113018, end_date=20251102T113027
[2025-11-02T11:30:27.225+0000] {local_task_job_runner.py:234} INFO - Task exited with return code 0
[2025-11-02T11:30:27.246+0000] {taskinstance.py:3280} INFO - 0 downstream tasks scheduled from follow-on schedule check
