[2025-11-01T19:39:15.249+0000] {taskinstance.py:1956} INFO - Dependencies all met for dep_context=non-requeueable deps ti=<TaskInstance: silver_transformation_pipeline.dbt_run_payments manual__2025-11-01T19:39:13.458232+00:00 [queued]>
[2025-11-01T19:39:15.260+0000] {taskinstance.py:1956} INFO - Dependencies all met for dep_context=requeueable deps ti=<TaskInstance: silver_transformation_pipeline.dbt_run_payments manual__2025-11-01T19:39:13.458232+00:00 [queued]>
[2025-11-01T19:39:15.261+0000] {taskinstance.py:2170} INFO - Starting attempt 1 of 2
[2025-11-01T19:39:15.281+0000] {taskinstance.py:2191} INFO - Executing <Task(PythonOperator): dbt_run_payments> on 2025-11-01 19:39:13.458232+00:00
[2025-11-01T19:39:15.288+0000] {standard_task_runner.py:60} INFO - Started process 11534 to run task
[2025-11-01T19:39:15.292+0000] {standard_task_runner.py:87} INFO - Running: ['***', 'tasks', 'run', 'silver_transformation_pipeline', 'dbt_run_payments', 'manual__2025-11-01T19:39:13.458232+00:00', '--job-id', '212', '--raw', '--subdir', 'DAGS_FOLDER/silver_dag.py', '--cfg-path', '/tmp/tmplziwym3p']
[2025-11-01T19:39:15.295+0000] {standard_task_runner.py:88} INFO - Job 212: Subtask dbt_run_payments
[2025-11-01T19:39:15.375+0000] {task_command.py:423} INFO - Running <TaskInstance: silver_transformation_pipeline.dbt_run_payments manual__2025-11-01T19:39:13.458232+00:00 [running]> on host 69cecc54c654
[2025-11-01T19:39:15.487+0000] {taskinstance.py:2480} INFO - Exporting env vars: AIRFLOW_CTX_DAG_OWNER='***' AIRFLOW_CTX_DAG_ID='silver_transformation_pipeline' AIRFLOW_CTX_TASK_ID='dbt_run_payments' AIRFLOW_CTX_EXECUTION_DATE='2025-11-01T19:39:13.458232+00:00' AIRFLOW_CTX_TRY_NUMBER='1' AIRFLOW_CTX_DAG_RUN_ID='manual__2025-11-01T19:39:13.458232+00:00'
[2025-11-01T19:39:19.535+0000] {taskinstance.py:2698} ERROR - Task failed with exception
Traceback (most recent call last):
  File "/home/airflow/.local/lib/python3.8/site-packages/airflow/models/taskinstance.py", line 433, in _execute_task
    result = execute_callable(context=context, **execute_callable_kwargs)
  File "/home/airflow/.local/lib/python3.8/site-packages/airflow/operators/python.py", line 199, in execute
    return_value = self.execute_callable()
  File "/home/airflow/.local/lib/python3.8/site-packages/airflow/operators/python.py", line 216, in execute_callable
    return self.python_callable(*self.op_args, **self.op_kwargs)
  File "/opt/airflow/dags/silver_dag.py", line 187, in <lambda>
    python_callable=lambda ds, **_: _run_dbt("silver_payments", ds=ds, full_refresh=False, pass_ds_lagged=True),
  File "/opt/airflow/dags/silver_dag.py", line 149, in _run_dbt
    raise RuntimeError(f"dbt failed ({proc.returncode}).\nSTDOUT:\n{proc.stdout}\n\nSTDERR:\n{proc.stderr}")
RuntimeError: dbt failed (2).
STDOUT:
19:39:18  Running with dbt=1.5.9
19:39:18  Registered adapter: clickhouse=1.5.2
19:39:18  Encountered an error:
Compilation Error in model silver_merchants (models/silver/silver_merchants.sql)
  invalid syntax for function call expression
    line 8
      {{ config(


STDERR:

[2025-11-01T19:39:19.554+0000] {taskinstance.py:1138} INFO - Marking task as UP_FOR_RETRY. dag_id=silver_transformation_pipeline, task_id=dbt_run_payments, execution_date=20251101T193913, start_date=20251101T193915, end_date=20251101T193919
[2025-11-01T19:39:19.573+0000] {standard_task_runner.py:107} ERROR - Failed to execute job 212 for task dbt_run_payments (dbt failed (2).
STDOUT:
19:39:18  Running with dbt=1.5.9
19:39:18  Registered adapter: clickhouse=1.5.2
19:39:18  Encountered an error:
Compilation Error in model silver_merchants (models/silver/silver_merchants.sql)
  invalid syntax for function call expression
    line 8
      {{ config(


STDERR:
; 11534)
[2025-11-01T19:39:19.605+0000] {local_task_job_runner.py:234} INFO - Task exited with return code 1
[2025-11-01T19:39:19.628+0000] {taskinstance.py:3280} INFO - 0 downstream tasks scheduled from follow-on schedule check
