[2025-11-26T19:22:40.906+0000] {taskinstance.py:1956} INFO - Dependencies all met for dep_context=non-requeueable deps ti=<TaskInstance: ingestion_pipeline.load_link_transactions_bronze_from_mongo scheduled__2025-11-11T00:00:00+00:00 [queued]>
[2025-11-26T19:22:40.978+0000] {taskinstance.py:1956} INFO - Dependencies all met for dep_context=requeueable deps ti=<TaskInstance: ingestion_pipeline.load_link_transactions_bronze_from_mongo scheduled__2025-11-11T00:00:00+00:00 [queued]>
[2025-11-26T19:22:41.016+0000] {taskinstance.py:2170} INFO - Starting attempt 1 of 2
[2025-11-26T19:22:41.131+0000] {taskinstance.py:2191} INFO - Executing <Task(PythonOperator): load_link_transactions_bronze_from_mongo> on 2025-11-11 00:00:00+00:00
[2025-11-26T19:22:41.181+0000] {standard_task_runner.py:60} INFO - Started process 317 to run task
[2025-11-26T19:22:41.208+0000] {standard_task_runner.py:87} INFO - Running: ['***', 'tasks', 'run', 'ingestion_pipeline', 'load_link_transactions_bronze_from_mongo', 'scheduled__2025-11-11T00:00:00+00:00', '--job-id', '537', '--raw', '--subdir', 'DAGS_FOLDER/ingestion_dag.py', '--cfg-path', '/tmp/tmp_y75wt6_']
[2025-11-26T19:22:41.261+0000] {standard_task_runner.py:88} INFO - Job 537: Subtask load_link_transactions_bronze_from_mongo
[2025-11-26T19:22:41.808+0000] {task_command.py:423} INFO - Running <TaskInstance: ingestion_pipeline.load_link_transactions_bronze_from_mongo scheduled__2025-11-11T00:00:00+00:00 [running]> on host 0d39d4365eb9
[2025-11-26T19:22:42.322+0000] {taskinstance.py:2480} INFO - Exporting env vars: AIRFLOW_CTX_DAG_OWNER='***' AIRFLOW_CTX_DAG_ID='ingestion_pipeline' AIRFLOW_CTX_TASK_ID='load_link_transactions_bronze_from_mongo' AIRFLOW_CTX_EXECUTION_DATE='2025-11-11T00:00:00+00:00' AIRFLOW_CTX_TRY_NUMBER='1' AIRFLOW_CTX_DAG_RUN_ID='scheduled__2025-11-11T00:00:00+00:00'
[2025-11-26T19:22:46.611+0000] {crypto.py:82} WARNING - empty cryptography key - values will not be stored encrypted.
[2025-11-26T19:22:46.625+0000] {base.py:83} INFO - Using connection ID 'mongo_default' for task execution.
[2025-11-26T19:22:46.708+0000] {base.py:83} INFO - Using connection ID 'clickhouse_default' for task execution.
[2025-11-26T19:22:46.728+0000] {mongo_to_clickhouse.py:241} INFO - [mongo->ch] Mongo query: {'_snapshot_date': {'$gte': datetime.datetime(2025, 11, 11, 0, 0), '$lte': datetime.datetime(2025, 11, 11, 23, 59, 59, 999000)}}
[2025-11-26T19:22:46.738+0000] {mongo_to_clickhouse.py:172} INFO - [mongo->ch] Dropped partition for _snapshot_date=2025-11-11.
[2025-11-26T19:22:46.867+0000] {mongo_to_clickhouse.py:275} INFO - [mongo->ch] Inserted 0 rows into bronze.link_transactions.
[2025-11-26T19:22:46.875+0000] {mongo_to_clickhouse.py:277} INFO - [mongo->ch] No matching docs found for given filter.
[2025-11-26T19:22:46.886+0000] {python.py:201} INFO - Done. Returned value was: None
[2025-11-26T19:22:46.951+0000] {taskinstance.py:1138} INFO - Marking task as SUCCESS. dag_id=ingestion_pipeline, task_id=load_link_transactions_bronze_from_mongo, execution_date=20251111T000000, start_date=20251126T192240, end_date=20251126T192246
[2025-11-26T19:22:47.182+0000] {local_task_job_runner.py:234} INFO - Task exited with return code 0
[2025-11-26T19:22:47.895+0000] {taskinstance.py:3280} INFO - 0 downstream tasks scheduled from follow-on schedule check
