[2025-11-01T15:37:54.588+0000] {taskinstance.py:1956} INFO - Dependencies all met for dep_context=non-requeueable deps ti=<TaskInstance: silver_transformation_pipeline.dbt_run_linktx manual__2025-11-01T15:32:46.018721+00:00 [queued]>
[2025-11-01T15:37:54.602+0000] {taskinstance.py:1956} INFO - Dependencies all met for dep_context=requeueable deps ti=<TaskInstance: silver_transformation_pipeline.dbt_run_linktx manual__2025-11-01T15:32:46.018721+00:00 [queued]>
[2025-11-01T15:37:54.603+0000] {taskinstance.py:2170} INFO - Starting attempt 2 of 2
[2025-11-01T15:37:54.617+0000] {taskinstance.py:2191} INFO - Executing <Task(PythonOperator): dbt_run_linktx> on 2025-11-01 15:32:46.018721+00:00
[2025-11-01T15:37:54.623+0000] {standard_task_runner.py:60} INFO - Started process 2844 to run task
[2025-11-01T15:37:54.628+0000] {standard_task_runner.py:87} INFO - Running: ['***', 'tasks', 'run', 'silver_transformation_pipeline', 'dbt_run_linktx', 'manual__2025-11-01T15:32:46.018721+00:00', '--job-id', '68', '--raw', '--subdir', 'DAGS_FOLDER/silver_dag.py', '--cfg-path', '/tmp/tmpgzzux5g1']
[2025-11-01T15:37:54.631+0000] {standard_task_runner.py:88} INFO - Job 68: Subtask dbt_run_linktx
[2025-11-01T15:37:54.713+0000] {task_command.py:423} INFO - Running <TaskInstance: silver_transformation_pipeline.dbt_run_linktx manual__2025-11-01T15:32:46.018721+00:00 [running]> on host 7f2b5a16b237
[2025-11-01T15:37:54.835+0000] {taskinstance.py:2480} INFO - Exporting env vars: AIRFLOW_CTX_DAG_OWNER='***' AIRFLOW_CTX_DAG_ID='silver_transformation_pipeline' AIRFLOW_CTX_TASK_ID='dbt_run_linktx' AIRFLOW_CTX_EXECUTION_DATE='2025-11-01T15:32:46.018721+00:00' AIRFLOW_CTX_TRY_NUMBER='2' AIRFLOW_CTX_DAG_RUN_ID='manual__2025-11-01T15:32:46.018721+00:00'
[2025-11-01T15:37:59.981+0000] {taskinstance.py:2698} ERROR - Task failed with exception
Traceback (most recent call last):
  File "/home/airflow/.local/lib/python3.8/site-packages/airflow/models/taskinstance.py", line 433, in _execute_task
    result = execute_callable(context=context, **execute_callable_kwargs)
  File "/home/airflow/.local/lib/python3.8/site-packages/airflow/operators/python.py", line 199, in execute
    return_value = self.execute_callable()
  File "/home/airflow/.local/lib/python3.8/site-packages/airflow/operators/python.py", line 216, in execute_callable
    return self.python_callable(*self.op_args, **self.op_kwargs)
  File "/opt/airflow/dags/silver_dag.py", line 176, in <lambda>
    python_callable=lambda ds, **_: _run_dbt("silver_link_transactions", ds=ds, full_refresh=False, pass_ds_lagged=True),
  File "/opt/airflow/dags/silver_dag.py", line 149, in _run_dbt
    raise RuntimeError(f"dbt failed ({proc.returncode}).\nSTDOUT:\n{proc.stdout}\n\nSTDERR:\n{proc.stderr}")
RuntimeError: dbt failed (1).
STDOUT:
15:37:57  Running with dbt=1.5.9
15:37:57  Registered adapter: clickhouse=1.5.2
15:37:58  Found 3 models, 0 tests, 0 snapshots, 0 analyses, 349 macros, 0 operations, 0 seed files, 3 sources, 0 exposures, 0 metrics, 0 groups
15:37:58  
15:37:58  Concurrency: 4 threads (target='dev')
15:37:58  
15:37:58  1 of 1 START sql incremental model silver.silver_link_transactions ............. [RUN]
15:37:59  1 of 1 ERROR creating sql incremental model silver.silver_link_transactions .... [ERROR in 0.20s]
15:37:59  
15:37:59  Finished running 1 incremental model in 0 hours 0 minutes and 0.82 seconds (0.82s).
15:37:59  
15:37:59  Completed with 1 error and 0 warnings:
15:37:59  
15:37:59  Database Error in model silver_link_transactions (models/silver/silver_link_transactions.sql)
15:37:59    Code: 248.
15:37:59    DB::Exception: Wrong number of fields in the partition expression: 1, must be: 0. Stack trace:
15:37:59    
15:37:59    0. DB::Exception::Exception(DB::Exception::MessageMasked&&, int, bool) @ 0x00000000137a855f
15:37:59    1. DB::Exception::Exception(String&&, int, String, bool) @ 0x000000000cae7e8e
15:37:59    2. DB::Exception::Exception(PreformattedMessage&&, int) @ 0x000000000cae7940
15:37:59    3. DB::Exception::Exception<unsigned long&, unsigned long&>(int, FormatStringHelperImpl<std::type_identity<unsigned long&>::type, std::type_identity<unsigned long&>::type>, unsigned long&, unsigned long&) @ 0x000000000df676eb
15:37:59    4. DB::MergeTreeData::getPartitionIDFromQuery(std::shared_ptr<DB::IAST> const&, std::shared_ptr<DB::Context const>, DB::DataPartsLock*) const @ 0x0000000019628a32
15:37:59    5. DB::MergeTreeData::checkAlterPartitionIsPossible(std::vector<DB::PartitionCommand, std::allocator<DB::PartitionCommand>> const&, std::shared_ptr<DB::StorageInMemoryMetadata const> const&, DB::Settings const&, std::shared_ptr<DB::Context const>) const @ 0x0000000019649a69
15:37:59    6. DB::InterpreterAlterQuery::executeToTable(DB::ASTAlterQuery const&) @ 0x00000000182cc906
15:37:59    7. DB::InterpreterAlterQuery::execute() @ 0x00000000182c938d
15:37:59    8. DB::executeQueryImpl(char const*, char const*, std::shared_ptr<DB::Context>, DB::QueryFlags, DB::QueryProcessingStage::Enum, std::unique_ptr<DB::ReadBuffer, std::default_delete<DB::ReadBuffer>>&, std::shared_ptr<DB::IAST>&, std::shared_ptr<DB::ImplicitTransactionControlExecutor>) @ 0x0000000018780440
15:37:59    9. DB::executeQuery(String const&, std::shared_ptr<DB::Context>, DB::QueryFlags, DB::QueryProcessingStage::Enum) @ 0x00000000187786cb
15:37:59    10. DB::TCPHandler::runImpl() @ 0x0000000019e2d3db
15:37:59    11. DB::TCPHandler::run() @ 0x0000000019e4f119
15:37:59    12. Poco::Net::TCPServerConnection::start() @ 0x000000001ef4ed07
15:37:59    13. Poco::Net::TCPServerDispatcher::run() @ 0x000000001ef4f199
15:37:59    14. Poco::PooledThread::run() @ 0x000000001ef15b87
15:37:59    15. Poco::ThreadImpl::runnableEntry(void*) @ 0x000000001ef13f81
15:37:59    16. ? @ 0x0000000000094ac3
15:37:59    17. ? @ 0x0000000000125a74
15:37:59  
15:37:59  Done. PASS=0 WARN=0 ERROR=1 SKIP=0 TOTAL=1


STDERR:

[2025-11-01T15:38:00.002+0000] {taskinstance.py:1138} INFO - Marking task as FAILED. dag_id=silver_transformation_pipeline, task_id=dbt_run_linktx, execution_date=20251101T153246, start_date=20251101T153754, end_date=20251101T153800
[2025-11-01T15:38:00.026+0000] {standard_task_runner.py:107} ERROR - Failed to execute job 68 for task dbt_run_linktx (dbt failed (1).
STDOUT:
15:37:57  Running with dbt=1.5.9
15:37:57  Registered adapter: clickhouse=1.5.2
15:37:58  Found 3 models, 0 tests, 0 snapshots, 0 analyses, 349 macros, 0 operations, 0 seed files, 3 sources, 0 exposures, 0 metrics, 0 groups
15:37:58  
15:37:58  Concurrency: 4 threads (target='dev')
15:37:58  
15:37:58  1 of 1 START sql incremental model silver.silver_link_transactions ............. [RUN]
15:37:59  1 of 1 ERROR creating sql incremental model silver.silver_link_transactions .... [ERROR in 0.20s]
15:37:59  
15:37:59  Finished running 1 incremental model in 0 hours 0 minutes and 0.82 seconds (0.82s).
15:37:59  
15:37:59  Completed with 1 error and 0 warnings:
15:37:59  
15:37:59  Database Error in model silver_link_transactions (models/silver/silver_link_transactions.sql)
15:37:59    Code: 248.
15:37:59    DB::Exception: Wrong number of fields in the partition expression: 1, must be: 0. Stack trace:
15:37:59    
15:37:59    0. DB::Exception::Exception(DB::Exception::MessageMasked&&, int, bool) @ 0x00000000137a855f
15:37:59    1. DB::Exception::Exception(String&&, int, String, bool) @ 0x000000000cae7e8e
15:37:59    2. DB::Exception::Exception(PreformattedMessage&&, int) @ 0x000000000cae7940
15:37:59    3. DB::Exception::Exception<unsigned long&, unsigned long&>(int, FormatStringHelperImpl<std::type_identity<unsigned long&>::type, std::type_identity<unsigned long&>::type>, unsigned long&, unsigned long&) @ 0x000000000df676eb
15:37:59    4. DB::MergeTreeData::getPartitionIDFromQuery(std::shared_ptr<DB::IAST> const&, std::shared_ptr<DB::Context const>, DB::DataPartsLock*) const @ 0x0000000019628a32
15:37:59    5. DB::MergeTreeData::checkAlterPartitionIsPossible(std::vector<DB::PartitionCommand, std::allocator<DB::PartitionCommand>> const&, std::shared_ptr<DB::StorageInMemoryMetadata const> const&, DB::Settings const&, std::shared_ptr<DB::Context const>) const @ 0x0000000019649a69
15:37:59    6. DB::InterpreterAlterQuery::executeToTable(DB::ASTAlterQuery const&) @ 0x00000000182cc906
15:37:59    7. DB::InterpreterAlterQuery::execute() @ 0x00000000182c938d
15:37:59    8. DB::executeQueryImpl(char const*, char const*, std::shared_ptr<DB::Context>, DB::QueryFlags, DB::QueryProcessingStage::Enum, std::unique_ptr<DB::ReadBuffer, std::default_delete<DB::ReadBuffer>>&, std::shared_ptr<DB::IAST>&, std::shared_ptr<DB::ImplicitTransactionControlExecutor>) @ 0x0000000018780440
15:37:59    9. DB::executeQuery(String const&, std::shared_ptr<DB::Context>, DB::QueryFlags, DB::QueryProcessingStage::Enum) @ 0x00000000187786cb
15:37:59    10. DB::TCPHandler::runImpl() @ 0x0000000019e2d3db
15:37:59    11. DB::TCPHandler::run() @ 0x0000000019e4f119
15:37:59    12. Poco::Net::TCPServerConnection::start() @ 0x000000001ef4ed07
15:37:59    13. Poco::Net::TCPServerDispatcher::run() @ 0x000000001ef4f199
15:37:59    14. Poco::PooledThread::run() @ 0x000000001ef15b87
15:37:59    15. Poco::ThreadImpl::runnableEntry(void*) @ 0x000000001ef13f81
15:37:59    16. ? @ 0x0000000000094ac3
15:37:59    17. ? @ 0x0000000000125a74
15:37:59  
15:37:59  Done. PASS=0 WARN=0 ERROR=1 SKIP=0 TOTAL=1


STDERR:
; 2844)
[2025-11-01T15:38:00.043+0000] {local_task_job_runner.py:234} INFO - Task exited with return code 1
[2025-11-01T15:38:00.068+0000] {taskinstance.py:3280} INFO - 0 downstream tasks scheduled from follow-on schedule check
