[2025-11-01T20:24:15.500+0000] {taskinstance.py:1956} INFO - Dependencies all met for dep_context=non-requeueable deps ti=<TaskInstance: silver_transformation_pipeline.dbt_run_linktx scheduled__2025-10-29T00:00:00+00:00 [queued]>
[2025-11-01T20:24:15.510+0000] {taskinstance.py:1956} INFO - Dependencies all met for dep_context=requeueable deps ti=<TaskInstance: silver_transformation_pipeline.dbt_run_linktx scheduled__2025-10-29T00:00:00+00:00 [queued]>
[2025-11-01T20:24:15.511+0000] {taskinstance.py:2170} INFO - Starting attempt 1 of 2
[2025-11-01T20:24:15.529+0000] {taskinstance.py:2191} INFO - Executing <Task(PythonOperator): dbt_run_linktx> on 2025-10-29 00:00:00+00:00
[2025-11-01T20:24:15.535+0000] {standard_task_runner.py:60} INFO - Started process 2351 to run task
[2025-11-01T20:24:15.539+0000] {standard_task_runner.py:87} INFO - Running: ['***', 'tasks', 'run', 'silver_transformation_pipeline', 'dbt_run_linktx', 'scheduled__2025-10-29T00:00:00+00:00', '--job-id', '239', '--raw', '--subdir', 'DAGS_FOLDER/silver_dag.py', '--cfg-path', '/tmp/tmply2xoa9s']
[2025-11-01T20:24:15.542+0000] {standard_task_runner.py:88} INFO - Job 239: Subtask dbt_run_linktx
[2025-11-01T20:24:15.645+0000] {task_command.py:423} INFO - Running <TaskInstance: silver_transformation_pipeline.dbt_run_linktx scheduled__2025-10-29T00:00:00+00:00 [running]> on host 6335aa85b335
[2025-11-01T20:24:15.763+0000] {taskinstance.py:2480} INFO - Exporting env vars: AIRFLOW_CTX_DAG_OWNER='***' AIRFLOW_CTX_DAG_ID='silver_transformation_pipeline' AIRFLOW_CTX_TASK_ID='dbt_run_linktx' AIRFLOW_CTX_EXECUTION_DATE='2025-10-29T00:00:00+00:00' AIRFLOW_CTX_TRY_NUMBER='1' AIRFLOW_CTX_DAG_RUN_ID='scheduled__2025-10-29T00:00:00+00:00'
[2025-11-01T20:24:21.877+0000] {python.py:201} INFO - Done. Returned value was: None
[2025-11-01T20:24:21.897+0000] {taskinstance.py:1138} INFO - Marking task as SUCCESS. dag_id=silver_transformation_pipeline, task_id=dbt_run_linktx, execution_date=20251029T000000, start_date=20251101T202415, end_date=20251101T202421
[2025-11-01T20:24:21.971+0000] {local_task_job_runner.py:234} INFO - Task exited with return code 0
[2025-11-01T20:24:21.993+0000] {taskinstance.py:3280} INFO - 0 downstream tasks scheduled from follow-on schedule check
[2025-11-02T01:39:34.562+0000] {taskinstance.py:1956} INFO - Dependencies all met for dep_context=non-requeueable deps ti=<TaskInstance: silver_transformation_pipeline.dbt_run_linktx scheduled__2025-10-29T00:00:00+00:00 [queued]>
[2025-11-02T01:39:34.573+0000] {taskinstance.py:1956} INFO - Dependencies all met for dep_context=requeueable deps ti=<TaskInstance: silver_transformation_pipeline.dbt_run_linktx scheduled__2025-10-29T00:00:00+00:00 [queued]>
[2025-11-02T01:39:34.574+0000] {taskinstance.py:2170} INFO - Starting attempt 1 of 2
[2025-11-02T01:39:34.589+0000] {taskinstance.py:2191} INFO - Executing <Task(PythonOperator): dbt_run_linktx> on 2025-10-29 00:00:00+00:00
[2025-11-02T01:39:34.596+0000] {standard_task_runner.py:60} INFO - Started process 3525 to run task
[2025-11-02T01:39:34.601+0000] {standard_task_runner.py:87} INFO - Running: ['***', 'tasks', 'run', 'silver_transformation_pipeline', 'dbt_run_linktx', 'scheduled__2025-10-29T00:00:00+00:00', '--job-id', '244', '--raw', '--subdir', 'DAGS_FOLDER/silver_dag.py', '--cfg-path', '/tmp/tmpqf_ilmtv']
[2025-11-02T01:39:34.604+0000] {standard_task_runner.py:88} INFO - Job 244: Subtask dbt_run_linktx
[2025-11-02T01:39:34.706+0000] {task_command.py:423} INFO - Running <TaskInstance: silver_transformation_pipeline.dbt_run_linktx scheduled__2025-10-29T00:00:00+00:00 [running]> on host 3b0074fa0b5e
[2025-11-02T01:39:34.838+0000] {taskinstance.py:2480} INFO - Exporting env vars: AIRFLOW_CTX_DAG_OWNER='***' AIRFLOW_CTX_DAG_ID='silver_transformation_pipeline' AIRFLOW_CTX_TASK_ID='dbt_run_linktx' AIRFLOW_CTX_EXECUTION_DATE='2025-10-29T00:00:00+00:00' AIRFLOW_CTX_TRY_NUMBER='1' AIRFLOW_CTX_DAG_RUN_ID='scheduled__2025-10-29T00:00:00+00:00'
[2025-11-02T01:39:41.421+0000] {python.py:201} INFO - Done. Returned value was: None
[2025-11-02T01:39:41.438+0000] {taskinstance.py:1138} INFO - Marking task as SUCCESS. dag_id=silver_transformation_pipeline, task_id=dbt_run_linktx, execution_date=20251029T000000, start_date=20251102T013934, end_date=20251102T013941
[2025-11-02T01:39:41.506+0000] {local_task_job_runner.py:234} INFO - Task exited with return code 0
[2025-11-02T01:39:41.531+0000] {taskinstance.py:3280} INFO - 0 downstream tasks scheduled from follow-on schedule check
[2025-11-02T11:35:28.668+0000] {taskinstance.py:1956} INFO - Dependencies all met for dep_context=non-requeueable deps ti=<TaskInstance: silver_transformation_pipeline.dbt_run_linktx scheduled__2025-10-29T00:00:00+00:00 [queued]>
[2025-11-02T11:35:28.686+0000] {taskinstance.py:1956} INFO - Dependencies all met for dep_context=requeueable deps ti=<TaskInstance: silver_transformation_pipeline.dbt_run_linktx scheduled__2025-10-29T00:00:00+00:00 [queued]>
[2025-11-02T11:35:28.687+0000] {taskinstance.py:2170} INFO - Starting attempt 1 of 2
[2025-11-02T11:35:28.714+0000] {taskinstance.py:2191} INFO - Executing <Task(PythonOperator): dbt_run_linktx> on 2025-10-29 00:00:00+00:00
[2025-11-02T11:35:28.727+0000] {standard_task_runner.py:60} INFO - Started process 3731 to run task
[2025-11-02T11:35:28.733+0000] {standard_task_runner.py:87} INFO - Running: ['***', 'tasks', 'run', 'silver_transformation_pipeline', 'dbt_run_linktx', 'scheduled__2025-10-29T00:00:00+00:00', '--job-id', '256', '--raw', '--subdir', 'DAGS_FOLDER/silver_dag.py', '--cfg-path', '/tmp/tmp4t6aq7qs']
[2025-11-02T11:35:28.740+0000] {standard_task_runner.py:88} INFO - Job 256: Subtask dbt_run_linktx
[2025-11-02T11:35:28.885+0000] {task_command.py:423} INFO - Running <TaskInstance: silver_transformation_pipeline.dbt_run_linktx scheduled__2025-10-29T00:00:00+00:00 [running]> on host 0d39d4365eb9
[2025-11-02T11:35:29.048+0000] {taskinstance.py:2480} INFO - Exporting env vars: AIRFLOW_CTX_DAG_OWNER='***' AIRFLOW_CTX_DAG_ID='silver_transformation_pipeline' AIRFLOW_CTX_TASK_ID='dbt_run_linktx' AIRFLOW_CTX_EXECUTION_DATE='2025-10-29T00:00:00+00:00' AIRFLOW_CTX_TRY_NUMBER='1' AIRFLOW_CTX_DAG_RUN_ID='scheduled__2025-10-29T00:00:00+00:00'
[2025-11-02T11:35:39.806+0000] {python.py:201} INFO - Done. Returned value was: None
[2025-11-02T11:35:39.836+0000] {taskinstance.py:1138} INFO - Marking task as SUCCESS. dag_id=silver_transformation_pipeline, task_id=dbt_run_linktx, execution_date=20251029T000000, start_date=20251102T113528, end_date=20251102T113539
[2025-11-02T11:35:39.887+0000] {local_task_job_runner.py:234} INFO - Task exited with return code 0
[2025-11-02T11:35:39.940+0000] {taskinstance.py:3280} INFO - 0 downstream tasks scheduled from follow-on schedule check
