[2025-10-31T20:06:19.218+0000] {taskinstance.py:1956} INFO - Dependencies all met for dep_context=non-requeueable deps ti=<TaskInstance: ingestion_pipeline.load_link_transactions_bronze_from_mongo manual__2025-10-31T20:06:17.873943+00:00 [queued]>
[2025-10-31T20:06:19.247+0000] {taskinstance.py:1956} INFO - Dependencies all met for dep_context=requeueable deps ti=<TaskInstance: ingestion_pipeline.load_link_transactions_bronze_from_mongo manual__2025-10-31T20:06:17.873943+00:00 [queued]>
[2025-10-31T20:06:19.249+0000] {taskinstance.py:2170} INFO - Starting attempt 1 of 2
[2025-10-31T20:06:19.282+0000] {taskinstance.py:2191} INFO - Executing <Task(PythonOperator): load_link_transactions_bronze_from_mongo> on 2025-10-31 20:06:17.873943+00:00
[2025-10-31T20:06:19.295+0000] {standard_task_runner.py:60} INFO - Started process 373 to run task
[2025-10-31T20:06:19.321+0000] {standard_task_runner.py:87} INFO - Running: ['***', 'tasks', 'run', 'ingestion_pipeline', 'load_link_transactions_bronze_from_mongo', 'manual__2025-10-31T20:06:17.873943+00:00', '--job-id', '6', '--raw', '--subdir', 'DAGS_FOLDER/ingestion_dag.py', '--cfg-path', '/tmp/tmp2_uty34s']
[2025-10-31T20:06:19.326+0000] {standard_task_runner.py:88} INFO - Job 6: Subtask load_link_transactions_bronze_from_mongo
[2025-10-31T20:06:19.509+0000] {task_command.py:423} INFO - Running <TaskInstance: ingestion_pipeline.load_link_transactions_bronze_from_mongo manual__2025-10-31T20:06:17.873943+00:00 [running]> on host c2d20b09a38d
[2025-10-31T20:06:19.712+0000] {taskinstance.py:2480} INFO - Exporting env vars: AIRFLOW_CTX_DAG_OWNER='***' AIRFLOW_CTX_DAG_ID='ingestion_pipeline' AIRFLOW_CTX_TASK_ID='load_link_transactions_bronze_from_mongo' AIRFLOW_CTX_EXECUTION_DATE='2025-10-31T20:06:17.873943+00:00' AIRFLOW_CTX_TRY_NUMBER='1' AIRFLOW_CTX_DAG_RUN_ID='manual__2025-10-31T20:06:17.873943+00:00'
[2025-10-31T20:06:23.767+0000] {mongo_to_clickhouse.py:169} INFO - [mongo->ch] Query window: 2025-10-02 00:00:00..2025-10-03 00:00:00
[2025-10-31T20:06:23.769+0000] {crypto.py:82} WARNING - empty cryptography key - values will not be stored encrypted.
[2025-10-31T20:06:23.770+0000] {base.py:83} INFO - Using connection ID 'mongo_default' for task execution.
[2025-10-31T20:06:23.787+0000] {base.py:83} INFO - Using connection ID 'clickhouse_default' for task execution.
[2025-10-31T20:06:23.839+0000] {mongo_to_clickhouse.py:280} INFO - [mongo->ch] No new rows, but idempotency cleanup removed any prior rows for 'mongo:link_transactions_raw:20251002'.
[2025-10-31T20:06:23.843+0000] {mongo_to_clickhouse.py:287} INFO - [mongo->ch] Inserted 0 rows into bronze.link_transactions.
[2025-10-31T20:06:23.845+0000] {mongo_to_clickhouse.py:289} INFO - [mongo->ch] No matching docs found for given filter.
[2025-10-31T20:06:23.848+0000] {python.py:201} INFO - Done. Returned value was: None
[2025-10-31T20:06:23.877+0000] {taskinstance.py:1138} INFO - Marking task as SUCCESS. dag_id=ingestion_pipeline, task_id=load_link_transactions_bronze_from_mongo, execution_date=20251031T200617, start_date=20251031T200619, end_date=20251031T200623
[2025-10-31T20:06:23.970+0000] {local_task_job_runner.py:234} INFO - Task exited with return code 0
[2025-10-31T20:06:24.042+0000] {taskinstance.py:3280} INFO - 0 downstream tasks scheduled from follow-on schedule check
