[2025-11-01T20:06:51.540+0000] {taskinstance.py:1956} INFO - Dependencies all met for dep_context=non-requeueable deps ti=<TaskInstance: ingestion_pipeline.load_payments_bronze scheduled__2025-10-15T00:00:00+00:00 [queued]>
[2025-11-01T20:06:51.587+0000] {taskinstance.py:1956} INFO - Dependencies all met for dep_context=requeueable deps ti=<TaskInstance: ingestion_pipeline.load_payments_bronze scheduled__2025-10-15T00:00:00+00:00 [queued]>
[2025-11-01T20:06:51.595+0000] {taskinstance.py:2170} INFO - Starting attempt 1 of 2
[2025-11-01T20:06:51.733+0000] {taskinstance.py:2191} INFO - Executing <Task(PythonOperator): load_payments_bronze> on 2025-10-15 00:00:00+00:00
[2025-11-01T20:06:51.781+0000] {standard_task_runner.py:60} INFO - Started process 565 to run task
[2025-11-01T20:06:51.778+0000] {standard_task_runner.py:87} INFO - Running: ['***', 'tasks', 'run', 'ingestion_pipeline', 'load_payments_bronze', 'scheduled__2025-10-15T00:00:00+00:00', '--job-id', '62', '--raw', '--subdir', 'DAGS_FOLDER/ingestion_dag.py', '--cfg-path', '/tmp/tmpr6wxyc1v']
[2025-11-01T20:06:51.800+0000] {standard_task_runner.py:88} INFO - Job 62: Subtask load_payments_bronze
[2025-11-01T20:06:52.321+0000] {task_command.py:423} INFO - Running <TaskInstance: ingestion_pipeline.load_payments_bronze scheduled__2025-10-15T00:00:00+00:00 [running]> on host 1a955fda0cfd
[2025-11-01T20:06:52.871+0000] {taskinstance.py:2480} INFO - Exporting env vars: AIRFLOW_CTX_DAG_OWNER='***' AIRFLOW_CTX_DAG_ID='ingestion_pipeline' AIRFLOW_CTX_TASK_ID='load_payments_bronze' AIRFLOW_CTX_EXECUTION_DATE='2025-10-15T00:00:00+00:00' AIRFLOW_CTX_TRY_NUMBER='1' AIRFLOW_CTX_DAG_RUN_ID='scheduled__2025-10-15T00:00:00+00:00'
[2025-11-01T20:06:56.207+0000] {payments_to_clickhouse.py:89} INFO - [payments->ch] Target CSV: /tmp/data/payments/payments-20251015.csv
[2025-11-01T20:06:56.223+0000] {payments_to_clickhouse.py:94} INFO - [payments->ch] Folder listing: ['payments-20251001.csv', 'payments-20251002.csv', 'payments-20251003.csv']
[2025-11-01T20:06:56.224+0000] {payments_to_clickhouse.py:100} WARNING - [payments->ch] File not found. Skipping.
[2025-11-01T20:06:56.225+0000] {python.py:201} INFO - Done. Returned value was: None
[2025-11-01T20:06:56.283+0000] {taskinstance.py:1138} INFO - Marking task as SUCCESS. dag_id=ingestion_pipeline, task_id=load_payments_bronze, execution_date=20251015T000000, start_date=20251101T200651, end_date=20251101T200656
[2025-11-01T20:06:56.556+0000] {local_task_job_runner.py:234} INFO - Task exited with return code 0
[2025-11-01T20:06:56.704+0000] {taskinstance.py:3280} INFO - 0 downstream tasks scheduled from follow-on schedule check
[2025-11-01T20:18:16.248+0000] {taskinstance.py:1956} INFO - Dependencies all met for dep_context=non-requeueable deps ti=<TaskInstance: ingestion_pipeline.load_payments_bronze scheduled__2025-10-15T00:00:00+00:00 [queued]>
[2025-11-01T20:18:16.289+0000] {taskinstance.py:1956} INFO - Dependencies all met for dep_context=requeueable deps ti=<TaskInstance: ingestion_pipeline.load_payments_bronze scheduled__2025-10-15T00:00:00+00:00 [queued]>
[2025-11-01T20:18:16.303+0000] {taskinstance.py:2170} INFO - Starting attempt 1 of 2
[2025-11-01T20:18:16.432+0000] {taskinstance.py:2191} INFO - Executing <Task(PythonOperator): load_payments_bronze> on 2025-10-15 00:00:00+00:00
[2025-11-01T20:18:16.455+0000] {standard_task_runner.py:60} INFO - Started process 557 to run task
[2025-11-01T20:18:16.480+0000] {standard_task_runner.py:87} INFO - Running: ['***', 'tasks', 'run', 'ingestion_pipeline', 'load_payments_bronze', 'scheduled__2025-10-15T00:00:00+00:00', '--job-id', '60', '--raw', '--subdir', 'DAGS_FOLDER/ingestion_dag.py', '--cfg-path', '/tmp/tmp5klb792w']
[2025-11-01T20:18:16.487+0000] {standard_task_runner.py:88} INFO - Job 60: Subtask load_payments_bronze
[2025-11-01T20:18:16.953+0000] {task_command.py:423} INFO - Running <TaskInstance: ingestion_pipeline.load_payments_bronze scheduled__2025-10-15T00:00:00+00:00 [running]> on host 6335aa85b335
[2025-11-01T20:18:17.420+0000] {taskinstance.py:2480} INFO - Exporting env vars: AIRFLOW_CTX_DAG_OWNER='***' AIRFLOW_CTX_DAG_ID='ingestion_pipeline' AIRFLOW_CTX_TASK_ID='load_payments_bronze' AIRFLOW_CTX_EXECUTION_DATE='2025-10-15T00:00:00+00:00' AIRFLOW_CTX_TRY_NUMBER='1' AIRFLOW_CTX_DAG_RUN_ID='scheduled__2025-10-15T00:00:00+00:00'
[2025-11-01T20:18:20.400+0000] {payments_to_clickhouse.py:89} INFO - [payments->ch] Target CSV: /tmp/data/payments/payments-20251015.csv
[2025-11-01T20:18:20.405+0000] {payments_to_clickhouse.py:94} INFO - [payments->ch] Folder listing: ['payments-20251001.csv', 'payments-20251002.csv', 'payments-20251003.csv', 'payments-20251004.csv']
[2025-11-01T20:18:20.411+0000] {payments_to_clickhouse.py:100} WARNING - [payments->ch] File not found. Skipping.
[2025-11-01T20:18:20.412+0000] {python.py:201} INFO - Done. Returned value was: None
[2025-11-01T20:18:20.439+0000] {taskinstance.py:1138} INFO - Marking task as SUCCESS. dag_id=ingestion_pipeline, task_id=load_payments_bronze, execution_date=20251015T000000, start_date=20251101T201816, end_date=20251101T201820
[2025-11-01T20:18:20.590+0000] {local_task_job_runner.py:234} INFO - Task exited with return code 0
[2025-11-01T20:18:20.646+0000] {taskinstance.py:3280} INFO - 0 downstream tasks scheduled from follow-on schedule check
