[2025-11-01T20:13:18.710+0000] {taskinstance.py:1956} INFO - Dependencies all met for dep_context=non-requeueable deps ti=<TaskInstance: silver_transformation_pipeline.dbt_run_payments scheduled__2025-10-04T00:00:00+00:00 [queued]>
[2025-11-01T20:13:18.723+0000] {taskinstance.py:1956} INFO - Dependencies all met for dep_context=requeueable deps ti=<TaskInstance: silver_transformation_pipeline.dbt_run_payments scheduled__2025-10-04T00:00:00+00:00 [queued]>
[2025-11-01T20:13:18.725+0000] {taskinstance.py:2170} INFO - Starting attempt 1 of 2
[2025-11-01T20:13:18.740+0000] {taskinstance.py:2191} INFO - Executing <Task(PythonOperator): dbt_run_payments> on 2025-10-04 00:00:00+00:00
[2025-11-01T20:13:18.747+0000] {standard_task_runner.py:60} INFO - Started process 1423 to run task
[2025-11-01T20:13:18.751+0000] {standard_task_runner.py:87} INFO - Running: ['***', 'tasks', 'run', 'silver_transformation_pipeline', 'dbt_run_payments', 'scheduled__2025-10-04T00:00:00+00:00', '--job-id', '145', '--raw', '--subdir', 'DAGS_FOLDER/silver_dag.py', '--cfg-path', '/tmp/tmpay6p9vie']
[2025-11-01T20:13:18.754+0000] {standard_task_runner.py:88} INFO - Job 145: Subtask dbt_run_payments
[2025-11-01T20:13:18.846+0000] {task_command.py:423} INFO - Running <TaskInstance: silver_transformation_pipeline.dbt_run_payments scheduled__2025-10-04T00:00:00+00:00 [running]> on host 1a955fda0cfd
[2025-11-01T20:13:19.008+0000] {taskinstance.py:2480} INFO - Exporting env vars: AIRFLOW_CTX_DAG_OWNER='***' AIRFLOW_CTX_DAG_ID='silver_transformation_pipeline' AIRFLOW_CTX_TASK_ID='dbt_run_payments' AIRFLOW_CTX_EXECUTION_DATE='2025-10-04T00:00:00+00:00' AIRFLOW_CTX_TRY_NUMBER='1' AIRFLOW_CTX_DAG_RUN_ID='scheduled__2025-10-04T00:00:00+00:00'
[2025-11-01T20:13:25.937+0000] {python.py:201} INFO - Done. Returned value was: None
[2025-11-01T20:13:25.961+0000] {taskinstance.py:1138} INFO - Marking task as SUCCESS. dag_id=silver_transformation_pipeline, task_id=dbt_run_payments, execution_date=20251004T000000, start_date=20251101T201318, end_date=20251101T201325
[2025-11-01T20:13:26.020+0000] {local_task_job_runner.py:234} INFO - Task exited with return code 0
[2025-11-01T20:13:26.043+0000] {taskinstance.py:3280} INFO - 0 downstream tasks scheduled from follow-on schedule check
[2025-11-01T20:20:00.430+0000] {taskinstance.py:1956} INFO - Dependencies all met for dep_context=non-requeueable deps ti=<TaskInstance: silver_transformation_pipeline.dbt_run_payments scheduled__2025-10-04T00:00:00+00:00 [queued]>
[2025-11-01T20:20:00.441+0000] {taskinstance.py:1956} INFO - Dependencies all met for dep_context=requeueable deps ti=<TaskInstance: silver_transformation_pipeline.dbt_run_payments scheduled__2025-10-04T00:00:00+00:00 [queued]>
[2025-11-01T20:20:00.442+0000] {taskinstance.py:2170} INFO - Starting attempt 1 of 2
[2025-11-01T20:20:00.459+0000] {taskinstance.py:2191} INFO - Executing <Task(PythonOperator): dbt_run_payments> on 2025-10-04 00:00:00+00:00
[2025-11-01T20:20:00.466+0000] {standard_task_runner.py:60} INFO - Started process 1081 to run task
[2025-11-01T20:20:00.471+0000] {standard_task_runner.py:87} INFO - Running: ['***', 'tasks', 'run', 'silver_transformation_pipeline', 'dbt_run_payments', 'scheduled__2025-10-04T00:00:00+00:00', '--job-id', '140', '--raw', '--subdir', 'DAGS_FOLDER/silver_dag.py', '--cfg-path', '/tmp/tmpewe8yfhm']
[2025-11-01T20:20:00.473+0000] {standard_task_runner.py:88} INFO - Job 140: Subtask dbt_run_payments
[2025-11-01T20:20:00.557+0000] {task_command.py:423} INFO - Running <TaskInstance: silver_transformation_pipeline.dbt_run_payments scheduled__2025-10-04T00:00:00+00:00 [running]> on host 6335aa85b335
[2025-11-01T20:20:00.664+0000] {taskinstance.py:2480} INFO - Exporting env vars: AIRFLOW_CTX_DAG_OWNER='***' AIRFLOW_CTX_DAG_ID='silver_transformation_pipeline' AIRFLOW_CTX_TASK_ID='dbt_run_payments' AIRFLOW_CTX_EXECUTION_DATE='2025-10-04T00:00:00+00:00' AIRFLOW_CTX_TRY_NUMBER='1' AIRFLOW_CTX_DAG_RUN_ID='scheduled__2025-10-04T00:00:00+00:00'
[2025-11-01T20:20:07.666+0000] {python.py:201} INFO - Done. Returned value was: None
[2025-11-01T20:20:07.688+0000] {taskinstance.py:1138} INFO - Marking task as SUCCESS. dag_id=silver_transformation_pipeline, task_id=dbt_run_payments, execution_date=20251004T000000, start_date=20251101T202000, end_date=20251101T202007
[2025-11-01T20:20:07.723+0000] {local_task_job_runner.py:234} INFO - Task exited with return code 0
[2025-11-01T20:20:07.741+0000] {taskinstance.py:3280} INFO - 0 downstream tasks scheduled from follow-on schedule check
[2025-11-02T01:35:12.835+0000] {taskinstance.py:1956} INFO - Dependencies all met for dep_context=non-requeueable deps ti=<TaskInstance: silver_transformation_pipeline.dbt_run_payments scheduled__2025-10-04T00:00:00+00:00 [queued]>
[2025-11-02T01:35:12.845+0000] {taskinstance.py:1956} INFO - Dependencies all met for dep_context=requeueable deps ti=<TaskInstance: silver_transformation_pipeline.dbt_run_payments scheduled__2025-10-04T00:00:00+00:00 [queued]>
[2025-11-02T01:35:12.845+0000] {taskinstance.py:2170} INFO - Starting attempt 1 of 2
[2025-11-02T01:35:12.860+0000] {taskinstance.py:2191} INFO - Executing <Task(PythonOperator): dbt_run_payments> on 2025-10-04 00:00:00+00:00
[2025-11-02T01:35:12.870+0000] {standard_task_runner.py:60} INFO - Started process 1590 to run task
[2025-11-02T01:35:12.875+0000] {standard_task_runner.py:87} INFO - Running: ['***', 'tasks', 'run', 'silver_transformation_pipeline', 'dbt_run_payments', 'scheduled__2025-10-04T00:00:00+00:00', '--job-id', '144', '--raw', '--subdir', 'DAGS_FOLDER/silver_dag.py', '--cfg-path', '/tmp/tmp9pb6r5rz']
[2025-11-02T01:35:12.877+0000] {standard_task_runner.py:88} INFO - Job 144: Subtask dbt_run_payments
[2025-11-02T01:35:12.957+0000] {task_command.py:423} INFO - Running <TaskInstance: silver_transformation_pipeline.dbt_run_payments scheduled__2025-10-04T00:00:00+00:00 [running]> on host 3b0074fa0b5e
[2025-11-02T01:35:13.128+0000] {taskinstance.py:2480} INFO - Exporting env vars: AIRFLOW_CTX_DAG_OWNER='***' AIRFLOW_CTX_DAG_ID='silver_transformation_pipeline' AIRFLOW_CTX_TASK_ID='dbt_run_payments' AIRFLOW_CTX_EXECUTION_DATE='2025-10-04T00:00:00+00:00' AIRFLOW_CTX_TRY_NUMBER='1' AIRFLOW_CTX_DAG_RUN_ID='scheduled__2025-10-04T00:00:00+00:00'
[2025-11-02T01:35:20.410+0000] {python.py:201} INFO - Done. Returned value was: None
[2025-11-02T01:35:20.429+0000] {taskinstance.py:1138} INFO - Marking task as SUCCESS. dag_id=silver_transformation_pipeline, task_id=dbt_run_payments, execution_date=20251004T000000, start_date=20251102T013512, end_date=20251102T013520
[2025-11-02T01:35:20.481+0000] {local_task_job_runner.py:234} INFO - Task exited with return code 0
[2025-11-02T01:35:20.510+0000] {taskinstance.py:3280} INFO - 0 downstream tasks scheduled from follow-on schedule check
[2025-11-02T11:30:06.474+0000] {taskinstance.py:1956} INFO - Dependencies all met for dep_context=non-requeueable deps ti=<TaskInstance: silver_transformation_pipeline.dbt_run_payments scheduled__2025-10-04T00:00:00+00:00 [queued]>
[2025-11-02T11:30:06.488+0000] {taskinstance.py:1956} INFO - Dependencies all met for dep_context=requeueable deps ti=<TaskInstance: silver_transformation_pipeline.dbt_run_payments scheduled__2025-10-04T00:00:00+00:00 [queued]>
[2025-11-02T11:30:06.489+0000] {taskinstance.py:2170} INFO - Starting attempt 1 of 2
[2025-11-02T11:30:06.513+0000] {taskinstance.py:2191} INFO - Executing <Task(PythonOperator): dbt_run_payments> on 2025-10-04 00:00:00+00:00
[2025-11-02T11:30:06.525+0000] {standard_task_runner.py:60} INFO - Started process 1594 to run task
[2025-11-02T11:30:06.529+0000] {standard_task_runner.py:87} INFO - Running: ['***', 'tasks', 'run', 'silver_transformation_pipeline', 'dbt_run_payments', 'scheduled__2025-10-04T00:00:00+00:00', '--job-id', '151', '--raw', '--subdir', 'DAGS_FOLDER/silver_dag.py', '--cfg-path', '/tmp/tmpisk0mzsm']
[2025-11-02T11:30:06.532+0000] {standard_task_runner.py:88} INFO - Job 151: Subtask dbt_run_payments
[2025-11-02T11:30:06.628+0000] {task_command.py:423} INFO - Running <TaskInstance: silver_transformation_pipeline.dbt_run_payments scheduled__2025-10-04T00:00:00+00:00 [running]> on host 0d39d4365eb9
[2025-11-02T11:30:06.763+0000] {taskinstance.py:2480} INFO - Exporting env vars: AIRFLOW_CTX_DAG_OWNER='***' AIRFLOW_CTX_DAG_ID='silver_transformation_pipeline' AIRFLOW_CTX_TASK_ID='dbt_run_payments' AIRFLOW_CTX_EXECUTION_DATE='2025-10-04T00:00:00+00:00' AIRFLOW_CTX_TRY_NUMBER='1' AIRFLOW_CTX_DAG_RUN_ID='scheduled__2025-10-04T00:00:00+00:00'
[2025-11-02T11:30:15.396+0000] {python.py:201} INFO - Done. Returned value was: None
[2025-11-02T11:30:15.411+0000] {taskinstance.py:1138} INFO - Marking task as SUCCESS. dag_id=silver_transformation_pipeline, task_id=dbt_run_payments, execution_date=20251004T000000, start_date=20251102T113006, end_date=20251102T113015
[2025-11-02T11:30:15.457+0000] {local_task_job_runner.py:234} INFO - Task exited with return code 0
[2025-11-02T11:30:15.474+0000] {taskinstance.py:3280} INFO - 0 downstream tasks scheduled from follow-on schedule check
