[2025-11-02T00:26:13.549+0000] {taskinstance.py:1956} INFO - Dependencies all met for dep_context=non-requeueable deps ti=<TaskInstance: gold_dimensions_pipeline.dbt_dim_date scheduled__2025-10-08T00:00:00+00:00 [queued]>
[2025-11-02T00:26:13.566+0000] {taskinstance.py:1956} INFO - Dependencies all met for dep_context=requeueable deps ti=<TaskInstance: gold_dimensions_pipeline.dbt_dim_date scheduled__2025-10-08T00:00:00+00:00 [queued]>
[2025-11-02T00:26:13.567+0000] {taskinstance.py:2170} INFO - Starting attempt 1 of 2
[2025-11-02T00:26:13.587+0000] {taskinstance.py:2191} INFO - Executing <Task(PythonOperator): dbt_dim_date> on 2025-10-08 00:00:00+00:00
[2025-11-02T00:26:13.599+0000] {standard_task_runner.py:60} INFO - Started process 14882 to run task
[2025-11-02T00:26:13.604+0000] {standard_task_runner.py:87} INFO - Running: ['***', 'tasks', 'run', 'gold_dimensions_pipeline', 'dbt_dim_date', 'scheduled__2025-10-08T00:00:00+00:00', '--job-id', '323', '--raw', '--subdir', 'DAGS_FOLDER/gold_dag.py', '--cfg-path', '/tmp/tmpesz_jkn6']
[2025-11-02T00:26:13.608+0000] {standard_task_runner.py:88} INFO - Job 323: Subtask dbt_dim_date
[2025-11-02T00:26:13.722+0000] {task_command.py:423} INFO - Running <TaskInstance: gold_dimensions_pipeline.dbt_dim_date scheduled__2025-10-08T00:00:00+00:00 [running]> on host 6335aa85b335
[2025-11-02T00:26:13.870+0000] {taskinstance.py:2480} INFO - Exporting env vars: AIRFLOW_CTX_DAG_OWNER='***' AIRFLOW_CTX_DAG_ID='gold_dimensions_pipeline' AIRFLOW_CTX_TASK_ID='dbt_dim_date' AIRFLOW_CTX_EXECUTION_DATE='2025-10-08T00:00:00+00:00' AIRFLOW_CTX_TRY_NUMBER='1' AIRFLOW_CTX_DAG_RUN_ID='scheduled__2025-10-08T00:00:00+00:00'
[2025-11-02T00:26:24.455+0000] {python.py:201} INFO - Done. Returned value was: None
[2025-11-02T00:26:24.507+0000] {taskinstance.py:1138} INFO - Marking task as SUCCESS. dag_id=gold_dimensions_pipeline, task_id=dbt_dim_date, execution_date=20251008T000000, start_date=20251102T002613, end_date=20251102T002624
[2025-11-02T00:26:24.624+0000] {local_task_job_runner.py:234} INFO - Task exited with return code 0
[2025-11-02T00:26:24.670+0000] {taskinstance.py:3280} INFO - 0 downstream tasks scheduled from follow-on schedule check
[2025-11-02T11:42:17.645+0000] {taskinstance.py:1956} INFO - Dependencies all met for dep_context=non-requeueable deps ti=<TaskInstance: gold_dimensions_pipeline.dbt_dim_date scheduled__2025-10-08T00:00:00+00:00 [queued]>
[2025-11-02T11:42:17.654+0000] {taskinstance.py:1956} INFO - Dependencies all met for dep_context=requeueable deps ti=<TaskInstance: gold_dimensions_pipeline.dbt_dim_date scheduled__2025-10-08T00:00:00+00:00 [queued]>
[2025-11-02T11:42:17.655+0000] {taskinstance.py:2170} INFO - Starting attempt 1 of 3
[2025-11-02T11:42:17.669+0000] {taskinstance.py:2191} INFO - Executing <Task(PythonOperator): dbt_dim_date> on 2025-10-08 00:00:00+00:00
[2025-11-02T11:42:17.674+0000] {standard_task_runner.py:60} INFO - Started process 4893 to run task
[2025-11-02T11:42:17.679+0000] {standard_task_runner.py:87} INFO - Running: ['***', 'tasks', 'run', 'gold_dimensions_pipeline', 'dbt_dim_date', 'scheduled__2025-10-08T00:00:00+00:00', '--job-id', '300', '--raw', '--subdir', 'DAGS_FOLDER/gold_dag.py', '--cfg-path', '/tmp/tmprwzuch2l']
[2025-11-02T11:42:17.681+0000] {standard_task_runner.py:88} INFO - Job 300: Subtask dbt_dim_date
[2025-11-02T11:42:17.770+0000] {task_command.py:423} INFO - Running <TaskInstance: gold_dimensions_pipeline.dbt_dim_date scheduled__2025-10-08T00:00:00+00:00 [running]> on host 0d39d4365eb9
[2025-11-02T11:42:17.903+0000] {taskinstance.py:2480} INFO - Exporting env vars: AIRFLOW_CTX_DAG_OWNER='***' AIRFLOW_CTX_DAG_ID='gold_dimensions_pipeline' AIRFLOW_CTX_TASK_ID='dbt_dim_date' AIRFLOW_CTX_EXECUTION_DATE='2025-10-08T00:00:00+00:00' AIRFLOW_CTX_TRY_NUMBER='1' AIRFLOW_CTX_DAG_RUN_ID='scheduled__2025-10-08T00:00:00+00:00'
[2025-11-02T11:42:23.090+0000] {logging_mixin.py:188} INFO - ==== DBT STDOUT ====
[2025-11-02T11:42:23.092+0000] {logging_mixin.py:188} INFO - 11:42:20  Running with dbt=1.5.9
11:42:20  Registered adapter: clickhouse=1.5.2
11:42:21  [WARNING]: Configuration paths exist in your dbt_project.yml file which do not apply to any resources.
There are 2 unused configuration paths:
- models.ck_project.gold.fact
- models.ck_project.bronze
11:42:21  Found 7 models, 17 tests, 0 snapshots, 0 analyses, 349 macros, 0 operations, 0 seed files, 6 sources, 0 exposures, 0 metrics, 0 groups
11:42:21  
11:42:21  Concurrency: 4 threads (target='dev')
11:42:21  
11:42:21  1 of 1 START sql table model gold.dim_date ..................................... [RUN]
11:42:22  1 of 1 OK created sql table model gold.dim_date ................................ [OK in 0.26s]
11:42:22  
11:42:22  Finished running 1 table model in 0 hours 0 minutes and 0.62 seconds (0.62s).
11:42:22  
11:42:22  Completed successfully
11:42:22  
11:42:22  Done. PASS=1 WARN=0 ERROR=0 SKIP=0 TOTAL=1
[2025-11-02T11:42:23.093+0000] {logging_mixin.py:188} INFO - ==== DBT STDERR ====
[2025-11-02T11:42:23.094+0000] {python.py:201} INFO - Done. Returned value was: None
[2025-11-02T11:42:23.115+0000] {taskinstance.py:1138} INFO - Marking task as SUCCESS. dag_id=gold_dimensions_pipeline, task_id=dbt_dim_date, execution_date=20251008T000000, start_date=20251102T114217, end_date=20251102T114223
[2025-11-02T11:42:23.194+0000] {local_task_job_runner.py:234} INFO - Task exited with return code 0
[2025-11-02T11:42:23.229+0000] {taskinstance.py:3280} INFO - 3 downstream tasks scheduled from follow-on schedule check
