[2025-11-01T12:29:02.225+0000] {taskinstance.py:1956} INFO - Dependencies all met for dep_context=non-requeueable deps ti=<TaskInstance: ingestion_pipeline.load_payments_bronze manual__2025-11-01T12:29:00.829243+00:00 [queued]>
[2025-11-01T12:29:02.239+0000] {taskinstance.py:1956} INFO - Dependencies all met for dep_context=requeueable deps ti=<TaskInstance: ingestion_pipeline.load_payments_bronze manual__2025-11-01T12:29:00.829243+00:00 [queued]>
[2025-11-01T12:29:02.240+0000] {taskinstance.py:2170} INFO - Starting attempt 1 of 2
[2025-11-01T12:29:02.258+0000] {taskinstance.py:2191} INFO - Executing <Task(PythonOperator): load_payments_bronze> on 2025-11-01 12:29:00.829243+00:00
[2025-11-01T12:29:02.267+0000] {standard_task_runner.py:60} INFO - Started process 609 to run task
[2025-11-01T12:29:02.273+0000] {standard_task_runner.py:87} INFO - Running: ['***', 'tasks', 'run', 'ingestion_pipeline', 'load_payments_bronze', 'manual__2025-11-01T12:29:00.829243+00:00', '--job-id', '16', '--raw', '--subdir', 'DAGS_FOLDER/ingestion_dag.py', '--cfg-path', '/tmp/tmp9c7t2hfy']
[2025-11-01T12:29:02.277+0000] {standard_task_runner.py:88} INFO - Job 16: Subtask load_payments_bronze
[2025-11-01T12:29:02.403+0000] {task_command.py:423} INFO - Running <TaskInstance: ingestion_pipeline.load_payments_bronze manual__2025-11-01T12:29:00.829243+00:00 [running]> on host dfaa589643e1
[2025-11-01T12:29:02.519+0000] {taskinstance.py:2480} INFO - Exporting env vars: AIRFLOW_CTX_DAG_OWNER='***' AIRFLOW_CTX_DAG_ID='ingestion_pipeline' AIRFLOW_CTX_TASK_ID='load_payments_bronze' AIRFLOW_CTX_EXECUTION_DATE='2025-11-01T12:29:00.829243+00:00' AIRFLOW_CTX_TRY_NUMBER='1' AIRFLOW_CTX_DAG_RUN_ID='manual__2025-11-01T12:29:00.829243+00:00'
[2025-11-01T12:29:03.286+0000] {payments_to_clickhouse.py:104} INFO - [payments->ch] Target CSV: /tmp/data/payments/payments-20251003.csv
[2025-11-01T12:29:03.288+0000] {payments_to_clickhouse.py:109} INFO - [payments->ch] Folder listing: ['payments-20251001.csv', 'payments-20251002.csv', 'payments-20251003.csv']
[2025-11-01T12:29:03.315+0000] {crypto.py:82} WARNING - empty cryptography key - values will not be stored encrypted.
[2025-11-01T12:29:03.318+0000] {base.py:83} INFO - Using connection ID 'clickhouse_default' for task execution.
[2025-11-01T12:29:03.343+0000] {payments_to_clickhouse.py:231} INFO - [payments->ch] Dropped partition for _snapshot_date=2025-10-03.
[2025-11-01T12:29:03.351+0000] {taskinstance.py:2698} ERROR - Task failed with exception
Traceback (most recent call last):
  File "/home/airflow/.local/lib/python3.8/site-packages/airflow/models/taskinstance.py", line 433, in _execute_task
    result = execute_callable(context=context, **execute_callable_kwargs)
  File "/home/airflow/.local/lib/python3.8/site-packages/airflow/operators/python.py", line 199, in execute
    return_value = self.execute_callable()
  File "/home/airflow/.local/lib/python3.8/site-packages/airflow/operators/python.py", line 216, in execute_callable
    return self.python_callable(*self.op_args, **self.op_kwargs)
  File "/opt/airflow/dags/pipelines/payments_to_clickhouse.py", line 251, in _callable
    ch.execute(
  File "/home/airflow/.local/lib/python3.8/site-packages/clickhouse_driver/client.py", line 376, in execute
    rv = self.process_insert_query(
  File "/home/airflow/.local/lib/python3.8/site-packages/clickhouse_driver/client.py", line 607, in process_insert_query
    rv = self.send_data(sample_block, data,
  File "/home/airflow/.local/lib/python3.8/site-packages/clickhouse_driver/client.py", line 660, in send_data
    self.connection.send_data(block)
  File "/home/airflow/.local/lib/python3.8/site-packages/clickhouse_driver/connection.py", line 688, in send_data
    self.block_out.write(block)
  File "/home/airflow/.local/lib/python3.8/site-packages/clickhouse_driver/streams/native.py", line 48, in write
    write_column(self.context, col_name, col_type, items,
  File "/home/airflow/.local/lib/python3.8/site-packages/clickhouse_driver/columns/service.py", line 167, in write_column
    column.write_data(items, buf)
  File "/home/airflow/.local/lib/python3.8/site-packages/clickhouse_driver/columns/base.py", line 145, in write_data
    self._write_data(items, buf)
  File "/home/airflow/.local/lib/python3.8/site-packages/clickhouse_driver/columns/base.py", line 149, in _write_data
    self.write_items(prepared, buf)
  File "/home/airflow/.local/lib/python3.8/site-packages/clickhouse_driver/columns/stringcolumn.py", line 18, in write_items
    buf.write_strings(items, encoding=self.encoding)
  File "clickhouse_driver/bufferedwriter.pyx", line 54, in clickhouse_driver.bufferedwriter.BufferedWriter.write_strings
AttributeError: 'float' object has no attribute 'encode'
[2025-11-01T12:29:03.370+0000] {taskinstance.py:1138} INFO - Marking task as UP_FOR_RETRY. dag_id=ingestion_pipeline, task_id=load_payments_bronze, execution_date=20251101T122900, start_date=20251101T122902, end_date=20251101T122903
[2025-11-01T12:29:03.385+0000] {standard_task_runner.py:107} ERROR - Failed to execute job 16 for task load_payments_bronze ('float' object has no attribute 'encode'; 609)
[2025-11-01T12:29:03.410+0000] {local_task_job_runner.py:234} INFO - Task exited with return code 1
[2025-11-01T12:29:03.430+0000] {taskinstance.py:3280} INFO - 0 downstream tasks scheduled from follow-on schedule check
