[2025-11-01T20:06:56.254+0000] {taskinstance.py:1956} INFO - Dependencies all met for dep_context=non-requeueable deps ti=<TaskInstance: ingestion_pipeline.load_payments_bronze scheduled__2025-10-17T00:00:00+00:00 [queued]>
[2025-11-01T20:06:56.311+0000] {taskinstance.py:1956} INFO - Dependencies all met for dep_context=requeueable deps ti=<TaskInstance: ingestion_pipeline.load_payments_bronze scheduled__2025-10-17T00:00:00+00:00 [queued]>
[2025-11-01T20:06:56.313+0000] {taskinstance.py:2170} INFO - Starting attempt 1 of 2
[2025-11-01T20:06:56.417+0000] {taskinstance.py:2191} INFO - Executing <Task(PythonOperator): load_payments_bronze> on 2025-10-17 00:00:00+00:00
[2025-11-01T20:06:56.448+0000] {standard_task_runner.py:60} INFO - Started process 601 to run task
[2025-11-01T20:06:56.454+0000] {standard_task_runner.py:87} INFO - Running: ['***', 'tasks', 'run', 'ingestion_pipeline', 'load_payments_bronze', 'scheduled__2025-10-17T00:00:00+00:00', '--job-id', '68', '--raw', '--subdir', 'DAGS_FOLDER/ingestion_dag.py', '--cfg-path', '/tmp/tmp8aka190u']
[2025-11-01T20:06:56.465+0000] {standard_task_runner.py:88} INFO - Job 68: Subtask load_payments_bronze
[2025-11-01T20:06:56.749+0000] {task_command.py:423} INFO - Running <TaskInstance: ingestion_pipeline.load_payments_bronze scheduled__2025-10-17T00:00:00+00:00 [running]> on host 1a955fda0cfd
[2025-11-01T20:06:57.069+0000] {taskinstance.py:2480} INFO - Exporting env vars: AIRFLOW_CTX_DAG_OWNER='***' AIRFLOW_CTX_DAG_ID='ingestion_pipeline' AIRFLOW_CTX_TASK_ID='load_payments_bronze' AIRFLOW_CTX_EXECUTION_DATE='2025-10-17T00:00:00+00:00' AIRFLOW_CTX_TRY_NUMBER='1' AIRFLOW_CTX_DAG_RUN_ID='scheduled__2025-10-17T00:00:00+00:00'
[2025-11-01T20:06:58.789+0000] {payments_to_clickhouse.py:89} INFO - [payments->ch] Target CSV: /tmp/data/payments/payments-20251017.csv
[2025-11-01T20:06:58.796+0000] {payments_to_clickhouse.py:94} INFO - [payments->ch] Folder listing: ['payments-20251001.csv', 'payments-20251002.csv', 'payments-20251003.csv']
[2025-11-01T20:06:58.803+0000] {payments_to_clickhouse.py:100} WARNING - [payments->ch] File not found. Skipping.
[2025-11-01T20:06:58.810+0000] {python.py:201} INFO - Done. Returned value was: None
[2025-11-01T20:06:58.845+0000] {taskinstance.py:1138} INFO - Marking task as SUCCESS. dag_id=ingestion_pipeline, task_id=load_payments_bronze, execution_date=20251017T000000, start_date=20251101T200656, end_date=20251101T200658
[2025-11-01T20:06:58.939+0000] {local_task_job_runner.py:234} INFO - Task exited with return code 0
[2025-11-01T20:06:58.984+0000] {taskinstance.py:3280} INFO - 0 downstream tasks scheduled from follow-on schedule check
[2025-11-01T20:18:20.977+0000] {taskinstance.py:1956} INFO - Dependencies all met for dep_context=non-requeueable deps ti=<TaskInstance: ingestion_pipeline.load_payments_bronze scheduled__2025-10-17T00:00:00+00:00 [queued]>
[2025-11-01T20:18:20.997+0000] {taskinstance.py:1956} INFO - Dependencies all met for dep_context=requeueable deps ti=<TaskInstance: ingestion_pipeline.load_payments_bronze scheduled__2025-10-17T00:00:00+00:00 [queued]>
[2025-11-01T20:18:20.998+0000] {taskinstance.py:2170} INFO - Starting attempt 1 of 2
[2025-11-01T20:18:21.028+0000] {taskinstance.py:2191} INFO - Executing <Task(PythonOperator): load_payments_bronze> on 2025-10-17 00:00:00+00:00
[2025-11-01T20:18:21.042+0000] {standard_task_runner.py:60} INFO - Started process 599 to run task
[2025-11-01T20:18:21.049+0000] {standard_task_runner.py:87} INFO - Running: ['***', 'tasks', 'run', 'ingestion_pipeline', 'load_payments_bronze', 'scheduled__2025-10-17T00:00:00+00:00', '--job-id', '68', '--raw', '--subdir', 'DAGS_FOLDER/ingestion_dag.py', '--cfg-path', '/tmp/tmp57nxrnsv']
[2025-11-01T20:18:21.052+0000] {standard_task_runner.py:88} INFO - Job 68: Subtask load_payments_bronze
[2025-11-01T20:18:21.166+0000] {task_command.py:423} INFO - Running <TaskInstance: ingestion_pipeline.load_payments_bronze scheduled__2025-10-17T00:00:00+00:00 [running]> on host 6335aa85b335
[2025-11-01T20:18:21.332+0000] {taskinstance.py:2480} INFO - Exporting env vars: AIRFLOW_CTX_DAG_OWNER='***' AIRFLOW_CTX_DAG_ID='ingestion_pipeline' AIRFLOW_CTX_TASK_ID='load_payments_bronze' AIRFLOW_CTX_EXECUTION_DATE='2025-10-17T00:00:00+00:00' AIRFLOW_CTX_TRY_NUMBER='1' AIRFLOW_CTX_DAG_RUN_ID='scheduled__2025-10-17T00:00:00+00:00'
[2025-11-01T20:18:22.242+0000] {payments_to_clickhouse.py:89} INFO - [payments->ch] Target CSV: /tmp/data/payments/payments-20251017.csv
[2025-11-01T20:18:22.246+0000] {payments_to_clickhouse.py:94} INFO - [payments->ch] Folder listing: ['payments-20251001.csv', 'payments-20251002.csv', 'payments-20251003.csv', 'payments-20251004.csv']
[2025-11-01T20:18:22.247+0000] {payments_to_clickhouse.py:100} WARNING - [payments->ch] File not found. Skipping.
[2025-11-01T20:18:22.248+0000] {python.py:201} INFO - Done. Returned value was: None
[2025-11-01T20:18:22.265+0000] {taskinstance.py:1138} INFO - Marking task as SUCCESS. dag_id=ingestion_pipeline, task_id=load_payments_bronze, execution_date=20251017T000000, start_date=20251101T201820, end_date=20251101T201822
[2025-11-01T20:18:22.347+0000] {local_task_job_runner.py:234} INFO - Task exited with return code 0
[2025-11-01T20:18:22.373+0000] {taskinstance.py:3280} INFO - 0 downstream tasks scheduled from follow-on schedule check
[2025-11-02T01:29:41.775+0000] {taskinstance.py:1956} INFO - Dependencies all met for dep_context=non-requeueable deps ti=<TaskInstance: ingestion_pipeline.load_payments_bronze scheduled__2025-10-17T00:00:00+00:00 [queued]>
[2025-11-02T01:29:41.817+0000] {taskinstance.py:1956} INFO - Dependencies all met for dep_context=requeueable deps ti=<TaskInstance: ingestion_pipeline.load_payments_bronze scheduled__2025-10-17T00:00:00+00:00 [queued]>
[2025-11-02T01:29:41.821+0000] {taskinstance.py:2170} INFO - Starting attempt 1 of 2
[2025-11-02T01:29:42.017+0000] {taskinstance.py:2191} INFO - Executing <Task(PythonOperator): load_payments_bronze> on 2025-10-17 00:00:00+00:00
[2025-11-02T01:29:42.044+0000] {standard_task_runner.py:60} INFO - Started process 735 to run task
[2025-11-02T01:29:42.060+0000] {standard_task_runner.py:87} INFO - Running: ['***', 'tasks', 'run', 'ingestion_pipeline', 'load_payments_bronze', 'scheduled__2025-10-17T00:00:00+00:00', '--job-id', '66', '--raw', '--subdir', 'DAGS_FOLDER/ingestion_dag.py', '--cfg-path', '/tmp/tmp26ki1e9d']
[2025-11-02T01:29:42.075+0000] {standard_task_runner.py:88} INFO - Job 66: Subtask load_payments_bronze
[2025-11-02T01:29:42.604+0000] {task_command.py:423} INFO - Running <TaskInstance: ingestion_pipeline.load_payments_bronze scheduled__2025-10-17T00:00:00+00:00 [running]> on host 3b0074fa0b5e
[2025-11-02T01:29:43.248+0000] {taskinstance.py:2480} INFO - Exporting env vars: AIRFLOW_CTX_DAG_OWNER='***' AIRFLOW_CTX_DAG_ID='ingestion_pipeline' AIRFLOW_CTX_TASK_ID='load_payments_bronze' AIRFLOW_CTX_EXECUTION_DATE='2025-10-17T00:00:00+00:00' AIRFLOW_CTX_TRY_NUMBER='1' AIRFLOW_CTX_DAG_RUN_ID='scheduled__2025-10-17T00:00:00+00:00'
[2025-11-02T01:29:48.038+0000] {payments_to_clickhouse.py:89} INFO - [payments->ch] Target CSV: /tmp/data/payments/payments-20251017.csv
[2025-11-02T01:29:48.053+0000] {payments_to_clickhouse.py:94} INFO - [payments->ch] Folder listing: ['payments-20251001.csv', 'payments-20251002.csv', 'payments-20251003.csv', 'payments-20251004.csv']
[2025-11-02T01:29:48.056+0000] {payments_to_clickhouse.py:100} WARNING - [payments->ch] File not found. Skipping.
[2025-11-02T01:29:48.056+0000] {python.py:201} INFO - Done. Returned value was: None
[2025-11-02T01:29:48.106+0000] {taskinstance.py:1138} INFO - Marking task as SUCCESS. dag_id=ingestion_pipeline, task_id=load_payments_bronze, execution_date=20251017T000000, start_date=20251102T012941, end_date=20251102T012948
[2025-11-02T01:29:48.363+0000] {local_task_job_runner.py:234} INFO - Task exited with return code 0
[2025-11-02T01:29:48.433+0000] {taskinstance.py:3280} INFO - 0 downstream tasks scheduled from follow-on schedule check
[2025-11-02T11:27:43.666+0000] {taskinstance.py:1956} INFO - Dependencies all met for dep_context=non-requeueable deps ti=<TaskInstance: ingestion_pipeline.load_payments_bronze scheduled__2025-10-17T00:00:00+00:00 [queued]>
[2025-11-02T11:27:43.728+0000] {taskinstance.py:1956} INFO - Dependencies all met for dep_context=requeueable deps ti=<TaskInstance: ingestion_pipeline.load_payments_bronze scheduled__2025-10-17T00:00:00+00:00 [queued]>
[2025-11-02T11:27:43.730+0000] {taskinstance.py:2170} INFO - Starting attempt 1 of 2
[2025-11-02T11:27:43.913+0000] {taskinstance.py:2191} INFO - Executing <Task(PythonOperator): load_payments_bronze> on 2025-10-17 00:00:00+00:00
[2025-11-02T11:27:43.973+0000] {standard_task_runner.py:60} INFO - Started process 882 to run task
[2025-11-02T11:27:44.036+0000] {standard_task_runner.py:87} INFO - Running: ['***', 'tasks', 'run', 'ingestion_pipeline', 'load_payments_bronze', 'scheduled__2025-10-17T00:00:00+00:00', '--job-id', '74', '--raw', '--subdir', 'DAGS_FOLDER/ingestion_dag.py', '--cfg-path', '/tmp/tmpj6m8vfev']
[2025-11-02T11:27:44.080+0000] {standard_task_runner.py:88} INFO - Job 74: Subtask load_payments_bronze
[2025-11-02T11:27:44.921+0000] {task_command.py:423} INFO - Running <TaskInstance: ingestion_pipeline.load_payments_bronze scheduled__2025-10-17T00:00:00+00:00 [running]> on host 0d39d4365eb9
[2025-11-02T11:27:45.733+0000] {taskinstance.py:2480} INFO - Exporting env vars: AIRFLOW_CTX_DAG_OWNER='***' AIRFLOW_CTX_DAG_ID='ingestion_pipeline' AIRFLOW_CTX_TASK_ID='load_payments_bronze' AIRFLOW_CTX_EXECUTION_DATE='2025-10-17T00:00:00+00:00' AIRFLOW_CTX_TRY_NUMBER='1' AIRFLOW_CTX_DAG_RUN_ID='scheduled__2025-10-17T00:00:00+00:00'
[2025-11-02T11:27:50.412+0000] {payments_to_clickhouse.py:89} INFO - [payments->ch] Target CSV: /tmp/data/payments/payments-20251017.csv
[2025-11-02T11:27:50.430+0000] {payments_to_clickhouse.py:94} INFO - [payments->ch] Folder listing: ['payments-20251001.csv', 'payments-20251002.csv', 'payments-20251003.csv', 'payments-20251004.csv']
[2025-11-02T11:27:50.470+0000] {payments_to_clickhouse.py:100} WARNING - [payments->ch] File not found. Skipping.
[2025-11-02T11:27:50.471+0000] {python.py:201} INFO - Done. Returned value was: None
[2025-11-02T11:27:50.543+0000] {taskinstance.py:1138} INFO - Marking task as SUCCESS. dag_id=ingestion_pipeline, task_id=load_payments_bronze, execution_date=20251017T000000, start_date=20251102T112743, end_date=20251102T112750
[2025-11-02T11:27:50.946+0000] {local_task_job_runner.py:234} INFO - Task exited with return code 0
[2025-11-02T11:27:51.050+0000] {taskinstance.py:3280} INFO - 0 downstream tasks scheduled from follow-on schedule check
