[2025-11-01T18:06:41.454+0000] {taskinstance.py:1956} INFO - Dependencies all met for dep_context=non-requeueable deps ti=<TaskInstance: silver_transformation_pipeline.dbt_run_linktx manual__2025-11-01T18:06:39.268688+00:00 [queued]>
[2025-11-01T18:06:41.467+0000] {taskinstance.py:1956} INFO - Dependencies all met for dep_context=requeueable deps ti=<TaskInstance: silver_transformation_pipeline.dbt_run_linktx manual__2025-11-01T18:06:39.268688+00:00 [queued]>
[2025-11-01T18:06:41.468+0000] {taskinstance.py:2170} INFO - Starting attempt 1 of 2
[2025-11-01T18:06:41.484+0000] {taskinstance.py:2191} INFO - Executing <Task(PythonOperator): dbt_run_linktx> on 2025-11-01 18:06:39.268688+00:00
[2025-11-01T18:06:41.491+0000] {standard_task_runner.py:60} INFO - Started process 5330 to run task
[2025-11-01T18:06:41.495+0000] {standard_task_runner.py:87} INFO - Running: ['***', 'tasks', 'run', 'silver_transformation_pipeline', 'dbt_run_linktx', 'manual__2025-11-01T18:06:39.268688+00:00', '--job-id', '116', '--raw', '--subdir', 'DAGS_FOLDER/silver_dag.py', '--cfg-path', '/tmp/tmpdfevjn7g']
[2025-11-01T18:06:41.499+0000] {standard_task_runner.py:88} INFO - Job 116: Subtask dbt_run_linktx
[2025-11-01T18:06:41.580+0000] {task_command.py:423} INFO - Running <TaskInstance: silver_transformation_pipeline.dbt_run_linktx manual__2025-11-01T18:06:39.268688+00:00 [running]> on host 69cecc54c654
[2025-11-01T18:06:41.693+0000] {taskinstance.py:2480} INFO - Exporting env vars: AIRFLOW_CTX_DAG_OWNER='***' AIRFLOW_CTX_DAG_ID='silver_transformation_pipeline' AIRFLOW_CTX_TASK_ID='dbt_run_linktx' AIRFLOW_CTX_EXECUTION_DATE='2025-11-01T18:06:39.268688+00:00' AIRFLOW_CTX_TRY_NUMBER='1' AIRFLOW_CTX_DAG_RUN_ID='manual__2025-11-01T18:06:39.268688+00:00'
[2025-11-01T18:06:45.652+0000] {taskinstance.py:2698} ERROR - Task failed with exception
Traceback (most recent call last):
  File "/home/airflow/.local/lib/python3.8/site-packages/airflow/models/taskinstance.py", line 433, in _execute_task
    result = execute_callable(context=context, **execute_callable_kwargs)
  File "/home/airflow/.local/lib/python3.8/site-packages/airflow/operators/python.py", line 199, in execute
    return_value = self.execute_callable()
  File "/home/airflow/.local/lib/python3.8/site-packages/airflow/operators/python.py", line 216, in execute_callable
    return self.python_callable(*self.op_args, **self.op_kwargs)
  File "/opt/airflow/dags/silver_dag.py", line 149, in _run_dbt
    raise RuntimeError(f"dbt failed ({proc.returncode}).\nSTDOUT:\n{proc.stdout}\n\nSTDERR:\n{proc.stderr}")
RuntimeError: dbt failed (2).
STDOUT:
18:06:44  Running with dbt=1.5.9
18:06:44  Registered adapter: clickhouse=1.5.2
18:06:44  Encountered an error:
Compilation Error in model silver_link_transactions (models/silver/silver_link_transactions.sql)
  No filter named 'ternary'.
    line 17
      | ternary(ch_drop_partition(this, ds_lagged), none)


STDERR:

[2025-11-01T18:06:45.680+0000] {taskinstance.py:1138} INFO - Marking task as UP_FOR_RETRY. dag_id=silver_transformation_pipeline, task_id=dbt_run_linktx, execution_date=20251101T180639, start_date=20251101T180641, end_date=20251101T180645
[2025-11-01T18:06:45.712+0000] {standard_task_runner.py:107} ERROR - Failed to execute job 116 for task dbt_run_linktx (dbt failed (2).
STDOUT:
18:06:44  Running with dbt=1.5.9
18:06:44  Registered adapter: clickhouse=1.5.2
18:06:44  Encountered an error:
Compilation Error in model silver_link_transactions (models/silver/silver_link_transactions.sql)
  No filter named 'ternary'.
    line 17
      | ternary(ch_drop_partition(this, ds_lagged), none)


STDERR:
; 5330)
[2025-11-01T18:06:45.767+0000] {local_task_job_runner.py:234} INFO - Task exited with return code 1
[2025-11-01T18:06:45.787+0000] {taskinstance.py:3280} INFO - 0 downstream tasks scheduled from follow-on schedule check
