[2025-11-01T20:23:45.141+0000] {taskinstance.py:1956} INFO - Dependencies all met for dep_context=non-requeueable deps ti=<TaskInstance: silver_transformation_pipeline.dbt_run_payments scheduled__2025-10-26T00:00:00+00:00 [queued]>
[2025-11-01T20:23:45.151+0000] {taskinstance.py:1956} INFO - Dependencies all met for dep_context=requeueable deps ti=<TaskInstance: silver_transformation_pipeline.dbt_run_payments scheduled__2025-10-26T00:00:00+00:00 [queued]>
[2025-11-01T20:23:45.152+0000] {taskinstance.py:2170} INFO - Starting attempt 1 of 2
[2025-11-01T20:23:45.169+0000] {taskinstance.py:2191} INFO - Executing <Task(PythonOperator): dbt_run_payments> on 2025-10-26 00:00:00+00:00
[2025-11-01T20:23:45.177+0000] {standard_task_runner.py:60} INFO - Started process 2201 to run task
[2025-11-01T20:23:45.182+0000] {standard_task_runner.py:87} INFO - Running: ['***', 'tasks', 'run', 'silver_transformation_pipeline', 'dbt_run_payments', 'scheduled__2025-10-26T00:00:00+00:00', '--job-id', '227', '--raw', '--subdir', 'DAGS_FOLDER/silver_dag.py', '--cfg-path', '/tmp/tmphrx0ru6b']
[2025-11-01T20:23:45.185+0000] {standard_task_runner.py:88} INFO - Job 227: Subtask dbt_run_payments
[2025-11-01T20:23:45.284+0000] {task_command.py:423} INFO - Running <TaskInstance: silver_transformation_pipeline.dbt_run_payments scheduled__2025-10-26T00:00:00+00:00 [running]> on host 6335aa85b335
[2025-11-01T20:23:45.457+0000] {taskinstance.py:2480} INFO - Exporting env vars: AIRFLOW_CTX_DAG_OWNER='***' AIRFLOW_CTX_DAG_ID='silver_transformation_pipeline' AIRFLOW_CTX_TASK_ID='dbt_run_payments' AIRFLOW_CTX_EXECUTION_DATE='2025-10-26T00:00:00+00:00' AIRFLOW_CTX_TRY_NUMBER='1' AIRFLOW_CTX_DAG_RUN_ID='scheduled__2025-10-26T00:00:00+00:00'
[2025-11-01T20:23:52.033+0000] {python.py:201} INFO - Done. Returned value was: None
[2025-11-01T20:23:52.052+0000] {taskinstance.py:1138} INFO - Marking task as SUCCESS. dag_id=silver_transformation_pipeline, task_id=dbt_run_payments, execution_date=20251026T000000, start_date=20251101T202345, end_date=20251101T202352
[2025-11-01T20:23:52.091+0000] {local_task_job_runner.py:234} INFO - Task exited with return code 0
[2025-11-01T20:23:52.116+0000] {taskinstance.py:3280} INFO - 0 downstream tasks scheduled from follow-on schedule check
[2025-11-02T01:39:02.522+0000] {taskinstance.py:1956} INFO - Dependencies all met for dep_context=non-requeueable deps ti=<TaskInstance: silver_transformation_pipeline.dbt_run_payments scheduled__2025-10-26T00:00:00+00:00 [queued]>
[2025-11-02T01:39:02.532+0000] {taskinstance.py:1956} INFO - Dependencies all met for dep_context=requeueable deps ti=<TaskInstance: silver_transformation_pipeline.dbt_run_payments scheduled__2025-10-26T00:00:00+00:00 [queued]>
[2025-11-02T01:39:02.533+0000] {taskinstance.py:2170} INFO - Starting attempt 1 of 2
[2025-11-02T01:39:02.550+0000] {taskinstance.py:2191} INFO - Executing <Task(PythonOperator): dbt_run_payments> on 2025-10-26 00:00:00+00:00
[2025-11-02T01:39:02.562+0000] {standard_task_runner.py:60} INFO - Started process 3295 to run task
[2025-11-02T01:39:02.566+0000] {standard_task_runner.py:87} INFO - Running: ['***', 'tasks', 'run', 'silver_transformation_pipeline', 'dbt_run_payments', 'scheduled__2025-10-26T00:00:00+00:00', '--job-id', '231', '--raw', '--subdir', 'DAGS_FOLDER/silver_dag.py', '--cfg-path', '/tmp/tmpj_dhaj70']
[2025-11-02T01:39:02.570+0000] {standard_task_runner.py:88} INFO - Job 231: Subtask dbt_run_payments
[2025-11-02T01:39:02.662+0000] {task_command.py:423} INFO - Running <TaskInstance: silver_transformation_pipeline.dbt_run_payments scheduled__2025-10-26T00:00:00+00:00 [running]> on host 3b0074fa0b5e
[2025-11-02T01:39:02.779+0000] {taskinstance.py:2480} INFO - Exporting env vars: AIRFLOW_CTX_DAG_OWNER='***' AIRFLOW_CTX_DAG_ID='silver_transformation_pipeline' AIRFLOW_CTX_TASK_ID='dbt_run_payments' AIRFLOW_CTX_EXECUTION_DATE='2025-10-26T00:00:00+00:00' AIRFLOW_CTX_TRY_NUMBER='1' AIRFLOW_CTX_DAG_RUN_ID='scheduled__2025-10-26T00:00:00+00:00'
[2025-11-02T01:39:10.225+0000] {python.py:201} INFO - Done. Returned value was: None
[2025-11-02T01:39:10.248+0000] {taskinstance.py:1138} INFO - Marking task as SUCCESS. dag_id=silver_transformation_pipeline, task_id=dbt_run_payments, execution_date=20251026T000000, start_date=20251102T013902, end_date=20251102T013910
[2025-11-02T01:39:10.304+0000] {local_task_job_runner.py:234} INFO - Task exited with return code 0
[2025-11-02T01:39:10.348+0000] {taskinstance.py:3280} INFO - 0 downstream tasks scheduled from follow-on schedule check
[2025-11-02T11:34:50.578+0000] {taskinstance.py:1956} INFO - Dependencies all met for dep_context=non-requeueable deps ti=<TaskInstance: silver_transformation_pipeline.dbt_run_payments scheduled__2025-10-26T00:00:00+00:00 [queued]>
[2025-11-02T11:34:50.590+0000] {taskinstance.py:1956} INFO - Dependencies all met for dep_context=requeueable deps ti=<TaskInstance: silver_transformation_pipeline.dbt_run_payments scheduled__2025-10-26T00:00:00+00:00 [queued]>
[2025-11-02T11:34:50.591+0000] {taskinstance.py:2170} INFO - Starting attempt 1 of 2
[2025-11-02T11:34:50.605+0000] {taskinstance.py:2191} INFO - Executing <Task(PythonOperator): dbt_run_payments> on 2025-10-26 00:00:00+00:00
[2025-11-02T11:34:50.613+0000] {standard_task_runner.py:60} INFO - Started process 3490 to run task
[2025-11-02T11:34:50.619+0000] {standard_task_runner.py:87} INFO - Running: ['***', 'tasks', 'run', 'silver_transformation_pipeline', 'dbt_run_payments', 'scheduled__2025-10-26T00:00:00+00:00', '--job-id', '245', '--raw', '--subdir', 'DAGS_FOLDER/silver_dag.py', '--cfg-path', '/tmp/tmpgbrgs8v_']
[2025-11-02T11:34:50.623+0000] {standard_task_runner.py:88} INFO - Job 245: Subtask dbt_run_payments
[2025-11-02T11:34:50.713+0000] {task_command.py:423} INFO - Running <TaskInstance: silver_transformation_pipeline.dbt_run_payments scheduled__2025-10-26T00:00:00+00:00 [running]> on host 0d39d4365eb9
[2025-11-02T11:34:50.830+0000] {taskinstance.py:2480} INFO - Exporting env vars: AIRFLOW_CTX_DAG_OWNER='***' AIRFLOW_CTX_DAG_ID='silver_transformation_pipeline' AIRFLOW_CTX_TASK_ID='dbt_run_payments' AIRFLOW_CTX_EXECUTION_DATE='2025-10-26T00:00:00+00:00' AIRFLOW_CTX_TRY_NUMBER='1' AIRFLOW_CTX_DAG_RUN_ID='scheduled__2025-10-26T00:00:00+00:00'
[2025-11-02T11:34:59.300+0000] {python.py:201} INFO - Done. Returned value was: None
[2025-11-02T11:34:59.325+0000] {taskinstance.py:1138} INFO - Marking task as SUCCESS. dag_id=silver_transformation_pipeline, task_id=dbt_run_payments, execution_date=20251026T000000, start_date=20251102T113450, end_date=20251102T113459
[2025-11-02T11:34:59.397+0000] {local_task_job_runner.py:234} INFO - Task exited with return code 0
[2025-11-02T11:34:59.423+0000] {taskinstance.py:3280} INFO - 0 downstream tasks scheduled from follow-on schedule check
