[2025-11-07T05:07:23.237+0000] {taskinstance.py:1956} INFO - Dependencies all met for dep_context=non-requeueable deps ti=<TaskInstance: ingestion_pipeline.load_link_transactions_bronze_from_mongo scheduled__2025-11-06T00:00:00+00:00 [queued]>
[2025-11-07T05:07:23.279+0000] {taskinstance.py:1956} INFO - Dependencies all met for dep_context=requeueable deps ti=<TaskInstance: ingestion_pipeline.load_link_transactions_bronze_from_mongo scheduled__2025-11-06T00:00:00+00:00 [queued]>
[2025-11-07T05:07:23.283+0000] {taskinstance.py:2170} INFO - Starting attempt 1 of 2
[2025-11-07T05:07:23.315+0000] {taskinstance.py:2191} INFO - Executing <Task(PythonOperator): load_link_transactions_bronze_from_mongo> on 2025-11-06 00:00:00+00:00
[2025-11-07T05:07:23.331+0000] {standard_task_runner.py:60} INFO - Started process 48398 to run task
[2025-11-07T05:07:23.336+0000] {standard_task_runner.py:87} INFO - Running: ['***', 'tasks', 'run', 'ingestion_pipeline', 'load_link_transactions_bronze_from_mongo', 'scheduled__2025-11-06T00:00:00+00:00', '--job-id', '491', '--raw', '--subdir', 'DAGS_FOLDER/ingestion_dag.py', '--cfg-path', '/tmp/tmp_i0lbces']
[2025-11-07T05:07:23.354+0000] {standard_task_runner.py:88} INFO - Job 491: Subtask load_link_transactions_bronze_from_mongo
[2025-11-07T05:07:23.541+0000] {task_command.py:423} INFO - Running <TaskInstance: ingestion_pipeline.load_link_transactions_bronze_from_mongo scheduled__2025-11-06T00:00:00+00:00 [running]> on host 0d39d4365eb9
[2025-11-07T05:07:23.908+0000] {taskinstance.py:2480} INFO - Exporting env vars: AIRFLOW_CTX_DAG_OWNER='***' AIRFLOW_CTX_DAG_ID='ingestion_pipeline' AIRFLOW_CTX_TASK_ID='load_link_transactions_bronze_from_mongo' AIRFLOW_CTX_EXECUTION_DATE='2025-11-06T00:00:00+00:00' AIRFLOW_CTX_TRY_NUMBER='1' AIRFLOW_CTX_DAG_RUN_ID='scheduled__2025-11-06T00:00:00+00:00'
[2025-11-07T05:07:25.228+0000] {crypto.py:82} WARNING - empty cryptography key - values will not be stored encrypted.
[2025-11-07T05:07:25.230+0000] {base.py:83} INFO - Using connection ID 'mongo_default' for task execution.
[2025-11-07T05:07:25.257+0000] {base.py:83} INFO - Using connection ID 'clickhouse_default' for task execution.
[2025-11-07T05:07:25.269+0000] {mongo_to_clickhouse.py:241} INFO - [mongo->ch] Mongo query: {'_snapshot_date': {'$gte': datetime.datetime(2025, 11, 6, 0, 0), '$lte': datetime.datetime(2025, 11, 6, 23, 59, 59, 999000)}}
[2025-11-07T05:07:25.291+0000] {mongo_to_clickhouse.py:172} INFO - [mongo->ch] Dropped partition for _snapshot_date=2025-11-06.
[2025-11-07T05:07:25.332+0000] {mongo_to_clickhouse.py:275} INFO - [mongo->ch] Inserted 0 rows into bronze.link_transactions.
[2025-11-07T05:07:25.333+0000] {mongo_to_clickhouse.py:277} INFO - [mongo->ch] No matching docs found for given filter.
[2025-11-07T05:07:25.335+0000] {python.py:201} INFO - Done. Returned value was: None
[2025-11-07T05:07:25.347+0000] {taskinstance.py:1138} INFO - Marking task as SUCCESS. dag_id=ingestion_pipeline, task_id=load_link_transactions_bronze_from_mongo, execution_date=20251106T000000, start_date=20251107T050723, end_date=20251107T050725
[2025-11-07T05:07:25.417+0000] {local_task_job_runner.py:234} INFO - Task exited with return code 0
[2025-11-07T05:07:25.436+0000] {taskinstance.py:3280} INFO - 0 downstream tasks scheduled from follow-on schedule check
