[2025-11-01T20:12:59.617+0000] {taskinstance.py:1956} INFO - Dependencies all met for dep_context=non-requeueable deps ti=<TaskInstance: silver_transformation_pipeline.dbt_run_linktx scheduled__2025-10-02T00:00:00+00:00 [queued]>
[2025-11-01T20:12:59.628+0000] {taskinstance.py:1956} INFO - Dependencies all met for dep_context=requeueable deps ti=<TaskInstance: silver_transformation_pipeline.dbt_run_linktx scheduled__2025-10-02T00:00:00+00:00 [queued]>
[2025-11-01T20:12:59.628+0000] {taskinstance.py:2170} INFO - Starting attempt 1 of 2
[2025-11-01T20:12:59.643+0000] {taskinstance.py:2191} INFO - Executing <Task(PythonOperator): dbt_run_linktx> on 2025-10-02 00:00:00+00:00
[2025-11-01T20:12:59.651+0000] {standard_task_runner.py:60} INFO - Started process 1343 to run task
[2025-11-01T20:12:59.655+0000] {standard_task_runner.py:87} INFO - Running: ['***', 'tasks', 'run', 'silver_transformation_pipeline', 'dbt_run_linktx', 'scheduled__2025-10-02T00:00:00+00:00', '--job-id', '139', '--raw', '--subdir', 'DAGS_FOLDER/silver_dag.py', '--cfg-path', '/tmp/tmp14unlwz7']
[2025-11-01T20:12:59.658+0000] {standard_task_runner.py:88} INFO - Job 139: Subtask dbt_run_linktx
[2025-11-01T20:12:59.750+0000] {task_command.py:423} INFO - Running <TaskInstance: silver_transformation_pipeline.dbt_run_linktx scheduled__2025-10-02T00:00:00+00:00 [running]> on host 1a955fda0cfd
[2025-11-01T20:12:59.876+0000] {taskinstance.py:2480} INFO - Exporting env vars: AIRFLOW_CTX_DAG_OWNER='***' AIRFLOW_CTX_DAG_ID='silver_transformation_pipeline' AIRFLOW_CTX_TASK_ID='dbt_run_linktx' AIRFLOW_CTX_EXECUTION_DATE='2025-10-02T00:00:00+00:00' AIRFLOW_CTX_TRY_NUMBER='1' AIRFLOW_CTX_DAG_RUN_ID='scheduled__2025-10-02T00:00:00+00:00'
[2025-11-01T20:13:05.647+0000] {python.py:201} INFO - Done. Returned value was: None
[2025-11-01T20:13:05.673+0000] {taskinstance.py:1138} INFO - Marking task as SUCCESS. dag_id=silver_transformation_pipeline, task_id=dbt_run_linktx, execution_date=20251002T000000, start_date=20251101T201259, end_date=20251101T201305
[2025-11-01T20:13:05.717+0000] {local_task_job_runner.py:234} INFO - Task exited with return code 0
[2025-11-01T20:13:05.742+0000] {taskinstance.py:3280} INFO - 0 downstream tasks scheduled from follow-on schedule check
[2025-11-01T20:19:39.904+0000] {taskinstance.py:1956} INFO - Dependencies all met for dep_context=non-requeueable deps ti=<TaskInstance: silver_transformation_pipeline.dbt_run_linktx scheduled__2025-10-02T00:00:00+00:00 [queued]>
[2025-11-01T20:19:39.919+0000] {taskinstance.py:1956} INFO - Dependencies all met for dep_context=requeueable deps ti=<TaskInstance: silver_transformation_pipeline.dbt_run_linktx scheduled__2025-10-02T00:00:00+00:00 [queued]>
[2025-11-01T20:19:39.922+0000] {taskinstance.py:2170} INFO - Starting attempt 1 of 2
[2025-11-01T20:19:39.939+0000] {taskinstance.py:2191} INFO - Executing <Task(PythonOperator): dbt_run_linktx> on 2025-10-02 00:00:00+00:00
[2025-11-01T20:19:39.947+0000] {standard_task_runner.py:60} INFO - Started process 971 to run task
[2025-11-01T20:19:39.953+0000] {standard_task_runner.py:87} INFO - Running: ['***', 'tasks', 'run', 'silver_transformation_pipeline', 'dbt_run_linktx', 'scheduled__2025-10-02T00:00:00+00:00', '--job-id', '133', '--raw', '--subdir', 'DAGS_FOLDER/silver_dag.py', '--cfg-path', '/tmp/tmp_mk9m7g7']
[2025-11-01T20:19:39.957+0000] {standard_task_runner.py:88} INFO - Job 133: Subtask dbt_run_linktx
[2025-11-01T20:19:40.062+0000] {task_command.py:423} INFO - Running <TaskInstance: silver_transformation_pipeline.dbt_run_linktx scheduled__2025-10-02T00:00:00+00:00 [running]> on host 6335aa85b335
[2025-11-01T20:19:40.190+0000] {taskinstance.py:2480} INFO - Exporting env vars: AIRFLOW_CTX_DAG_OWNER='***' AIRFLOW_CTX_DAG_ID='silver_transformation_pipeline' AIRFLOW_CTX_TASK_ID='dbt_run_linktx' AIRFLOW_CTX_EXECUTION_DATE='2025-10-02T00:00:00+00:00' AIRFLOW_CTX_TRY_NUMBER='1' AIRFLOW_CTX_DAG_RUN_ID='scheduled__2025-10-02T00:00:00+00:00'
[2025-11-01T20:19:46.077+0000] {python.py:201} INFO - Done. Returned value was: None
[2025-11-01T20:19:46.100+0000] {taskinstance.py:1138} INFO - Marking task as SUCCESS. dag_id=silver_transformation_pipeline, task_id=dbt_run_linktx, execution_date=20251002T000000, start_date=20251101T201939, end_date=20251101T201946
[2025-11-01T20:19:46.141+0000] {local_task_job_runner.py:234} INFO - Task exited with return code 0
[2025-11-01T20:19:46.170+0000] {taskinstance.py:3280} INFO - 0 downstream tasks scheduled from follow-on schedule check
