[2025-11-01T20:06:51.567+0000] {taskinstance.py:1956} INFO - Dependencies all met for dep_context=non-requeueable deps ti=<TaskInstance: ingestion_pipeline.load_payments_bronze scheduled__2025-10-16T00:00:00+00:00 [queued]>
[2025-11-01T20:06:51.654+0000] {taskinstance.py:1956} INFO - Dependencies all met for dep_context=requeueable deps ti=<TaskInstance: ingestion_pipeline.load_payments_bronze scheduled__2025-10-16T00:00:00+00:00 [queued]>
[2025-11-01T20:06:51.658+0000] {taskinstance.py:2170} INFO - Starting attempt 1 of 2
[2025-11-01T20:06:51.736+0000] {taskinstance.py:2191} INFO - Executing <Task(PythonOperator): load_payments_bronze> on 2025-10-16 00:00:00+00:00
[2025-11-01T20:06:51.758+0000] {standard_task_runner.py:60} INFO - Started process 564 to run task
[2025-11-01T20:06:51.777+0000] {standard_task_runner.py:87} INFO - Running: ['***', 'tasks', 'run', 'ingestion_pipeline', 'load_payments_bronze', 'scheduled__2025-10-16T00:00:00+00:00', '--job-id', '64', '--raw', '--subdir', 'DAGS_FOLDER/ingestion_dag.py', '--cfg-path', '/tmp/tmpy29xc7f9']
[2025-11-01T20:06:51.786+0000] {standard_task_runner.py:88} INFO - Job 64: Subtask load_payments_bronze
[2025-11-01T20:06:51.981+0000] {task_command.py:423} INFO - Running <TaskInstance: ingestion_pipeline.load_payments_bronze scheduled__2025-10-16T00:00:00+00:00 [running]> on host 1a955fda0cfd
[2025-11-01T20:06:52.471+0000] {taskinstance.py:2480} INFO - Exporting env vars: AIRFLOW_CTX_DAG_OWNER='***' AIRFLOW_CTX_DAG_ID='ingestion_pipeline' AIRFLOW_CTX_TASK_ID='load_payments_bronze' AIRFLOW_CTX_EXECUTION_DATE='2025-10-16T00:00:00+00:00' AIRFLOW_CTX_TRY_NUMBER='1' AIRFLOW_CTX_DAG_RUN_ID='scheduled__2025-10-16T00:00:00+00:00'
[2025-11-01T20:06:55.655+0000] {payments_to_clickhouse.py:89} INFO - [payments->ch] Target CSV: /tmp/data/payments/payments-20251016.csv
[2025-11-01T20:06:55.686+0000] {payments_to_clickhouse.py:94} INFO - [payments->ch] Folder listing: ['payments-20251001.csv', 'payments-20251002.csv', 'payments-20251003.csv']
[2025-11-01T20:06:55.688+0000] {payments_to_clickhouse.py:100} WARNING - [payments->ch] File not found. Skipping.
[2025-11-01T20:06:55.689+0000] {python.py:201} INFO - Done. Returned value was: None
[2025-11-01T20:06:55.768+0000] {taskinstance.py:1138} INFO - Marking task as SUCCESS. dag_id=ingestion_pipeline, task_id=load_payments_bronze, execution_date=20251016T000000, start_date=20251101T200651, end_date=20251101T200655
[2025-11-01T20:06:55.933+0000] {local_task_job_runner.py:234} INFO - Task exited with return code 0
[2025-11-01T20:06:56.007+0000] {taskinstance.py:3280} INFO - 0 downstream tasks scheduled from follow-on schedule check
[2025-11-01T20:18:16.718+0000] {taskinstance.py:1956} INFO - Dependencies all met for dep_context=non-requeueable deps ti=<TaskInstance: ingestion_pipeline.load_payments_bronze scheduled__2025-10-16T00:00:00+00:00 [queued]>
[2025-11-01T20:18:16.816+0000] {taskinstance.py:1956} INFO - Dependencies all met for dep_context=requeueable deps ti=<TaskInstance: ingestion_pipeline.load_payments_bronze scheduled__2025-10-16T00:00:00+00:00 [queued]>
[2025-11-01T20:18:16.817+0000] {taskinstance.py:2170} INFO - Starting attempt 1 of 2
[2025-11-01T20:18:16.931+0000] {taskinstance.py:2191} INFO - Executing <Task(PythonOperator): load_payments_bronze> on 2025-10-16 00:00:00+00:00
[2025-11-01T20:18:16.975+0000] {standard_task_runner.py:60} INFO - Started process 561 to run task
[2025-11-01T20:18:16.986+0000] {standard_task_runner.py:87} INFO - Running: ['***', 'tasks', 'run', 'ingestion_pipeline', 'load_payments_bronze', 'scheduled__2025-10-16T00:00:00+00:00', '--job-id', '64', '--raw', '--subdir', 'DAGS_FOLDER/ingestion_dag.py', '--cfg-path', '/tmp/tmpasavm3e4']
[2025-11-01T20:18:17.004+0000] {standard_task_runner.py:88} INFO - Job 64: Subtask load_payments_bronze
[2025-11-01T20:18:17.268+0000] {task_command.py:423} INFO - Running <TaskInstance: ingestion_pipeline.load_payments_bronze scheduled__2025-10-16T00:00:00+00:00 [running]> on host 6335aa85b335
[2025-11-01T20:18:17.725+0000] {taskinstance.py:2480} INFO - Exporting env vars: AIRFLOW_CTX_DAG_OWNER='***' AIRFLOW_CTX_DAG_ID='ingestion_pipeline' AIRFLOW_CTX_TASK_ID='load_payments_bronze' AIRFLOW_CTX_EXECUTION_DATE='2025-10-16T00:00:00+00:00' AIRFLOW_CTX_TRY_NUMBER='1' AIRFLOW_CTX_DAG_RUN_ID='scheduled__2025-10-16T00:00:00+00:00'
[2025-11-01T20:18:20.770+0000] {payments_to_clickhouse.py:89} INFO - [payments->ch] Target CSV: /tmp/data/payments/payments-20251016.csv
[2025-11-01T20:18:20.789+0000] {payments_to_clickhouse.py:94} INFO - [payments->ch] Folder listing: ['payments-20251001.csv', 'payments-20251002.csv', 'payments-20251003.csv', 'payments-20251004.csv']
[2025-11-01T20:18:20.798+0000] {payments_to_clickhouse.py:100} WARNING - [payments->ch] File not found. Skipping.
[2025-11-01T20:18:20.800+0000] {python.py:201} INFO - Done. Returned value was: None
[2025-11-01T20:18:20.834+0000] {taskinstance.py:1138} INFO - Marking task as SUCCESS. dag_id=ingestion_pipeline, task_id=load_payments_bronze, execution_date=20251016T000000, start_date=20251101T201816, end_date=20251101T201820
[2025-11-01T20:18:20.932+0000] {local_task_job_runner.py:234} INFO - Task exited with return code 0
[2025-11-01T20:18:20.968+0000] {taskinstance.py:3280} INFO - 0 downstream tasks scheduled from follow-on schedule check
[2025-11-02T01:29:33.895+0000] {taskinstance.py:1956} INFO - Dependencies all met for dep_context=non-requeueable deps ti=<TaskInstance: ingestion_pipeline.load_payments_bronze scheduled__2025-10-16T00:00:00+00:00 [queued]>
[2025-11-02T01:29:33.953+0000] {taskinstance.py:1956} INFO - Dependencies all met for dep_context=requeueable deps ti=<TaskInstance: ingestion_pipeline.load_payments_bronze scheduled__2025-10-16T00:00:00+00:00 [queued]>
[2025-11-02T01:29:33.959+0000] {taskinstance.py:2170} INFO - Starting attempt 1 of 2
[2025-11-02T01:29:34.115+0000] {taskinstance.py:2191} INFO - Executing <Task(PythonOperator): load_payments_bronze> on 2025-10-16 00:00:00+00:00
[2025-11-02T01:29:34.177+0000] {standard_task_runner.py:60} INFO - Started process 689 to run task
[2025-11-02T01:29:34.193+0000] {standard_task_runner.py:87} INFO - Running: ['***', 'tasks', 'run', 'ingestion_pipeline', 'load_payments_bronze', 'scheduled__2025-10-16T00:00:00+00:00', '--job-id', '64', '--raw', '--subdir', 'DAGS_FOLDER/ingestion_dag.py', '--cfg-path', '/tmp/tmpa3awhbj7']
[2025-11-02T01:29:34.216+0000] {standard_task_runner.py:88} INFO - Job 64: Subtask load_payments_bronze
[2025-11-02T01:29:34.511+0000] {task_command.py:423} INFO - Running <TaskInstance: ingestion_pipeline.load_payments_bronze scheduled__2025-10-16T00:00:00+00:00 [running]> on host 3b0074fa0b5e
[2025-11-02T01:29:34.991+0000] {taskinstance.py:2480} INFO - Exporting env vars: AIRFLOW_CTX_DAG_OWNER='***' AIRFLOW_CTX_DAG_ID='ingestion_pipeline' AIRFLOW_CTX_TASK_ID='load_payments_bronze' AIRFLOW_CTX_EXECUTION_DATE='2025-10-16T00:00:00+00:00' AIRFLOW_CTX_TRY_NUMBER='1' AIRFLOW_CTX_DAG_RUN_ID='scheduled__2025-10-16T00:00:00+00:00'
[2025-11-02T01:29:37.832+0000] {payments_to_clickhouse.py:89} INFO - [payments->ch] Target CSV: /tmp/data/payments/payments-20251016.csv
[2025-11-02T01:29:37.852+0000] {payments_to_clickhouse.py:94} INFO - [payments->ch] Folder listing: ['payments-20251001.csv', 'payments-20251002.csv', 'payments-20251003.csv', 'payments-20251004.csv']
[2025-11-02T01:29:37.866+0000] {payments_to_clickhouse.py:100} WARNING - [payments->ch] File not found. Skipping.
[2025-11-02T01:29:37.867+0000] {python.py:201} INFO - Done. Returned value was: None
[2025-11-02T01:29:37.935+0000] {taskinstance.py:1138} INFO - Marking task as SUCCESS. dag_id=ingestion_pipeline, task_id=load_payments_bronze, execution_date=20251016T000000, start_date=20251102T012933, end_date=20251102T012937
[2025-11-02T01:29:38.173+0000] {local_task_job_runner.py:234} INFO - Task exited with return code 0
[2025-11-02T01:29:38.241+0000] {taskinstance.py:3280} INFO - 0 downstream tasks scheduled from follow-on schedule check
[2025-11-02T11:27:43.573+0000] {taskinstance.py:1956} INFO - Dependencies all met for dep_context=non-requeueable deps ti=<TaskInstance: ingestion_pipeline.load_payments_bronze scheduled__2025-10-16T00:00:00+00:00 [queued]>
[2025-11-02T11:27:43.648+0000] {taskinstance.py:1956} INFO - Dependencies all met for dep_context=requeueable deps ti=<TaskInstance: ingestion_pipeline.load_payments_bronze scheduled__2025-10-16T00:00:00+00:00 [queued]>
[2025-11-02T11:27:43.652+0000] {taskinstance.py:2170} INFO - Starting attempt 1 of 2
[2025-11-02T11:27:44.461+0000] {taskinstance.py:2191} INFO - Executing <Task(PythonOperator): load_payments_bronze> on 2025-10-16 00:00:00+00:00
[2025-11-02T11:27:44.490+0000] {standard_task_runner.py:60} INFO - Started process 885 to run task
[2025-11-02T11:27:44.574+0000] {standard_task_runner.py:87} INFO - Running: ['***', 'tasks', 'run', 'ingestion_pipeline', 'load_payments_bronze', 'scheduled__2025-10-16T00:00:00+00:00', '--job-id', '77', '--raw', '--subdir', 'DAGS_FOLDER/ingestion_dag.py', '--cfg-path', '/tmp/tmpds8d_wp1']
[2025-11-02T11:27:44.609+0000] {standard_task_runner.py:88} INFO - Job 77: Subtask load_payments_bronze
[2025-11-02T11:27:45.324+0000] {task_command.py:423} INFO - Running <TaskInstance: ingestion_pipeline.load_payments_bronze scheduled__2025-10-16T00:00:00+00:00 [running]> on host 0d39d4365eb9
[2025-11-02T11:27:45.952+0000] {taskinstance.py:2480} INFO - Exporting env vars: AIRFLOW_CTX_DAG_OWNER='***' AIRFLOW_CTX_DAG_ID='ingestion_pipeline' AIRFLOW_CTX_TASK_ID='load_payments_bronze' AIRFLOW_CTX_EXECUTION_DATE='2025-10-16T00:00:00+00:00' AIRFLOW_CTX_TRY_NUMBER='1' AIRFLOW_CTX_DAG_RUN_ID='scheduled__2025-10-16T00:00:00+00:00'
[2025-11-02T11:27:49.690+0000] {payments_to_clickhouse.py:89} INFO - [payments->ch] Target CSV: /tmp/data/payments/payments-20251016.csv
[2025-11-02T11:27:49.711+0000] {payments_to_clickhouse.py:94} INFO - [payments->ch] Folder listing: ['payments-20251001.csv', 'payments-20251002.csv', 'payments-20251003.csv', 'payments-20251004.csv']
[2025-11-02T11:27:49.720+0000] {payments_to_clickhouse.py:100} WARNING - [payments->ch] File not found. Skipping.
[2025-11-02T11:27:49.724+0000] {python.py:201} INFO - Done. Returned value was: None
[2025-11-02T11:27:49.802+0000] {taskinstance.py:1138} INFO - Marking task as SUCCESS. dag_id=ingestion_pipeline, task_id=load_payments_bronze, execution_date=20251016T000000, start_date=20251102T112743, end_date=20251102T112749
[2025-11-02T11:27:50.092+0000] {local_task_job_runner.py:234} INFO - Task exited with return code 0
[2025-11-02T11:27:50.161+0000] {taskinstance.py:3280} INFO - 0 downstream tasks scheduled from follow-on schedule check
