[2025-11-09T00:16:24.440+0000] {taskinstance.py:1956} INFO - Dependencies all met for dep_context=non-requeueable deps ti=<TaskInstance: ingestion_pipeline.load_link_transactions_bronze_from_mongo scheduled__2025-11-08T00:00:00+00:00 [queued]>
[2025-11-09T00:16:24.471+0000] {taskinstance.py:1956} INFO - Dependencies all met for dep_context=requeueable deps ti=<TaskInstance: ingestion_pipeline.load_link_transactions_bronze_from_mongo scheduled__2025-11-08T00:00:00+00:00 [queued]>
[2025-11-09T00:16:24.472+0000] {taskinstance.py:2170} INFO - Starting attempt 1 of 2
[2025-11-09T00:16:24.515+0000] {taskinstance.py:2191} INFO - Executing <Task(PythonOperator): load_link_transactions_bronze_from_mongo> on 2025-11-08 00:00:00+00:00
[2025-11-09T00:16:24.529+0000] {standard_task_runner.py:60} INFO - Started process 62967 to run task
[2025-11-09T00:16:24.534+0000] {standard_task_runner.py:87} INFO - Running: ['***', 'tasks', 'run', 'ingestion_pipeline', 'load_link_transactions_bronze_from_mongo', 'scheduled__2025-11-08T00:00:00+00:00', '--job-id', '513', '--raw', '--subdir', 'DAGS_FOLDER/ingestion_dag.py', '--cfg-path', '/tmp/tmph6c9vj53']
[2025-11-09T00:16:24.538+0000] {standard_task_runner.py:88} INFO - Job 513: Subtask load_link_transactions_bronze_from_mongo
[2025-11-09T00:16:24.772+0000] {task_command.py:423} INFO - Running <TaskInstance: ingestion_pipeline.load_link_transactions_bronze_from_mongo scheduled__2025-11-08T00:00:00+00:00 [running]> on host 0d39d4365eb9
[2025-11-09T00:16:25.241+0000] {taskinstance.py:2480} INFO - Exporting env vars: AIRFLOW_CTX_DAG_OWNER='***' AIRFLOW_CTX_DAG_ID='ingestion_pipeline' AIRFLOW_CTX_TASK_ID='load_link_transactions_bronze_from_mongo' AIRFLOW_CTX_EXECUTION_DATE='2025-11-08T00:00:00+00:00' AIRFLOW_CTX_TRY_NUMBER='1' AIRFLOW_CTX_DAG_RUN_ID='scheduled__2025-11-08T00:00:00+00:00'
[2025-11-09T00:16:27.681+0000] {crypto.py:82} WARNING - empty cryptography key - values will not be stored encrypted.
[2025-11-09T00:16:27.692+0000] {base.py:83} INFO - Using connection ID 'mongo_default' for task execution.
[2025-11-09T00:16:27.736+0000] {base.py:83} INFO - Using connection ID 'clickhouse_default' for task execution.
[2025-11-09T00:16:27.758+0000] {mongo_to_clickhouse.py:241} INFO - [mongo->ch] Mongo query: {'_snapshot_date': {'$gte': datetime.datetime(2025, 11, 8, 0, 0), '$lte': datetime.datetime(2025, 11, 8, 23, 59, 59, 999000)}}
[2025-11-09T00:16:27.778+0000] {mongo_to_clickhouse.py:172} INFO - [mongo->ch] Dropped partition for _snapshot_date=2025-11-08.
[2025-11-09T00:16:27.849+0000] {mongo_to_clickhouse.py:275} INFO - [mongo->ch] Inserted 0 rows into bronze.link_transactions.
[2025-11-09T00:16:27.852+0000] {mongo_to_clickhouse.py:277} INFO - [mongo->ch] No matching docs found for given filter.
[2025-11-09T00:16:27.855+0000] {python.py:201} INFO - Done. Returned value was: None
[2025-11-09T00:16:27.880+0000] {taskinstance.py:1138} INFO - Marking task as SUCCESS. dag_id=ingestion_pipeline, task_id=load_link_transactions_bronze_from_mongo, execution_date=20251108T000000, start_date=20251109T001624, end_date=20251109T001627
[2025-11-09T00:16:27.998+0000] {local_task_job_runner.py:234} INFO - Task exited with return code 0
[2025-11-09T00:16:28.036+0000] {taskinstance.py:3280} INFO - 0 downstream tasks scheduled from follow-on schedule check
