[2025-11-02T17:15:59.642+0000] {taskinstance.py:1956} INFO - Dependencies all met for dep_context=non-requeueable deps ti=<TaskInstance: gold_dimensions_pipeline.dbt_fact_transactions manual__2025-11-02T14:42:52.499830+00:00 [queued]>
[2025-11-02T17:15:59.661+0000] {taskinstance.py:1956} INFO - Dependencies all met for dep_context=requeueable deps ti=<TaskInstance: gold_dimensions_pipeline.dbt_fact_transactions manual__2025-11-02T14:42:52.499830+00:00 [queued]>
[2025-11-02T17:15:59.662+0000] {taskinstance.py:2170} INFO - Starting attempt 8 of 10
[2025-11-02T17:15:59.698+0000] {taskinstance.py:2191} INFO - Executing <Task(PythonOperator): dbt_fact_transactions> on 2025-11-02 14:42:52.499830+00:00
[2025-11-02T17:15:59.707+0000] {standard_task_runner.py:60} INFO - Started process 22564 to run task
[2025-11-02T17:15:59.711+0000] {standard_task_runner.py:87} INFO - Running: ['***', 'tasks', 'run', 'gold_dimensions_pipeline', 'dbt_fact_transactions', 'manual__2025-11-02T14:42:52.499830+00:00', '--job-id', '444', '--raw', '--subdir', 'DAGS_FOLDER/gold_dag.py', '--cfg-path', '/tmp/tmp0285o997']
[2025-11-02T17:15:59.715+0000] {standard_task_runner.py:88} INFO - Job 444: Subtask dbt_fact_transactions
[2025-11-02T17:15:59.847+0000] {task_command.py:423} INFO - Running <TaskInstance: gold_dimensions_pipeline.dbt_fact_transactions manual__2025-11-02T14:42:52.499830+00:00 [running]> on host 0d39d4365eb9
[2025-11-02T17:15:59.959+0000] {taskinstance.py:2480} INFO - Exporting env vars: AIRFLOW_CTX_DAG_OWNER='***' AIRFLOW_CTX_DAG_ID='gold_dimensions_pipeline' AIRFLOW_CTX_TASK_ID='dbt_fact_transactions' AIRFLOW_CTX_EXECUTION_DATE='2025-11-02T14:42:52.499830+00:00' AIRFLOW_CTX_TRY_NUMBER='8' AIRFLOW_CTX_DAG_RUN_ID='manual__2025-11-02T14:42:52.499830+00:00'
[2025-11-02T17:16:03.242+0000] {logging_mixin.py:188} INFO - 17:16:03  Running with dbt=1.5.9
[2025-11-02T17:16:03.384+0000] {logging_mixin.py:188} INFO - 17:16:03  Registered adapter: clickhouse=1.5.2
[2025-11-02T17:16:04.972+0000] {logging_mixin.py:188} INFO - 17:16:04  [WARNING]: Configuration paths exist in your dbt_project.yml file which do not apply to any resources.
[2025-11-02T17:16:04.973+0000] {logging_mixin.py:188} INFO - There are 1 unused configuration paths:
[2025-11-02T17:16:04.974+0000] {logging_mixin.py:188} INFO - - models.ck_project.bronze
[2025-11-02T17:16:05.017+0000] {logging_mixin.py:188} INFO - 17:16:05  Found 8 models, 20 tests, 0 snapshots, 0 analyses, 349 macros, 0 operations, 0 seed files, 6 sources, 0 exposures, 0 metrics, 0 groups
[2025-11-02T17:16:05.021+0000] {logging_mixin.py:188} INFO - 17:16:05
[2025-11-02T17:16:05.383+0000] {logging_mixin.py:188} INFO - 17:16:05  Concurrency: 4 threads (target='dev')
[2025-11-02T17:16:05.385+0000] {logging_mixin.py:188} INFO - 17:16:05
[2025-11-02T17:16:05.409+0000] {logging_mixin.py:188} INFO - 17:16:05  1 of 1 START sql incremental model gold.fact_transactions ...................... [RUN]
[2025-11-02T17:16:05.777+0000] {logging_mixin.py:188} INFO - 17:16:05  1 of 1 OK created sql incremental model gold.fact_transactions ................. [OK in 0.36s]
[2025-11-02T17:16:05.794+0000] {logging_mixin.py:188} INFO - 17:16:05
[2025-11-02T17:16:05.795+0000] {logging_mixin.py:188} INFO - 17:16:05  Finished running 1 incremental model in 0 hours 0 minutes and 0.77 seconds (0.77s).
[2025-11-02T17:16:05.848+0000] {logging_mixin.py:188} INFO - 17:16:05
[2025-11-02T17:16:05.850+0000] {logging_mixin.py:188} INFO - 17:16:05  Completed successfully
[2025-11-02T17:16:05.851+0000] {logging_mixin.py:188} INFO - 17:16:05
[2025-11-02T17:16:05.852+0000] {logging_mixin.py:188} INFO - 17:16:05  Done. PASS=1 WARN=0 ERROR=0 SKIP=0 TOTAL=1
[2025-11-02T17:16:06.997+0000] {python.py:201} INFO - Done. Returned value was: None
[2025-11-02T17:16:07.013+0000] {taskinstance.py:1138} INFO - Marking task as SUCCESS. dag_id=gold_dimensions_pipeline, task_id=dbt_fact_transactions, execution_date=20251102T144252, start_date=20251102T171559, end_date=20251102T171607
[2025-11-02T17:16:07.069+0000] {local_task_job_runner.py:234} INFO - Task exited with return code 0
[2025-11-02T17:16:07.091+0000] {taskinstance.py:3280} INFO - 0 downstream tasks scheduled from follow-on schedule check
