[2025-11-02T15:06:12.163+0000] {taskinstance.py:1956} INFO - Dependencies all met for dep_context=non-requeueable deps ti=<TaskInstance: gold_dimensions_pipeline.dbt_fact_transactions manual__2025-11-02T14:42:52.499830+00:00 [queued]>
[2025-11-02T15:06:12.188+0000] {taskinstance.py:1956} INFO - Dependencies all met for dep_context=requeueable deps ti=<TaskInstance: gold_dimensions_pipeline.dbt_fact_transactions manual__2025-11-02T14:42:52.499830+00:00 [queued]>
[2025-11-02T15:06:12.189+0000] {taskinstance.py:2170} INFO - Starting attempt 7 of 9
[2025-11-02T15:06:12.223+0000] {taskinstance.py:2191} INFO - Executing <Task(PythonOperator): dbt_fact_transactions> on 2025-11-02 14:42:52.499830+00:00
[2025-11-02T15:06:12.235+0000] {standard_task_runner.py:60} INFO - Started process 18736 to run task
[2025-11-02T15:06:12.248+0000] {standard_task_runner.py:87} INFO - Running: ['***', 'tasks', 'run', 'gold_dimensions_pipeline', 'dbt_fact_transactions', 'manual__2025-11-02T14:42:52.499830+00:00', '--job-id', '443', '--raw', '--subdir', 'DAGS_FOLDER/gold_dag.py', '--cfg-path', '/tmp/tmpj9lq24g6']
[2025-11-02T15:06:12.254+0000] {standard_task_runner.py:88} INFO - Job 443: Subtask dbt_fact_transactions
[2025-11-02T15:06:12.533+0000] {task_command.py:423} INFO - Running <TaskInstance: gold_dimensions_pipeline.dbt_fact_transactions manual__2025-11-02T14:42:52.499830+00:00 [running]> on host 0d39d4365eb9
[2025-11-02T15:06:12.954+0000] {taskinstance.py:2480} INFO - Exporting env vars: AIRFLOW_CTX_DAG_OWNER='***' AIRFLOW_CTX_DAG_ID='gold_dimensions_pipeline' AIRFLOW_CTX_TASK_ID='dbt_fact_transactions' AIRFLOW_CTX_EXECUTION_DATE='2025-11-02T14:42:52.499830+00:00' AIRFLOW_CTX_TRY_NUMBER='7' AIRFLOW_CTX_DAG_RUN_ID='manual__2025-11-02T14:42:52.499830+00:00'
[2025-11-02T15:06:20.270+0000] {logging_mixin.py:188} INFO - 15:06:20  Running with dbt=1.5.9
[2025-11-02T15:06:20.631+0000] {logging_mixin.py:188} INFO - 15:06:20  Registered adapter: clickhouse=1.5.2
[2025-11-02T15:06:23.914+0000] {logging_mixin.py:188} INFO - 15:06:23  [WARNING]: Configuration paths exist in your dbt_project.yml file which do not apply to any resources.
[2025-11-02T15:06:23.915+0000] {logging_mixin.py:188} INFO - There are 1 unused configuration paths:
[2025-11-02T15:06:23.916+0000] {logging_mixin.py:188} INFO - - models.ck_project.bronze
[2025-11-02T15:06:23.985+0000] {logging_mixin.py:188} INFO - 15:06:23  Found 8 models, 20 tests, 0 snapshots, 0 analyses, 349 macros, 0 operations, 0 seed files, 6 sources, 0 exposures, 0 metrics, 0 groups
[2025-11-02T15:06:23.992+0000] {logging_mixin.py:188} INFO - 15:06:23
[2025-11-02T15:06:24.494+0000] {logging_mixin.py:188} INFO - 15:06:24  Concurrency: 4 threads (target='dev')
[2025-11-02T15:06:24.495+0000] {logging_mixin.py:188} INFO - 15:06:24
[2025-11-02T15:06:24.533+0000] {logging_mixin.py:188} INFO - 15:06:24  1 of 1 START sql incremental model gold.fact_transactions ...................... [RUN]
[2025-11-02T15:06:25.362+0000] {logging_mixin.py:188} INFO - 15:06:25  1 of 1 OK created sql incremental model gold.fact_transactions ................. [OK in 0.82s]
[2025-11-02T15:06:25.391+0000] {logging_mixin.py:188} INFO - 15:06:25
[2025-11-02T15:06:25.394+0000] {logging_mixin.py:188} INFO - 15:06:25  Finished running 1 incremental model in 0 hours 0 minutes and 1.40 seconds (1.40s).
[2025-11-02T15:06:25.497+0000] {logging_mixin.py:188} INFO - 15:06:25
[2025-11-02T15:06:25.499+0000] {logging_mixin.py:188} INFO - 15:06:25  Completed successfully
[2025-11-02T15:06:25.508+0000] {logging_mixin.py:188} INFO - 15:06:25
[2025-11-02T15:06:25.510+0000] {logging_mixin.py:188} INFO - 15:06:25  Done. PASS=1 WARN=0 ERROR=0 SKIP=0 TOTAL=1
[2025-11-02T15:06:26.702+0000] {python.py:201} INFO - Done. Returned value was: None
[2025-11-02T15:06:26.731+0000] {taskinstance.py:1138} INFO - Marking task as SUCCESS. dag_id=gold_dimensions_pipeline, task_id=dbt_fact_transactions, execution_date=20251102T144252, start_date=20251102T150612, end_date=20251102T150626
[2025-11-02T15:06:26.812+0000] {local_task_job_runner.py:234} INFO - Task exited with return code 0
[2025-11-02T15:06:26.846+0000] {taskinstance.py:3280} INFO - 0 downstream tasks scheduled from follow-on schedule check
