[2025-11-02T14:58:02.029+0000] {taskinstance.py:1956} INFO - Dependencies all met for dep_context=non-requeueable deps ti=<TaskInstance: gold_dimensions_pipeline.dbt_fact_transactions manual__2025-11-02T14:42:52.499830+00:00 [queued]>
[2025-11-02T14:58:02.066+0000] {taskinstance.py:1956} INFO - Dependencies all met for dep_context=requeueable deps ti=<TaskInstance: gold_dimensions_pipeline.dbt_fact_transactions manual__2025-11-02T14:42:52.499830+00:00 [queued]>
[2025-11-02T14:58:02.070+0000] {taskinstance.py:2170} INFO - Starting attempt 4 of 6
[2025-11-02T14:58:02.126+0000] {taskinstance.py:2191} INFO - Executing <Task(PythonOperator): dbt_fact_transactions> on 2025-11-02 14:42:52.499830+00:00
[2025-11-02T14:58:02.141+0000] {standard_task_runner.py:60} INFO - Started process 18110 to run task
[2025-11-02T14:58:02.154+0000] {standard_task_runner.py:87} INFO - Running: ['***', 'tasks', 'run', 'gold_dimensions_pipeline', 'dbt_fact_transactions', 'manual__2025-11-02T14:42:52.499830+00:00', '--job-id', '440', '--raw', '--subdir', 'DAGS_FOLDER/gold_dag.py', '--cfg-path', '/tmp/tmpivg23tsp']
[2025-11-02T14:58:02.166+0000] {standard_task_runner.py:88} INFO - Job 440: Subtask dbt_fact_transactions
[2025-11-02T14:58:02.577+0000] {task_command.py:423} INFO - Running <TaskInstance: gold_dimensions_pipeline.dbt_fact_transactions manual__2025-11-02T14:42:52.499830+00:00 [running]> on host 0d39d4365eb9
[2025-11-02T14:58:02.938+0000] {taskinstance.py:2480} INFO - Exporting env vars: AIRFLOW_CTX_DAG_OWNER='***' AIRFLOW_CTX_DAG_ID='gold_dimensions_pipeline' AIRFLOW_CTX_TASK_ID='dbt_fact_transactions' AIRFLOW_CTX_EXECUTION_DATE='2025-11-02T14:42:52.499830+00:00' AIRFLOW_CTX_TRY_NUMBER='4' AIRFLOW_CTX_DAG_RUN_ID='manual__2025-11-02T14:42:52.499830+00:00'
[2025-11-02T14:58:07.961+0000] {logging_mixin.py:188} INFO - 14:58:07  Running with dbt=1.5.9
[2025-11-02T14:58:08.221+0000] {logging_mixin.py:188} INFO - 14:58:08  Registered adapter: clickhouse=1.5.2
[2025-11-02T14:58:11.741+0000] {logging_mixin.py:188} INFO - 14:58:11  [WARNING]: Configuration paths exist in your dbt_project.yml file which do not apply to any resources.
[2025-11-02T14:58:11.746+0000] {logging_mixin.py:188} INFO - There are 1 unused configuration paths:
[2025-11-02T14:58:11.748+0000] {logging_mixin.py:188} INFO - - models.ck_project.bronze
[2025-11-02T14:58:11.838+0000] {logging_mixin.py:188} INFO - 14:58:11  Found 8 models, 20 tests, 0 snapshots, 0 analyses, 349 macros, 0 operations, 0 seed files, 6 sources, 0 exposures, 0 metrics, 0 groups
[2025-11-02T14:58:11.846+0000] {logging_mixin.py:188} INFO - 14:58:11
[2025-11-02T14:58:12.439+0000] {logging_mixin.py:188} INFO - 14:58:12  Concurrency: 4 threads (target='dev')
[2025-11-02T14:58:12.441+0000] {logging_mixin.py:188} INFO - 14:58:12
[2025-11-02T14:58:12.482+0000] {logging_mixin.py:188} INFO - 14:58:12  1 of 1 START sql incremental model gold.fact_transactions ...................... [RUN]
[2025-11-02T14:58:12.779+0000] {logging_mixin.py:188} INFO - 14:58:12  1 of 1 ERROR creating sql incremental model gold.fact_transactions ............. [ERROR in 0.29s]
[2025-11-02T14:58:12.796+0000] {logging_mixin.py:188} INFO - 14:58:12
[2025-11-02T14:58:12.797+0000] {logging_mixin.py:188} INFO - 14:58:12  Finished running 1 incremental model in 0 hours 0 minutes and 0.95 seconds (0.95s).
[2025-11-02T14:58:12.843+0000] {logging_mixin.py:188} INFO - 14:58:12
[2025-11-02T14:58:12.845+0000] {logging_mixin.py:188} INFO - 14:58:12  Completed with 1 error and 0 warnings:
[2025-11-02T14:58:12.849+0000] {logging_mixin.py:188} INFO - 14:58:12
[2025-11-02T14:58:12.850+0000] {logging_mixin.py:188} INFO - 14:58:12  Database Error in model fact_transactions (models/gold/fact/fact_transactions.sql)
[2025-11-02T14:58:12.852+0000] {logging_mixin.py:188} INFO - 14:58:12    Code: 42.
[2025-11-02T14:58:12.856+0000] {logging_mixin.py:188} INFO - 14:58:12    DB::Exception: Number of arguments for function intHash64 doesn't match: passed 2, should be 1: In scope  j. Stack trace:
[2025-11-02T14:58:12.858+0000] {logging_mixin.py:188} INFO - 14:58:12
[2025-11-02T14:58:12.860+0000] {logging_mixin.py:188} INFO - 14:58:12    0. DB::Exception::Exception(DB::Exception::MessageMasked&&, int, bool) @ 0x00000000137a855f
[2025-11-02T14:58:12.862+0000] {logging_mixin.py:188} INFO - 14:58:12    1. DB::Exception::Exception(String&&, int, String, bool) @ 0x000000000cae7e8e
[2025-11-02T14:58:12.864+0000] {logging_mixin.py:188} INFO - 14:58:12    2. DB::Exception::Exception(PreformattedMessage&&, int) @ 0x000000000cae7940
[2025-11-02T14:58:12.866+0000] {logging_mixin.py:188} INFO - 14:58:12    3. DB::Exception::Exception<String, unsigned long&, unsigned long&>(int, FormatStringHelperImpl<std::type_identity<String>::type, std::type_identity<unsigned long&>::type, std::type_identity<unsigned long&>::type>, String&&, unsigned long&, unsigned long&) @ 0x0000000009a7a82b
[2025-11-02T14:58:12.868+0000] {logging_mixin.py:188} INFO - 14:58:12    4. DB::IFunctionOverloadResolver::checkNumberOfArguments(unsigned long) const @ 0x0000000016421e6f
[2025-11-02T14:58:12.872+0000] {logging_mixin.py:188} INFO - 14:58:12    5. DB::IFunctionOverloadResolver::build(std::vector<DB::ColumnWithTypeAndName, std::allocator<DB::ColumnWithTypeAndName>> const&) const @ 0x0000000016422a85
[2025-11-02T14:58:12.875+0000] {logging_mixin.py:188} INFO - 14:58:12    6. DB::QueryAnalyzer::resolveFunction(std::shared_ptr<DB::IQueryTreeNode>&, DB::IdentifierResolveScope&) @ 0x0000000017aabd41
[2025-11-02T14:58:12.877+0000] {logging_mixin.py:188} INFO - 14:58:12    7. DB::QueryAnalyzer::resolveExpressionNode(std::shared_ptr<DB::IQueryTreeNode>&, DB::IdentifierResolveScope&, bool, bool, bool) @ 0x00000000178372f3
[2025-11-02T14:58:12.878+0000] {logging_mixin.py:188} INFO - 14:58:12    8. DB::QueryAnalyzer::resolveExpressionNodeList(std::shared_ptr<DB::IQueryTreeNode>&, DB::IdentifierResolveScope&, bool, bool) @ 0x00000000178366c0
[2025-11-02T14:58:12.880+0000] {logging_mixin.py:188} INFO - 14:58:12    9. DB::QueryAnalyzer::resolveProjectionExpressionNodeList(std::shared_ptr<DB::IQueryTreeNode>&, DB::IdentifierResolveScope&) @ 0x0000000017859ea7
[2025-11-02T14:58:12.882+0000] {logging_mixin.py:188} INFO - 14:58:12    10. DB::QueryAnalyzer::resolveQuery(std::shared_ptr<DB::IQueryTreeNode> const&, DB::IdentifierResolveScope&) @ 0x000000001782d06b
[2025-11-02T14:58:12.886+0000] {logging_mixin.py:188} INFO - 14:58:12    11. DB::QueryAnalyzer::resolveExpressionNode(std::shared_ptr<DB::IQueryTreeNode>&, DB::IdentifierResolveScope&, bool, bool, bool) @ 0x0000000017837221
[2025-11-02T14:58:12.889+0000] {logging_mixin.py:188} INFO - 14:58:12    12. DB::QueryAnalyzer::resolveQueryJoinTreeNode(std::shared_ptr<DB::IQueryTreeNode>&, DB::IdentifierResolveScope&, DB::QueryExpressionsAliasVisitor&) @ 0x000000001785ae58
[2025-11-02T14:58:12.893+0000] {logging_mixin.py:188} INFO - 14:58:12    13. DB::QueryAnalyzer::resolveQuery(std::shared_ptr<DB::IQueryTreeNode> const&, DB::IdentifierResolveScope&) @ 0x000000001782d021
[2025-11-02T14:58:12.895+0000] {logging_mixin.py:188} INFO - 14:58:12    14. DB::QueryAnalyzer::resolve(std::shared_ptr<DB::IQueryTreeNode>&, std::shared_ptr<DB::IQueryTreeNode> const&, std::shared_ptr<DB::Context const>) @ 0x000000001782a87a
[2025-11-02T14:58:12.897+0000] {logging_mixin.py:188} INFO - 14:58:12    15. DB::QueryAnalysisPass::run(std::shared_ptr<DB::IQueryTreeNode>&, std::shared_ptr<DB::Context const>) @ 0x0000000017829edc
[2025-11-02T14:58:12.899+0000] {logging_mixin.py:188} INFO - 14:58:12    16. DB::QueryTreePassManager::run(std::shared_ptr<DB::IQueryTreeNode>) @ 0x000000001787d276
[2025-11-02T14:58:12.900+0000] {logging_mixin.py:188} INFO - 14:58:12    17. DB::buildQueryTreeAndRunPasses(std::shared_ptr<DB::IAST> const&, DB::SelectQueryOptions const&, std::shared_ptr<DB::Context const> const&, std::shared_ptr<DB::IStorage> const&) (.llvm.8096503222789336007) @ 0x00000000183bd40d
[2025-11-02T14:58:12.903+0000] {logging_mixin.py:188} INFO - 14:58:12    18. DB::InterpreterSelectQueryAnalyzer::InterpreterSelectQueryAnalyzer(std::shared_ptr<DB::IAST> const&, std::shared_ptr<DB::Context const> const&, DB::SelectQueryOptions const&, std::vector<String, std::allocator<String>> const&) @ 0x00000000183bb32a
[2025-11-02T14:58:12.905+0000] {logging_mixin.py:188} INFO - 14:58:12    19. DB::InterpreterSelectQueryAnalyzer::getSampleBlock(std::shared_ptr<DB::IAST> const&, std::shared_ptr<DB::Context const> const&, DB::SelectQueryOptions const&) @ 0x00000000183bd86a
[2025-11-02T14:58:12.906+0000] {logging_mixin.py:188} INFO - 14:58:12    20. DB::InterpreterCreateQuery::getTablePropertiesAndNormalizeCreateQuery(DB::ASTCreateQuery&, DB::LoadingStrictnessLevel) const @ 0x00000000182e49d3
[2025-11-02T14:58:12.907+0000] {logging_mixin.py:188} INFO - 14:58:12    21. DB::InterpreterCreateQuery::createTable(DB::ASTCreateQuery&) @ 0x00000000182ed2c5
[2025-11-02T14:58:12.909+0000] {logging_mixin.py:188} INFO - 14:58:12    22. DB::InterpreterCreateQuery::execute() @ 0x0000000018303978
[2025-11-02T14:58:12.911+0000] {logging_mixin.py:188} INFO - 14:58:12    23. DB::executeQueryImpl(char const*, char const*, std::shared_ptr<DB::Context>, DB::QueryFlags, DB::QueryProcessingStage::Enum, std::unique_ptr<DB::ReadBuffer, std::default_delete<DB::ReadBuffer>>&, std::shared_ptr<DB::IAST>&, std::shared_ptr<DB::ImplicitTransactionControlExecutor>) @ 0x0000000018780440
[2025-11-02T14:58:12.912+0000] {logging_mixin.py:188} INFO - 14:58:12    24. DB::executeQuery(String const&, std::shared_ptr<DB::Context>, DB::QueryFlags, DB::QueryProcessingStage::Enum) @ 0x00000000187786cb
[2025-11-02T14:58:12.914+0000] {logging_mixin.py:188} INFO - 14:58:12    25. DB::TCPHandler::runImpl() @ 0x0000000019e2d3db
[2025-11-02T14:58:12.916+0000] {logging_mixin.py:188} INFO - 14:58:12    26. DB::TCPHandler::run() @ 0x0000000019e4f119
[2025-11-02T14:58:12.918+0000] {logging_mixin.py:188} INFO - 14:58:12    27. Poco::Net::TCPServerConnection::start() @ 0x000000001ef4ed07
[2025-11-02T14:58:12.920+0000] {logging_mixin.py:188} INFO - 14:58:12    28. Poco::Net::TCPServerDispatcher::run() @ 0x000000001ef4f199
[2025-11-02T14:58:12.922+0000] {logging_mixin.py:188} INFO - 14:58:12    29. Poco::PooledThread::run() @ 0x000000001ef15b87
[2025-11-02T14:58:12.924+0000] {logging_mixin.py:188} INFO - 14:58:12    30. Poco::ThreadImpl::runnableEntry(void*) @ 0x000000001ef13f81
[2025-11-02T14:58:12.926+0000] {logging_mixin.py:188} INFO - 14:58:12    31. ? @ 0x0000000000094ac3
[2025-11-02T14:58:12.928+0000] {logging_mixin.py:188} INFO - 14:58:12
[2025-11-02T14:58:12.929+0000] {logging_mixin.py:188} INFO - 14:58:12  Done. PASS=0 WARN=0 ERROR=1 SKIP=0 TOTAL=1
[2025-11-02T14:58:14.031+0000] {taskinstance.py:2698} ERROR - Task failed with exception
Traceback (most recent call last):
  File "/home/airflow/.local/lib/python3.8/site-packages/airflow/models/taskinstance.py", line 433, in _execute_task
    result = execute_callable(context=context, **execute_callable_kwargs)
  File "/home/airflow/.local/lib/python3.8/site-packages/airflow/operators/python.py", line 199, in execute
    return_value = self.execute_callable()
  File "/home/airflow/.local/lib/python3.8/site-packages/airflow/operators/python.py", line 216, in execute_callable
    return self.python_callable(*self.op_args, **self.op_kwargs)
  File "/opt/airflow/dags/gold_dag.py", line 143, in <lambda>
    python_callable=lambda **_: _run_dbt("+fact_transactions"),
  File "/opt/airflow/dags/gold_dag.py", line 90, in _run_dbt
    raise RuntimeError(f"dbt failed (exit {ret}). See logs above.")
RuntimeError: dbt failed (exit 1). See logs above.
[2025-11-02T14:58:14.068+0000] {taskinstance.py:1138} INFO - Marking task as UP_FOR_RETRY. dag_id=gold_dimensions_pipeline, task_id=dbt_fact_transactions, execution_date=20251102T144252, start_date=20251102T145802, end_date=20251102T145814
[2025-11-02T14:58:14.110+0000] {standard_task_runner.py:107} ERROR - Failed to execute job 440 for task dbt_fact_transactions (dbt failed (exit 1). See logs above.; 18110)
[2025-11-02T14:58:14.163+0000] {local_task_job_runner.py:234} INFO - Task exited with return code 1
[2025-11-02T14:58:14.211+0000] {taskinstance.py:3280} INFO - 0 downstream tasks scheduled from follow-on schedule check
