[2025-11-01T20:22:35.185+0000] {taskinstance.py:1956} INFO - Dependencies all met for dep_context=non-requeueable deps ti=<TaskInstance: silver_transformation_pipeline.dbt_run_payments scheduled__2025-10-19T00:00:00+00:00 [queued]>
[2025-11-01T20:22:35.195+0000] {taskinstance.py:1956} INFO - Dependencies all met for dep_context=requeueable deps ti=<TaskInstance: silver_transformation_pipeline.dbt_run_payments scheduled__2025-10-19T00:00:00+00:00 [queued]>
[2025-11-01T20:22:35.196+0000] {taskinstance.py:2170} INFO - Starting attempt 1 of 2
[2025-11-01T20:22:35.216+0000] {taskinstance.py:2191} INFO - Executing <Task(PythonOperator): dbt_run_payments> on 2025-10-19 00:00:00+00:00
[2025-11-01T20:22:35.223+0000] {standard_task_runner.py:60} INFO - Started process 1852 to run task
[2025-11-01T20:22:35.228+0000] {standard_task_runner.py:87} INFO - Running: ['***', 'tasks', 'run', 'silver_transformation_pipeline', 'dbt_run_payments', 'scheduled__2025-10-19T00:00:00+00:00', '--job-id', '200', '--raw', '--subdir', 'DAGS_FOLDER/silver_dag.py', '--cfg-path', '/tmp/tmp4seec2au']
[2025-11-01T20:22:35.231+0000] {standard_task_runner.py:88} INFO - Job 200: Subtask dbt_run_payments
[2025-11-01T20:22:35.331+0000] {task_command.py:423} INFO - Running <TaskInstance: silver_transformation_pipeline.dbt_run_payments scheduled__2025-10-19T00:00:00+00:00 [running]> on host 6335aa85b335
[2025-11-01T20:22:35.448+0000] {taskinstance.py:2480} INFO - Exporting env vars: AIRFLOW_CTX_DAG_OWNER='***' AIRFLOW_CTX_DAG_ID='silver_transformation_pipeline' AIRFLOW_CTX_TASK_ID='dbt_run_payments' AIRFLOW_CTX_EXECUTION_DATE='2025-10-19T00:00:00+00:00' AIRFLOW_CTX_TRY_NUMBER='1' AIRFLOW_CTX_DAG_RUN_ID='scheduled__2025-10-19T00:00:00+00:00'
[2025-11-01T20:22:42.085+0000] {python.py:201} INFO - Done. Returned value was: None
[2025-11-01T20:22:42.102+0000] {taskinstance.py:1138} INFO - Marking task as SUCCESS. dag_id=silver_transformation_pipeline, task_id=dbt_run_payments, execution_date=20251019T000000, start_date=20251101T202235, end_date=20251101T202242
[2025-11-01T20:22:42.128+0000] {local_task_job_runner.py:234} INFO - Task exited with return code 0
[2025-11-01T20:22:42.153+0000] {taskinstance.py:3280} INFO - 0 downstream tasks scheduled from follow-on schedule check
[2025-11-02T01:37:51.006+0000] {taskinstance.py:1956} INFO - Dependencies all met for dep_context=non-requeueable deps ti=<TaskInstance: silver_transformation_pipeline.dbt_run_payments scheduled__2025-10-19T00:00:00+00:00 [queued]>
[2025-11-02T01:37:51.031+0000] {taskinstance.py:1956} INFO - Dependencies all met for dep_context=requeueable deps ti=<TaskInstance: silver_transformation_pipeline.dbt_run_payments scheduled__2025-10-19T00:00:00+00:00 [queued]>
[2025-11-02T01:37:51.032+0000] {taskinstance.py:2170} INFO - Starting attempt 1 of 2
[2025-11-02T01:37:51.055+0000] {taskinstance.py:2191} INFO - Executing <Task(PythonOperator): dbt_run_payments> on 2025-10-19 00:00:00+00:00
[2025-11-02T01:37:51.063+0000] {standard_task_runner.py:60} INFO - Started process 2740 to run task
[2025-11-02T01:37:51.068+0000] {standard_task_runner.py:87} INFO - Running: ['***', 'tasks', 'run', 'silver_transformation_pipeline', 'dbt_run_payments', 'scheduled__2025-10-19T00:00:00+00:00', '--job-id', '205', '--raw', '--subdir', 'DAGS_FOLDER/silver_dag.py', '--cfg-path', '/tmp/tmpbm5e36wq']
[2025-11-02T01:37:51.073+0000] {standard_task_runner.py:88} INFO - Job 205: Subtask dbt_run_payments
[2025-11-02T01:37:51.168+0000] {task_command.py:423} INFO - Running <TaskInstance: silver_transformation_pipeline.dbt_run_payments scheduled__2025-10-19T00:00:00+00:00 [running]> on host 3b0074fa0b5e
[2025-11-02T01:37:51.276+0000] {taskinstance.py:2480} INFO - Exporting env vars: AIRFLOW_CTX_DAG_OWNER='***' AIRFLOW_CTX_DAG_ID='silver_transformation_pipeline' AIRFLOW_CTX_TASK_ID='dbt_run_payments' AIRFLOW_CTX_EXECUTION_DATE='2025-10-19T00:00:00+00:00' AIRFLOW_CTX_TRY_NUMBER='1' AIRFLOW_CTX_DAG_RUN_ID='scheduled__2025-10-19T00:00:00+00:00'
[2025-11-02T01:37:58.073+0000] {python.py:201} INFO - Done. Returned value was: None
[2025-11-02T01:37:58.093+0000] {taskinstance.py:1138} INFO - Marking task as SUCCESS. dag_id=silver_transformation_pipeline, task_id=dbt_run_payments, execution_date=20251019T000000, start_date=20251102T013751, end_date=20251102T013758
[2025-11-02T01:37:58.131+0000] {local_task_job_runner.py:234} INFO - Task exited with return code 0
[2025-11-02T01:37:58.152+0000] {taskinstance.py:3280} INFO - 0 downstream tasks scheduled from follow-on schedule check
[2025-11-02T11:33:21.901+0000] {taskinstance.py:1956} INFO - Dependencies all met for dep_context=non-requeueable deps ti=<TaskInstance: silver_transformation_pipeline.dbt_run_payments scheduled__2025-10-19T00:00:00+00:00 [queued]>
[2025-11-02T11:33:21.913+0000] {taskinstance.py:1956} INFO - Dependencies all met for dep_context=requeueable deps ti=<TaskInstance: silver_transformation_pipeline.dbt_run_payments scheduled__2025-10-19T00:00:00+00:00 [queued]>
[2025-11-02T11:33:21.914+0000] {taskinstance.py:2170} INFO - Starting attempt 1 of 2
[2025-11-02T11:33:21.935+0000] {taskinstance.py:2191} INFO - Executing <Task(PythonOperator): dbt_run_payments> on 2025-10-19 00:00:00+00:00
[2025-11-02T11:33:21.948+0000] {standard_task_runner.py:60} INFO - Started process 2911 to run task
[2025-11-02T11:33:21.952+0000] {standard_task_runner.py:87} INFO - Running: ['***', 'tasks', 'run', 'silver_transformation_pipeline', 'dbt_run_payments', 'scheduled__2025-10-19T00:00:00+00:00', '--job-id', '217', '--raw', '--subdir', 'DAGS_FOLDER/silver_dag.py', '--cfg-path', '/tmp/tmpv_rm123h']
[2025-11-02T11:33:21.957+0000] {standard_task_runner.py:88} INFO - Job 217: Subtask dbt_run_payments
[2025-11-02T11:33:22.078+0000] {task_command.py:423} INFO - Running <TaskInstance: silver_transformation_pipeline.dbt_run_payments scheduled__2025-10-19T00:00:00+00:00 [running]> on host 0d39d4365eb9
[2025-11-02T11:33:22.211+0000] {taskinstance.py:2480} INFO - Exporting env vars: AIRFLOW_CTX_DAG_OWNER='***' AIRFLOW_CTX_DAG_ID='silver_transformation_pipeline' AIRFLOW_CTX_TASK_ID='dbt_run_payments' AIRFLOW_CTX_EXECUTION_DATE='2025-10-19T00:00:00+00:00' AIRFLOW_CTX_TRY_NUMBER='1' AIRFLOW_CTX_DAG_RUN_ID='scheduled__2025-10-19T00:00:00+00:00'
[2025-11-02T11:33:31.610+0000] {python.py:201} INFO - Done. Returned value was: None
[2025-11-02T11:33:31.631+0000] {taskinstance.py:1138} INFO - Marking task as SUCCESS. dag_id=silver_transformation_pipeline, task_id=dbt_run_payments, execution_date=20251019T000000, start_date=20251102T113321, end_date=20251102T113331
[2025-11-02T11:33:31.657+0000] {local_task_job_runner.py:234} INFO - Task exited with return code 0
[2025-11-02T11:33:31.679+0000] {taskinstance.py:3280} INFO - 0 downstream tasks scheduled from follow-on schedule check
