[2025-11-03T15:30:07.373+0000] {processor.py:161} INFO - Started process (PID=33269) to work on /opt/airflow/dags/pipelines/mongo_to_clickhouse.py
[2025-11-03T15:30:07.407+0000] {processor.py:830} INFO - Processing file /opt/airflow/dags/pipelines/mongo_to_clickhouse.py for tasks to queue
[2025-11-03T15:30:07.413+0000] {logging_mixin.py:188} INFO - [2025-11-03T15:30:07.411+0000] {dagbag.py:538} INFO - Filling up the DagBag from /opt/airflow/dags/pipelines/mongo_to_clickhouse.py
[2025-11-03T15:30:07.649+0000] {processor.py:842} WARNING - No viable dags retrieved from /opt/airflow/dags/pipelines/mongo_to_clickhouse.py
[2025-11-03T15:30:07.784+0000] {processor.py:183} INFO - Processing /opt/airflow/dags/pipelines/mongo_to_clickhouse.py took 0.491 seconds
[2025-11-03T15:30:38.394+0000] {processor.py:161} INFO - Started process (PID=33326) to work on /opt/airflow/dags/pipelines/mongo_to_clickhouse.py
[2025-11-03T15:30:38.406+0000] {processor.py:830} INFO - Processing file /opt/airflow/dags/pipelines/mongo_to_clickhouse.py for tasks to queue
[2025-11-03T15:30:38.410+0000] {logging_mixin.py:188} INFO - [2025-11-03T15:30:38.409+0000] {dagbag.py:538} INFO - Filling up the DagBag from /opt/airflow/dags/pipelines/mongo_to_clickhouse.py
[2025-11-03T15:30:38.471+0000] {processor.py:842} WARNING - No viable dags retrieved from /opt/airflow/dags/pipelines/mongo_to_clickhouse.py
[2025-11-03T15:30:38.533+0000] {processor.py:183} INFO - Processing /opt/airflow/dags/pipelines/mongo_to_clickhouse.py took 0.155 seconds
[2025-11-03T15:31:08.787+0000] {processor.py:161} INFO - Started process (PID=33410) to work on /opt/airflow/dags/pipelines/mongo_to_clickhouse.py
[2025-11-03T15:31:08.790+0000] {processor.py:830} INFO - Processing file /opt/airflow/dags/pipelines/mongo_to_clickhouse.py for tasks to queue
[2025-11-03T15:31:08.801+0000] {logging_mixin.py:188} INFO - [2025-11-03T15:31:08.800+0000] {dagbag.py:538} INFO - Filling up the DagBag from /opt/airflow/dags/pipelines/mongo_to_clickhouse.py
[2025-11-03T15:31:08.845+0000] {processor.py:842} WARNING - No viable dags retrieved from /opt/airflow/dags/pipelines/mongo_to_clickhouse.py
[2025-11-03T15:31:08.889+0000] {processor.py:183} INFO - Processing /opt/airflow/dags/pipelines/mongo_to_clickhouse.py took 0.109 seconds
[2025-11-03T15:31:39.049+0000] {processor.py:161} INFO - Started process (PID=33440) to work on /opt/airflow/dags/pipelines/mongo_to_clickhouse.py
[2025-11-03T15:31:39.051+0000] {processor.py:830} INFO - Processing file /opt/airflow/dags/pipelines/mongo_to_clickhouse.py for tasks to queue
[2025-11-03T15:31:39.053+0000] {logging_mixin.py:188} INFO - [2025-11-03T15:31:39.053+0000] {dagbag.py:538} INFO - Filling up the DagBag from /opt/airflow/dags/pipelines/mongo_to_clickhouse.py
[2025-11-03T15:31:39.090+0000] {processor.py:842} WARNING - No viable dags retrieved from /opt/airflow/dags/pipelines/mongo_to_clickhouse.py
[2025-11-03T15:31:39.140+0000] {processor.py:183} INFO - Processing /opt/airflow/dags/pipelines/mongo_to_clickhouse.py took 0.098 seconds
[2025-11-03T15:32:09.703+0000] {processor.py:161} INFO - Started process (PID=33475) to work on /opt/airflow/dags/pipelines/mongo_to_clickhouse.py
[2025-11-03T15:32:09.704+0000] {processor.py:830} INFO - Processing file /opt/airflow/dags/pipelines/mongo_to_clickhouse.py for tasks to queue
[2025-11-03T15:32:09.708+0000] {logging_mixin.py:188} INFO - [2025-11-03T15:32:09.706+0000] {dagbag.py:538} INFO - Filling up the DagBag from /opt/airflow/dags/pipelines/mongo_to_clickhouse.py
[2025-11-03T15:32:09.738+0000] {processor.py:842} WARNING - No viable dags retrieved from /opt/airflow/dags/pipelines/mongo_to_clickhouse.py
[2025-11-03T15:32:09.760+0000] {processor.py:183} INFO - Processing /opt/airflow/dags/pipelines/mongo_to_clickhouse.py took 0.063 seconds
[2025-11-03T15:32:40.253+0000] {processor.py:161} INFO - Started process (PID=33510) to work on /opt/airflow/dags/pipelines/mongo_to_clickhouse.py
[2025-11-03T15:32:40.255+0000] {processor.py:830} INFO - Processing file /opt/airflow/dags/pipelines/mongo_to_clickhouse.py for tasks to queue
[2025-11-03T15:32:40.256+0000] {logging_mixin.py:188} INFO - [2025-11-03T15:32:40.256+0000] {dagbag.py:538} INFO - Filling up the DagBag from /opt/airflow/dags/pipelines/mongo_to_clickhouse.py
[2025-11-03T15:32:40.287+0000] {processor.py:842} WARNING - No viable dags retrieved from /opt/airflow/dags/pipelines/mongo_to_clickhouse.py
[2025-11-03T15:32:40.307+0000] {processor.py:183} INFO - Processing /opt/airflow/dags/pipelines/mongo_to_clickhouse.py took 0.057 seconds
[2025-11-03T15:33:10.775+0000] {processor.py:161} INFO - Started process (PID=33545) to work on /opt/airflow/dags/pipelines/mongo_to_clickhouse.py
[2025-11-03T15:33:10.777+0000] {processor.py:830} INFO - Processing file /opt/airflow/dags/pipelines/mongo_to_clickhouse.py for tasks to queue
[2025-11-03T15:33:10.779+0000] {logging_mixin.py:188} INFO - [2025-11-03T15:33:10.778+0000] {dagbag.py:538} INFO - Filling up the DagBag from /opt/airflow/dags/pipelines/mongo_to_clickhouse.py
[2025-11-03T15:33:10.813+0000] {processor.py:842} WARNING - No viable dags retrieved from /opt/airflow/dags/pipelines/mongo_to_clickhouse.py
[2025-11-03T15:33:10.833+0000] {processor.py:183} INFO - Processing /opt/airflow/dags/pipelines/mongo_to_clickhouse.py took 0.062 seconds
[2025-11-03T15:33:41.288+0000] {processor.py:161} INFO - Started process (PID=33580) to work on /opt/airflow/dags/pipelines/mongo_to_clickhouse.py
[2025-11-03T15:33:41.291+0000] {processor.py:830} INFO - Processing file /opt/airflow/dags/pipelines/mongo_to_clickhouse.py for tasks to queue
[2025-11-03T15:33:41.293+0000] {logging_mixin.py:188} INFO - [2025-11-03T15:33:41.293+0000] {dagbag.py:538} INFO - Filling up the DagBag from /opt/airflow/dags/pipelines/mongo_to_clickhouse.py
[2025-11-03T15:33:41.328+0000] {processor.py:842} WARNING - No viable dags retrieved from /opt/airflow/dags/pipelines/mongo_to_clickhouse.py
[2025-11-03T15:33:41.349+0000] {processor.py:183} INFO - Processing /opt/airflow/dags/pipelines/mongo_to_clickhouse.py took 0.066 seconds
[2025-11-03T15:34:11.770+0000] {processor.py:161} INFO - Started process (PID=33615) to work on /opt/airflow/dags/pipelines/mongo_to_clickhouse.py
[2025-11-03T15:34:11.772+0000] {processor.py:830} INFO - Processing file /opt/airflow/dags/pipelines/mongo_to_clickhouse.py for tasks to queue
[2025-11-03T15:34:11.774+0000] {logging_mixin.py:188} INFO - [2025-11-03T15:34:11.774+0000] {dagbag.py:538} INFO - Filling up the DagBag from /opt/airflow/dags/pipelines/mongo_to_clickhouse.py
[2025-11-03T15:34:11.812+0000] {processor.py:842} WARNING - No viable dags retrieved from /opt/airflow/dags/pipelines/mongo_to_clickhouse.py
[2025-11-03T15:34:11.837+0000] {processor.py:183} INFO - Processing /opt/airflow/dags/pipelines/mongo_to_clickhouse.py took 0.071 seconds
[2025-11-03T15:34:42.139+0000] {processor.py:161} INFO - Started process (PID=33650) to work on /opt/airflow/dags/pipelines/mongo_to_clickhouse.py
[2025-11-03T15:34:42.141+0000] {processor.py:830} INFO - Processing file /opt/airflow/dags/pipelines/mongo_to_clickhouse.py for tasks to queue
[2025-11-03T15:34:42.143+0000] {logging_mixin.py:188} INFO - [2025-11-03T15:34:42.143+0000] {dagbag.py:538} INFO - Filling up the DagBag from /opt/airflow/dags/pipelines/mongo_to_clickhouse.py
[2025-11-03T15:34:42.171+0000] {processor.py:842} WARNING - No viable dags retrieved from /opt/airflow/dags/pipelines/mongo_to_clickhouse.py
[2025-11-03T15:34:42.197+0000] {processor.py:183} INFO - Processing /opt/airflow/dags/pipelines/mongo_to_clickhouse.py took 0.062 seconds
[2025-11-03T15:35:12.872+0000] {processor.py:161} INFO - Started process (PID=33685) to work on /opt/airflow/dags/pipelines/mongo_to_clickhouse.py
[2025-11-03T15:35:12.873+0000] {processor.py:830} INFO - Processing file /opt/airflow/dags/pipelines/mongo_to_clickhouse.py for tasks to queue
[2025-11-03T15:35:12.875+0000] {logging_mixin.py:188} INFO - [2025-11-03T15:35:12.874+0000] {dagbag.py:538} INFO - Filling up the DagBag from /opt/airflow/dags/pipelines/mongo_to_clickhouse.py
[2025-11-03T15:35:12.905+0000] {processor.py:842} WARNING - No viable dags retrieved from /opt/airflow/dags/pipelines/mongo_to_clickhouse.py
[2025-11-03T15:35:12.928+0000] {processor.py:183} INFO - Processing /opt/airflow/dags/pipelines/mongo_to_clickhouse.py took 0.061 seconds
[2025-11-03T15:35:43.188+0000] {processor.py:161} INFO - Started process (PID=33720) to work on /opt/airflow/dags/pipelines/mongo_to_clickhouse.py
[2025-11-03T15:35:43.190+0000] {processor.py:830} INFO - Processing file /opt/airflow/dags/pipelines/mongo_to_clickhouse.py for tasks to queue
[2025-11-03T15:35:43.192+0000] {logging_mixin.py:188} INFO - [2025-11-03T15:35:43.192+0000] {dagbag.py:538} INFO - Filling up the DagBag from /opt/airflow/dags/pipelines/mongo_to_clickhouse.py
[2025-11-03T15:35:43.229+0000] {processor.py:842} WARNING - No viable dags retrieved from /opt/airflow/dags/pipelines/mongo_to_clickhouse.py
[2025-11-03T15:35:43.255+0000] {processor.py:183} INFO - Processing /opt/airflow/dags/pipelines/mongo_to_clickhouse.py took 0.074 seconds
[2025-11-03T15:36:13.674+0000] {processor.py:161} INFO - Started process (PID=33755) to work on /opt/airflow/dags/pipelines/mongo_to_clickhouse.py
[2025-11-03T15:36:13.676+0000] {processor.py:830} INFO - Processing file /opt/airflow/dags/pipelines/mongo_to_clickhouse.py for tasks to queue
[2025-11-03T15:36:13.678+0000] {logging_mixin.py:188} INFO - [2025-11-03T15:36:13.678+0000] {dagbag.py:538} INFO - Filling up the DagBag from /opt/airflow/dags/pipelines/mongo_to_clickhouse.py
[2025-11-03T15:36:13.717+0000] {processor.py:842} WARNING - No viable dags retrieved from /opt/airflow/dags/pipelines/mongo_to_clickhouse.py
[2025-11-03T15:36:13.739+0000] {processor.py:183} INFO - Processing /opt/airflow/dags/pipelines/mongo_to_clickhouse.py took 0.072 seconds
[2025-11-03T15:36:44.040+0000] {processor.py:161} INFO - Started process (PID=33790) to work on /opt/airflow/dags/pipelines/mongo_to_clickhouse.py
[2025-11-03T15:36:44.042+0000] {processor.py:830} INFO - Processing file /opt/airflow/dags/pipelines/mongo_to_clickhouse.py for tasks to queue
[2025-11-03T15:36:44.044+0000] {logging_mixin.py:188} INFO - [2025-11-03T15:36:44.043+0000] {dagbag.py:538} INFO - Filling up the DagBag from /opt/airflow/dags/pipelines/mongo_to_clickhouse.py
[2025-11-03T15:36:44.072+0000] {processor.py:842} WARNING - No viable dags retrieved from /opt/airflow/dags/pipelines/mongo_to_clickhouse.py
[2025-11-03T15:36:44.092+0000] {processor.py:183} INFO - Processing /opt/airflow/dags/pipelines/mongo_to_clickhouse.py took 0.056 seconds
[2025-11-03T15:37:14.438+0000] {processor.py:161} INFO - Started process (PID=33825) to work on /opt/airflow/dags/pipelines/mongo_to_clickhouse.py
[2025-11-03T15:37:14.439+0000] {processor.py:830} INFO - Processing file /opt/airflow/dags/pipelines/mongo_to_clickhouse.py for tasks to queue
[2025-11-03T15:37:14.443+0000] {logging_mixin.py:188} INFO - [2025-11-03T15:37:14.442+0000] {dagbag.py:538} INFO - Filling up the DagBag from /opt/airflow/dags/pipelines/mongo_to_clickhouse.py
[2025-11-03T15:37:14.468+0000] {processor.py:842} WARNING - No viable dags retrieved from /opt/airflow/dags/pipelines/mongo_to_clickhouse.py
[2025-11-03T15:37:14.494+0000] {processor.py:183} INFO - Processing /opt/airflow/dags/pipelines/mongo_to_clickhouse.py took 0.061 seconds
[2025-11-03T15:37:44.867+0000] {processor.py:161} INFO - Started process (PID=33860) to work on /opt/airflow/dags/pipelines/mongo_to_clickhouse.py
[2025-11-03T15:37:44.869+0000] {processor.py:830} INFO - Processing file /opt/airflow/dags/pipelines/mongo_to_clickhouse.py for tasks to queue
[2025-11-03T15:37:44.871+0000] {logging_mixin.py:188} INFO - [2025-11-03T15:37:44.871+0000] {dagbag.py:538} INFO - Filling up the DagBag from /opt/airflow/dags/pipelines/mongo_to_clickhouse.py
[2025-11-03T15:37:44.909+0000] {processor.py:842} WARNING - No viable dags retrieved from /opt/airflow/dags/pipelines/mongo_to_clickhouse.py
[2025-11-03T15:37:44.937+0000] {processor.py:183} INFO - Processing /opt/airflow/dags/pipelines/mongo_to_clickhouse.py took 0.076 seconds
[2025-11-03T15:38:15.229+0000] {processor.py:161} INFO - Started process (PID=33895) to work on /opt/airflow/dags/pipelines/mongo_to_clickhouse.py
[2025-11-03T15:38:15.232+0000] {processor.py:830} INFO - Processing file /opt/airflow/dags/pipelines/mongo_to_clickhouse.py for tasks to queue
[2025-11-03T15:38:15.234+0000] {logging_mixin.py:188} INFO - [2025-11-03T15:38:15.233+0000] {dagbag.py:538} INFO - Filling up the DagBag from /opt/airflow/dags/pipelines/mongo_to_clickhouse.py
[2025-11-03T15:38:15.266+0000] {processor.py:842} WARNING - No viable dags retrieved from /opt/airflow/dags/pipelines/mongo_to_clickhouse.py
[2025-11-03T15:38:15.296+0000] {processor.py:183} INFO - Processing /opt/airflow/dags/pipelines/mongo_to_clickhouse.py took 0.075 seconds
[2025-11-03T15:38:45.697+0000] {processor.py:161} INFO - Started process (PID=33930) to work on /opt/airflow/dags/pipelines/mongo_to_clickhouse.py
[2025-11-03T15:38:45.699+0000] {processor.py:830} INFO - Processing file /opt/airflow/dags/pipelines/mongo_to_clickhouse.py for tasks to queue
[2025-11-03T15:38:45.701+0000] {logging_mixin.py:188} INFO - [2025-11-03T15:38:45.701+0000] {dagbag.py:538} INFO - Filling up the DagBag from /opt/airflow/dags/pipelines/mongo_to_clickhouse.py
[2025-11-03T15:38:45.730+0000] {processor.py:842} WARNING - No viable dags retrieved from /opt/airflow/dags/pipelines/mongo_to_clickhouse.py
[2025-11-03T15:38:45.752+0000] {processor.py:183} INFO - Processing /opt/airflow/dags/pipelines/mongo_to_clickhouse.py took 0.061 seconds
[2025-11-03T15:39:16.157+0000] {processor.py:161} INFO - Started process (PID=33965) to work on /opt/airflow/dags/pipelines/mongo_to_clickhouse.py
[2025-11-03T15:39:16.159+0000] {processor.py:830} INFO - Processing file /opt/airflow/dags/pipelines/mongo_to_clickhouse.py for tasks to queue
[2025-11-03T15:39:16.161+0000] {logging_mixin.py:188} INFO - [2025-11-03T15:39:16.160+0000] {dagbag.py:538} INFO - Filling up the DagBag from /opt/airflow/dags/pipelines/mongo_to_clickhouse.py
[2025-11-03T15:39:16.198+0000] {processor.py:842} WARNING - No viable dags retrieved from /opt/airflow/dags/pipelines/mongo_to_clickhouse.py
[2025-11-03T15:39:16.264+0000] {processor.py:183} INFO - Processing /opt/airflow/dags/pipelines/mongo_to_clickhouse.py took 0.117 seconds
[2025-11-03T15:39:46.584+0000] {processor.py:161} INFO - Started process (PID=34000) to work on /opt/airflow/dags/pipelines/mongo_to_clickhouse.py
[2025-11-03T15:39:46.585+0000] {processor.py:830} INFO - Processing file /opt/airflow/dags/pipelines/mongo_to_clickhouse.py for tasks to queue
[2025-11-03T15:39:46.587+0000] {logging_mixin.py:188} INFO - [2025-11-03T15:39:46.586+0000] {dagbag.py:538} INFO - Filling up the DagBag from /opt/airflow/dags/pipelines/mongo_to_clickhouse.py
[2025-11-03T15:39:46.614+0000] {processor.py:842} WARNING - No viable dags retrieved from /opt/airflow/dags/pipelines/mongo_to_clickhouse.py
[2025-11-03T15:39:46.634+0000] {processor.py:183} INFO - Processing /opt/airflow/dags/pipelines/mongo_to_clickhouse.py took 0.057 seconds
[2025-11-03T15:40:16.996+0000] {processor.py:161} INFO - Started process (PID=34035) to work on /opt/airflow/dags/pipelines/mongo_to_clickhouse.py
[2025-11-03T15:40:16.998+0000] {processor.py:830} INFO - Processing file /opt/airflow/dags/pipelines/mongo_to_clickhouse.py for tasks to queue
[2025-11-03T15:40:17.001+0000] {logging_mixin.py:188} INFO - [2025-11-03T15:40:17.000+0000] {dagbag.py:538} INFO - Filling up the DagBag from /opt/airflow/dags/pipelines/mongo_to_clickhouse.py
[2025-11-03T15:40:17.035+0000] {processor.py:842} WARNING - No viable dags retrieved from /opt/airflow/dags/pipelines/mongo_to_clickhouse.py
[2025-11-03T15:40:17.055+0000] {processor.py:183} INFO - Processing /opt/airflow/dags/pipelines/mongo_to_clickhouse.py took 0.065 seconds
[2025-11-03T15:40:47.323+0000] {processor.py:161} INFO - Started process (PID=34070) to work on /opt/airflow/dags/pipelines/mongo_to_clickhouse.py
[2025-11-03T15:40:47.325+0000] {processor.py:830} INFO - Processing file /opt/airflow/dags/pipelines/mongo_to_clickhouse.py for tasks to queue
[2025-11-03T15:40:47.327+0000] {logging_mixin.py:188} INFO - [2025-11-03T15:40:47.327+0000] {dagbag.py:538} INFO - Filling up the DagBag from /opt/airflow/dags/pipelines/mongo_to_clickhouse.py
[2025-11-03T15:40:47.367+0000] {processor.py:842} WARNING - No viable dags retrieved from /opt/airflow/dags/pipelines/mongo_to_clickhouse.py
[2025-11-03T15:40:47.390+0000] {processor.py:183} INFO - Processing /opt/airflow/dags/pipelines/mongo_to_clickhouse.py took 0.071 seconds
[2025-11-03T15:41:17.533+0000] {processor.py:161} INFO - Started process (PID=34102) to work on /opt/airflow/dags/pipelines/mongo_to_clickhouse.py
[2025-11-03T15:41:17.535+0000] {processor.py:830} INFO - Processing file /opt/airflow/dags/pipelines/mongo_to_clickhouse.py for tasks to queue
[2025-11-03T15:41:17.537+0000] {logging_mixin.py:188} INFO - [2025-11-03T15:41:17.536+0000] {dagbag.py:538} INFO - Filling up the DagBag from /opt/airflow/dags/pipelines/mongo_to_clickhouse.py
[2025-11-03T15:41:17.566+0000] {processor.py:842} WARNING - No viable dags retrieved from /opt/airflow/dags/pipelines/mongo_to_clickhouse.py
[2025-11-03T15:41:17.589+0000] {processor.py:183} INFO - Processing /opt/airflow/dags/pipelines/mongo_to_clickhouse.py took 0.061 seconds
[2025-11-03T15:41:47.725+0000] {processor.py:161} INFO - Started process (PID=34137) to work on /opt/airflow/dags/pipelines/mongo_to_clickhouse.py
[2025-11-03T15:41:47.726+0000] {processor.py:830} INFO - Processing file /opt/airflow/dags/pipelines/mongo_to_clickhouse.py for tasks to queue
[2025-11-03T15:41:47.729+0000] {logging_mixin.py:188} INFO - [2025-11-03T15:41:47.728+0000] {dagbag.py:538} INFO - Filling up the DagBag from /opt/airflow/dags/pipelines/mongo_to_clickhouse.py
[2025-11-03T15:41:47.766+0000] {processor.py:842} WARNING - No viable dags retrieved from /opt/airflow/dags/pipelines/mongo_to_clickhouse.py
[2025-11-03T15:41:47.787+0000] {processor.py:183} INFO - Processing /opt/airflow/dags/pipelines/mongo_to_clickhouse.py took 0.067 seconds
[2025-11-03T15:42:17.952+0000] {processor.py:161} INFO - Started process (PID=34172) to work on /opt/airflow/dags/pipelines/mongo_to_clickhouse.py
[2025-11-03T15:42:17.954+0000] {processor.py:830} INFO - Processing file /opt/airflow/dags/pipelines/mongo_to_clickhouse.py for tasks to queue
[2025-11-03T15:42:17.956+0000] {logging_mixin.py:188} INFO - [2025-11-03T15:42:17.956+0000] {dagbag.py:538} INFO - Filling up the DagBag from /opt/airflow/dags/pipelines/mongo_to_clickhouse.py
[2025-11-03T15:42:17.998+0000] {processor.py:842} WARNING - No viable dags retrieved from /opt/airflow/dags/pipelines/mongo_to_clickhouse.py
[2025-11-03T15:42:18.023+0000] {processor.py:183} INFO - Processing /opt/airflow/dags/pipelines/mongo_to_clickhouse.py took 0.075 seconds
[2025-11-03T15:42:48.290+0000] {processor.py:161} INFO - Started process (PID=34207) to work on /opt/airflow/dags/pipelines/mongo_to_clickhouse.py
[2025-11-03T15:42:48.293+0000] {processor.py:830} INFO - Processing file /opt/airflow/dags/pipelines/mongo_to_clickhouse.py for tasks to queue
[2025-11-03T15:42:48.294+0000] {logging_mixin.py:188} INFO - [2025-11-03T15:42:48.294+0000] {dagbag.py:538} INFO - Filling up the DagBag from /opt/airflow/dags/pipelines/mongo_to_clickhouse.py
[2025-11-03T15:42:48.325+0000] {processor.py:842} WARNING - No viable dags retrieved from /opt/airflow/dags/pipelines/mongo_to_clickhouse.py
[2025-11-03T15:42:48.345+0000] {processor.py:183} INFO - Processing /opt/airflow/dags/pipelines/mongo_to_clickhouse.py took 0.066 seconds
[2025-11-03T15:43:18.685+0000] {processor.py:161} INFO - Started process (PID=34242) to work on /opt/airflow/dags/pipelines/mongo_to_clickhouse.py
[2025-11-03T15:43:18.687+0000] {processor.py:830} INFO - Processing file /opt/airflow/dags/pipelines/mongo_to_clickhouse.py for tasks to queue
[2025-11-03T15:43:18.689+0000] {logging_mixin.py:188} INFO - [2025-11-03T15:43:18.688+0000] {dagbag.py:538} INFO - Filling up the DagBag from /opt/airflow/dags/pipelines/mongo_to_clickhouse.py
[2025-11-03T15:43:18.725+0000] {processor.py:842} WARNING - No viable dags retrieved from /opt/airflow/dags/pipelines/mongo_to_clickhouse.py
[2025-11-03T15:43:18.745+0000] {processor.py:183} INFO - Processing /opt/airflow/dags/pipelines/mongo_to_clickhouse.py took 0.063 seconds
[2025-11-03T15:43:49.144+0000] {processor.py:161} INFO - Started process (PID=34277) to work on /opt/airflow/dags/pipelines/mongo_to_clickhouse.py
[2025-11-03T15:43:49.146+0000] {processor.py:830} INFO - Processing file /opt/airflow/dags/pipelines/mongo_to_clickhouse.py for tasks to queue
[2025-11-03T15:43:49.147+0000] {logging_mixin.py:188} INFO - [2025-11-03T15:43:49.147+0000] {dagbag.py:538} INFO - Filling up the DagBag from /opt/airflow/dags/pipelines/mongo_to_clickhouse.py
[2025-11-03T15:43:49.175+0000] {processor.py:842} WARNING - No viable dags retrieved from /opt/airflow/dags/pipelines/mongo_to_clickhouse.py
[2025-11-03T15:43:49.195+0000] {processor.py:183} INFO - Processing /opt/airflow/dags/pipelines/mongo_to_clickhouse.py took 0.055 seconds
[2025-11-03T15:44:19.595+0000] {processor.py:161} INFO - Started process (PID=34312) to work on /opt/airflow/dags/pipelines/mongo_to_clickhouse.py
[2025-11-03T15:44:19.597+0000] {processor.py:830} INFO - Processing file /opt/airflow/dags/pipelines/mongo_to_clickhouse.py for tasks to queue
[2025-11-03T15:44:19.598+0000] {logging_mixin.py:188} INFO - [2025-11-03T15:44:19.598+0000] {dagbag.py:538} INFO - Filling up the DagBag from /opt/airflow/dags/pipelines/mongo_to_clickhouse.py
[2025-11-03T15:44:19.627+0000] {processor.py:842} WARNING - No viable dags retrieved from /opt/airflow/dags/pipelines/mongo_to_clickhouse.py
[2025-11-03T15:44:19.646+0000] {processor.py:183} INFO - Processing /opt/airflow/dags/pipelines/mongo_to_clickhouse.py took 0.057 seconds
[2025-11-03T15:44:50.330+0000] {processor.py:161} INFO - Started process (PID=34347) to work on /opt/airflow/dags/pipelines/mongo_to_clickhouse.py
[2025-11-03T15:44:50.333+0000] {processor.py:830} INFO - Processing file /opt/airflow/dags/pipelines/mongo_to_clickhouse.py for tasks to queue
[2025-11-03T15:44:50.334+0000] {logging_mixin.py:188} INFO - [2025-11-03T15:44:50.334+0000] {dagbag.py:538} INFO - Filling up the DagBag from /opt/airflow/dags/pipelines/mongo_to_clickhouse.py
[2025-11-03T15:44:50.384+0000] {processor.py:842} WARNING - No viable dags retrieved from /opt/airflow/dags/pipelines/mongo_to_clickhouse.py
[2025-11-03T15:44:50.410+0000] {processor.py:183} INFO - Processing /opt/airflow/dags/pipelines/mongo_to_clickhouse.py took 0.083 seconds
[2025-11-03T15:45:20.567+0000] {processor.py:161} INFO - Started process (PID=34382) to work on /opt/airflow/dags/pipelines/mongo_to_clickhouse.py
[2025-11-03T15:45:20.569+0000] {processor.py:830} INFO - Processing file /opt/airflow/dags/pipelines/mongo_to_clickhouse.py for tasks to queue
[2025-11-03T15:45:20.571+0000] {logging_mixin.py:188} INFO - [2025-11-03T15:45:20.570+0000] {dagbag.py:538} INFO - Filling up the DagBag from /opt/airflow/dags/pipelines/mongo_to_clickhouse.py
[2025-11-03T15:45:20.606+0000] {processor.py:842} WARNING - No viable dags retrieved from /opt/airflow/dags/pipelines/mongo_to_clickhouse.py
[2025-11-03T15:45:20.629+0000] {processor.py:183} INFO - Processing /opt/airflow/dags/pipelines/mongo_to_clickhouse.py took 0.066 seconds
[2025-11-03T15:45:51.107+0000] {processor.py:161} INFO - Started process (PID=34417) to work on /opt/airflow/dags/pipelines/mongo_to_clickhouse.py
[2025-11-03T15:45:51.109+0000] {processor.py:830} INFO - Processing file /opt/airflow/dags/pipelines/mongo_to_clickhouse.py for tasks to queue
[2025-11-03T15:45:51.110+0000] {logging_mixin.py:188} INFO - [2025-11-03T15:45:51.110+0000] {dagbag.py:538} INFO - Filling up the DagBag from /opt/airflow/dags/pipelines/mongo_to_clickhouse.py
[2025-11-03T15:45:51.138+0000] {processor.py:842} WARNING - No viable dags retrieved from /opt/airflow/dags/pipelines/mongo_to_clickhouse.py
[2025-11-03T15:45:51.161+0000] {processor.py:183} INFO - Processing /opt/airflow/dags/pipelines/mongo_to_clickhouse.py took 0.058 seconds
[2025-11-03T15:46:21.594+0000] {processor.py:161} INFO - Started process (PID=34452) to work on /opt/airflow/dags/pipelines/mongo_to_clickhouse.py
[2025-11-03T15:46:21.595+0000] {processor.py:830} INFO - Processing file /opt/airflow/dags/pipelines/mongo_to_clickhouse.py for tasks to queue
[2025-11-03T15:46:21.597+0000] {logging_mixin.py:188} INFO - [2025-11-03T15:46:21.597+0000] {dagbag.py:538} INFO - Filling up the DagBag from /opt/airflow/dags/pipelines/mongo_to_clickhouse.py
[2025-11-03T15:46:21.627+0000] {processor.py:842} WARNING - No viable dags retrieved from /opt/airflow/dags/pipelines/mongo_to_clickhouse.py
[2025-11-03T15:46:21.651+0000] {processor.py:183} INFO - Processing /opt/airflow/dags/pipelines/mongo_to_clickhouse.py took 0.063 seconds
[2025-11-03T15:46:51.876+0000] {processor.py:161} INFO - Started process (PID=34487) to work on /opt/airflow/dags/pipelines/mongo_to_clickhouse.py
[2025-11-03T15:46:51.878+0000] {processor.py:830} INFO - Processing file /opt/airflow/dags/pipelines/mongo_to_clickhouse.py for tasks to queue
[2025-11-03T15:46:51.880+0000] {logging_mixin.py:188} INFO - [2025-11-03T15:46:51.880+0000] {dagbag.py:538} INFO - Filling up the DagBag from /opt/airflow/dags/pipelines/mongo_to_clickhouse.py
[2025-11-03T15:46:51.906+0000] {processor.py:842} WARNING - No viable dags retrieved from /opt/airflow/dags/pipelines/mongo_to_clickhouse.py
[2025-11-03T15:46:51.930+0000] {processor.py:183} INFO - Processing /opt/airflow/dags/pipelines/mongo_to_clickhouse.py took 0.058 seconds
[2025-11-03T20:41:25.237+0000] {processor.py:161} INFO - Started process (PID=34532) to work on /opt/airflow/dags/pipelines/mongo_to_clickhouse.py
[2025-11-03T20:41:25.249+0000] {processor.py:830} INFO - Processing file /opt/airflow/dags/pipelines/mongo_to_clickhouse.py for tasks to queue
[2025-11-03T20:41:25.251+0000] {logging_mixin.py:188} INFO - [2025-11-03T20:41:25.250+0000] {dagbag.py:538} INFO - Filling up the DagBag from /opt/airflow/dags/pipelines/mongo_to_clickhouse.py
[2025-11-03T20:41:25.286+0000] {processor.py:842} WARNING - No viable dags retrieved from /opt/airflow/dags/pipelines/mongo_to_clickhouse.py
[2025-11-03T20:41:25.337+0000] {processor.py:183} INFO - Processing /opt/airflow/dags/pipelines/mongo_to_clickhouse.py took 0.106 seconds
