[2025-10-31T22:52:16.224+0000] {taskinstance.py:1956} INFO - Dependencies all met for dep_context=non-requeueable deps ti=<TaskInstance: ingestion_pipeline.silver_dbt.dbt_run_incrementals manual__2025-10-31T22:46:59.945189+00:00 [queued]>
[2025-10-31T22:52:16.234+0000] {taskinstance.py:1956} INFO - Dependencies all met for dep_context=requeueable deps ti=<TaskInstance: ingestion_pipeline.silver_dbt.dbt_run_incrementals manual__2025-10-31T22:46:59.945189+00:00 [queued]>
[2025-10-31T22:52:16.236+0000] {taskinstance.py:2170} INFO - Starting attempt 2 of 2
[2025-10-31T22:52:16.251+0000] {taskinstance.py:2191} INFO - Executing <Task(BashOperator): silver_dbt.dbt_run_incrementals> on 2025-10-31 22:46:59.945189+00:00
[2025-10-31T22:52:16.257+0000] {standard_task_runner.py:60} INFO - Started process 807 to run task
[2025-10-31T22:52:16.296+0000] {standard_task_runner.py:87} INFO - Running: ['***', 'tasks', 'run', 'ingestion_pipeline', 'silver_dbt.dbt_run_incrementals', 'manual__2025-10-31T22:46:59.945189+00:00', '--job-id', '18', '--raw', '--subdir', 'DAGS_FOLDER/ingestion_dag.py', '--cfg-path', '/tmp/tmpaxnhau52']
[2025-10-31T22:52:16.302+0000] {standard_task_runner.py:88} INFO - Job 18: Subtask silver_dbt.dbt_run_incrementals
[2025-10-31T22:52:16.401+0000] {task_command.py:423} INFO - Running <TaskInstance: ingestion_pipeline.silver_dbt.dbt_run_incrementals manual__2025-10-31T22:46:59.945189+00:00 [running]> on host d335ca5d7801
[2025-10-31T22:52:16.489+0000] {taskinstance.py:2480} INFO - Exporting env vars: AIRFLOW_CTX_DAG_OWNER='***' AIRFLOW_CTX_DAG_ID='ingestion_pipeline' AIRFLOW_CTX_TASK_ID='silver_dbt.dbt_run_incrementals' AIRFLOW_CTX_EXECUTION_DATE='2025-10-31T22:46:59.945189+00:00' AIRFLOW_CTX_TRY_NUMBER='2' AIRFLOW_CTX_DAG_RUN_ID='manual__2025-10-31T22:46:59.945189+00:00'
[2025-10-31T22:52:16.491+0000] {subprocess.py:63} INFO - Tmp dir root location: /tmp
[2025-10-31T22:52:16.492+0000] {subprocess.py:75} INFO - Running command: ['/usr/bin/bash', '-c', 'docker exec -i dbt bash -lc \'\nset -e\ncd /dbt\nDBT_VARS=$(python - <<"PY"\nfrom datetime import datetime, timedelta\nimport json\nds = "2025-10-31"\nlag_days = 0\nlagged = (datetime.strptime(ds, "%Y-%m-%d") - timedelta(days=lag_days)).strftime("%Y-%m-%d")\nprint(json.dumps({"ds_lagged": lagged}))\nPY\n)\necho "dbt vars => ${DBT_VARS}"\ndbt --no-use-colors run --profiles-dir /dbt --select silver_payments silver_link_transactions --vars "${DBT_VARS}"\n\'']
[2025-10-31T22:52:16.504+0000] {subprocess.py:86} INFO - Output:
[2025-10-31T22:52:16.671+0000] {subprocess.py:93} INFO - dbt vars => {"ds_lagged": "2025-10-31"}
[2025-10-31T22:52:18.472+0000] {subprocess.py:93} INFO - 22:52:18  Running with dbt=1.10.13
[2025-10-31T22:52:18.715+0000] {subprocess.py:93} INFO - 22:52:18  Registered adapter: clickhouse=1.9.5
[2025-10-31T22:52:19.119+0000] {subprocess.py:93} INFO - 22:52:19  Found 3 models, 3 sources, 488 macros
[2025-10-31T22:52:19.122+0000] {subprocess.py:93} INFO - 22:52:19
[2025-10-31T22:52:19.123+0000] {subprocess.py:93} INFO - 22:52:19  Concurrency: 4 threads (target='dev')
[2025-10-31T22:52:19.125+0000] {subprocess.py:93} INFO - 22:52:19
[2025-10-31T22:52:19.386+0000] {subprocess.py:93} INFO - 22:52:19  1 of 2 START sql incremental model `silver`.`silver_link_transactions` ......... [RUN]
[2025-10-31T22:52:19.388+0000] {subprocess.py:93} INFO - 22:52:19  2 of 2 START sql incremental model `silver`.`silver_payments` .................. [RUN]
[2025-10-31T22:52:19.821+0000] {subprocess.py:93} INFO - 22:52:19  1 of 2 OK created sql incremental model `silver`.`silver_link_transactions` .... [OK in 0.43s]
[2025-10-31T22:52:19.858+0000] {subprocess.py:93} INFO - 22:52:19  2 of 2 OK created sql incremental model `silver`.`silver_payments` ............. [OK in 0.47s]
[2025-10-31T22:52:19.867+0000] {subprocess.py:93} INFO - 22:52:19
[2025-10-31T22:52:19.869+0000] {subprocess.py:93} INFO - 22:52:19  Finished running 2 incremental models in 0 hours 0 minutes and 0.74 seconds (0.74s).
[2025-10-31T22:52:19.927+0000] {subprocess.py:93} INFO - 22:52:19
[2025-10-31T22:52:19.930+0000] {subprocess.py:93} INFO - 22:52:19  Completed successfully
[2025-10-31T22:52:19.934+0000] {subprocess.py:93} INFO - 22:52:19
[2025-10-31T22:52:19.937+0000] {subprocess.py:93} INFO - 22:52:19  Done. PASS=2 WARN=0 ERROR=0 SKIP=0 NO-OP=0 TOTAL=2
[2025-10-31T22:52:21.291+0000] {subprocess.py:97} INFO - Command exited with return code 0
[2025-10-31T22:52:21.321+0000] {taskinstance.py:1138} INFO - Marking task as SUCCESS. dag_id=ingestion_pipeline, task_id=silver_dbt.dbt_run_incrementals, execution_date=20251031T224659, start_date=20251031T225216, end_date=20251031T225221
[2025-10-31T22:52:21.342+0000] {local_task_job_runner.py:234} INFO - Task exited with return code 0
[2025-10-31T22:52:21.360+0000] {taskinstance.py:3280} INFO - 0 downstream tasks scheduled from follow-on schedule check
