[2025-11-01T20:06:50.639+0000] {taskinstance.py:1956} INFO - Dependencies all met for dep_context=non-requeueable deps ti=<TaskInstance: ingestion_pipeline.load_merchants_bronze scheduled__2025-10-14T00:00:00+00:00 [queued]>
[2025-11-01T20:06:50.692+0000] {taskinstance.py:1956} INFO - Dependencies all met for dep_context=requeueable deps ti=<TaskInstance: ingestion_pipeline.load_merchants_bronze scheduled__2025-10-14T00:00:00+00:00 [queued]>
[2025-11-01T20:06:50.695+0000] {taskinstance.py:2170} INFO - Starting attempt 1 of 2
[2025-11-01T20:06:50.824+0000] {taskinstance.py:2191} INFO - Executing <Task(PythonOperator): load_merchants_bronze> on 2025-10-14 00:00:00+00:00
[2025-11-01T20:06:50.864+0000] {standard_task_runner.py:60} INFO - Started process 557 to run task
[2025-11-01T20:06:50.908+0000] {standard_task_runner.py:87} INFO - Running: ['***', 'tasks', 'run', 'ingestion_pipeline', 'load_merchants_bronze', 'scheduled__2025-10-14T00:00:00+00:00', '--job-id', '59', '--raw', '--subdir', 'DAGS_FOLDER/ingestion_dag.py', '--cfg-path', '/tmp/tmph5r340pd']
[2025-11-01T20:06:50.913+0000] {standard_task_runner.py:88} INFO - Job 59: Subtask load_merchants_bronze
[2025-11-01T20:06:51.261+0000] {task_command.py:423} INFO - Running <TaskInstance: ingestion_pipeline.load_merchants_bronze scheduled__2025-10-14T00:00:00+00:00 [running]> on host 1a955fda0cfd
[2025-11-01T20:06:51.679+0000] {taskinstance.py:2480} INFO - Exporting env vars: AIRFLOW_CTX_DAG_OWNER='***' AIRFLOW_CTX_DAG_ID='ingestion_pipeline' AIRFLOW_CTX_TASK_ID='load_merchants_bronze' AIRFLOW_CTX_EXECUTION_DATE='2025-10-14T00:00:00+00:00' AIRFLOW_CTX_TRY_NUMBER='1' AIRFLOW_CTX_DAG_RUN_ID='scheduled__2025-10-14T00:00:00+00:00'
[2025-11-01T20:06:55.110+0000] {merchants_to_clickhouse.py:86} INFO - [merchants->ch] Target CSV: /tmp/data/merchants/merchants-20251014.csv
[2025-11-01T20:06:55.126+0000] {merchants_to_clickhouse.py:91} INFO - [merchants->ch] Folder listing: ['merchants-20251029.csv']
[2025-11-01T20:06:55.129+0000] {crypto.py:82} WARNING - empty cryptography key - values will not be stored encrypted.
[2025-11-01T20:06:55.146+0000] {base.py:83} INFO - Using connection ID 'clickhouse_default' for task execution.
[2025-11-01T20:06:55.167+0000] {merchants_to_clickhouse.py:134} WARNING - [merchants->ch] File not found. Table ensured. Skipping insert.
[2025-11-01T20:06:55.174+0000] {python.py:201} INFO - Done. Returned value was: None
[2025-11-01T20:06:55.211+0000] {taskinstance.py:1138} INFO - Marking task as SUCCESS. dag_id=ingestion_pipeline, task_id=load_merchants_bronze, execution_date=20251014T000000, start_date=20251101T200650, end_date=20251101T200655
[2025-11-01T20:06:55.669+0000] {local_task_job_runner.py:234} INFO - Task exited with return code 0
[2025-11-01T20:06:55.802+0000] {taskinstance.py:3280} INFO - 0 downstream tasks scheduled from follow-on schedule check
[2025-11-01T20:18:15.729+0000] {taskinstance.py:1956} INFO - Dependencies all met for dep_context=non-requeueable deps ti=<TaskInstance: ingestion_pipeline.load_merchants_bronze scheduled__2025-10-14T00:00:00+00:00 [queued]>
[2025-11-01T20:18:15.765+0000] {taskinstance.py:1956} INFO - Dependencies all met for dep_context=requeueable deps ti=<TaskInstance: ingestion_pipeline.load_merchants_bronze scheduled__2025-10-14T00:00:00+00:00 [queued]>
[2025-11-01T20:18:15.767+0000] {taskinstance.py:2170} INFO - Starting attempt 1 of 2
[2025-11-01T20:18:16.027+0000] {taskinstance.py:2191} INFO - Executing <Task(PythonOperator): load_merchants_bronze> on 2025-10-14 00:00:00+00:00
[2025-11-01T20:18:16.059+0000] {standard_task_runner.py:60} INFO - Started process 553 to run task
[2025-11-01T20:18:16.079+0000] {standard_task_runner.py:87} INFO - Running: ['***', 'tasks', 'run', 'ingestion_pipeline', 'load_merchants_bronze', 'scheduled__2025-10-14T00:00:00+00:00', '--job-id', '59', '--raw', '--subdir', 'DAGS_FOLDER/ingestion_dag.py', '--cfg-path', '/tmp/tmpfmtjgvwf']
[2025-11-01T20:18:16.093+0000] {standard_task_runner.py:88} INFO - Job 59: Subtask load_merchants_bronze
[2025-11-01T20:18:16.609+0000] {task_command.py:423} INFO - Running <TaskInstance: ingestion_pipeline.load_merchants_bronze scheduled__2025-10-14T00:00:00+00:00 [running]> on host 6335aa85b335
[2025-11-01T20:18:16.949+0000] {taskinstance.py:2480} INFO - Exporting env vars: AIRFLOW_CTX_DAG_OWNER='***' AIRFLOW_CTX_DAG_ID='ingestion_pipeline' AIRFLOW_CTX_TASK_ID='load_merchants_bronze' AIRFLOW_CTX_EXECUTION_DATE='2025-10-14T00:00:00+00:00' AIRFLOW_CTX_TRY_NUMBER='1' AIRFLOW_CTX_DAG_RUN_ID='scheduled__2025-10-14T00:00:00+00:00'
[2025-11-01T20:18:19.565+0000] {merchants_to_clickhouse.py:86} INFO - [merchants->ch] Target CSV: /tmp/data/merchants/merchants-20251014.csv
[2025-11-01T20:18:19.571+0000] {merchants_to_clickhouse.py:91} INFO - [merchants->ch] Folder listing: ['merchants-20251029.csv', 'merchants-20251030.csv']
[2025-11-01T20:18:19.574+0000] {crypto.py:82} WARNING - empty cryptography key - values will not be stored encrypted.
[2025-11-01T20:18:19.580+0000] {base.py:83} INFO - Using connection ID 'clickhouse_default' for task execution.
[2025-11-01T20:18:19.604+0000] {merchants_to_clickhouse.py:134} WARNING - [merchants->ch] File not found. Table ensured. Skipping insert.
[2025-11-01T20:18:19.606+0000] {python.py:201} INFO - Done. Returned value was: None
[2025-11-01T20:18:19.636+0000] {taskinstance.py:1138} INFO - Marking task as SUCCESS. dag_id=ingestion_pipeline, task_id=load_merchants_bronze, execution_date=20251014T000000, start_date=20251101T201815, end_date=20251101T201819
[2025-11-01T20:18:19.869+0000] {local_task_job_runner.py:234} INFO - Task exited with return code 0
[2025-11-01T20:18:19.996+0000] {taskinstance.py:3280} INFO - 0 downstream tasks scheduled from follow-on schedule check
[2025-11-02T01:29:32.235+0000] {taskinstance.py:1956} INFO - Dependencies all met for dep_context=non-requeueable deps ti=<TaskInstance: ingestion_pipeline.load_merchants_bronze scheduled__2025-10-14T00:00:00+00:00 [queued]>
[2025-11-02T01:29:32.317+0000] {taskinstance.py:1956} INFO - Dependencies all met for dep_context=requeueable deps ti=<TaskInstance: ingestion_pipeline.load_merchants_bronze scheduled__2025-10-14T00:00:00+00:00 [queued]>
[2025-11-02T01:29:32.335+0000] {taskinstance.py:2170} INFO - Starting attempt 1 of 2
[2025-11-02T01:29:32.436+0000] {taskinstance.py:2191} INFO - Executing <Task(PythonOperator): load_merchants_bronze> on 2025-10-14 00:00:00+00:00
[2025-11-02T01:29:32.475+0000] {standard_task_runner.py:60} INFO - Started process 674 to run task
[2025-11-02T01:29:32.484+0000] {standard_task_runner.py:87} INFO - Running: ['***', 'tasks', 'run', 'ingestion_pipeline', 'load_merchants_bronze', 'scheduled__2025-10-14T00:00:00+00:00', '--job-id', '59', '--raw', '--subdir', 'DAGS_FOLDER/ingestion_dag.py', '--cfg-path', '/tmp/tmpkkr8gzak']
[2025-11-02T01:29:32.492+0000] {standard_task_runner.py:88} INFO - Job 59: Subtask load_merchants_bronze
[2025-11-02T01:29:32.881+0000] {task_command.py:423} INFO - Running <TaskInstance: ingestion_pipeline.load_merchants_bronze scheduled__2025-10-14T00:00:00+00:00 [running]> on host 3b0074fa0b5e
[2025-11-02T01:29:33.458+0000] {taskinstance.py:2480} INFO - Exporting env vars: AIRFLOW_CTX_DAG_OWNER='***' AIRFLOW_CTX_DAG_ID='ingestion_pipeline' AIRFLOW_CTX_TASK_ID='load_merchants_bronze' AIRFLOW_CTX_EXECUTION_DATE='2025-10-14T00:00:00+00:00' AIRFLOW_CTX_TRY_NUMBER='1' AIRFLOW_CTX_DAG_RUN_ID='scheduled__2025-10-14T00:00:00+00:00'
[2025-11-02T01:29:37.473+0000] {merchants_to_clickhouse.py:86} INFO - [merchants->ch] Target CSV: /tmp/data/merchants/merchants-20251014.csv
[2025-11-02T01:29:37.551+0000] {merchants_to_clickhouse.py:91} INFO - [merchants->ch] Folder listing: ['merchants-20251029.csv', 'merchants-20251030.csv']
[2025-11-02T01:29:37.554+0000] {crypto.py:82} WARNING - empty cryptography key - values will not be stored encrypted.
[2025-11-02T01:29:37.572+0000] {base.py:83} INFO - Using connection ID 'clickhouse_default' for task execution.
[2025-11-02T01:29:37.731+0000] {merchants_to_clickhouse.py:134} WARNING - [merchants->ch] File not found. Table ensured. Skipping insert.
[2025-11-02T01:29:37.746+0000] {python.py:201} INFO - Done. Returned value was: None
[2025-11-02T01:29:37.833+0000] {taskinstance.py:1138} INFO - Marking task as SUCCESS. dag_id=ingestion_pipeline, task_id=load_merchants_bronze, execution_date=20251014T000000, start_date=20251102T012932, end_date=20251102T012937
[2025-11-02T01:29:37.987+0000] {local_task_job_runner.py:234} INFO - Task exited with return code 0
[2025-11-02T01:29:38.215+0000] {taskinstance.py:3280} INFO - 0 downstream tasks scheduled from follow-on schedule check
[2025-11-02T11:27:33.502+0000] {taskinstance.py:1956} INFO - Dependencies all met for dep_context=non-requeueable deps ti=<TaskInstance: ingestion_pipeline.load_merchants_bronze scheduled__2025-10-14T00:00:00+00:00 [queued]>
[2025-11-02T11:27:33.554+0000] {taskinstance.py:1956} INFO - Dependencies all met for dep_context=requeueable deps ti=<TaskInstance: ingestion_pipeline.load_merchants_bronze scheduled__2025-10-14T00:00:00+00:00 [queued]>
[2025-11-02T11:27:33.556+0000] {taskinstance.py:2170} INFO - Starting attempt 1 of 2
[2025-11-02T11:27:33.818+0000] {taskinstance.py:2191} INFO - Executing <Task(PythonOperator): load_merchants_bronze> on 2025-10-14 00:00:00+00:00
[2025-11-02T11:27:33.920+0000] {standard_task_runner.py:60} INFO - Started process 796 to run task
[2025-11-02T11:27:34.008+0000] {standard_task_runner.py:87} INFO - Running: ['***', 'tasks', 'run', 'ingestion_pipeline', 'load_merchants_bronze', 'scheduled__2025-10-14T00:00:00+00:00', '--job-id', '53', '--raw', '--subdir', 'DAGS_FOLDER/ingestion_dag.py', '--cfg-path', '/tmp/tmpluh7huv4']
[2025-11-02T11:27:34.029+0000] {standard_task_runner.py:88} INFO - Job 53: Subtask load_merchants_bronze
[2025-11-02T11:27:34.528+0000] {task_command.py:423} INFO - Running <TaskInstance: ingestion_pipeline.load_merchants_bronze scheduled__2025-10-14T00:00:00+00:00 [running]> on host 0d39d4365eb9
[2025-11-02T11:27:35.537+0000] {taskinstance.py:2480} INFO - Exporting env vars: AIRFLOW_CTX_DAG_OWNER='***' AIRFLOW_CTX_DAG_ID='ingestion_pipeline' AIRFLOW_CTX_TASK_ID='load_merchants_bronze' AIRFLOW_CTX_EXECUTION_DATE='2025-10-14T00:00:00+00:00' AIRFLOW_CTX_TRY_NUMBER='1' AIRFLOW_CTX_DAG_RUN_ID='scheduled__2025-10-14T00:00:00+00:00'
[2025-11-02T11:27:40.058+0000] {merchants_to_clickhouse.py:86} INFO - [merchants->ch] Target CSV: /tmp/data/merchants/merchants-20251014.csv
[2025-11-02T11:27:40.076+0000] {merchants_to_clickhouse.py:91} INFO - [merchants->ch] Folder listing: ['merchants-20251029.csv', 'merchants-20251030.csv']
[2025-11-02T11:27:40.080+0000] {crypto.py:82} WARNING - empty cryptography key - values will not be stored encrypted.
[2025-11-02T11:27:40.092+0000] {base.py:83} INFO - Using connection ID 'clickhouse_default' for task execution.
[2025-11-02T11:27:40.116+0000] {merchants_to_clickhouse.py:134} WARNING - [merchants->ch] File not found. Table ensured. Skipping insert.
[2025-11-02T11:27:40.118+0000] {python.py:201} INFO - Done. Returned value was: None
[2025-11-02T11:27:40.173+0000] {taskinstance.py:1138} INFO - Marking task as SUCCESS. dag_id=ingestion_pipeline, task_id=load_merchants_bronze, execution_date=20251014T000000, start_date=20251102T112733, end_date=20251102T112740
[2025-11-02T11:27:40.346+0000] {local_task_job_runner.py:234} INFO - Task exited with return code 0
[2025-11-02T11:27:40.827+0000] {taskinstance.py:3280} INFO - 0 downstream tasks scheduled from follow-on schedule check
