[2025-11-01T20:14:20.159+0000] {taskinstance.py:1956} INFO - Dependencies all met for dep_context=non-requeueable deps ti=<TaskInstance: silver_transformation_pipeline.dbt_run_linktx scheduled__2025-10-10T00:00:00+00:00 [queued]>
[2025-11-01T20:14:20.170+0000] {taskinstance.py:1956} INFO - Dependencies all met for dep_context=requeueable deps ti=<TaskInstance: silver_transformation_pipeline.dbt_run_linktx scheduled__2025-10-10T00:00:00+00:00 [queued]>
[2025-11-01T20:14:20.171+0000] {taskinstance.py:2170} INFO - Starting attempt 1 of 2
[2025-11-01T20:14:20.186+0000] {taskinstance.py:2191} INFO - Executing <Task(PythonOperator): dbt_run_linktx> on 2025-10-10 00:00:00+00:00
[2025-11-01T20:14:20.193+0000] {standard_task_runner.py:60} INFO - Started process 1731 to run task
[2025-11-01T20:14:20.198+0000] {standard_task_runner.py:87} INFO - Running: ['***', 'tasks', 'run', 'silver_transformation_pipeline', 'dbt_run_linktx', 'scheduled__2025-10-10T00:00:00+00:00', '--job-id', '171', '--raw', '--subdir', 'DAGS_FOLDER/silver_dag.py', '--cfg-path', '/tmp/tmp27dhgj96']
[2025-11-01T20:14:20.200+0000] {standard_task_runner.py:88} INFO - Job 171: Subtask dbt_run_linktx
[2025-11-01T20:14:20.280+0000] {task_command.py:423} INFO - Running <TaskInstance: silver_transformation_pipeline.dbt_run_linktx scheduled__2025-10-10T00:00:00+00:00 [running]> on host 1a955fda0cfd
[2025-11-01T20:14:20.381+0000] {taskinstance.py:2480} INFO - Exporting env vars: AIRFLOW_CTX_DAG_OWNER='***' AIRFLOW_CTX_DAG_ID='silver_transformation_pipeline' AIRFLOW_CTX_TASK_ID='dbt_run_linktx' AIRFLOW_CTX_EXECUTION_DATE='2025-10-10T00:00:00+00:00' AIRFLOW_CTX_TRY_NUMBER='1' AIRFLOW_CTX_DAG_RUN_ID='scheduled__2025-10-10T00:00:00+00:00'
[2025-11-01T20:14:22.514+0000] {local_task_job_runner.py:121} ERROR - Received SIGTERM. Terminating subprocesses
[2025-11-01T20:14:22.532+0000] {process_utils.py:131} INFO - Sending 15 to group 1731. PIDs of all processes in the group: [1733, 1731]
[2025-11-01T20:14:22.536+0000] {process_utils.py:86} INFO - Sending the signal 15 to group 1731
[2025-11-01T20:14:22.548+0000] {taskinstance.py:2450} ERROR - Received SIGTERM. Terminating subprocesses.
[2025-11-01T20:14:22.666+0000] {process_utils.py:79} INFO - Process psutil.Process(pid=1733, status='terminated', started='20:14:20') (1733) terminated with exit code None
[2025-11-01T20:14:22.714+0000] {taskinstance.py:2698} ERROR - Task failed with exception
Traceback (most recent call last):
  File "/home/airflow/.local/lib/python3.8/site-packages/airflow/models/taskinstance.py", line 433, in _execute_task
    result = execute_callable(context=context, **execute_callable_kwargs)
  File "/home/airflow/.local/lib/python3.8/site-packages/airflow/operators/python.py", line 199, in execute
    return_value = self.execute_callable()
  File "/home/airflow/.local/lib/python3.8/site-packages/airflow/operators/python.py", line 216, in execute_callable
    return self.python_callable(*self.op_args, **self.op_kwargs)
  File "/opt/airflow/dags/silver_dag.py", line 148, in _run_dbt
    proc = subprocess.run(args, text=True, capture_output=True)
  File "/usr/local/lib/python3.8/subprocess.py", line 495, in run
    stdout, stderr = process.communicate(input, timeout=timeout)
  File "/usr/local/lib/python3.8/subprocess.py", line 1028, in communicate
    stdout, stderr = self._communicate(input, endtime, timeout)
  File "/usr/local/lib/python3.8/subprocess.py", line 1884, in _communicate
    ready = selector.select(timeout)
  File "/usr/local/lib/python3.8/selectors.py", line 415, in select
    fd_event_list = self._selector.poll(timeout)
  File "/home/airflow/.local/lib/python3.8/site-packages/airflow/models/taskinstance.py", line 2452, in signal_handler
    raise AirflowException("Task received SIGTERM signal")
airflow.exceptions.AirflowException: Task received SIGTERM signal
[2025-11-01T20:14:22.777+0000] {taskinstance.py:1138} INFO - Marking task as UP_FOR_RETRY. dag_id=silver_transformation_pipeline, task_id=dbt_run_linktx, execution_date=20251010T000000, start_date=20251101T201420, end_date=20251101T201422
[2025-11-01T20:14:22.846+0000] {standard_task_runner.py:107} ERROR - Failed to execute job 171 for task dbt_run_linktx (Task received SIGTERM signal; 1731)
[2025-11-01T20:14:22.898+0000] {process_utils.py:79} INFO - Process psutil.Process(pid=1731, status='terminated', exitcode=1, started='20:14:20') (1731) terminated with exit code 1
[2025-11-01T20:14:22.901+0000] {local_task_job_runner.py:234} INFO - Task exited with return code 143
[2025-11-01T20:14:22.959+0000] {taskinstance.py:3280} INFO - 0 downstream tasks scheduled from follow-on schedule check
[2025-11-01T20:21:04.459+0000] {taskinstance.py:1956} INFO - Dependencies all met for dep_context=non-requeueable deps ti=<TaskInstance: silver_transformation_pipeline.dbt_run_linktx scheduled__2025-10-10T00:00:00+00:00 [queued]>
[2025-11-01T20:21:04.472+0000] {taskinstance.py:1956} INFO - Dependencies all met for dep_context=requeueable deps ti=<TaskInstance: silver_transformation_pipeline.dbt_run_linktx scheduled__2025-10-10T00:00:00+00:00 [queued]>
[2025-11-01T20:21:04.473+0000] {taskinstance.py:2170} INFO - Starting attempt 1 of 2
[2025-11-01T20:21:04.499+0000] {taskinstance.py:2191} INFO - Executing <Task(PythonOperator): dbt_run_linktx> on 2025-10-10 00:00:00+00:00
[2025-11-01T20:21:04.506+0000] {standard_task_runner.py:60} INFO - Started process 1394 to run task
[2025-11-01T20:21:04.514+0000] {standard_task_runner.py:87} INFO - Running: ['***', 'tasks', 'run', 'silver_transformation_pipeline', 'dbt_run_linktx', 'scheduled__2025-10-10T00:00:00+00:00', '--job-id', '165', '--raw', '--subdir', 'DAGS_FOLDER/silver_dag.py', '--cfg-path', '/tmp/tmpvv9ptdln']
[2025-11-01T20:21:04.518+0000] {standard_task_runner.py:88} INFO - Job 165: Subtask dbt_run_linktx
[2025-11-01T20:21:04.690+0000] {task_command.py:423} INFO - Running <TaskInstance: silver_transformation_pipeline.dbt_run_linktx scheduled__2025-10-10T00:00:00+00:00 [running]> on host 6335aa85b335
[2025-11-01T20:21:04.805+0000] {taskinstance.py:2480} INFO - Exporting env vars: AIRFLOW_CTX_DAG_OWNER='***' AIRFLOW_CTX_DAG_ID='silver_transformation_pipeline' AIRFLOW_CTX_TASK_ID='dbt_run_linktx' AIRFLOW_CTX_EXECUTION_DATE='2025-10-10T00:00:00+00:00' AIRFLOW_CTX_TRY_NUMBER='1' AIRFLOW_CTX_DAG_RUN_ID='scheduled__2025-10-10T00:00:00+00:00'
[2025-11-01T20:21:12.806+0000] {python.py:201} INFO - Done. Returned value was: None
[2025-11-01T20:21:12.825+0000] {taskinstance.py:1138} INFO - Marking task as SUCCESS. dag_id=silver_transformation_pipeline, task_id=dbt_run_linktx, execution_date=20251010T000000, start_date=20251101T202104, end_date=20251101T202112
[2025-11-01T20:21:12.893+0000] {local_task_job_runner.py:234} INFO - Task exited with return code 0
[2025-11-01T20:21:12.920+0000] {taskinstance.py:3280} INFO - 0 downstream tasks scheduled from follow-on schedule check
