[2025-10-31T19:06:47.817+0000] {taskinstance.py:1956} INFO - Dependencies all met for dep_context=non-requeueable deps ti=<TaskInstance: ingestion_pipeline.silver_dbt.dbt_deps scheduled__2025-10-30T00:00:00+00:00 [queued]>
[2025-10-31T19:06:47.827+0000] {taskinstance.py:1956} INFO - Dependencies all met for dep_context=requeueable deps ti=<TaskInstance: ingestion_pipeline.silver_dbt.dbt_deps scheduled__2025-10-30T00:00:00+00:00 [queued]>
[2025-10-31T19:06:47.828+0000] {taskinstance.py:2170} INFO - Starting attempt 2 of 2
[2025-10-31T19:06:47.844+0000] {taskinstance.py:2191} INFO - Executing <Task(BashOperator): silver_dbt.dbt_deps> on 2025-10-30 00:00:00+00:00
[2025-10-31T19:06:47.849+0000] {standard_task_runner.py:60} INFO - Started process 797 to run task
[2025-10-31T19:06:47.852+0000] {standard_task_runner.py:87} INFO - Running: ['***', 'tasks', 'run', 'ingestion_pipeline', 'silver_dbt.dbt_deps', 'scheduled__2025-10-30T00:00:00+00:00', '--job-id', '32', '--raw', '--subdir', 'DAGS_FOLDER/ingestion_dag.py', '--cfg-path', '/tmp/tmpc7evgubk']
[2025-10-31T19:06:47.855+0000] {standard_task_runner.py:88} INFO - Job 32: Subtask silver_dbt.dbt_deps
[2025-10-31T19:06:47.926+0000] {task_command.py:423} INFO - Running <TaskInstance: ingestion_pipeline.silver_dbt.dbt_deps scheduled__2025-10-30T00:00:00+00:00 [running]> on host fe1087a1e328
[2025-10-31T19:06:48.006+0000] {taskinstance.py:2480} INFO - Exporting env vars: AIRFLOW_CTX_DAG_OWNER='***' AIRFLOW_CTX_DAG_ID='ingestion_pipeline' AIRFLOW_CTX_TASK_ID='silver_dbt.dbt_deps' AIRFLOW_CTX_EXECUTION_DATE='2025-10-30T00:00:00+00:00' AIRFLOW_CTX_TRY_NUMBER='2' AIRFLOW_CTX_DAG_RUN_ID='scheduled__2025-10-30T00:00:00+00:00'
[2025-10-31T19:06:48.008+0000] {subprocess.py:63} INFO - Tmp dir root location: /tmp
[2025-10-31T19:06:48.010+0000] {subprocess.py:75} INFO - Running command: ['/usr/bin/bash', '-c', "docker exec -i dbt bash -lc 'cd /dbt && dbt --no-use-colors deps --profiles-dir /dbt'"]
[2025-10-31T19:06:48.020+0000] {subprocess.py:86} INFO - Output:
[2025-10-31T19:06:49.924+0000] {subprocess.py:93} INFO - 19:06:49  Running with dbt=1.10.13
[2025-10-31T19:06:50.030+0000] {subprocess.py:93} INFO - 19:06:50  Warning: No packages were found in packages.yml
[2025-10-31T19:06:50.037+0000] {subprocess.py:93} INFO - 19:06:50  Warning: No packages were found in packages.yml
[2025-10-31T19:06:50.847+0000] {subprocess.py:97} INFO - Command exited with return code 0
[2025-10-31T19:06:50.884+0000] {taskinstance.py:1138} INFO - Marking task as SUCCESS. dag_id=ingestion_pipeline, task_id=silver_dbt.dbt_deps, execution_date=20251030T000000, start_date=20251031T190647, end_date=20251031T190650
[2025-10-31T19:06:50.928+0000] {local_task_job_runner.py:234} INFO - Task exited with return code 0
[2025-10-31T19:06:50.951+0000] {taskinstance.py:3280} INFO - 2 downstream tasks scheduled from follow-on schedule check
[2025-10-31T19:39:39.113+0000] {taskinstance.py:1956} INFO - Dependencies all met for dep_context=non-requeueable deps ti=<TaskInstance: ingestion_pipeline.silver_dbt.dbt_deps scheduled__2025-10-30T00:00:00+00:00 [queued]>
[2025-10-31T19:39:39.124+0000] {taskinstance.py:1956} INFO - Dependencies all met for dep_context=requeueable deps ti=<TaskInstance: ingestion_pipeline.silver_dbt.dbt_deps scheduled__2025-10-30T00:00:00+00:00 [queued]>
[2025-10-31T19:39:39.124+0000] {taskinstance.py:2170} INFO - Starting attempt 2 of 2
[2025-10-31T19:39:39.139+0000] {taskinstance.py:2191} INFO - Executing <Task(BashOperator): silver_dbt.dbt_deps> on 2025-10-30 00:00:00+00:00
[2025-10-31T19:39:39.143+0000] {standard_task_runner.py:60} INFO - Started process 843 to run task
[2025-10-31T19:39:39.147+0000] {standard_task_runner.py:87} INFO - Running: ['***', 'tasks', 'run', 'ingestion_pipeline', 'silver_dbt.dbt_deps', 'scheduled__2025-10-30T00:00:00+00:00', '--job-id', '16', '--raw', '--subdir', 'DAGS_FOLDER/ingestion_dag.py', '--cfg-path', '/tmp/tmpk4e7p5yf']
[2025-10-31T19:39:39.150+0000] {standard_task_runner.py:88} INFO - Job 16: Subtask silver_dbt.dbt_deps
[2025-10-31T19:39:39.234+0000] {task_command.py:423} INFO - Running <TaskInstance: ingestion_pipeline.silver_dbt.dbt_deps scheduled__2025-10-30T00:00:00+00:00 [running]> on host 3ff65ab69399
[2025-10-31T19:39:39.321+0000] {taskinstance.py:2480} INFO - Exporting env vars: AIRFLOW_CTX_DAG_OWNER='***' AIRFLOW_CTX_DAG_ID='ingestion_pipeline' AIRFLOW_CTX_TASK_ID='silver_dbt.dbt_deps' AIRFLOW_CTX_EXECUTION_DATE='2025-10-30T00:00:00+00:00' AIRFLOW_CTX_TRY_NUMBER='2' AIRFLOW_CTX_DAG_RUN_ID='scheduled__2025-10-30T00:00:00+00:00'
[2025-10-31T19:39:39.323+0000] {subprocess.py:63} INFO - Tmp dir root location: /tmp
[2025-10-31T19:39:39.324+0000] {subprocess.py:75} INFO - Running command: ['/usr/bin/bash', '-c', "docker exec -i dbt bash -lc 'cd /dbt && dbt --no-use-colors deps --profiles-dir /dbt'"]
[2025-10-31T19:39:39.333+0000] {subprocess.py:86} INFO - Output:
[2025-10-31T19:39:40.793+0000] {subprocess.py:93} INFO - 19:39:40  Running with dbt=1.10.13
[2025-10-31T19:39:40.907+0000] {subprocess.py:93} INFO - 19:39:40  Warning: No packages were found in packages.yml
[2025-10-31T19:39:40.915+0000] {subprocess.py:93} INFO - 19:39:40  Warning: No packages were found in packages.yml
[2025-10-31T19:39:41.771+0000] {subprocess.py:97} INFO - Command exited with return code 0
[2025-10-31T19:39:41.808+0000] {taskinstance.py:1138} INFO - Marking task as SUCCESS. dag_id=ingestion_pipeline, task_id=silver_dbt.dbt_deps, execution_date=20251030T000000, start_date=20251031T193939, end_date=20251031T193941
[2025-10-31T19:39:41.856+0000] {local_task_job_runner.py:234} INFO - Task exited with return code 0
[2025-10-31T19:39:41.880+0000] {taskinstance.py:3280} INFO - 2 downstream tasks scheduled from follow-on schedule check
[2025-10-31T21:10:59.049+0000] {taskinstance.py:1956} INFO - Dependencies all met for dep_context=non-requeueable deps ti=<TaskInstance: ingestion_pipeline.silver_dbt.dbt_deps scheduled__2025-10-30T00:00:00+00:00 [queued]>
[2025-10-31T21:10:59.058+0000] {taskinstance.py:1956} INFO - Dependencies all met for dep_context=requeueable deps ti=<TaskInstance: ingestion_pipeline.silver_dbt.dbt_deps scheduled__2025-10-30T00:00:00+00:00 [queued]>
[2025-10-31T21:10:59.059+0000] {taskinstance.py:2170} INFO - Starting attempt 2 of 2
[2025-10-31T21:10:59.073+0000] {taskinstance.py:2191} INFO - Executing <Task(BashOperator): silver_dbt.dbt_deps> on 2025-10-30 00:00:00+00:00
[2025-10-31T21:10:59.078+0000] {standard_task_runner.py:60} INFO - Started process 773 to run task
[2025-10-31T21:10:59.081+0000] {standard_task_runner.py:87} INFO - Running: ['***', 'tasks', 'run', 'ingestion_pipeline', 'silver_dbt.dbt_deps', 'scheduled__2025-10-30T00:00:00+00:00', '--job-id', '24', '--raw', '--subdir', 'DAGS_FOLDER/ingestion_dag.py', '--cfg-path', '/tmp/tmpvhe2rqr8']
[2025-10-31T21:10:59.084+0000] {standard_task_runner.py:88} INFO - Job 24: Subtask silver_dbt.dbt_deps
[2025-10-31T21:10:59.170+0000] {task_command.py:423} INFO - Running <TaskInstance: ingestion_pipeline.silver_dbt.dbt_deps scheduled__2025-10-30T00:00:00+00:00 [running]> on host c45a3ec2f76e
[2025-10-31T21:10:59.259+0000] {taskinstance.py:2480} INFO - Exporting env vars: AIRFLOW_CTX_DAG_OWNER='***' AIRFLOW_CTX_DAG_ID='ingestion_pipeline' AIRFLOW_CTX_TASK_ID='silver_dbt.dbt_deps' AIRFLOW_CTX_EXECUTION_DATE='2025-10-30T00:00:00+00:00' AIRFLOW_CTX_TRY_NUMBER='2' AIRFLOW_CTX_DAG_RUN_ID='scheduled__2025-10-30T00:00:00+00:00'
[2025-10-31T21:10:59.261+0000] {subprocess.py:63} INFO - Tmp dir root location: /tmp
[2025-10-31T21:10:59.263+0000] {subprocess.py:75} INFO - Running command: ['/usr/bin/bash', '-c', "docker exec -i dbt bash -lc 'cd /dbt && dbt --no-use-colors deps --profiles-dir /dbt'"]
[2025-10-31T21:10:59.273+0000] {subprocess.py:86} INFO - Output:
[2025-10-31T21:11:00.894+0000] {subprocess.py:93} INFO - 21:11:00  Running with dbt=1.10.13
[2025-10-31T21:11:00.999+0000] {subprocess.py:93} INFO - 21:11:00  Warning: No packages were found in packages.yml
[2025-10-31T21:11:01.007+0000] {subprocess.py:93} INFO - 21:11:01  Warning: No packages were found in packages.yml
[2025-10-31T21:11:01.809+0000] {subprocess.py:97} INFO - Command exited with return code 0
[2025-10-31T21:11:01.839+0000] {taskinstance.py:1138} INFO - Marking task as SUCCESS. dag_id=ingestion_pipeline, task_id=silver_dbt.dbt_deps, execution_date=20251030T000000, start_date=20251031T211059, end_date=20251031T211101
[2025-10-31T21:11:01.871+0000] {local_task_job_runner.py:234} INFO - Task exited with return code 0
[2025-10-31T21:11:01.896+0000] {taskinstance.py:3280} INFO - 2 downstream tasks scheduled from follow-on schedule check
