[2025-11-09T00:16:12.414+0000] {processor.py:161} INFO - Started process (PID=62914) to work on /opt/airflow/dags/pipelines/payments_to_clickhouse.py
[2025-11-09T00:16:12.420+0000] {processor.py:830} INFO - Processing file /opt/airflow/dags/pipelines/payments_to_clickhouse.py for tasks to queue
[2025-11-09T00:16:12.430+0000] {logging_mixin.py:188} INFO - [2025-11-09T00:16:12.423+0000] {dagbag.py:538} INFO - Filling up the DagBag from /opt/airflow/dags/pipelines/payments_to_clickhouse.py
[2025-11-09T00:16:12.666+0000] {processor.py:842} WARNING - No viable dags retrieved from /opt/airflow/dags/pipelines/payments_to_clickhouse.py
[2025-11-09T00:16:12.869+0000] {processor.py:183} INFO - Processing /opt/airflow/dags/pipelines/payments_to_clickhouse.py took 0.472 seconds
[2025-11-09T00:16:47.680+0000] {processor.py:161} INFO - Started process (PID=63031) to work on /opt/airflow/dags/pipelines/payments_to_clickhouse.py
[2025-11-09T00:16:47.682+0000] {processor.py:830} INFO - Processing file /opt/airflow/dags/pipelines/payments_to_clickhouse.py for tasks to queue
[2025-11-09T00:16:47.684+0000] {logging_mixin.py:188} INFO - [2025-11-09T00:16:47.684+0000] {dagbag.py:538} INFO - Filling up the DagBag from /opt/airflow/dags/pipelines/payments_to_clickhouse.py
[2025-11-09T00:16:47.713+0000] {processor.py:842} WARNING - No viable dags retrieved from /opt/airflow/dags/pipelines/payments_to_clickhouse.py
[2025-11-09T00:16:47.746+0000] {processor.py:183} INFO - Processing /opt/airflow/dags/pipelines/payments_to_clickhouse.py took 0.070 seconds
[2025-11-09T00:17:17.919+0000] {processor.py:161} INFO - Started process (PID=63066) to work on /opt/airflow/dags/pipelines/payments_to_clickhouse.py
[2025-11-09T00:17:17.921+0000] {processor.py:830} INFO - Processing file /opt/airflow/dags/pipelines/payments_to_clickhouse.py for tasks to queue
[2025-11-09T00:17:17.922+0000] {logging_mixin.py:188} INFO - [2025-11-09T00:17:17.922+0000] {dagbag.py:538} INFO - Filling up the DagBag from /opt/airflow/dags/pipelines/payments_to_clickhouse.py
[2025-11-09T00:17:17.952+0000] {processor.py:842} WARNING - No viable dags retrieved from /opt/airflow/dags/pipelines/payments_to_clickhouse.py
[2025-11-09T00:17:17.968+0000] {processor.py:183} INFO - Processing /opt/airflow/dags/pipelines/payments_to_clickhouse.py took 0.053 seconds
[2025-11-09T00:17:48.155+0000] {processor.py:161} INFO - Started process (PID=63101) to work on /opt/airflow/dags/pipelines/payments_to_clickhouse.py
[2025-11-09T00:17:48.157+0000] {processor.py:830} INFO - Processing file /opt/airflow/dags/pipelines/payments_to_clickhouse.py for tasks to queue
[2025-11-09T00:17:48.158+0000] {logging_mixin.py:188} INFO - [2025-11-09T00:17:48.158+0000] {dagbag.py:538} INFO - Filling up the DagBag from /opt/airflow/dags/pipelines/payments_to_clickhouse.py
[2025-11-09T00:17:48.202+0000] {processor.py:842} WARNING - No viable dags retrieved from /opt/airflow/dags/pipelines/payments_to_clickhouse.py
[2025-11-09T00:17:48.222+0000] {processor.py:183} INFO - Processing /opt/airflow/dags/pipelines/payments_to_clickhouse.py took 0.070 seconds
[2025-11-09T00:18:18.455+0000] {processor.py:161} INFO - Started process (PID=63136) to work on /opt/airflow/dags/pipelines/payments_to_clickhouse.py
[2025-11-09T00:18:18.457+0000] {processor.py:830} INFO - Processing file /opt/airflow/dags/pipelines/payments_to_clickhouse.py for tasks to queue
[2025-11-09T00:18:18.459+0000] {logging_mixin.py:188} INFO - [2025-11-09T00:18:18.459+0000] {dagbag.py:538} INFO - Filling up the DagBag from /opt/airflow/dags/pipelines/payments_to_clickhouse.py
[2025-11-09T00:18:18.495+0000] {processor.py:842} WARNING - No viable dags retrieved from /opt/airflow/dags/pipelines/payments_to_clickhouse.py
[2025-11-09T00:18:18.516+0000] {processor.py:183} INFO - Processing /opt/airflow/dags/pipelines/payments_to_clickhouse.py took 0.064 seconds
[2025-11-09T00:18:48.663+0000] {processor.py:161} INFO - Started process (PID=63171) to work on /opt/airflow/dags/pipelines/payments_to_clickhouse.py
[2025-11-09T00:18:48.666+0000] {processor.py:830} INFO - Processing file /opt/airflow/dags/pipelines/payments_to_clickhouse.py for tasks to queue
[2025-11-09T00:18:48.667+0000] {logging_mixin.py:188} INFO - [2025-11-09T00:18:48.667+0000] {dagbag.py:538} INFO - Filling up the DagBag from /opt/airflow/dags/pipelines/payments_to_clickhouse.py
[2025-11-09T00:18:48.703+0000] {processor.py:842} WARNING - No viable dags retrieved from /opt/airflow/dags/pipelines/payments_to_clickhouse.py
[2025-11-09T00:18:48.723+0000] {processor.py:183} INFO - Processing /opt/airflow/dags/pipelines/payments_to_clickhouse.py took 0.063 seconds
[2025-11-09T00:19:18.835+0000] {processor.py:161} INFO - Started process (PID=63206) to work on /opt/airflow/dags/pipelines/payments_to_clickhouse.py
[2025-11-09T00:19:18.837+0000] {processor.py:830} INFO - Processing file /opt/airflow/dags/pipelines/payments_to_clickhouse.py for tasks to queue
[2025-11-09T00:19:18.839+0000] {logging_mixin.py:188} INFO - [2025-11-09T00:19:18.839+0000] {dagbag.py:538} INFO - Filling up the DagBag from /opt/airflow/dags/pipelines/payments_to_clickhouse.py
[2025-11-09T00:19:18.871+0000] {processor.py:842} WARNING - No viable dags retrieved from /opt/airflow/dags/pipelines/payments_to_clickhouse.py
[2025-11-09T00:19:18.887+0000] {processor.py:183} INFO - Processing /opt/airflow/dags/pipelines/payments_to_clickhouse.py took 0.058 seconds
[2025-11-09T00:19:48.981+0000] {processor.py:161} INFO - Started process (PID=63241) to work on /opt/airflow/dags/pipelines/payments_to_clickhouse.py
[2025-11-09T00:19:48.983+0000] {processor.py:830} INFO - Processing file /opt/airflow/dags/pipelines/payments_to_clickhouse.py for tasks to queue
[2025-11-09T00:19:48.986+0000] {logging_mixin.py:188} INFO - [2025-11-09T00:19:48.985+0000] {dagbag.py:538} INFO - Filling up the DagBag from /opt/airflow/dags/pipelines/payments_to_clickhouse.py
[2025-11-09T00:19:49.018+0000] {processor.py:842} WARNING - No viable dags retrieved from /opt/airflow/dags/pipelines/payments_to_clickhouse.py
[2025-11-09T00:19:49.038+0000] {processor.py:183} INFO - Processing /opt/airflow/dags/pipelines/payments_to_clickhouse.py took 0.063 seconds
[2025-11-09T00:20:19.210+0000] {processor.py:161} INFO - Started process (PID=63276) to work on /opt/airflow/dags/pipelines/payments_to_clickhouse.py
[2025-11-09T00:20:19.212+0000] {processor.py:830} INFO - Processing file /opt/airflow/dags/pipelines/payments_to_clickhouse.py for tasks to queue
[2025-11-09T00:20:19.213+0000] {logging_mixin.py:188} INFO - [2025-11-09T00:20:19.213+0000] {dagbag.py:538} INFO - Filling up the DagBag from /opt/airflow/dags/pipelines/payments_to_clickhouse.py
[2025-11-09T00:20:19.250+0000] {processor.py:842} WARNING - No viable dags retrieved from /opt/airflow/dags/pipelines/payments_to_clickhouse.py
[2025-11-09T00:20:19.266+0000] {processor.py:183} INFO - Processing /opt/airflow/dags/pipelines/payments_to_clickhouse.py took 0.059 seconds
[2025-11-09T00:20:49.387+0000] {processor.py:161} INFO - Started process (PID=63311) to work on /opt/airflow/dags/pipelines/payments_to_clickhouse.py
[2025-11-09T00:20:49.389+0000] {processor.py:830} INFO - Processing file /opt/airflow/dags/pipelines/payments_to_clickhouse.py for tasks to queue
[2025-11-09T00:20:49.391+0000] {logging_mixin.py:188} INFO - [2025-11-09T00:20:49.391+0000] {dagbag.py:538} INFO - Filling up the DagBag from /opt/airflow/dags/pipelines/payments_to_clickhouse.py
[2025-11-09T00:20:49.431+0000] {processor.py:842} WARNING - No viable dags retrieved from /opt/airflow/dags/pipelines/payments_to_clickhouse.py
[2025-11-09T00:20:49.454+0000] {processor.py:183} INFO - Processing /opt/airflow/dags/pipelines/payments_to_clickhouse.py took 0.071 seconds
[2025-11-09T00:21:20.043+0000] {processor.py:161} INFO - Started process (PID=63346) to work on /opt/airflow/dags/pipelines/payments_to_clickhouse.py
[2025-11-09T00:21:20.044+0000] {processor.py:830} INFO - Processing file /opt/airflow/dags/pipelines/payments_to_clickhouse.py for tasks to queue
[2025-11-09T00:21:20.046+0000] {logging_mixin.py:188} INFO - [2025-11-09T00:21:20.045+0000] {dagbag.py:538} INFO - Filling up the DagBag from /opt/airflow/dags/pipelines/payments_to_clickhouse.py
[2025-11-09T00:21:20.070+0000] {processor.py:842} WARNING - No viable dags retrieved from /opt/airflow/dags/pipelines/payments_to_clickhouse.py
[2025-11-09T00:21:20.091+0000] {processor.py:183} INFO - Processing /opt/airflow/dags/pipelines/payments_to_clickhouse.py took 0.053 seconds
[2025-11-09T00:21:50.281+0000] {processor.py:161} INFO - Started process (PID=63381) to work on /opt/airflow/dags/pipelines/payments_to_clickhouse.py
[2025-11-09T00:21:50.283+0000] {processor.py:830} INFO - Processing file /opt/airflow/dags/pipelines/payments_to_clickhouse.py for tasks to queue
[2025-11-09T00:21:50.284+0000] {logging_mixin.py:188} INFO - [2025-11-09T00:21:50.284+0000] {dagbag.py:538} INFO - Filling up the DagBag from /opt/airflow/dags/pipelines/payments_to_clickhouse.py
[2025-11-09T00:21:50.317+0000] {processor.py:842} WARNING - No viable dags retrieved from /opt/airflow/dags/pipelines/payments_to_clickhouse.py
[2025-11-09T00:21:50.337+0000] {processor.py:183} INFO - Processing /opt/airflow/dags/pipelines/payments_to_clickhouse.py took 0.059 seconds
[2025-11-09T00:22:20.866+0000] {processor.py:161} INFO - Started process (PID=63416) to work on /opt/airflow/dags/pipelines/payments_to_clickhouse.py
[2025-11-09T00:22:20.868+0000] {processor.py:830} INFO - Processing file /opt/airflow/dags/pipelines/payments_to_clickhouse.py for tasks to queue
[2025-11-09T00:22:20.869+0000] {logging_mixin.py:188} INFO - [2025-11-09T00:22:20.869+0000] {dagbag.py:538} INFO - Filling up the DagBag from /opt/airflow/dags/pipelines/payments_to_clickhouse.py
[2025-11-09T00:22:20.902+0000] {processor.py:842} WARNING - No viable dags retrieved from /opt/airflow/dags/pipelines/payments_to_clickhouse.py
[2025-11-09T00:22:20.921+0000] {processor.py:183} INFO - Processing /opt/airflow/dags/pipelines/payments_to_clickhouse.py took 0.059 seconds
[2025-11-09T00:22:51.015+0000] {processor.py:161} INFO - Started process (PID=63451) to work on /opt/airflow/dags/pipelines/payments_to_clickhouse.py
[2025-11-09T00:22:51.017+0000] {processor.py:830} INFO - Processing file /opt/airflow/dags/pipelines/payments_to_clickhouse.py for tasks to queue
[2025-11-09T00:22:51.018+0000] {logging_mixin.py:188} INFO - [2025-11-09T00:22:51.018+0000] {dagbag.py:538} INFO - Filling up the DagBag from /opt/airflow/dags/pipelines/payments_to_clickhouse.py
[2025-11-09T00:22:51.044+0000] {processor.py:842} WARNING - No viable dags retrieved from /opt/airflow/dags/pipelines/payments_to_clickhouse.py
[2025-11-09T00:22:51.062+0000] {processor.py:183} INFO - Processing /opt/airflow/dags/pipelines/payments_to_clickhouse.py took 0.050 seconds
[2025-11-09T00:23:21.295+0000] {processor.py:161} INFO - Started process (PID=63486) to work on /opt/airflow/dags/pipelines/payments_to_clickhouse.py
[2025-11-09T00:23:21.296+0000] {processor.py:830} INFO - Processing file /opt/airflow/dags/pipelines/payments_to_clickhouse.py for tasks to queue
[2025-11-09T00:23:21.298+0000] {logging_mixin.py:188} INFO - [2025-11-09T00:23:21.297+0000] {dagbag.py:538} INFO - Filling up the DagBag from /opt/airflow/dags/pipelines/payments_to_clickhouse.py
[2025-11-09T00:23:21.326+0000] {processor.py:842} WARNING - No viable dags retrieved from /opt/airflow/dags/pipelines/payments_to_clickhouse.py
[2025-11-09T00:23:21.345+0000] {processor.py:183} INFO - Processing /opt/airflow/dags/pipelines/payments_to_clickhouse.py took 0.053 seconds
[2025-11-09T00:23:51.569+0000] {processor.py:161} INFO - Started process (PID=63521) to work on /opt/airflow/dags/pipelines/payments_to_clickhouse.py
[2025-11-09T00:23:51.573+0000] {processor.py:830} INFO - Processing file /opt/airflow/dags/pipelines/payments_to_clickhouse.py for tasks to queue
[2025-11-09T00:23:51.575+0000] {logging_mixin.py:188} INFO - [2025-11-09T00:23:51.575+0000] {dagbag.py:538} INFO - Filling up the DagBag from /opt/airflow/dags/pipelines/payments_to_clickhouse.py
[2025-11-09T00:23:51.604+0000] {processor.py:842} WARNING - No viable dags retrieved from /opt/airflow/dags/pipelines/payments_to_clickhouse.py
[2025-11-09T00:23:51.624+0000] {processor.py:183} INFO - Processing /opt/airflow/dags/pipelines/payments_to_clickhouse.py took 0.060 seconds
[2025-11-09T00:24:21.840+0000] {processor.py:161} INFO - Started process (PID=63556) to work on /opt/airflow/dags/pipelines/payments_to_clickhouse.py
[2025-11-09T00:24:21.843+0000] {processor.py:830} INFO - Processing file /opt/airflow/dags/pipelines/payments_to_clickhouse.py for tasks to queue
[2025-11-09T00:24:21.844+0000] {logging_mixin.py:188} INFO - [2025-11-09T00:24:21.844+0000] {dagbag.py:538} INFO - Filling up the DagBag from /opt/airflow/dags/pipelines/payments_to_clickhouse.py
[2025-11-09T00:24:21.885+0000] {processor.py:842} WARNING - No viable dags retrieved from /opt/airflow/dags/pipelines/payments_to_clickhouse.py
[2025-11-09T00:24:21.908+0000] {processor.py:183} INFO - Processing /opt/airflow/dags/pipelines/payments_to_clickhouse.py took 0.073 seconds
[2025-11-09T00:24:52.249+0000] {processor.py:161} INFO - Started process (PID=63591) to work on /opt/airflow/dags/pipelines/payments_to_clickhouse.py
[2025-11-09T00:24:52.251+0000] {processor.py:830} INFO - Processing file /opt/airflow/dags/pipelines/payments_to_clickhouse.py for tasks to queue
[2025-11-09T00:24:52.255+0000] {logging_mixin.py:188} INFO - [2025-11-09T00:24:52.254+0000] {dagbag.py:538} INFO - Filling up the DagBag from /opt/airflow/dags/pipelines/payments_to_clickhouse.py
[2025-11-09T00:24:52.300+0000] {processor.py:842} WARNING - No viable dags retrieved from /opt/airflow/dags/pipelines/payments_to_clickhouse.py
[2025-11-09T00:24:52.328+0000] {processor.py:183} INFO - Processing /opt/airflow/dags/pipelines/payments_to_clickhouse.py took 0.085 seconds
[2025-11-09T00:25:22.433+0000] {processor.py:161} INFO - Started process (PID=63626) to work on /opt/airflow/dags/pipelines/payments_to_clickhouse.py
[2025-11-09T00:25:22.435+0000] {processor.py:830} INFO - Processing file /opt/airflow/dags/pipelines/payments_to_clickhouse.py for tasks to queue
[2025-11-09T00:25:22.436+0000] {logging_mixin.py:188} INFO - [2025-11-09T00:25:22.436+0000] {dagbag.py:538} INFO - Filling up the DagBag from /opt/airflow/dags/pipelines/payments_to_clickhouse.py
[2025-11-09T00:25:22.455+0000] {processor.py:842} WARNING - No viable dags retrieved from /opt/airflow/dags/pipelines/payments_to_clickhouse.py
[2025-11-09T00:25:22.477+0000] {processor.py:183} INFO - Processing /opt/airflow/dags/pipelines/payments_to_clickhouse.py took 0.047 seconds
[2025-11-09T00:25:52.780+0000] {processor.py:161} INFO - Started process (PID=63661) to work on /opt/airflow/dags/pipelines/payments_to_clickhouse.py
[2025-11-09T00:25:52.782+0000] {processor.py:830} INFO - Processing file /opt/airflow/dags/pipelines/payments_to_clickhouse.py for tasks to queue
[2025-11-09T00:25:52.783+0000] {logging_mixin.py:188} INFO - [2025-11-09T00:25:52.783+0000] {dagbag.py:538} INFO - Filling up the DagBag from /opt/airflow/dags/pipelines/payments_to_clickhouse.py
[2025-11-09T00:25:52.826+0000] {processor.py:842} WARNING - No viable dags retrieved from /opt/airflow/dags/pipelines/payments_to_clickhouse.py
[2025-11-09T00:25:52.842+0000] {processor.py:183} INFO - Processing /opt/airflow/dags/pipelines/payments_to_clickhouse.py took 0.065 seconds
[2025-11-09T00:26:23.263+0000] {processor.py:161} INFO - Started process (PID=63696) to work on /opt/airflow/dags/pipelines/payments_to_clickhouse.py
[2025-11-09T00:26:23.264+0000] {processor.py:830} INFO - Processing file /opt/airflow/dags/pipelines/payments_to_clickhouse.py for tasks to queue
[2025-11-09T00:26:23.265+0000] {logging_mixin.py:188} INFO - [2025-11-09T00:26:23.265+0000] {dagbag.py:538} INFO - Filling up the DagBag from /opt/airflow/dags/pipelines/payments_to_clickhouse.py
[2025-11-09T00:26:23.289+0000] {processor.py:842} WARNING - No viable dags retrieved from /opt/airflow/dags/pipelines/payments_to_clickhouse.py
[2025-11-09T00:26:23.307+0000] {processor.py:183} INFO - Processing /opt/airflow/dags/pipelines/payments_to_clickhouse.py took 0.048 seconds
[2025-11-09T00:26:54.157+0000] {processor.py:161} INFO - Started process (PID=63731) to work on /opt/airflow/dags/pipelines/payments_to_clickhouse.py
[2025-11-09T00:26:54.159+0000] {processor.py:830} INFO - Processing file /opt/airflow/dags/pipelines/payments_to_clickhouse.py for tasks to queue
[2025-11-09T00:26:54.161+0000] {logging_mixin.py:188} INFO - [2025-11-09T00:26:54.160+0000] {dagbag.py:538} INFO - Filling up the DagBag from /opt/airflow/dags/pipelines/payments_to_clickhouse.py
[2025-11-09T00:26:54.187+0000] {processor.py:842} WARNING - No viable dags retrieved from /opt/airflow/dags/pipelines/payments_to_clickhouse.py
[2025-11-09T00:26:54.206+0000] {processor.py:183} INFO - Processing /opt/airflow/dags/pipelines/payments_to_clickhouse.py took 0.053 seconds
[2025-11-09T00:27:24.956+0000] {processor.py:161} INFO - Started process (PID=63766) to work on /opt/airflow/dags/pipelines/payments_to_clickhouse.py
[2025-11-09T00:27:24.958+0000] {processor.py:830} INFO - Processing file /opt/airflow/dags/pipelines/payments_to_clickhouse.py for tasks to queue
[2025-11-09T00:27:24.959+0000] {logging_mixin.py:188} INFO - [2025-11-09T00:27:24.959+0000] {dagbag.py:538} INFO - Filling up the DagBag from /opt/airflow/dags/pipelines/payments_to_clickhouse.py
[2025-11-09T00:27:24.991+0000] {processor.py:842} WARNING - No viable dags retrieved from /opt/airflow/dags/pipelines/payments_to_clickhouse.py
[2025-11-09T00:27:25.017+0000] {processor.py:183} INFO - Processing /opt/airflow/dags/pipelines/payments_to_clickhouse.py took 0.064 seconds
[2025-11-09T00:27:55.892+0000] {processor.py:161} INFO - Started process (PID=63801) to work on /opt/airflow/dags/pipelines/payments_to_clickhouse.py
[2025-11-09T00:27:55.894+0000] {processor.py:830} INFO - Processing file /opt/airflow/dags/pipelines/payments_to_clickhouse.py for tasks to queue
[2025-11-09T00:27:55.895+0000] {logging_mixin.py:188} INFO - [2025-11-09T00:27:55.895+0000] {dagbag.py:538} INFO - Filling up the DagBag from /opt/airflow/dags/pipelines/payments_to_clickhouse.py
[2025-11-09T00:27:55.912+0000] {processor.py:842} WARNING - No viable dags retrieved from /opt/airflow/dags/pipelines/payments_to_clickhouse.py
[2025-11-09T00:27:55.929+0000] {processor.py:183} INFO - Processing /opt/airflow/dags/pipelines/payments_to_clickhouse.py took 0.040 seconds
[2025-11-09T00:28:26.080+0000] {processor.py:161} INFO - Started process (PID=63836) to work on /opt/airflow/dags/pipelines/payments_to_clickhouse.py
[2025-11-09T00:28:26.083+0000] {processor.py:830} INFO - Processing file /opt/airflow/dags/pipelines/payments_to_clickhouse.py for tasks to queue
[2025-11-09T00:28:26.084+0000] {logging_mixin.py:188} INFO - [2025-11-09T00:28:26.084+0000] {dagbag.py:538} INFO - Filling up the DagBag from /opt/airflow/dags/pipelines/payments_to_clickhouse.py
[2025-11-09T00:28:26.143+0000] {processor.py:842} WARNING - No viable dags retrieved from /opt/airflow/dags/pipelines/payments_to_clickhouse.py
[2025-11-09T00:28:26.164+0000] {processor.py:183} INFO - Processing /opt/airflow/dags/pipelines/payments_to_clickhouse.py took 0.090 seconds
[2025-11-09T00:28:56.382+0000] {processor.py:161} INFO - Started process (PID=63871) to work on /opt/airflow/dags/pipelines/payments_to_clickhouse.py
[2025-11-09T00:28:56.384+0000] {processor.py:830} INFO - Processing file /opt/airflow/dags/pipelines/payments_to_clickhouse.py for tasks to queue
[2025-11-09T00:28:56.385+0000] {logging_mixin.py:188} INFO - [2025-11-09T00:28:56.385+0000] {dagbag.py:538} INFO - Filling up the DagBag from /opt/airflow/dags/pipelines/payments_to_clickhouse.py
[2025-11-09T00:28:56.421+0000] {processor.py:842} WARNING - No viable dags retrieved from /opt/airflow/dags/pipelines/payments_to_clickhouse.py
[2025-11-09T00:28:56.439+0000] {processor.py:183} INFO - Processing /opt/airflow/dags/pipelines/payments_to_clickhouse.py took 0.061 seconds
[2025-11-09T00:29:26.576+0000] {processor.py:161} INFO - Started process (PID=63906) to work on /opt/airflow/dags/pipelines/payments_to_clickhouse.py
[2025-11-09T00:29:26.578+0000] {processor.py:830} INFO - Processing file /opt/airflow/dags/pipelines/payments_to_clickhouse.py for tasks to queue
[2025-11-09T00:29:26.580+0000] {logging_mixin.py:188} INFO - [2025-11-09T00:29:26.579+0000] {dagbag.py:538} INFO - Filling up the DagBag from /opt/airflow/dags/pipelines/payments_to_clickhouse.py
[2025-11-09T00:29:26.610+0000] {processor.py:842} WARNING - No viable dags retrieved from /opt/airflow/dags/pipelines/payments_to_clickhouse.py
[2025-11-09T00:29:26.630+0000] {processor.py:183} INFO - Processing /opt/airflow/dags/pipelines/payments_to_clickhouse.py took 0.058 seconds
[2025-11-09T00:29:56.753+0000] {processor.py:161} INFO - Started process (PID=63941) to work on /opt/airflow/dags/pipelines/payments_to_clickhouse.py
[2025-11-09T00:29:56.754+0000] {processor.py:830} INFO - Processing file /opt/airflow/dags/pipelines/payments_to_clickhouse.py for tasks to queue
[2025-11-09T00:29:56.756+0000] {logging_mixin.py:188} INFO - [2025-11-09T00:29:56.756+0000] {dagbag.py:538} INFO - Filling up the DagBag from /opt/airflow/dags/pipelines/payments_to_clickhouse.py
[2025-11-09T00:29:56.799+0000] {processor.py:842} WARNING - No viable dags retrieved from /opt/airflow/dags/pipelines/payments_to_clickhouse.py
[2025-11-09T00:29:56.818+0000] {processor.py:183} INFO - Processing /opt/airflow/dags/pipelines/payments_to_clickhouse.py took 0.069 seconds
[2025-11-09T00:30:26.937+0000] {processor.py:161} INFO - Started process (PID=63976) to work on /opt/airflow/dags/pipelines/payments_to_clickhouse.py
[2025-11-09T00:30:26.939+0000] {processor.py:830} INFO - Processing file /opt/airflow/dags/pipelines/payments_to_clickhouse.py for tasks to queue
[2025-11-09T00:30:26.940+0000] {logging_mixin.py:188} INFO - [2025-11-09T00:30:26.940+0000] {dagbag.py:538} INFO - Filling up the DagBag from /opt/airflow/dags/pipelines/payments_to_clickhouse.py
[2025-11-09T00:30:26.968+0000] {processor.py:842} WARNING - No viable dags retrieved from /opt/airflow/dags/pipelines/payments_to_clickhouse.py
[2025-11-09T00:30:26.986+0000] {processor.py:183} INFO - Processing /opt/airflow/dags/pipelines/payments_to_clickhouse.py took 0.053 seconds
[2025-11-09T00:30:57.092+0000] {processor.py:161} INFO - Started process (PID=64011) to work on /opt/airflow/dags/pipelines/payments_to_clickhouse.py
[2025-11-09T00:30:57.094+0000] {processor.py:830} INFO - Processing file /opt/airflow/dags/pipelines/payments_to_clickhouse.py for tasks to queue
[2025-11-09T00:30:57.095+0000] {logging_mixin.py:188} INFO - [2025-11-09T00:30:57.095+0000] {dagbag.py:538} INFO - Filling up the DagBag from /opt/airflow/dags/pipelines/payments_to_clickhouse.py
[2025-11-09T00:30:57.121+0000] {processor.py:842} WARNING - No viable dags retrieved from /opt/airflow/dags/pipelines/payments_to_clickhouse.py
[2025-11-09T00:30:57.140+0000] {processor.py:183} INFO - Processing /opt/airflow/dags/pipelines/payments_to_clickhouse.py took 0.053 seconds
[2025-11-09T00:31:27.730+0000] {processor.py:161} INFO - Started process (PID=64046) to work on /opt/airflow/dags/pipelines/payments_to_clickhouse.py
[2025-11-09T00:31:27.732+0000] {processor.py:830} INFO - Processing file /opt/airflow/dags/pipelines/payments_to_clickhouse.py for tasks to queue
[2025-11-09T00:31:27.734+0000] {logging_mixin.py:188} INFO - [2025-11-09T00:31:27.733+0000] {dagbag.py:538} INFO - Filling up the DagBag from /opt/airflow/dags/pipelines/payments_to_clickhouse.py
[2025-11-09T00:31:27.769+0000] {processor.py:842} WARNING - No viable dags retrieved from /opt/airflow/dags/pipelines/payments_to_clickhouse.py
[2025-11-09T00:31:27.792+0000] {processor.py:183} INFO - Processing /opt/airflow/dags/pipelines/payments_to_clickhouse.py took 0.066 seconds
[2025-11-09T00:31:57.891+0000] {processor.py:161} INFO - Started process (PID=64081) to work on /opt/airflow/dags/pipelines/payments_to_clickhouse.py
[2025-11-09T00:31:57.893+0000] {processor.py:830} INFO - Processing file /opt/airflow/dags/pipelines/payments_to_clickhouse.py for tasks to queue
[2025-11-09T00:31:57.894+0000] {logging_mixin.py:188} INFO - [2025-11-09T00:31:57.894+0000] {dagbag.py:538} INFO - Filling up the DagBag from /opt/airflow/dags/pipelines/payments_to_clickhouse.py
[2025-11-09T00:31:57.924+0000] {processor.py:842} WARNING - No viable dags retrieved from /opt/airflow/dags/pipelines/payments_to_clickhouse.py
[2025-11-09T00:31:57.944+0000] {processor.py:183} INFO - Processing /opt/airflow/dags/pipelines/payments_to_clickhouse.py took 0.057 seconds
[2025-11-09T00:32:28.962+0000] {processor.py:161} INFO - Started process (PID=64116) to work on /opt/airflow/dags/pipelines/payments_to_clickhouse.py
[2025-11-09T00:32:28.963+0000] {processor.py:830} INFO - Processing file /opt/airflow/dags/pipelines/payments_to_clickhouse.py for tasks to queue
[2025-11-09T00:32:28.965+0000] {logging_mixin.py:188} INFO - [2025-11-09T00:32:28.964+0000] {dagbag.py:538} INFO - Filling up the DagBag from /opt/airflow/dags/pipelines/payments_to_clickhouse.py
[2025-11-09T00:32:29.005+0000] {processor.py:842} WARNING - No viable dags retrieved from /opt/airflow/dags/pipelines/payments_to_clickhouse.py
[2025-11-09T00:32:29.023+0000] {processor.py:183} INFO - Processing /opt/airflow/dags/pipelines/payments_to_clickhouse.py took 0.064 seconds
[2025-11-09T00:32:59.169+0000] {processor.py:161} INFO - Started process (PID=64151) to work on /opt/airflow/dags/pipelines/payments_to_clickhouse.py
[2025-11-09T00:32:59.171+0000] {processor.py:830} INFO - Processing file /opt/airflow/dags/pipelines/payments_to_clickhouse.py for tasks to queue
[2025-11-09T00:32:59.173+0000] {logging_mixin.py:188} INFO - [2025-11-09T00:32:59.172+0000] {dagbag.py:538} INFO - Filling up the DagBag from /opt/airflow/dags/pipelines/payments_to_clickhouse.py
[2025-11-09T00:32:59.211+0000] {processor.py:842} WARNING - No viable dags retrieved from /opt/airflow/dags/pipelines/payments_to_clickhouse.py
[2025-11-09T00:32:59.229+0000] {processor.py:183} INFO - Processing /opt/airflow/dags/pipelines/payments_to_clickhouse.py took 0.062 seconds
[2025-11-09T00:33:29.479+0000] {processor.py:161} INFO - Started process (PID=64186) to work on /opt/airflow/dags/pipelines/payments_to_clickhouse.py
[2025-11-09T00:33:29.481+0000] {processor.py:830} INFO - Processing file /opt/airflow/dags/pipelines/payments_to_clickhouse.py for tasks to queue
[2025-11-09T00:33:29.483+0000] {logging_mixin.py:188} INFO - [2025-11-09T00:33:29.482+0000] {dagbag.py:538} INFO - Filling up the DagBag from /opt/airflow/dags/pipelines/payments_to_clickhouse.py
[2025-11-09T00:33:29.541+0000] {processor.py:842} WARNING - No viable dags retrieved from /opt/airflow/dags/pipelines/payments_to_clickhouse.py
[2025-11-09T00:33:29.565+0000] {processor.py:183} INFO - Processing /opt/airflow/dags/pipelines/payments_to_clickhouse.py took 0.090 seconds
[2025-11-09T00:33:59.931+0000] {processor.py:161} INFO - Started process (PID=64221) to work on /opt/airflow/dags/pipelines/payments_to_clickhouse.py
[2025-11-09T00:33:59.933+0000] {processor.py:830} INFO - Processing file /opt/airflow/dags/pipelines/payments_to_clickhouse.py for tasks to queue
[2025-11-09T00:33:59.935+0000] {logging_mixin.py:188} INFO - [2025-11-09T00:33:59.934+0000] {dagbag.py:538} INFO - Filling up the DagBag from /opt/airflow/dags/pipelines/payments_to_clickhouse.py
[2025-11-09T00:33:59.983+0000] {processor.py:842} WARNING - No viable dags retrieved from /opt/airflow/dags/pipelines/payments_to_clickhouse.py
[2025-11-09T00:34:00.009+0000] {processor.py:183} INFO - Processing /opt/airflow/dags/pipelines/payments_to_clickhouse.py took 0.082 seconds
[2025-11-09T00:34:30.425+0000] {processor.py:161} INFO - Started process (PID=64256) to work on /opt/airflow/dags/pipelines/payments_to_clickhouse.py
[2025-11-09T00:34:30.427+0000] {processor.py:830} INFO - Processing file /opt/airflow/dags/pipelines/payments_to_clickhouse.py for tasks to queue
[2025-11-09T00:34:30.428+0000] {logging_mixin.py:188} INFO - [2025-11-09T00:34:30.428+0000] {dagbag.py:538} INFO - Filling up the DagBag from /opt/airflow/dags/pipelines/payments_to_clickhouse.py
[2025-11-09T00:34:30.464+0000] {processor.py:842} WARNING - No viable dags retrieved from /opt/airflow/dags/pipelines/payments_to_clickhouse.py
[2025-11-09T00:34:30.486+0000] {processor.py:183} INFO - Processing /opt/airflow/dags/pipelines/payments_to_clickhouse.py took 0.065 seconds
[2025-11-09T00:35:00.851+0000] {processor.py:161} INFO - Started process (PID=64291) to work on /opt/airflow/dags/pipelines/payments_to_clickhouse.py
[2025-11-09T00:35:00.854+0000] {processor.py:830} INFO - Processing file /opt/airflow/dags/pipelines/payments_to_clickhouse.py for tasks to queue
[2025-11-09T00:35:00.856+0000] {logging_mixin.py:188} INFO - [2025-11-09T00:35:00.856+0000] {dagbag.py:538} INFO - Filling up the DagBag from /opt/airflow/dags/pipelines/payments_to_clickhouse.py
[2025-11-09T00:35:00.907+0000] {processor.py:842} WARNING - No viable dags retrieved from /opt/airflow/dags/pipelines/payments_to_clickhouse.py
[2025-11-09T00:35:00.930+0000] {processor.py:183} INFO - Processing /opt/airflow/dags/pipelines/payments_to_clickhouse.py took 0.084 seconds
[2025-11-09T00:35:31.045+0000] {processor.py:161} INFO - Started process (PID=64326) to work on /opt/airflow/dags/pipelines/payments_to_clickhouse.py
[2025-11-09T00:35:31.048+0000] {processor.py:830} INFO - Processing file /opt/airflow/dags/pipelines/payments_to_clickhouse.py for tasks to queue
[2025-11-09T00:35:31.050+0000] {logging_mixin.py:188} INFO - [2025-11-09T00:35:31.049+0000] {dagbag.py:538} INFO - Filling up the DagBag from /opt/airflow/dags/pipelines/payments_to_clickhouse.py
[2025-11-09T00:35:31.097+0000] {processor.py:842} WARNING - No viable dags retrieved from /opt/airflow/dags/pipelines/payments_to_clickhouse.py
[2025-11-09T00:35:31.116+0000] {processor.py:183} INFO - Processing /opt/airflow/dags/pipelines/payments_to_clickhouse.py took 0.075 seconds
[2025-11-09T00:36:01.367+0000] {processor.py:161} INFO - Started process (PID=64361) to work on /opt/airflow/dags/pipelines/payments_to_clickhouse.py
[2025-11-09T00:36:01.372+0000] {processor.py:830} INFO - Processing file /opt/airflow/dags/pipelines/payments_to_clickhouse.py for tasks to queue
[2025-11-09T00:36:01.389+0000] {logging_mixin.py:188} INFO - [2025-11-09T00:36:01.388+0000] {dagbag.py:538} INFO - Filling up the DagBag from /opt/airflow/dags/pipelines/payments_to_clickhouse.py
[2025-11-09T00:36:01.414+0000] {processor.py:842} WARNING - No viable dags retrieved from /opt/airflow/dags/pipelines/payments_to_clickhouse.py
[2025-11-09T00:36:01.432+0000] {processor.py:183} INFO - Processing /opt/airflow/dags/pipelines/payments_to_clickhouse.py took 0.069 seconds
[2025-11-09T00:36:31.756+0000] {processor.py:161} INFO - Started process (PID=64396) to work on /opt/airflow/dags/pipelines/payments_to_clickhouse.py
[2025-11-09T00:36:31.759+0000] {processor.py:830} INFO - Processing file /opt/airflow/dags/pipelines/payments_to_clickhouse.py for tasks to queue
[2025-11-09T00:36:31.762+0000] {logging_mixin.py:188} INFO - [2025-11-09T00:36:31.761+0000] {dagbag.py:538} INFO - Filling up the DagBag from /opt/airflow/dags/pipelines/payments_to_clickhouse.py
[2025-11-09T00:36:31.805+0000] {processor.py:842} WARNING - No viable dags retrieved from /opt/airflow/dags/pipelines/payments_to_clickhouse.py
[2025-11-09T00:36:31.829+0000] {processor.py:183} INFO - Processing /opt/airflow/dags/pipelines/payments_to_clickhouse.py took 0.077 seconds
[2025-11-09T00:37:02.136+0000] {processor.py:161} INFO - Started process (PID=64431) to work on /opt/airflow/dags/pipelines/payments_to_clickhouse.py
[2025-11-09T00:37:02.138+0000] {processor.py:830} INFO - Processing file /opt/airflow/dags/pipelines/payments_to_clickhouse.py for tasks to queue
[2025-11-09T00:37:02.140+0000] {logging_mixin.py:188} INFO - [2025-11-09T00:37:02.139+0000] {dagbag.py:538} INFO - Filling up the DagBag from /opt/airflow/dags/pipelines/payments_to_clickhouse.py
[2025-11-09T00:37:02.178+0000] {processor.py:842} WARNING - No viable dags retrieved from /opt/airflow/dags/pipelines/payments_to_clickhouse.py
[2025-11-09T00:37:02.199+0000] {processor.py:183} INFO - Processing /opt/airflow/dags/pipelines/payments_to_clickhouse.py took 0.068 seconds
[2025-11-09T00:37:32.302+0000] {processor.py:161} INFO - Started process (PID=64466) to work on /opt/airflow/dags/pipelines/payments_to_clickhouse.py
[2025-11-09T00:37:32.304+0000] {processor.py:830} INFO - Processing file /opt/airflow/dags/pipelines/payments_to_clickhouse.py for tasks to queue
[2025-11-09T00:37:32.305+0000] {logging_mixin.py:188} INFO - [2025-11-09T00:37:32.305+0000] {dagbag.py:538} INFO - Filling up the DagBag from /opt/airflow/dags/pipelines/payments_to_clickhouse.py
[2025-11-09T00:37:32.332+0000] {processor.py:842} WARNING - No viable dags retrieved from /opt/airflow/dags/pipelines/payments_to_clickhouse.py
[2025-11-09T00:37:32.351+0000] {processor.py:183} INFO - Processing /opt/airflow/dags/pipelines/payments_to_clickhouse.py took 0.053 seconds
[2025-11-09T00:38:02.673+0000] {processor.py:161} INFO - Started process (PID=64501) to work on /opt/airflow/dags/pipelines/payments_to_clickhouse.py
[2025-11-09T00:38:02.675+0000] {processor.py:830} INFO - Processing file /opt/airflow/dags/pipelines/payments_to_clickhouse.py for tasks to queue
[2025-11-09T00:38:02.677+0000] {logging_mixin.py:188} INFO - [2025-11-09T00:38:02.676+0000] {dagbag.py:538} INFO - Filling up the DagBag from /opt/airflow/dags/pipelines/payments_to_clickhouse.py
[2025-11-09T00:38:02.711+0000] {processor.py:842} WARNING - No viable dags retrieved from /opt/airflow/dags/pipelines/payments_to_clickhouse.py
[2025-11-09T00:38:02.740+0000] {processor.py:183} INFO - Processing /opt/airflow/dags/pipelines/payments_to_clickhouse.py took 0.071 seconds
[2025-11-09T00:38:32.884+0000] {processor.py:161} INFO - Started process (PID=64536) to work on /opt/airflow/dags/pipelines/payments_to_clickhouse.py
[2025-11-09T00:38:32.885+0000] {processor.py:830} INFO - Processing file /opt/airflow/dags/pipelines/payments_to_clickhouse.py for tasks to queue
[2025-11-09T00:38:32.886+0000] {logging_mixin.py:188} INFO - [2025-11-09T00:38:32.886+0000] {dagbag.py:538} INFO - Filling up the DagBag from /opt/airflow/dags/pipelines/payments_to_clickhouse.py
[2025-11-09T00:38:32.903+0000] {processor.py:842} WARNING - No viable dags retrieved from /opt/airflow/dags/pipelines/payments_to_clickhouse.py
[2025-11-09T00:38:32.921+0000] {processor.py:183} INFO - Processing /opt/airflow/dags/pipelines/payments_to_clickhouse.py took 0.040 seconds
[2025-11-09T00:39:03.270+0000] {processor.py:161} INFO - Started process (PID=64571) to work on /opt/airflow/dags/pipelines/payments_to_clickhouse.py
[2025-11-09T00:39:03.272+0000] {processor.py:830} INFO - Processing file /opt/airflow/dags/pipelines/payments_to_clickhouse.py for tasks to queue
[2025-11-09T00:39:03.273+0000] {logging_mixin.py:188} INFO - [2025-11-09T00:39:03.273+0000] {dagbag.py:538} INFO - Filling up the DagBag from /opt/airflow/dags/pipelines/payments_to_clickhouse.py
[2025-11-09T00:39:03.331+0000] {processor.py:842} WARNING - No viable dags retrieved from /opt/airflow/dags/pipelines/payments_to_clickhouse.py
[2025-11-09T00:39:03.353+0000] {processor.py:183} INFO - Processing /opt/airflow/dags/pipelines/payments_to_clickhouse.py took 0.088 seconds
[2025-11-09T00:39:33.472+0000] {processor.py:161} INFO - Started process (PID=64606) to work on /opt/airflow/dags/pipelines/payments_to_clickhouse.py
[2025-11-09T00:39:33.474+0000] {processor.py:830} INFO - Processing file /opt/airflow/dags/pipelines/payments_to_clickhouse.py for tasks to queue
[2025-11-09T00:39:33.475+0000] {logging_mixin.py:188} INFO - [2025-11-09T00:39:33.475+0000] {dagbag.py:538} INFO - Filling up the DagBag from /opt/airflow/dags/pipelines/payments_to_clickhouse.py
[2025-11-09T00:39:33.510+0000] {processor.py:842} WARNING - No viable dags retrieved from /opt/airflow/dags/pipelines/payments_to_clickhouse.py
[2025-11-09T00:39:33.528+0000] {processor.py:183} INFO - Processing /opt/airflow/dags/pipelines/payments_to_clickhouse.py took 0.060 seconds
[2025-11-09T00:40:03.676+0000] {processor.py:161} INFO - Started process (PID=64641) to work on /opt/airflow/dags/pipelines/payments_to_clickhouse.py
[2025-11-09T00:40:03.677+0000] {processor.py:830} INFO - Processing file /opt/airflow/dags/pipelines/payments_to_clickhouse.py for tasks to queue
[2025-11-09T00:40:03.679+0000] {logging_mixin.py:188} INFO - [2025-11-09T00:40:03.678+0000] {dagbag.py:538} INFO - Filling up the DagBag from /opt/airflow/dags/pipelines/payments_to_clickhouse.py
[2025-11-09T00:40:03.701+0000] {processor.py:842} WARNING - No viable dags retrieved from /opt/airflow/dags/pipelines/payments_to_clickhouse.py
[2025-11-09T00:40:03.720+0000] {processor.py:183} INFO - Processing /opt/airflow/dags/pipelines/payments_to_clickhouse.py took 0.048 seconds
[2025-11-09T00:40:34.461+0000] {processor.py:161} INFO - Started process (PID=64676) to work on /opt/airflow/dags/pipelines/payments_to_clickhouse.py
[2025-11-09T00:40:34.462+0000] {processor.py:830} INFO - Processing file /opt/airflow/dags/pipelines/payments_to_clickhouse.py for tasks to queue
[2025-11-09T00:40:34.463+0000] {logging_mixin.py:188} INFO - [2025-11-09T00:40:34.463+0000] {dagbag.py:538} INFO - Filling up the DagBag from /opt/airflow/dags/pipelines/payments_to_clickhouse.py
[2025-11-09T00:40:34.479+0000] {processor.py:842} WARNING - No viable dags retrieved from /opt/airflow/dags/pipelines/payments_to_clickhouse.py
[2025-11-09T00:40:34.497+0000] {processor.py:183} INFO - Processing /opt/airflow/dags/pipelines/payments_to_clickhouse.py took 0.040 seconds
[2025-11-09T00:41:04.721+0000] {processor.py:161} INFO - Started process (PID=64711) to work on /opt/airflow/dags/pipelines/payments_to_clickhouse.py
[2025-11-09T00:41:04.725+0000] {processor.py:830} INFO - Processing file /opt/airflow/dags/pipelines/payments_to_clickhouse.py for tasks to queue
[2025-11-09T00:41:04.727+0000] {logging_mixin.py:188} INFO - [2025-11-09T00:41:04.726+0000] {dagbag.py:538} INFO - Filling up the DagBag from /opt/airflow/dags/pipelines/payments_to_clickhouse.py
[2025-11-09T00:41:04.762+0000] {processor.py:842} WARNING - No viable dags retrieved from /opt/airflow/dags/pipelines/payments_to_clickhouse.py
[2025-11-09T00:41:04.795+0000] {processor.py:183} INFO - Processing /opt/airflow/dags/pipelines/payments_to_clickhouse.py took 0.082 seconds
[2025-11-09T00:41:34.984+0000] {processor.py:161} INFO - Started process (PID=64746) to work on /opt/airflow/dags/pipelines/payments_to_clickhouse.py
[2025-11-09T00:41:34.986+0000] {processor.py:830} INFO - Processing file /opt/airflow/dags/pipelines/payments_to_clickhouse.py for tasks to queue
[2025-11-09T00:41:34.988+0000] {logging_mixin.py:188} INFO - [2025-11-09T00:41:34.987+0000] {dagbag.py:538} INFO - Filling up the DagBag from /opt/airflow/dags/pipelines/payments_to_clickhouse.py
[2025-11-09T00:41:35.019+0000] {processor.py:842} WARNING - No viable dags retrieved from /opt/airflow/dags/pipelines/payments_to_clickhouse.py
[2025-11-09T00:41:35.039+0000] {processor.py:183} INFO - Processing /opt/airflow/dags/pipelines/payments_to_clickhouse.py took 0.059 seconds
[2025-11-09T00:42:05.206+0000] {processor.py:161} INFO - Started process (PID=64781) to work on /opt/airflow/dags/pipelines/payments_to_clickhouse.py
[2025-11-09T00:42:05.208+0000] {processor.py:830} INFO - Processing file /opt/airflow/dags/pipelines/payments_to_clickhouse.py for tasks to queue
[2025-11-09T00:42:05.209+0000] {logging_mixin.py:188} INFO - [2025-11-09T00:42:05.209+0000] {dagbag.py:538} INFO - Filling up the DagBag from /opt/airflow/dags/pipelines/payments_to_clickhouse.py
[2025-11-09T00:42:05.244+0000] {processor.py:842} WARNING - No viable dags retrieved from /opt/airflow/dags/pipelines/payments_to_clickhouse.py
[2025-11-09T00:42:05.262+0000] {processor.py:183} INFO - Processing /opt/airflow/dags/pipelines/payments_to_clickhouse.py took 0.059 seconds
[2025-11-09T00:42:35.391+0000] {processor.py:161} INFO - Started process (PID=64816) to work on /opt/airflow/dags/pipelines/payments_to_clickhouse.py
[2025-11-09T00:42:35.392+0000] {processor.py:830} INFO - Processing file /opt/airflow/dags/pipelines/payments_to_clickhouse.py for tasks to queue
[2025-11-09T00:42:35.394+0000] {logging_mixin.py:188} INFO - [2025-11-09T00:42:35.394+0000] {dagbag.py:538} INFO - Filling up the DagBag from /opt/airflow/dags/pipelines/payments_to_clickhouse.py
[2025-11-09T00:42:35.430+0000] {processor.py:842} WARNING - No viable dags retrieved from /opt/airflow/dags/pipelines/payments_to_clickhouse.py
[2025-11-09T00:42:35.452+0000] {processor.py:183} INFO - Processing /opt/airflow/dags/pipelines/payments_to_clickhouse.py took 0.066 seconds
[2025-11-09T00:43:06.102+0000] {processor.py:161} INFO - Started process (PID=64851) to work on /opt/airflow/dags/pipelines/payments_to_clickhouse.py
[2025-11-09T00:43:06.104+0000] {processor.py:830} INFO - Processing file /opt/airflow/dags/pipelines/payments_to_clickhouse.py for tasks to queue
[2025-11-09T00:43:06.108+0000] {logging_mixin.py:188} INFO - [2025-11-09T00:43:06.107+0000] {dagbag.py:538} INFO - Filling up the DagBag from /opt/airflow/dags/pipelines/payments_to_clickhouse.py
[2025-11-09T00:43:06.139+0000] {processor.py:842} WARNING - No viable dags retrieved from /opt/airflow/dags/pipelines/payments_to_clickhouse.py
[2025-11-09T00:43:06.163+0000] {processor.py:183} INFO - Processing /opt/airflow/dags/pipelines/payments_to_clickhouse.py took 0.066 seconds
[2025-11-09T00:43:36.412+0000] {processor.py:161} INFO - Started process (PID=64886) to work on /opt/airflow/dags/pipelines/payments_to_clickhouse.py
[2025-11-09T00:43:36.414+0000] {processor.py:830} INFO - Processing file /opt/airflow/dags/pipelines/payments_to_clickhouse.py for tasks to queue
[2025-11-09T00:43:36.415+0000] {logging_mixin.py:188} INFO - [2025-11-09T00:43:36.415+0000] {dagbag.py:538} INFO - Filling up the DagBag from /opt/airflow/dags/pipelines/payments_to_clickhouse.py
[2025-11-09T00:43:36.443+0000] {processor.py:842} WARNING - No viable dags retrieved from /opt/airflow/dags/pipelines/payments_to_clickhouse.py
[2025-11-09T00:43:36.463+0000] {processor.py:183} INFO - Processing /opt/airflow/dags/pipelines/payments_to_clickhouse.py took 0.054 seconds
[2025-11-09T00:44:06.615+0000] {processor.py:161} INFO - Started process (PID=64921) to work on /opt/airflow/dags/pipelines/payments_to_clickhouse.py
[2025-11-09T00:44:06.618+0000] {processor.py:830} INFO - Processing file /opt/airflow/dags/pipelines/payments_to_clickhouse.py for tasks to queue
[2025-11-09T00:44:06.619+0000] {logging_mixin.py:188} INFO - [2025-11-09T00:44:06.619+0000] {dagbag.py:538} INFO - Filling up the DagBag from /opt/airflow/dags/pipelines/payments_to_clickhouse.py
[2025-11-09T00:44:06.651+0000] {processor.py:842} WARNING - No viable dags retrieved from /opt/airflow/dags/pipelines/payments_to_clickhouse.py
[2025-11-09T00:44:06.674+0000] {processor.py:183} INFO - Processing /opt/airflow/dags/pipelines/payments_to_clickhouse.py took 0.066 seconds
[2025-11-09T00:44:37.055+0000] {processor.py:161} INFO - Started process (PID=64956) to work on /opt/airflow/dags/pipelines/payments_to_clickhouse.py
[2025-11-09T00:44:37.057+0000] {processor.py:830} INFO - Processing file /opt/airflow/dags/pipelines/payments_to_clickhouse.py for tasks to queue
[2025-11-09T00:44:37.058+0000] {logging_mixin.py:188} INFO - [2025-11-09T00:44:37.058+0000] {dagbag.py:538} INFO - Filling up the DagBag from /opt/airflow/dags/pipelines/payments_to_clickhouse.py
[2025-11-09T00:44:37.094+0000] {processor.py:842} WARNING - No viable dags retrieved from /opt/airflow/dags/pipelines/payments_to_clickhouse.py
[2025-11-09T00:44:37.117+0000] {processor.py:183} INFO - Processing /opt/airflow/dags/pipelines/payments_to_clickhouse.py took 0.065 seconds
[2025-11-09T00:45:07.670+0000] {processor.py:161} INFO - Started process (PID=64991) to work on /opt/airflow/dags/pipelines/payments_to_clickhouse.py
[2025-11-09T00:45:07.671+0000] {processor.py:830} INFO - Processing file /opt/airflow/dags/pipelines/payments_to_clickhouse.py for tasks to queue
[2025-11-09T00:45:07.672+0000] {logging_mixin.py:188} INFO - [2025-11-09T00:45:07.672+0000] {dagbag.py:538} INFO - Filling up the DagBag from /opt/airflow/dags/pipelines/payments_to_clickhouse.py
[2025-11-09T00:45:07.699+0000] {processor.py:842} WARNING - No viable dags retrieved from /opt/airflow/dags/pipelines/payments_to_clickhouse.py
[2025-11-09T00:45:07.719+0000] {processor.py:183} INFO - Processing /opt/airflow/dags/pipelines/payments_to_clickhouse.py took 0.055 seconds
[2025-11-09T00:45:38.030+0000] {processor.py:161} INFO - Started process (PID=65026) to work on /opt/airflow/dags/pipelines/payments_to_clickhouse.py
[2025-11-09T00:45:38.032+0000] {processor.py:830} INFO - Processing file /opt/airflow/dags/pipelines/payments_to_clickhouse.py for tasks to queue
[2025-11-09T00:45:38.034+0000] {logging_mixin.py:188} INFO - [2025-11-09T00:45:38.033+0000] {dagbag.py:538} INFO - Filling up the DagBag from /opt/airflow/dags/pipelines/payments_to_clickhouse.py
[2025-11-09T00:45:38.075+0000] {processor.py:842} WARNING - No viable dags retrieved from /opt/airflow/dags/pipelines/payments_to_clickhouse.py
[2025-11-09T00:45:38.099+0000] {processor.py:183} INFO - Processing /opt/airflow/dags/pipelines/payments_to_clickhouse.py took 0.073 seconds
[2025-11-09T00:46:09.050+0000] {processor.py:161} INFO - Started process (PID=65061) to work on /opt/airflow/dags/pipelines/payments_to_clickhouse.py
[2025-11-09T00:46:09.052+0000] {processor.py:830} INFO - Processing file /opt/airflow/dags/pipelines/payments_to_clickhouse.py for tasks to queue
[2025-11-09T00:46:09.055+0000] {logging_mixin.py:188} INFO - [2025-11-09T00:46:09.054+0000] {dagbag.py:538} INFO - Filling up the DagBag from /opt/airflow/dags/pipelines/payments_to_clickhouse.py
[2025-11-09T00:46:09.082+0000] {processor.py:842} WARNING - No viable dags retrieved from /opt/airflow/dags/pipelines/payments_to_clickhouse.py
[2025-11-09T00:46:09.135+0000] {processor.py:183} INFO - Processing /opt/airflow/dags/pipelines/payments_to_clickhouse.py took 0.090 seconds
[2025-11-09T00:46:39.955+0000] {processor.py:161} INFO - Started process (PID=65096) to work on /opt/airflow/dags/pipelines/payments_to_clickhouse.py
[2025-11-09T00:46:39.957+0000] {processor.py:830} INFO - Processing file /opt/airflow/dags/pipelines/payments_to_clickhouse.py for tasks to queue
[2025-11-09T00:46:39.958+0000] {logging_mixin.py:188} INFO - [2025-11-09T00:46:39.958+0000] {dagbag.py:538} INFO - Filling up the DagBag from /opt/airflow/dags/pipelines/payments_to_clickhouse.py
[2025-11-09T00:46:39.984+0000] {processor.py:842} WARNING - No viable dags retrieved from /opt/airflow/dags/pipelines/payments_to_clickhouse.py
[2025-11-09T00:46:40.009+0000] {processor.py:183} INFO - Processing /opt/airflow/dags/pipelines/payments_to_clickhouse.py took 0.058 seconds
[2025-11-09T00:47:10.148+0000] {processor.py:161} INFO - Started process (PID=65131) to work on /opt/airflow/dags/pipelines/payments_to_clickhouse.py
[2025-11-09T00:47:10.149+0000] {processor.py:830} INFO - Processing file /opt/airflow/dags/pipelines/payments_to_clickhouse.py for tasks to queue
[2025-11-09T00:47:10.151+0000] {logging_mixin.py:188} INFO - [2025-11-09T00:47:10.150+0000] {dagbag.py:538} INFO - Filling up the DagBag from /opt/airflow/dags/pipelines/payments_to_clickhouse.py
[2025-11-09T00:47:10.181+0000] {processor.py:842} WARNING - No viable dags retrieved from /opt/airflow/dags/pipelines/payments_to_clickhouse.py
[2025-11-09T00:47:10.200+0000] {processor.py:183} INFO - Processing /opt/airflow/dags/pipelines/payments_to_clickhouse.py took 0.057 seconds
[2025-11-09T00:47:40.317+0000] {processor.py:161} INFO - Started process (PID=65166) to work on /opt/airflow/dags/pipelines/payments_to_clickhouse.py
[2025-11-09T00:47:40.318+0000] {processor.py:830} INFO - Processing file /opt/airflow/dags/pipelines/payments_to_clickhouse.py for tasks to queue
[2025-11-09T00:47:40.320+0000] {logging_mixin.py:188} INFO - [2025-11-09T00:47:40.319+0000] {dagbag.py:538} INFO - Filling up the DagBag from /opt/airflow/dags/pipelines/payments_to_clickhouse.py
[2025-11-09T00:47:40.348+0000] {processor.py:842} WARNING - No viable dags retrieved from /opt/airflow/dags/pipelines/payments_to_clickhouse.py
[2025-11-09T00:47:40.373+0000] {processor.py:183} INFO - Processing /opt/airflow/dags/pipelines/payments_to_clickhouse.py took 0.062 seconds
[2025-11-09T00:48:10.717+0000] {processor.py:161} INFO - Started process (PID=65201) to work on /opt/airflow/dags/pipelines/payments_to_clickhouse.py
[2025-11-09T00:48:10.720+0000] {processor.py:830} INFO - Processing file /opt/airflow/dags/pipelines/payments_to_clickhouse.py for tasks to queue
[2025-11-09T00:48:10.721+0000] {logging_mixin.py:188} INFO - [2025-11-09T00:48:10.721+0000] {dagbag.py:538} INFO - Filling up the DagBag from /opt/airflow/dags/pipelines/payments_to_clickhouse.py
[2025-11-09T00:48:10.749+0000] {processor.py:842} WARNING - No viable dags retrieved from /opt/airflow/dags/pipelines/payments_to_clickhouse.py
[2025-11-09T00:48:10.770+0000] {processor.py:183} INFO - Processing /opt/airflow/dags/pipelines/payments_to_clickhouse.py took 0.060 seconds
[2025-11-09T00:48:40.955+0000] {processor.py:161} INFO - Started process (PID=65236) to work on /opt/airflow/dags/pipelines/payments_to_clickhouse.py
[2025-11-09T00:48:40.957+0000] {processor.py:830} INFO - Processing file /opt/airflow/dags/pipelines/payments_to_clickhouse.py for tasks to queue
[2025-11-09T00:48:40.958+0000] {logging_mixin.py:188} INFO - [2025-11-09T00:48:40.958+0000] {dagbag.py:538} INFO - Filling up the DagBag from /opt/airflow/dags/pipelines/payments_to_clickhouse.py
[2025-11-09T00:48:40.991+0000] {processor.py:842} WARNING - No viable dags retrieved from /opt/airflow/dags/pipelines/payments_to_clickhouse.py
[2025-11-09T00:48:41.008+0000] {processor.py:183} INFO - Processing /opt/airflow/dags/pipelines/payments_to_clickhouse.py took 0.057 seconds
[2025-11-09T09:00:47.211+0000] {processor.py:161} INFO - Started process (PID=65273) to work on /opt/airflow/dags/pipelines/payments_to_clickhouse.py
[2025-11-09T09:00:47.245+0000] {processor.py:830} INFO - Processing file /opt/airflow/dags/pipelines/payments_to_clickhouse.py for tasks to queue
[2025-11-09T09:00:47.262+0000] {logging_mixin.py:188} INFO - [2025-11-09T09:00:47.261+0000] {dagbag.py:538} INFO - Filling up the DagBag from /opt/airflow/dags/pipelines/payments_to_clickhouse.py
[2025-11-09T09:00:47.293+0000] {processor.py:842} WARNING - No viable dags retrieved from /opt/airflow/dags/pipelines/payments_to_clickhouse.py
[2025-11-09T09:00:47.344+0000] {processor.py:183} INFO - Processing /opt/airflow/dags/pipelines/payments_to_clickhouse.py took 0.138 seconds
[2025-11-09T10:11:35.774+0000] {processor.py:161} INFO - Started process (PID=65308) to work on /opt/airflow/dags/pipelines/payments_to_clickhouse.py
[2025-11-09T10:11:35.785+0000] {processor.py:830} INFO - Processing file /opt/airflow/dags/pipelines/payments_to_clickhouse.py for tasks to queue
[2025-11-09T10:11:35.795+0000] {logging_mixin.py:188} INFO - [2025-11-09T10:11:35.794+0000] {dagbag.py:538} INFO - Filling up the DagBag from /opt/airflow/dags/pipelines/payments_to_clickhouse.py
[2025-11-09T10:11:36.019+0000] {processor.py:842} WARNING - No viable dags retrieved from /opt/airflow/dags/pipelines/payments_to_clickhouse.py
[2025-11-09T10:11:36.104+0000] {processor.py:183} INFO - Processing /opt/airflow/dags/pipelines/payments_to_clickhouse.py took 0.346 seconds
[2025-11-09T10:12:06.903+0000] {processor.py:161} INFO - Started process (PID=65345) to work on /opt/airflow/dags/pipelines/payments_to_clickhouse.py
[2025-11-09T10:12:06.906+0000] {processor.py:830} INFO - Processing file /opt/airflow/dags/pipelines/payments_to_clickhouse.py for tasks to queue
[2025-11-09T10:12:06.911+0000] {logging_mixin.py:188} INFO - [2025-11-09T10:12:06.910+0000] {dagbag.py:538} INFO - Filling up the DagBag from /opt/airflow/dags/pipelines/payments_to_clickhouse.py
[2025-11-09T10:12:06.963+0000] {processor.py:842} WARNING - No viable dags retrieved from /opt/airflow/dags/pipelines/payments_to_clickhouse.py
[2025-11-09T10:12:07.021+0000] {processor.py:183} INFO - Processing /opt/airflow/dags/pipelines/payments_to_clickhouse.py took 0.129 seconds
[2025-11-09T10:12:37.793+0000] {processor.py:161} INFO - Started process (PID=65380) to work on /opt/airflow/dags/pipelines/payments_to_clickhouse.py
[2025-11-09T10:12:37.797+0000] {processor.py:830} INFO - Processing file /opt/airflow/dags/pipelines/payments_to_clickhouse.py for tasks to queue
[2025-11-09T10:12:37.802+0000] {logging_mixin.py:188} INFO - [2025-11-09T10:12:37.801+0000] {dagbag.py:538} INFO - Filling up the DagBag from /opt/airflow/dags/pipelines/payments_to_clickhouse.py
[2025-11-09T10:12:37.858+0000] {processor.py:842} WARNING - No viable dags retrieved from /opt/airflow/dags/pipelines/payments_to_clickhouse.py
[2025-11-09T10:12:37.901+0000] {processor.py:183} INFO - Processing /opt/airflow/dags/pipelines/payments_to_clickhouse.py took 0.117 seconds
