[2025-11-01T20:13:39.911+0000] {taskinstance.py:1956} INFO - Dependencies all met for dep_context=non-requeueable deps ti=<TaskInstance: silver_transformation_pipeline.dbt_run_merchants scheduled__2025-10-06T00:00:00+00:00 [queued]>
[2025-11-01T20:13:39.923+0000] {taskinstance.py:1956} INFO - Dependencies all met for dep_context=requeueable deps ti=<TaskInstance: silver_transformation_pipeline.dbt_run_merchants scheduled__2025-10-06T00:00:00+00:00 [queued]>
[2025-11-01T20:13:39.924+0000] {taskinstance.py:2170} INFO - Starting attempt 1 of 2
[2025-11-01T20:13:39.945+0000] {taskinstance.py:2191} INFO - Executing <Task(PythonOperator): dbt_run_merchants> on 2025-10-06 00:00:00+00:00
[2025-11-01T20:13:39.954+0000] {standard_task_runner.py:60} INFO - Started process 1536 to run task
[2025-11-01T20:13:39.958+0000] {standard_task_runner.py:87} INFO - Running: ['***', 'tasks', 'run', 'silver_transformation_pipeline', 'dbt_run_merchants', 'scheduled__2025-10-06T00:00:00+00:00', '--job-id', '153', '--raw', '--subdir', 'DAGS_FOLDER/silver_dag.py', '--cfg-path', '/tmp/tmpsvc0r59e']
[2025-11-01T20:13:39.962+0000] {standard_task_runner.py:88} INFO - Job 153: Subtask dbt_run_merchants
[2025-11-01T20:13:40.067+0000] {task_command.py:423} INFO - Running <TaskInstance: silver_transformation_pipeline.dbt_run_merchants scheduled__2025-10-06T00:00:00+00:00 [running]> on host 1a955fda0cfd
[2025-11-01T20:13:40.191+0000] {taskinstance.py:2480} INFO - Exporting env vars: AIRFLOW_CTX_DAG_OWNER='***' AIRFLOW_CTX_DAG_ID='silver_transformation_pipeline' AIRFLOW_CTX_TASK_ID='dbt_run_merchants' AIRFLOW_CTX_EXECUTION_DATE='2025-10-06T00:00:00+00:00' AIRFLOW_CTX_TRY_NUMBER='1' AIRFLOW_CTX_DAG_RUN_ID='scheduled__2025-10-06T00:00:00+00:00'
[2025-11-01T20:13:46.937+0000] {python.py:201} INFO - Done. Returned value was: None
[2025-11-01T20:13:46.952+0000] {taskinstance.py:1138} INFO - Marking task as SUCCESS. dag_id=silver_transformation_pipeline, task_id=dbt_run_merchants, execution_date=20251006T000000, start_date=20251101T201339, end_date=20251101T201346
[2025-11-01T20:13:46.984+0000] {local_task_job_runner.py:234} INFO - Task exited with return code 0
[2025-11-01T20:13:47.017+0000] {taskinstance.py:3280} INFO - 0 downstream tasks scheduled from follow-on schedule check
[2025-11-01T20:20:21.400+0000] {taskinstance.py:1956} INFO - Dependencies all met for dep_context=non-requeueable deps ti=<TaskInstance: silver_transformation_pipeline.dbt_run_merchants scheduled__2025-10-06T00:00:00+00:00 [queued]>
[2025-11-01T20:20:21.411+0000] {taskinstance.py:1956} INFO - Dependencies all met for dep_context=requeueable deps ti=<TaskInstance: silver_transformation_pipeline.dbt_run_merchants scheduled__2025-10-06T00:00:00+00:00 [queued]>
[2025-11-01T20:20:21.412+0000] {taskinstance.py:2170} INFO - Starting attempt 1 of 2
[2025-11-01T20:20:21.428+0000] {taskinstance.py:2191} INFO - Executing <Task(PythonOperator): dbt_run_merchants> on 2025-10-06 00:00:00+00:00
[2025-11-01T20:20:21.437+0000] {standard_task_runner.py:60} INFO - Started process 1194 to run task
[2025-11-01T20:20:21.442+0000] {standard_task_runner.py:87} INFO - Running: ['***', 'tasks', 'run', 'silver_transformation_pipeline', 'dbt_run_merchants', 'scheduled__2025-10-06T00:00:00+00:00', '--job-id', '148', '--raw', '--subdir', 'DAGS_FOLDER/silver_dag.py', '--cfg-path', '/tmp/tmpkdtrmikt']
[2025-11-01T20:20:21.446+0000] {standard_task_runner.py:88} INFO - Job 148: Subtask dbt_run_merchants
[2025-11-01T20:20:21.522+0000] {task_command.py:423} INFO - Running <TaskInstance: silver_transformation_pipeline.dbt_run_merchants scheduled__2025-10-06T00:00:00+00:00 [running]> on host 6335aa85b335
[2025-11-01T20:20:21.630+0000] {taskinstance.py:2480} INFO - Exporting env vars: AIRFLOW_CTX_DAG_OWNER='***' AIRFLOW_CTX_DAG_ID='silver_transformation_pipeline' AIRFLOW_CTX_TASK_ID='dbt_run_merchants' AIRFLOW_CTX_EXECUTION_DATE='2025-10-06T00:00:00+00:00' AIRFLOW_CTX_TRY_NUMBER='1' AIRFLOW_CTX_DAG_RUN_ID='scheduled__2025-10-06T00:00:00+00:00'
[2025-11-01T20:20:29.244+0000] {python.py:201} INFO - Done. Returned value was: None
[2025-11-01T20:20:29.260+0000] {taskinstance.py:1138} INFO - Marking task as SUCCESS. dag_id=silver_transformation_pipeline, task_id=dbt_run_merchants, execution_date=20251006T000000, start_date=20251101T202021, end_date=20251101T202029
[2025-11-01T20:20:29.298+0000] {local_task_job_runner.py:234} INFO - Task exited with return code 0
[2025-11-01T20:20:29.317+0000] {taskinstance.py:3280} INFO - 0 downstream tasks scheduled from follow-on schedule check
