[2025-11-01T20:06:42.188+0000] {taskinstance.py:1956} INFO - Dependencies all met for dep_context=non-requeueable deps ti=<TaskInstance: ingestion_pipeline.load_link_transactions_bronze_from_mongo scheduled__2025-10-08T00:00:00+00:00 [queued]>
[2025-11-01T20:06:42.253+0000] {taskinstance.py:1956} INFO - Dependencies all met for dep_context=requeueable deps ti=<TaskInstance: ingestion_pipeline.load_link_transactions_bronze_from_mongo scheduled__2025-10-08T00:00:00+00:00 [queued]>
[2025-11-01T20:06:42.256+0000] {taskinstance.py:2170} INFO - Starting attempt 1 of 2
[2025-11-01T20:06:42.366+0000] {taskinstance.py:2191} INFO - Executing <Task(PythonOperator): load_link_transactions_bronze_from_mongo> on 2025-10-08 00:00:00+00:00
[2025-11-01T20:06:42.433+0000] {standard_task_runner.py:60} INFO - Started process 460 to run task
[2025-11-01T20:06:42.465+0000] {standard_task_runner.py:87} INFO - Running: ['***', 'tasks', 'run', 'ingestion_pipeline', 'load_link_transactions_bronze_from_mongo', 'scheduled__2025-10-08T00:00:00+00:00', '--job-id', '41', '--raw', '--subdir', 'DAGS_FOLDER/ingestion_dag.py', '--cfg-path', '/tmp/tmpos800zl9']
[2025-11-01T20:06:42.500+0000] {standard_task_runner.py:88} INFO - Job 41: Subtask load_link_transactions_bronze_from_mongo
[2025-11-01T20:06:42.861+0000] {task_command.py:423} INFO - Running <TaskInstance: ingestion_pipeline.load_link_transactions_bronze_from_mongo scheduled__2025-10-08T00:00:00+00:00 [running]> on host 1a955fda0cfd
[2025-11-01T20:06:43.498+0000] {taskinstance.py:2480} INFO - Exporting env vars: AIRFLOW_CTX_DAG_OWNER='***' AIRFLOW_CTX_DAG_ID='ingestion_pipeline' AIRFLOW_CTX_TASK_ID='load_link_transactions_bronze_from_mongo' AIRFLOW_CTX_EXECUTION_DATE='2025-10-08T00:00:00+00:00' AIRFLOW_CTX_TRY_NUMBER='1' AIRFLOW_CTX_DAG_RUN_ID='scheduled__2025-10-08T00:00:00+00:00'
[2025-11-01T20:06:48.596+0000] {crypto.py:82} WARNING - empty cryptography key - values will not be stored encrypted.
[2025-11-01T20:06:48.610+0000] {base.py:83} INFO - Using connection ID 'mongo_default' for task execution.
[2025-11-01T20:06:48.680+0000] {base.py:83} INFO - Using connection ID 'clickhouse_default' for task execution.
[2025-11-01T20:06:48.712+0000] {mongo_to_clickhouse.py:241} INFO - [mongo->ch] Mongo query: {'_snapshot_date': {'$gte': datetime.datetime(2025, 10, 8, 0, 0), '$lte': datetime.datetime(2025, 10, 8, 23, 59, 59, 999000)}}
[2025-11-01T20:06:48.726+0000] {mongo_to_clickhouse.py:172} INFO - [mongo->ch] Dropped partition for _snapshot_date=2025-10-08.
[2025-11-01T20:06:48.885+0000] {mongo_to_clickhouse.py:275} INFO - [mongo->ch] Inserted 0 rows into bronze.link_transactions.
[2025-11-01T20:06:48.893+0000] {mongo_to_clickhouse.py:277} INFO - [mongo->ch] No matching docs found for given filter.
[2025-11-01T20:06:48.906+0000] {python.py:201} INFO - Done. Returned value was: None
[2025-11-01T20:06:48.957+0000] {taskinstance.py:1138} INFO - Marking task as SUCCESS. dag_id=ingestion_pipeline, task_id=load_link_transactions_bronze_from_mongo, execution_date=20251008T000000, start_date=20251101T200642, end_date=20251101T200648
[2025-11-01T20:06:49.136+0000] {local_task_job_runner.py:234} INFO - Task exited with return code 0
[2025-11-01T20:06:49.338+0000] {taskinstance.py:3280} INFO - 0 downstream tasks scheduled from follow-on schedule check
[2025-11-01T20:18:09.113+0000] {taskinstance.py:1956} INFO - Dependencies all met for dep_context=non-requeueable deps ti=<TaskInstance: ingestion_pipeline.load_link_transactions_bronze_from_mongo scheduled__2025-10-08T00:00:00+00:00 [queued]>
[2025-11-01T20:18:09.135+0000] {taskinstance.py:1956} INFO - Dependencies all met for dep_context=requeueable deps ti=<TaskInstance: ingestion_pipeline.load_link_transactions_bronze_from_mongo scheduled__2025-10-08T00:00:00+00:00 [queued]>
[2025-11-01T20:18:09.136+0000] {taskinstance.py:2170} INFO - Starting attempt 1 of 2
[2025-11-01T20:18:09.181+0000] {taskinstance.py:2191} INFO - Executing <Task(PythonOperator): load_link_transactions_bronze_from_mongo> on 2025-10-08 00:00:00+00:00
[2025-11-01T20:18:09.200+0000] {standard_task_runner.py:60} INFO - Started process 452 to run task
[2025-11-01T20:18:09.214+0000] {standard_task_runner.py:87} INFO - Running: ['***', 'tasks', 'run', 'ingestion_pipeline', 'load_link_transactions_bronze_from_mongo', 'scheduled__2025-10-08T00:00:00+00:00', '--job-id', '47', '--raw', '--subdir', 'DAGS_FOLDER/ingestion_dag.py', '--cfg-path', '/tmp/tmp3y0ja716']
[2025-11-01T20:18:09.225+0000] {standard_task_runner.py:88} INFO - Job 47: Subtask load_link_transactions_bronze_from_mongo
[2025-11-01T20:18:09.621+0000] {task_command.py:423} INFO - Running <TaskInstance: ingestion_pipeline.load_link_transactions_bronze_from_mongo scheduled__2025-10-08T00:00:00+00:00 [running]> on host 6335aa85b335
[2025-11-01T20:18:10.106+0000] {taskinstance.py:2480} INFO - Exporting env vars: AIRFLOW_CTX_DAG_OWNER='***' AIRFLOW_CTX_DAG_ID='ingestion_pipeline' AIRFLOW_CTX_TASK_ID='load_link_transactions_bronze_from_mongo' AIRFLOW_CTX_EXECUTION_DATE='2025-10-08T00:00:00+00:00' AIRFLOW_CTX_TRY_NUMBER='1' AIRFLOW_CTX_DAG_RUN_ID='scheduled__2025-10-08T00:00:00+00:00'
[2025-11-01T20:18:13.379+0000] {crypto.py:82} WARNING - empty cryptography key - values will not be stored encrypted.
[2025-11-01T20:18:13.399+0000] {base.py:83} INFO - Using connection ID 'mongo_default' for task execution.
[2025-11-01T20:18:13.467+0000] {base.py:83} INFO - Using connection ID 'clickhouse_default' for task execution.
[2025-11-01T20:18:13.485+0000] {mongo_to_clickhouse.py:241} INFO - [mongo->ch] Mongo query: {'_snapshot_date': {'$gte': datetime.datetime(2025, 10, 8, 0, 0), '$lte': datetime.datetime(2025, 10, 8, 23, 59, 59, 999000)}}
[2025-11-01T20:18:13.494+0000] {mongo_to_clickhouse.py:172} INFO - [mongo->ch] Dropped partition for _snapshot_date=2025-10-08.
[2025-11-01T20:18:13.542+0000] {mongo_to_clickhouse.py:275} INFO - [mongo->ch] Inserted 0 rows into bronze.link_transactions.
[2025-11-01T20:18:13.544+0000] {mongo_to_clickhouse.py:277} INFO - [mongo->ch] No matching docs found for given filter.
[2025-11-01T20:18:13.549+0000] {python.py:201} INFO - Done. Returned value was: None
[2025-11-01T20:18:13.586+0000] {taskinstance.py:1138} INFO - Marking task as SUCCESS. dag_id=ingestion_pipeline, task_id=load_link_transactions_bronze_from_mongo, execution_date=20251008T000000, start_date=20251101T201809, end_date=20251101T201813
[2025-11-01T20:18:13.766+0000] {local_task_job_runner.py:234} INFO - Task exited with return code 0
[2025-11-01T20:18:13.906+0000] {taskinstance.py:3280} INFO - 0 downstream tasks scheduled from follow-on schedule check
[2025-11-02T01:29:23.685+0000] {taskinstance.py:1956} INFO - Dependencies all met for dep_context=non-requeueable deps ti=<TaskInstance: ingestion_pipeline.load_link_transactions_bronze_from_mongo scheduled__2025-10-08T00:00:00+00:00 [queued]>
[2025-11-02T01:29:23.760+0000] {taskinstance.py:1956} INFO - Dependencies all met for dep_context=requeueable deps ti=<TaskInstance: ingestion_pipeline.load_link_transactions_bronze_from_mongo scheduled__2025-10-08T00:00:00+00:00 [queued]>
[2025-11-02T01:29:23.802+0000] {taskinstance.py:2170} INFO - Starting attempt 1 of 2
[2025-11-02T01:29:24.434+0000] {taskinstance.py:2191} INFO - Executing <Task(PythonOperator): load_link_transactions_bronze_from_mongo> on 2025-10-08 00:00:00+00:00
[2025-11-02T01:29:24.454+0000] {standard_task_runner.py:60} INFO - Started process 616 to run task
[2025-11-02T01:29:24.483+0000] {standard_task_runner.py:87} INFO - Running: ['***', 'tasks', 'run', 'ingestion_pipeline', 'load_link_transactions_bronze_from_mongo', 'scheduled__2025-10-08T00:00:00+00:00', '--job-id', '42', '--raw', '--subdir', 'DAGS_FOLDER/ingestion_dag.py', '--cfg-path', '/tmp/tmpg77kraow']
[2025-11-02T01:29:24.550+0000] {standard_task_runner.py:88} INFO - Job 42: Subtask load_link_transactions_bronze_from_mongo
[2025-11-02T01:29:25.108+0000] {task_command.py:423} INFO - Running <TaskInstance: ingestion_pipeline.load_link_transactions_bronze_from_mongo scheduled__2025-10-08T00:00:00+00:00 [running]> on host 3b0074fa0b5e
[2025-11-02T01:29:25.710+0000] {taskinstance.py:2480} INFO - Exporting env vars: AIRFLOW_CTX_DAG_OWNER='***' AIRFLOW_CTX_DAG_ID='ingestion_pipeline' AIRFLOW_CTX_TASK_ID='load_link_transactions_bronze_from_mongo' AIRFLOW_CTX_EXECUTION_DATE='2025-10-08T00:00:00+00:00' AIRFLOW_CTX_TRY_NUMBER='1' AIRFLOW_CTX_DAG_RUN_ID='scheduled__2025-10-08T00:00:00+00:00'
[2025-11-02T01:29:29.588+0000] {crypto.py:82} WARNING - empty cryptography key - values will not be stored encrypted.
[2025-11-02T01:29:29.597+0000] {base.py:83} INFO - Using connection ID 'mongo_default' for task execution.
[2025-11-02T01:29:29.660+0000] {base.py:83} INFO - Using connection ID 'clickhouse_default' for task execution.
[2025-11-02T01:29:29.680+0000] {mongo_to_clickhouse.py:241} INFO - [mongo->ch] Mongo query: {'_snapshot_date': {'$gte': datetime.datetime(2025, 10, 8, 0, 0), '$lte': datetime.datetime(2025, 10, 8, 23, 59, 59, 999000)}}
[2025-11-02T01:29:29.693+0000] {mongo_to_clickhouse.py:172} INFO - [mongo->ch] Dropped partition for _snapshot_date=2025-10-08.
[2025-11-02T01:29:29.837+0000] {mongo_to_clickhouse.py:275} INFO - [mongo->ch] Inserted 0 rows into bronze.link_transactions.
[2025-11-02T01:29:29.846+0000] {mongo_to_clickhouse.py:277} INFO - [mongo->ch] No matching docs found for given filter.
[2025-11-02T01:29:29.861+0000] {python.py:201} INFO - Done. Returned value was: None
[2025-11-02T01:29:29.924+0000] {taskinstance.py:1138} INFO - Marking task as SUCCESS. dag_id=ingestion_pipeline, task_id=load_link_transactions_bronze_from_mongo, execution_date=20251008T000000, start_date=20251102T012923, end_date=20251102T012929
[2025-11-02T01:29:30.184+0000] {local_task_job_runner.py:234} INFO - Task exited with return code 0
[2025-11-02T01:29:30.479+0000] {taskinstance.py:3280} INFO - 0 downstream tasks scheduled from follow-on schedule check
[2025-11-02T11:27:22.722+0000] {taskinstance.py:1956} INFO - Dependencies all met for dep_context=non-requeueable deps ti=<TaskInstance: ingestion_pipeline.load_link_transactions_bronze_from_mongo scheduled__2025-10-08T00:00:00+00:00 [queued]>
[2025-11-02T11:27:22.771+0000] {taskinstance.py:1956} INFO - Dependencies all met for dep_context=requeueable deps ti=<TaskInstance: ingestion_pipeline.load_link_transactions_bronze_from_mongo scheduled__2025-10-08T00:00:00+00:00 [queued]>
[2025-11-02T11:27:22.773+0000] {taskinstance.py:2170} INFO - Starting attempt 1 of 2
[2025-11-02T11:27:22.950+0000] {taskinstance.py:2191} INFO - Executing <Task(PythonOperator): load_link_transactions_bronze_from_mongo> on 2025-10-08 00:00:00+00:00
[2025-11-02T11:27:23.004+0000] {standard_task_runner.py:60} INFO - Started process 716 to run task
[2025-11-02T11:27:23.034+0000] {standard_task_runner.py:87} INFO - Running: ['***', 'tasks', 'run', 'ingestion_pipeline', 'load_link_transactions_bronze_from_mongo', 'scheduled__2025-10-08T00:00:00+00:00', '--job-id', '42', '--raw', '--subdir', 'DAGS_FOLDER/ingestion_dag.py', '--cfg-path', '/tmp/tmp4nh9mr4s']
[2025-11-02T11:27:23.039+0000] {standard_task_runner.py:88} INFO - Job 42: Subtask load_link_transactions_bronze_from_mongo
[2025-11-02T11:27:23.488+0000] {task_command.py:423} INFO - Running <TaskInstance: ingestion_pipeline.load_link_transactions_bronze_from_mongo scheduled__2025-10-08T00:00:00+00:00 [running]> on host 0d39d4365eb9
[2025-11-02T11:27:24.408+0000] {taskinstance.py:2480} INFO - Exporting env vars: AIRFLOW_CTX_DAG_OWNER='***' AIRFLOW_CTX_DAG_ID='ingestion_pipeline' AIRFLOW_CTX_TASK_ID='load_link_transactions_bronze_from_mongo' AIRFLOW_CTX_EXECUTION_DATE='2025-10-08T00:00:00+00:00' AIRFLOW_CTX_TRY_NUMBER='1' AIRFLOW_CTX_DAG_RUN_ID='scheduled__2025-10-08T00:00:00+00:00'
[2025-11-02T11:27:30.469+0000] {crypto.py:82} WARNING - empty cryptography key - values will not be stored encrypted.
[2025-11-02T11:27:30.481+0000] {base.py:83} INFO - Using connection ID 'mongo_default' for task execution.
[2025-11-02T11:27:30.860+0000] {base.py:83} INFO - Using connection ID 'clickhouse_default' for task execution.
[2025-11-02T11:27:30.958+0000] {mongo_to_clickhouse.py:241} INFO - [mongo->ch] Mongo query: {'_snapshot_date': {'$gte': datetime.datetime(2025, 10, 8, 0, 0), '$lte': datetime.datetime(2025, 10, 8, 23, 59, 59, 999000)}}
[2025-11-02T11:27:30.979+0000] {mongo_to_clickhouse.py:172} INFO - [mongo->ch] Dropped partition for _snapshot_date=2025-10-08.
[2025-11-02T11:27:31.167+0000] {mongo_to_clickhouse.py:275} INFO - [mongo->ch] Inserted 0 rows into bronze.link_transactions.
[2025-11-02T11:27:31.171+0000] {mongo_to_clickhouse.py:277} INFO - [mongo->ch] No matching docs found for given filter.
[2025-11-02T11:27:31.196+0000] {python.py:201} INFO - Done. Returned value was: None
[2025-11-02T11:27:31.332+0000] {taskinstance.py:1138} INFO - Marking task as SUCCESS. dag_id=ingestion_pipeline, task_id=load_link_transactions_bronze_from_mongo, execution_date=20251008T000000, start_date=20251102T112722, end_date=20251102T112731
[2025-11-02T11:27:31.580+0000] {local_task_job_runner.py:234} INFO - Task exited with return code 0
[2025-11-02T11:27:31.698+0000] {taskinstance.py:3280} INFO - 0 downstream tasks scheduled from follow-on schedule check
