[2025-11-01T14:27:47.478+0000] {taskinstance.py:1956} INFO - Dependencies all met for dep_context=non-requeueable deps ti=<TaskInstance: silver_transformation_pipeline.dbt_run_payments manual__2025-11-01T14:21:28.130290+00:00 [queued]>
[2025-11-01T14:27:47.492+0000] {taskinstance.py:1956} INFO - Dependencies all met for dep_context=requeueable deps ti=<TaskInstance: silver_transformation_pipeline.dbt_run_payments manual__2025-11-01T14:21:28.130290+00:00 [queued]>
[2025-11-01T14:27:47.493+0000] {taskinstance.py:2170} INFO - Starting attempt 1 of 2
[2025-11-01T14:27:47.508+0000] {taskinstance.py:2191} INFO - Executing <Task(BashOperator): dbt_run_payments> on 2025-11-01 14:21:28.130290+00:00
[2025-11-01T14:27:47.517+0000] {standard_task_runner.py:60} INFO - Started process 765 to run task
[2025-11-01T14:27:47.524+0000] {standard_task_runner.py:87} INFO - Running: ['***', 'tasks', 'run', 'silver_transformation_pipeline', 'dbt_run_payments', 'manual__2025-11-01T14:21:28.130290+00:00', '--job-id', '24', '--raw', '--subdir', 'DAGS_FOLDER/silver_dag.py', '--cfg-path', '/tmp/tmpl6v0tjq6']
[2025-11-01T14:27:47.529+0000] {standard_task_runner.py:88} INFO - Job 24: Subtask dbt_run_payments
[2025-11-01T14:27:47.621+0000] {task_command.py:423} INFO - Running <TaskInstance: silver_transformation_pipeline.dbt_run_payments manual__2025-11-01T14:21:28.130290+00:00 [running]> on host 8c60c1c29b68
[2025-11-01T14:27:47.739+0000] {taskinstance.py:2480} INFO - Exporting env vars: AIRFLOW_CTX_DAG_OWNER='***' AIRFLOW_CTX_DAG_ID='silver_transformation_pipeline' AIRFLOW_CTX_TASK_ID='dbt_run_payments' AIRFLOW_CTX_EXECUTION_DATE='2025-11-01T14:21:28.130290+00:00' AIRFLOW_CTX_TRY_NUMBER='1' AIRFLOW_CTX_DAG_RUN_ID='manual__2025-11-01T14:21:28.130290+00:00'
[2025-11-01T14:27:47.742+0000] {subprocess.py:63} INFO - Tmp dir root location: /tmp
[2025-11-01T14:27:47.744+0000] {subprocess.py:75} INFO - Running command: ['/usr/bin/bash', '-c', 'export PATH=$HOME/.local/bin:/usr/local/bin:$PATH && dbt --no-use-colors run --project-dir /opt/***/dbt_project --profiles-dir /opt/***/dbt_project --select silver_payments --vars \'{"ds_lagged":"$DS_LAGGED"}\'']
[2025-11-01T14:27:47.758+0000] {subprocess.py:86} INFO - Output:
[2025-11-01T14:27:47.760+0000] {subprocess.py:93} INFO - /usr/bin/bash: line 1: dbt: command not found
[2025-11-01T14:27:47.764+0000] {subprocess.py:97} INFO - Command exited with return code 127
[2025-11-01T14:27:47.778+0000] {taskinstance.py:2698} ERROR - Task failed with exception
Traceback (most recent call last):
  File "/home/airflow/.local/lib/python3.8/site-packages/airflow/models/taskinstance.py", line 433, in _execute_task
    result = execute_callable(context=context, **execute_callable_kwargs)
  File "/home/airflow/.local/lib/python3.8/site-packages/airflow/operators/bash.py", line 212, in execute
    raise AirflowException(
airflow.exceptions.AirflowException: Bash command failed. The command returned a non-zero exit code 127.
[2025-11-01T14:27:47.782+0000] {taskinstance.py:1138} INFO - Marking task as UP_FOR_RETRY. dag_id=silver_transformation_pipeline, task_id=dbt_run_payments, execution_date=20251101T142128, start_date=20251101T142747, end_date=20251101T142747
[2025-11-01T14:27:47.802+0000] {standard_task_runner.py:107} ERROR - Failed to execute job 24 for task dbt_run_payments (Bash command failed. The command returned a non-zero exit code 127.; 765)
[2025-11-01T14:27:47.857+0000] {local_task_job_runner.py:234} INFO - Task exited with return code 1
[2025-11-01T14:27:47.893+0000] {taskinstance.py:3280} INFO - 0 downstream tasks scheduled from follow-on schedule check
