[2025-11-01T20:13:49.948+0000] {taskinstance.py:1956} INFO - Dependencies all met for dep_context=non-requeueable deps ti=<TaskInstance: silver_transformation_pipeline.dbt_run_payments scheduled__2025-10-07T00:00:00+00:00 [queued]>
[2025-11-01T20:13:49.963+0000] {taskinstance.py:1956} INFO - Dependencies all met for dep_context=requeueable deps ti=<TaskInstance: silver_transformation_pipeline.dbt_run_payments scheduled__2025-10-07T00:00:00+00:00 [queued]>
[2025-11-01T20:13:49.964+0000] {taskinstance.py:2170} INFO - Starting attempt 1 of 2
[2025-11-01T20:13:49.986+0000] {taskinstance.py:2191} INFO - Executing <Task(PythonOperator): dbt_run_payments> on 2025-10-07 00:00:00+00:00
[2025-11-01T20:13:49.994+0000] {standard_task_runner.py:60} INFO - Started process 1577 to run task
[2025-11-01T20:13:49.999+0000] {standard_task_runner.py:87} INFO - Running: ['***', 'tasks', 'run', 'silver_transformation_pipeline', 'dbt_run_payments', 'scheduled__2025-10-07T00:00:00+00:00', '--job-id', '159', '--raw', '--subdir', 'DAGS_FOLDER/silver_dag.py', '--cfg-path', '/tmp/tmptvd28zb9']
[2025-11-01T20:13:50.002+0000] {standard_task_runner.py:88} INFO - Job 159: Subtask dbt_run_payments
[2025-11-01T20:13:50.091+0000] {task_command.py:423} INFO - Running <TaskInstance: silver_transformation_pipeline.dbt_run_payments scheduled__2025-10-07T00:00:00+00:00 [running]> on host 1a955fda0cfd
[2025-11-01T20:13:50.196+0000] {taskinstance.py:2480} INFO - Exporting env vars: AIRFLOW_CTX_DAG_OWNER='***' AIRFLOW_CTX_DAG_ID='silver_transformation_pipeline' AIRFLOW_CTX_TASK_ID='dbt_run_payments' AIRFLOW_CTX_EXECUTION_DATE='2025-10-07T00:00:00+00:00' AIRFLOW_CTX_TRY_NUMBER='1' AIRFLOW_CTX_DAG_RUN_ID='scheduled__2025-10-07T00:00:00+00:00'
[2025-11-01T20:13:56.795+0000] {python.py:201} INFO - Done. Returned value was: None
[2025-11-01T20:13:56.816+0000] {taskinstance.py:1138} INFO - Marking task as SUCCESS. dag_id=silver_transformation_pipeline, task_id=dbt_run_payments, execution_date=20251007T000000, start_date=20251101T201349, end_date=20251101T201356
[2025-11-01T20:13:56.863+0000] {local_task_job_runner.py:234} INFO - Task exited with return code 0
[2025-11-01T20:13:56.890+0000] {taskinstance.py:3280} INFO - 0 downstream tasks scheduled from follow-on schedule check
[2025-11-01T20:20:33.027+0000] {taskinstance.py:1956} INFO - Dependencies all met for dep_context=non-requeueable deps ti=<TaskInstance: silver_transformation_pipeline.dbt_run_payments scheduled__2025-10-07T00:00:00+00:00 [queued]>
[2025-11-01T20:20:33.037+0000] {taskinstance.py:1956} INFO - Dependencies all met for dep_context=requeueable deps ti=<TaskInstance: silver_transformation_pipeline.dbt_run_payments scheduled__2025-10-07T00:00:00+00:00 [queued]>
[2025-11-01T20:20:33.038+0000] {taskinstance.py:2170} INFO - Starting attempt 1 of 2
[2025-11-01T20:20:33.056+0000] {taskinstance.py:2191} INFO - Executing <Task(PythonOperator): dbt_run_payments> on 2025-10-07 00:00:00+00:00
[2025-11-01T20:20:33.062+0000] {standard_task_runner.py:60} INFO - Started process 1235 to run task
[2025-11-01T20:20:33.066+0000] {standard_task_runner.py:87} INFO - Running: ['***', 'tasks', 'run', 'silver_transformation_pipeline', 'dbt_run_payments', 'scheduled__2025-10-07T00:00:00+00:00', '--job-id', '152', '--raw', '--subdir', 'DAGS_FOLDER/silver_dag.py', '--cfg-path', '/tmp/tmp2chhitfn']
[2025-11-01T20:20:33.074+0000] {standard_task_runner.py:88} INFO - Job 152: Subtask dbt_run_payments
[2025-11-01T20:20:33.158+0000] {task_command.py:423} INFO - Running <TaskInstance: silver_transformation_pipeline.dbt_run_payments scheduled__2025-10-07T00:00:00+00:00 [running]> on host 6335aa85b335
[2025-11-01T20:20:33.278+0000] {taskinstance.py:2480} INFO - Exporting env vars: AIRFLOW_CTX_DAG_OWNER='***' AIRFLOW_CTX_DAG_ID='silver_transformation_pipeline' AIRFLOW_CTX_TASK_ID='dbt_run_payments' AIRFLOW_CTX_EXECUTION_DATE='2025-10-07T00:00:00+00:00' AIRFLOW_CTX_TRY_NUMBER='1' AIRFLOW_CTX_DAG_RUN_ID='scheduled__2025-10-07T00:00:00+00:00'
[2025-11-01T20:20:39.370+0000] {python.py:201} INFO - Done. Returned value was: None
[2025-11-01T20:20:39.389+0000] {taskinstance.py:1138} INFO - Marking task as SUCCESS. dag_id=silver_transformation_pipeline, task_id=dbt_run_payments, execution_date=20251007T000000, start_date=20251101T202033, end_date=20251101T202039
[2025-11-01T20:20:39.450+0000] {local_task_job_runner.py:234} INFO - Task exited with return code 0
[2025-11-01T20:20:39.485+0000] {taskinstance.py:3280} INFO - 0 downstream tasks scheduled from follow-on schedule check
