[2025-11-01T11:50:28.825+0000] {taskinstance.py:1956} INFO - Dependencies all met for dep_context=non-requeueable deps ti=<TaskInstance: ingestion_pipeline.silver_dbt.dbt_run_incrementals manual__2025-11-01T11:45:14.831987+00:00 [queued]>
[2025-11-01T11:50:28.845+0000] {taskinstance.py:1956} INFO - Dependencies all met for dep_context=requeueable deps ti=<TaskInstance: ingestion_pipeline.silver_dbt.dbt_run_incrementals manual__2025-11-01T11:45:14.831987+00:00 [queued]>
[2025-11-01T11:50:28.849+0000] {taskinstance.py:2170} INFO - Starting attempt 2 of 2
[2025-11-01T11:50:28.870+0000] {taskinstance.py:2191} INFO - Executing <Task(BashOperator): silver_dbt.dbt_run_incrementals> on 2025-11-01 11:45:14.831987+00:00
[2025-11-01T11:50:28.876+0000] {standard_task_runner.py:60} INFO - Started process 1599 to run task
[2025-11-01T11:50:28.881+0000] {standard_task_runner.py:87} INFO - Running: ['***', 'tasks', 'run', 'ingestion_pipeline', 'silver_dbt.dbt_run_incrementals', 'manual__2025-11-01T11:45:14.831987+00:00', '--job-id', '69', '--raw', '--subdir', 'DAGS_FOLDER/ingestion_dag.py', '--cfg-path', '/tmp/tmplu4foxx5']
[2025-11-01T11:50:28.885+0000] {standard_task_runner.py:88} INFO - Job 69: Subtask silver_dbt.dbt_run_incrementals
[2025-11-01T11:50:29.021+0000] {task_command.py:423} INFO - Running <TaskInstance: ingestion_pipeline.silver_dbt.dbt_run_incrementals manual__2025-11-01T11:45:14.831987+00:00 [running]> on host 6ac9b46937d1
[2025-11-01T11:50:29.171+0000] {taskinstance.py:2480} INFO - Exporting env vars: AIRFLOW_CTX_DAG_OWNER='***' AIRFLOW_CTX_DAG_ID='ingestion_pipeline' AIRFLOW_CTX_TASK_ID='silver_dbt.dbt_run_incrementals' AIRFLOW_CTX_EXECUTION_DATE='2025-11-01T11:45:14.831987+00:00' AIRFLOW_CTX_TRY_NUMBER='2' AIRFLOW_CTX_DAG_RUN_ID='manual__2025-11-01T11:45:14.831987+00:00'
[2025-11-01T11:50:29.173+0000] {subprocess.py:63} INFO - Tmp dir root location: /tmp
[2025-11-01T11:50:29.175+0000] {subprocess.py:75} INFO - Running command: ['/usr/bin/bash', '-c', 'docker exec -i dbt bash -lc \'set -euo pipefail\ncd /dbt\n\n# Build vars JSON deterministically via here-doc (avoids subshell quoting issues)\ncat > /tmp/dbt_vars.py <<"PY"\nfrom datetime import datetime, timedelta\nimport json\nds = "2025-11-01"\nlagged = (datetime.strptime(ds, "%Y-%m-%d") - timedelta(days=0)).strftime("%Y-%m-%d")\nprint(json.dumps({"ds_lagged": lagged}))\nPY\npython /tmp/dbt_vars.py > /tmp/dbt_vars.json\necho "dbt vars => $(cat /tmp/dbt_vars.json)"\n\n# 1) Compile so we always have files to inspect\ndbt --no-use-colors compile --profiles-dir /dbt --select silver_payments silver_link_transactions --vars "$(cat /tmp/dbt_vars.json)"\n\n# 2) Run; on error, print compiled SQL and log tail\nset +e\ndbt --no-use-colors run --profiles-dir /dbt --select silver_payments silver_link_transactions --vars "$(cat /tmp/dbt_vars.json)" --debug\nstatus=$?\nif [ $status -ne 0 ]; then\n  echo "---- COMPILED SQL: silver_payments ----";   cat target/compiled/*/models/silver/silver_payments.sql 2>/dev/null || true;   echo "---- COMPILED SQL: silver_link_transactions ----";   cat target/compiled/*/models/silver/silver_link_transactions.sql 2>/dev/null || true;   echo "---- LAST 200 LINES OF logs/dbt.log ----";   tail -n 200 logs/dbt.log 2>/dev/null || true; fi\nexit $status\n\'']
[2025-11-01T11:50:29.187+0000] {subprocess.py:86} INFO - Output:
[2025-11-01T11:50:29.333+0000] {subprocess.py:93} INFO - dbt vars => {"ds_lagged": "2025-11-01"}
[2025-11-01T11:50:31.067+0000] {subprocess.py:93} INFO - 11:50:31  Running with dbt=1.10.13
[2025-11-01T11:50:31.311+0000] {subprocess.py:93} INFO - 11:50:31  Registered adapter: clickhouse=1.9.5
[2025-11-01T11:50:31.480+0000] {subprocess.py:93} INFO - 11:50:31  Unable to do partial parsing because config vars, config profile, or config target have changed
[2025-11-01T11:50:32.912+0000] {subprocess.py:93} INFO - 11:50:32  Found 3 models, 3 sources, 491 macros
[2025-11-01T11:50:32.920+0000] {subprocess.py:93} INFO - 11:50:32
[2025-11-01T11:50:32.922+0000] {subprocess.py:93} INFO - 11:50:32  Concurrency: 4 threads (target='dev')
[2025-11-01T11:50:32.923+0000] {subprocess.py:93} INFO - 11:50:32
[2025-11-01T11:50:33.270+0000] {subprocess.py:93} INFO - Compiled node 'silver_payments' is:
[2025-11-01T11:50:33.271+0000] {subprocess.py:93} INFO - 
[2025-11-01T11:50:33.271+0000] {subprocess.py:93} INFO - 
[2025-11-01T11:50:33.272+0000] {subprocess.py:93} INFO - 
[2025-11-01T11:50:33.272+0000] {subprocess.py:93} INFO - 
[2025-11-01T11:50:33.272+0000] {subprocess.py:93} INFO - with raw as (
[2025-11-01T11:50:33.273+0000] {subprocess.py:93} INFO -     select
[2025-11-01T11:50:33.274+0000] {subprocess.py:93} INFO -         -- Cast IDs defensively
[2025-11-01T11:50:33.274+0000] {subprocess.py:93} INFO -         toUInt64OrNull(id)           as payment_id,
[2025-11-01T11:50:33.275+0000] {subprocess.py:93} INFO -         toUInt64OrNull(merchant_id)  as merchant_id,
[2025-11-01T11:50:33.275+0000] {subprocess.py:93} INFO -         toUInt64OrNull(acquirer_id)  as acquirer_id,
[2025-11-01T11:50:33.276+0000] {subprocess.py:93} INFO - 
[2025-11-01T11:50:33.277+0000] {subprocess.py:93} INFO - 
[2025-11-01T11:50:33.277+0000] {subprocess.py:93} INFO -         -- Strings only; avoid optional JSON columns for now
[2025-11-01T11:50:33.278+0000] {subprocess.py:93} INFO -         toLowCardinality(state)      as state,
[2025-11-01T11:50:33.278+0000] {subprocess.py:93} INFO -         toLowCardinality(card_type)  as card_type,
[2025-11-01T11:50:33.279+0000] {subprocess.py:93} INFO -         reference,
[2025-11-01T11:50:33.279+0000] {subprocess.py:93} INFO -         order_reference,
[2025-11-01T11:50:33.280+0000] {subprocess.py:93} INFO - 
[2025-11-01T11:50:33.282+0000] {subprocess.py:93} INFO - 
[2025-11-01T11:50:33.284+0000] {subprocess.py:93} INFO -         -- Normalize timestamps to string first
[2025-11-01T11:50:33.285+0000] {subprocess.py:93} INFO -         case
[2025-11-01T11:50:33.286+0000] {subprocess.py:93} INFO -             when toTypeName(created_at) like 'String%' then replaceRegexpAll(created_at, '\\s+UTC$', '')
[2025-11-01T11:50:33.287+0000] {subprocess.py:93} INFO -             else toString(created_at)
[2025-11-01T11:50:33.287+0000] {subprocess.py:93} INFO -         end as created_at_str,
[2025-11-01T11:50:33.288+0000] {subprocess.py:93} INFO - 
[2025-11-01T11:50:33.289+0000] {subprocess.py:93} INFO - 
[2025-11-01T11:50:33.290+0000] {subprocess.py:93} INFO -         case
[2025-11-01T11:50:33.290+0000] {subprocess.py:93} INFO -             when toTypeName(updated_at) like 'String%' then replaceRegexpAll(updated_at, '\\s+UTC$', '')
[2025-11-01T11:50:33.291+0000] {subprocess.py:93} INFO -             else toString(updated_at)
[2025-11-01T11:50:33.292+0000] {subprocess.py:93} INFO -         end as updated_at_str
[2025-11-01T11:50:33.292+0000] {subprocess.py:93} INFO -     from `bronze`.`payments`
[2025-11-01T11:50:33.293+0000] {subprocess.py:93} INFO - ),
[2025-11-01T11:50:33.293+0000] {subprocess.py:93} INFO - 
[2025-11-01T11:50:33.294+0000] {subprocess.py:93} INFO - 
[2025-11-01T11:50:33.295+0000] {subprocess.py:93} INFO - src as (
[2025-11-01T11:50:33.295+0000] {subprocess.py:93} INFO -     select
[2025-11-01T11:50:33.296+0000] {subprocess.py:93} INFO -         payment_id,
[2025-11-01T11:50:33.296+0000] {subprocess.py:93} INFO -         merchant_id,
[2025-11-01T11:50:33.297+0000] {subprocess.py:93} INFO -         acquirer_id,
[2025-11-01T11:50:33.297+0000] {subprocess.py:93} INFO -         state,
[2025-11-01T11:50:33.298+0000] {subprocess.py:93} INFO -         card_type,
[2025-11-01T11:50:33.299+0000] {subprocess.py:93} INFO -         reference,
[2025-11-01T11:50:33.299+0000] {subprocess.py:93} INFO -         order_reference,
[2025-11-01T11:50:33.300+0000] {subprocess.py:93} INFO -         parseDateTime64BestEffortOrNull(created_at_str, 6, 'UTC') as created_at,
[2025-11-01T11:50:33.300+0000] {subprocess.py:93} INFO -         parseDateTime64BestEffortOrNull(updated_at_str, 6, 'UTC') as updated_at
[2025-11-01T11:50:33.301+0000] {subprocess.py:93} INFO -     from raw
[2025-11-01T11:50:33.301+0000] {subprocess.py:93} INFO - ),
[2025-11-01T11:50:33.301+0000] {subprocess.py:93} INFO - 
[2025-11-01T11:50:33.302+0000] {subprocess.py:93} INFO - 
[2025-11-01T11:50:33.303+0000] {subprocess.py:93} INFO - ranked as (
[2025-11-01T11:50:33.303+0000] {subprocess.py:93} INFO -     select
[2025-11-01T11:50:33.304+0000] {subprocess.py:93} INFO -         *,
[2025-11-01T11:50:33.305+0000] {subprocess.py:93} INFO -         row_number() over (
[2025-11-01T11:50:33.306+0000] {subprocess.py:93} INFO -             partition by payment_id
[2025-11-01T11:50:33.306+0000] {subprocess.py:93} INFO -             order by
[2025-11-01T11:50:33.306+0000] {subprocess.py:93} INFO -                 coalesce(updated_at, toDateTime64('1970-01-01 00:00:00', 6, 'UTC')) desc,
[2025-11-01T11:50:33.307+0000] {subprocess.py:93} INFO -                 coalesce(created_at, toDateTime64('1970-01-01 00:00:00', 6, 'UTC')) desc
[2025-11-01T11:50:33.307+0000] {subprocess.py:93} INFO -         ) as rn
[2025-11-01T11:50:33.308+0000] {subprocess.py:93} INFO -     from src
[2025-11-01T11:50:33.308+0000] {subprocess.py:93} INFO - )
[2025-11-01T11:50:33.309+0000] {subprocess.py:93} INFO - 
[2025-11-01T11:50:33.309+0000] {subprocess.py:93} INFO - 
[2025-11-01T11:50:33.309+0000] {subprocess.py:93} INFO - select
[2025-11-01T11:50:33.310+0000] {subprocess.py:93} INFO -     payment_id,
[2025-11-01T11:50:33.310+0000] {subprocess.py:93} INFO -     merchant_id,
[2025-11-01T11:50:33.311+0000] {subprocess.py:93} INFO -     acquirer_id,
[2025-11-01T11:50:33.311+0000] {subprocess.py:93} INFO -     state,
[2025-11-01T11:50:33.312+0000] {subprocess.py:93} INFO -     card_type,
[2025-11-01T11:50:33.312+0000] {subprocess.py:93} INFO -     reference,
[2025-11-01T11:50:33.312+0000] {subprocess.py:93} INFO -     order_reference,
[2025-11-01T11:50:33.312+0000] {subprocess.py:93} INFO -     created_at,
[2025-11-01T11:50:33.313+0000] {subprocess.py:93} INFO -     updated_at,
[2025-11-01T11:50:33.313+0000] {subprocess.py:93} INFO -     toDate(created_at) as data_date
[2025-11-01T11:50:33.313+0000] {subprocess.py:93} INFO - from ranked
[2025-11-01T11:50:33.314+0000] {subprocess.py:93} INFO - where rn = 1
[2025-11-01T11:50:33.314+0000] {subprocess.py:93} INFO - 
[2025-11-01T11:50:35.551+0000] {subprocess.py:93} INFO - 11:50:35  Sending event: {'category': 'dbt', 'action': 'invocation', 'label': 'start', 'context': [<snowplow_tracker.self_describing_json.SelfDescribingJson object at 0x7748378d1e10>, <snowplow_tracker.self_describing_json.SelfDescribingJson object at 0x7748378d3e50>, <snowplow_tracker.self_describing_json.SelfDescribingJson object at 0x7748378d3690>]}
[2025-11-01T11:50:35.554+0000] {subprocess.py:93} INFO - 11:50:35  Running with dbt=1.10.13
[2025-11-01T11:50:35.557+0000] {subprocess.py:93} INFO - 11:50:35  running dbt with arguments {'warn_error_options': 'WarnErrorOptionsV2(error=[], warn=[], silence=[])', 'no_print': 'None', 'cache_selected_only': 'False', 'log_path': '/dbt/logs', 'target_path': 'None', 'version_check': 'True', 'static_parser': 'True', 'use_colors': 'False', 'printer_width': '80', 'fail_fast': 'False', 'debug': 'True', 'quiet': 'False', 'empty': 'False', 'invocation_command': 'dbt --no-use-colors run --profiles-dir /dbt --select silver_payments silver_link_transactions --vars {"ds_lagged": "2025-11-01"} --debug', 'warn_error': 'None', 'introspect': 'True', 'log_format': 'default', 'log_cache_events': 'False', 'use_experimental_parser': 'False', 'indirect_selection': 'eager', 'partial_parse': 'True', 'profiles_dir': '/dbt', 'send_anonymous_usage_stats': 'True', 'write_json': 'True'}
[2025-11-01T11:50:35.742+0000] {subprocess.py:93} INFO - 11:50:35  Sending event: {'category': 'dbt', 'action': 'project_id', 'label': '84385e26-216c-4e0d-9245-7f6b80d04882', 'context': [<snowplow_tracker.self_describing_json.SelfDescribingJson object at 0x77483773ac90>]}
[2025-11-01T11:50:35.804+0000] {subprocess.py:93} INFO - 11:50:35  Sending event: {'category': 'dbt', 'action': 'adapter_info', 'label': '84385e26-216c-4e0d-9245-7f6b80d04882', 'context': [<snowplow_tracker.self_describing_json.SelfDescribingJson object at 0x774837e49010>]}
[2025-11-01T11:50:35.806+0000] {subprocess.py:93} INFO - 11:50:35  Registered adapter: clickhouse=1.9.5
[2025-11-01T11:50:35.878+0000] {subprocess.py:93} INFO - 11:50:35  checksum: df5618d293beeb6c481662c8f5b2c62e47cd82e3c2287fb14558bc1db743e452, vars: {'ds_lagged': '2025-11-01'}, profile: , target: , version: 1.10.13
[2025-11-01T11:50:36.109+0000] {subprocess.py:93} INFO - 11:50:36  Partial parsing enabled: 0 files deleted, 0 files added, 0 files changed.
[2025-11-01T11:50:36.110+0000] {subprocess.py:93} INFO - 11:50:36  Partial parsing enabled, no changes found, skipping parsing
[2025-11-01T11:50:36.152+0000] {subprocess.py:93} INFO - 11:50:36  Sending event: {'category': 'dbt', 'action': 'load_project', 'label': '84385e26-216c-4e0d-9245-7f6b80d04882', 'context': [<snowplow_tracker.self_describing_json.SelfDescribingJson object at 0x774837b762d0>]}
[2025-11-01T11:50:36.267+0000] {subprocess.py:93} INFO - 11:50:36  Wrote artifact WritableManifest to /dbt/target/manifest.json
[2025-11-01T11:50:36.279+0000] {subprocess.py:93} INFO - 11:50:36  Wrote artifact SemanticManifest to /dbt/target/semantic_manifest.json
[2025-11-01T11:50:36.307+0000] {subprocess.py:93} INFO - 11:50:36  Sending event: {'category': 'dbt', 'action': 'resource_counts', 'label': '84385e26-216c-4e0d-9245-7f6b80d04882', 'context': [<snowplow_tracker.self_describing_json.SelfDescribingJson object at 0x7748376e2bd0>]}
[2025-11-01T11:50:36.308+0000] {subprocess.py:93} INFO - 11:50:36  Found 3 models, 3 sources, 491 macros
[2025-11-01T11:50:36.311+0000] {subprocess.py:93} INFO - 11:50:36  Sending event: {'category': 'dbt', 'action': 'runnable_timing', 'label': '84385e26-216c-4e0d-9245-7f6b80d04882', 'context': [<snowplow_tracker.self_describing_json.SelfDescribingJson object at 0x774837523c90>]}
[2025-11-01T11:50:36.319+0000] {subprocess.py:93} INFO - 11:50:36
[2025-11-01T11:50:36.322+0000] {subprocess.py:93} INFO - 11:50:36  Concurrency: 4 threads (target='dev')
[2025-11-01T11:50:36.324+0000] {subprocess.py:93} INFO - 11:50:36
[2025-11-01T11:50:36.327+0000] {subprocess.py:93} INFO - 11:50:36  Acquiring new clickhouse connection 'master'
[2025-11-01T11:50:36.337+0000] {subprocess.py:93} INFO - 11:50:36  Acquiring new clickhouse connection 'list_'
[2025-11-01T11:50:36.355+0000] {subprocess.py:93} INFO - 11:50:36  Opening a new connection, currently in state init
[2025-11-01T11:50:36.528+0000] {subprocess.py:93} INFO - 11:50:36  dbt_clickhouse adapter: On list_: /* {"app": "dbt", "dbt_version": "1.10.13", "profile_name": "ck_project", "target_name": "dev", "connection_name": "list_"} */
[2025-11-01T11:50:36.529+0000] {subprocess.py:93} INFO - 
[2025-11-01T11:50:36.529+0000] {subprocess.py:93} INFO -     select name from system.databases
[2025-11-01T11:50:36.530+0000] {subprocess.py:93} INFO -   ...
[2025-11-01T11:50:36.534+0000] {subprocess.py:93} INFO - 11:50:36  dbt_clickhouse adapter: SQL status: OK in 0.00 seconds
[2025-11-01T11:50:36.557+0000] {subprocess.py:93} INFO - 11:50:36  Re-using an available connection from the pool (formerly list_, now list__silver)
[2025-11-01T11:50:36.565+0000] {subprocess.py:93} INFO - 11:50:36  dbt_clickhouse adapter: On list__silver: /* {"app": "dbt", "dbt_version": "1.10.13", "profile_name": "ck_project", "target_name": "dev", "connection_name": "list__silver"} */
[2025-11-01T11:50:36.565+0000] {subprocess.py:93} INFO - select
[2025-11-01T11:50:36.566+0000] {subprocess.py:93} INFO -       t.name as name,
[2025-11-01T11:50:36.566+0000] {subprocess.py:93} INFO -       t.database as schema,
[2025-11-01T11:50:36.566+0000] {subprocess.py:93} INFO -       multiIf(
[2025-11-01T11:50:36.567+0000] {subprocess.py:93} INFO -         engine in ('MaterializedView', 'View'), 'view',
[2025-11-01T11:50:36.567+0000] {subprocess.py:93} INFO -         engine = 'Dictionary', 'dictionary',
[2025-11-01T11:50:36.568+0000] {subprocess.py:93} INFO -         'table'
[2025-11-01T11:50:36.568+0000] {subprocess.py:93} INFO -       ) as type,
[2025-11-01T11:50:36.568+0000] {subprocess.py:93} INFO -       db.engine as db_engine,0 as is_on_cluster
[2025-11-01T11:50:36.569+0000] {subprocess.py:93} INFO -           from system.tables as t join system.databases as db on t.database = db.name
[2025-11-01T11:50:36.569+0000] {subprocess.py:93} INFO -         where schema = 'silver'
[2025-11-01T11:50:36.570+0000] {subprocess.py:93} INFO - 
[2025-11-01T11:50:36.570+0000] {subprocess.py:93} INFO - 
[2025-11-01T11:50:36.571+0000] {subprocess.py:93} INFO -   ...
[2025-11-01T11:50:36.571+0000] {subprocess.py:93} INFO - 11:50:36  dbt_clickhouse adapter: SQL status: OK in 0.00 seconds
[2025-11-01T11:50:36.573+0000] {subprocess.py:93} INFO - 11:50:36  Sending event: {'category': 'dbt', 'action': 'runnable_timing', 'label': '84385e26-216c-4e0d-9245-7f6b80d04882', 'context': [<snowplow_tracker.self_describing_json.SelfDescribingJson object at 0x7748376b4650>]}
[2025-11-01T11:50:36.578+0000] {subprocess.py:93} INFO - 11:50:36  Began running node model.ck_project.silver_link_transactions
[2025-11-01T11:50:36.579+0000] {subprocess.py:93} INFO - 11:50:36  Began running node model.ck_project.silver_payments
[2025-11-01T11:50:36.580+0000] {subprocess.py:93} INFO - 11:50:36  1 of 2 START sql incremental model `silver`.`silver_link_transactions` ......... [RUN]
[2025-11-01T11:50:36.582+0000] {subprocess.py:93} INFO - 11:50:36  2 of 2 START sql incremental model `silver`.`silver_payments` .................. [RUN]
[2025-11-01T11:50:36.583+0000] {subprocess.py:93} INFO - 11:50:36  Re-using an available connection from the pool (formerly list__silver, now model.ck_project.silver_link_transactions)
[2025-11-01T11:50:36.586+0000] {subprocess.py:93} INFO - 11:50:36  Acquiring new clickhouse connection 'model.ck_project.silver_payments'
[2025-11-01T11:50:36.587+0000] {subprocess.py:93} INFO - 11:50:36  Began compiling node model.ck_project.silver_link_transactions
[2025-11-01T11:50:36.588+0000] {subprocess.py:93} INFO - 11:50:36  Began compiling node model.ck_project.silver_payments
[2025-11-01T11:50:36.601+0000] {subprocess.py:93} INFO - 11:50:36  Writing injected SQL for node "model.ck_project.silver_link_transactions"
[2025-11-01T11:50:36.606+0000] {subprocess.py:93} INFO - 11:50:36  Writing injected SQL for node "model.ck_project.silver_payments"
[2025-11-01T11:50:36.612+0000] {subprocess.py:93} INFO - 11:50:36  Began executing node model.ck_project.silver_link_transactions
[2025-11-01T11:50:36.614+0000] {subprocess.py:93} INFO - 11:50:36  Began executing node model.ck_project.silver_payments
[2025-11-01T11:50:36.766+0000] {subprocess.py:93} INFO - 11:50:36  Compilation Error in model silver_link_transactions (models/silver/silver_link_transactions.sql)
[2025-11-01T11:50:36.766+0000] {subprocess.py:93} INFO -   macro 'dbt_macro__clickhouse__create_table_as' takes not more than 2 argument(s)
[2025-11-01T11:50:36.767+0000] {subprocess.py:93} INFO - 
[2025-11-01T11:50:36.767+0000] {subprocess.py:93} INFO -   > in macro create_table_as (macros/relations/table/create.sql)
[2025-11-01T11:50:36.768+0000] {subprocess.py:93} INFO -   > called by macro default__get_create_table_as_sql (macros/relations/table/create.sql)
[2025-11-01T11:50:36.768+0000] {subprocess.py:93} INFO -   > called by macro get_create_table_as_sql (macros/relations/table/create.sql)
[2025-11-01T11:50:36.769+0000] {subprocess.py:93} INFO -   > called by macro statement (macros/etc/statement.sql)
[2025-11-01T11:50:36.769+0000] {subprocess.py:93} INFO -   > called by macro materialization_incremental_clickhouse (macros/materializations/incremental/incremental.sql)
[2025-11-01T11:50:36.769+0000] {subprocess.py:93} INFO -   > called by model silver_link_transactions (models/silver/silver_link_transactions.sql)
[2025-11-01T11:50:36.770+0000] {subprocess.py:93} INFO - 11:50:36  Compilation Error in model silver_payments (models/silver/silver_payments.sql)
[2025-11-01T11:50:36.770+0000] {subprocess.py:93} INFO -   macro 'dbt_macro__clickhouse__create_table_as' takes not more than 2 argument(s)
[2025-11-01T11:50:36.771+0000] {subprocess.py:93} INFO - 
[2025-11-01T11:50:36.771+0000] {subprocess.py:93} INFO -   > in macro create_table_as (macros/relations/table/create.sql)
[2025-11-01T11:50:36.771+0000] {subprocess.py:93} INFO -   > called by macro default__get_create_table_as_sql (macros/relations/table/create.sql)
[2025-11-01T11:50:36.771+0000] {subprocess.py:93} INFO -   > called by macro get_create_table_as_sql (macros/relations/table/create.sql)
[2025-11-01T11:50:36.772+0000] {subprocess.py:93} INFO -   > called by macro statement (macros/etc/statement.sql)
[2025-11-01T11:50:36.772+0000] {subprocess.py:93} INFO -   > called by macro materialization_incremental_clickhouse (macros/materializations/incremental/incremental.sql)
[2025-11-01T11:50:36.773+0000] {subprocess.py:93} INFO -   > called by model silver_payments (models/silver/silver_payments.sql)
[2025-11-01T11:50:36.773+0000] {subprocess.py:93} INFO - 11:50:36  Sending event: {'category': 'dbt', 'action': 'run_model', 'label': '84385e26-216c-4e0d-9245-7f6b80d04882', 'context': [<snowplow_tracker.self_describing_json.SelfDescribingJson object at 0x7748351f8390>]}
[2025-11-01T11:50:36.774+0000] {subprocess.py:93} INFO - 11:50:36  Sending event: {'category': 'dbt', 'action': 'run_model', 'label': '84385e26-216c-4e0d-9245-7f6b80d04882', 'context': [<snowplow_tracker.self_describing_json.SelfDescribingJson object at 0x774835282110>]}
[2025-11-01T11:50:36.774+0000] {subprocess.py:93} INFO - 11:50:36  1 of 2 ERROR creating sql incremental model `silver`.`silver_link_transactions`  [ERROR in 0.19s]
[2025-11-01T11:50:36.775+0000] {subprocess.py:93} INFO - 11:50:36  2 of 2 ERROR creating sql incremental model `silver`.`silver_payments` ......... [ERROR in 0.19s]
[2025-11-01T11:50:36.776+0000] {subprocess.py:93} INFO - 11:50:36  Finished running node model.ck_project.silver_link_transactions
[2025-11-01T11:50:36.778+0000] {subprocess.py:93} INFO - 11:50:36  Finished running node model.ck_project.silver_payments
[2025-11-01T11:50:36.780+0000] {subprocess.py:93} INFO - 11:50:36  Marking all children of 'model.ck_project.silver_link_transactions' to be skipped because of status 'error'.  Reason: Compilation Error in model silver_link_transactions (models/silver/silver_link_transactions.sql)
[2025-11-01T11:50:36.780+0000] {subprocess.py:93} INFO -   macro 'dbt_macro__clickhouse__create_table_as' takes not more than 2 argument(s)
[2025-11-01T11:50:36.781+0000] {subprocess.py:93} INFO - 
[2025-11-01T11:50:36.782+0000] {subprocess.py:93} INFO -   > in macro create_table_as (macros/relations/table/create.sql)
[2025-11-01T11:50:36.782+0000] {subprocess.py:93} INFO -   > called by macro default__get_create_table_as_sql (macros/relations/table/create.sql)
[2025-11-01T11:50:36.783+0000] {subprocess.py:93} INFO -   > called by macro get_create_table_as_sql (macros/relations/table/create.sql)
[2025-11-01T11:50:36.783+0000] {subprocess.py:93} INFO -   > called by macro statement (macros/etc/statement.sql)
[2025-11-01T11:50:36.784+0000] {subprocess.py:93} INFO -   > called by macro materialization_incremental_clickhouse (macros/materializations/incremental/incremental.sql)
[2025-11-01T11:50:36.784+0000] {subprocess.py:93} INFO -   > called by model silver_link_transactions (models/silver/silver_link_transactions.sql).
[2025-11-01T11:50:36.785+0000] {subprocess.py:93} INFO - 11:50:36  Marking all children of 'model.ck_project.silver_payments' to be skipped because of status 'error'.  Reason: Compilation Error in model silver_payments (models/silver/silver_payments.sql)
[2025-11-01T11:50:36.785+0000] {subprocess.py:93} INFO -   macro 'dbt_macro__clickhouse__create_table_as' takes not more than 2 argument(s)
[2025-11-01T11:50:36.785+0000] {subprocess.py:93} INFO - 
[2025-11-01T11:50:36.785+0000] {subprocess.py:93} INFO -   > in macro create_table_as (macros/relations/table/create.sql)
[2025-11-01T11:50:36.786+0000] {subprocess.py:93} INFO -   > called by macro default__get_create_table_as_sql (macros/relations/table/create.sql)
[2025-11-01T11:50:36.786+0000] {subprocess.py:93} INFO -   > called by macro get_create_table_as_sql (macros/relations/table/create.sql)
[2025-11-01T11:50:36.787+0000] {subprocess.py:93} INFO -   > called by macro statement (macros/etc/statement.sql)
[2025-11-01T11:50:36.787+0000] {subprocess.py:93} INFO -   > called by macro materialization_incremental_clickhouse (macros/materializations/incremental/incremental.sql)
[2025-11-01T11:50:36.787+0000] {subprocess.py:93} INFO -   > called by model silver_payments (models/silver/silver_payments.sql).
[2025-11-01T11:50:36.788+0000] {subprocess.py:93} INFO - 11:50:36  Connection 'master' was properly closed.
[2025-11-01T11:50:36.788+0000] {subprocess.py:93} INFO - 11:50:36  Connection 'model.ck_project.silver_link_transactions' was left open.
[2025-11-01T11:50:36.788+0000] {subprocess.py:93} INFO - 11:50:36  On model.ck_project.silver_link_transactions: Close
[2025-11-01T11:50:36.789+0000] {subprocess.py:93} INFO - 11:50:36  Connection 'model.ck_project.silver_payments' was properly closed.
[2025-11-01T11:50:36.790+0000] {subprocess.py:93} INFO - 11:50:36
[2025-11-01T11:50:36.791+0000] {subprocess.py:93} INFO - 11:50:36  Finished running 2 incremental models in 0 hours 0 minutes and 0.46 seconds (0.46s).
[2025-11-01T11:50:36.793+0000] {subprocess.py:93} INFO - 11:50:36  Command end result
[2025-11-01T11:50:36.828+0000] {subprocess.py:93} INFO - 11:50:36  Wrote artifact WritableManifest to /dbt/target/manifest.json
[2025-11-01T11:50:36.835+0000] {subprocess.py:93} INFO - 11:50:36  Wrote artifact SemanticManifest to /dbt/target/semantic_manifest.json
[2025-11-01T11:50:36.845+0000] {subprocess.py:93} INFO - 11:50:36  Wrote artifact RunExecutionResult to /dbt/target/run_results.json
[2025-11-01T11:50:36.847+0000] {subprocess.py:93} INFO - 11:50:36
[2025-11-01T11:50:36.848+0000] {subprocess.py:93} INFO - 11:50:36  Completed with 2 errors, 0 partial successes, and 0 warnings:
[2025-11-01T11:50:36.850+0000] {subprocess.py:93} INFO - 11:50:36
[2025-11-01T11:50:36.850+0000] {subprocess.py:93} INFO - 11:50:36  Failure in model silver_link_transactions (models/silver/silver_link_transactions.sql)
[2025-11-01T11:50:36.853+0000] {subprocess.py:93} INFO - 11:50:36    Compilation Error in model silver_link_transactions (models/silver/silver_link_transactions.sql)
[2025-11-01T11:50:36.854+0000] {subprocess.py:93} INFO -   macro 'dbt_macro__clickhouse__create_table_as' takes not more than 2 argument(s)
[2025-11-01T11:50:36.854+0000] {subprocess.py:93} INFO - 
[2025-11-01T11:50:36.855+0000] {subprocess.py:93} INFO -   > in macro create_table_as (macros/relations/table/create.sql)
[2025-11-01T11:50:36.855+0000] {subprocess.py:93} INFO -   > called by macro default__get_create_table_as_sql (macros/relations/table/create.sql)
[2025-11-01T11:50:36.856+0000] {subprocess.py:93} INFO -   > called by macro get_create_table_as_sql (macros/relations/table/create.sql)
[2025-11-01T11:50:36.856+0000] {subprocess.py:93} INFO -   > called by macro statement (macros/etc/statement.sql)
[2025-11-01T11:50:36.857+0000] {subprocess.py:93} INFO -   > called by macro materialization_incremental_clickhouse (macros/materializations/incremental/incremental.sql)
[2025-11-01T11:50:36.857+0000] {subprocess.py:93} INFO -   > called by model silver_link_transactions (models/silver/silver_link_transactions.sql)
[2025-11-01T11:50:36.857+0000] {subprocess.py:93} INFO - 11:50:36
[2025-11-01T11:50:36.858+0000] {subprocess.py:93} INFO - 11:50:36    compiled code at target/compiled/ck_project/models/silver/silver_link_transactions.sql
[2025-11-01T11:50:36.858+0000] {subprocess.py:93} INFO - 11:50:36
[2025-11-01T11:50:36.859+0000] {subprocess.py:93} INFO - 11:50:36  Failure in model silver_payments (models/silver/silver_payments.sql)
[2025-11-01T11:50:36.859+0000] {subprocess.py:93} INFO - 11:50:36    Compilation Error in model silver_payments (models/silver/silver_payments.sql)
[2025-11-01T11:50:36.860+0000] {subprocess.py:93} INFO -   macro 'dbt_macro__clickhouse__create_table_as' takes not more than 2 argument(s)
[2025-11-01T11:50:36.861+0000] {subprocess.py:93} INFO - 
[2025-11-01T11:50:36.861+0000] {subprocess.py:93} INFO -   > in macro create_table_as (macros/relations/table/create.sql)
[2025-11-01T11:50:36.862+0000] {subprocess.py:93} INFO -   > called by macro default__get_create_table_as_sql (macros/relations/table/create.sql)
[2025-11-01T11:50:36.862+0000] {subprocess.py:93} INFO -   > called by macro get_create_table_as_sql (macros/relations/table/create.sql)
[2025-11-01T11:50:36.862+0000] {subprocess.py:93} INFO -   > called by macro statement (macros/etc/statement.sql)
[2025-11-01T11:50:36.863+0000] {subprocess.py:93} INFO -   > called by macro materialization_incremental_clickhouse (macros/materializations/incremental/incremental.sql)
[2025-11-01T11:50:36.863+0000] {subprocess.py:93} INFO -   > called by model silver_payments (models/silver/silver_payments.sql)
[2025-11-01T11:50:36.864+0000] {subprocess.py:93} INFO - 11:50:36
[2025-11-01T11:50:36.864+0000] {subprocess.py:93} INFO - 11:50:36    compiled code at target/compiled/ck_project/models/silver/silver_payments.sql
[2025-11-01T11:50:36.865+0000] {subprocess.py:93} INFO - 11:50:36
[2025-11-01T11:50:36.865+0000] {subprocess.py:93} INFO - 11:50:36  Done. PASS=0 WARN=0 ERROR=2 SKIP=0 NO-OP=0 TOTAL=2
[2025-11-01T11:50:36.867+0000] {subprocess.py:93} INFO - 11:50:36  Resource report: {"command_name": "run", "command_success": false, "command_wall_clock_time": 1.3919694, "process_in_blocks": "0", "process_kernel_time": 0.273337, "process_mem_max_rss": "143276", "process_out_blocks": "0", "process_user_time": 2.170624}
[2025-11-01T11:50:36.867+0000] {subprocess.py:93} INFO - 11:50:36  Command `dbt run` failed at 11:50:36.866850 after 1.39 seconds
[2025-11-01T11:50:36.868+0000] {subprocess.py:93} INFO - 11:50:36  Sending event: {'category': 'dbt', 'action': 'invocation', 'label': 'end', 'context': [<snowplow_tracker.self_describing_json.SelfDescribingJson object at 0x7748340733d0>, <snowplow_tracker.self_describing_json.SelfDescribingJson object at 0x774834073a90>, <snowplow_tracker.self_describing_json.SelfDescribingJson object at 0x774834073610>]}
[2025-11-01T11:50:36.870+0000] {subprocess.py:93} INFO - 11:50:36  Flushing usage events
[2025-11-01T11:50:37.348+0000] {subprocess.py:93} INFO - 11:50:37  An error was encountered while trying to flush usage events
[2025-11-01T11:50:37.668+0000] {subprocess.py:93} INFO - ---- COMPILED SQL: silver_payments ----
[2025-11-01T11:50:37.688+0000] {subprocess.py:93} INFO - 
[2025-11-01T11:50:37.689+0000] {subprocess.py:93} INFO - 
[2025-11-01T11:50:37.689+0000] {subprocess.py:93} INFO - 
[2025-11-01T11:50:37.690+0000] {subprocess.py:93} INFO - 
[2025-11-01T11:50:37.690+0000] {subprocess.py:93} INFO - with raw as (
[2025-11-01T11:50:37.690+0000] {subprocess.py:93} INFO -     select
[2025-11-01T11:50:37.691+0000] {subprocess.py:93} INFO -         -- Cast IDs defensively
[2025-11-01T11:50:37.691+0000] {subprocess.py:93} INFO -         toUInt64OrNull(id)           as payment_id,
[2025-11-01T11:50:37.691+0000] {subprocess.py:93} INFO -         toUInt64OrNull(merchant_id)  as merchant_id,
[2025-11-01T11:50:37.692+0000] {subprocess.py:93} INFO -         toUInt64OrNull(acquirer_id)  as acquirer_id,
[2025-11-01T11:50:37.692+0000] {subprocess.py:93} INFO - 
[2025-11-01T11:50:37.693+0000] {subprocess.py:93} INFO - 
[2025-11-01T11:50:37.693+0000] {subprocess.py:93} INFO -         -- Strings only; avoid optional JSON columns for now
[2025-11-01T11:50:37.693+0000] {subprocess.py:93} INFO -         toLowCardinality(state)      as state,
[2025-11-01T11:50:37.694+0000] {subprocess.py:93} INFO -         toLowCardinality(card_type)  as card_type,
[2025-11-01T11:50:37.694+0000] {subprocess.py:93} INFO -         reference,
[2025-11-01T11:50:37.694+0000] {subprocess.py:93} INFO -         order_reference,
[2025-11-01T11:50:37.694+0000] {subprocess.py:93} INFO - 
[2025-11-01T11:50:37.695+0000] {subprocess.py:93} INFO - 
[2025-11-01T11:50:37.695+0000] {subprocess.py:93} INFO -         -- Normalize timestamps to string first
[2025-11-01T11:50:37.695+0000] {subprocess.py:93} INFO -         case
[2025-11-01T11:50:37.695+0000] {subprocess.py:93} INFO -             when toTypeName(created_at) like 'String%' then replaceRegexpAll(created_at, '\\s+UTC$', '')
[2025-11-01T11:50:37.696+0000] {subprocess.py:93} INFO -             else toString(created_at)
[2025-11-01T11:50:37.696+0000] {subprocess.py:93} INFO -         end as created_at_str,
[2025-11-01T11:50:37.696+0000] {subprocess.py:93} INFO - 
[2025-11-01T11:50:37.697+0000] {subprocess.py:93} INFO - 
[2025-11-01T11:50:37.697+0000] {subprocess.py:93} INFO -         case
[2025-11-01T11:50:37.697+0000] {subprocess.py:93} INFO -             when toTypeName(updated_at) like 'String%' then replaceRegexpAll(updated_at, '\\s+UTC$', '')
[2025-11-01T11:50:37.698+0000] {subprocess.py:93} INFO -             else toString(updated_at)
[2025-11-01T11:50:37.698+0000] {subprocess.py:93} INFO -         end as updated_at_str
[2025-11-01T11:50:37.698+0000] {subprocess.py:93} INFO -     from `bronze`.`payments`
[2025-11-01T11:50:37.699+0000] {subprocess.py:93} INFO - ),
[2025-11-01T11:50:37.699+0000] {subprocess.py:93} INFO - 
[2025-11-01T11:50:37.699+0000] {subprocess.py:93} INFO - 
[2025-11-01T11:50:37.700+0000] {subprocess.py:93} INFO - src as (
[2025-11-01T11:50:37.700+0000] {subprocess.py:93} INFO -     select
[2025-11-01T11:50:37.700+0000] {subprocess.py:93} INFO -         payment_id,
[2025-11-01T11:50:37.700+0000] {subprocess.py:93} INFO -         merchant_id,
[2025-11-01T11:50:37.701+0000] {subprocess.py:93} INFO -         acquirer_id,
[2025-11-01T11:50:37.701+0000] {subprocess.py:93} INFO -         state,
[2025-11-01T11:50:37.701+0000] {subprocess.py:93} INFO -         card_type,
[2025-11-01T11:50:37.701+0000] {subprocess.py:93} INFO -         reference,
[2025-11-01T11:50:37.702+0000] {subprocess.py:93} INFO -         order_reference,
[2025-11-01T11:50:37.702+0000] {subprocess.py:93} INFO -         parseDateTime64BestEffortOrNull(created_at_str, 6, 'UTC') as created_at,
[2025-11-01T11:50:37.703+0000] {subprocess.py:93} INFO -         parseDateTime64BestEffortOrNull(updated_at_str, 6, 'UTC') as updated_at
[2025-11-01T11:50:37.703+0000] {subprocess.py:93} INFO -     from raw
[2025-11-01T11:50:37.703+0000] {subprocess.py:93} INFO - ),
[2025-11-01T11:50:37.704+0000] {subprocess.py:93} INFO - 
[2025-11-01T11:50:37.704+0000] {subprocess.py:93} INFO - 
[2025-11-01T11:50:37.704+0000] {subprocess.py:93} INFO - ranked as (
[2025-11-01T11:50:37.705+0000] {subprocess.py:93} INFO -     select
[2025-11-01T11:50:37.705+0000] {subprocess.py:93} INFO -         *,
[2025-11-01T11:50:37.705+0000] {subprocess.py:93} INFO -         row_number() over (
[2025-11-01T11:50:37.706+0000] {subprocess.py:93} INFO -             partition by payment_id
[2025-11-01T11:50:37.706+0000] {subprocess.py:93} INFO -             order by
[2025-11-01T11:50:37.706+0000] {subprocess.py:93} INFO -                 coalesce(updated_at, toDateTime64('1970-01-01 00:00:00', 6, 'UTC')) desc,
[2025-11-01T11:50:37.707+0000] {subprocess.py:93} INFO -                 coalesce(created_at, toDateTime64('1970-01-01 00:00:00', 6, 'UTC')) desc
[2025-11-01T11:50:37.707+0000] {subprocess.py:93} INFO -         ) as rn
[2025-11-01T11:50:37.707+0000] {subprocess.py:93} INFO -     from src
[2025-11-01T11:50:37.708+0000] {subprocess.py:93} INFO - )
[2025-11-01T11:50:37.708+0000] {subprocess.py:93} INFO - 
[2025-11-01T11:50:37.708+0000] {subprocess.py:93} INFO - 
[2025-11-01T11:50:37.709+0000] {subprocess.py:93} INFO - select
[2025-11-01T11:50:37.709+0000] {subprocess.py:93} INFO -     payment_id,
[2025-11-01T11:50:37.709+0000] {subprocess.py:93} INFO -     merchant_id,
[2025-11-01T11:50:37.709+0000] {subprocess.py:93} INFO -     acquirer_id,
[2025-11-01T11:50:37.710+0000] {subprocess.py:93} INFO -     state,
[2025-11-01T11:50:37.710+0000] {subprocess.py:93} INFO -     card_type,
[2025-11-01T11:50:37.710+0000] {subprocess.py:93} INFO -     reference,
[2025-11-01T11:50:37.711+0000] {subprocess.py:93} INFO -     order_reference,
[2025-11-01T11:50:37.712+0000] {subprocess.py:93} INFO -     created_at,
[2025-11-01T11:50:37.714+0000] {subprocess.py:93} INFO -     updated_at,
[2025-11-01T11:50:37.716+0000] {subprocess.py:93} INFO -     toDate(created_at) as data_date
[2025-11-01T11:50:37.717+0000] {subprocess.py:93} INFO - from ranked
[2025-11-01T11:50:37.718+0000] {subprocess.py:93} INFO - where rn = 1
[2025-11-01T11:50:37.719+0000] {subprocess.py:93} INFO - ---- COMPILED SQL: silver_link_transactions ----
[2025-11-01T11:50:37.719+0000] {subprocess.py:93} INFO - 
[2025-11-01T11:50:37.720+0000] {subprocess.py:93} INFO - 
[2025-11-01T11:50:37.720+0000] {subprocess.py:93} INFO - 
[2025-11-01T11:50:37.721+0000] {subprocess.py:93} INFO - 
[2025-11-01T11:50:37.721+0000] {subprocess.py:93} INFO - 
[2025-11-01T11:50:37.721+0000] {subprocess.py:93} INFO - 
[2025-11-01T11:50:37.722+0000] {subprocess.py:93} INFO - with src as (
[2025-11-01T11:50:37.722+0000] {subprocess.py:93} INFO -     select
[2025-11-01T11:50:37.722+0000] {subprocess.py:93} INFO -         id,
[2025-11-01T11:50:37.722+0000] {subprocess.py:93} INFO -         state,
[2025-11-01T11:50:37.723+0000] {subprocess.py:93} INFO -         linkpay_reference,
[2025-11-01T11:50:37.723+0000] {subprocess.py:93} INFO -         payment_details,         -- keep raw; parse later if stable
[2025-11-01T11:50:37.723+0000] {subprocess.py:93} INFO -         created_at,
[2025-11-01T11:50:37.724+0000] {subprocess.py:93} INFO -         updated_at,
[2025-11-01T11:50:37.724+0000] {subprocess.py:93} INFO -         _ingested_at,
[2025-11-01T11:50:37.724+0000] {subprocess.py:93} INFO -         _source_file
[2025-11-01T11:50:37.724+0000] {subprocess.py:93} INFO -     from `bronze`.`link_transactions`
[2025-11-01T11:50:37.725+0000] {subprocess.py:93} INFO - ),
[2025-11-01T11:50:37.725+0000] {subprocess.py:93} INFO - 
[2025-11-01T11:50:37.725+0000] {subprocess.py:93} INFO - 
[2025-11-01T11:50:37.725+0000] {subprocess.py:93} INFO - norm as (
[2025-11-01T11:50:37.725+0000] {subprocess.py:93} INFO -     select
[2025-11-01T11:50:37.726+0000] {subprocess.py:93} INFO -         toUInt64OrNull(id) as link_id,
[2025-11-01T11:50:37.726+0000] {subprocess.py:93} INFO - 
[2025-11-01T11:50:37.726+0000] {subprocess.py:93} INFO - 
[2025-11-01T11:50:37.726+0000] {subprocess.py:93} INFO -         if(like(toTypeName(created_at), 'String%'),
[2025-11-01T11:50:37.726+0000] {subprocess.py:93} INFO -            parseDateTime64BestEffortOrNull(replaceRegexpAll(created_at, ' UTC$', ''), 6),
[2025-11-01T11:50:37.727+0000] {subprocess.py:93} INFO -            toDateTime64(created_at, 6)
[2025-11-01T11:50:37.727+0000] {subprocess.py:93} INFO -         ) as created_at_dt,
[2025-11-01T11:50:37.727+0000] {subprocess.py:93} INFO - 
[2025-11-01T11:50:37.728+0000] {subprocess.py:93} INFO - 
[2025-11-01T11:50:37.728+0000] {subprocess.py:93} INFO -         if(like(toTypeName(updated_at), 'String%'),
[2025-11-01T11:50:37.728+0000] {subprocess.py:93} INFO -            parseDateTime64BestEffortOrNull(replaceRegexpAll(updated_at, ' UTC$', ''), 6),
[2025-11-01T11:50:37.729+0000] {subprocess.py:93} INFO -            toDateTime64(updated_at, 6)
[2025-11-01T11:50:37.729+0000] {subprocess.py:93} INFO -         ) as updated_at_dt,
[2025-11-01T11:50:37.729+0000] {subprocess.py:93} INFO - 
[2025-11-01T11:50:37.729+0000] {subprocess.py:93} INFO - 
[2025-11-01T11:50:37.730+0000] {subprocess.py:93} INFO -         state,
[2025-11-01T11:50:37.730+0000] {subprocess.py:93} INFO -         linkpay_reference,
[2025-11-01T11:50:37.730+0000] {subprocess.py:93} INFO -         payment_details,
[2025-11-01T11:50:37.730+0000] {subprocess.py:93} INFO -         toDateTime64(_ingested_at, 6) as ingested_at_dt,
[2025-11-01T11:50:37.731+0000] {subprocess.py:93} INFO -         _source_file
[2025-11-01T11:50:37.731+0000] {subprocess.py:93} INFO -     from src
[2025-11-01T11:50:37.732+0000] {subprocess.py:93} INFO - ),
[2025-11-01T11:50:37.732+0000] {subprocess.py:93} INFO - 
[2025-11-01T11:50:37.732+0000] {subprocess.py:93} INFO - 
[2025-11-01T11:50:37.733+0000] {subprocess.py:93} INFO - ranked as (
[2025-11-01T11:50:37.733+0000] {subprocess.py:93} INFO -     select
[2025-11-01T11:50:37.733+0000] {subprocess.py:93} INFO -         *,
[2025-11-01T11:50:37.734+0000] {subprocess.py:93} INFO -         row_number() over (
[2025-11-01T11:50:37.734+0000] {subprocess.py:93} INFO -             partition by link_id
[2025-11-01T11:50:37.734+0000] {subprocess.py:93} INFO -             order by
[2025-11-01T11:50:37.734+0000] {subprocess.py:93} INFO -                 coalesce(updated_at_dt, toDateTime64('1970-01-01 00:00:00', 6)) desc,
[2025-11-01T11:50:37.735+0000] {subprocess.py:93} INFO -                 coalesce(created_at_dt, toDateTime64('1970-01-01 00:00:00', 6)) desc,
[2025-11-01T11:50:37.735+0000] {subprocess.py:93} INFO -                 coalesce(ingested_at_dt, toDateTime64('1970-01-01 00:00:00', 6)) desc,
[2025-11-01T11:50:37.735+0000] {subprocess.py:93} INFO -                 toString(_source_file) desc
[2025-11-01T11:50:37.735+0000] {subprocess.py:93} INFO -         ) as rn
[2025-11-01T11:50:37.736+0000] {subprocess.py:93} INFO -     from norm
[2025-11-01T11:50:37.736+0000] {subprocess.py:93} INFO - )
[2025-11-01T11:50:37.736+0000] {subprocess.py:93} INFO - 
[2025-11-01T11:50:37.736+0000] {subprocess.py:93} INFO - 
[2025-11-01T11:50:37.737+0000] {subprocess.py:93} INFO - select
[2025-11-01T11:50:37.737+0000] {subprocess.py:93} INFO -     link_id,
[2025-11-01T11:50:37.737+0000] {subprocess.py:93} INFO -     created_at_dt as created_at,
[2025-11-01T11:50:37.737+0000] {subprocess.py:93} INFO -     updated_at_dt as completed_at,
[2025-11-01T11:50:37.737+0000] {subprocess.py:93} INFO -     state,
[2025-11-01T11:50:37.738+0000] {subprocess.py:93} INFO -     linkpay_reference as reference,
[2025-11-01T11:50:37.738+0000] {subprocess.py:93} INFO -     payment_details,
[2025-11-01T11:50:37.738+0000] {subprocess.py:93} INFO -     toDate(created_at_dt) as data_date
[2025-11-01T11:50:37.738+0000] {subprocess.py:93} INFO - from ranked
[2025-11-01T11:50:37.739+0000] {subprocess.py:93} INFO - where rn = 1
[2025-11-01T11:50:37.739+0000] {subprocess.py:93} INFO - ---- LAST 200 LINES OF logs/dbt.log ----
[2025-11-01T11:50:37.739+0000] {subprocess.py:93} INFO -             when toTypeName(updated_at) like 'String%' then replaceRegexpAll(updated_at, '\\s+UTC$', '')
[2025-11-01T11:50:37.739+0000] {subprocess.py:93} INFO -             else toString(updated_at)
[2025-11-01T11:50:37.740+0000] {subprocess.py:93} INFO -         end as updated_at_str
[2025-11-01T11:50:37.740+0000] {subprocess.py:93} INFO -     from `bronze`.`payments`
[2025-11-01T11:50:37.740+0000] {subprocess.py:93} INFO - ),
[2025-11-01T11:50:37.741+0000] {subprocess.py:93} INFO - 
[2025-11-01T11:50:37.741+0000] {subprocess.py:93} INFO - 
[2025-11-01T11:50:37.741+0000] {subprocess.py:93} INFO - src as (
[2025-11-01T11:50:37.741+0000] {subprocess.py:93} INFO -     select
[2025-11-01T11:50:37.742+0000] {subprocess.py:93} INFO -         payment_id,
[2025-11-01T11:50:37.742+0000] {subprocess.py:93} INFO -         merchant_id,
[2025-11-01T11:50:37.742+0000] {subprocess.py:93} INFO -         acquirer_id,
[2025-11-01T11:50:37.742+0000] {subprocess.py:93} INFO -         state,
[2025-11-01T11:50:37.743+0000] {subprocess.py:93} INFO -         card_type,
[2025-11-01T11:50:37.743+0000] {subprocess.py:93} INFO -         reference,
[2025-11-01T11:50:37.743+0000] {subprocess.py:93} INFO -         order_reference,
[2025-11-01T11:50:37.744+0000] {subprocess.py:93} INFO -         parseDateTime64BestEffortOrNull(created_at_str, 6, 'UTC') as created_at,
[2025-11-01T11:50:37.744+0000] {subprocess.py:93} INFO -         parseDateTime64BestEffortOrNull(updated_at_str, 6, 'UTC') as updated_at
[2025-11-01T11:50:37.744+0000] {subprocess.py:93} INFO -     from raw
[2025-11-01T11:50:37.744+0000] {subprocess.py:93} INFO - ),
[2025-11-01T11:50:37.745+0000] {subprocess.py:93} INFO - 
[2025-11-01T11:50:37.745+0000] {subprocess.py:93} INFO - 
[2025-11-01T11:50:37.745+0000] {subprocess.py:93} INFO - ranked as (
[2025-11-01T11:50:37.745+0000] {subprocess.py:93} INFO -     select
[2025-11-01T11:50:37.745+0000] {subprocess.py:93} INFO -         *,
[2025-11-01T11:50:37.746+0000] {subprocess.py:93} INFO -         row_number() over (
[2025-11-01T11:50:37.746+0000] {subprocess.py:93} INFO -             partition by payment_id
[2025-11-01T11:50:37.746+0000] {subprocess.py:93} INFO -             order by
[2025-11-01T11:50:37.746+0000] {subprocess.py:93} INFO -                 coalesce(updated_at, toDateTime64('1970-01-01 00:00:00', 6, 'UTC')) desc,
[2025-11-01T11:50:37.747+0000] {subprocess.py:93} INFO -                 coalesce(created_at, toDateTime64('1970-01-01 00:00:00', 6, 'UTC')) desc
[2025-11-01T11:50:37.747+0000] {subprocess.py:93} INFO -         ) as rn
[2025-11-01T11:50:37.747+0000] {subprocess.py:93} INFO -     from src
[2025-11-01T11:50:37.747+0000] {subprocess.py:93} INFO - )
[2025-11-01T11:50:37.748+0000] {subprocess.py:93} INFO - 
[2025-11-01T11:50:37.748+0000] {subprocess.py:93} INFO - 
[2025-11-01T11:50:37.748+0000] {subprocess.py:93} INFO - select
[2025-11-01T11:50:37.748+0000] {subprocess.py:93} INFO -     payment_id,
[2025-11-01T11:50:37.749+0000] {subprocess.py:93} INFO -     merchant_id,
[2025-11-01T11:50:37.749+0000] {subprocess.py:93} INFO -     acquirer_id,
[2025-11-01T11:50:37.749+0000] {subprocess.py:93} INFO -     state,
[2025-11-01T11:50:37.750+0000] {subprocess.py:93} INFO -     card_type,
[2025-11-01T11:50:37.750+0000] {subprocess.py:93} INFO -     reference,
[2025-11-01T11:50:37.750+0000] {subprocess.py:93} INFO -     order_reference,
[2025-11-01T11:50:37.750+0000] {subprocess.py:93} INFO -     created_at,
[2025-11-01T11:50:37.751+0000] {subprocess.py:93} INFO -     updated_at,
[2025-11-01T11:50:37.751+0000] {subprocess.py:93} INFO -     toDate(created_at) as data_date
[2025-11-01T11:50:37.751+0000] {subprocess.py:93} INFO - from ranked
[2025-11-01T11:50:37.751+0000] {subprocess.py:93} INFO - where rn = 1
[2025-11-01T11:50:37.752+0000] {subprocess.py:93} INFO - 
[2025-11-01T11:50:37.752+0000] {subprocess.py:93} INFO - 11:50:33.270656 [debug] [MainThread]: Resource report: {"command_name": "compile", "command_success": true, "command_wall_clock_time": 2.2771337, "process_in_blocks": "0", "process_kernel_time": 0.308982, "process_mem_max_rss": "146188", "process_out_blocks": "0", "process_user_time": 3.354664}
[2025-11-01T11:50:37.752+0000] {subprocess.py:93} INFO - 11:50:33.272138 [debug] [MainThread]: Command `dbt compile` succeeded at 11:50:33.271940 after 2.28 seconds
[2025-11-01T11:50:37.752+0000] {subprocess.py:93} INFO - 11:50:33.273847 [debug] [MainThread]: Sending event: {'category': 'dbt', 'action': 'invocation', 'label': 'end', 'context': [<snowplow_tracker.self_describing_json.SelfDescribingJson object at 0x71656a3b5950>, <snowplow_tracker.self_describing_json.SelfDescribingJson object at 0x71656eced710>, <snowplow_tracker.self_describing_json.SelfDescribingJson object at 0x71656eced890>]}
[2025-11-01T11:50:37.752+0000] {subprocess.py:93} INFO - 11:50:33.275667 [debug] [MainThread]: Flushing usage events
[2025-11-01T11:50:37.753+0000] {subprocess.py:93} INFO - 11:50:33.761164 [debug] [MainThread]: An error was encountered while trying to flush usage events
[2025-11-01T11:50:37.753+0000] {subprocess.py:93} INFO - 11:50:35.547578 [debug] [MainThread]: Sending event: {'category': 'dbt', 'action': 'invocation', 'label': 'start', 'context': [<snowplow_tracker.self_describing_json.SelfDescribingJson object at 0x7748378d1e10>, <snowplow_tracker.self_describing_json.SelfDescribingJson object at 0x7748378d3e50>, <snowplow_tracker.self_describing_json.SelfDescribingJson object at 0x7748378d3690>]}
[2025-11-01T11:50:37.753+0000] {subprocess.py:93} INFO - 
[2025-11-01T11:50:37.754+0000] {subprocess.py:93} INFO - 
[2025-11-01T11:50:37.754+0000] {subprocess.py:93} INFO - ============================== 11:50:35.551845 | 84385e26-216c-4e0d-9245-7f6b80d04882 ==============================
[2025-11-01T11:50:37.754+0000] {subprocess.py:93} INFO - 11:50:35.551845 [info ] [MainThread]: Running with dbt=1.10.13
[2025-11-01T11:50:37.754+0000] {subprocess.py:93} INFO - 11:50:35.555149 [debug] [MainThread]: running dbt with arguments {'warn_error_options': 'WarnErrorOptionsV2(error=[], warn=[], silence=[])', 'no_print': 'None', 'cache_selected_only': 'False', 'log_path': '/dbt/logs', 'target_path': 'None', 'version_check': 'True', 'static_parser': 'True', 'use_colors': 'False', 'printer_width': '80', 'fail_fast': 'False', 'debug': 'True', 'quiet': 'False', 'empty': 'False', 'invocation_command': 'dbt --no-use-colors run --profiles-dir /dbt --select silver_payments silver_link_transactions --vars {"ds_lagged": "2025-11-01"} --debug', 'warn_error': 'None', 'introspect': 'True', 'log_format': 'default', 'log_cache_events': 'False', 'use_experimental_parser': 'False', 'indirect_selection': 'eager', 'partial_parse': 'True', 'profiles_dir': '/dbt', 'send_anonymous_usage_stats': 'True', 'write_json': 'True'}
[2025-11-01T11:50:37.755+0000] {subprocess.py:93} INFO - 11:50:35.741015 [debug] [MainThread]: Sending event: {'category': 'dbt', 'action': 'project_id', 'label': '84385e26-216c-4e0d-9245-7f6b80d04882', 'context': [<snowplow_tracker.self_describing_json.SelfDescribingJson object at 0x77483773ac90>]}
[2025-11-01T11:50:37.755+0000] {subprocess.py:93} INFO - 11:50:35.802684 [debug] [MainThread]: Sending event: {'category': 'dbt', 'action': 'adapter_info', 'label': '84385e26-216c-4e0d-9245-7f6b80d04882', 'context': [<snowplow_tracker.self_describing_json.SelfDescribingJson object at 0x774837e49010>]}
[2025-11-01T11:50:37.755+0000] {subprocess.py:93} INFO - 11:50:35.805028 [info ] [MainThread]: Registered adapter: clickhouse=1.9.5
[2025-11-01T11:50:37.755+0000] {subprocess.py:93} INFO - 11:50:35.876937 [debug] [MainThread]: checksum: df5618d293beeb6c481662c8f5b2c62e47cd82e3c2287fb14558bc1db743e452, vars: {'ds_lagged': '2025-11-01'}, profile: , target: , version: 1.10.13
[2025-11-01T11:50:37.756+0000] {subprocess.py:93} INFO - 11:50:36.107736 [debug] [MainThread]: Partial parsing enabled: 0 files deleted, 0 files added, 0 files changed.
[2025-11-01T11:50:37.756+0000] {subprocess.py:93} INFO - 11:50:36.109102 [debug] [MainThread]: Partial parsing enabled, no changes found, skipping parsing
[2025-11-01T11:50:37.756+0000] {subprocess.py:93} INFO - 11:50:36.150746 [debug] [MainThread]: Sending event: {'category': 'dbt', 'action': 'load_project', 'label': '84385e26-216c-4e0d-9245-7f6b80d04882', 'context': [<snowplow_tracker.self_describing_json.SelfDescribingJson object at 0x774837b762d0>]}
[2025-11-01T11:50:37.756+0000] {subprocess.py:93} INFO - 11:50:36.263491 [debug] [MainThread]: Wrote artifact WritableManifest to /dbt/target/manifest.json
[2025-11-01T11:50:37.757+0000] {subprocess.py:93} INFO - 11:50:36.276585 [debug] [MainThread]: Wrote artifact SemanticManifest to /dbt/target/semantic_manifest.json
[2025-11-01T11:50:37.757+0000] {subprocess.py:93} INFO - 11:50:36.305467 [debug] [MainThread]: Sending event: {'category': 'dbt', 'action': 'resource_counts', 'label': '84385e26-216c-4e0d-9245-7f6b80d04882', 'context': [<snowplow_tracker.self_describing_json.SelfDescribingJson object at 0x7748376e2bd0>]}
[2025-11-01T11:50:37.757+0000] {subprocess.py:93} INFO - 11:50:36.307152 [info ] [MainThread]: Found 3 models, 3 sources, 491 macros
[2025-11-01T11:50:37.757+0000] {subprocess.py:93} INFO - 11:50:36.309054 [debug] [MainThread]: Sending event: {'category': 'dbt', 'action': 'runnable_timing', 'label': '84385e26-216c-4e0d-9245-7f6b80d04882', 'context': [<snowplow_tracker.self_describing_json.SelfDescribingJson object at 0x774837523c90>]}
[2025-11-01T11:50:37.758+0000] {subprocess.py:93} INFO - 11:50:36.313131 [info ] [MainThread]:
[2025-11-01T11:50:37.758+0000] {subprocess.py:93} INFO - 11:50:36.319821 [info ] [MainThread]: Concurrency: 4 threads (target='dev')
[2025-11-01T11:50:37.758+0000] {subprocess.py:93} INFO - 11:50:36.322359 [info ] [MainThread]:
[2025-11-01T11:50:37.758+0000] {subprocess.py:93} INFO - 11:50:36.325678 [debug] [MainThread]: Acquiring new clickhouse connection 'master'
[2025-11-01T11:50:37.759+0000] {subprocess.py:93} INFO - 11:50:36.335215 [debug] [ThreadPool]: Acquiring new clickhouse connection 'list_'
[2025-11-01T11:50:37.759+0000] {subprocess.py:93} INFO - 11:50:36.353247 [debug] [ThreadPool]: Opening a new connection, currently in state init
[2025-11-01T11:50:37.760+0000] {subprocess.py:93} INFO - 11:50:36.527514 [debug] [ThreadPool]: dbt_clickhouse adapter: On list_: /* {"app": "dbt", "dbt_version": "1.10.13", "profile_name": "ck_project", "target_name": "dev", "connection_name": "list_"} */
[2025-11-01T11:50:37.760+0000] {subprocess.py:93} INFO - 
[2025-11-01T11:50:37.760+0000] {subprocess.py:93} INFO -     select name from system.databases
[2025-11-01T11:50:37.760+0000] {subprocess.py:93} INFO -   ...
[2025-11-01T11:50:37.761+0000] {subprocess.py:93} INFO - 11:50:36.532181 [debug] [ThreadPool]: dbt_clickhouse adapter: SQL status: OK in 0.00 seconds
[2025-11-01T11:50:37.761+0000] {subprocess.py:93} INFO - 11:50:36.555947 [debug] [ThreadPool]: Re-using an available connection from the pool (formerly list_, now list__silver)
[2025-11-01T11:50:37.761+0000] {subprocess.py:93} INFO - 11:50:36.563095 [debug] [ThreadPool]: dbt_clickhouse adapter: On list__silver: /* {"app": "dbt", "dbt_version": "1.10.13", "profile_name": "ck_project", "target_name": "dev", "connection_name": "list__silver"} */
[2025-11-01T11:50:37.761+0000] {subprocess.py:93} INFO - select
[2025-11-01T11:50:37.762+0000] {subprocess.py:93} INFO -       t.name as name,
[2025-11-01T11:50:37.762+0000] {subprocess.py:93} INFO -       t.database as schema,
[2025-11-01T11:50:37.762+0000] {subprocess.py:93} INFO -       multiIf(
[2025-11-01T11:50:37.762+0000] {subprocess.py:93} INFO -         engine in ('MaterializedView', 'View'), 'view',
[2025-11-01T11:50:37.763+0000] {subprocess.py:93} INFO -         engine = 'Dictionary', 'dictionary',
[2025-11-01T11:50:37.763+0000] {subprocess.py:93} INFO -         'table'
[2025-11-01T11:50:37.763+0000] {subprocess.py:93} INFO -       ) as type,
[2025-11-01T11:50:37.764+0000] {subprocess.py:93} INFO -       db.engine as db_engine,0 as is_on_cluster
[2025-11-01T11:50:37.764+0000] {subprocess.py:93} INFO -           from system.tables as t join system.databases as db on t.database = db.name
[2025-11-01T11:50:37.764+0000] {subprocess.py:93} INFO -         where schema = 'silver'
[2025-11-01T11:50:37.765+0000] {subprocess.py:93} INFO - 
[2025-11-01T11:50:37.765+0000] {subprocess.py:93} INFO - 
[2025-11-01T11:50:37.765+0000] {subprocess.py:93} INFO -   ...
[2025-11-01T11:50:37.765+0000] {subprocess.py:93} INFO - 11:50:36.569207 [debug] [ThreadPool]: dbt_clickhouse adapter: SQL status: OK in 0.00 seconds
[2025-11-01T11:50:37.766+0000] {subprocess.py:93} INFO - 11:50:36.571806 [debug] [MainThread]: Sending event: {'category': 'dbt', 'action': 'runnable_timing', 'label': '84385e26-216c-4e0d-9245-7f6b80d04882', 'context': [<snowplow_tracker.self_describing_json.SelfDescribingJson object at 0x7748376b4650>]}
[2025-11-01T11:50:37.766+0000] {subprocess.py:93} INFO - 11:50:36.577051 [debug] [Thread-1 (]: Began running node model.ck_project.silver_link_transactions
[2025-11-01T11:50:37.766+0000] {subprocess.py:93} INFO - 11:50:36.577625 [debug] [Thread-2 (]: Began running node model.ck_project.silver_payments
[2025-11-01T11:50:37.766+0000] {subprocess.py:93} INFO - 11:50:36.579335 [info ] [Thread-1 (]: 1 of 2 START sql incremental model `silver`.`silver_link_transactions` ......... [RUN]
[2025-11-01T11:50:37.767+0000] {subprocess.py:93} INFO - 11:50:36.580620 [info ] [Thread-2 (]: 2 of 2 START sql incremental model `silver`.`silver_payments` .................. [RUN]
[2025-11-01T11:50:37.767+0000] {subprocess.py:93} INFO - 11:50:36.582219 [debug] [Thread-1 (]: Re-using an available connection from the pool (formerly list__silver, now model.ck_project.silver_link_transactions)
[2025-11-01T11:50:37.767+0000] {subprocess.py:93} INFO - 11:50:36.584403 [debug] [Thread-2 (]: Acquiring new clickhouse connection 'model.ck_project.silver_payments'
[2025-11-01T11:50:37.767+0000] {subprocess.py:93} INFO - 11:50:36.585977 [debug] [Thread-1 (]: Began compiling node model.ck_project.silver_link_transactions
[2025-11-01T11:50:37.768+0000] {subprocess.py:93} INFO - 11:50:36.587087 [debug] [Thread-2 (]: Began compiling node model.ck_project.silver_payments
[2025-11-01T11:50:37.768+0000] {subprocess.py:93} INFO - 11:50:36.600000 [debug] [Thread-1 (]: Writing injected SQL for node "model.ck_project.silver_link_transactions"
[2025-11-01T11:50:37.768+0000] {subprocess.py:93} INFO - 11:50:36.605322 [debug] [Thread-2 (]: Writing injected SQL for node "model.ck_project.silver_payments"
[2025-11-01T11:50:37.768+0000] {subprocess.py:93} INFO - 11:50:36.610943 [debug] [Thread-1 (]: Began executing node model.ck_project.silver_link_transactions
[2025-11-01T11:50:37.768+0000] {subprocess.py:93} INFO - 11:50:36.612370 [debug] [Thread-2 (]: Began executing node model.ck_project.silver_payments
[2025-11-01T11:50:37.769+0000] {subprocess.py:93} INFO - 11:50:36.763966 [debug] [Thread-1 (]: Compilation Error in model silver_link_transactions (models/silver/silver_link_transactions.sql)
[2025-11-01T11:50:37.769+0000] {subprocess.py:93} INFO -   macro 'dbt_macro__clickhouse__create_table_as' takes not more than 2 argument(s)
[2025-11-01T11:50:37.769+0000] {subprocess.py:93} INFO - 
[2025-11-01T11:50:37.770+0000] {subprocess.py:93} INFO -   > in macro create_table_as (macros/relations/table/create.sql)
[2025-11-01T11:50:37.770+0000] {subprocess.py:93} INFO -   > called by macro default__get_create_table_as_sql (macros/relations/table/create.sql)
[2025-11-01T11:50:37.770+0000] {subprocess.py:93} INFO -   > called by macro get_create_table_as_sql (macros/relations/table/create.sql)
[2025-11-01T11:50:37.770+0000] {subprocess.py:93} INFO -   > called by macro statement (macros/etc/statement.sql)
[2025-11-01T11:50:37.771+0000] {subprocess.py:93} INFO -   > called by macro materialization_incremental_clickhouse (macros/materializations/incremental/incremental.sql)
[2025-11-01T11:50:37.771+0000] {subprocess.py:93} INFO -   > called by model silver_link_transactions (models/silver/silver_link_transactions.sql)
[2025-11-01T11:50:37.771+0000] {subprocess.py:93} INFO - 11:50:36.766115 [debug] [Thread-2 (]: Compilation Error in model silver_payments (models/silver/silver_payments.sql)
[2025-11-01T11:50:37.772+0000] {subprocess.py:93} INFO -   macro 'dbt_macro__clickhouse__create_table_as' takes not more than 2 argument(s)
[2025-11-01T11:50:37.772+0000] {subprocess.py:93} INFO - 
[2025-11-01T11:50:37.772+0000] {subprocess.py:93} INFO -   > in macro create_table_as (macros/relations/table/create.sql)
[2025-11-01T11:50:37.772+0000] {subprocess.py:93} INFO -   > called by macro default__get_create_table_as_sql (macros/relations/table/create.sql)
[2025-11-01T11:50:37.773+0000] {subprocess.py:93} INFO -   > called by macro get_create_table_as_sql (macros/relations/table/create.sql)
[2025-11-01T11:50:37.773+0000] {subprocess.py:93} INFO -   > called by macro statement (macros/etc/statement.sql)
[2025-11-01T11:50:37.773+0000] {subprocess.py:93} INFO -   > called by macro materialization_incremental_clickhouse (macros/materializations/incremental/incremental.sql)
[2025-11-01T11:50:37.773+0000] {subprocess.py:93} INFO -   > called by model silver_payments (models/silver/silver_payments.sql)
[2025-11-01T11:50:37.774+0000] {subprocess.py:93} INFO - 11:50:36.768514 [debug] [Thread-1 (]: Sending event: {'category': 'dbt', 'action': 'run_model', 'label': '84385e26-216c-4e0d-9245-7f6b80d04882', 'context': [<snowplow_tracker.self_describing_json.SelfDescribingJson object at 0x7748351f8390>]}
[2025-11-01T11:50:37.774+0000] {subprocess.py:93} INFO - 11:50:36.770143 [debug] [Thread-2 (]: Sending event: {'category': 'dbt', 'action': 'run_model', 'label': '84385e26-216c-4e0d-9245-7f6b80d04882', 'context': [<snowplow_tracker.self_describing_json.SelfDescribingJson object at 0x774835282110>]}
[2025-11-01T11:50:37.774+0000] {subprocess.py:93} INFO - 11:50:36.772345 [error] [Thread-1 (]: 1 of 2 ERROR creating sql incremental model `silver`.`silver_link_transactions`  [ERROR in 0.19s]
[2025-11-01T11:50:37.774+0000] {subprocess.py:93} INFO - 11:50:36.774604 [error] [Thread-2 (]: 2 of 2 ERROR creating sql incremental model `silver`.`silver_payments` ......... [ERROR in 0.19s]
[2025-11-01T11:50:37.775+0000] {subprocess.py:93} INFO - 11:50:36.775845 [debug] [Thread-1 (]: Finished running node model.ck_project.silver_link_transactions
[2025-11-01T11:50:37.775+0000] {subprocess.py:93} INFO - 11:50:36.776929 [debug] [Thread-2 (]: Finished running node model.ck_project.silver_payments
[2025-11-01T11:50:37.775+0000] {subprocess.py:93} INFO - 11:50:36.778350 [debug] [Thread-7 (]: Marking all children of 'model.ck_project.silver_link_transactions' to be skipped because of status 'error'.  Reason: Compilation Error in model silver_link_transactions (models/silver/silver_link_transactions.sql)
[2025-11-01T11:50:37.776+0000] {subprocess.py:93} INFO -   macro 'dbt_macro__clickhouse__create_table_as' takes not more than 2 argument(s)
[2025-11-01T11:50:37.776+0000] {subprocess.py:93} INFO - 
[2025-11-01T11:50:37.776+0000] {subprocess.py:93} INFO -   > in macro create_table_as (macros/relations/table/create.sql)
[2025-11-01T11:50:37.776+0000] {subprocess.py:93} INFO -   > called by macro default__get_create_table_as_sql (macros/relations/table/create.sql)
[2025-11-01T11:50:37.776+0000] {subprocess.py:93} INFO -   > called by macro get_create_table_as_sql (macros/relations/table/create.sql)
[2025-11-01T11:50:37.777+0000] {subprocess.py:93} INFO -   > called by macro statement (macros/etc/statement.sql)
[2025-11-01T11:50:37.777+0000] {subprocess.py:93} INFO -   > called by macro materialization_incremental_clickhouse (macros/materializations/incremental/incremental.sql)
[2025-11-01T11:50:37.777+0000] {subprocess.py:93} INFO -   > called by model silver_link_transactions (models/silver/silver_link_transactions.sql).
[2025-11-01T11:50:37.777+0000] {subprocess.py:93} INFO - 11:50:36.781914 [debug] [Thread-7 (]: Marking all children of 'model.ck_project.silver_payments' to be skipped because of status 'error'.  Reason: Compilation Error in model silver_payments (models/silver/silver_payments.sql)
[2025-11-01T11:50:37.778+0000] {subprocess.py:93} INFO -   macro 'dbt_macro__clickhouse__create_table_as' takes not more than 2 argument(s)
[2025-11-01T11:50:37.778+0000] {subprocess.py:93} INFO - 
[2025-11-01T11:50:37.778+0000] {subprocess.py:93} INFO -   > in macro create_table_as (macros/relations/table/create.sql)
[2025-11-01T11:50:37.778+0000] {subprocess.py:93} INFO -   > called by macro default__get_create_table_as_sql (macros/relations/table/create.sql)
[2025-11-01T11:50:37.779+0000] {subprocess.py:93} INFO -   > called by macro get_create_table_as_sql (macros/relations/table/create.sql)
[2025-11-01T11:50:37.779+0000] {subprocess.py:93} INFO -   > called by macro statement (macros/etc/statement.sql)
[2025-11-01T11:50:37.779+0000] {subprocess.py:93} INFO -   > called by macro materialization_incremental_clickhouse (macros/materializations/incremental/incremental.sql)
[2025-11-01T11:50:37.779+0000] {subprocess.py:93} INFO -   > called by model silver_payments (models/silver/silver_payments.sql).
[2025-11-01T11:50:37.780+0000] {subprocess.py:93} INFO - 11:50:36.785349 [debug] [MainThread]: Connection 'master' was properly closed.
[2025-11-01T11:50:37.780+0000] {subprocess.py:93} INFO - 11:50:36.786403 [debug] [MainThread]: Connection 'model.ck_project.silver_link_transactions' was left open.
[2025-11-01T11:50:37.781+0000] {subprocess.py:93} INFO - 11:50:36.787560 [debug] [MainThread]: On model.ck_project.silver_link_transactions: Close
[2025-11-01T11:50:37.781+0000] {subprocess.py:93} INFO - 11:50:36.788569 [debug] [MainThread]: Connection 'model.ck_project.silver_payments' was properly closed.
[2025-11-01T11:50:37.781+0000] {subprocess.py:93} INFO - 11:50:36.789725 [info ] [MainThread]:
[2025-11-01T11:50:37.782+0000] {subprocess.py:93} INFO - 11:50:36.790633 [info ] [MainThread]: Finished running 2 incremental models in 0 hours 0 minutes and 0.46 seconds (0.46s).
[2025-11-01T11:50:37.782+0000] {subprocess.py:93} INFO - 11:50:36.792392 [debug] [MainThread]: Command end result
[2025-11-01T11:50:37.783+0000] {subprocess.py:93} INFO - 11:50:36.826974 [debug] [MainThread]: Wrote artifact WritableManifest to /dbt/target/manifest.json
[2025-11-01T11:50:37.783+0000] {subprocess.py:93} INFO - 11:50:36.833107 [debug] [MainThread]: Wrote artifact SemanticManifest to /dbt/target/semantic_manifest.json
[2025-11-01T11:50:37.783+0000] {subprocess.py:93} INFO - 11:50:36.843734 [debug] [MainThread]: Wrote artifact RunExecutionResult to /dbt/target/run_results.json
[2025-11-01T11:50:37.784+0000] {subprocess.py:93} INFO - 11:50:36.845430 [info ] [MainThread]:
[2025-11-01T11:50:37.784+0000] {subprocess.py:93} INFO - 11:50:36.847091 [info ] [MainThread]: Completed with 2 errors, 0 partial successes, and 0 warnings:
[2025-11-01T11:50:37.784+0000] {subprocess.py:93} INFO - 11:50:36.848656 [info ] [MainThread]:
[2025-11-01T11:50:37.784+0000] {subprocess.py:93} INFO - 11:50:36.849918 [error] [MainThread]: Failure in model silver_link_transactions (models/silver/silver_link_transactions.sql)
[2025-11-01T11:50:37.785+0000] {subprocess.py:93} INFO - 11:50:36.851578 [error] [MainThread]:   Compilation Error in model silver_link_transactions (models/silver/silver_link_transactions.sql)
[2025-11-01T11:50:37.785+0000] {subprocess.py:93} INFO -   macro 'dbt_macro__clickhouse__create_table_as' takes not more than 2 argument(s)
[2025-11-01T11:50:37.785+0000] {subprocess.py:93} INFO - 
[2025-11-01T11:50:37.785+0000] {subprocess.py:93} INFO -   > in macro create_table_as (macros/relations/table/create.sql)
[2025-11-01T11:50:37.786+0000] {subprocess.py:93} INFO -   > called by macro default__get_create_table_as_sql (macros/relations/table/create.sql)
[2025-11-01T11:50:37.786+0000] {subprocess.py:93} INFO -   > called by macro get_create_table_as_sql (macros/relations/table/create.sql)
[2025-11-01T11:50:37.786+0000] {subprocess.py:93} INFO -   > called by macro statement (macros/etc/statement.sql)
[2025-11-01T11:50:37.786+0000] {subprocess.py:93} INFO -   > called by macro materialization_incremental_clickhouse (macros/materializations/incremental/incremental.sql)
[2025-11-01T11:50:37.786+0000] {subprocess.py:93} INFO -   > called by model silver_link_transactions (models/silver/silver_link_transactions.sql)
[2025-11-01T11:50:37.787+0000] {subprocess.py:93} INFO - 11:50:36.852719 [info ] [MainThread]:
[2025-11-01T11:50:37.787+0000] {subprocess.py:93} INFO - 11:50:36.854546 [info ] [MainThread]:   compiled code at target/compiled/ck_project/models/silver/silver_link_transactions.sql
[2025-11-01T11:50:37.787+0000] {subprocess.py:93} INFO - 11:50:36.855689 [info ] [MainThread]:
[2025-11-01T11:50:37.787+0000] {subprocess.py:93} INFO - 11:50:36.857113 [error] [MainThread]: Failure in model silver_payments (models/silver/silver_payments.sql)
[2025-11-01T11:50:37.788+0000] {subprocess.py:93} INFO - 11:50:36.858465 [error] [MainThread]:   Compilation Error in model silver_payments (models/silver/silver_payments.sql)
[2025-11-01T11:50:37.788+0000] {subprocess.py:93} INFO -   macro 'dbt_macro__clickhouse__create_table_as' takes not more than 2 argument(s)
[2025-11-01T11:50:37.788+0000] {subprocess.py:93} INFO - 
[2025-11-01T11:50:37.788+0000] {subprocess.py:93} INFO -   > in macro create_table_as (macros/relations/table/create.sql)
[2025-11-01T11:50:37.789+0000] {subprocess.py:93} INFO -   > called by macro default__get_create_table_as_sql (macros/relations/table/create.sql)
[2025-11-01T11:50:37.789+0000] {subprocess.py:93} INFO -   > called by macro get_create_table_as_sql (macros/relations/table/create.sql)
[2025-11-01T11:50:37.789+0000] {subprocess.py:93} INFO -   > called by macro statement (macros/etc/statement.sql)
[2025-11-01T11:50:37.790+0000] {subprocess.py:93} INFO -   > called by macro materialization_incremental_clickhouse (macros/materializations/incremental/incremental.sql)
[2025-11-01T11:50:37.790+0000] {subprocess.py:93} INFO -   > called by model silver_payments (models/silver/silver_payments.sql)
[2025-11-01T11:50:37.790+0000] {subprocess.py:93} INFO - 11:50:36.859777 [info ] [MainThread]:
[2025-11-01T11:50:37.791+0000] {subprocess.py:93} INFO - 11:50:36.861250 [info ] [MainThread]:   compiled code at target/compiled/ck_project/models/silver/silver_payments.sql
[2025-11-01T11:50:37.791+0000] {subprocess.py:93} INFO - 11:50:36.862512 [info ] [MainThread]:
[2025-11-01T11:50:37.791+0000] {subprocess.py:93} INFO - 11:50:36.864005 [info ] [MainThread]: Done. PASS=0 WARN=0 ERROR=2 SKIP=0 NO-OP=0 TOTAL=2
[2025-11-01T11:50:37.792+0000] {subprocess.py:93} INFO - 11:50:36.865920 [debug] [MainThread]: Resource report: {"command_name": "run", "command_success": false, "command_wall_clock_time": 1.3919694, "process_in_blocks": "0", "process_kernel_time": 0.273337, "process_mem_max_rss": "143276", "process_out_blocks": "0", "process_user_time": 2.170624}
[2025-11-01T11:50:37.792+0000] {subprocess.py:93} INFO - 11:50:36.866985 [debug] [MainThread]: Command `dbt run` failed at 11:50:36.866850 after 1.39 seconds
[2025-11-01T11:50:37.792+0000] {subprocess.py:93} INFO - 11:50:36.868041 [debug] [MainThread]: Sending event: {'category': 'dbt', 'action': 'invocation', 'label': 'end', 'context': [<snowplow_tracker.self_describing_json.SelfDescribingJson object at 0x7748340733d0>, <snowplow_tracker.self_describing_json.SelfDescribingJson object at 0x774834073a90>, <snowplow_tracker.self_describing_json.SelfDescribingJson object at 0x774834073610>]}
[2025-11-01T11:50:37.792+0000] {subprocess.py:93} INFO - 11:50:36.868974 [debug] [MainThread]: Flushing usage events
[2025-11-01T11:50:37.793+0000] {subprocess.py:93} INFO - 11:50:37.346387 [debug] [MainThread]: An error was encountered while trying to flush usage events
[2025-11-01T11:50:37.793+0000] {subprocess.py:97} INFO - Command exited with return code 1
[2025-11-01T11:50:37.805+0000] {taskinstance.py:2698} ERROR - Task failed with exception
Traceback (most recent call last):
  File "/home/airflow/.local/lib/python3.8/site-packages/airflow/models/taskinstance.py", line 433, in _execute_task
    result = execute_callable(context=context, **execute_callable_kwargs)
  File "/home/airflow/.local/lib/python3.8/site-packages/airflow/operators/bash.py", line 212, in execute
    raise AirflowException(
airflow.exceptions.AirflowException: Bash command failed. The command returned a non-zero exit code 1.
[2025-11-01T11:50:37.808+0000] {taskinstance.py:1138} INFO - Marking task as FAILED. dag_id=ingestion_pipeline, task_id=silver_dbt.dbt_run_incrementals, execution_date=20251101T114514, start_date=20251101T115028, end_date=20251101T115037
[2025-11-01T11:50:37.829+0000] {standard_task_runner.py:107} ERROR - Failed to execute job 69 for task silver_dbt.dbt_run_incrementals (Bash command failed. The command returned a non-zero exit code 1.; 1599)
[2025-11-01T11:50:37.863+0000] {local_task_job_runner.py:234} INFO - Task exited with return code 1
[2025-11-01T11:50:37.888+0000] {taskinstance.py:3280} INFO - 0 downstream tasks scheduled from follow-on schedule check
