[2025-11-02T14:20:10.662+0000] {taskinstance.py:1956} INFO - Dependencies all met for dep_context=non-requeueable deps ti=<TaskInstance: gold_dimensions_pipeline.dbt_fact_transactions manual__2025-11-02T13:07:50.725059+00:00 [queued]>
[2025-11-02T14:20:10.671+0000] {taskinstance.py:1956} INFO - Dependencies all met for dep_context=requeueable deps ti=<TaskInstance: gold_dimensions_pipeline.dbt_fact_transactions manual__2025-11-02T13:07:50.725059+00:00 [queued]>
[2025-11-02T14:20:10.672+0000] {taskinstance.py:2170} INFO - Starting attempt 11 of 13
[2025-11-02T14:20:10.689+0000] {taskinstance.py:2191} INFO - Executing <Task(PythonOperator): dbt_fact_transactions> on 2025-11-02 13:07:50.725059+00:00
[2025-11-02T14:20:10.696+0000] {standard_task_runner.py:60} INFO - Started process 15134 to run task
[2025-11-02T14:20:10.700+0000] {standard_task_runner.py:87} INFO - Running: ['***', 'tasks', 'run', 'gold_dimensions_pipeline', 'dbt_fact_transactions', 'manual__2025-11-02T13:07:50.725059+00:00', '--job-id', '422', '--raw', '--subdir', 'DAGS_FOLDER/gold_dag.py', '--cfg-path', '/tmp/tmpmcl1lb2f']
[2025-11-02T14:20:10.703+0000] {standard_task_runner.py:88} INFO - Job 422: Subtask dbt_fact_transactions
[2025-11-02T14:20:10.812+0000] {task_command.py:423} INFO - Running <TaskInstance: gold_dimensions_pipeline.dbt_fact_transactions manual__2025-11-02T13:07:50.725059+00:00 [running]> on host 0d39d4365eb9
[2025-11-02T14:20:10.927+0000] {taskinstance.py:2480} INFO - Exporting env vars: AIRFLOW_CTX_DAG_OWNER='***' AIRFLOW_CTX_DAG_ID='gold_dimensions_pipeline' AIRFLOW_CTX_TASK_ID='dbt_fact_transactions' AIRFLOW_CTX_EXECUTION_DATE='2025-11-02T13:07:50.725059+00:00' AIRFLOW_CTX_TRY_NUMBER='11' AIRFLOW_CTX_DAG_RUN_ID='manual__2025-11-02T13:07:50.725059+00:00'
[2025-11-02T14:20:13.696+0000] {logging_mixin.py:188} INFO - 14:20:13  Running with dbt=1.5.9
[2025-11-02T14:20:13.834+0000] {logging_mixin.py:188} INFO - 14:20:13  Registered adapter: clickhouse=1.5.2
[2025-11-02T14:20:15.520+0000] {logging_mixin.py:188} INFO - 14:20:15  [WARNING]: Configuration paths exist in your dbt_project.yml file which do not apply to any resources.
[2025-11-02T14:20:15.520+0000] {logging_mixin.py:188} INFO - There are 1 unused configuration paths:
[2025-11-02T14:20:15.521+0000] {logging_mixin.py:188} INFO - - models.ck_project.bronze
[2025-11-02T14:20:15.578+0000] {logging_mixin.py:188} INFO - 14:20:15  Found 8 models, 20 tests, 0 snapshots, 0 analyses, 349 macros, 0 operations, 0 seed files, 6 sources, 0 exposures, 0 metrics, 0 groups
[2025-11-02T14:20:15.586+0000] {logging_mixin.py:188} INFO - 14:20:15
[2025-11-02T14:20:15.899+0000] {logging_mixin.py:188} INFO - 14:20:15  Concurrency: 4 threads (target='dev')
[2025-11-02T14:20:15.900+0000] {logging_mixin.py:188} INFO - 14:20:15
[2025-11-02T14:20:15.917+0000] {logging_mixin.py:188} INFO - 14:20:15  1 of 1 START sql incremental model gold.fact_transactions ...................... [RUN]
[2025-11-02T14:20:16.041+0000] {logging_mixin.py:188} INFO - 14:20:16  1 of 1 ERROR creating sql incremental model gold.fact_transactions ............. [ERROR in 0.12s]
[2025-11-02T14:20:16.050+0000] {logging_mixin.py:188} INFO - 14:20:16
[2025-11-02T14:20:16.051+0000] {logging_mixin.py:188} INFO - 14:20:16  Finished running 1 incremental model in 0 hours 0 minutes and 0.46 seconds (0.46s).
[2025-11-02T14:20:16.081+0000] {logging_mixin.py:188} INFO - 14:20:16
[2025-11-02T14:20:16.082+0000] {logging_mixin.py:188} INFO - 14:20:16  Completed with 1 error and 0 warnings:
[2025-11-02T14:20:16.083+0000] {logging_mixin.py:188} INFO - 14:20:16
[2025-11-02T14:20:16.085+0000] {logging_mixin.py:188} INFO - 14:20:16  Database Error in model fact_transactions (models/gold/fact/fact_transactions.sql)
[2025-11-02T14:20:16.086+0000] {logging_mixin.py:188} INFO - 14:20:16    Code: 47.
[2025-11-02T14:20:16.087+0000] {logging_mixin.py:188} INFO - 14:20:16    DB::Exception: Unknown expression or function identifier `state` in scope  pay_final AS pf. Maybe you meant: ['state']. Stack trace:
[2025-11-02T14:20:16.088+0000] {logging_mixin.py:188} INFO - 14:20:16
[2025-11-02T14:20:16.089+0000] {logging_mixin.py:188} INFO - 14:20:16    0. DB::Exception::Exception(DB::Exception::MessageMasked&&, int, bool) @ 0x00000000137a855f
[2025-11-02T14:20:16.090+0000] {logging_mixin.py:188} INFO - 14:20:16    1. DB::Exception::Exception(String&&, int, String, bool) @ 0x000000000cae7e8e
[2025-11-02T14:20:16.091+0000] {logging_mixin.py:188} INFO - 14:20:16    2. DB::Exception::Exception(PreformattedMessage&&, int) @ 0x000000000cae7940
[2025-11-02T14:20:16.092+0000] {logging_mixin.py:188} INFO - 14:20:16    3. DB::Exception::Exception<char const*, String&, String, String, String>(int, FormatStringHelperImpl<std::type_identity<char const*>::type, std::type_identity<String&>::type, std::type_identity<String>::type, std::type_identity<String>::type, std::type_identity<String>::type>, char const*&&, String&, String&&, String&&, String&&) @ 0x0000000017859102
[2025-11-02T14:20:16.093+0000] {logging_mixin.py:188} INFO - 14:20:16    4. DB::QueryAnalyzer::resolveExpressionNode(std::shared_ptr<DB::IQueryTreeNode>&, DB::IdentifierResolveScope&, bool, bool, bool) @ 0x00000000178395e5
[2025-11-02T14:20:16.094+0000] {logging_mixin.py:188} INFO - 14:20:16    5. DB::QueryAnalyzer::resolveExpressionNodeList(std::shared_ptr<DB::IQueryTreeNode>&, DB::IdentifierResolveScope&, bool, bool) @ 0x00000000178366c0
[2025-11-02T14:20:16.095+0000] {logging_mixin.py:188} INFO - 14:20:16    6. DB::QueryAnalyzer::resolveFunction(std::shared_ptr<DB::IQueryTreeNode>&, DB::IdentifierResolveScope&) @ 0x0000000017aa66c7
[2025-11-02T14:20:16.096+0000] {logging_mixin.py:188} INFO - 14:20:16    7. DB::QueryAnalyzer::resolveExpressionNode(std::shared_ptr<DB::IQueryTreeNode>&, DB::IdentifierResolveScope&, bool, bool, bool) @ 0x00000000178372f3
[2025-11-02T14:20:16.097+0000] {logging_mixin.py:188} INFO - 14:20:16    8. DB::QueryAnalyzer::resolveExpressionNodeList(std::shared_ptr<DB::IQueryTreeNode>&, DB::IdentifierResolveScope&, bool, bool) @ 0x00000000178366c0
[2025-11-02T14:20:16.098+0000] {logging_mixin.py:188} INFO - 14:20:16    9. DB::QueryAnalyzer::resolveProjectionExpressionNodeList(std::shared_ptr<DB::IQueryTreeNode>&, DB::IdentifierResolveScope&) @ 0x0000000017859ea7
[2025-11-02T14:20:16.100+0000] {logging_mixin.py:188} INFO - 14:20:16    10. DB::QueryAnalyzer::resolveQuery(std::shared_ptr<DB::IQueryTreeNode> const&, DB::IdentifierResolveScope&) @ 0x000000001782d06b
[2025-11-02T14:20:16.101+0000] {logging_mixin.py:188} INFO - 14:20:16    11. DB::QueryAnalyzer::resolveExpressionNode(std::shared_ptr<DB::IQueryTreeNode>&, DB::IdentifierResolveScope&, bool, bool, bool) @ 0x0000000017837221
[2025-11-02T14:20:16.102+0000] {logging_mixin.py:188} INFO - 14:20:16    12. DB::QueryAnalyzer::resolveQueryJoinTreeNode(std::shared_ptr<DB::IQueryTreeNode>&, DB::IdentifierResolveScope&, DB::QueryExpressionsAliasVisitor&) @ 0x000000001785ae58
[2025-11-02T14:20:16.102+0000] {logging_mixin.py:188} INFO - 14:20:16    13. DB::QueryAnalyzer::resolveJoin(std::shared_ptr<DB::IQueryTreeNode>&, DB::IdentifierResolveScope&, DB::QueryExpressionsAliasVisitor&) @ 0x000000001785c6a7
[2025-11-02T14:20:16.103+0000] {logging_mixin.py:188} INFO - 14:20:16    14. DB::QueryAnalyzer::resolveQueryJoinTreeNode(std::shared_ptr<DB::IQueryTreeNode>&, DB::IdentifierResolveScope&, DB::QueryExpressionsAliasVisitor&) @ 0x000000001785a8f8
[2025-11-02T14:20:16.104+0000] {logging_mixin.py:188} INFO - 14:20:16    15. DB::QueryAnalyzer::resolveJoin(std::shared_ptr<DB::IQueryTreeNode>&, DB::IdentifierResolveScope&, DB::QueryExpressionsAliasVisitor&) @ 0x000000001785c67a
[2025-11-02T14:20:16.105+0000] {logging_mixin.py:188} INFO - 14:20:16    16. DB::QueryAnalyzer::resolveQueryJoinTreeNode(std::shared_ptr<DB::IQueryTreeNode>&, DB::IdentifierResolveScope&, DB::QueryExpressionsAliasVisitor&) @ 0x000000001785a8f8
[2025-11-02T14:20:16.106+0000] {logging_mixin.py:188} INFO - 14:20:16    17. DB::QueryAnalyzer::resolveJoin(std::shared_ptr<DB::IQueryTreeNode>&, DB::IdentifierResolveScope&, DB::QueryExpressionsAliasVisitor&) @ 0x000000001785c67a
[2025-11-02T14:20:16.106+0000] {logging_mixin.py:188} INFO - 14:20:16    18. DB::QueryAnalyzer::resolveQueryJoinTreeNode(std::shared_ptr<DB::IQueryTreeNode>&, DB::IdentifierResolveScope&, DB::QueryExpressionsAliasVisitor&) @ 0x000000001785a8f8
[2025-11-02T14:20:16.107+0000] {logging_mixin.py:188} INFO - 14:20:16    19. DB::QueryAnalyzer::resolveJoin(std::shared_ptr<DB::IQueryTreeNode>&, DB::IdentifierResolveScope&, DB::QueryExpressionsAliasVisitor&) @ 0x000000001785c67a
[2025-11-02T14:20:16.108+0000] {logging_mixin.py:188} INFO - 14:20:16    20. DB::QueryAnalyzer::resolveQueryJoinTreeNode(std::shared_ptr<DB::IQueryTreeNode>&, DB::IdentifierResolveScope&, DB::QueryExpressionsAliasVisitor&) @ 0x000000001785a8f8
[2025-11-02T14:20:16.110+0000] {logging_mixin.py:188} INFO - 14:20:16    21. DB::QueryAnalyzer::resolveQuery(std::shared_ptr<DB::IQueryTreeNode> const&, DB::IdentifierResolveScope&) @ 0x000000001782d021
[2025-11-02T14:20:16.111+0000] {logging_mixin.py:188} INFO - 14:20:16    22. DB::QueryAnalyzer::resolveExpressionNode(std::shared_ptr<DB::IQueryTreeNode>&, DB::IdentifierResolveScope&, bool, bool, bool) @ 0x0000000017837221
[2025-11-02T14:20:16.112+0000] {logging_mixin.py:188} INFO - 14:20:16    23. DB::QueryAnalyzer::resolveQueryJoinTreeNode(std::shared_ptr<DB::IQueryTreeNode>&, DB::IdentifierResolveScope&, DB::QueryExpressionsAliasVisitor&) @ 0x000000001785ae58
[2025-11-02T14:20:16.112+0000] {logging_mixin.py:188} INFO - 14:20:16    24. DB::QueryAnalyzer::resolveQuery(std::shared_ptr<DB::IQueryTreeNode> const&, DB::IdentifierResolveScope&) @ 0x000000001782d021
[2025-11-02T14:20:16.114+0000] {logging_mixin.py:188} INFO - 14:20:16    25. DB::QueryAnalyzer::resolve(std::shared_ptr<DB::IQueryTreeNode>&, std::shared_ptr<DB::IQueryTreeNode> const&, std::shared_ptr<DB::Context const>) @ 0x000000001782a87a
[2025-11-02T14:20:16.115+0000] {logging_mixin.py:188} INFO - 14:20:16    26. DB::QueryAnalysisPass::run(std::shared_ptr<DB::IQueryTreeNode>&, std::shared_ptr<DB::Context const>) @ 0x0000000017829edc
[2025-11-02T14:20:16.116+0000] {logging_mixin.py:188} INFO - 14:20:16    27. DB::QueryTreePassManager::run(std::shared_ptr<DB::IQueryTreeNode>) @ 0x000000001787d276
[2025-11-02T14:20:16.116+0000] {logging_mixin.py:188} INFO - 14:20:16    28. DB::buildQueryTreeAndRunPasses(std::shared_ptr<DB::IAST> const&, DB::SelectQueryOptions const&, std::shared_ptr<DB::Context const> const&, std::shared_ptr<DB::IStorage> const&) (.llvm.8096503222789336007) @ 0x00000000183bd40d
[2025-11-02T14:20:16.117+0000] {logging_mixin.py:188} INFO - 14:20:16    29. DB::InterpreterSelectQueryAnalyzer::InterpreterSelectQueryAnalyzer(std::shared_ptr<DB::IAST> const&, std::shared_ptr<DB::Context const> const&, DB::SelectQueryOptions const&, std::vector<String, std::allocator<String>> const&) @ 0x00000000183bb32a
[2025-11-02T14:20:16.118+0000] {logging_mixin.py:188} INFO - 14:20:16    30. DB::InterpreterSelectQueryAnalyzer::getSampleBlock(std::shared_ptr<DB::IAST> const&, std::shared_ptr<DB::Context const> const&, DB::SelectQueryOptions const&) @ 0x00000000183bd86a
[2025-11-02T14:20:16.120+0000] {logging_mixin.py:188} INFO - 14:20:16    31. DB::InterpreterCreateQuery::getTablePropertiesAndNormalizeCreateQuery(DB::ASTCreateQuery&, DB::LoadingStrictnessLevel) const @ 0x00000000182e49d3
[2025-11-02T14:20:16.120+0000] {logging_mixin.py:188} INFO - 14:20:16
[2025-11-02T14:20:16.121+0000] {logging_mixin.py:188} INFO - 14:20:16  Done. PASS=0 WARN=0 ERROR=1 SKIP=0 TOTAL=1
[2025-11-02T14:20:17.072+0000] {taskinstance.py:2698} ERROR - Task failed with exception
Traceback (most recent call last):
  File "/home/airflow/.local/lib/python3.8/site-packages/airflow/models/taskinstance.py", line 433, in _execute_task
    result = execute_callable(context=context, **execute_callable_kwargs)
  File "/home/airflow/.local/lib/python3.8/site-packages/airflow/operators/python.py", line 199, in execute
    return_value = self.execute_callable()
  File "/home/airflow/.local/lib/python3.8/site-packages/airflow/operators/python.py", line 216, in execute_callable
    return self.python_callable(*self.op_args, **self.op_kwargs)
  File "/opt/airflow/dags/gold_dag.py", line 143, in <lambda>
    python_callable=lambda **_: _run_dbt("+fact_transactions"),
  File "/opt/airflow/dags/gold_dag.py", line 90, in _run_dbt
    raise RuntimeError(f"dbt failed (exit {ret}). See logs above.")
RuntimeError: dbt failed (exit 1). See logs above.
[2025-11-02T14:20:17.099+0000] {taskinstance.py:1138} INFO - Marking task as UP_FOR_RETRY. dag_id=gold_dimensions_pipeline, task_id=dbt_fact_transactions, execution_date=20251102T130750, start_date=20251102T142010, end_date=20251102T142017
[2025-11-02T14:20:17.128+0000] {standard_task_runner.py:107} ERROR - Failed to execute job 422 for task dbt_fact_transactions (dbt failed (exit 1). See logs above.; 15134)
[2025-11-02T14:20:17.161+0000] {local_task_job_runner.py:234} INFO - Task exited with return code 1
[2025-11-02T14:20:17.196+0000] {taskinstance.py:3280} INFO - 0 downstream tasks scheduled from follow-on schedule check
