[2025-11-02T14:22:49.842+0000] {taskinstance.py:1956} INFO - Dependencies all met for dep_context=non-requeueable deps ti=<TaskInstance: gold_dimensions_pipeline.dbt_fact_transactions manual__2025-11-02T13:07:50.725059+00:00 [queued]>
[2025-11-02T14:22:49.855+0000] {taskinstance.py:1956} INFO - Dependencies all met for dep_context=requeueable deps ti=<TaskInstance: gold_dimensions_pipeline.dbt_fact_transactions manual__2025-11-02T13:07:50.725059+00:00 [queued]>
[2025-11-02T14:22:49.856+0000] {taskinstance.py:2170} INFO - Starting attempt 12 of 14
[2025-11-02T14:22:49.871+0000] {taskinstance.py:2191} INFO - Executing <Task(PythonOperator): dbt_fact_transactions> on 2025-11-02 13:07:50.725059+00:00
[2025-11-02T14:22:49.877+0000] {standard_task_runner.py:60} INFO - Started process 15336 to run task
[2025-11-02T14:22:49.881+0000] {standard_task_runner.py:87} INFO - Running: ['***', 'tasks', 'run', 'gold_dimensions_pipeline', 'dbt_fact_transactions', 'manual__2025-11-02T13:07:50.725059+00:00', '--job-id', '423', '--raw', '--subdir', 'DAGS_FOLDER/gold_dag.py', '--cfg-path', '/tmp/tmpnk7jrm18']
[2025-11-02T14:22:49.884+0000] {standard_task_runner.py:88} INFO - Job 423: Subtask dbt_fact_transactions
[2025-11-02T14:22:49.984+0000] {task_command.py:423} INFO - Running <TaskInstance: gold_dimensions_pipeline.dbt_fact_transactions manual__2025-11-02T13:07:50.725059+00:00 [running]> on host 0d39d4365eb9
[2025-11-02T14:22:50.107+0000] {taskinstance.py:2480} INFO - Exporting env vars: AIRFLOW_CTX_DAG_OWNER='***' AIRFLOW_CTX_DAG_ID='gold_dimensions_pipeline' AIRFLOW_CTX_TASK_ID='dbt_fact_transactions' AIRFLOW_CTX_EXECUTION_DATE='2025-11-02T13:07:50.725059+00:00' AIRFLOW_CTX_TRY_NUMBER='12' AIRFLOW_CTX_DAG_RUN_ID='manual__2025-11-02T13:07:50.725059+00:00'
[2025-11-02T14:22:52.909+0000] {logging_mixin.py:188} INFO - 14:22:52  Running with dbt=1.5.9
[2025-11-02T14:22:53.107+0000] {logging_mixin.py:188} INFO - 14:22:53  Registered adapter: clickhouse=1.5.2
[2025-11-02T14:22:54.817+0000] {logging_mixin.py:188} INFO - 14:22:54  [WARNING]: Configuration paths exist in your dbt_project.yml file which do not apply to any resources.
[2025-11-02T14:22:54.818+0000] {logging_mixin.py:188} INFO - There are 1 unused configuration paths:
[2025-11-02T14:22:54.820+0000] {logging_mixin.py:188} INFO - - models.ck_project.bronze
[2025-11-02T14:22:54.866+0000] {logging_mixin.py:188} INFO - 14:22:54  Found 8 models, 20 tests, 0 snapshots, 0 analyses, 349 macros, 0 operations, 0 seed files, 6 sources, 0 exposures, 0 metrics, 0 groups
[2025-11-02T14:22:54.869+0000] {logging_mixin.py:188} INFO - 14:22:54
[2025-11-02T14:22:55.192+0000] {logging_mixin.py:188} INFO - 14:22:55  Concurrency: 4 threads (target='dev')
[2025-11-02T14:22:55.193+0000] {logging_mixin.py:188} INFO - 14:22:55
[2025-11-02T14:22:55.231+0000] {logging_mixin.py:188} INFO - 14:22:55  1 of 1 START sql incremental model gold.fact_transactions ...................... [RUN]
[2025-11-02T14:22:55.371+0000] {logging_mixin.py:188} INFO - 14:22:55  1 of 1 ERROR creating sql incremental model gold.fact_transactions ............. [ERROR in 0.14s]
[2025-11-02T14:22:55.381+0000] {logging_mixin.py:188} INFO - 14:22:55
[2025-11-02T14:22:55.382+0000] {logging_mixin.py:188} INFO - 14:22:55  Finished running 1 incremental model in 0 hours 0 minutes and 0.51 seconds (0.51s).
[2025-11-02T14:22:55.414+0000] {logging_mixin.py:188} INFO - 14:22:55
[2025-11-02T14:22:55.415+0000] {logging_mixin.py:188} INFO - 14:22:55  Completed with 1 error and 0 warnings:
[2025-11-02T14:22:55.416+0000] {logging_mixin.py:188} INFO - 14:22:55
[2025-11-02T14:22:55.417+0000] {logging_mixin.py:188} INFO - 14:22:55  Database Error in model fact_transactions (models/gold/fact/fact_transactions.sql)
[2025-11-02T14:22:55.419+0000] {logging_mixin.py:188} INFO - 14:22:55    Code: 47.
[2025-11-02T14:22:55.420+0000] {logging_mixin.py:188} INFO - 14:22:55    DB::Exception: Unknown expression or function identifier `state` in scope  pay_final AS pf. Maybe you meant: ['state']. Stack trace:
[2025-11-02T14:22:55.421+0000] {logging_mixin.py:188} INFO - 14:22:55
[2025-11-02T14:22:55.422+0000] {logging_mixin.py:188} INFO - 14:22:55    0. DB::Exception::Exception(DB::Exception::MessageMasked&&, int, bool) @ 0x00000000137a855f
[2025-11-02T14:22:55.423+0000] {logging_mixin.py:188} INFO - 14:22:55    1. DB::Exception::Exception(String&&, int, String, bool) @ 0x000000000cae7e8e
[2025-11-02T14:22:55.424+0000] {logging_mixin.py:188} INFO - 14:22:55    2. DB::Exception::Exception(PreformattedMessage&&, int) @ 0x000000000cae7940
[2025-11-02T14:22:55.425+0000] {logging_mixin.py:188} INFO - 14:22:55    3. DB::Exception::Exception<char const*, String&, String, String, String>(int, FormatStringHelperImpl<std::type_identity<char const*>::type, std::type_identity<String&>::type, std::type_identity<String>::type, std::type_identity<String>::type, std::type_identity<String>::type>, char const*&&, String&, String&&, String&&, String&&) @ 0x0000000017859102
[2025-11-02T14:22:55.426+0000] {logging_mixin.py:188} INFO - 14:22:55    4. DB::QueryAnalyzer::resolveExpressionNode(std::shared_ptr<DB::IQueryTreeNode>&, DB::IdentifierResolveScope&, bool, bool, bool) @ 0x00000000178395e5
[2025-11-02T14:22:55.427+0000] {logging_mixin.py:188} INFO - 14:22:55    5. DB::QueryAnalyzer::resolveExpressionNodeList(std::shared_ptr<DB::IQueryTreeNode>&, DB::IdentifierResolveScope&, bool, bool) @ 0x00000000178366c0
[2025-11-02T14:22:55.428+0000] {logging_mixin.py:188} INFO - 14:22:55    6. DB::QueryAnalyzer::resolveFunction(std::shared_ptr<DB::IQueryTreeNode>&, DB::IdentifierResolveScope&) @ 0x0000000017aa66c7
[2025-11-02T14:22:55.429+0000] {logging_mixin.py:188} INFO - 14:22:55    7. DB::QueryAnalyzer::resolveExpressionNode(std::shared_ptr<DB::IQueryTreeNode>&, DB::IdentifierResolveScope&, bool, bool, bool) @ 0x00000000178372f3
[2025-11-02T14:22:55.430+0000] {logging_mixin.py:188} INFO - 14:22:55    8. DB::QueryAnalyzer::resolveExpressionNodeList(std::shared_ptr<DB::IQueryTreeNode>&, DB::IdentifierResolveScope&, bool, bool) @ 0x00000000178366c0
[2025-11-02T14:22:55.431+0000] {logging_mixin.py:188} INFO - 14:22:55    9. DB::QueryAnalyzer::resolveProjectionExpressionNodeList(std::shared_ptr<DB::IQueryTreeNode>&, DB::IdentifierResolveScope&) @ 0x0000000017859ea7
[2025-11-02T14:22:55.433+0000] {logging_mixin.py:188} INFO - 14:22:55    10. DB::QueryAnalyzer::resolveQuery(std::shared_ptr<DB::IQueryTreeNode> const&, DB::IdentifierResolveScope&) @ 0x000000001782d06b
[2025-11-02T14:22:55.434+0000] {logging_mixin.py:188} INFO - 14:22:55    11. DB::QueryAnalyzer::resolveExpressionNode(std::shared_ptr<DB::IQueryTreeNode>&, DB::IdentifierResolveScope&, bool, bool, bool) @ 0x0000000017837221
[2025-11-02T14:22:55.436+0000] {logging_mixin.py:188} INFO - 14:22:55    12. DB::QueryAnalyzer::resolveQueryJoinTreeNode(std::shared_ptr<DB::IQueryTreeNode>&, DB::IdentifierResolveScope&, DB::QueryExpressionsAliasVisitor&) @ 0x000000001785ae58
[2025-11-02T14:22:55.437+0000] {logging_mixin.py:188} INFO - 14:22:55    13. DB::QueryAnalyzer::resolveJoin(std::shared_ptr<DB::IQueryTreeNode>&, DB::IdentifierResolveScope&, DB::QueryExpressionsAliasVisitor&) @ 0x000000001785c6a7
[2025-11-02T14:22:55.438+0000] {logging_mixin.py:188} INFO - 14:22:55    14. DB::QueryAnalyzer::resolveQueryJoinTreeNode(std::shared_ptr<DB::IQueryTreeNode>&, DB::IdentifierResolveScope&, DB::QueryExpressionsAliasVisitor&) @ 0x000000001785a8f8
[2025-11-02T14:22:55.438+0000] {logging_mixin.py:188} INFO - 14:22:55    15. DB::QueryAnalyzer::resolveJoin(std::shared_ptr<DB::IQueryTreeNode>&, DB::IdentifierResolveScope&, DB::QueryExpressionsAliasVisitor&) @ 0x000000001785c67a
[2025-11-02T14:22:55.439+0000] {logging_mixin.py:188} INFO - 14:22:55    16. DB::QueryAnalyzer::resolveQueryJoinTreeNode(std::shared_ptr<DB::IQueryTreeNode>&, DB::IdentifierResolveScope&, DB::QueryExpressionsAliasVisitor&) @ 0x000000001785a8f8
[2025-11-02T14:22:55.440+0000] {logging_mixin.py:188} INFO - 14:22:55    17. DB::QueryAnalyzer::resolveJoin(std::shared_ptr<DB::IQueryTreeNode>&, DB::IdentifierResolveScope&, DB::QueryExpressionsAliasVisitor&) @ 0x000000001785c67a
[2025-11-02T14:22:55.440+0000] {logging_mixin.py:188} INFO - 14:22:55    18. DB::QueryAnalyzer::resolveQueryJoinTreeNode(std::shared_ptr<DB::IQueryTreeNode>&, DB::IdentifierResolveScope&, DB::QueryExpressionsAliasVisitor&) @ 0x000000001785a8f8
[2025-11-02T14:22:55.441+0000] {logging_mixin.py:188} INFO - 14:22:55    19. DB::QueryAnalyzer::resolveJoin(std::shared_ptr<DB::IQueryTreeNode>&, DB::IdentifierResolveScope&, DB::QueryExpressionsAliasVisitor&) @ 0x000000001785c67a
[2025-11-02T14:22:55.443+0000] {logging_mixin.py:188} INFO - 14:22:55    20. DB::QueryAnalyzer::resolveQueryJoinTreeNode(std::shared_ptr<DB::IQueryTreeNode>&, DB::IdentifierResolveScope&, DB::QueryExpressionsAliasVisitor&) @ 0x000000001785a8f8
[2025-11-02T14:22:55.444+0000] {logging_mixin.py:188} INFO - 14:22:55    21. DB::QueryAnalyzer::resolveQuery(std::shared_ptr<DB::IQueryTreeNode> const&, DB::IdentifierResolveScope&) @ 0x000000001782d021
[2025-11-02T14:22:55.445+0000] {logging_mixin.py:188} INFO - 14:22:55    22. DB::QueryAnalyzer::resolveExpressionNode(std::shared_ptr<DB::IQueryTreeNode>&, DB::IdentifierResolveScope&, bool, bool, bool) @ 0x0000000017837221
[2025-11-02T14:22:55.446+0000] {logging_mixin.py:188} INFO - 14:22:55    23. DB::QueryAnalyzer::resolveQueryJoinTreeNode(std::shared_ptr<DB::IQueryTreeNode>&, DB::IdentifierResolveScope&, DB::QueryExpressionsAliasVisitor&) @ 0x000000001785ae58
[2025-11-02T14:22:55.447+0000] {logging_mixin.py:188} INFO - 14:22:55    24. DB::QueryAnalyzer::resolveQuery(std::shared_ptr<DB::IQueryTreeNode> const&, DB::IdentifierResolveScope&) @ 0x000000001782d021
[2025-11-02T14:22:55.447+0000] {logging_mixin.py:188} INFO - 14:22:55    25. DB::QueryAnalyzer::resolve(std::shared_ptr<DB::IQueryTreeNode>&, std::shared_ptr<DB::IQueryTreeNode> const&, std::shared_ptr<DB::Context const>) @ 0x000000001782a87a
[2025-11-02T14:22:55.448+0000] {logging_mixin.py:188} INFO - 14:22:55    26. DB::QueryAnalysisPass::run(std::shared_ptr<DB::IQueryTreeNode>&, std::shared_ptr<DB::Context const>) @ 0x0000000017829edc
[2025-11-02T14:22:55.449+0000] {logging_mixin.py:188} INFO - 14:22:55    27. DB::QueryTreePassManager::run(std::shared_ptr<DB::IQueryTreeNode>) @ 0x000000001787d276
[2025-11-02T14:22:55.449+0000] {logging_mixin.py:188} INFO - 14:22:55    28. DB::buildQueryTreeAndRunPasses(std::shared_ptr<DB::IAST> const&, DB::SelectQueryOptions const&, std::shared_ptr<DB::Context const> const&, std::shared_ptr<DB::IStorage> const&) (.llvm.8096503222789336007) @ 0x00000000183bd40d
[2025-11-02T14:22:55.450+0000] {logging_mixin.py:188} INFO - 14:22:55    29. DB::InterpreterSelectQueryAnalyzer::InterpreterSelectQueryAnalyzer(std::shared_ptr<DB::IAST> const&, std::shared_ptr<DB::Context const> const&, DB::SelectQueryOptions const&, std::vector<String, std::allocator<String>> const&) @ 0x00000000183bb32a
[2025-11-02T14:22:55.451+0000] {logging_mixin.py:188} INFO - 14:22:55    30. DB::InterpreterSelectQueryAnalyzer::getSampleBlock(std::shared_ptr<DB::IAST> const&, std::shared_ptr<DB::Context const> const&, DB::SelectQueryOptions const&) @ 0x00000000183bd86a
[2025-11-02T14:22:55.451+0000] {logging_mixin.py:188} INFO - 14:22:55    31. DB::InterpreterCreateQuery::getTablePropertiesAndNormalizeCreateQuery(DB::ASTCreateQuery&, DB::LoadingStrictnessLevel) const @ 0x00000000182e49d3
[2025-11-02T14:22:55.452+0000] {logging_mixin.py:188} INFO - 14:22:55
[2025-11-02T14:22:55.453+0000] {logging_mixin.py:188} INFO - 14:22:55  Done. PASS=0 WARN=0 ERROR=1 SKIP=0 TOTAL=1
[2025-11-02T14:22:56.407+0000] {taskinstance.py:2698} ERROR - Task failed with exception
Traceback (most recent call last):
  File "/home/airflow/.local/lib/python3.8/site-packages/airflow/models/taskinstance.py", line 433, in _execute_task
    result = execute_callable(context=context, **execute_callable_kwargs)
  File "/home/airflow/.local/lib/python3.8/site-packages/airflow/operators/python.py", line 199, in execute
    return_value = self.execute_callable()
  File "/home/airflow/.local/lib/python3.8/site-packages/airflow/operators/python.py", line 216, in execute_callable
    return self.python_callable(*self.op_args, **self.op_kwargs)
  File "/opt/airflow/dags/gold_dag.py", line 143, in <lambda>
    python_callable=lambda **_: _run_dbt("+fact_transactions"),
  File "/opt/airflow/dags/gold_dag.py", line 90, in _run_dbt
    raise RuntimeError(f"dbt failed (exit {ret}). See logs above.")
RuntimeError: dbt failed (exit 1). See logs above.
[2025-11-02T14:22:56.429+0000] {taskinstance.py:1138} INFO - Marking task as UP_FOR_RETRY. dag_id=gold_dimensions_pipeline, task_id=dbt_fact_transactions, execution_date=20251102T130750, start_date=20251102T142249, end_date=20251102T142256
[2025-11-02T14:22:56.455+0000] {standard_task_runner.py:107} ERROR - Failed to execute job 423 for task dbt_fact_transactions (dbt failed (exit 1). See logs above.; 15336)
[2025-11-02T14:22:56.496+0000] {local_task_job_runner.py:234} INFO - Task exited with return code 1
[2025-11-02T14:22:56.516+0000] {taskinstance.py:3280} INFO - 0 downstream tasks scheduled from follow-on schedule check
