[2025-11-02T14:13:15.148+0000] {taskinstance.py:1956} INFO - Dependencies all met for dep_context=non-requeueable deps ti=<TaskInstance: gold_dimensions_pipeline.dbt_fact_transactions manual__2025-11-02T13:07:50.725059+00:00 [queued]>
[2025-11-02T14:13:15.162+0000] {taskinstance.py:1956} INFO - Dependencies all met for dep_context=requeueable deps ti=<TaskInstance: gold_dimensions_pipeline.dbt_fact_transactions manual__2025-11-02T13:07:50.725059+00:00 [queued]>
[2025-11-02T14:13:15.163+0000] {taskinstance.py:2170} INFO - Starting attempt 9 of 11
[2025-11-02T14:13:15.181+0000] {taskinstance.py:2191} INFO - Executing <Task(PythonOperator): dbt_fact_transactions> on 2025-11-02 13:07:50.725059+00:00
[2025-11-02T14:13:15.189+0000] {standard_task_runner.py:60} INFO - Started process 14605 to run task
[2025-11-02T14:13:15.193+0000] {standard_task_runner.py:87} INFO - Running: ['***', 'tasks', 'run', 'gold_dimensions_pipeline', 'dbt_fact_transactions', 'manual__2025-11-02T13:07:50.725059+00:00', '--job-id', '420', '--raw', '--subdir', 'DAGS_FOLDER/gold_dag.py', '--cfg-path', '/tmp/tmpomxuy6rj']
[2025-11-02T14:13:15.198+0000] {standard_task_runner.py:88} INFO - Job 420: Subtask dbt_fact_transactions
[2025-11-02T14:13:15.324+0000] {task_command.py:423} INFO - Running <TaskInstance: gold_dimensions_pipeline.dbt_fact_transactions manual__2025-11-02T13:07:50.725059+00:00 [running]> on host 0d39d4365eb9
[2025-11-02T14:13:15.459+0000] {taskinstance.py:2480} INFO - Exporting env vars: AIRFLOW_CTX_DAG_OWNER='***' AIRFLOW_CTX_DAG_ID='gold_dimensions_pipeline' AIRFLOW_CTX_TASK_ID='dbt_fact_transactions' AIRFLOW_CTX_EXECUTION_DATE='2025-11-02T13:07:50.725059+00:00' AIRFLOW_CTX_TRY_NUMBER='9' AIRFLOW_CTX_DAG_RUN_ID='manual__2025-11-02T13:07:50.725059+00:00'
[2025-11-02T14:13:18.331+0000] {logging_mixin.py:188} INFO - 14:13:18  Running with dbt=1.5.9
[2025-11-02T14:13:18.468+0000] {logging_mixin.py:188} INFO - 14:13:18  Registered adapter: clickhouse=1.5.2
[2025-11-02T14:13:20.348+0000] {logging_mixin.py:188} INFO - 14:13:20  [WARNING]: Configuration paths exist in your dbt_project.yml file which do not apply to any resources.
[2025-11-02T14:13:20.348+0000] {logging_mixin.py:188} INFO - There are 1 unused configuration paths:
[2025-11-02T14:13:20.349+0000] {logging_mixin.py:188} INFO - - models.ck_project.bronze
[2025-11-02T14:13:20.389+0000] {logging_mixin.py:188} INFO - 14:13:20  Found 8 models, 20 tests, 0 snapshots, 0 analyses, 349 macros, 0 operations, 0 seed files, 6 sources, 0 exposures, 0 metrics, 0 groups
[2025-11-02T14:13:20.392+0000] {logging_mixin.py:188} INFO - 14:13:20
[2025-11-02T14:13:20.704+0000] {logging_mixin.py:188} INFO - 14:13:20  Concurrency: 4 threads (target='dev')
[2025-11-02T14:13:20.705+0000] {logging_mixin.py:188} INFO - 14:13:20
[2025-11-02T14:13:20.723+0000] {logging_mixin.py:188} INFO - 14:13:20  1 of 1 START sql incremental model gold.fact_transactions ...................... [RUN]
[2025-11-02T14:13:20.868+0000] {logging_mixin.py:188} INFO - 14:13:20  1 of 1 ERROR creating sql incremental model gold.fact_transactions ............. [ERROR in 0.14s]
[2025-11-02T14:13:20.880+0000] {logging_mixin.py:188} INFO - 14:13:20
[2025-11-02T14:13:20.881+0000] {logging_mixin.py:188} INFO - 14:13:20  Finished running 1 incremental model in 0 hours 0 minutes and 0.49 seconds (0.49s).
[2025-11-02T14:13:20.913+0000] {logging_mixin.py:188} INFO - 14:13:20
[2025-11-02T14:13:20.913+0000] {logging_mixin.py:188} INFO - 14:13:20  Completed with 1 error and 0 warnings:
[2025-11-02T14:13:20.915+0000] {logging_mixin.py:188} INFO - 14:13:20
[2025-11-02T14:13:20.916+0000] {logging_mixin.py:188} INFO - 14:13:20  Database Error in model fact_transactions (models/gold/fact/fact_transactions.sql)
[2025-11-02T14:13:20.917+0000] {logging_mixin.py:188} INFO - 14:13:20    Code: 43.
[2025-11-02T14:13:20.918+0000] {logging_mixin.py:188} INFO - 14:13:20    DB::Exception: Illegal type DateTime of first argument of function parseDateTimeBestEffortOrNull. Conversion functions with postfix 'OrZero' or 'OrNull' should take String argument: In scope  tx_raw. Stack trace:
[2025-11-02T14:13:20.919+0000] {logging_mixin.py:188} INFO - 14:13:20
[2025-11-02T14:13:20.920+0000] {logging_mixin.py:188} INFO - 14:13:20    0. DB::Exception::Exception(DB::Exception::MessageMasked&&, int, bool) @ 0x00000000137a855f
[2025-11-02T14:13:20.920+0000] {logging_mixin.py:188} INFO - 14:13:20    1. DB::Exception::Exception(String&&, int, String, bool) @ 0x000000000cae7e8e
[2025-11-02T14:13:20.921+0000] {logging_mixin.py:188} INFO - 14:13:20    2. DB::Exception::Exception(PreformattedMessage&&, int) @ 0x000000000cae7940
[2025-11-02T14:13:20.922+0000] {logging_mixin.py:188} INFO - 14:13:20    3. DB::Exception::Exception<String, String>(int, FormatStringHelperImpl<std::type_identity<String>::type, std::type_identity<String>::type>, String&&, String&&) @ 0x000000000cae72ab
[2025-11-02T14:13:20.923+0000] {logging_mixin.py:188} INFO - 14:13:20    4. DB::detail::FunctionConvertFromString<DB::DataTypeDateTime, DB::detail::NameParseDateTimeBestEffortOrNull, (DB::detail::ConvertFromStringExceptionMode)2, (DB::detail::ConvertFromStringParsingMode)1>::getReturnTypeImpl(std::vector<DB::ColumnWithTypeAndName, std::allocator<DB::ColumnWithTypeAndName>> const&) const @ 0x000000000a5f0665
[2025-11-02T14:13:20.924+0000] {logging_mixin.py:188} INFO - 14:13:20    5. DB::IFunctionOverloadResolver::getReturnTypeWithoutLowCardinality(std::vector<DB::ColumnWithTypeAndName, std::allocator<DB::ColumnWithTypeAndName>> const&) const @ 0x0000000016422531
[2025-11-02T14:13:20.925+0000] {logging_mixin.py:188} INFO - 14:13:20    6. DB::IFunctionOverloadResolver::getReturnType(std::vector<DB::ColumnWithTypeAndName, std::allocator<DB::ColumnWithTypeAndName>> const&) const @ 0x00000000164221b1
[2025-11-02T14:13:20.927+0000] {logging_mixin.py:188} INFO - 14:13:20    7. DB::IFunctionOverloadResolver::build(std::vector<DB::ColumnWithTypeAndName, std::allocator<DB::ColumnWithTypeAndName>> const&) const @ 0x0000000016422ac6
[2025-11-02T14:13:20.928+0000] {logging_mixin.py:188} INFO - 14:13:20    8. DB::QueryAnalyzer::resolveFunction(std::shared_ptr<DB::IQueryTreeNode>&, DB::IdentifierResolveScope&) @ 0x0000000017aabd41
[2025-11-02T14:13:20.929+0000] {logging_mixin.py:188} INFO - 14:13:20    9. DB::QueryAnalyzer::resolveExpressionNode(std::shared_ptr<DB::IQueryTreeNode>&, DB::IdentifierResolveScope&, bool, bool, bool) @ 0x00000000178372f3
[2025-11-02T14:13:20.930+0000] {logging_mixin.py:188} INFO - 14:13:20    10. DB::QueryAnalyzer::resolveExpressionNodeList(std::shared_ptr<DB::IQueryTreeNode>&, DB::IdentifierResolveScope&, bool, bool) @ 0x00000000178366c0
[2025-11-02T14:13:20.931+0000] {logging_mixin.py:188} INFO - 14:13:20    11. DB::QueryAnalyzer::resolveProjectionExpressionNodeList(std::shared_ptr<DB::IQueryTreeNode>&, DB::IdentifierResolveScope&) @ 0x0000000017859ea7
[2025-11-02T14:13:20.932+0000] {logging_mixin.py:188} INFO - 14:13:20    12. DB::QueryAnalyzer::resolveQuery(std::shared_ptr<DB::IQueryTreeNode> const&, DB::IdentifierResolveScope&) @ 0x000000001782d06b
[2025-11-02T14:13:20.932+0000] {logging_mixin.py:188} INFO - 14:13:20    13. DB::QueryAnalyzer::resolveExpressionNode(std::shared_ptr<DB::IQueryTreeNode>&, DB::IdentifierResolveScope&, bool, bool, bool) @ 0x0000000017837221
[2025-11-02T14:13:20.933+0000] {logging_mixin.py:188} INFO - 14:13:20    14. DB::QueryAnalyzer::resolveQueryJoinTreeNode(std::shared_ptr<DB::IQueryTreeNode>&, DB::IdentifierResolveScope&, DB::QueryExpressionsAliasVisitor&) @ 0x000000001785ae58
[2025-11-02T14:13:20.934+0000] {logging_mixin.py:188} INFO - 14:13:20    15. DB::QueryAnalyzer::resolveQuery(std::shared_ptr<DB::IQueryTreeNode> const&, DB::IdentifierResolveScope&) @ 0x000000001782d021
[2025-11-02T14:13:20.934+0000] {logging_mixin.py:188} INFO - 14:13:20    16. DB::QueryAnalyzer::resolveExpressionNode(std::shared_ptr<DB::IQueryTreeNode>&, DB::IdentifierResolveScope&, bool, bool, bool) @ 0x0000000017837221
[2025-11-02T14:13:20.936+0000] {logging_mixin.py:188} INFO - 14:13:20    17. DB::QueryAnalyzer::resolveQueryJoinTreeNode(std::shared_ptr<DB::IQueryTreeNode>&, DB::IdentifierResolveScope&, DB::QueryExpressionsAliasVisitor&) @ 0x000000001785ae58
[2025-11-02T14:13:20.937+0000] {logging_mixin.py:188} INFO - 14:13:20    18. DB::QueryAnalyzer::resolveJoin(std::shared_ptr<DB::IQueryTreeNode>&, DB::IdentifierResolveScope&, DB::QueryExpressionsAliasVisitor&) @ 0x000000001785c67a
[2025-11-02T14:13:20.939+0000] {logging_mixin.py:188} INFO - 14:13:20    19. DB::QueryAnalyzer::resolveQueryJoinTreeNode(std::shared_ptr<DB::IQueryTreeNode>&, DB::IdentifierResolveScope&, DB::QueryExpressionsAliasVisitor&) @ 0x000000001785a8f8
[2025-11-02T14:13:20.940+0000] {logging_mixin.py:188} INFO - 14:13:20    20. DB::QueryAnalyzer::resolveJoin(std::shared_ptr<DB::IQueryTreeNode>&, DB::IdentifierResolveScope&, DB::QueryExpressionsAliasVisitor&) @ 0x000000001785c67a
[2025-11-02T14:13:20.940+0000] {logging_mixin.py:188} INFO - 14:13:20    21. DB::QueryAnalyzer::resolveQueryJoinTreeNode(std::shared_ptr<DB::IQueryTreeNode>&, DB::IdentifierResolveScope&, DB::QueryExpressionsAliasVisitor&) @ 0x000000001785a8f8
[2025-11-02T14:13:20.941+0000] {logging_mixin.py:188} INFO - 14:13:20    22. DB::QueryAnalyzer::resolveJoin(std::shared_ptr<DB::IQueryTreeNode>&, DB::IdentifierResolveScope&, DB::QueryExpressionsAliasVisitor&) @ 0x000000001785c67a
[2025-11-02T14:13:20.942+0000] {logging_mixin.py:188} INFO - 14:13:20    23. DB::QueryAnalyzer::resolveQueryJoinTreeNode(std::shared_ptr<DB::IQueryTreeNode>&, DB::IdentifierResolveScope&, DB::QueryExpressionsAliasVisitor&) @ 0x000000001785a8f8
[2025-11-02T14:13:20.943+0000] {logging_mixin.py:188} INFO - 14:13:20    24. DB::QueryAnalyzer::resolveJoin(std::shared_ptr<DB::IQueryTreeNode>&, DB::IdentifierResolveScope&, DB::QueryExpressionsAliasVisitor&) @ 0x000000001785c67a
[2025-11-02T14:13:20.944+0000] {logging_mixin.py:188} INFO - 14:13:20    25. DB::QueryAnalyzer::resolveQueryJoinTreeNode(std::shared_ptr<DB::IQueryTreeNode>&, DB::IdentifierResolveScope&, DB::QueryExpressionsAliasVisitor&) @ 0x000000001785a8f8
[2025-11-02T14:13:20.945+0000] {logging_mixin.py:188} INFO - 14:13:20    26. DB::QueryAnalyzer::resolveQuery(std::shared_ptr<DB::IQueryTreeNode> const&, DB::IdentifierResolveScope&) @ 0x000000001782d021
[2025-11-02T14:13:20.945+0000] {logging_mixin.py:188} INFO - 14:13:20    27. DB::QueryAnalyzer::resolveExpressionNode(std::shared_ptr<DB::IQueryTreeNode>&, DB::IdentifierResolveScope&, bool, bool, bool) @ 0x0000000017837221
[2025-11-02T14:13:20.947+0000] {logging_mixin.py:188} INFO - 14:13:20    28. DB::QueryAnalyzer::resolveQueryJoinTreeNode(std::shared_ptr<DB::IQueryTreeNode>&, DB::IdentifierResolveScope&, DB::QueryExpressionsAliasVisitor&) @ 0x000000001785ae58
[2025-11-02T14:13:20.948+0000] {logging_mixin.py:188} INFO - 14:13:20    29. DB::QueryAnalyzer::resolveQuery(std::shared_ptr<DB::IQueryTreeNode> const&, DB::IdentifierResolveScope&) @ 0x000000001782d021
[2025-11-02T14:13:20.949+0000] {logging_mixin.py:188} INFO - 14:13:20    30. DB::QueryAnalyzer::resolve(std::shared_ptr<DB::IQueryTreeNode>&, std::shared_ptr<DB::IQueryTreeNode> const&, std::shared_ptr<DB::Context const>) @ 0x000000001782a87a
[2025-11-02T14:13:20.950+0000] {logging_mixin.py:188} INFO - 14:13:20    31. DB::QueryAnalysisPass::run(std::shared_ptr<DB::IQueryTreeNode>&, std::shared_ptr<DB::Context const>) @ 0x0000000017829edc
[2025-11-02T14:13:20.951+0000] {logging_mixin.py:188} INFO - 14:13:20
[2025-11-02T14:13:20.952+0000] {logging_mixin.py:188} INFO - 14:13:20  Done. PASS=0 WARN=0 ERROR=1 SKIP=0 TOTAL=1
[2025-11-02T14:13:21.847+0000] {taskinstance.py:2698} ERROR - Task failed with exception
Traceback (most recent call last):
  File "/home/airflow/.local/lib/python3.8/site-packages/airflow/models/taskinstance.py", line 433, in _execute_task
    result = execute_callable(context=context, **execute_callable_kwargs)
  File "/home/airflow/.local/lib/python3.8/site-packages/airflow/operators/python.py", line 199, in execute
    return_value = self.execute_callable()
  File "/home/airflow/.local/lib/python3.8/site-packages/airflow/operators/python.py", line 216, in execute_callable
    return self.python_callable(*self.op_args, **self.op_kwargs)
  File "/opt/airflow/dags/gold_dag.py", line 143, in <lambda>
    python_callable=lambda **_: _run_dbt("+fact_transactions"),
  File "/opt/airflow/dags/gold_dag.py", line 90, in _run_dbt
    raise RuntimeError(f"dbt failed (exit {ret}). See logs above.")
RuntimeError: dbt failed (exit 1). See logs above.
[2025-11-02T14:13:21.866+0000] {taskinstance.py:1138} INFO - Marking task as UP_FOR_RETRY. dag_id=gold_dimensions_pipeline, task_id=dbt_fact_transactions, execution_date=20251102T130750, start_date=20251102T141315, end_date=20251102T141321
[2025-11-02T14:13:21.890+0000] {standard_task_runner.py:107} ERROR - Failed to execute job 420 for task dbt_fact_transactions (dbt failed (exit 1). See logs above.; 14605)
[2025-11-02T14:13:21.903+0000] {local_task_job_runner.py:234} INFO - Task exited with return code 1
[2025-11-02T14:13:21.921+0000] {taskinstance.py:3280} INFO - 0 downstream tasks scheduled from follow-on schedule check
