[2025-11-02T14:29:13.491+0000] {taskinstance.py:1956} INFO - Dependencies all met for dep_context=non-requeueable deps ti=<TaskInstance: gold_dimensions_pipeline.dbt_fact_transactions manual__2025-11-02T13:07:50.725059+00:00 [queued]>
[2025-11-02T14:29:13.537+0000] {taskinstance.py:1956} INFO - Dependencies all met for dep_context=requeueable deps ti=<TaskInstance: gold_dimensions_pipeline.dbt_fact_transactions manual__2025-11-02T13:07:50.725059+00:00 [queued]>
[2025-11-02T14:29:13.543+0000] {taskinstance.py:2170} INFO - Starting attempt 14 of 16
[2025-11-02T14:29:13.600+0000] {taskinstance.py:2191} INFO - Executing <Task(PythonOperator): dbt_fact_transactions> on 2025-11-02 13:07:50.725059+00:00
[2025-11-02T14:29:13.625+0000] {standard_task_runner.py:60} INFO - Started process 15825 to run task
[2025-11-02T14:29:13.644+0000] {standard_task_runner.py:87} INFO - Running: ['***', 'tasks', 'run', 'gold_dimensions_pipeline', 'dbt_fact_transactions', 'manual__2025-11-02T13:07:50.725059+00:00', '--job-id', '425', '--raw', '--subdir', 'DAGS_FOLDER/gold_dag.py', '--cfg-path', '/tmp/tmph3zbcjto']
[2025-11-02T14:29:13.668+0000] {standard_task_runner.py:88} INFO - Job 425: Subtask dbt_fact_transactions
[2025-11-02T14:29:14.053+0000] {task_command.py:423} INFO - Running <TaskInstance: gold_dimensions_pipeline.dbt_fact_transactions manual__2025-11-02T13:07:50.725059+00:00 [running]> on host 0d39d4365eb9
[2025-11-02T14:29:14.493+0000] {taskinstance.py:2480} INFO - Exporting env vars: AIRFLOW_CTX_DAG_OWNER='***' AIRFLOW_CTX_DAG_ID='gold_dimensions_pipeline' AIRFLOW_CTX_TASK_ID='dbt_fact_transactions' AIRFLOW_CTX_EXECUTION_DATE='2025-11-02T13:07:50.725059+00:00' AIRFLOW_CTX_TRY_NUMBER='14' AIRFLOW_CTX_DAG_RUN_ID='manual__2025-11-02T13:07:50.725059+00:00'
[2025-11-02T14:29:20.815+0000] {logging_mixin.py:188} INFO - 14:29:20  Running with dbt=1.5.9
[2025-11-02T14:29:21.338+0000] {logging_mixin.py:188} INFO - 14:29:21  Registered adapter: clickhouse=1.5.2
[2025-11-02T14:29:24.325+0000] {logging_mixin.py:188} INFO - 14:29:24  [WARNING]: Configuration paths exist in your dbt_project.yml file which do not apply to any resources.
[2025-11-02T14:29:24.327+0000] {logging_mixin.py:188} INFO - There are 1 unused configuration paths:
[2025-11-02T14:29:24.328+0000] {logging_mixin.py:188} INFO - - models.ck_project.bronze
[2025-11-02T14:29:24.362+0000] {logging_mixin.py:188} INFO - 14:29:24  Found 8 models, 20 tests, 0 snapshots, 0 analyses, 349 macros, 0 operations, 0 seed files, 6 sources, 0 exposures, 0 metrics, 0 groups
[2025-11-02T14:29:24.367+0000] {logging_mixin.py:188} INFO - 14:29:24
[2025-11-02T14:29:24.700+0000] {logging_mixin.py:188} INFO - 14:29:24  Concurrency: 4 threads (target='dev')
[2025-11-02T14:29:24.701+0000] {logging_mixin.py:188} INFO - 14:29:24
[2025-11-02T14:29:24.719+0000] {logging_mixin.py:188} INFO - 14:29:24  1 of 1 START sql incremental model gold.fact_transactions ...................... [RUN]
[2025-11-02T14:29:24.847+0000] {logging_mixin.py:188} INFO - 14:29:24  1 of 1 ERROR creating sql incremental model gold.fact_transactions ............. [ERROR in 0.13s]
[2025-11-02T14:29:24.857+0000] {logging_mixin.py:188} INFO - 14:29:24
[2025-11-02T14:29:24.857+0000] {logging_mixin.py:188} INFO - 14:29:24  Finished running 1 incremental model in 0 hours 0 minutes and 0.49 seconds (0.49s).
[2025-11-02T14:29:24.877+0000] {logging_mixin.py:188} INFO - 14:29:24
[2025-11-02T14:29:24.878+0000] {logging_mixin.py:188} INFO - 14:29:24  Completed with 1 error and 0 warnings:
[2025-11-02T14:29:24.879+0000] {logging_mixin.py:188} INFO - 14:29:24
[2025-11-02T14:29:24.880+0000] {logging_mixin.py:188} INFO - 14:29:24  Database Error in model fact_transactions (models/gold/fact/fact_transactions.sql)
[2025-11-02T14:29:24.882+0000] {logging_mixin.py:188} INFO - 14:29:24    Code: 43.
[2025-11-02T14:29:24.893+0000] {logging_mixin.py:188} INFO - 14:29:24    DB::Exception: Illegal type DateTime of first argument of function parseDateTimeBestEffortOrNull. Conversion functions with postfix 'OrZero' or 'OrNull' should take String argument: In scope  tx_raw. Stack trace:
[2025-11-02T14:29:24.895+0000] {logging_mixin.py:188} INFO - 14:29:24
[2025-11-02T14:29:24.897+0000] {logging_mixin.py:188} INFO - 14:29:24    0. DB::Exception::Exception(DB::Exception::MessageMasked&&, int, bool) @ 0x00000000137a855f
[2025-11-02T14:29:24.897+0000] {logging_mixin.py:188} INFO - 14:29:24    1. DB::Exception::Exception(String&&, int, String, bool) @ 0x000000000cae7e8e
[2025-11-02T14:29:24.898+0000] {logging_mixin.py:188} INFO - 14:29:24    2. DB::Exception::Exception(PreformattedMessage&&, int) @ 0x000000000cae7940
[2025-11-02T14:29:24.900+0000] {logging_mixin.py:188} INFO - 14:29:24    3. DB::Exception::Exception<String, String>(int, FormatStringHelperImpl<std::type_identity<String>::type, std::type_identity<String>::type>, String&&, String&&) @ 0x000000000cae72ab
[2025-11-02T14:29:24.901+0000] {logging_mixin.py:188} INFO - 14:29:24    4. DB::detail::FunctionConvertFromString<DB::DataTypeDateTime, DB::detail::NameParseDateTimeBestEffortOrNull, (DB::detail::ConvertFromStringExceptionMode)2, (DB::detail::ConvertFromStringParsingMode)1>::getReturnTypeImpl(std::vector<DB::ColumnWithTypeAndName, std::allocator<DB::ColumnWithTypeAndName>> const&) const @ 0x000000000a5f0665
[2025-11-02T14:29:24.902+0000] {logging_mixin.py:188} INFO - 14:29:24    5. DB::IFunctionOverloadResolver::getReturnTypeWithoutLowCardinality(std::vector<DB::ColumnWithTypeAndName, std::allocator<DB::ColumnWithTypeAndName>> const&) const @ 0x0000000016422531
[2025-11-02T14:29:24.902+0000] {logging_mixin.py:188} INFO - 14:29:24    6. DB::IFunctionOverloadResolver::getReturnType(std::vector<DB::ColumnWithTypeAndName, std::allocator<DB::ColumnWithTypeAndName>> const&) const @ 0x00000000164221b1
[2025-11-02T14:29:24.903+0000] {logging_mixin.py:188} INFO - 14:29:24    7. DB::IFunctionOverloadResolver::build(std::vector<DB::ColumnWithTypeAndName, std::allocator<DB::ColumnWithTypeAndName>> const&) const @ 0x0000000016422ac6
[2025-11-02T14:29:24.904+0000] {logging_mixin.py:188} INFO - 14:29:24    8. DB::QueryAnalyzer::resolveFunction(std::shared_ptr<DB::IQueryTreeNode>&, DB::IdentifierResolveScope&) @ 0x0000000017aabd41
[2025-11-02T14:29:24.904+0000] {logging_mixin.py:188} INFO - 14:29:24    9. DB::QueryAnalyzer::resolveExpressionNode(std::shared_ptr<DB::IQueryTreeNode>&, DB::IdentifierResolveScope&, bool, bool, bool) @ 0x00000000178372f3
[2025-11-02T14:29:24.905+0000] {logging_mixin.py:188} INFO - 14:29:24    10. DB::QueryAnalyzer::resolveExpressionNodeList(std::shared_ptr<DB::IQueryTreeNode>&, DB::IdentifierResolveScope&, bool, bool) @ 0x00000000178366c0
[2025-11-02T14:29:24.905+0000] {logging_mixin.py:188} INFO - 14:29:24    11. DB::QueryAnalyzer::resolveProjectionExpressionNodeList(std::shared_ptr<DB::IQueryTreeNode>&, DB::IdentifierResolveScope&) @ 0x0000000017859ea7
[2025-11-02T14:29:24.906+0000] {logging_mixin.py:188} INFO - 14:29:24    12. DB::QueryAnalyzer::resolveQuery(std::shared_ptr<DB::IQueryTreeNode> const&, DB::IdentifierResolveScope&) @ 0x000000001782d06b
[2025-11-02T14:29:24.907+0000] {logging_mixin.py:188} INFO - 14:29:24    13. DB::QueryAnalyzer::resolveExpressionNode(std::shared_ptr<DB::IQueryTreeNode>&, DB::IdentifierResolveScope&, bool, bool, bool) @ 0x0000000017837221
[2025-11-02T14:29:24.907+0000] {logging_mixin.py:188} INFO - 14:29:24    14. DB::QueryAnalyzer::resolveQueryJoinTreeNode(std::shared_ptr<DB::IQueryTreeNode>&, DB::IdentifierResolveScope&, DB::QueryExpressionsAliasVisitor&) @ 0x000000001785ae58
[2025-11-02T14:29:24.908+0000] {logging_mixin.py:188} INFO - 14:29:24    15. DB::QueryAnalyzer::resolveQuery(std::shared_ptr<DB::IQueryTreeNode> const&, DB::IdentifierResolveScope&) @ 0x000000001782d021
[2025-11-02T14:29:24.908+0000] {logging_mixin.py:188} INFO - 14:29:24    16. DB::QueryAnalyzer::resolveExpressionNode(std::shared_ptr<DB::IQueryTreeNode>&, DB::IdentifierResolveScope&, bool, bool, bool) @ 0x0000000017837221
[2025-11-02T14:29:24.909+0000] {logging_mixin.py:188} INFO - 14:29:24    17. DB::QueryAnalyzer::resolveQueryJoinTreeNode(std::shared_ptr<DB::IQueryTreeNode>&, DB::IdentifierResolveScope&, DB::QueryExpressionsAliasVisitor&) @ 0x000000001785ae58
[2025-11-02T14:29:24.910+0000] {logging_mixin.py:188} INFO - 14:29:24    18. DB::QueryAnalyzer::resolveJoin(std::shared_ptr<DB::IQueryTreeNode>&, DB::IdentifierResolveScope&, DB::QueryExpressionsAliasVisitor&) @ 0x000000001785c67a
[2025-11-02T14:29:24.910+0000] {logging_mixin.py:188} INFO - 14:29:24    19. DB::QueryAnalyzer::resolveQueryJoinTreeNode(std::shared_ptr<DB::IQueryTreeNode>&, DB::IdentifierResolveScope&, DB::QueryExpressionsAliasVisitor&) @ 0x000000001785a8f8
[2025-11-02T14:29:24.911+0000] {logging_mixin.py:188} INFO - 14:29:24    20. DB::QueryAnalyzer::resolveJoin(std::shared_ptr<DB::IQueryTreeNode>&, DB::IdentifierResolveScope&, DB::QueryExpressionsAliasVisitor&) @ 0x000000001785c67a
[2025-11-02T14:29:24.912+0000] {logging_mixin.py:188} INFO - 14:29:24    21. DB::QueryAnalyzer::resolveQueryJoinTreeNode(std::shared_ptr<DB::IQueryTreeNode>&, DB::IdentifierResolveScope&, DB::QueryExpressionsAliasVisitor&) @ 0x000000001785a8f8
[2025-11-02T14:29:24.912+0000] {logging_mixin.py:188} INFO - 14:29:24    22. DB::QueryAnalyzer::resolveJoin(std::shared_ptr<DB::IQueryTreeNode>&, DB::IdentifierResolveScope&, DB::QueryExpressionsAliasVisitor&) @ 0x000000001785c67a
[2025-11-02T14:29:24.913+0000] {logging_mixin.py:188} INFO - 14:29:24    23. DB::QueryAnalyzer::resolveQueryJoinTreeNode(std::shared_ptr<DB::IQueryTreeNode>&, DB::IdentifierResolveScope&, DB::QueryExpressionsAliasVisitor&) @ 0x000000001785a8f8
[2025-11-02T14:29:24.913+0000] {logging_mixin.py:188} INFO - 14:29:24    24. DB::QueryAnalyzer::resolveJoin(std::shared_ptr<DB::IQueryTreeNode>&, DB::IdentifierResolveScope&, DB::QueryExpressionsAliasVisitor&) @ 0x000000001785c67a
[2025-11-02T14:29:24.914+0000] {logging_mixin.py:188} INFO - 14:29:24    25. DB::QueryAnalyzer::resolveQueryJoinTreeNode(std::shared_ptr<DB::IQueryTreeNode>&, DB::IdentifierResolveScope&, DB::QueryExpressionsAliasVisitor&) @ 0x000000001785a8f8
[2025-11-02T14:29:24.915+0000] {logging_mixin.py:188} INFO - 14:29:24    26. DB::QueryAnalyzer::resolveQuery(std::shared_ptr<DB::IQueryTreeNode> const&, DB::IdentifierResolveScope&) @ 0x000000001782d021
[2025-11-02T14:29:24.916+0000] {logging_mixin.py:188} INFO - 14:29:24    27. DB::QueryAnalyzer::resolveExpressionNode(std::shared_ptr<DB::IQueryTreeNode>&, DB::IdentifierResolveScope&, bool, bool, bool) @ 0x0000000017837221
[2025-11-02T14:29:24.916+0000] {logging_mixin.py:188} INFO - 14:29:24    28. DB::QueryAnalyzer::resolveQueryJoinTreeNode(std::shared_ptr<DB::IQueryTreeNode>&, DB::IdentifierResolveScope&, DB::QueryExpressionsAliasVisitor&) @ 0x000000001785ae58
[2025-11-02T14:29:24.917+0000] {logging_mixin.py:188} INFO - 14:29:24    29. DB::QueryAnalyzer::resolveQuery(std::shared_ptr<DB::IQueryTreeNode> const&, DB::IdentifierResolveScope&) @ 0x000000001782d021
[2025-11-02T14:29:24.918+0000] {logging_mixin.py:188} INFO - 14:29:24    30. DB::QueryAnalyzer::resolve(std::shared_ptr<DB::IQueryTreeNode>&, std::shared_ptr<DB::IQueryTreeNode> const&, std::shared_ptr<DB::Context const>) @ 0x000000001782a87a
[2025-11-02T14:29:24.918+0000] {logging_mixin.py:188} INFO - 14:29:24    31. DB::QueryAnalysisPass::run(std::shared_ptr<DB::IQueryTreeNode>&, std::shared_ptr<DB::Context const>) @ 0x0000000017829edc
[2025-11-02T14:29:24.919+0000] {logging_mixin.py:188} INFO - 14:29:24
[2025-11-02T14:29:24.919+0000] {logging_mixin.py:188} INFO - 14:29:24  Done. PASS=0 WARN=0 ERROR=1 SKIP=0 TOTAL=1
[2025-11-02T14:29:25.688+0000] {taskinstance.py:2698} ERROR - Task failed with exception
Traceback (most recent call last):
  File "/home/airflow/.local/lib/python3.8/site-packages/airflow/models/taskinstance.py", line 433, in _execute_task
    result = execute_callable(context=context, **execute_callable_kwargs)
  File "/home/airflow/.local/lib/python3.8/site-packages/airflow/operators/python.py", line 199, in execute
    return_value = self.execute_callable()
  File "/home/airflow/.local/lib/python3.8/site-packages/airflow/operators/python.py", line 216, in execute_callable
    return self.python_callable(*self.op_args, **self.op_kwargs)
  File "/opt/airflow/dags/gold_dag.py", line 143, in <lambda>
    python_callable=lambda **_: _run_dbt("+fact_transactions"),
  File "/opt/airflow/dags/gold_dag.py", line 90, in _run_dbt
    raise RuntimeError(f"dbt failed (exit {ret}). See logs above.")
RuntimeError: dbt failed (exit 1). See logs above.
[2025-11-02T14:29:25.707+0000] {taskinstance.py:1138} INFO - Marking task as UP_FOR_RETRY. dag_id=gold_dimensions_pipeline, task_id=dbt_fact_transactions, execution_date=20251102T130750, start_date=20251102T142913, end_date=20251102T142925
[2025-11-02T14:29:25.723+0000] {standard_task_runner.py:107} ERROR - Failed to execute job 425 for task dbt_fact_transactions (dbt failed (exit 1). See logs above.; 15825)
[2025-11-02T14:29:25.733+0000] {local_task_job_runner.py:234} INFO - Task exited with return code 1
[2025-11-02T14:29:25.754+0000] {taskinstance.py:3280} INFO - 0 downstream tasks scheduled from follow-on schedule check
