[2025-11-02T13:59:45.803+0000] {taskinstance.py:1956} INFO - Dependencies all met for dep_context=non-requeueable deps ti=<TaskInstance: gold_dimensions_pipeline.dbt_fact_transactions manual__2025-11-02T13:07:50.725059+00:00 [queued]>
[2025-11-02T13:59:45.831+0000] {taskinstance.py:1956} INFO - Dependencies all met for dep_context=requeueable deps ti=<TaskInstance: gold_dimensions_pipeline.dbt_fact_transactions manual__2025-11-02T13:07:50.725059+00:00 [queued]>
[2025-11-02T13:59:45.834+0000] {taskinstance.py:2170} INFO - Starting attempt 5 of 7
[2025-11-02T13:59:45.877+0000] {taskinstance.py:2191} INFO - Executing <Task(PythonOperator): dbt_fact_transactions> on 2025-11-02 13:07:50.725059+00:00
[2025-11-02T13:59:45.906+0000] {standard_task_runner.py:60} INFO - Started process 13572 to run task
[2025-11-02T13:59:45.914+0000] {standard_task_runner.py:87} INFO - Running: ['***', 'tasks', 'run', 'gold_dimensions_pipeline', 'dbt_fact_transactions', 'manual__2025-11-02T13:07:50.725059+00:00', '--job-id', '416', '--raw', '--subdir', 'DAGS_FOLDER/gold_dag.py', '--cfg-path', '/tmp/tmpjsr1i_ab']
[2025-11-02T13:59:45.918+0000] {standard_task_runner.py:88} INFO - Job 416: Subtask dbt_fact_transactions
[2025-11-02T13:59:46.187+0000] {task_command.py:423} INFO - Running <TaskInstance: gold_dimensions_pipeline.dbt_fact_transactions manual__2025-11-02T13:07:50.725059+00:00 [running]> on host 0d39d4365eb9
[2025-11-02T13:59:46.577+0000] {taskinstance.py:2480} INFO - Exporting env vars: AIRFLOW_CTX_DAG_OWNER='***' AIRFLOW_CTX_DAG_ID='gold_dimensions_pipeline' AIRFLOW_CTX_TASK_ID='dbt_fact_transactions' AIRFLOW_CTX_EXECUTION_DATE='2025-11-02T13:07:50.725059+00:00' AIRFLOW_CTX_TRY_NUMBER='5' AIRFLOW_CTX_DAG_RUN_ID='manual__2025-11-02T13:07:50.725059+00:00'
[2025-11-02T13:59:49.882+0000] {logging_mixin.py:188} INFO - 13:59:49  Running with dbt=1.5.9
[2025-11-02T13:59:50.021+0000] {logging_mixin.py:188} INFO - 13:59:50  Registered adapter: clickhouse=1.5.2
[2025-11-02T13:59:52.016+0000] {logging_mixin.py:188} INFO - 13:59:52  [WARNING]: Configuration paths exist in your dbt_project.yml file which do not apply to any resources.
[2025-11-02T13:59:52.017+0000] {logging_mixin.py:188} INFO - There are 1 unused configuration paths:
[2025-11-02T13:59:52.019+0000] {logging_mixin.py:188} INFO - - models.ck_project.bronze
[2025-11-02T13:59:52.105+0000] {logging_mixin.py:188} INFO - 13:59:52  Found 8 models, 20 tests, 0 snapshots, 0 analyses, 349 macros, 0 operations, 0 seed files, 6 sources, 0 exposures, 0 metrics, 0 groups
[2025-11-02T13:59:52.109+0000] {logging_mixin.py:188} INFO - 13:59:52
[2025-11-02T13:59:52.481+0000] {logging_mixin.py:188} INFO - 13:59:52  Concurrency: 4 threads (target='dev')
[2025-11-02T13:59:52.483+0000] {logging_mixin.py:188} INFO - 13:59:52
[2025-11-02T13:59:52.502+0000] {logging_mixin.py:188} INFO - 13:59:52  1 of 1 START sql incremental model gold.fact_transactions ...................... [RUN]
[2025-11-02T13:59:52.667+0000] {logging_mixin.py:188} INFO - 13:59:52  1 of 1 ERROR creating sql incremental model gold.fact_transactions ............. [ERROR in 0.16s]
[2025-11-02T13:59:52.676+0000] {logging_mixin.py:188} INFO - 13:59:52
[2025-11-02T13:59:52.677+0000] {logging_mixin.py:188} INFO - 13:59:52  Finished running 1 incremental model in 0 hours 0 minutes and 0.56 seconds (0.56s).
[2025-11-02T13:59:52.709+0000] {logging_mixin.py:188} INFO - 13:59:52
[2025-11-02T13:59:52.710+0000] {logging_mixin.py:188} INFO - 13:59:52  Completed with 1 error and 0 warnings:
[2025-11-02T13:59:52.712+0000] {logging_mixin.py:188} INFO - 13:59:52
[2025-11-02T13:59:52.713+0000] {logging_mixin.py:188} INFO - 13:59:52  Database Error in model fact_transactions (models/gold/fact/fact_transactions.sql)
[2025-11-02T13:59:52.716+0000] {logging_mixin.py:188} INFO - 13:59:52    Code: 62.
[2025-11-02T13:59:52.717+0000] {logging_mixin.py:188} INFO - 13:59:52    DB::Exception: Syntax error: failed at position 4292 ()) (line 142, col 11): )
[2025-11-02T13:59:52.718+0000] {logging_mixin.py:188} INFO - 13:59:52            . Unmatched parentheses: ). Stack trace:
[2025-11-02T13:59:52.719+0000] {logging_mixin.py:188} INFO - 13:59:52
[2025-11-02T13:59:52.721+0000] {logging_mixin.py:188} INFO - 13:59:52    0. DB::Exception::Exception(DB::Exception::MessageMasked&&, int, bool) @ 0x00000000137a855f
[2025-11-02T13:59:52.722+0000] {logging_mixin.py:188} INFO - 13:59:52    1. DB::Exception::Exception(String const&, int, String, bool) @ 0x0000000012423c8e
[2025-11-02T13:59:52.723+0000] {logging_mixin.py:188} INFO - 13:59:52    2. DB::Exception::createDeprecated(String const&, int, bool) @ 0x0000000013a54f9f
[2025-11-02T13:59:52.724+0000] {logging_mixin.py:188} INFO - 13:59:52    3. DB::parseQueryAndMovePosition(DB::IParser&, char const*&, char const*, String const&, bool, unsigned long, unsigned long, unsigned long) @ 0x000000001aace132
[2025-11-02T13:59:52.725+0000] {logging_mixin.py:188} INFO - 13:59:52    4. DB::executeQueryImpl(char const*, char const*, std::shared_ptr<DB::Context>, DB::QueryFlags, DB::QueryProcessingStage::Enum, std::unique_ptr<DB::ReadBuffer, std::default_delete<DB::ReadBuffer>>&, std::shared_ptr<DB::IAST>&, std::shared_ptr<DB::ImplicitTransactionControlExecutor>) @ 0x0000000018779652
[2025-11-02T13:59:52.726+0000] {logging_mixin.py:188} INFO - 13:59:52    5. DB::executeQuery(String const&, std::shared_ptr<DB::Context>, DB::QueryFlags, DB::QueryProcessingStage::Enum) @ 0x00000000187786cb
[2025-11-02T13:59:52.728+0000] {logging_mixin.py:188} INFO - 13:59:52    6. DB::TCPHandler::runImpl() @ 0x0000000019e2d3db
[2025-11-02T13:59:52.729+0000] {logging_mixin.py:188} INFO - 13:59:52    7. DB::TCPHandler::run() @ 0x0000000019e4f119
[2025-11-02T13:59:52.731+0000] {logging_mixin.py:188} INFO - 13:59:52    8. Poco::Net::TCPServerConnection::start() @ 0x000000001ef4ed07
[2025-11-02T13:59:52.734+0000] {logging_mixin.py:188} INFO - 13:59:52    9. Poco::Net::TCPServerDispatcher::run() @ 0x000000001ef4f199
[2025-11-02T13:59:52.736+0000] {logging_mixin.py:188} INFO - 13:59:52    10. Poco::PooledThread::run() @ 0x000000001ef15b87
[2025-11-02T13:59:52.737+0000] {logging_mixin.py:188} INFO - 13:59:52    11. Poco::ThreadImpl::runnableEntry(void*) @ 0x000000001ef13f81
[2025-11-02T13:59:52.738+0000] {logging_mixin.py:188} INFO - 13:59:52    12. ? @ 0x0000000000094ac3
[2025-11-02T13:59:52.739+0000] {logging_mixin.py:188} INFO - 13:59:52    13. ? @ 0x0000000000125a74
[2025-11-02T13:59:52.741+0000] {logging_mixin.py:188} INFO - 13:59:52
[2025-11-02T13:59:52.742+0000] {logging_mixin.py:188} INFO - 13:59:52  Done. PASS=0 WARN=0 ERROR=1 SKIP=0 TOTAL=1
[2025-11-02T13:59:53.634+0000] {taskinstance.py:2698} ERROR - Task failed with exception
Traceback (most recent call last):
  File "/home/airflow/.local/lib/python3.8/site-packages/airflow/models/taskinstance.py", line 433, in _execute_task
    result = execute_callable(context=context, **execute_callable_kwargs)
  File "/home/airflow/.local/lib/python3.8/site-packages/airflow/operators/python.py", line 199, in execute
    return_value = self.execute_callable()
  File "/home/airflow/.local/lib/python3.8/site-packages/airflow/operators/python.py", line 216, in execute_callable
    return self.python_callable(*self.op_args, **self.op_kwargs)
  File "/opt/airflow/dags/gold_dag.py", line 143, in <lambda>
    python_callable=lambda **_: _run_dbt("+fact_transactions"),
  File "/opt/airflow/dags/gold_dag.py", line 90, in _run_dbt
    raise RuntimeError(f"dbt failed (exit {ret}). See logs above.")
RuntimeError: dbt failed (exit 1). See logs above.
[2025-11-02T13:59:53.650+0000] {taskinstance.py:1138} INFO - Marking task as UP_FOR_RETRY. dag_id=gold_dimensions_pipeline, task_id=dbt_fact_transactions, execution_date=20251102T130750, start_date=20251102T135945, end_date=20251102T135953
[2025-11-02T13:59:53.667+0000] {standard_task_runner.py:107} ERROR - Failed to execute job 416 for task dbt_fact_transactions (dbt failed (exit 1). See logs above.; 13572)
[2025-11-02T13:59:53.706+0000] {local_task_job_runner.py:234} INFO - Task exited with return code 1
[2025-11-02T13:59:53.739+0000] {taskinstance.py:3280} INFO - 0 downstream tasks scheduled from follow-on schedule check
