[2025-11-02T14:38:40.960+0000] {taskinstance.py:1956} INFO - Dependencies all met for dep_context=non-requeueable deps ti=<TaskInstance: gold_dimensions_pipeline.dbt_fact_transactions manual__2025-11-02T13:07:50.725059+00:00 [queued]>
[2025-11-02T14:38:40.969+0000] {taskinstance.py:1956} INFO - Dependencies all met for dep_context=requeueable deps ti=<TaskInstance: gold_dimensions_pipeline.dbt_fact_transactions manual__2025-11-02T13:07:50.725059+00:00 [queued]>
[2025-11-02T14:38:40.970+0000] {taskinstance.py:2170} INFO - Starting attempt 17 of 19
[2025-11-02T14:38:40.985+0000] {taskinstance.py:2191} INFO - Executing <Task(PythonOperator): dbt_fact_transactions> on 2025-11-02 13:07:50.725059+00:00
[2025-11-02T14:38:40.991+0000] {standard_task_runner.py:60} INFO - Started process 16526 to run task
[2025-11-02T14:38:40.995+0000] {standard_task_runner.py:87} INFO - Running: ['***', 'tasks', 'run', 'gold_dimensions_pipeline', 'dbt_fact_transactions', 'manual__2025-11-02T13:07:50.725059+00:00', '--job-id', '428', '--raw', '--subdir', 'DAGS_FOLDER/gold_dag.py', '--cfg-path', '/tmp/tmpcj0hf18q']
[2025-11-02T14:38:40.998+0000] {standard_task_runner.py:88} INFO - Job 428: Subtask dbt_fact_transactions
[2025-11-02T14:38:41.088+0000] {task_command.py:423} INFO - Running <TaskInstance: gold_dimensions_pipeline.dbt_fact_transactions manual__2025-11-02T13:07:50.725059+00:00 [running]> on host 0d39d4365eb9
[2025-11-02T14:38:41.180+0000] {taskinstance.py:2480} INFO - Exporting env vars: AIRFLOW_CTX_DAG_OWNER='***' AIRFLOW_CTX_DAG_ID='gold_dimensions_pipeline' AIRFLOW_CTX_TASK_ID='dbt_fact_transactions' AIRFLOW_CTX_EXECUTION_DATE='2025-11-02T13:07:50.725059+00:00' AIRFLOW_CTX_TRY_NUMBER='17' AIRFLOW_CTX_DAG_RUN_ID='manual__2025-11-02T13:07:50.725059+00:00'
[2025-11-02T14:38:44.456+0000] {logging_mixin.py:188} INFO - 14:38:44  Running with dbt=1.5.9
[2025-11-02T14:38:44.627+0000] {logging_mixin.py:188} INFO - 14:38:44  Registered adapter: clickhouse=1.5.2
[2025-11-02T14:38:46.531+0000] {logging_mixin.py:188} INFO - 14:38:46  [WARNING]: Configuration paths exist in your dbt_project.yml file which do not apply to any resources.
[2025-11-02T14:38:46.532+0000] {logging_mixin.py:188} INFO - There are 1 unused configuration paths:
[2025-11-02T14:38:46.533+0000] {logging_mixin.py:188} INFO - - models.ck_project.bronze
[2025-11-02T14:38:46.575+0000] {logging_mixin.py:188} INFO - 14:38:46  Found 8 models, 20 tests, 0 snapshots, 0 analyses, 349 macros, 0 operations, 0 seed files, 6 sources, 0 exposures, 0 metrics, 0 groups
[2025-11-02T14:38:46.581+0000] {logging_mixin.py:188} INFO - 14:38:46
[2025-11-02T14:38:46.905+0000] {logging_mixin.py:188} INFO - 14:38:46  Concurrency: 4 threads (target='dev')
[2025-11-02T14:38:46.906+0000] {logging_mixin.py:188} INFO - 14:38:46
[2025-11-02T14:38:46.924+0000] {logging_mixin.py:188} INFO - 14:38:46  1 of 1 START sql incremental model gold.fact_transactions ...................... [RUN]
[2025-11-02T14:38:47.071+0000] {logging_mixin.py:188} INFO - 14:38:47  1 of 1 ERROR creating sql incremental model gold.fact_transactions ............. [ERROR in 0.14s]
[2025-11-02T14:38:47.080+0000] {logging_mixin.py:188} INFO - 14:38:47
[2025-11-02T14:38:47.081+0000] {logging_mixin.py:188} INFO - 14:38:47  Finished running 1 incremental model in 0 hours 0 minutes and 0.50 seconds (0.50s).
[2025-11-02T14:38:47.109+0000] {logging_mixin.py:188} INFO - 14:38:47
[2025-11-02T14:38:47.110+0000] {logging_mixin.py:188} INFO - 14:38:47  Completed with 1 error and 0 warnings:
[2025-11-02T14:38:47.111+0000] {logging_mixin.py:188} INFO - 14:38:47
[2025-11-02T14:38:47.112+0000] {logging_mixin.py:188} INFO - 14:38:47  Database Error in model fact_transactions (models/gold/fact/fact_transactions.sql)
[2025-11-02T14:38:47.113+0000] {logging_mixin.py:188} INFO - 14:38:47    Code: 47.
[2025-11-02T14:38:47.114+0000] {logging_mixin.py:188} INFO - 14:38:47    DB::Exception: Unknown expression or function identifier `state_name` in scope  d_state AS ds. Maybe you meant: ['state_name_l']. Stack trace:
[2025-11-02T14:38:47.115+0000] {logging_mixin.py:188} INFO - 14:38:47
[2025-11-02T14:38:47.116+0000] {logging_mixin.py:188} INFO - 14:38:47    0. DB::Exception::Exception(DB::Exception::MessageMasked&&, int, bool) @ 0x00000000137a855f
[2025-11-02T14:38:47.117+0000] {logging_mixin.py:188} INFO - 14:38:47    1. DB::Exception::Exception(String&&, int, String, bool) @ 0x000000000cae7e8e
[2025-11-02T14:38:47.119+0000] {logging_mixin.py:188} INFO - 14:38:47    2. DB::Exception::Exception(PreformattedMessage&&, int) @ 0x000000000cae7940
[2025-11-02T14:38:47.120+0000] {logging_mixin.py:188} INFO - 14:38:47    3. DB::Exception::Exception<char const*, String&, String, String, String>(int, FormatStringHelperImpl<std::type_identity<char const*>::type, std::type_identity<String&>::type, std::type_identity<String>::type, std::type_identity<String>::type, std::type_identity<String>::type>, char const*&&, String&, String&&, String&&, String&&) @ 0x0000000017859102
[2025-11-02T14:38:47.121+0000] {logging_mixin.py:188} INFO - 14:38:47    4. DB::QueryAnalyzer::resolveExpressionNode(std::shared_ptr<DB::IQueryTreeNode>&, DB::IdentifierResolveScope&, bool, bool, bool) @ 0x00000000178395e5
[2025-11-02T14:38:47.122+0000] {logging_mixin.py:188} INFO - 14:38:47    5. DB::QueryAnalyzer::resolveExpressionNodeList(std::shared_ptr<DB::IQueryTreeNode>&, DB::IdentifierResolveScope&, bool, bool) @ 0x00000000178366c0
[2025-11-02T14:38:47.124+0000] {logging_mixin.py:188} INFO - 14:38:47    6. DB::QueryAnalyzer::resolveFunction(std::shared_ptr<DB::IQueryTreeNode>&, DB::IdentifierResolveScope&) @ 0x0000000017aa66c7
[2025-11-02T14:38:47.125+0000] {logging_mixin.py:188} INFO - 14:38:47    7. DB::QueryAnalyzer::resolveExpressionNode(std::shared_ptr<DB::IQueryTreeNode>&, DB::IdentifierResolveScope&, bool, bool, bool) @ 0x00000000178372f3
[2025-11-02T14:38:47.126+0000] {logging_mixin.py:188} INFO - 14:38:47    8. DB::QueryAnalyzer::resolveExpressionNodeList(std::shared_ptr<DB::IQueryTreeNode>&, DB::IdentifierResolveScope&, bool, bool) @ 0x00000000178366c0
[2025-11-02T14:38:47.128+0000] {logging_mixin.py:188} INFO - 14:38:47    9. DB::QueryAnalyzer::resolveProjectionExpressionNodeList(std::shared_ptr<DB::IQueryTreeNode>&, DB::IdentifierResolveScope&) @ 0x0000000017859ea7
[2025-11-02T14:38:47.129+0000] {logging_mixin.py:188} INFO - 14:38:47    10. DB::QueryAnalyzer::resolveQuery(std::shared_ptr<DB::IQueryTreeNode> const&, DB::IdentifierResolveScope&) @ 0x000000001782d06b
[2025-11-02T14:38:47.131+0000] {logging_mixin.py:188} INFO - 14:38:47    11. DB::QueryAnalyzer::resolveExpressionNode(std::shared_ptr<DB::IQueryTreeNode>&, DB::IdentifierResolveScope&, bool, bool, bool) @ 0x0000000017837221
[2025-11-02T14:38:47.132+0000] {logging_mixin.py:188} INFO - 14:38:47    12. DB::QueryAnalyzer::resolveQueryJoinTreeNode(std::shared_ptr<DB::IQueryTreeNode>&, DB::IdentifierResolveScope&, DB::QueryExpressionsAliasVisitor&) @ 0x000000001785ae58
[2025-11-02T14:38:47.133+0000] {logging_mixin.py:188} INFO - 14:38:47    13. DB::QueryAnalyzer::resolveJoin(std::shared_ptr<DB::IQueryTreeNode>&, DB::IdentifierResolveScope&, DB::QueryExpressionsAliasVisitor&) @ 0x000000001785c6a7
[2025-11-02T14:38:47.135+0000] {logging_mixin.py:188} INFO - 14:38:47    14. DB::QueryAnalyzer::resolveQueryJoinTreeNode(std::shared_ptr<DB::IQueryTreeNode>&, DB::IdentifierResolveScope&, DB::QueryExpressionsAliasVisitor&) @ 0x000000001785a8f8
[2025-11-02T14:38:47.136+0000] {logging_mixin.py:188} INFO - 14:38:47    15. DB::QueryAnalyzer::resolveJoin(std::shared_ptr<DB::IQueryTreeNode>&, DB::IdentifierResolveScope&, DB::QueryExpressionsAliasVisitor&) @ 0x000000001785c67a
[2025-11-02T14:38:47.138+0000] {logging_mixin.py:188} INFO - 14:38:47    16. DB::QueryAnalyzer::resolveQueryJoinTreeNode(std::shared_ptr<DB::IQueryTreeNode>&, DB::IdentifierResolveScope&, DB::QueryExpressionsAliasVisitor&) @ 0x000000001785a8f8
[2025-11-02T14:38:47.140+0000] {logging_mixin.py:188} INFO - 14:38:47    17. DB::QueryAnalyzer::resolveJoin(std::shared_ptr<DB::IQueryTreeNode>&, DB::IdentifierResolveScope&, DB::QueryExpressionsAliasVisitor&) @ 0x000000001785c67a
[2025-11-02T14:38:47.141+0000] {logging_mixin.py:188} INFO - 14:38:47    18. DB::QueryAnalyzer::resolveQueryJoinTreeNode(std::shared_ptr<DB::IQueryTreeNode>&, DB::IdentifierResolveScope&, DB::QueryExpressionsAliasVisitor&) @ 0x000000001785a8f8
[2025-11-02T14:38:47.142+0000] {logging_mixin.py:188} INFO - 14:38:47    19. DB::QueryAnalyzer::resolveQuery(std::shared_ptr<DB::IQueryTreeNode> const&, DB::IdentifierResolveScope&) @ 0x000000001782d021
[2025-11-02T14:38:47.143+0000] {logging_mixin.py:188} INFO - 14:38:47    20. DB::QueryAnalyzer::resolveExpressionNode(std::shared_ptr<DB::IQueryTreeNode>&, DB::IdentifierResolveScope&, bool, bool, bool) @ 0x0000000017837221
[2025-11-02T14:38:47.144+0000] {logging_mixin.py:188} INFO - 14:38:47    21. DB::QueryAnalyzer::resolveQueryJoinTreeNode(std::shared_ptr<DB::IQueryTreeNode>&, DB::IdentifierResolveScope&, DB::QueryExpressionsAliasVisitor&) @ 0x000000001785ae58
[2025-11-02T14:38:47.145+0000] {logging_mixin.py:188} INFO - 14:38:47    22. DB::QueryAnalyzer::resolveQuery(std::shared_ptr<DB::IQueryTreeNode> const&, DB::IdentifierResolveScope&) @ 0x000000001782d021
[2025-11-02T14:38:47.146+0000] {logging_mixin.py:188} INFO - 14:38:47    23. DB::QueryAnalyzer::resolve(std::shared_ptr<DB::IQueryTreeNode>&, std::shared_ptr<DB::IQueryTreeNode> const&, std::shared_ptr<DB::Context const>) @ 0x000000001782a87a
[2025-11-02T14:38:47.148+0000] {logging_mixin.py:188} INFO - 14:38:47    24. DB::QueryAnalysisPass::run(std::shared_ptr<DB::IQueryTreeNode>&, std::shared_ptr<DB::Context const>) @ 0x0000000017829edc
[2025-11-02T14:38:47.149+0000] {logging_mixin.py:188} INFO - 14:38:47    25. DB::QueryTreePassManager::run(std::shared_ptr<DB::IQueryTreeNode>) @ 0x000000001787d276
[2025-11-02T14:38:47.150+0000] {logging_mixin.py:188} INFO - 14:38:47    26. DB::buildQueryTreeAndRunPasses(std::shared_ptr<DB::IAST> const&, DB::SelectQueryOptions const&, std::shared_ptr<DB::Context const> const&, std::shared_ptr<DB::IStorage> const&) (.llvm.8096503222789336007) @ 0x00000000183bd40d
[2025-11-02T14:38:47.151+0000] {logging_mixin.py:188} INFO - 14:38:47    27. DB::InterpreterSelectQueryAnalyzer::InterpreterSelectQueryAnalyzer(std::shared_ptr<DB::IAST> const&, std::shared_ptr<DB::Context const> const&, DB::SelectQueryOptions const&, std::vector<String, std::allocator<String>> const&) @ 0x00000000183bb32a
[2025-11-02T14:38:47.152+0000] {logging_mixin.py:188} INFO - 14:38:47    28. DB::InterpreterSelectQueryAnalyzer::getSampleBlock(std::shared_ptr<DB::IAST> const&, std::shared_ptr<DB::Context const> const&, DB::SelectQueryOptions const&) @ 0x00000000183bd86a
[2025-11-02T14:38:47.153+0000] {logging_mixin.py:188} INFO - 14:38:47    29. DB::InterpreterCreateQuery::getTablePropertiesAndNormalizeCreateQuery(DB::ASTCreateQuery&, DB::LoadingStrictnessLevel) const @ 0x00000000182e49d3
[2025-11-02T14:38:47.154+0000] {logging_mixin.py:188} INFO - 14:38:47    30. DB::InterpreterCreateQuery::createTable(DB::ASTCreateQuery&) @ 0x00000000182ed2c5
[2025-11-02T14:38:47.155+0000] {logging_mixin.py:188} INFO - 14:38:47    31. DB::InterpreterCreateQuery::execute() @ 0x0000000018303978
[2025-11-02T14:38:47.157+0000] {logging_mixin.py:188} INFO - 14:38:47
[2025-11-02T14:38:47.158+0000] {logging_mixin.py:188} INFO - 14:38:47  Done. PASS=0 WARN=0 ERROR=1 SKIP=0 TOTAL=1
[2025-11-02T14:38:48.066+0000] {taskinstance.py:2698} ERROR - Task failed with exception
Traceback (most recent call last):
  File "/home/airflow/.local/lib/python3.8/site-packages/airflow/models/taskinstance.py", line 433, in _execute_task
    result = execute_callable(context=context, **execute_callable_kwargs)
  File "/home/airflow/.local/lib/python3.8/site-packages/airflow/operators/python.py", line 199, in execute
    return_value = self.execute_callable()
  File "/home/airflow/.local/lib/python3.8/site-packages/airflow/operators/python.py", line 216, in execute_callable
    return self.python_callable(*self.op_args, **self.op_kwargs)
  File "/opt/airflow/dags/gold_dag.py", line 143, in <lambda>
    python_callable=lambda **_: _run_dbt("+fact_transactions"),
  File "/opt/airflow/dags/gold_dag.py", line 90, in _run_dbt
    raise RuntimeError(f"dbt failed (exit {ret}). See logs above.")
RuntimeError: dbt failed (exit 1). See logs above.
[2025-11-02T14:38:48.093+0000] {taskinstance.py:1138} INFO - Marking task as UP_FOR_RETRY. dag_id=gold_dimensions_pipeline, task_id=dbt_fact_transactions, execution_date=20251102T130750, start_date=20251102T143840, end_date=20251102T143848
[2025-11-02T14:38:48.115+0000] {standard_task_runner.py:107} ERROR - Failed to execute job 428 for task dbt_fact_transactions (dbt failed (exit 1). See logs above.; 16526)
[2025-11-02T14:38:48.150+0000] {local_task_job_runner.py:234} INFO - Task exited with return code 1
[2025-11-02T14:38:48.179+0000] {taskinstance.py:3280} INFO - 0 downstream tasks scheduled from follow-on schedule check
