[2025-11-01T20:24:04.553+0000] {taskinstance.py:1956} INFO - Dependencies all met for dep_context=non-requeueable deps ti=<TaskInstance: silver_transformation_pipeline.dbt_run_merchants scheduled__2025-10-28T00:00:00+00:00 [queued]>
[2025-11-01T20:24:04.564+0000] {taskinstance.py:1956} INFO - Dependencies all met for dep_context=requeueable deps ti=<TaskInstance: silver_transformation_pipeline.dbt_run_merchants scheduled__2025-10-28T00:00:00+00:00 [queued]>
[2025-11-01T20:24:04.565+0000] {taskinstance.py:2170} INFO - Starting attempt 1 of 2
[2025-11-01T20:24:04.581+0000] {taskinstance.py:2191} INFO - Executing <Task(PythonOperator): dbt_run_merchants> on 2025-10-28 00:00:00+00:00
[2025-11-01T20:24:04.588+0000] {standard_task_runner.py:60} INFO - Started process 2310 to run task
[2025-11-01T20:24:04.593+0000] {standard_task_runner.py:87} INFO - Running: ['***', 'tasks', 'run', 'silver_transformation_pipeline', 'dbt_run_merchants', 'scheduled__2025-10-28T00:00:00+00:00', '--job-id', '235', '--raw', '--subdir', 'DAGS_FOLDER/silver_dag.py', '--cfg-path', '/tmp/tmpqena6k_n']
[2025-11-01T20:24:04.595+0000] {standard_task_runner.py:88} INFO - Job 235: Subtask dbt_run_merchants
[2025-11-01T20:24:04.671+0000] {task_command.py:423} INFO - Running <TaskInstance: silver_transformation_pipeline.dbt_run_merchants scheduled__2025-10-28T00:00:00+00:00 [running]> on host 6335aa85b335
[2025-11-01T20:24:04.812+0000] {taskinstance.py:2480} INFO - Exporting env vars: AIRFLOW_CTX_DAG_OWNER='***' AIRFLOW_CTX_DAG_ID='silver_transformation_pipeline' AIRFLOW_CTX_TASK_ID='dbt_run_merchants' AIRFLOW_CTX_EXECUTION_DATE='2025-10-28T00:00:00+00:00' AIRFLOW_CTX_TRY_NUMBER='1' AIRFLOW_CTX_DAG_RUN_ID='scheduled__2025-10-28T00:00:00+00:00'
[2025-11-01T20:24:11.278+0000] {python.py:201} INFO - Done. Returned value was: None
[2025-11-01T20:24:11.297+0000] {taskinstance.py:1138} INFO - Marking task as SUCCESS. dag_id=silver_transformation_pipeline, task_id=dbt_run_merchants, execution_date=20251028T000000, start_date=20251101T202404, end_date=20251101T202411
[2025-11-01T20:24:11.342+0000] {local_task_job_runner.py:234} INFO - Task exited with return code 0
[2025-11-01T20:24:11.365+0000] {taskinstance.py:3280} INFO - 0 downstream tasks scheduled from follow-on schedule check
[2025-11-02T01:39:24.387+0000] {taskinstance.py:1956} INFO - Dependencies all met for dep_context=non-requeueable deps ti=<TaskInstance: silver_transformation_pipeline.dbt_run_merchants scheduled__2025-10-28T00:00:00+00:00 [queued]>
[2025-11-02T01:39:24.398+0000] {taskinstance.py:1956} INFO - Dependencies all met for dep_context=requeueable deps ti=<TaskInstance: silver_transformation_pipeline.dbt_run_merchants scheduled__2025-10-28T00:00:00+00:00 [queued]>
[2025-11-02T01:39:24.399+0000] {taskinstance.py:2170} INFO - Starting attempt 1 of 2
[2025-11-02T01:39:24.414+0000] {taskinstance.py:2191} INFO - Executing <Task(PythonOperator): dbt_run_merchants> on 2025-10-28 00:00:00+00:00
[2025-11-02T01:39:24.421+0000] {standard_task_runner.py:60} INFO - Started process 3434 to run task
[2025-11-02T01:39:24.427+0000] {standard_task_runner.py:87} INFO - Running: ['***', 'tasks', 'run', 'silver_transformation_pipeline', 'dbt_run_merchants', 'scheduled__2025-10-28T00:00:00+00:00', '--job-id', '240', '--raw', '--subdir', 'DAGS_FOLDER/silver_dag.py', '--cfg-path', '/tmp/tmprdi6bm2s']
[2025-11-02T01:39:24.430+0000] {standard_task_runner.py:88} INFO - Job 240: Subtask dbt_run_merchants
[2025-11-02T01:39:24.514+0000] {task_command.py:423} INFO - Running <TaskInstance: silver_transformation_pipeline.dbt_run_merchants scheduled__2025-10-28T00:00:00+00:00 [running]> on host 3b0074fa0b5e
[2025-11-02T01:39:24.632+0000] {taskinstance.py:2480} INFO - Exporting env vars: AIRFLOW_CTX_DAG_OWNER='***' AIRFLOW_CTX_DAG_ID='silver_transformation_pipeline' AIRFLOW_CTX_TASK_ID='dbt_run_merchants' AIRFLOW_CTX_EXECUTION_DATE='2025-10-28T00:00:00+00:00' AIRFLOW_CTX_TRY_NUMBER='1' AIRFLOW_CTX_DAG_RUN_ID='scheduled__2025-10-28T00:00:00+00:00'
[2025-11-02T01:39:31.529+0000] {python.py:201} INFO - Done. Returned value was: None
[2025-11-02T01:39:31.545+0000] {taskinstance.py:1138} INFO - Marking task as SUCCESS. dag_id=silver_transformation_pipeline, task_id=dbt_run_merchants, execution_date=20251028T000000, start_date=20251102T013924, end_date=20251102T013931
[2025-11-02T01:39:31.575+0000] {local_task_job_runner.py:234} INFO - Task exited with return code 0
[2025-11-02T01:39:31.602+0000] {taskinstance.py:3280} INFO - 0 downstream tasks scheduled from follow-on schedule check
[2025-11-02T11:35:16.198+0000] {taskinstance.py:1956} INFO - Dependencies all met for dep_context=non-requeueable deps ti=<TaskInstance: silver_transformation_pipeline.dbt_run_merchants scheduled__2025-10-28T00:00:00+00:00 [queued]>
[2025-11-02T11:35:16.211+0000] {taskinstance.py:1956} INFO - Dependencies all met for dep_context=requeueable deps ti=<TaskInstance: silver_transformation_pipeline.dbt_run_merchants scheduled__2025-10-28T00:00:00+00:00 [queued]>
[2025-11-02T11:35:16.212+0000] {taskinstance.py:2170} INFO - Starting attempt 1 of 2
[2025-11-02T11:35:16.236+0000] {taskinstance.py:2191} INFO - Executing <Task(PythonOperator): dbt_run_merchants> on 2025-10-28 00:00:00+00:00
[2025-11-02T11:35:16.244+0000] {standard_task_runner.py:60} INFO - Started process 3658 to run task
[2025-11-02T11:35:16.250+0000] {standard_task_runner.py:87} INFO - Running: ['***', 'tasks', 'run', 'silver_transformation_pipeline', 'dbt_run_merchants', 'scheduled__2025-10-28T00:00:00+00:00', '--job-id', '253', '--raw', '--subdir', 'DAGS_FOLDER/silver_dag.py', '--cfg-path', '/tmp/tmpr6atwzq3']
[2025-11-02T11:35:16.253+0000] {standard_task_runner.py:88} INFO - Job 253: Subtask dbt_run_merchants
[2025-11-02T11:35:16.409+0000] {task_command.py:423} INFO - Running <TaskInstance: silver_transformation_pipeline.dbt_run_merchants scheduled__2025-10-28T00:00:00+00:00 [running]> on host 0d39d4365eb9
[2025-11-02T11:35:16.570+0000] {taskinstance.py:2480} INFO - Exporting env vars: AIRFLOW_CTX_DAG_OWNER='***' AIRFLOW_CTX_DAG_ID='silver_transformation_pipeline' AIRFLOW_CTX_TASK_ID='dbt_run_merchants' AIRFLOW_CTX_EXECUTION_DATE='2025-10-28T00:00:00+00:00' AIRFLOW_CTX_TRY_NUMBER='1' AIRFLOW_CTX_DAG_RUN_ID='scheduled__2025-10-28T00:00:00+00:00'
[2025-11-02T11:35:25.153+0000] {python.py:201} INFO - Done. Returned value was: None
[2025-11-02T11:35:25.172+0000] {taskinstance.py:1138} INFO - Marking task as SUCCESS. dag_id=silver_transformation_pipeline, task_id=dbt_run_merchants, execution_date=20251028T000000, start_date=20251102T113516, end_date=20251102T113525
[2025-11-02T11:35:25.200+0000] {local_task_job_runner.py:234} INFO - Task exited with return code 0
[2025-11-02T11:35:25.231+0000] {taskinstance.py:3280} INFO - 0 downstream tasks scheduled from follow-on schedule check
