[2025-11-01T20:22:15.062+0000] {taskinstance.py:1956} INFO - Dependencies all met for dep_context=non-requeueable deps ti=<TaskInstance: silver_transformation_pipeline.ensure_bronze_prereqs scheduled__2025-10-17T00:00:00+00:00 [queued]>
[2025-11-01T20:22:15.073+0000] {taskinstance.py:1956} INFO - Dependencies all met for dep_context=requeueable deps ti=<TaskInstance: silver_transformation_pipeline.ensure_bronze_prereqs scheduled__2025-10-17T00:00:00+00:00 [queued]>
[2025-11-01T20:22:15.074+0000] {taskinstance.py:2170} INFO - Starting attempt 1 of 2
[2025-11-01T20:22:15.092+0000] {taskinstance.py:2191} INFO - Executing <Task(PythonOperator): ensure_bronze_prereqs> on 2025-10-17 00:00:00+00:00
[2025-11-01T20:22:15.098+0000] {standard_task_runner.py:60} INFO - Started process 1745 to run task
[2025-11-01T20:22:15.103+0000] {standard_task_runner.py:87} INFO - Running: ['***', 'tasks', 'run', 'silver_transformation_pipeline', 'ensure_bronze_prereqs', 'scheduled__2025-10-17T00:00:00+00:00', '--job-id', '190', '--raw', '--subdir', 'DAGS_FOLDER/silver_dag.py', '--cfg-path', '/tmp/tmp4_p1j_af']
[2025-11-01T20:22:15.106+0000] {standard_task_runner.py:88} INFO - Job 190: Subtask ensure_bronze_prereqs
[2025-11-01T20:22:15.198+0000] {task_command.py:423} INFO - Running <TaskInstance: silver_transformation_pipeline.ensure_bronze_prereqs scheduled__2025-10-17T00:00:00+00:00 [running]> on host 6335aa85b335
[2025-11-01T20:22:15.317+0000] {taskinstance.py:2480} INFO - Exporting env vars: AIRFLOW_CTX_DAG_OWNER='***' AIRFLOW_CTX_DAG_ID='silver_transformation_pipeline' AIRFLOW_CTX_TASK_ID='ensure_bronze_prereqs' AIRFLOW_CTX_EXECUTION_DATE='2025-10-17T00:00:00+00:00' AIRFLOW_CTX_TRY_NUMBER='1' AIRFLOW_CTX_DAG_RUN_ID='scheduled__2025-10-17T00:00:00+00:00'
[2025-11-01T20:22:15.322+0000] {crypto.py:82} WARNING - empty cryptography key - values will not be stored encrypted.
[2025-11-01T20:22:15.323+0000] {base.py:83} INFO - Using connection ID 'clickhouse_default' for task execution.
[2025-11-01T20:22:15.333+0000] {python.py:201} INFO - Done. Returned value was: None
[2025-11-01T20:22:15.349+0000] {taskinstance.py:1138} INFO - Marking task as SUCCESS. dag_id=silver_transformation_pipeline, task_id=ensure_bronze_prereqs, execution_date=20251017T000000, start_date=20251101T202215, end_date=20251101T202215
[2025-11-01T20:22:15.396+0000] {local_task_job_runner.py:234} INFO - Task exited with return code 0
[2025-11-01T20:22:15.439+0000] {taskinstance.py:3280} INFO - 3 downstream tasks scheduled from follow-on schedule check
[2025-11-02T01:37:29.872+0000] {taskinstance.py:1956} INFO - Dependencies all met for dep_context=non-requeueable deps ti=<TaskInstance: silver_transformation_pipeline.ensure_bronze_prereqs scheduled__2025-10-17T00:00:00+00:00 [queued]>
[2025-11-02T01:37:29.882+0000] {taskinstance.py:1956} INFO - Dependencies all met for dep_context=requeueable deps ti=<TaskInstance: silver_transformation_pipeline.ensure_bronze_prereqs scheduled__2025-10-17T00:00:00+00:00 [queued]>
[2025-11-02T01:37:29.883+0000] {taskinstance.py:2170} INFO - Starting attempt 1 of 2
[2025-11-02T01:37:29.897+0000] {taskinstance.py:2191} INFO - Executing <Task(PythonOperator): ensure_bronze_prereqs> on 2025-10-17 00:00:00+00:00
[2025-11-02T01:37:29.904+0000] {standard_task_runner.py:60} INFO - Started process 2600 to run task
[2025-11-02T01:37:29.906+0000] {standard_task_runner.py:87} INFO - Running: ['***', 'tasks', 'run', 'silver_transformation_pipeline', 'ensure_bronze_prereqs', 'scheduled__2025-10-17T00:00:00+00:00', '--job-id', '194', '--raw', '--subdir', 'DAGS_FOLDER/silver_dag.py', '--cfg-path', '/tmp/tmpp2qkni86']
[2025-11-02T01:37:29.910+0000] {standard_task_runner.py:88} INFO - Job 194: Subtask ensure_bronze_prereqs
[2025-11-02T01:37:29.986+0000] {task_command.py:423} INFO - Running <TaskInstance: silver_transformation_pipeline.ensure_bronze_prereqs scheduled__2025-10-17T00:00:00+00:00 [running]> on host 3b0074fa0b5e
[2025-11-02T01:37:30.086+0000] {taskinstance.py:2480} INFO - Exporting env vars: AIRFLOW_CTX_DAG_OWNER='***' AIRFLOW_CTX_DAG_ID='silver_transformation_pipeline' AIRFLOW_CTX_TASK_ID='ensure_bronze_prereqs' AIRFLOW_CTX_EXECUTION_DATE='2025-10-17T00:00:00+00:00' AIRFLOW_CTX_TRY_NUMBER='1' AIRFLOW_CTX_DAG_RUN_ID='scheduled__2025-10-17T00:00:00+00:00'
[2025-11-02T01:37:30.089+0000] {crypto.py:82} WARNING - empty cryptography key - values will not be stored encrypted.
[2025-11-02T01:37:30.090+0000] {base.py:83} INFO - Using connection ID 'clickhouse_default' for task execution.
[2025-11-02T01:37:30.098+0000] {python.py:201} INFO - Done. Returned value was: None
[2025-11-02T01:37:30.110+0000] {taskinstance.py:1138} INFO - Marking task as SUCCESS. dag_id=silver_transformation_pipeline, task_id=ensure_bronze_prereqs, execution_date=20251017T000000, start_date=20251102T013729, end_date=20251102T013730
[2025-11-02T01:37:30.160+0000] {local_task_job_runner.py:234} INFO - Task exited with return code 0
[2025-11-02T01:37:30.184+0000] {taskinstance.py:3280} INFO - 3 downstream tasks scheduled from follow-on schedule check
[2025-11-02T11:32:57.189+0000] {taskinstance.py:1956} INFO - Dependencies all met for dep_context=non-requeueable deps ti=<TaskInstance: silver_transformation_pipeline.ensure_bronze_prereqs scheduled__2025-10-17T00:00:00+00:00 [queued]>
[2025-11-02T11:32:57.201+0000] {taskinstance.py:1956} INFO - Dependencies all met for dep_context=requeueable deps ti=<TaskInstance: silver_transformation_pipeline.ensure_bronze_prereqs scheduled__2025-10-17T00:00:00+00:00 [queued]>
[2025-11-02T11:32:57.202+0000] {taskinstance.py:2170} INFO - Starting attempt 1 of 2
[2025-11-02T11:32:57.217+0000] {taskinstance.py:2191} INFO - Executing <Task(PythonOperator): ensure_bronze_prereqs> on 2025-10-17 00:00:00+00:00
[2025-11-02T11:32:57.223+0000] {standard_task_runner.py:60} INFO - Started process 2734 to run task
[2025-11-02T11:32:57.229+0000] {standard_task_runner.py:87} INFO - Running: ['***', 'tasks', 'run', 'silver_transformation_pipeline', 'ensure_bronze_prereqs', 'scheduled__2025-10-17T00:00:00+00:00', '--job-id', '206', '--raw', '--subdir', 'DAGS_FOLDER/silver_dag.py', '--cfg-path', '/tmp/tmphp6vpk7o']
[2025-11-02T11:32:57.233+0000] {standard_task_runner.py:88} INFO - Job 206: Subtask ensure_bronze_prereqs
[2025-11-02T11:32:57.352+0000] {task_command.py:423} INFO - Running <TaskInstance: silver_transformation_pipeline.ensure_bronze_prereqs scheduled__2025-10-17T00:00:00+00:00 [running]> on host 0d39d4365eb9
[2025-11-02T11:32:57.467+0000] {taskinstance.py:2480} INFO - Exporting env vars: AIRFLOW_CTX_DAG_OWNER='***' AIRFLOW_CTX_DAG_ID='silver_transformation_pipeline' AIRFLOW_CTX_TASK_ID='ensure_bronze_prereqs' AIRFLOW_CTX_EXECUTION_DATE='2025-10-17T00:00:00+00:00' AIRFLOW_CTX_TRY_NUMBER='1' AIRFLOW_CTX_DAG_RUN_ID='scheduled__2025-10-17T00:00:00+00:00'
[2025-11-02T11:32:57.469+0000] {crypto.py:82} WARNING - empty cryptography key - values will not be stored encrypted.
[2025-11-02T11:32:57.470+0000] {base.py:83} INFO - Using connection ID 'clickhouse_default' for task execution.
[2025-11-02T11:32:57.481+0000] {python.py:201} INFO - Done. Returned value was: None
[2025-11-02T11:32:57.496+0000] {taskinstance.py:1138} INFO - Marking task as SUCCESS. dag_id=silver_transformation_pipeline, task_id=ensure_bronze_prereqs, execution_date=20251017T000000, start_date=20251102T113257, end_date=20251102T113257
[2025-11-02T11:32:57.522+0000] {local_task_job_runner.py:234} INFO - Task exited with return code 0
[2025-11-02T11:32:57.548+0000] {taskinstance.py:3280} INFO - 3 downstream tasks scheduled from follow-on schedule check
