[2025-11-02T00:26:27.578+0000] {taskinstance.py:1956} INFO - Dependencies all met for dep_context=non-requeueable deps ti=<TaskInstance: gold_dimensions_pipeline.dbt_dim_date scheduled__2025-10-09T00:00:00+00:00 [queued]>
[2025-11-02T00:26:27.594+0000] {taskinstance.py:1956} INFO - Dependencies all met for dep_context=requeueable deps ti=<TaskInstance: gold_dimensions_pipeline.dbt_dim_date scheduled__2025-10-09T00:00:00+00:00 [queued]>
[2025-11-02T00:26:27.595+0000] {taskinstance.py:2170} INFO - Starting attempt 1 of 2
[2025-11-02T00:26:27.615+0000] {taskinstance.py:2191} INFO - Executing <Task(PythonOperator): dbt_dim_date> on 2025-10-09 00:00:00+00:00
[2025-11-02T00:26:27.624+0000] {standard_task_runner.py:60} INFO - Started process 14987 to run task
[2025-11-02T00:26:27.629+0000] {standard_task_runner.py:87} INFO - Running: ['***', 'tasks', 'run', 'gold_dimensions_pipeline', 'dbt_dim_date', 'scheduled__2025-10-09T00:00:00+00:00', '--job-id', '325', '--raw', '--subdir', 'DAGS_FOLDER/gold_dag.py', '--cfg-path', '/tmp/tmpkoz8lcb8']
[2025-11-02T00:26:27.633+0000] {standard_task_runner.py:88} INFO - Job 325: Subtask dbt_dim_date
[2025-11-02T00:26:27.808+0000] {task_command.py:423} INFO - Running <TaskInstance: gold_dimensions_pipeline.dbt_dim_date scheduled__2025-10-09T00:00:00+00:00 [running]> on host 6335aa85b335
[2025-11-02T00:26:28.023+0000] {taskinstance.py:2480} INFO - Exporting env vars: AIRFLOW_CTX_DAG_OWNER='***' AIRFLOW_CTX_DAG_ID='gold_dimensions_pipeline' AIRFLOW_CTX_TASK_ID='dbt_dim_date' AIRFLOW_CTX_EXECUTION_DATE='2025-10-09T00:00:00+00:00' AIRFLOW_CTX_TRY_NUMBER='1' AIRFLOW_CTX_DAG_RUN_ID='scheduled__2025-10-09T00:00:00+00:00'
[2025-11-02T00:26:39.092+0000] {python.py:201} INFO - Done. Returned value was: None
[2025-11-02T00:26:39.115+0000] {taskinstance.py:1138} INFO - Marking task as SUCCESS. dag_id=gold_dimensions_pipeline, task_id=dbt_dim_date, execution_date=20251009T000000, start_date=20251102T002627, end_date=20251102T002639
[2025-11-02T00:26:39.139+0000] {local_task_job_runner.py:234} INFO - Task exited with return code 0
[2025-11-02T00:26:39.165+0000] {taskinstance.py:3280} INFO - 0 downstream tasks scheduled from follow-on schedule check
[2025-11-02T11:42:32.904+0000] {taskinstance.py:1956} INFO - Dependencies all met for dep_context=non-requeueable deps ti=<TaskInstance: gold_dimensions_pipeline.dbt_dim_date scheduled__2025-10-09T00:00:00+00:00 [queued]>
[2025-11-02T11:42:32.915+0000] {taskinstance.py:1956} INFO - Dependencies all met for dep_context=requeueable deps ti=<TaskInstance: gold_dimensions_pipeline.dbt_dim_date scheduled__2025-10-09T00:00:00+00:00 [queued]>
[2025-11-02T11:42:32.915+0000] {taskinstance.py:2170} INFO - Starting attempt 1 of 3
[2025-11-02T11:42:32.931+0000] {taskinstance.py:2191} INFO - Executing <Task(PythonOperator): dbt_dim_date> on 2025-10-09 00:00:00+00:00
[2025-11-02T11:42:32.939+0000] {standard_task_runner.py:60} INFO - Started process 4979 to run task
[2025-11-02T11:42:32.942+0000] {standard_task_runner.py:87} INFO - Running: ['***', 'tasks', 'run', 'gold_dimensions_pipeline', 'dbt_dim_date', 'scheduled__2025-10-09T00:00:00+00:00', '--job-id', '304', '--raw', '--subdir', 'DAGS_FOLDER/gold_dag.py', '--cfg-path', '/tmp/tmp0gfba3f4']
[2025-11-02T11:42:32.945+0000] {standard_task_runner.py:88} INFO - Job 304: Subtask dbt_dim_date
[2025-11-02T11:42:33.034+0000] {task_command.py:423} INFO - Running <TaskInstance: gold_dimensions_pipeline.dbt_dim_date scheduled__2025-10-09T00:00:00+00:00 [running]> on host 0d39d4365eb9
[2025-11-02T11:42:33.132+0000] {taskinstance.py:2480} INFO - Exporting env vars: AIRFLOW_CTX_DAG_OWNER='***' AIRFLOW_CTX_DAG_ID='gold_dimensions_pipeline' AIRFLOW_CTX_TASK_ID='dbt_dim_date' AIRFLOW_CTX_EXECUTION_DATE='2025-10-09T00:00:00+00:00' AIRFLOW_CTX_TRY_NUMBER='1' AIRFLOW_CTX_DAG_RUN_ID='scheduled__2025-10-09T00:00:00+00:00'
[2025-11-02T11:42:38.604+0000] {logging_mixin.py:188} INFO - ==== DBT STDOUT ====
[2025-11-02T11:42:38.605+0000] {logging_mixin.py:188} INFO - 11:42:35  Running with dbt=1.5.9
11:42:36  Registered adapter: clickhouse=1.5.2
11:42:36  [WARNING]: Configuration paths exist in your dbt_project.yml file which do not apply to any resources.
There are 2 unused configuration paths:
- models.ck_project.gold.fact
- models.ck_project.bronze
11:42:36  Found 7 models, 17 tests, 0 snapshots, 0 analyses, 349 macros, 0 operations, 0 seed files, 6 sources, 0 exposures, 0 metrics, 0 groups
11:42:36  
11:42:37  Concurrency: 4 threads (target='dev')
11:42:37  
11:42:37  1 of 1 START sql table model gold.dim_date ..................................... [RUN]
11:42:37  1 of 1 OK created sql table model gold.dim_date ................................ [OK in 0.26s]
11:42:37  
11:42:37  Finished running 1 table model in 0 hours 0 minutes and 0.69 seconds (0.69s).
11:42:37  
11:42:37  Completed successfully
11:42:37  
11:42:37  Done. PASS=1 WARN=0 ERROR=0 SKIP=0 TOTAL=1
[2025-11-02T11:42:38.606+0000] {logging_mixin.py:188} INFO - ==== DBT STDERR ====
[2025-11-02T11:42:38.606+0000] {python.py:201} INFO - Done. Returned value was: None
[2025-11-02T11:42:38.620+0000] {taskinstance.py:1138} INFO - Marking task as SUCCESS. dag_id=gold_dimensions_pipeline, task_id=dbt_dim_date, execution_date=20251009T000000, start_date=20251102T114232, end_date=20251102T114238
[2025-11-02T11:42:38.675+0000] {local_task_job_runner.py:234} INFO - Task exited with return code 0
[2025-11-02T11:42:38.699+0000] {taskinstance.py:3280} INFO - 3 downstream tasks scheduled from follow-on schedule check
