[2025-11-01T20:21:56.856+0000] {taskinstance.py:1956} INFO - Dependencies all met for dep_context=non-requeueable deps ti=<TaskInstance: silver_transformation_pipeline.dbt_run_linktx scheduled__2025-10-15T00:00:00+00:00 [queued]>
[2025-11-01T20:21:56.867+0000] {taskinstance.py:1956} INFO - Dependencies all met for dep_context=requeueable deps ti=<TaskInstance: silver_transformation_pipeline.dbt_run_linktx scheduled__2025-10-15T00:00:00+00:00 [queued]>
[2025-11-01T20:21:56.868+0000] {taskinstance.py:2170} INFO - Starting attempt 1 of 2
[2025-11-01T20:21:56.884+0000] {taskinstance.py:2191} INFO - Executing <Task(PythonOperator): dbt_run_linktx> on 2025-10-15 00:00:00+00:00
[2025-11-01T20:21:56.893+0000] {standard_task_runner.py:60} INFO - Started process 1658 to run task
[2025-11-01T20:21:56.897+0000] {standard_task_runner.py:87} INFO - Running: ['***', 'tasks', 'run', 'silver_transformation_pipeline', 'dbt_run_linktx', 'scheduled__2025-10-15T00:00:00+00:00', '--job-id', '185', '--raw', '--subdir', 'DAGS_FOLDER/silver_dag.py', '--cfg-path', '/tmp/tmpjw98upf3']
[2025-11-01T20:21:56.900+0000] {standard_task_runner.py:88} INFO - Job 185: Subtask dbt_run_linktx
[2025-11-01T20:21:56.989+0000] {task_command.py:423} INFO - Running <TaskInstance: silver_transformation_pipeline.dbt_run_linktx scheduled__2025-10-15T00:00:00+00:00 [running]> on host 6335aa85b335
[2025-11-01T20:21:57.109+0000] {taskinstance.py:2480} INFO - Exporting env vars: AIRFLOW_CTX_DAG_OWNER='***' AIRFLOW_CTX_DAG_ID='silver_transformation_pipeline' AIRFLOW_CTX_TASK_ID='dbt_run_linktx' AIRFLOW_CTX_EXECUTION_DATE='2025-10-15T00:00:00+00:00' AIRFLOW_CTX_TRY_NUMBER='1' AIRFLOW_CTX_DAG_RUN_ID='scheduled__2025-10-15T00:00:00+00:00'
[2025-11-01T20:22:02.984+0000] {python.py:201} INFO - Done. Returned value was: None
[2025-11-01T20:22:03.004+0000] {taskinstance.py:1138} INFO - Marking task as SUCCESS. dag_id=silver_transformation_pipeline, task_id=dbt_run_linktx, execution_date=20251015T000000, start_date=20251101T202156, end_date=20251101T202203
[2025-11-01T20:22:03.076+0000] {local_task_job_runner.py:234} INFO - Task exited with return code 0
[2025-11-01T20:22:03.098+0000] {taskinstance.py:3280} INFO - 0 downstream tasks scheduled from follow-on schedule check
[2025-11-02T01:37:10.804+0000] {taskinstance.py:1956} INFO - Dependencies all met for dep_context=non-requeueable deps ti=<TaskInstance: silver_transformation_pipeline.dbt_run_linktx scheduled__2025-10-15T00:00:00+00:00 [queued]>
[2025-11-02T01:37:10.817+0000] {taskinstance.py:1956} INFO - Dependencies all met for dep_context=requeueable deps ti=<TaskInstance: silver_transformation_pipeline.dbt_run_linktx scheduled__2025-10-15T00:00:00+00:00 [queued]>
[2025-11-02T01:37:10.818+0000] {taskinstance.py:2170} INFO - Starting attempt 1 of 2
[2025-11-02T01:37:10.836+0000] {taskinstance.py:2191} INFO - Executing <Task(PythonOperator): dbt_run_linktx> on 2025-10-15 00:00:00+00:00
[2025-11-02T01:37:10.844+0000] {standard_task_runner.py:60} INFO - Started process 2445 to run task
[2025-11-02T01:37:10.848+0000] {standard_task_runner.py:87} INFO - Running: ['***', 'tasks', 'run', 'silver_transformation_pipeline', 'dbt_run_linktx', 'scheduled__2025-10-15T00:00:00+00:00', '--job-id', '189', '--raw', '--subdir', 'DAGS_FOLDER/silver_dag.py', '--cfg-path', '/tmp/tmp5exhj3b9']
[2025-11-02T01:37:10.851+0000] {standard_task_runner.py:88} INFO - Job 189: Subtask dbt_run_linktx
[2025-11-02T01:37:10.932+0000] {task_command.py:423} INFO - Running <TaskInstance: silver_transformation_pipeline.dbt_run_linktx scheduled__2025-10-15T00:00:00+00:00 [running]> on host 3b0074fa0b5e
[2025-11-02T01:37:11.040+0000] {taskinstance.py:2480} INFO - Exporting env vars: AIRFLOW_CTX_DAG_OWNER='***' AIRFLOW_CTX_DAG_ID='silver_transformation_pipeline' AIRFLOW_CTX_TASK_ID='dbt_run_linktx' AIRFLOW_CTX_EXECUTION_DATE='2025-10-15T00:00:00+00:00' AIRFLOW_CTX_TRY_NUMBER='1' AIRFLOW_CTX_DAG_RUN_ID='scheduled__2025-10-15T00:00:00+00:00'
[2025-11-02T01:37:17.631+0000] {python.py:201} INFO - Done. Returned value was: None
[2025-11-02T01:37:17.649+0000] {taskinstance.py:1138} INFO - Marking task as SUCCESS. dag_id=silver_transformation_pipeline, task_id=dbt_run_linktx, execution_date=20251015T000000, start_date=20251102T013710, end_date=20251102T013717
[2025-11-02T01:37:17.717+0000] {local_task_job_runner.py:234} INFO - Task exited with return code 0
[2025-11-02T01:37:17.735+0000] {taskinstance.py:3280} INFO - 0 downstream tasks scheduled from follow-on schedule check
[2025-11-02T11:32:34.317+0000] {taskinstance.py:1956} INFO - Dependencies all met for dep_context=non-requeueable deps ti=<TaskInstance: silver_transformation_pipeline.dbt_run_linktx scheduled__2025-10-15T00:00:00+00:00 [queued]>
[2025-11-02T11:32:34.348+0000] {taskinstance.py:1956} INFO - Dependencies all met for dep_context=requeueable deps ti=<TaskInstance: silver_transformation_pipeline.dbt_run_linktx scheduled__2025-10-15T00:00:00+00:00 [queued]>
[2025-11-02T11:32:34.350+0000] {taskinstance.py:2170} INFO - Starting attempt 1 of 2
[2025-11-02T11:32:34.384+0000] {taskinstance.py:2191} INFO - Executing <Task(PythonOperator): dbt_run_linktx> on 2025-10-15 00:00:00+00:00
[2025-11-02T11:32:34.398+0000] {standard_task_runner.py:60} INFO - Started process 2572 to run task
[2025-11-02T11:32:34.406+0000] {standard_task_runner.py:87} INFO - Running: ['***', 'tasks', 'run', 'silver_transformation_pipeline', 'dbt_run_linktx', 'scheduled__2025-10-15T00:00:00+00:00', '--job-id', '201', '--raw', '--subdir', 'DAGS_FOLDER/silver_dag.py', '--cfg-path', '/tmp/tmp6rlqnx_t']
[2025-11-02T11:32:34.412+0000] {standard_task_runner.py:88} INFO - Job 201: Subtask dbt_run_linktx
[2025-11-02T11:32:34.555+0000] {task_command.py:423} INFO - Running <TaskInstance: silver_transformation_pipeline.dbt_run_linktx scheduled__2025-10-15T00:00:00+00:00 [running]> on host 0d39d4365eb9
[2025-11-02T11:32:34.725+0000] {taskinstance.py:2480} INFO - Exporting env vars: AIRFLOW_CTX_DAG_OWNER='***' AIRFLOW_CTX_DAG_ID='silver_transformation_pipeline' AIRFLOW_CTX_TASK_ID='dbt_run_linktx' AIRFLOW_CTX_EXECUTION_DATE='2025-10-15T00:00:00+00:00' AIRFLOW_CTX_TRY_NUMBER='1' AIRFLOW_CTX_DAG_RUN_ID='scheduled__2025-10-15T00:00:00+00:00'
[2025-11-02T11:32:43.360+0000] {python.py:201} INFO - Done. Returned value was: None
[2025-11-02T11:32:43.384+0000] {taskinstance.py:1138} INFO - Marking task as SUCCESS. dag_id=silver_transformation_pipeline, task_id=dbt_run_linktx, execution_date=20251015T000000, start_date=20251102T113234, end_date=20251102T113243
[2025-11-02T11:32:43.440+0000] {local_task_job_runner.py:234} INFO - Task exited with return code 0
[2025-11-02T11:32:43.465+0000] {taskinstance.py:3280} INFO - 0 downstream tasks scheduled from follow-on schedule check
