[2025-11-02T00:28:07.158+0000] {taskinstance.py:1956} INFO - Dependencies all met for dep_context=non-requeueable deps ti=<TaskInstance: gold_dimensions_pipeline.dbt_dim_payment_method scheduled__2025-10-16T00:00:00+00:00 [queued]>
[2025-11-02T00:28:07.173+0000] {taskinstance.py:1956} INFO - Dependencies all met for dep_context=requeueable deps ti=<TaskInstance: gold_dimensions_pipeline.dbt_dim_payment_method scheduled__2025-10-16T00:00:00+00:00 [queued]>
[2025-11-02T00:28:07.175+0000] {taskinstance.py:2170} INFO - Starting attempt 1 of 2
[2025-11-02T00:28:07.192+0000] {taskinstance.py:2191} INFO - Executing <Task(PythonOperator): dbt_dim_payment_method> on 2025-10-16 00:00:00+00:00
[2025-11-02T00:28:07.203+0000] {standard_task_runner.py:60} INFO - Started process 15638 to run task
[2025-11-02T00:28:07.213+0000] {standard_task_runner.py:87} INFO - Running: ['***', 'tasks', 'run', 'gold_dimensions_pipeline', 'dbt_dim_payment_method', 'scheduled__2025-10-16T00:00:00+00:00', '--job-id', '362', '--raw', '--subdir', 'DAGS_FOLDER/gold_dag.py', '--cfg-path', '/tmp/tmpyja7zgp_']
[2025-11-02T00:28:07.217+0000] {standard_task_runner.py:88} INFO - Job 362: Subtask dbt_dim_payment_method
[2025-11-02T00:28:07.337+0000] {task_command.py:423} INFO - Running <TaskInstance: gold_dimensions_pipeline.dbt_dim_payment_method scheduled__2025-10-16T00:00:00+00:00 [running]> on host 6335aa85b335
[2025-11-02T00:28:07.509+0000] {taskinstance.py:2480} INFO - Exporting env vars: AIRFLOW_CTX_DAG_OWNER='***' AIRFLOW_CTX_DAG_ID='gold_dimensions_pipeline' AIRFLOW_CTX_TASK_ID='dbt_dim_payment_method' AIRFLOW_CTX_EXECUTION_DATE='2025-10-16T00:00:00+00:00' AIRFLOW_CTX_TRY_NUMBER='1' AIRFLOW_CTX_DAG_RUN_ID='scheduled__2025-10-16T00:00:00+00:00'
[2025-11-02T00:28:17.716+0000] {python.py:201} INFO - Done. Returned value was: None
[2025-11-02T00:28:17.737+0000] {taskinstance.py:1138} INFO - Marking task as SUCCESS. dag_id=gold_dimensions_pipeline, task_id=dbt_dim_payment_method, execution_date=20251016T000000, start_date=20251102T002807, end_date=20251102T002817
[2025-11-02T00:28:17.805+0000] {local_task_job_runner.py:234} INFO - Task exited with return code 0
[2025-11-02T00:28:17.832+0000] {taskinstance.py:3280} INFO - 0 downstream tasks scheduled from follow-on schedule check
[2025-11-02T11:44:20.434+0000] {taskinstance.py:1956} INFO - Dependencies all met for dep_context=non-requeueable deps ti=<TaskInstance: gold_dimensions_pipeline.dbt_dim_payment_method scheduled__2025-10-16T00:00:00+00:00 [queued]>
[2025-11-02T11:44:20.445+0000] {taskinstance.py:1956} INFO - Dependencies all met for dep_context=requeueable deps ti=<TaskInstance: gold_dimensions_pipeline.dbt_dim_payment_method scheduled__2025-10-16T00:00:00+00:00 [queued]>
[2025-11-02T11:44:20.446+0000] {taskinstance.py:2170} INFO - Starting attempt 1 of 3
[2025-11-02T11:44:20.465+0000] {taskinstance.py:2191} INFO - Executing <Task(PythonOperator): dbt_dim_payment_method> on 2025-10-16 00:00:00+00:00
[2025-11-02T11:44:20.471+0000] {standard_task_runner.py:60} INFO - Started process 5504 to run task
[2025-11-02T11:44:20.475+0000] {standard_task_runner.py:87} INFO - Running: ['***', 'tasks', 'run', 'gold_dimensions_pipeline', 'dbt_dim_payment_method', 'scheduled__2025-10-16T00:00:00+00:00', '--job-id', '335', '--raw', '--subdir', 'DAGS_FOLDER/gold_dag.py', '--cfg-path', '/tmp/tmpsrmmjhh9']
[2025-11-02T11:44:20.479+0000] {standard_task_runner.py:88} INFO - Job 335: Subtask dbt_dim_payment_method
[2025-11-02T11:44:20.570+0000] {task_command.py:423} INFO - Running <TaskInstance: gold_dimensions_pipeline.dbt_dim_payment_method scheduled__2025-10-16T00:00:00+00:00 [running]> on host 0d39d4365eb9
[2025-11-02T11:44:20.680+0000] {taskinstance.py:2480} INFO - Exporting env vars: AIRFLOW_CTX_DAG_OWNER='***' AIRFLOW_CTX_DAG_ID='gold_dimensions_pipeline' AIRFLOW_CTX_TASK_ID='dbt_dim_payment_method' AIRFLOW_CTX_EXECUTION_DATE='2025-10-16T00:00:00+00:00' AIRFLOW_CTX_TRY_NUMBER='1' AIRFLOW_CTX_DAG_RUN_ID='scheduled__2025-10-16T00:00:00+00:00'
[2025-11-02T11:44:26.869+0000] {logging_mixin.py:188} INFO - ==== DBT STDOUT ====
[2025-11-02T11:44:26.875+0000] {logging_mixin.py:188} INFO - 11:44:24  Running with dbt=1.5.9
11:44:24  Registered adapter: clickhouse=1.5.2
11:44:25  [WARNING]: Configuration paths exist in your dbt_project.yml file which do not apply to any resources.
There are 2 unused configuration paths:
- models.ck_project.bronze
- models.ck_project.gold.fact
11:44:25  Found 7 models, 17 tests, 0 snapshots, 0 analyses, 349 macros, 0 operations, 0 seed files, 6 sources, 0 exposures, 0 metrics, 0 groups
11:44:25  
11:44:25  Concurrency: 4 threads (target='dev')
11:44:25  
11:44:25  1 of 1 START sql table model gold.dim_payment_method ........................... [RUN]
11:44:25  1 of 1 OK created sql table model gold.dim_payment_method ...................... [OK in 0.32s]
11:44:25  
11:44:25  Finished running 1 table model in 0 hours 0 minutes and 0.83 seconds (0.83s).
11:44:26  
11:44:26  Completed successfully
11:44:26  
11:44:26  Done. PASS=1 WARN=0 ERROR=0 SKIP=0 TOTAL=1
[2025-11-02T11:44:26.877+0000] {logging_mixin.py:188} INFO - ==== DBT STDERR ====
[2025-11-02T11:44:26.879+0000] {python.py:201} INFO - Done. Returned value was: None
[2025-11-02T11:44:26.916+0000] {taskinstance.py:1138} INFO - Marking task as SUCCESS. dag_id=gold_dimensions_pipeline, task_id=dbt_dim_payment_method, execution_date=20251016T000000, start_date=20251102T114420, end_date=20251102T114426
[2025-11-02T11:44:26.944+0000] {local_task_job_runner.py:234} INFO - Task exited with return code 0
[2025-11-02T11:44:26.966+0000] {taskinstance.py:3280} INFO - 0 downstream tasks scheduled from follow-on schedule check
