[2025-11-01T14:11:23.509+0000] {taskinstance.py:1956} INFO - Dependencies all met for dep_context=non-requeueable deps ti=<TaskInstance: silver_transformation_pipeline.dbt_run_payments scheduled__2025-10-30T00:00:00+00:00 [queued]>
[2025-11-01T14:11:23.521+0000] {taskinstance.py:1956} INFO - Dependencies all met for dep_context=requeueable deps ti=<TaskInstance: silver_transformation_pipeline.dbt_run_payments scheduled__2025-10-30T00:00:00+00:00 [queued]>
[2025-11-01T14:11:23.521+0000] {taskinstance.py:2170} INFO - Starting attempt 1 of 2
[2025-11-01T14:11:23.539+0000] {taskinstance.py:2191} INFO - Executing <Task(BashOperator): dbt_run_payments> on 2025-10-30 00:00:00+00:00
[2025-11-01T14:11:23.545+0000] {standard_task_runner.py:60} INFO - Started process 365 to run task
[2025-11-01T14:11:23.550+0000] {standard_task_runner.py:87} INFO - Running: ['***', 'tasks', 'run', 'silver_transformation_pipeline', 'dbt_run_payments', 'scheduled__2025-10-30T00:00:00+00:00', '--job-id', '16', '--raw', '--subdir', 'DAGS_FOLDER/silver_dag.py', '--cfg-path', '/tmp/tmps0x5fgoa']
[2025-11-01T14:11:23.553+0000] {standard_task_runner.py:88} INFO - Job 16: Subtask dbt_run_payments
[2025-11-01T14:11:23.640+0000] {task_command.py:423} INFO - Running <TaskInstance: silver_transformation_pipeline.dbt_run_payments scheduled__2025-10-30T00:00:00+00:00 [running]> on host b977057f5fed
[2025-11-01T14:11:23.746+0000] {taskinstance.py:2480} INFO - Exporting env vars: AIRFLOW_CTX_DAG_OWNER='***' AIRFLOW_CTX_DAG_ID='silver_transformation_pipeline' AIRFLOW_CTX_TASK_ID='dbt_run_payments' AIRFLOW_CTX_EXECUTION_DATE='2025-10-30T00:00:00+00:00' AIRFLOW_CTX_TRY_NUMBER='1' AIRFLOW_CTX_DAG_RUN_ID='scheduled__2025-10-30T00:00:00+00:00'
[2025-11-01T14:11:23.749+0000] {subprocess.py:63} INFO - Tmp dir root location: /tmp
[2025-11-01T14:11:23.750+0000] {subprocess.py:75} INFO - Running command: ['/usr/bin/bash', '-c', 'dbt --no-use-colors run --project-dir /opt/***/dbt_project --profiles-dir /opt/***/dbt_project --select silver_payments --vars \'{"ds_lagged":"$DS_LAGGED"}\'']
[2025-11-01T14:11:23.761+0000] {subprocess.py:86} INFO - Output:
[2025-11-01T14:11:23.762+0000] {subprocess.py:93} INFO - /usr/bin/bash: line 1: dbt: command not found
[2025-11-01T14:11:23.763+0000] {subprocess.py:97} INFO - Command exited with return code 127
[2025-11-01T14:11:23.779+0000] {taskinstance.py:2698} ERROR - Task failed with exception
Traceback (most recent call last):
  File "/home/airflow/.local/lib/python3.8/site-packages/airflow/models/taskinstance.py", line 433, in _execute_task
    result = execute_callable(context=context, **execute_callable_kwargs)
  File "/home/airflow/.local/lib/python3.8/site-packages/airflow/operators/bash.py", line 212, in execute
    raise AirflowException(
airflow.exceptions.AirflowException: Bash command failed. The command returned a non-zero exit code 127.
[2025-11-01T14:11:23.783+0000] {taskinstance.py:1138} INFO - Marking task as UP_FOR_RETRY. dag_id=silver_transformation_pipeline, task_id=dbt_run_payments, execution_date=20251030T000000, start_date=20251101T141123, end_date=20251101T141123
[2025-11-01T14:11:23.798+0000] {standard_task_runner.py:107} ERROR - Failed to execute job 16 for task dbt_run_payments (Bash command failed. The command returned a non-zero exit code 127.; 365)
[2025-11-01T14:11:23.845+0000] {local_task_job_runner.py:234} INFO - Task exited with return code 1
[2025-11-01T14:11:23.880+0000] {taskinstance.py:3280} INFO - 0 downstream tasks scheduled from follow-on schedule check
[2025-11-01T14:21:30.212+0000] {taskinstance.py:1956} INFO - Dependencies all met for dep_context=non-requeueable deps ti=<TaskInstance: silver_transformation_pipeline.dbt_run_payments scheduled__2025-10-30T00:00:00+00:00 [queued]>
[2025-11-01T14:21:30.222+0000] {taskinstance.py:1956} INFO - Dependencies all met for dep_context=requeueable deps ti=<TaskInstance: silver_transformation_pipeline.dbt_run_payments scheduled__2025-10-30T00:00:00+00:00 [queued]>
[2025-11-01T14:21:30.222+0000] {taskinstance.py:2170} INFO - Starting attempt 1 of 2
[2025-11-01T14:21:30.238+0000] {taskinstance.py:2191} INFO - Executing <Task(BashOperator): dbt_run_payments> on 2025-10-30 00:00:00+00:00
[2025-11-01T14:21:30.243+0000] {standard_task_runner.py:60} INFO - Started process 335 to run task
[2025-11-01T14:21:30.248+0000] {standard_task_runner.py:87} INFO - Running: ['***', 'tasks', 'run', 'silver_transformation_pipeline', 'dbt_run_payments', 'scheduled__2025-10-30T00:00:00+00:00', '--job-id', '15', '--raw', '--subdir', 'DAGS_FOLDER/silver_dag.py', '--cfg-path', '/tmp/tmpvb2ggxcg']
[2025-11-01T14:21:30.251+0000] {standard_task_runner.py:88} INFO - Job 15: Subtask dbt_run_payments
[2025-11-01T14:21:30.329+0000] {task_command.py:423} INFO - Running <TaskInstance: silver_transformation_pipeline.dbt_run_payments scheduled__2025-10-30T00:00:00+00:00 [running]> on host 8c60c1c29b68
[2025-11-01T14:21:30.430+0000] {taskinstance.py:2480} INFO - Exporting env vars: AIRFLOW_CTX_DAG_OWNER='***' AIRFLOW_CTX_DAG_ID='silver_transformation_pipeline' AIRFLOW_CTX_TASK_ID='dbt_run_payments' AIRFLOW_CTX_EXECUTION_DATE='2025-10-30T00:00:00+00:00' AIRFLOW_CTX_TRY_NUMBER='1' AIRFLOW_CTX_DAG_RUN_ID='scheduled__2025-10-30T00:00:00+00:00'
[2025-11-01T14:21:30.432+0000] {subprocess.py:63} INFO - Tmp dir root location: /tmp
[2025-11-01T14:21:30.434+0000] {subprocess.py:75} INFO - Running command: ['/usr/bin/bash', '-c', 'dbt --no-use-colors run --project-dir /opt/***/dbt_project --profiles-dir /opt/***/dbt_project --select silver_payments --vars \'{"ds_lagged":"$DS_LAGGED"}\'']
[2025-11-01T14:21:30.444+0000] {subprocess.py:86} INFO - Output:
[2025-11-01T14:21:30.445+0000] {subprocess.py:93} INFO - /usr/bin/bash: line 1: dbt: command not found
[2025-11-01T14:21:30.446+0000] {subprocess.py:97} INFO - Command exited with return code 127
[2025-11-01T14:21:30.460+0000] {taskinstance.py:2698} ERROR - Task failed with exception
Traceback (most recent call last):
  File "/home/airflow/.local/lib/python3.8/site-packages/airflow/models/taskinstance.py", line 433, in _execute_task
    result = execute_callable(context=context, **execute_callable_kwargs)
  File "/home/airflow/.local/lib/python3.8/site-packages/airflow/operators/bash.py", line 212, in execute
    raise AirflowException(
airflow.exceptions.AirflowException: Bash command failed. The command returned a non-zero exit code 127.
[2025-11-01T14:21:30.464+0000] {taskinstance.py:1138} INFO - Marking task as UP_FOR_RETRY. dag_id=silver_transformation_pipeline, task_id=dbt_run_payments, execution_date=20251030T000000, start_date=20251101T142130, end_date=20251101T142130
[2025-11-01T14:21:30.476+0000] {standard_task_runner.py:107} ERROR - Failed to execute job 15 for task dbt_run_payments (Bash command failed. The command returned a non-zero exit code 127.; 335)
[2025-11-01T14:21:30.501+0000] {local_task_job_runner.py:234} INFO - Task exited with return code 1
[2025-11-01T14:21:30.543+0000] {taskinstance.py:3280} INFO - 0 downstream tasks scheduled from follow-on schedule check
[2025-11-01T15:01:49.615+0000] {taskinstance.py:1956} INFO - Dependencies all met for dep_context=non-requeueable deps ti=<TaskInstance: silver_transformation_pipeline.dbt_run_payments scheduled__2025-10-30T00:00:00+00:00 [queued]>
[2025-11-01T15:01:49.627+0000] {taskinstance.py:1956} INFO - Dependencies all met for dep_context=requeueable deps ti=<TaskInstance: silver_transformation_pipeline.dbt_run_payments scheduled__2025-10-30T00:00:00+00:00 [queued]>
[2025-11-01T15:01:49.628+0000] {taskinstance.py:2170} INFO - Starting attempt 1 of 2
[2025-11-01T15:01:49.645+0000] {taskinstance.py:2191} INFO - Executing <Task(BashOperator): dbt_run_payments> on 2025-10-30 00:00:00+00:00
[2025-11-01T15:01:49.651+0000] {standard_task_runner.py:60} INFO - Started process 365 to run task
[2025-11-01T15:01:49.658+0000] {standard_task_runner.py:87} INFO - Running: ['***', 'tasks', 'run', 'silver_transformation_pipeline', 'dbt_run_payments', 'scheduled__2025-10-30T00:00:00+00:00', '--job-id', '15', '--raw', '--subdir', 'DAGS_FOLDER/silver_dag.py', '--cfg-path', '/tmp/tmp_4jsdqny']
[2025-11-01T15:01:49.662+0000] {standard_task_runner.py:88} INFO - Job 15: Subtask dbt_run_payments
[2025-11-01T15:01:49.761+0000] {task_command.py:423} INFO - Running <TaskInstance: silver_transformation_pipeline.dbt_run_payments scheduled__2025-10-30T00:00:00+00:00 [running]> on host 7f2b5a16b237
[2025-11-01T15:01:49.878+0000] {taskinstance.py:2480} INFO - Exporting env vars: AIRFLOW_CTX_DAG_OWNER='***' AIRFLOW_CTX_DAG_ID='silver_transformation_pipeline' AIRFLOW_CTX_TASK_ID='dbt_run_payments' AIRFLOW_CTX_EXECUTION_DATE='2025-10-30T00:00:00+00:00' AIRFLOW_CTX_TRY_NUMBER='1' AIRFLOW_CTX_DAG_RUN_ID='scheduled__2025-10-30T00:00:00+00:00'
[2025-11-01T15:01:49.880+0000] {subprocess.py:63} INFO - Tmp dir root location: /tmp
[2025-11-01T15:01:49.883+0000] {subprocess.py:75} INFO - Running command: ['/usr/bin/bash', '-c', 'set -euo pipefail; DBT_BIN=/home/***/.local/bin/dbt; if [ -x "$DBT_BIN" ]; then   EXEC="$DBT_BIN"; elif command -v dbt >/dev/null 2>&1; then   EXEC="$(command -v dbt)"; else   # Try dbt 1.5 style first, then 1.8 style module path  if python -c \'import runpy; runpy.run_module("dbt", run_name="__main__")\' -- --version >/dev/null 2>&1; then     EXEC="python -m dbt";   else     EXEC="python -m dbt.cli.main";   fi; fi; $EXEC --no-use-colors run --project-dir /opt/***/dbt_project --profiles-dir /opt/***/dbt_project --select silver_payments --vars \'{"ds_lagged":"$DS_LAGGED"}\'']
[2025-11-01T15:01:49.896+0000] {subprocess.py:86} INFO - Output:
[2025-11-01T15:01:49.900+0000] {subprocess.py:93} INFO - /usr/bin/bash: -c: line 2: syntax error: unexpected end of file
[2025-11-01T15:01:49.901+0000] {subprocess.py:97} INFO - Command exited with return code 2
[2025-11-01T15:01:49.917+0000] {taskinstance.py:2698} ERROR - Task failed with exception
Traceback (most recent call last):
  File "/home/airflow/.local/lib/python3.8/site-packages/airflow/models/taskinstance.py", line 433, in _execute_task
    result = execute_callable(context=context, **execute_callable_kwargs)
  File "/home/airflow/.local/lib/python3.8/site-packages/airflow/operators/bash.py", line 212, in execute
    raise AirflowException(
airflow.exceptions.AirflowException: Bash command failed. The command returned a non-zero exit code 2.
[2025-11-01T15:01:49.921+0000] {taskinstance.py:1138} INFO - Marking task as UP_FOR_RETRY. dag_id=silver_transformation_pipeline, task_id=dbt_run_payments, execution_date=20251030T000000, start_date=20251101T150149, end_date=20251101T150149
[2025-11-01T15:01:49.936+0000] {standard_task_runner.py:107} ERROR - Failed to execute job 15 for task dbt_run_payments (Bash command failed. The command returned a non-zero exit code 2.; 365)
[2025-11-01T15:01:49.950+0000] {local_task_job_runner.py:234} INFO - Task exited with return code 1
[2025-11-01T15:01:49.982+0000] {taskinstance.py:3280} INFO - 0 downstream tasks scheduled from follow-on schedule check
[2025-11-01T16:53:27.190+0000] {taskinstance.py:1956} INFO - Dependencies all met for dep_context=non-requeueable deps ti=<TaskInstance: silver_transformation_pipeline.dbt_run_payments scheduled__2025-10-30T00:00:00+00:00 [queued]>
[2025-11-01T16:53:27.201+0000] {taskinstance.py:1956} INFO - Dependencies all met for dep_context=requeueable deps ti=<TaskInstance: silver_transformation_pipeline.dbt_run_payments scheduled__2025-10-30T00:00:00+00:00 [queued]>
[2025-11-01T16:53:27.201+0000] {taskinstance.py:2170} INFO - Starting attempt 1 of 2
[2025-11-01T16:53:27.217+0000] {taskinstance.py:2191} INFO - Executing <Task(PythonOperator): dbt_run_payments> on 2025-10-30 00:00:00+00:00
[2025-11-01T16:53:27.222+0000] {standard_task_runner.py:60} INFO - Started process 364 to run task
[2025-11-01T16:53:27.229+0000] {standard_task_runner.py:87} INFO - Running: ['***', 'tasks', 'run', 'silver_transformation_pipeline', 'dbt_run_payments', 'scheduled__2025-10-30T00:00:00+00:00', '--job-id', '16', '--raw', '--subdir', 'DAGS_FOLDER/silver_dag.py', '--cfg-path', '/tmp/tmpj3ip9nd_']
[2025-11-01T16:53:27.233+0000] {standard_task_runner.py:88} INFO - Job 16: Subtask dbt_run_payments
[2025-11-01T16:53:27.329+0000] {task_command.py:423} INFO - Running <TaskInstance: silver_transformation_pipeline.dbt_run_payments scheduled__2025-10-30T00:00:00+00:00 [running]> on host 69cecc54c654
[2025-11-01T16:53:27.433+0000] {taskinstance.py:2480} INFO - Exporting env vars: AIRFLOW_CTX_DAG_OWNER='***' AIRFLOW_CTX_DAG_ID='silver_transformation_pipeline' AIRFLOW_CTX_TASK_ID='dbt_run_payments' AIRFLOW_CTX_EXECUTION_DATE='2025-10-30T00:00:00+00:00' AIRFLOW_CTX_TRY_NUMBER='1' AIRFLOW_CTX_DAG_RUN_ID='scheduled__2025-10-30T00:00:00+00:00'
[2025-11-01T16:53:32.641+0000] {taskinstance.py:2698} ERROR - Task failed with exception
Traceback (most recent call last):
  File "/home/airflow/.local/lib/python3.8/site-packages/airflow/models/taskinstance.py", line 433, in _execute_task
    result = execute_callable(context=context, **execute_callable_kwargs)
  File "/home/airflow/.local/lib/python3.8/site-packages/airflow/operators/python.py", line 199, in execute
    return_value = self.execute_callable()
  File "/home/airflow/.local/lib/python3.8/site-packages/airflow/operators/python.py", line 216, in execute_callable
    return self.python_callable(*self.op_args, **self.op_kwargs)
  File "/opt/airflow/dags/silver_dag.py", line 180, in <lambda>
    python_callable=lambda ds, **_: _run_dbt("silver_payments", ds=ds, full_refresh=False, pass_ds_lagged=True),
  File "/opt/airflow/dags/silver_dag.py", line 149, in _run_dbt
    raise RuntimeError(f"dbt failed ({proc.returncode}).\nSTDOUT:\n{proc.stdout}\n\nSTDERR:\n{proc.stderr}")
RuntimeError: dbt failed (2).
STDOUT:
16:53:30  Running with dbt=1.5.9
16:53:30  Registered adapter: clickhouse=1.5.2
16:53:30  Unable to do partial parsing because config vars, config profile, or config target have changed
16:53:31  Encountered an error:
Compilation Error in model silver_link_transactions (models/silver/silver_link_transactions.sql)
  invalid syntax for function call expression
    line 1
      {{ config(


STDERR:

[2025-11-01T16:53:32.661+0000] {taskinstance.py:1138} INFO - Marking task as UP_FOR_RETRY. dag_id=silver_transformation_pipeline, task_id=dbt_run_payments, execution_date=20251030T000000, start_date=20251101T165327, end_date=20251101T165332
[2025-11-01T16:53:32.681+0000] {standard_task_runner.py:107} ERROR - Failed to execute job 16 for task dbt_run_payments (dbt failed (2).
STDOUT:
16:53:30  Running with dbt=1.5.9
16:53:30  Registered adapter: clickhouse=1.5.2
16:53:30  Unable to do partial parsing because config vars, config profile, or config target have changed
16:53:31  Encountered an error:
Compilation Error in model silver_link_transactions (models/silver/silver_link_transactions.sql)
  invalid syntax for function call expression
    line 1
      {{ config(


STDERR:
; 364)
[2025-11-01T16:53:32.720+0000] {local_task_job_runner.py:234} INFO - Task exited with return code 1
[2025-11-01T16:53:32.740+0000] {taskinstance.py:3280} INFO - 0 downstream tasks scheduled from follow-on schedule check
[2025-11-01T20:24:24.814+0000] {taskinstance.py:1956} INFO - Dependencies all met for dep_context=non-requeueable deps ti=<TaskInstance: silver_transformation_pipeline.dbt_run_payments scheduled__2025-10-30T00:00:00+00:00 [queued]>
[2025-11-01T20:24:24.827+0000] {taskinstance.py:1956} INFO - Dependencies all met for dep_context=requeueable deps ti=<TaskInstance: silver_transformation_pipeline.dbt_run_payments scheduled__2025-10-30T00:00:00+00:00 [queued]>
[2025-11-01T20:24:24.828+0000] {taskinstance.py:2170} INFO - Starting attempt 1 of 2
[2025-11-01T20:24:24.846+0000] {taskinstance.py:2191} INFO - Executing <Task(PythonOperator): dbt_run_payments> on 2025-10-30 00:00:00+00:00
[2025-11-01T20:24:24.855+0000] {standard_task_runner.py:60} INFO - Started process 2422 to run task
[2025-11-01T20:24:24.860+0000] {standard_task_runner.py:87} INFO - Running: ['***', 'tasks', 'run', 'silver_transformation_pipeline', 'dbt_run_payments', 'scheduled__2025-10-30T00:00:00+00:00', '--job-id', '245', '--raw', '--subdir', 'DAGS_FOLDER/silver_dag.py', '--cfg-path', '/tmp/tmpbpdq13rs']
[2025-11-01T20:24:24.867+0000] {standard_task_runner.py:88} INFO - Job 245: Subtask dbt_run_payments
[2025-11-01T20:24:24.975+0000] {task_command.py:423} INFO - Running <TaskInstance: silver_transformation_pipeline.dbt_run_payments scheduled__2025-10-30T00:00:00+00:00 [running]> on host 6335aa85b335
[2025-11-01T20:24:25.109+0000] {taskinstance.py:2480} INFO - Exporting env vars: AIRFLOW_CTX_DAG_OWNER='***' AIRFLOW_CTX_DAG_ID='silver_transformation_pipeline' AIRFLOW_CTX_TASK_ID='dbt_run_payments' AIRFLOW_CTX_EXECUTION_DATE='2025-10-30T00:00:00+00:00' AIRFLOW_CTX_TRY_NUMBER='1' AIRFLOW_CTX_DAG_RUN_ID='scheduled__2025-10-30T00:00:00+00:00'
[2025-11-01T20:24:31.764+0000] {python.py:201} INFO - Done. Returned value was: None
[2025-11-01T20:24:31.782+0000] {taskinstance.py:1138} INFO - Marking task as SUCCESS. dag_id=silver_transformation_pipeline, task_id=dbt_run_payments, execution_date=20251030T000000, start_date=20251101T202424, end_date=20251101T202431
[2025-11-01T20:24:31.846+0000] {local_task_job_runner.py:234} INFO - Task exited with return code 0
[2025-11-01T20:24:31.867+0000] {taskinstance.py:3280} INFO - 0 downstream tasks scheduled from follow-on schedule check
