[2025-10-31T20:15:33.423+0000] {taskinstance.py:1956} INFO - Dependencies all met for dep_context=non-requeueable deps ti=<TaskInstance: ingestion_pipeline.silver_dbt.dbt_run_incrementals manual__2025-10-31T20:15:25.195181+00:00 [queued]>
[2025-10-31T20:15:33.435+0000] {taskinstance.py:1956} INFO - Dependencies all met for dep_context=requeueable deps ti=<TaskInstance: ingestion_pipeline.silver_dbt.dbt_run_incrementals manual__2025-10-31T20:15:25.195181+00:00 [queued]>
[2025-10-31T20:15:33.436+0000] {taskinstance.py:2170} INFO - Starting attempt 1 of 2
[2025-10-31T20:15:33.450+0000] {taskinstance.py:2191} INFO - Executing <Task(BashOperator): silver_dbt.dbt_run_incrementals> on 2025-10-31 20:15:25.195181+00:00
[2025-10-31T20:15:33.455+0000] {standard_task_runner.py:60} INFO - Started process 573 to run task
[2025-10-31T20:15:33.460+0000] {standard_task_runner.py:87} INFO - Running: ['***', 'tasks', 'run', 'ingestion_pipeline', 'silver_dbt.dbt_run_incrementals', 'manual__2025-10-31T20:15:25.195181+00:00', '--job-id', '26', '--raw', '--subdir', 'DAGS_FOLDER/ingestion_dag.py', '--cfg-path', '/tmp/tmpavb83dsy']
[2025-10-31T20:15:33.463+0000] {standard_task_runner.py:88} INFO - Job 26: Subtask silver_dbt.dbt_run_incrementals
[2025-10-31T20:15:33.534+0000] {task_command.py:423} INFO - Running <TaskInstance: ingestion_pipeline.silver_dbt.dbt_run_incrementals manual__2025-10-31T20:15:25.195181+00:00 [running]> on host ee75c7088485
[2025-10-31T20:15:33.625+0000] {taskinstance.py:2480} INFO - Exporting env vars: AIRFLOW_CTX_DAG_OWNER='***' AIRFLOW_CTX_DAG_ID='ingestion_pipeline' AIRFLOW_CTX_TASK_ID='silver_dbt.dbt_run_incrementals' AIRFLOW_CTX_EXECUTION_DATE='2025-10-31T20:15:25.195181+00:00' AIRFLOW_CTX_TRY_NUMBER='1' AIRFLOW_CTX_DAG_RUN_ID='manual__2025-10-31T20:15:25.195181+00:00'
[2025-10-31T20:15:33.627+0000] {subprocess.py:63} INFO - Tmp dir root location: /tmp
[2025-10-31T20:15:33.629+0000] {subprocess.py:75} INFO - Running command: ['/usr/bin/bash', '-c', 'docker exec -i dbt bash -lc \'\nset -e\ncd /dbt\nDBT_VARS=$(python - <<"PY"\nfrom datetime import datetime, timedelta\nimport json\nds = "2025-10-31"\nlag_days = 29\nlagged = (datetime.strptime(ds, "%Y-%m-%d") - timedelta(days=lag_days)).strftime("%Y-%m-%d")\nprint(json.dumps({"ds_lagged": lagged}))\nPY\n)\necho "dbt vars => ${DBT_VARS}"\ndbt --no-use-colors run --profiles-dir /dbt --select silver_payments silver_link_transactions --vars "${DBT_VARS}"\n\'']
[2025-10-31T20:15:33.640+0000] {subprocess.py:86} INFO - Output:
[2025-10-31T20:15:33.780+0000] {subprocess.py:93} INFO - dbt vars => {"ds_lagged": "2025-10-02"}
[2025-10-31T20:15:35.259+0000] {subprocess.py:93} INFO - 20:15:35  Running with dbt=1.10.13
[2025-10-31T20:15:35.500+0000] {subprocess.py:93} INFO - 20:15:35  Registered adapter: clickhouse=1.9.5
[2025-10-31T20:15:35.664+0000] {subprocess.py:93} INFO - 20:15:35  Unable to do partial parsing because config vars, config profile, or config target have changed
[2025-10-31T20:15:37.125+0000] {subprocess.py:93} INFO - 20:15:37  Found 3 models, 3 sources, 488 macros
[2025-10-31T20:15:37.133+0000] {subprocess.py:93} INFO - 20:15:37
[2025-10-31T20:15:37.136+0000] {subprocess.py:93} INFO - 20:15:37  Concurrency: 4 threads (target='dev')
[2025-10-31T20:15:37.137+0000] {subprocess.py:93} INFO - 20:15:37
[2025-10-31T20:15:37.400+0000] {subprocess.py:93} INFO - 20:15:37  1 of 2 START sql incremental model `silver`.`silver_link_transactions` ......... [RUN]
[2025-10-31T20:15:37.401+0000] {subprocess.py:93} INFO - 20:15:37  2 of 2 START sql incremental model `silver`.`silver_payments` .................. [RUN]
[2025-10-31T20:15:37.813+0000] {subprocess.py:93} INFO - 20:15:37  1 of 2 OK created sql incremental model `silver`.`silver_link_transactions` .... [OK in 0.41s]
[2025-10-31T20:15:37.864+0000] {subprocess.py:93} INFO - 20:15:37  2 of 2 OK created sql incremental model `silver`.`silver_payments` ............. [OK in 0.46s]
[2025-10-31T20:15:37.873+0000] {subprocess.py:93} INFO - 20:15:37
[2025-10-31T20:15:37.875+0000] {subprocess.py:93} INFO - 20:15:37  Finished running 2 incremental models in 0 hours 0 minutes and 0.73 seconds (0.73s).
[2025-10-31T20:15:37.928+0000] {subprocess.py:93} INFO - 20:15:37
[2025-10-31T20:15:37.929+0000] {subprocess.py:93} INFO - 20:15:37  Completed successfully
[2025-10-31T20:15:37.930+0000] {subprocess.py:93} INFO - 20:15:37
[2025-10-31T20:15:37.931+0000] {subprocess.py:93} INFO - 20:15:37  Done. PASS=2 WARN=0 ERROR=0 SKIP=0 NO-OP=0 TOTAL=2
[2025-10-31T20:15:38.775+0000] {subprocess.py:97} INFO - Command exited with return code 0
[2025-10-31T20:15:38.803+0000] {taskinstance.py:1138} INFO - Marking task as SUCCESS. dag_id=ingestion_pipeline, task_id=silver_dbt.dbt_run_incrementals, execution_date=20251031T201525, start_date=20251031T201533, end_date=20251031T201538
[2025-10-31T20:15:38.826+0000] {local_task_job_runner.py:234} INFO - Task exited with return code 0
[2025-10-31T20:15:38.845+0000] {taskinstance.py:3280} INFO - 0 downstream tasks scheduled from follow-on schedule check
