[2025-11-01T20:14:20.160+0000] {taskinstance.py:1956} INFO - Dependencies all met for dep_context=non-requeueable deps ti=<TaskInstance: silver_transformation_pipeline.dbt_run_payments scheduled__2025-10-10T00:00:00+00:00 [queued]>
[2025-11-01T20:14:20.170+0000] {taskinstance.py:1956} INFO - Dependencies all met for dep_context=requeueable deps ti=<TaskInstance: silver_transformation_pipeline.dbt_run_payments scheduled__2025-10-10T00:00:00+00:00 [queued]>
[2025-11-01T20:14:20.171+0000] {taskinstance.py:2170} INFO - Starting attempt 1 of 2
[2025-11-01T20:14:20.187+0000] {taskinstance.py:2191} INFO - Executing <Task(PythonOperator): dbt_run_payments> on 2025-10-10 00:00:00+00:00
[2025-11-01T20:14:20.193+0000] {standard_task_runner.py:60} INFO - Started process 1730 to run task
[2025-11-01T20:14:20.197+0000] {standard_task_runner.py:87} INFO - Running: ['***', 'tasks', 'run', 'silver_transformation_pipeline', 'dbt_run_payments', 'scheduled__2025-10-10T00:00:00+00:00', '--job-id', '170', '--raw', '--subdir', 'DAGS_FOLDER/silver_dag.py', '--cfg-path', '/tmp/tmp6eu1eudf']
[2025-11-01T20:14:20.200+0000] {standard_task_runner.py:88} INFO - Job 170: Subtask dbt_run_payments
[2025-11-01T20:14:20.279+0000] {task_command.py:423} INFO - Running <TaskInstance: silver_transformation_pipeline.dbt_run_payments scheduled__2025-10-10T00:00:00+00:00 [running]> on host 1a955fda0cfd
[2025-11-01T20:14:20.382+0000] {taskinstance.py:2480} INFO - Exporting env vars: AIRFLOW_CTX_DAG_OWNER='***' AIRFLOW_CTX_DAG_ID='silver_transformation_pipeline' AIRFLOW_CTX_TASK_ID='dbt_run_payments' AIRFLOW_CTX_EXECUTION_DATE='2025-10-10T00:00:00+00:00' AIRFLOW_CTX_TRY_NUMBER='1' AIRFLOW_CTX_DAG_RUN_ID='scheduled__2025-10-10T00:00:00+00:00'
[2025-11-01T20:14:22.547+0000] {local_task_job_runner.py:121} ERROR - Received SIGTERM. Terminating subprocesses
[2025-11-01T20:14:22.586+0000] {process_utils.py:131} INFO - Sending 15 to group 1730. PIDs of all processes in the group: [1734, 1730]
[2025-11-01T20:14:22.602+0000] {process_utils.py:86} INFO - Sending the signal 15 to group 1730
[2025-11-01T20:14:22.618+0000] {taskinstance.py:2450} ERROR - Received SIGTERM. Terminating subprocesses.
[2025-11-01T20:14:22.682+0000] {process_utils.py:79} INFO - Process psutil.Process(pid=1734, status='terminated', started='20:14:20') (1734) terminated with exit code None
[2025-11-01T20:14:22.761+0000] {taskinstance.py:2698} ERROR - Task failed with exception
Traceback (most recent call last):
  File "/home/airflow/.local/lib/python3.8/site-packages/airflow/models/taskinstance.py", line 433, in _execute_task
    result = execute_callable(context=context, **execute_callable_kwargs)
  File "/home/airflow/.local/lib/python3.8/site-packages/airflow/operators/python.py", line 199, in execute
    return_value = self.execute_callable()
  File "/home/airflow/.local/lib/python3.8/site-packages/airflow/operators/python.py", line 216, in execute_callable
    return self.python_callable(*self.op_args, **self.op_kwargs)
  File "/opt/airflow/dags/silver_dag.py", line 188, in <lambda>
    python_callable=lambda ds, **_: _run_dbt("silver_payments", ds=ds, full_refresh=False, pass_ds_lagged=True),
  File "/opt/airflow/dags/silver_dag.py", line 148, in _run_dbt
    proc = subprocess.run(args, text=True, capture_output=True)
  File "/usr/local/lib/python3.8/subprocess.py", line 495, in run
    stdout, stderr = process.communicate(input, timeout=timeout)
  File "/usr/local/lib/python3.8/subprocess.py", line 1028, in communicate
    stdout, stderr = self._communicate(input, endtime, timeout)
  File "/usr/local/lib/python3.8/subprocess.py", line 1884, in _communicate
    ready = selector.select(timeout)
  File "/usr/local/lib/python3.8/selectors.py", line 415, in select
    fd_event_list = self._selector.poll(timeout)
  File "/home/airflow/.local/lib/python3.8/site-packages/airflow/models/taskinstance.py", line 2452, in signal_handler
    raise AirflowException("Task received SIGTERM signal")
airflow.exceptions.AirflowException: Task received SIGTERM signal
[2025-11-01T20:14:22.798+0000] {taskinstance.py:1138} INFO - Marking task as UP_FOR_RETRY. dag_id=silver_transformation_pipeline, task_id=dbt_run_payments, execution_date=20251010T000000, start_date=20251101T201420, end_date=20251101T201422
[2025-11-01T20:14:22.902+0000] {standard_task_runner.py:107} ERROR - Failed to execute job 170 for task dbt_run_payments (Task received SIGTERM signal; 1730)
[2025-11-01T20:14:22.930+0000] {process_utils.py:79} INFO - Process psutil.Process(pid=1730, status='terminated', exitcode=1, started='20:14:20') (1730) terminated with exit code 1
[2025-11-01T20:14:22.932+0000] {local_task_job_runner.py:234} INFO - Task exited with return code 143
[2025-11-01T20:14:23.056+0000] {taskinstance.py:3280} INFO - 0 downstream tasks scheduled from follow-on schedule check
[2025-11-01T20:21:04.446+0000] {taskinstance.py:1956} INFO - Dependencies all met for dep_context=non-requeueable deps ti=<TaskInstance: silver_transformation_pipeline.dbt_run_payments scheduled__2025-10-10T00:00:00+00:00 [queued]>
[2025-11-01T20:21:04.461+0000] {taskinstance.py:1956} INFO - Dependencies all met for dep_context=requeueable deps ti=<TaskInstance: silver_transformation_pipeline.dbt_run_payments scheduled__2025-10-10T00:00:00+00:00 [queued]>
[2025-11-01T20:21:04.462+0000] {taskinstance.py:2170} INFO - Starting attempt 1 of 2
[2025-11-01T20:21:04.480+0000] {taskinstance.py:2191} INFO - Executing <Task(PythonOperator): dbt_run_payments> on 2025-10-10 00:00:00+00:00
[2025-11-01T20:21:04.493+0000] {standard_task_runner.py:60} INFO - Started process 1393 to run task
[2025-11-01T20:21:04.498+0000] {standard_task_runner.py:87} INFO - Running: ['***', 'tasks', 'run', 'silver_transformation_pipeline', 'dbt_run_payments', 'scheduled__2025-10-10T00:00:00+00:00', '--job-id', '164', '--raw', '--subdir', 'DAGS_FOLDER/silver_dag.py', '--cfg-path', '/tmp/tmpjrwuxrq3']
[2025-11-01T20:21:04.502+0000] {standard_task_runner.py:88} INFO - Job 164: Subtask dbt_run_payments
[2025-11-01T20:21:04.691+0000] {task_command.py:423} INFO - Running <TaskInstance: silver_transformation_pipeline.dbt_run_payments scheduled__2025-10-10T00:00:00+00:00 [running]> on host 6335aa85b335
[2025-11-01T20:21:04.806+0000] {taskinstance.py:2480} INFO - Exporting env vars: AIRFLOW_CTX_DAG_OWNER='***' AIRFLOW_CTX_DAG_ID='silver_transformation_pipeline' AIRFLOW_CTX_TASK_ID='dbt_run_payments' AIRFLOW_CTX_EXECUTION_DATE='2025-10-10T00:00:00+00:00' AIRFLOW_CTX_TRY_NUMBER='1' AIRFLOW_CTX_DAG_RUN_ID='scheduled__2025-10-10T00:00:00+00:00'
[2025-11-01T20:21:12.920+0000] {python.py:201} INFO - Done. Returned value was: None
[2025-11-01T20:21:12.937+0000] {taskinstance.py:1138} INFO - Marking task as SUCCESS. dag_id=silver_transformation_pipeline, task_id=dbt_run_payments, execution_date=20251010T000000, start_date=20251101T202104, end_date=20251101T202112
[2025-11-01T20:21:12.999+0000] {local_task_job_runner.py:234} INFO - Task exited with return code 0
[2025-11-01T20:21:13.022+0000] {taskinstance.py:3280} INFO - 0 downstream tasks scheduled from follow-on schedule check
[2025-11-02T01:36:14.913+0000] {taskinstance.py:1956} INFO - Dependencies all met for dep_context=non-requeueable deps ti=<TaskInstance: silver_transformation_pipeline.dbt_run_payments scheduled__2025-10-10T00:00:00+00:00 [queued]>
[2025-11-02T01:36:14.922+0000] {taskinstance.py:1956} INFO - Dependencies all met for dep_context=requeueable deps ti=<TaskInstance: silver_transformation_pipeline.dbt_run_payments scheduled__2025-10-10T00:00:00+00:00 [queued]>
[2025-11-02T01:36:14.923+0000] {taskinstance.py:2170} INFO - Starting attempt 1 of 2
[2025-11-02T01:36:14.938+0000] {taskinstance.py:2191} INFO - Executing <Task(PythonOperator): dbt_run_payments> on 2025-10-10 00:00:00+00:00
[2025-11-02T01:36:14.946+0000] {standard_task_runner.py:60} INFO - Started process 2049 to run task
[2025-11-02T01:36:14.951+0000] {standard_task_runner.py:87} INFO - Running: ['***', 'tasks', 'run', 'silver_transformation_pipeline', 'dbt_run_payments', 'scheduled__2025-10-10T00:00:00+00:00', '--job-id', '169', '--raw', '--subdir', 'DAGS_FOLDER/silver_dag.py', '--cfg-path', '/tmp/tmprgz_k62h']
[2025-11-02T01:36:14.954+0000] {standard_task_runner.py:88} INFO - Job 169: Subtask dbt_run_payments
[2025-11-02T01:36:15.053+0000] {task_command.py:423} INFO - Running <TaskInstance: silver_transformation_pipeline.dbt_run_payments scheduled__2025-10-10T00:00:00+00:00 [running]> on host 3b0074fa0b5e
[2025-11-02T01:36:15.179+0000] {taskinstance.py:2480} INFO - Exporting env vars: AIRFLOW_CTX_DAG_OWNER='***' AIRFLOW_CTX_DAG_ID='silver_transformation_pipeline' AIRFLOW_CTX_TASK_ID='dbt_run_payments' AIRFLOW_CTX_EXECUTION_DATE='2025-10-10T00:00:00+00:00' AIRFLOW_CTX_TRY_NUMBER='1' AIRFLOW_CTX_DAG_RUN_ID='scheduled__2025-10-10T00:00:00+00:00'
[2025-11-02T01:36:24.540+0000] {python.py:201} INFO - Done. Returned value was: None
[2025-11-02T01:36:24.565+0000] {taskinstance.py:1138} INFO - Marking task as SUCCESS. dag_id=silver_transformation_pipeline, task_id=dbt_run_payments, execution_date=20251010T000000, start_date=20251102T013614, end_date=20251102T013624
[2025-11-02T01:36:24.616+0000] {local_task_job_runner.py:234} INFO - Task exited with return code 0
[2025-11-02T01:36:24.657+0000] {taskinstance.py:3280} INFO - 0 downstream tasks scheduled from follow-on schedule check
[2025-11-02T11:31:24.621+0000] {taskinstance.py:1956} INFO - Dependencies all met for dep_context=non-requeueable deps ti=<TaskInstance: silver_transformation_pipeline.dbt_run_payments scheduled__2025-10-10T00:00:00+00:00 [queued]>
[2025-11-02T11:31:24.634+0000] {taskinstance.py:1956} INFO - Dependencies all met for dep_context=requeueable deps ti=<TaskInstance: silver_transformation_pipeline.dbt_run_payments scheduled__2025-10-10T00:00:00+00:00 [queued]>
[2025-11-02T11:31:24.635+0000] {taskinstance.py:2170} INFO - Starting attempt 1 of 2
[2025-11-02T11:31:24.654+0000] {taskinstance.py:2191} INFO - Executing <Task(PythonOperator): dbt_run_payments> on 2025-10-10 00:00:00+00:00
[2025-11-02T11:31:24.663+0000] {standard_task_runner.py:60} INFO - Started process 2093 to run task
[2025-11-02T11:31:24.668+0000] {standard_task_runner.py:87} INFO - Running: ['***', 'tasks', 'run', 'silver_transformation_pipeline', 'dbt_run_payments', 'scheduled__2025-10-10T00:00:00+00:00', '--job-id', '175', '--raw', '--subdir', 'DAGS_FOLDER/silver_dag.py', '--cfg-path', '/tmp/tmpx62fg2jg']
[2025-11-02T11:31:24.671+0000] {standard_task_runner.py:88} INFO - Job 175: Subtask dbt_run_payments
[2025-11-02T11:31:24.782+0000] {task_command.py:423} INFO - Running <TaskInstance: silver_transformation_pipeline.dbt_run_payments scheduled__2025-10-10T00:00:00+00:00 [running]> on host 0d39d4365eb9
[2025-11-02T11:31:24.910+0000] {taskinstance.py:2480} INFO - Exporting env vars: AIRFLOW_CTX_DAG_OWNER='***' AIRFLOW_CTX_DAG_ID='silver_transformation_pipeline' AIRFLOW_CTX_TASK_ID='dbt_run_payments' AIRFLOW_CTX_EXECUTION_DATE='2025-10-10T00:00:00+00:00' AIRFLOW_CTX_TRY_NUMBER='1' AIRFLOW_CTX_DAG_RUN_ID='scheduled__2025-10-10T00:00:00+00:00'
[2025-11-02T11:31:35.119+0000] {python.py:201} INFO - Done. Returned value was: None
[2025-11-02T11:31:35.140+0000] {taskinstance.py:1138} INFO - Marking task as SUCCESS. dag_id=silver_transformation_pipeline, task_id=dbt_run_payments, execution_date=20251010T000000, start_date=20251102T113124, end_date=20251102T113135
[2025-11-02T11:31:35.221+0000] {local_task_job_runner.py:234} INFO - Task exited with return code 0
[2025-11-02T11:31:35.249+0000] {taskinstance.py:3280} INFO - 0 downstream tasks scheduled from follow-on schedule check
