[2025-11-01T11:48:29.633+0000] {taskinstance.py:1956} INFO - Dependencies all met for dep_context=non-requeueable deps ti=<TaskInstance: ingestion_pipeline.load_payments_bronze manual__2025-11-01T11:48:28.061222+00:00 [queued]>
[2025-11-01T11:48:29.671+0000] {taskinstance.py:1956} INFO - Dependencies all met for dep_context=requeueable deps ti=<TaskInstance: ingestion_pipeline.load_payments_bronze manual__2025-11-01T11:48:28.061222+00:00 [queued]>
[2025-11-01T11:48:29.671+0000] {taskinstance.py:2170} INFO - Starting attempt 1 of 2
[2025-11-01T11:48:29.719+0000] {taskinstance.py:2191} INFO - Executing <Task(PythonOperator): load_payments_bronze> on 2025-11-01 11:48:28.061222+00:00
[2025-11-01T11:48:29.740+0000] {standard_task_runner.py:60} INFO - Started process 1414 to run task
[2025-11-01T11:48:29.746+0000] {standard_task_runner.py:87} INFO - Running: ['***', 'tasks', 'run', 'ingestion_pipeline', 'load_payments_bronze', 'manual__2025-11-01T11:48:28.061222+00:00', '--job-id', '63', '--raw', '--subdir', 'DAGS_FOLDER/ingestion_dag.py', '--cfg-path', '/tmp/tmp4t27mdqa']
[2025-11-01T11:48:29.763+0000] {standard_task_runner.py:88} INFO - Job 63: Subtask load_payments_bronze
[2025-11-01T11:48:30.025+0000] {task_command.py:423} INFO - Running <TaskInstance: ingestion_pipeline.load_payments_bronze manual__2025-11-01T11:48:28.061222+00:00 [running]> on host 6ac9b46937d1
[2025-11-01T11:48:30.195+0000] {taskinstance.py:2480} INFO - Exporting env vars: AIRFLOW_CTX_DAG_OWNER='***' AIRFLOW_CTX_DAG_ID='ingestion_pipeline' AIRFLOW_CTX_TASK_ID='load_payments_bronze' AIRFLOW_CTX_EXECUTION_DATE='2025-11-01T11:48:28.061222+00:00' AIRFLOW_CTX_TRY_NUMBER='1' AIRFLOW_CTX_DAG_RUN_ID='manual__2025-11-01T11:48:28.061222+00:00'
[2025-11-01T11:48:31.166+0000] {payments_to_clickhouse.py:89} INFO - [payments->ch] Target CSV: /tmp/data/payments/payments-20251101.csv
[2025-11-01T11:48:31.170+0000] {payments_to_clickhouse.py:94} INFO - [payments->ch] Folder listing: ['payments-20251001.csv', 'payments-20251002.csv', 'payments-20251003.csv']
[2025-11-01T11:48:31.171+0000] {crypto.py:82} WARNING - empty cryptography key - values will not be stored encrypted.
[2025-11-01T11:48:31.174+0000] {base.py:83} INFO - Using connection ID 'clickhouse_default' for task execution.
[2025-11-01T11:48:31.209+0000] {payments_to_clickhouse.py:187} INFO - [payments->ch] No CSV for the day; ensured DB and table exist. Nothing to insert.
[2025-11-01T11:48:31.225+0000] {payments_to_clickhouse.py:196} INFO - [payments->ch] Idempotency cleanup: _source_file=payments-20251101.csv.
[2025-11-01T11:48:31.235+0000] {payments_to_clickhouse.py:205} INFO - [payments->ch] Idempotency cleanup: _snapshot_date=2025-11-01.
[2025-11-01T11:48:31.237+0000] {python.py:201} INFO - Done. Returned value was: None
[2025-11-01T11:48:31.262+0000] {taskinstance.py:1138} INFO - Marking task as SUCCESS. dag_id=ingestion_pipeline, task_id=load_payments_bronze, execution_date=20251101T114828, start_date=20251101T114829, end_date=20251101T114831
[2025-11-01T11:48:31.313+0000] {local_task_job_runner.py:234} INFO - Task exited with return code 0
[2025-11-01T11:48:31.353+0000] {taskinstance.py:3280} INFO - 0 downstream tasks scheduled from follow-on schedule check
