[2025-11-02T00:29:47.747+0000] {taskinstance.py:1956} INFO - Dependencies all met for dep_context=non-requeueable deps ti=<TaskInstance: gold_dimensions_pipeline.dbt_dim_payment_state scheduled__2025-10-23T00:00:00+00:00 [queued]>
[2025-11-02T00:29:47.761+0000] {taskinstance.py:1956} INFO - Dependencies all met for dep_context=requeueable deps ti=<TaskInstance: gold_dimensions_pipeline.dbt_dim_payment_state scheduled__2025-10-23T00:00:00+00:00 [queued]>
[2025-11-02T00:29:47.762+0000] {taskinstance.py:2170} INFO - Starting attempt 1 of 2
[2025-11-02T00:29:47.786+0000] {taskinstance.py:2191} INFO - Executing <Task(PythonOperator): dbt_dim_payment_state> on 2025-10-23 00:00:00+00:00
[2025-11-02T00:29:47.795+0000] {standard_task_runner.py:60} INFO - Started process 16283 to run task
[2025-11-02T00:29:47.800+0000] {standard_task_runner.py:87} INFO - Running: ['***', 'tasks', 'run', 'gold_dimensions_pipeline', 'dbt_dim_payment_state', 'scheduled__2025-10-23T00:00:00+00:00', '--job-id', '398', '--raw', '--subdir', 'DAGS_FOLDER/gold_dag.py', '--cfg-path', '/tmp/tmp01hvrkui']
[2025-11-02T00:29:47.804+0000] {standard_task_runner.py:88} INFO - Job 398: Subtask dbt_dim_payment_state
[2025-11-02T00:29:47.911+0000] {task_command.py:423} INFO - Running <TaskInstance: gold_dimensions_pipeline.dbt_dim_payment_state scheduled__2025-10-23T00:00:00+00:00 [running]> on host 6335aa85b335
[2025-11-02T00:29:48.044+0000] {taskinstance.py:2480} INFO - Exporting env vars: AIRFLOW_CTX_DAG_OWNER='***' AIRFLOW_CTX_DAG_ID='gold_dimensions_pipeline' AIRFLOW_CTX_TASK_ID='dbt_dim_payment_state' AIRFLOW_CTX_EXECUTION_DATE='2025-10-23T00:00:00+00:00' AIRFLOW_CTX_TRY_NUMBER='1' AIRFLOW_CTX_DAG_RUN_ID='scheduled__2025-10-23T00:00:00+00:00'
[2025-11-02T00:29:57.521+0000] {python.py:201} INFO - Done. Returned value was: None
[2025-11-02T00:29:57.540+0000] {taskinstance.py:1138} INFO - Marking task as SUCCESS. dag_id=gold_dimensions_pipeline, task_id=dbt_dim_payment_state, execution_date=20251023T000000, start_date=20251102T002947, end_date=20251102T002957
[2025-11-02T00:29:57.570+0000] {local_task_job_runner.py:234} INFO - Task exited with return code 0
[2025-11-02T00:29:57.594+0000] {taskinstance.py:3280} INFO - 0 downstream tasks scheduled from follow-on schedule check
[2025-11-02T11:46:01.119+0000] {taskinstance.py:1956} INFO - Dependencies all met for dep_context=non-requeueable deps ti=<TaskInstance: gold_dimensions_pipeline.dbt_dim_payment_state scheduled__2025-10-23T00:00:00+00:00 [queued]>
[2025-11-02T11:46:01.131+0000] {taskinstance.py:1956} INFO - Dependencies all met for dep_context=requeueable deps ti=<TaskInstance: gold_dimensions_pipeline.dbt_dim_payment_state scheduled__2025-10-23T00:00:00+00:00 [queued]>
[2025-11-02T11:46:01.132+0000] {taskinstance.py:2170} INFO - Starting attempt 1 of 3
[2025-11-02T11:46:01.148+0000] {taskinstance.py:2191} INFO - Executing <Task(PythonOperator): dbt_dim_payment_state> on 2025-10-23 00:00:00+00:00
[2025-11-02T11:46:01.156+0000] {standard_task_runner.py:60} INFO - Started process 6020 to run task
[2025-11-02T11:46:01.161+0000] {standard_task_runner.py:87} INFO - Running: ['***', 'tasks', 'run', 'gold_dimensions_pipeline', 'dbt_dim_payment_state', 'scheduled__2025-10-23T00:00:00+00:00', '--job-id', '363', '--raw', '--subdir', 'DAGS_FOLDER/gold_dag.py', '--cfg-path', '/tmp/tmpk25qsxog']
[2025-11-02T11:46:01.166+0000] {standard_task_runner.py:88} INFO - Job 363: Subtask dbt_dim_payment_state
[2025-11-02T11:46:01.261+0000] {task_command.py:423} INFO - Running <TaskInstance: gold_dimensions_pipeline.dbt_dim_payment_state scheduled__2025-10-23T00:00:00+00:00 [running]> on host 0d39d4365eb9
[2025-11-02T11:46:01.371+0000] {taskinstance.py:2480} INFO - Exporting env vars: AIRFLOW_CTX_DAG_OWNER='***' AIRFLOW_CTX_DAG_ID='gold_dimensions_pipeline' AIRFLOW_CTX_TASK_ID='dbt_dim_payment_state' AIRFLOW_CTX_EXECUTION_DATE='2025-10-23T00:00:00+00:00' AIRFLOW_CTX_TRY_NUMBER='1' AIRFLOW_CTX_DAG_RUN_ID='scheduled__2025-10-23T00:00:00+00:00'
[2025-11-02T11:56:57.951+0000] {logging_mixin.py:188} INFO - ==== DBT STDOUT ====
[2025-11-02T11:56:57.953+0000] {logging_mixin.py:188} INFO - 11:56:55  Running with dbt=1.5.9
11:56:55  Registered adapter: clickhouse=1.5.2
11:56:56  [WARNING]: Configuration paths exist in your dbt_project.yml file which do not apply to any resources.
There are 2 unused configuration paths:
- models.ck_project.gold.fact
- models.ck_project.bronze
11:56:56  Found 7 models, 17 tests, 0 snapshots, 0 analyses, 349 macros, 0 operations, 0 seed files, 6 sources, 0 exposures, 0 metrics, 0 groups
11:56:56  
11:56:56  Concurrency: 4 threads (target='dev')
11:56:56  
11:56:56  1 of 1 START sql table model gold.dim_payment_state ............................ [RUN]
11:56:56  1 of 1 OK created sql table model gold.dim_payment_state ....................... [OK in 0.26s]
11:56:56  
11:56:56  Finished running 1 table model in 0 hours 0 minutes and 0.72 seconds (0.72s).
11:56:56  
11:56:56  Completed successfully
11:56:56  
11:56:56  Done. PASS=1 WARN=0 ERROR=0 SKIP=0 TOTAL=1
[2025-11-02T11:56:57.954+0000] {logging_mixin.py:188} INFO - ==== DBT STDERR ====
[2025-11-02T11:56:57.954+0000] {python.py:201} INFO - Done. Returned value was: None
[2025-11-02T11:56:57.972+0000] {taskinstance.py:1138} INFO - Marking task as SUCCESS. dag_id=gold_dimensions_pipeline, task_id=dbt_dim_payment_state, execution_date=20251023T000000, start_date=20251102T114601, end_date=20251102T115657
[2025-11-02T11:56:58.035+0000] {local_task_job_runner.py:234} INFO - Task exited with return code 0
[2025-11-02T11:56:58.056+0000] {taskinstance.py:3280} INFO - 0 downstream tasks scheduled from follow-on schedule check
