[2025-11-02T00:00:03.477+0000] {taskinstance.py:1956} INFO - Dependencies all met for dep_context=non-requeueable deps ti=<TaskInstance: silver_transformation_pipeline.dbt_run_merchants scheduled__2025-11-01T00:00:00+00:00 [queued]>
[2025-11-02T00:00:03.494+0000] {taskinstance.py:1956} INFO - Dependencies all met for dep_context=requeueable deps ti=<TaskInstance: silver_transformation_pipeline.dbt_run_merchants scheduled__2025-11-01T00:00:00+00:00 [queued]>
[2025-11-02T00:00:03.495+0000] {taskinstance.py:2170} INFO - Starting attempt 1 of 2
[2025-11-02T00:00:03.518+0000] {taskinstance.py:2191} INFO - Executing <Task(PythonOperator): dbt_run_merchants> on 2025-11-01 00:00:00+00:00
[2025-11-02T00:00:03.530+0000] {standard_task_runner.py:60} INFO - Started process 12544 to run task
[2025-11-02T00:00:03.534+0000] {standard_task_runner.py:87} INFO - Running: ['***', 'tasks', 'run', 'silver_transformation_pipeline', 'dbt_run_merchants', 'scheduled__2025-11-01T00:00:00+00:00', '--job-id', '266', '--raw', '--subdir', 'DAGS_FOLDER/silver_dag.py', '--cfg-path', '/tmp/tmp__qkj_cm']
[2025-11-02T00:00:03.538+0000] {standard_task_runner.py:88} INFO - Job 266: Subtask dbt_run_merchants
[2025-11-02T00:00:03.668+0000] {task_command.py:423} INFO - Running <TaskInstance: silver_transformation_pipeline.dbt_run_merchants scheduled__2025-11-01T00:00:00+00:00 [running]> on host 6335aa85b335
[2025-11-02T00:00:03.821+0000] {taskinstance.py:2480} INFO - Exporting env vars: AIRFLOW_CTX_DAG_OWNER='***' AIRFLOW_CTX_DAG_ID='silver_transformation_pipeline' AIRFLOW_CTX_TASK_ID='dbt_run_merchants' AIRFLOW_CTX_EXECUTION_DATE='2025-11-01T00:00:00+00:00' AIRFLOW_CTX_TRY_NUMBER='1' AIRFLOW_CTX_DAG_RUN_ID='scheduled__2025-11-01T00:00:00+00:00'
[2025-11-02T00:00:12.393+0000] {taskinstance.py:2698} ERROR - Task failed with exception
Traceback (most recent call last):
  File "/home/airflow/.local/lib/python3.8/site-packages/airflow/models/taskinstance.py", line 433, in _execute_task
    result = execute_callable(context=context, **execute_callable_kwargs)
  File "/home/airflow/.local/lib/python3.8/site-packages/airflow/operators/python.py", line 199, in execute
    return_value = self.execute_callable()
  File "/home/airflow/.local/lib/python3.8/site-packages/airflow/operators/python.py", line 216, in execute_callable
    return self.python_callable(*self.op_args, **self.op_kwargs)
  File "/opt/airflow/dags/silver_dag.py", line 192, in <lambda>
    python_callable=lambda ds, **_: _run_dbt("silver_merchants", ds=ds, full_refresh=False, pass_ds_lagged=True),
  File "/opt/airflow/dags/silver_dag.py", line 150, in _run_dbt
    raise RuntimeError(f"dbt failed ({proc.returncode}).\nSTDOUT:\n{proc.stdout}\n\nSTDERR:\n{proc.stderr}")
RuntimeError: dbt failed (2).
STDOUT:
00:00:08  Running with dbt=1.5.9
00:00:08  Registered adapter: clickhouse=1.5.2
00:00:08  Unable to do partial parsing because a project config has changed
00:00:10  Encountered an error:
Compilation Error in model dim_merchants (models/gold/dim/dim_merchants.sql)
  expected token ',', got 'ORDER'
    line 6
      order_by=['merchant_id','scd_start_date']   -- non-null ORDER BY


STDERR:

[2025-11-02T00:00:12.433+0000] {taskinstance.py:1138} INFO - Marking task as UP_FOR_RETRY. dag_id=silver_transformation_pipeline, task_id=dbt_run_merchants, execution_date=20251101T000000, start_date=20251102T000003, end_date=20251102T000012
[2025-11-02T00:00:12.486+0000] {standard_task_runner.py:107} ERROR - Failed to execute job 266 for task dbt_run_merchants (dbt failed (2).
STDOUT:
00:00:08  Running with dbt=1.5.9
00:00:08  Registered adapter: clickhouse=1.5.2
00:00:08  Unable to do partial parsing because a project config has changed
00:00:10  Encountered an error:
Compilation Error in model dim_merchants (models/gold/dim/dim_merchants.sql)
  expected token ',', got 'ORDER'
    line 6
      order_by=['merchant_id','scd_start_date']   -- non-null ORDER BY


STDERR:
; 12544)
[2025-11-02T00:00:12.550+0000] {local_task_job_runner.py:234} INFO - Task exited with return code 1
[2025-11-02T00:00:12.619+0000] {taskinstance.py:3280} INFO - 0 downstream tasks scheduled from follow-on schedule check
[2025-11-02T01:40:04.778+0000] {taskinstance.py:1956} INFO - Dependencies all met for dep_context=non-requeueable deps ti=<TaskInstance: silver_transformation_pipeline.dbt_run_merchants scheduled__2025-11-01T00:00:00+00:00 [queued]>
[2025-11-02T01:40:04.795+0000] {taskinstance.py:1956} INFO - Dependencies all met for dep_context=requeueable deps ti=<TaskInstance: silver_transformation_pipeline.dbt_run_merchants scheduled__2025-11-01T00:00:00+00:00 [queued]>
[2025-11-02T01:40:04.796+0000] {taskinstance.py:2170} INFO - Starting attempt 1 of 2
[2025-11-02T01:40:04.817+0000] {taskinstance.py:2191} INFO - Executing <Task(PythonOperator): dbt_run_merchants> on 2025-11-01 00:00:00+00:00
[2025-11-02T01:40:04.827+0000] {standard_task_runner.py:60} INFO - Started process 3754 to run task
[2025-11-02T01:40:04.831+0000] {standard_task_runner.py:87} INFO - Running: ['***', 'tasks', 'run', 'silver_transformation_pipeline', 'dbt_run_merchants', 'scheduled__2025-11-01T00:00:00+00:00', '--job-id', '255', '--raw', '--subdir', 'DAGS_FOLDER/silver_dag.py', '--cfg-path', '/tmp/tmp_mbq131z']
[2025-11-02T01:40:04.834+0000] {standard_task_runner.py:88} INFO - Job 255: Subtask dbt_run_merchants
[2025-11-02T01:40:04.926+0000] {task_command.py:423} INFO - Running <TaskInstance: silver_transformation_pipeline.dbt_run_merchants scheduled__2025-11-01T00:00:00+00:00 [running]> on host 3b0074fa0b5e
[2025-11-02T01:40:05.041+0000] {taskinstance.py:2480} INFO - Exporting env vars: AIRFLOW_CTX_DAG_OWNER='***' AIRFLOW_CTX_DAG_ID='silver_transformation_pipeline' AIRFLOW_CTX_TASK_ID='dbt_run_merchants' AIRFLOW_CTX_EXECUTION_DATE='2025-11-01T00:00:00+00:00' AIRFLOW_CTX_TRY_NUMBER='1' AIRFLOW_CTX_DAG_RUN_ID='scheduled__2025-11-01T00:00:00+00:00'
[2025-11-02T01:40:11.950+0000] {python.py:201} INFO - Done. Returned value was: None
[2025-11-02T01:40:11.970+0000] {taskinstance.py:1138} INFO - Marking task as SUCCESS. dag_id=silver_transformation_pipeline, task_id=dbt_run_merchants, execution_date=20251101T000000, start_date=20251102T014004, end_date=20251102T014011
[2025-11-02T01:40:12.024+0000] {local_task_job_runner.py:234} INFO - Task exited with return code 0
[2025-11-02T01:40:12.051+0000] {taskinstance.py:3280} INFO - 0 downstream tasks scheduled from follow-on schedule check
[2025-11-02T11:36:14.620+0000] {taskinstance.py:1956} INFO - Dependencies all met for dep_context=non-requeueable deps ti=<TaskInstance: silver_transformation_pipeline.dbt_run_merchants scheduled__2025-11-01T00:00:00+00:00 [queued]>
[2025-11-02T11:36:14.631+0000] {taskinstance.py:1956} INFO - Dependencies all met for dep_context=requeueable deps ti=<TaskInstance: silver_transformation_pipeline.dbt_run_merchants scheduled__2025-11-01T00:00:00+00:00 [queued]>
[2025-11-02T11:36:14.632+0000] {taskinstance.py:2170} INFO - Starting attempt 1 of 2
[2025-11-02T11:36:14.652+0000] {taskinstance.py:2191} INFO - Executing <Task(PythonOperator): dbt_run_merchants> on 2025-11-01 00:00:00+00:00
[2025-11-02T11:36:14.662+0000] {standard_task_runner.py:60} INFO - Started process 3985 to run task
[2025-11-02T11:36:14.667+0000] {standard_task_runner.py:87} INFO - Running: ['***', 'tasks', 'run', 'silver_transformation_pipeline', 'dbt_run_merchants', 'scheduled__2025-11-01T00:00:00+00:00', '--job-id', '269', '--raw', '--subdir', 'DAGS_FOLDER/silver_dag.py', '--cfg-path', '/tmp/tmpqu2nbq1f']
[2025-11-02T11:36:14.670+0000] {standard_task_runner.py:88} INFO - Job 269: Subtask dbt_run_merchants
[2025-11-02T11:36:14.765+0000] {task_command.py:423} INFO - Running <TaskInstance: silver_transformation_pipeline.dbt_run_merchants scheduled__2025-11-01T00:00:00+00:00 [running]> on host 0d39d4365eb9
[2025-11-02T11:36:14.919+0000] {taskinstance.py:2480} INFO - Exporting env vars: AIRFLOW_CTX_DAG_OWNER='***' AIRFLOW_CTX_DAG_ID='silver_transformation_pipeline' AIRFLOW_CTX_TASK_ID='dbt_run_merchants' AIRFLOW_CTX_EXECUTION_DATE='2025-11-01T00:00:00+00:00' AIRFLOW_CTX_TRY_NUMBER='1' AIRFLOW_CTX_DAG_RUN_ID='scheduled__2025-11-01T00:00:00+00:00'
[2025-11-02T11:36:23.233+0000] {python.py:201} INFO - Done. Returned value was: None
[2025-11-02T11:36:23.250+0000] {taskinstance.py:1138} INFO - Marking task as SUCCESS. dag_id=silver_transformation_pipeline, task_id=dbt_run_merchants, execution_date=20251101T000000, start_date=20251102T113614, end_date=20251102T113623
[2025-11-02T11:36:23.295+0000] {local_task_job_runner.py:234} INFO - Task exited with return code 0
[2025-11-02T11:36:23.324+0000] {taskinstance.py:3280} INFO - 0 downstream tasks scheduled from follow-on schedule check
