[2025-11-02T00:30:15.097+0000] {taskinstance.py:1956} INFO - Dependencies all met for dep_context=non-requeueable deps ti=<TaskInstance: gold_dimensions_pipeline.dbt_dim_payment_method scheduled__2025-10-25T00:00:00+00:00 [queued]>
[2025-11-02T00:30:15.111+0000] {taskinstance.py:1956} INFO - Dependencies all met for dep_context=requeueable deps ti=<TaskInstance: gold_dimensions_pipeline.dbt_dim_payment_method scheduled__2025-10-25T00:00:00+00:00 [queued]>
[2025-11-02T00:30:15.112+0000] {taskinstance.py:2170} INFO - Starting attempt 1 of 2
[2025-11-02T00:30:15.131+0000] {taskinstance.py:2191} INFO - Executing <Task(PythonOperator): dbt_dim_payment_method> on 2025-10-25 00:00:00+00:00
[2025-11-02T00:30:15.143+0000] {standard_task_runner.py:60} INFO - Started process 16470 to run task
[2025-11-02T00:30:15.149+0000] {standard_task_runner.py:87} INFO - Running: ['***', 'tasks', 'run', 'gold_dimensions_pipeline', 'dbt_dim_payment_method', 'scheduled__2025-10-25T00:00:00+00:00', '--job-id', '408', '--raw', '--subdir', 'DAGS_FOLDER/gold_dag.py', '--cfg-path', '/tmp/tmp7ac5u0mw']
[2025-11-02T00:30:15.153+0000] {standard_task_runner.py:88} INFO - Job 408: Subtask dbt_dim_payment_method
[2025-11-02T00:30:15.280+0000] {task_command.py:423} INFO - Running <TaskInstance: gold_dimensions_pipeline.dbt_dim_payment_method scheduled__2025-10-25T00:00:00+00:00 [running]> on host 6335aa85b335
[2025-11-02T00:30:15.455+0000] {taskinstance.py:2480} INFO - Exporting env vars: AIRFLOW_CTX_DAG_OWNER='***' AIRFLOW_CTX_DAG_ID='gold_dimensions_pipeline' AIRFLOW_CTX_TASK_ID='dbt_dim_payment_method' AIRFLOW_CTX_EXECUTION_DATE='2025-10-25T00:00:00+00:00' AIRFLOW_CTX_TRY_NUMBER='1' AIRFLOW_CTX_DAG_RUN_ID='scheduled__2025-10-25T00:00:00+00:00'
[2025-11-02T00:30:25.787+0000] {python.py:201} INFO - Done. Returned value was: None
[2025-11-02T00:30:25.805+0000] {taskinstance.py:1138} INFO - Marking task as SUCCESS. dag_id=gold_dimensions_pipeline, task_id=dbt_dim_payment_method, execution_date=20251025T000000, start_date=20251102T003015, end_date=20251102T003025
[2025-11-02T00:30:25.856+0000] {local_task_job_runner.py:234} INFO - Task exited with return code 0
[2025-11-02T00:30:25.886+0000] {taskinstance.py:3280} INFO - 0 downstream tasks scheduled from follow-on schedule check
[2025-11-02T11:57:19.646+0000] {taskinstance.py:1956} INFO - Dependencies all met for dep_context=non-requeueable deps ti=<TaskInstance: gold_dimensions_pipeline.dbt_dim_payment_method scheduled__2025-10-25T00:00:00+00:00 [queued]>
[2025-11-02T11:57:19.657+0000] {taskinstance.py:1956} INFO - Dependencies all met for dep_context=requeueable deps ti=<TaskInstance: gold_dimensions_pipeline.dbt_dim_payment_method scheduled__2025-10-25T00:00:00+00:00 [queued]>
[2025-11-02T11:57:19.658+0000] {taskinstance.py:2170} INFO - Starting attempt 1 of 3
[2025-11-02T11:57:19.675+0000] {taskinstance.py:2191} INFO - Executing <Task(PythonOperator): dbt_dim_payment_method> on 2025-10-25 00:00:00+00:00
[2025-11-02T11:57:19.682+0000] {standard_task_runner.py:60} INFO - Started process 6177 to run task
[2025-11-02T11:57:19.685+0000] {standard_task_runner.py:87} INFO - Running: ['***', 'tasks', 'run', 'gold_dimensions_pipeline', 'dbt_dim_payment_method', 'scheduled__2025-10-25T00:00:00+00:00', '--job-id', '370', '--raw', '--subdir', 'DAGS_FOLDER/gold_dag.py', '--cfg-path', '/tmp/tmplvagp01y']
[2025-11-02T11:57:19.689+0000] {standard_task_runner.py:88} INFO - Job 370: Subtask dbt_dim_payment_method
[2025-11-02T11:57:19.780+0000] {task_command.py:423} INFO - Running <TaskInstance: gold_dimensions_pipeline.dbt_dim_payment_method scheduled__2025-10-25T00:00:00+00:00 [running]> on host 0d39d4365eb9
[2025-11-02T11:57:19.892+0000] {taskinstance.py:2480} INFO - Exporting env vars: AIRFLOW_CTX_DAG_OWNER='***' AIRFLOW_CTX_DAG_ID='gold_dimensions_pipeline' AIRFLOW_CTX_TASK_ID='dbt_dim_payment_method' AIRFLOW_CTX_EXECUTION_DATE='2025-10-25T00:00:00+00:00' AIRFLOW_CTX_TRY_NUMBER='1' AIRFLOW_CTX_DAG_RUN_ID='scheduled__2025-10-25T00:00:00+00:00'
[2025-11-02T11:57:25.285+0000] {logging_mixin.py:188} INFO - ==== DBT STDOUT ====
[2025-11-02T11:57:25.287+0000] {logging_mixin.py:188} INFO - 11:57:23  Running with dbt=1.5.9
11:57:23  Registered adapter: clickhouse=1.5.2
11:57:23  [WARNING]: Configuration paths exist in your dbt_project.yml file which do not apply to any resources.
There are 2 unused configuration paths:
- models.ck_project.gold.fact
- models.ck_project.bronze
11:57:23  Found 7 models, 17 tests, 0 snapshots, 0 analyses, 349 macros, 0 operations, 0 seed files, 6 sources, 0 exposures, 0 metrics, 0 groups
11:57:23  
11:57:24  Concurrency: 4 threads (target='dev')
11:57:24  
11:57:24  1 of 1 START sql table model gold.dim_payment_method ........................... [RUN]
11:57:24  1 of 1 OK created sql table model gold.dim_payment_method ...................... [OK in 0.28s]
11:57:24  
11:57:24  Finished running 1 table model in 0 hours 0 minutes and 0.72 seconds (0.72s).
11:57:24  
11:57:24  Completed successfully
11:57:24  
11:57:24  Done. PASS=1 WARN=0 ERROR=0 SKIP=0 TOTAL=1
[2025-11-02T11:57:25.288+0000] {logging_mixin.py:188} INFO - ==== DBT STDERR ====
[2025-11-02T11:57:25.289+0000] {python.py:201} INFO - Done. Returned value was: None
[2025-11-02T11:57:25.312+0000] {taskinstance.py:1138} INFO - Marking task as SUCCESS. dag_id=gold_dimensions_pipeline, task_id=dbt_dim_payment_method, execution_date=20251025T000000, start_date=20251102T115719, end_date=20251102T115725
[2025-11-02T11:57:25.349+0000] {local_task_job_runner.py:234} INFO - Task exited with return code 0
[2025-11-02T11:57:25.375+0000] {taskinstance.py:3280} INFO - 0 downstream tasks scheduled from follow-on schedule check
