[2025-11-02T00:44:51.522+0000] {taskinstance.py:1956} INFO - Dependencies all met for dep_context=non-requeueable deps ti=<TaskInstance: gold_dimensions_pipeline.dbt_dim_payment_state scheduled__2025-11-01T00:00:00+00:00 [queued]>
[2025-11-02T00:44:51.535+0000] {taskinstance.py:1956} INFO - Dependencies all met for dep_context=requeueable deps ti=<TaskInstance: gold_dimensions_pipeline.dbt_dim_payment_state scheduled__2025-11-01T00:00:00+00:00 [queued]>
[2025-11-02T00:44:51.536+0000] {taskinstance.py:2170} INFO - Starting attempt 1 of 2
[2025-11-02T00:44:51.560+0000] {taskinstance.py:2191} INFO - Executing <Task(PythonOperator): dbt_dim_payment_state> on 2025-11-01 00:00:00+00:00
[2025-11-02T00:44:51.569+0000] {standard_task_runner.py:60} INFO - Started process 17140 to run task
[2025-11-02T00:44:51.576+0000] {standard_task_runner.py:87} INFO - Running: ['***', 'tasks', 'run', 'gold_dimensions_pipeline', 'dbt_dim_payment_state', 'scheduled__2025-11-01T00:00:00+00:00', '--job-id', '440', '--raw', '--subdir', 'DAGS_FOLDER/gold_dag.py', '--cfg-path', '/tmp/tmpoc5x8pam']
[2025-11-02T00:44:51.579+0000] {standard_task_runner.py:88} INFO - Job 440: Subtask dbt_dim_payment_state
[2025-11-02T00:44:51.692+0000] {task_command.py:423} INFO - Running <TaskInstance: gold_dimensions_pipeline.dbt_dim_payment_state scheduled__2025-11-01T00:00:00+00:00 [running]> on host 6335aa85b335
[2025-11-02T00:44:51.846+0000] {taskinstance.py:2480} INFO - Exporting env vars: AIRFLOW_CTX_DAG_OWNER='***' AIRFLOW_CTX_DAG_ID='gold_dimensions_pipeline' AIRFLOW_CTX_TASK_ID='dbt_dim_payment_state' AIRFLOW_CTX_EXECUTION_DATE='2025-11-01T00:00:00+00:00' AIRFLOW_CTX_TRY_NUMBER='1' AIRFLOW_CTX_DAG_RUN_ID='scheduled__2025-11-01T00:00:00+00:00'
[2025-11-02T00:45:02.083+0000] {python.py:201} INFO - Done. Returned value was: None
[2025-11-02T00:45:02.113+0000] {taskinstance.py:1138} INFO - Marking task as SUCCESS. dag_id=gold_dimensions_pipeline, task_id=dbt_dim_payment_state, execution_date=20251101T000000, start_date=20251102T004451, end_date=20251102T004502
[2025-11-02T00:45:02.170+0000] {local_task_job_runner.py:234} INFO - Task exited with return code 0
[2025-11-02T00:45:02.195+0000] {taskinstance.py:3280} INFO - 0 downstream tasks scheduled from follow-on schedule check
[2025-11-02T11:59:05.150+0000] {taskinstance.py:1956} INFO - Dependencies all met for dep_context=non-requeueable deps ti=<TaskInstance: gold_dimensions_pipeline.dbt_dim_payment_state scheduled__2025-11-01T00:00:00+00:00 [queued]>
[2025-11-02T11:59:05.164+0000] {taskinstance.py:1956} INFO - Dependencies all met for dep_context=requeueable deps ti=<TaskInstance: gold_dimensions_pipeline.dbt_dim_payment_state scheduled__2025-11-01T00:00:00+00:00 [queued]>
[2025-11-02T11:59:05.166+0000] {taskinstance.py:2170} INFO - Starting attempt 1 of 3
[2025-11-02T11:59:05.181+0000] {taskinstance.py:2191} INFO - Executing <Task(PythonOperator): dbt_dim_payment_state> on 2025-11-01 00:00:00+00:00
[2025-11-02T11:59:05.190+0000] {standard_task_runner.py:60} INFO - Started process 6708 to run task
[2025-11-02T11:59:05.197+0000] {standard_task_runner.py:87} INFO - Running: ['***', 'tasks', 'run', 'gold_dimensions_pipeline', 'dbt_dim_payment_state', 'scheduled__2025-11-01T00:00:00+00:00', '--job-id', '398', '--raw', '--subdir', 'DAGS_FOLDER/gold_dag.py', '--cfg-path', '/tmp/tmpdz4qi2db']
[2025-11-02T11:59:05.199+0000] {standard_task_runner.py:88} INFO - Job 398: Subtask dbt_dim_payment_state
[2025-11-02T11:59:05.311+0000] {task_command.py:423} INFO - Running <TaskInstance: gold_dimensions_pipeline.dbt_dim_payment_state scheduled__2025-11-01T00:00:00+00:00 [running]> on host 0d39d4365eb9
[2025-11-02T11:59:05.443+0000] {taskinstance.py:2480} INFO - Exporting env vars: AIRFLOW_CTX_DAG_OWNER='***' AIRFLOW_CTX_DAG_ID='gold_dimensions_pipeline' AIRFLOW_CTX_TASK_ID='dbt_dim_payment_state' AIRFLOW_CTX_EXECUTION_DATE='2025-11-01T00:00:00+00:00' AIRFLOW_CTX_TRY_NUMBER='1' AIRFLOW_CTX_DAG_RUN_ID='scheduled__2025-11-01T00:00:00+00:00'
[2025-11-02T11:59:12.646+0000] {logging_mixin.py:188} INFO - ==== DBT STDOUT ====
[2025-11-02T11:59:12.647+0000] {logging_mixin.py:188} INFO - 11:59:09  Running with dbt=1.5.9
11:59:09  Registered adapter: clickhouse=1.5.2
11:59:10  [WARNING]: Configuration paths exist in your dbt_project.yml file which do not apply to any resources.
There are 2 unused configuration paths:
- models.ck_project.bronze
- models.ck_project.gold.fact
11:59:10  Found 7 models, 17 tests, 0 snapshots, 0 analyses, 349 macros, 0 operations, 0 seed files, 6 sources, 0 exposures, 0 metrics, 0 groups
11:59:10  
11:59:11  Concurrency: 4 threads (target='dev')
11:59:11  
11:59:11  1 of 1 START sql table model gold.dim_payment_state ............................ [RUN]
11:59:11  1 of 1 OK created sql table model gold.dim_payment_state ....................... [OK in 0.40s]
11:59:11  
11:59:11  Finished running 1 table model in 0 hours 0 minutes and 0.96 seconds (0.96s).
11:59:11  
11:59:11  Completed successfully
11:59:11  
11:59:11  Done. PASS=1 WARN=0 ERROR=0 SKIP=0 TOTAL=1
[2025-11-02T11:59:12.648+0000] {logging_mixin.py:188} INFO - ==== DBT STDERR ====
[2025-11-02T11:59:12.649+0000] {python.py:201} INFO - Done. Returned value was: None
[2025-11-02T11:59:12.671+0000] {taskinstance.py:1138} INFO - Marking task as SUCCESS. dag_id=gold_dimensions_pipeline, task_id=dbt_dim_payment_state, execution_date=20251101T000000, start_date=20251102T115905, end_date=20251102T115912
[2025-11-02T11:59:12.728+0000] {local_task_job_runner.py:234} INFO - Task exited with return code 0
[2025-11-02T11:59:12.750+0000] {taskinstance.py:3280} INFO - 0 downstream tasks scheduled from follow-on schedule check
