[2025-10-31T21:01:57.634+0000] {taskinstance.py:1956} INFO - Dependencies all met for dep_context=non-requeueable deps ti=<TaskInstance: ingestion_pipeline.silver_dbt.dbt_run_merchants manual__2025-10-31T20:56:44.298449+00:00 [queued]>
[2025-10-31T21:01:57.649+0000] {taskinstance.py:1956} INFO - Dependencies all met for dep_context=requeueable deps ti=<TaskInstance: ingestion_pipeline.silver_dbt.dbt_run_merchants manual__2025-10-31T20:56:44.298449+00:00 [queued]>
[2025-10-31T21:01:57.649+0000] {taskinstance.py:2170} INFO - Starting attempt 2 of 2
[2025-10-31T21:01:57.663+0000] {taskinstance.py:2191} INFO - Executing <Task(BashOperator): silver_dbt.dbt_run_merchants> on 2025-10-31 20:56:44.298449+00:00
[2025-10-31T21:01:57.669+0000] {standard_task_runner.py:60} INFO - Started process 2910 to run task
[2025-10-31T21:01:57.672+0000] {standard_task_runner.py:87} INFO - Running: ['***', 'tasks', 'run', 'ingestion_pipeline', 'silver_dbt.dbt_run_merchants', 'manual__2025-10-31T20:56:44.298449+00:00', '--job-id', '84', '--raw', '--subdir', 'DAGS_FOLDER/ingestion_dag.py', '--cfg-path', '/tmp/tmpjw03_00y']
[2025-10-31T21:01:57.674+0000] {standard_task_runner.py:88} INFO - Job 84: Subtask silver_dbt.dbt_run_merchants
[2025-10-31T21:01:57.748+0000] {task_command.py:423} INFO - Running <TaskInstance: ingestion_pipeline.silver_dbt.dbt_run_merchants manual__2025-10-31T20:56:44.298449+00:00 [running]> on host f865f80ec1e7
[2025-10-31T21:01:57.846+0000] {taskinstance.py:2480} INFO - Exporting env vars: AIRFLOW_CTX_DAG_OWNER='***' AIRFLOW_CTX_DAG_ID='ingestion_pipeline' AIRFLOW_CTX_TASK_ID='silver_dbt.dbt_run_merchants' AIRFLOW_CTX_EXECUTION_DATE='2025-10-31T20:56:44.298449+00:00' AIRFLOW_CTX_TRY_NUMBER='2' AIRFLOW_CTX_DAG_RUN_ID='manual__2025-10-31T20:56:44.298449+00:00'
[2025-10-31T21:01:57.848+0000] {subprocess.py:63} INFO - Tmp dir root location: /tmp
[2025-10-31T21:01:57.850+0000] {subprocess.py:75} INFO - Running command: ['/usr/bin/bash', '-c', "docker exec -i dbt bash -lc 'cd /dbt && dbt --no-use-colors run --profiles-dir /dbt --select silver_merchants --full-refresh'"]
[2025-10-31T21:01:57.862+0000] {subprocess.py:86} INFO - Output:
[2025-10-31T21:01:59.859+0000] {subprocess.py:93} INFO - 21:01:59  Running with dbt=1.10.13
[2025-10-31T21:02:00.231+0000] {subprocess.py:93} INFO - 21:02:00  Registered adapter: clickhouse=1.9.5
[2025-10-31T21:02:00.797+0000] {subprocess.py:93} INFO - 21:02:00  Encountered an error:
[2025-10-31T21:02:00.798+0000] {subprocess.py:93} INFO - Compilation Error in model silver_link_transactions (models/silver/silver_link_transactions.sql)
[2025-10-31T21:02:00.798+0000] {subprocess.py:93} INFO -   invalid syntax for function call expression
[2025-10-31T21:02:00.799+0000] {subprocess.py:93} INFO -     line 1
[2025-10-31T21:02:00.799+0000] {subprocess.py:93} INFO -       {{ config(
[2025-10-31T21:02:01.870+0000] {subprocess.py:97} INFO - Command exited with return code 2
[2025-10-31T21:02:01.882+0000] {taskinstance.py:2698} ERROR - Task failed with exception
Traceback (most recent call last):
  File "/home/airflow/.local/lib/python3.8/site-packages/airflow/models/taskinstance.py", line 433, in _execute_task
    result = execute_callable(context=context, **execute_callable_kwargs)
  File "/home/airflow/.local/lib/python3.8/site-packages/airflow/operators/bash.py", line 212, in execute
    raise AirflowException(
airflow.exceptions.AirflowException: Bash command failed. The command returned a non-zero exit code 2.
[2025-10-31T21:02:01.885+0000] {taskinstance.py:1138} INFO - Marking task as FAILED. dag_id=ingestion_pipeline, task_id=silver_dbt.dbt_run_merchants, execution_date=20251031T205644, start_date=20251031T210157, end_date=20251031T210201
[2025-10-31T21:02:01.902+0000] {standard_task_runner.py:107} ERROR - Failed to execute job 84 for task silver_dbt.dbt_run_merchants (Bash command failed. The command returned a non-zero exit code 2.; 2910)
[2025-10-31T21:02:01.948+0000] {local_task_job_runner.py:234} INFO - Task exited with return code 1
[2025-10-31T21:02:01.973+0000] {taskinstance.py:3280} INFO - 0 downstream tasks scheduled from follow-on schedule check
