[2025-11-02T00:20:10.653+0000] {taskinstance.py:1956} INFO - Dependencies all met for dep_context=non-requeueable deps ti=<TaskInstance: gold_dimensions_pipeline.dbt_dim_merchant scheduled__2025-10-01T00:00:00+00:00 [queued]>
[2025-11-02T00:20:10.669+0000] {taskinstance.py:1956} INFO - Dependencies all met for dep_context=requeueable deps ti=<TaskInstance: gold_dimensions_pipeline.dbt_dim_merchant scheduled__2025-10-01T00:00:00+00:00 [queued]>
[2025-11-02T00:20:10.670+0000] {taskinstance.py:2170} INFO - Starting attempt 3 of 4
[2025-11-02T00:20:10.690+0000] {taskinstance.py:2191} INFO - Executing <Task(PythonOperator): dbt_dim_merchant> on 2025-10-01 00:00:00+00:00
[2025-11-02T00:20:10.700+0000] {standard_task_runner.py:60} INFO - Started process 13876 to run task
[2025-11-02T00:20:10.710+0000] {standard_task_runner.py:87} INFO - Running: ['***', 'tasks', 'run', 'gold_dimensions_pipeline', 'dbt_dim_merchant', 'scheduled__2025-10-01T00:00:00+00:00', '--job-id', '284', '--raw', '--subdir', 'DAGS_FOLDER/gold_dag.py', '--cfg-path', '/tmp/tmpf_qds6ci']
[2025-11-02T00:20:10.715+0000] {standard_task_runner.py:88} INFO - Job 284: Subtask dbt_dim_merchant
[2025-11-02T00:20:10.945+0000] {task_command.py:423} INFO - Running <TaskInstance: gold_dimensions_pipeline.dbt_dim_merchant scheduled__2025-10-01T00:00:00+00:00 [running]> on host 6335aa85b335
[2025-11-02T00:20:11.212+0000] {taskinstance.py:2480} INFO - Exporting env vars: AIRFLOW_CTX_DAG_OWNER='***' AIRFLOW_CTX_DAG_ID='gold_dimensions_pipeline' AIRFLOW_CTX_TASK_ID='dbt_dim_merchant' AIRFLOW_CTX_EXECUTION_DATE='2025-10-01T00:00:00+00:00' AIRFLOW_CTX_TRY_NUMBER='3' AIRFLOW_CTX_DAG_RUN_ID='scheduled__2025-10-01T00:00:00+00:00'
[2025-11-02T00:20:19.820+0000] {taskinstance.py:2698} ERROR - Task failed with exception
Traceback (most recent call last):
  File "/home/airflow/.local/lib/python3.8/site-packages/airflow/models/taskinstance.py", line 433, in _execute_task
    result = execute_callable(context=context, **execute_callable_kwargs)
  File "/home/airflow/.local/lib/python3.8/site-packages/airflow/operators/python.py", line 199, in execute
    return_value = self.execute_callable()
  File "/home/airflow/.local/lib/python3.8/site-packages/airflow/operators/python.py", line 216, in execute_callable
    return self.python_callable(*self.op_args, **self.op_kwargs)
  File "/opt/airflow/dags/gold_dag.py", line 185, in <lambda>
    python_callable=lambda ds, **_: _run_dbt(
  File "/opt/airflow/dags/gold_dag.py", line 112, in _run_dbt
    raise RuntimeError(f"dbt failed ({proc.returncode}).\nSTDOUT:\n{proc.stdout}\n\nSTDERR:\n{proc.stderr}")
RuntimeError: dbt failed (2).
STDOUT:
00:20:15  Running with dbt=1.5.9
00:20:15  Registered adapter: clickhouse=1.5.2
00:20:15  Unable to do partial parsing because config vars, config profile, or config target have changed
00:20:15  Unable to do partial parsing because a project config has changed
00:20:18  [WARNING]: Did not find matching node for patch with name 'dim_merchant' in the 'models' section of file 'models/gold/dim/_schema.yml'
00:20:18  [WARNING]: Did not find matching node for patch with name 'link_transactions' in the 'models' section of file 'models/silver/_schema.yml'
00:20:18  [WARNING]: Did not find matching node for patch with name 'payments' in the 'models' section of file 'models/silver/_schema.yml'
00:20:18  [WARNING]: Did not find matching node for patch with name 'merchants' in the 'models' section of file 'models/silver/_schema.yml'
00:20:18  Encountered an error:
Compilation Error
  Model 'model.ck_project.dim_merchants' (models/gold/dim/dim_merchants.sql) depends on a node named 'merchants' which was not found


STDERR:

[2025-11-02T00:20:19.854+0000] {taskinstance.py:1138} INFO - Marking task as UP_FOR_RETRY. dag_id=gold_dimensions_pipeline, task_id=dbt_dim_merchant, execution_date=20251001T000000, start_date=20251102T002010, end_date=20251102T002019
[2025-11-02T00:20:19.883+0000] {standard_task_runner.py:107} ERROR - Failed to execute job 284 for task dbt_dim_merchant (dbt failed (2).
STDOUT:
00:20:15  Running with dbt=1.5.9
00:20:15  Registered adapter: clickhouse=1.5.2
00:20:15  Unable to do partial parsing because config vars, config profile, or config target have changed
00:20:15  Unable to do partial parsing because a project config has changed
00:20:18  [WARNING]: Did not find matching node for patch with name 'dim_merchant' in the 'models' section of file 'models/gold/dim/_schema.yml'
00:20:18  [WARNING]: Did not find matching node for patch with name 'link_transactions' in the 'models' section of file 'models/silver/_schema.yml'
00:20:18  [WARNING]: Did not find matching node for patch with name 'payments' in the 'models' section of file 'models/silver/_schema.yml'
00:20:18  [WARNING]: Did not find matching node for patch with name 'merchants' in the 'models' section of file 'models/silver/_schema.yml'
00:20:18  Encountered an error:
Compilation Error
  Model 'model.ck_project.dim_merchants' (models/gold/dim/dim_merchants.sql) depends on a node named 'merchants' which was not found


STDERR:
; 13876)
[2025-11-02T00:20:19.913+0000] {local_task_job_runner.py:234} INFO - Task exited with return code 1
[2025-11-02T00:20:19.950+0000] {taskinstance.py:3280} INFO - 0 downstream tasks scheduled from follow-on schedule check
