[2025-11-02T00:15:19.050+0000] {taskinstance.py:1956} INFO - Dependencies all met for dep_context=non-requeueable deps ti=<TaskInstance: gold_dimensions_pipeline.dbt_dim_merchant scheduled__2025-10-01T00:00:00+00:00 [queued]>
[2025-11-02T00:15:19.065+0000] {taskinstance.py:1956} INFO - Dependencies all met for dep_context=requeueable deps ti=<TaskInstance: gold_dimensions_pipeline.dbt_dim_merchant scheduled__2025-10-01T00:00:00+00:00 [queued]>
[2025-11-02T00:15:19.067+0000] {taskinstance.py:2170} INFO - Starting attempt 1 of 2
[2025-11-02T00:15:19.091+0000] {taskinstance.py:2191} INFO - Executing <Task(PythonOperator): dbt_dim_merchant> on 2025-10-01 00:00:00+00:00
[2025-11-02T00:15:19.102+0000] {standard_task_runner.py:60} INFO - Started process 13496 to run task
[2025-11-02T00:15:19.108+0000] {standard_task_runner.py:87} INFO - Running: ['***', 'tasks', 'run', 'gold_dimensions_pipeline', 'dbt_dim_merchant', 'scheduled__2025-10-01T00:00:00+00:00', '--job-id', '275', '--raw', '--subdir', 'DAGS_FOLDER/gold_dag.py', '--cfg-path', '/tmp/tmp36wx3uvh']
[2025-11-02T00:15:19.115+0000] {standard_task_runner.py:88} INFO - Job 275: Subtask dbt_dim_merchant
[2025-11-02T00:15:19.237+0000] {task_command.py:423} INFO - Running <TaskInstance: gold_dimensions_pipeline.dbt_dim_merchant scheduled__2025-10-01T00:00:00+00:00 [running]> on host 6335aa85b335
[2025-11-02T00:15:19.495+0000] {taskinstance.py:2480} INFO - Exporting env vars: AIRFLOW_CTX_DAG_OWNER='***' AIRFLOW_CTX_DAG_ID='gold_dimensions_pipeline' AIRFLOW_CTX_TASK_ID='dbt_dim_merchant' AIRFLOW_CTX_EXECUTION_DATE='2025-10-01T00:00:00+00:00' AIRFLOW_CTX_TRY_NUMBER='1' AIRFLOW_CTX_DAG_RUN_ID='scheduled__2025-10-01T00:00:00+00:00'
[2025-11-02T00:15:26.943+0000] {taskinstance.py:2698} ERROR - Task failed with exception
Traceback (most recent call last):
  File "/home/airflow/.local/lib/python3.8/site-packages/airflow/models/taskinstance.py", line 433, in _execute_task
    result = execute_callable(context=context, **execute_callable_kwargs)
  File "/home/airflow/.local/lib/python3.8/site-packages/airflow/operators/python.py", line 199, in execute
    return_value = self.execute_callable()
  File "/home/airflow/.local/lib/python3.8/site-packages/airflow/operators/python.py", line 216, in execute_callable
    return self.python_callable(*self.op_args, **self.op_kwargs)
  File "/opt/airflow/dags/gold_dag.py", line 185, in <lambda>
    python_callable=lambda ds, **_: _run_dbt(
  File "/opt/airflow/dags/gold_dag.py", line 112, in _run_dbt
    raise RuntimeError(f"dbt failed ({proc.returncode}).\nSTDOUT:\n{proc.stdout}\n\nSTDERR:\n{proc.stderr}")
RuntimeError: dbt failed (2).
STDOUT:
00:15:22  Running with dbt=1.5.9
00:15:23  Registered adapter: clickhouse=1.5.2
00:15:23  Unable to do partial parsing because config vars, config profile, or config target have changed
00:15:23  Unable to do partial parsing because a project config has changed
00:15:25  Encountered an error:
Compilation Error in model dim_merchants (models/gold/dim/dim_merchants.sql)
  invalid syntax for function call expression
    line 1
      {{ config(


STDERR:

[2025-11-02T00:15:26.965+0000] {taskinstance.py:1138} INFO - Marking task as UP_FOR_RETRY. dag_id=gold_dimensions_pipeline, task_id=dbt_dim_merchant, execution_date=20251001T000000, start_date=20251102T001519, end_date=20251102T001526
[2025-11-02T00:15:26.984+0000] {standard_task_runner.py:107} ERROR - Failed to execute job 275 for task dbt_dim_merchant (dbt failed (2).
STDOUT:
00:15:22  Running with dbt=1.5.9
00:15:23  Registered adapter: clickhouse=1.5.2
00:15:23  Unable to do partial parsing because config vars, config profile, or config target have changed
00:15:23  Unable to do partial parsing because a project config has changed
00:15:25  Encountered an error:
Compilation Error in model dim_merchants (models/gold/dim/dim_merchants.sql)
  invalid syntax for function call expression
    line 1
      {{ config(


STDERR:
; 13496)
[2025-11-02T00:15:27.010+0000] {local_task_job_runner.py:234} INFO - Task exited with return code 1
[2025-11-02T00:15:27.035+0000] {taskinstance.py:3280} INFO - 0 downstream tasks scheduled from follow-on schedule check
