[2025-11-01T20:14:08.778+0000] {taskinstance.py:1956} INFO - Dependencies all met for dep_context=non-requeueable deps ti=<TaskInstance: silver_transformation_pipeline.ensure_bronze_prereqs scheduled__2025-10-09T00:00:00+00:00 [queued]>
[2025-11-01T20:14:08.788+0000] {taskinstance.py:1956} INFO - Dependencies all met for dep_context=requeueable deps ti=<TaskInstance: silver_transformation_pipeline.ensure_bronze_prereqs scheduled__2025-10-09T00:00:00+00:00 [queued]>
[2025-11-01T20:14:08.788+0000] {taskinstance.py:2170} INFO - Starting attempt 1 of 2
[2025-11-01T20:14:08.803+0000] {taskinstance.py:2191} INFO - Executing <Task(PythonOperator): ensure_bronze_prereqs> on 2025-10-09 00:00:00+00:00
[2025-11-01T20:14:08.809+0000] {standard_task_runner.py:60} INFO - Started process 1684 to run task
[2025-11-01T20:14:08.813+0000] {standard_task_runner.py:87} INFO - Running: ['***', 'tasks', 'run', 'silver_transformation_pipeline', 'ensure_bronze_prereqs', 'scheduled__2025-10-09T00:00:00+00:00', '--job-id', '164', '--raw', '--subdir', 'DAGS_FOLDER/silver_dag.py', '--cfg-path', '/tmp/tmpsy228u57']
[2025-11-01T20:14:08.816+0000] {standard_task_runner.py:88} INFO - Job 164: Subtask ensure_bronze_prereqs
[2025-11-01T20:14:08.891+0000] {task_command.py:423} INFO - Running <TaskInstance: silver_transformation_pipeline.ensure_bronze_prereqs scheduled__2025-10-09T00:00:00+00:00 [running]> on host 1a955fda0cfd
[2025-11-01T20:14:08.985+0000] {taskinstance.py:2480} INFO - Exporting env vars: AIRFLOW_CTX_DAG_OWNER='***' AIRFLOW_CTX_DAG_ID='silver_transformation_pipeline' AIRFLOW_CTX_TASK_ID='ensure_bronze_prereqs' AIRFLOW_CTX_EXECUTION_DATE='2025-10-09T00:00:00+00:00' AIRFLOW_CTX_TRY_NUMBER='1' AIRFLOW_CTX_DAG_RUN_ID='scheduled__2025-10-09T00:00:00+00:00'
[2025-11-01T20:14:08.987+0000] {crypto.py:82} WARNING - empty cryptography key - values will not be stored encrypted.
[2025-11-01T20:14:08.988+0000] {base.py:83} INFO - Using connection ID 'clickhouse_default' for task execution.
[2025-11-01T20:14:08.997+0000] {python.py:201} INFO - Done. Returned value was: None
[2025-11-01T20:14:09.008+0000] {taskinstance.py:1138} INFO - Marking task as SUCCESS. dag_id=silver_transformation_pipeline, task_id=ensure_bronze_prereqs, execution_date=20251009T000000, start_date=20251101T201408, end_date=20251101T201409
[2025-11-01T20:14:09.067+0000] {local_task_job_runner.py:234} INFO - Task exited with return code 0
[2025-11-01T20:14:09.089+0000] {taskinstance.py:3280} INFO - 3 downstream tasks scheduled from follow-on schedule check
[2025-11-01T20:20:51.774+0000] {taskinstance.py:1956} INFO - Dependencies all met for dep_context=non-requeueable deps ti=<TaskInstance: silver_transformation_pipeline.ensure_bronze_prereqs scheduled__2025-10-09T00:00:00+00:00 [queued]>
[2025-11-01T20:20:51.785+0000] {taskinstance.py:1956} INFO - Dependencies all met for dep_context=requeueable deps ti=<TaskInstance: silver_transformation_pipeline.ensure_bronze_prereqs scheduled__2025-10-09T00:00:00+00:00 [queued]>
[2025-11-01T20:20:51.786+0000] {taskinstance.py:2170} INFO - Starting attempt 1 of 2
[2025-11-01T20:20:51.799+0000] {taskinstance.py:2191} INFO - Executing <Task(PythonOperator): ensure_bronze_prereqs> on 2025-10-09 00:00:00+00:00
[2025-11-01T20:20:51.806+0000] {standard_task_runner.py:60} INFO - Started process 1342 to run task
[2025-11-01T20:20:51.809+0000] {standard_task_runner.py:87} INFO - Running: ['***', 'tasks', 'run', 'silver_transformation_pipeline', 'ensure_bronze_prereqs', 'scheduled__2025-10-09T00:00:00+00:00', '--job-id', '158', '--raw', '--subdir', 'DAGS_FOLDER/silver_dag.py', '--cfg-path', '/tmp/tmppv351ozx']
[2025-11-01T20:20:51.812+0000] {standard_task_runner.py:88} INFO - Job 158: Subtask ensure_bronze_prereqs
[2025-11-01T20:20:51.888+0000] {task_command.py:423} INFO - Running <TaskInstance: silver_transformation_pipeline.ensure_bronze_prereqs scheduled__2025-10-09T00:00:00+00:00 [running]> on host 6335aa85b335
[2025-11-01T20:20:51.984+0000] {taskinstance.py:2480} INFO - Exporting env vars: AIRFLOW_CTX_DAG_OWNER='***' AIRFLOW_CTX_DAG_ID='silver_transformation_pipeline' AIRFLOW_CTX_TASK_ID='ensure_bronze_prereqs' AIRFLOW_CTX_EXECUTION_DATE='2025-10-09T00:00:00+00:00' AIRFLOW_CTX_TRY_NUMBER='1' AIRFLOW_CTX_DAG_RUN_ID='scheduled__2025-10-09T00:00:00+00:00'
[2025-11-01T20:20:51.986+0000] {crypto.py:82} WARNING - empty cryptography key - values will not be stored encrypted.
[2025-11-01T20:20:51.987+0000] {base.py:83} INFO - Using connection ID 'clickhouse_default' for task execution.
[2025-11-01T20:20:51.997+0000] {python.py:201} INFO - Done. Returned value was: None
[2025-11-01T20:20:52.017+0000] {taskinstance.py:1138} INFO - Marking task as SUCCESS. dag_id=silver_transformation_pipeline, task_id=ensure_bronze_prereqs, execution_date=20251009T000000, start_date=20251101T202051, end_date=20251101T202052
[2025-11-01T20:20:52.063+0000] {local_task_job_runner.py:234} INFO - Task exited with return code 0
[2025-11-01T20:20:52.110+0000] {taskinstance.py:3280} INFO - 3 downstream tasks scheduled from follow-on schedule check
[2025-11-02T01:36:03.482+0000] {taskinstance.py:1956} INFO - Dependencies all met for dep_context=non-requeueable deps ti=<TaskInstance: silver_transformation_pipeline.ensure_bronze_prereqs scheduled__2025-10-09T00:00:00+00:00 [queued]>
[2025-11-02T01:36:03.492+0000] {taskinstance.py:1956} INFO - Dependencies all met for dep_context=requeueable deps ti=<TaskInstance: silver_transformation_pipeline.ensure_bronze_prereqs scheduled__2025-10-09T00:00:00+00:00 [queued]>
[2025-11-02T01:36:03.493+0000] {taskinstance.py:2170} INFO - Starting attempt 1 of 2
[2025-11-02T01:36:03.507+0000] {taskinstance.py:2191} INFO - Executing <Task(PythonOperator): ensure_bronze_prereqs> on 2025-10-09 00:00:00+00:00
[2025-11-02T01:36:03.514+0000] {standard_task_runner.py:60} INFO - Started process 1980 to run task
[2025-11-02T01:36:03.517+0000] {standard_task_runner.py:87} INFO - Running: ['***', 'tasks', 'run', 'silver_transformation_pipeline', 'ensure_bronze_prereqs', 'scheduled__2025-10-09T00:00:00+00:00', '--job-id', '162', '--raw', '--subdir', 'DAGS_FOLDER/silver_dag.py', '--cfg-path', '/tmp/tmpleudquk3']
[2025-11-02T01:36:03.520+0000] {standard_task_runner.py:88} INFO - Job 162: Subtask ensure_bronze_prereqs
[2025-11-02T01:36:03.594+0000] {task_command.py:423} INFO - Running <TaskInstance: silver_transformation_pipeline.ensure_bronze_prereqs scheduled__2025-10-09T00:00:00+00:00 [running]> on host 3b0074fa0b5e
[2025-11-02T01:36:03.693+0000] {taskinstance.py:2480} INFO - Exporting env vars: AIRFLOW_CTX_DAG_OWNER='***' AIRFLOW_CTX_DAG_ID='silver_transformation_pipeline' AIRFLOW_CTX_TASK_ID='ensure_bronze_prereqs' AIRFLOW_CTX_EXECUTION_DATE='2025-10-09T00:00:00+00:00' AIRFLOW_CTX_TRY_NUMBER='1' AIRFLOW_CTX_DAG_RUN_ID='scheduled__2025-10-09T00:00:00+00:00'
[2025-11-02T01:36:03.696+0000] {crypto.py:82} WARNING - empty cryptography key - values will not be stored encrypted.
[2025-11-02T01:36:03.697+0000] {base.py:83} INFO - Using connection ID 'clickhouse_default' for task execution.
[2025-11-02T01:36:03.708+0000] {python.py:201} INFO - Done. Returned value was: None
[2025-11-02T01:36:03.721+0000] {taskinstance.py:1138} INFO - Marking task as SUCCESS. dag_id=silver_transformation_pipeline, task_id=ensure_bronze_prereqs, execution_date=20251009T000000, start_date=20251102T013603, end_date=20251102T013603
[2025-11-02T01:36:03.771+0000] {local_task_job_runner.py:234} INFO - Task exited with return code 0
[2025-11-02T01:36:03.797+0000] {taskinstance.py:3280} INFO - 3 downstream tasks scheduled from follow-on schedule check
[2025-11-02T11:31:10.203+0000] {taskinstance.py:1956} INFO - Dependencies all met for dep_context=non-requeueable deps ti=<TaskInstance: silver_transformation_pipeline.ensure_bronze_prereqs scheduled__2025-10-09T00:00:00+00:00 [queued]>
[2025-11-02T11:31:10.216+0000] {taskinstance.py:1956} INFO - Dependencies all met for dep_context=requeueable deps ti=<TaskInstance: silver_transformation_pipeline.ensure_bronze_prereqs scheduled__2025-10-09T00:00:00+00:00 [queued]>
[2025-11-02T11:31:10.217+0000] {taskinstance.py:2170} INFO - Starting attempt 1 of 2
[2025-11-02T11:31:10.232+0000] {taskinstance.py:2191} INFO - Executing <Task(PythonOperator): ensure_bronze_prereqs> on 2025-10-09 00:00:00+00:00
[2025-11-02T11:31:10.238+0000] {standard_task_runner.py:60} INFO - Started process 2011 to run task
[2025-11-02T11:31:10.241+0000] {standard_task_runner.py:87} INFO - Running: ['***', 'tasks', 'run', 'silver_transformation_pipeline', 'ensure_bronze_prereqs', 'scheduled__2025-10-09T00:00:00+00:00', '--job-id', '170', '--raw', '--subdir', 'DAGS_FOLDER/silver_dag.py', '--cfg-path', '/tmp/tmp_yu569il']
[2025-11-02T11:31:10.243+0000] {standard_task_runner.py:88} INFO - Job 170: Subtask ensure_bronze_prereqs
[2025-11-02T11:31:10.334+0000] {task_command.py:423} INFO - Running <TaskInstance: silver_transformation_pipeline.ensure_bronze_prereqs scheduled__2025-10-09T00:00:00+00:00 [running]> on host 0d39d4365eb9
[2025-11-02T11:31:10.457+0000] {taskinstance.py:2480} INFO - Exporting env vars: AIRFLOW_CTX_DAG_OWNER='***' AIRFLOW_CTX_DAG_ID='silver_transformation_pipeline' AIRFLOW_CTX_TASK_ID='ensure_bronze_prereqs' AIRFLOW_CTX_EXECUTION_DATE='2025-10-09T00:00:00+00:00' AIRFLOW_CTX_TRY_NUMBER='1' AIRFLOW_CTX_DAG_RUN_ID='scheduled__2025-10-09T00:00:00+00:00'
[2025-11-02T11:31:10.461+0000] {crypto.py:82} WARNING - empty cryptography key - values will not be stored encrypted.
[2025-11-02T11:31:10.463+0000] {base.py:83} INFO - Using connection ID 'clickhouse_default' for task execution.
[2025-11-02T11:31:10.477+0000] {python.py:201} INFO - Done. Returned value was: None
[2025-11-02T11:31:10.494+0000] {taskinstance.py:1138} INFO - Marking task as SUCCESS. dag_id=silver_transformation_pipeline, task_id=ensure_bronze_prereqs, execution_date=20251009T000000, start_date=20251102T113110, end_date=20251102T113110
[2025-11-02T11:31:10.535+0000] {local_task_job_runner.py:234} INFO - Task exited with return code 0
[2025-11-02T11:31:10.571+0000] {taskinstance.py:3280} INFO - 3 downstream tasks scheduled from follow-on schedule check
