[2025-11-02T18:47:10.058+0000] {taskinstance.py:1956} INFO - Dependencies all met for dep_context=non-requeueable deps ti=<TaskInstance: gold_dimensions_pipeline.dbt_dim_payment_state scheduled__2025-10-05T00:00:00+00:00 [queued]>
[2025-11-02T18:47:10.075+0000] {taskinstance.py:1956} INFO - Dependencies all met for dep_context=requeueable deps ti=<TaskInstance: gold_dimensions_pipeline.dbt_dim_payment_state scheduled__2025-10-05T00:00:00+00:00 [queued]>
[2025-11-02T18:47:10.077+0000] {taskinstance.py:2170} INFO - Starting attempt 1 of 3
[2025-11-02T18:47:10.117+0000] {taskinstance.py:2191} INFO - Executing <Task(PythonOperator): dbt_dim_payment_state> on 2025-10-05 00:00:00+00:00
[2025-11-02T18:47:10.126+0000] {standard_task_runner.py:60} INFO - Started process 8229 to run task
[2025-11-02T18:47:10.135+0000] {standard_task_runner.py:87} INFO - Running: ['***', 'tasks', 'run', 'gold_dimensions_pipeline', 'dbt_dim_payment_state', 'scheduled__2025-10-05T00:00:00+00:00', '--job-id', '47', '--raw', '--subdir', 'DAGS_FOLDER/gold_dag.py', '--cfg-path', '/tmp/tmp25pxmx2z']
[2025-11-02T18:47:10.141+0000] {standard_task_runner.py:88} INFO - Job 47: Subtask dbt_dim_payment_state
[2025-11-02T18:47:10.288+0000] {task_command.py:423} INFO - Running <TaskInstance: gold_dimensions_pipeline.dbt_dim_payment_state scheduled__2025-10-05T00:00:00+00:00 [running]> on host 65b87e279dde
[2025-11-02T18:47:10.451+0000] {taskinstance.py:2480} INFO - Exporting env vars: AIRFLOW_CTX_DAG_OWNER='***' AIRFLOW_CTX_DAG_ID='gold_dimensions_pipeline' AIRFLOW_CTX_TASK_ID='dbt_dim_payment_state' AIRFLOW_CTX_EXECUTION_DATE='2025-10-05T00:00:00+00:00' AIRFLOW_CTX_TRY_NUMBER='1' AIRFLOW_CTX_DAG_RUN_ID='scheduled__2025-10-05T00:00:00+00:00'
[2025-11-02T18:47:14.200+0000] {logging_mixin.py:188} INFO - 18:47:14  Running with dbt=1.5.9
[2025-11-02T18:47:14.446+0000] {logging_mixin.py:188} INFO - 18:47:14  Registered adapter: clickhouse=1.5.2
[2025-11-02T18:47:16.442+0000] {logging_mixin.py:188} INFO - 18:47:16  [WARNING]: Configuration paths exist in your dbt_project.yml file which do not apply to any resources.
[2025-11-02T18:47:16.443+0000] {logging_mixin.py:188} INFO - There are 1 unused configuration paths:
[2025-11-02T18:47:16.444+0000] {logging_mixin.py:188} INFO - - models.ck_project.bronze
[2025-11-02T18:47:16.501+0000] {logging_mixin.py:188} INFO - 18:47:16  Found 8 models, 20 tests, 0 snapshots, 0 analyses, 349 macros, 0 operations, 0 seed files, 6 sources, 0 exposures, 0 metrics, 0 groups
[2025-11-02T18:47:16.506+0000] {logging_mixin.py:188} INFO - 18:47:16
[2025-11-02T18:47:17.036+0000] {logging_mixin.py:188} INFO - 18:47:17  Concurrency: 4 threads (target='dev')
[2025-11-02T18:47:17.037+0000] {logging_mixin.py:188} INFO - 18:47:17
[2025-11-02T18:47:17.074+0000] {logging_mixin.py:188} INFO - 18:47:17  1 of 1 START sql table model gold.dim_payment_state ............................ [RUN]
[2025-11-02T18:47:17.430+0000] {logging_mixin.py:188} INFO - 18:47:17  1 of 1 OK created sql table model gold.dim_payment_state ....................... [OK in 0.35s]
[2025-11-02T18:47:17.444+0000] {logging_mixin.py:188} INFO - 18:47:17
[2025-11-02T18:47:17.445+0000] {logging_mixin.py:188} INFO - 18:47:17  Finished running 1 table model in 0 hours 0 minutes and 0.94 seconds (0.94s).
[2025-11-02T18:47:17.487+0000] {logging_mixin.py:188} INFO - 18:47:17
[2025-11-02T18:47:17.489+0000] {logging_mixin.py:188} INFO - 18:47:17  Completed successfully
[2025-11-02T18:47:17.490+0000] {logging_mixin.py:188} INFO - 18:47:17
[2025-11-02T18:47:17.492+0000] {logging_mixin.py:188} INFO - 18:47:17  Done. PASS=1 WARN=0 ERROR=0 SKIP=0 TOTAL=1
[2025-11-02T18:47:18.427+0000] {python.py:201} INFO - Done. Returned value was: None
[2025-11-02T18:47:18.456+0000] {taskinstance.py:1138} INFO - Marking task as SUCCESS. dag_id=gold_dimensions_pipeline, task_id=dbt_dim_payment_state, execution_date=20251005T000000, start_date=20251102T184710, end_date=20251102T184718
[2025-11-02T18:47:18.502+0000] {local_task_job_runner.py:234} INFO - Task exited with return code 0
[2025-11-02T18:47:18.542+0000] {taskinstance.py:3280} INFO - 0 downstream tasks scheduled from follow-on schedule check
