[2025-11-01T20:07:20.115+0000] {taskinstance.py:1956} INFO - Dependencies all met for dep_context=non-requeueable deps ti=<TaskInstance: ingestion_pipeline.load_payments_bronze scheduled__2025-10-29T00:00:00+00:00 [queued]>
[2025-11-01T20:07:20.170+0000] {taskinstance.py:1956} INFO - Dependencies all met for dep_context=requeueable deps ti=<TaskInstance: ingestion_pipeline.load_payments_bronze scheduled__2025-10-29T00:00:00+00:00 [queued]>
[2025-11-01T20:07:20.186+0000] {taskinstance.py:2170} INFO - Starting attempt 1 of 2
[2025-11-01T20:07:20.360+0000] {taskinstance.py:2191} INFO - Executing <Task(PythonOperator): load_payments_bronze> on 2025-10-29 00:00:00+00:00
[2025-11-01T20:07:20.395+0000] {standard_task_runner.py:60} INFO - Started process 849 to run task
[2025-11-01T20:07:20.413+0000] {standard_task_runner.py:87} INFO - Running: ['***', 'tasks', 'run', 'ingestion_pipeline', 'load_payments_bronze', 'scheduled__2025-10-29T00:00:00+00:00', '--job-id', '117', '--raw', '--subdir', 'DAGS_FOLDER/ingestion_dag.py', '--cfg-path', '/tmp/tmp60lrwbae']
[2025-11-01T20:07:20.417+0000] {standard_task_runner.py:88} INFO - Job 117: Subtask load_payments_bronze
[2025-11-01T20:07:20.738+0000] {task_command.py:423} INFO - Running <TaskInstance: ingestion_pipeline.load_payments_bronze scheduled__2025-10-29T00:00:00+00:00 [running]> on host 1a955fda0cfd
[2025-11-01T20:07:21.087+0000] {taskinstance.py:2480} INFO - Exporting env vars: AIRFLOW_CTX_DAG_OWNER='***' AIRFLOW_CTX_DAG_ID='ingestion_pipeline' AIRFLOW_CTX_TASK_ID='load_payments_bronze' AIRFLOW_CTX_EXECUTION_DATE='2025-10-29T00:00:00+00:00' AIRFLOW_CTX_TRY_NUMBER='1' AIRFLOW_CTX_DAG_RUN_ID='scheduled__2025-10-29T00:00:00+00:00'
[2025-11-01T20:07:23.899+0000] {payments_to_clickhouse.py:89} INFO - [payments->ch] Target CSV: /tmp/data/payments/payments-20251029.csv
[2025-11-01T20:07:23.938+0000] {payments_to_clickhouse.py:94} INFO - [payments->ch] Folder listing: ['payments-20251001.csv', 'payments-20251002.csv', 'payments-20251003.csv']
[2025-11-01T20:07:23.943+0000] {payments_to_clickhouse.py:100} WARNING - [payments->ch] File not found. Skipping.
[2025-11-01T20:07:23.951+0000] {python.py:201} INFO - Done. Returned value was: None
[2025-11-01T20:07:23.986+0000] {taskinstance.py:1138} INFO - Marking task as SUCCESS. dag_id=ingestion_pipeline, task_id=load_payments_bronze, execution_date=20251029T000000, start_date=20251101T200720, end_date=20251101T200723
[2025-11-01T20:07:24.158+0000] {local_task_job_runner.py:234} INFO - Task exited with return code 0
[2025-11-01T20:07:24.198+0000] {taskinstance.py:3280} INFO - 0 downstream tasks scheduled from follow-on schedule check
[2025-11-01T20:18:45.473+0000] {taskinstance.py:1956} INFO - Dependencies all met for dep_context=non-requeueable deps ti=<TaskInstance: ingestion_pipeline.load_payments_bronze scheduled__2025-10-29T00:00:00+00:00 [queued]>
[2025-11-01T20:18:45.495+0000] {taskinstance.py:1956} INFO - Dependencies all met for dep_context=requeueable deps ti=<TaskInstance: ingestion_pipeline.load_payments_bronze scheduled__2025-10-29T00:00:00+00:00 [queued]>
[2025-11-01T20:18:45.496+0000] {taskinstance.py:2170} INFO - Starting attempt 1 of 2
[2025-11-01T20:18:45.546+0000] {taskinstance.py:2191} INFO - Executing <Task(PythonOperator): load_payments_bronze> on 2025-10-29 00:00:00+00:00
[2025-11-01T20:18:45.571+0000] {standard_task_runner.py:60} INFO - Started process 869 to run task
[2025-11-01T20:18:45.581+0000] {standard_task_runner.py:87} INFO - Running: ['***', 'tasks', 'run', 'ingestion_pipeline', 'load_payments_bronze', 'scheduled__2025-10-29T00:00:00+00:00', '--job-id', '119', '--raw', '--subdir', 'DAGS_FOLDER/ingestion_dag.py', '--cfg-path', '/tmp/tmpqn64oowz']
[2025-11-01T20:18:45.596+0000] {standard_task_runner.py:88} INFO - Job 119: Subtask load_payments_bronze
[2025-11-01T20:18:45.760+0000] {task_command.py:423} INFO - Running <TaskInstance: ingestion_pipeline.load_payments_bronze scheduled__2025-10-29T00:00:00+00:00 [running]> on host 6335aa85b335
[2025-11-01T20:18:46.005+0000] {taskinstance.py:2480} INFO - Exporting env vars: AIRFLOW_CTX_DAG_OWNER='***' AIRFLOW_CTX_DAG_ID='ingestion_pipeline' AIRFLOW_CTX_TASK_ID='load_payments_bronze' AIRFLOW_CTX_EXECUTION_DATE='2025-10-29T00:00:00+00:00' AIRFLOW_CTX_TRY_NUMBER='1' AIRFLOW_CTX_DAG_RUN_ID='scheduled__2025-10-29T00:00:00+00:00'
[2025-11-01T20:18:47.763+0000] {payments_to_clickhouse.py:89} INFO - [payments->ch] Target CSV: /tmp/data/payments/payments-20251029.csv
[2025-11-01T20:18:47.775+0000] {payments_to_clickhouse.py:94} INFO - [payments->ch] Folder listing: ['payments-20251001.csv', 'payments-20251002.csv', 'payments-20251003.csv', 'payments-20251004.csv']
[2025-11-01T20:18:47.778+0000] {payments_to_clickhouse.py:100} WARNING - [payments->ch] File not found. Skipping.
[2025-11-01T20:18:47.779+0000] {python.py:201} INFO - Done. Returned value was: None
[2025-11-01T20:18:47.816+0000] {taskinstance.py:1138} INFO - Marking task as SUCCESS. dag_id=ingestion_pipeline, task_id=load_payments_bronze, execution_date=20251029T000000, start_date=20251101T201845, end_date=20251101T201847
[2025-11-01T20:18:47.915+0000] {local_task_job_runner.py:234} INFO - Task exited with return code 0
[2025-11-01T20:18:47.988+0000] {taskinstance.py:3280} INFO - 0 downstream tasks scheduled from follow-on schedule check
[2025-11-02T01:30:09.451+0000] {taskinstance.py:1956} INFO - Dependencies all met for dep_context=non-requeueable deps ti=<TaskInstance: ingestion_pipeline.load_payments_bronze scheduled__2025-10-29T00:00:00+00:00 [queued]>
[2025-11-02T01:30:09.487+0000] {taskinstance.py:1956} INFO - Dependencies all met for dep_context=requeueable deps ti=<TaskInstance: ingestion_pipeline.load_payments_bronze scheduled__2025-10-29T00:00:00+00:00 [queued]>
[2025-11-02T01:30:09.494+0000] {taskinstance.py:2170} INFO - Starting attempt 1 of 2
[2025-11-02T01:30:09.951+0000] {taskinstance.py:2191} INFO - Executing <Task(PythonOperator): load_payments_bronze> on 2025-10-29 00:00:00+00:00
[2025-11-02T01:30:10.070+0000] {standard_task_runner.py:60} INFO - Started process 999 to run task
[2025-11-02T01:30:10.090+0000] {standard_task_runner.py:87} INFO - Running: ['***', 'tasks', 'run', 'ingestion_pipeline', 'load_payments_bronze', 'scheduled__2025-10-29T00:00:00+00:00', '--job-id', '121', '--raw', '--subdir', 'DAGS_FOLDER/ingestion_dag.py', '--cfg-path', '/tmp/tmpyxc5ieb2']
[2025-11-02T01:30:10.162+0000] {standard_task_runner.py:88} INFO - Job 121: Subtask load_payments_bronze
[2025-11-02T01:30:10.752+0000] {task_command.py:423} INFO - Running <TaskInstance: ingestion_pipeline.load_payments_bronze scheduled__2025-10-29T00:00:00+00:00 [running]> on host 3b0074fa0b5e
[2025-11-02T01:30:11.735+0000] {taskinstance.py:2480} INFO - Exporting env vars: AIRFLOW_CTX_DAG_OWNER='***' AIRFLOW_CTX_DAG_ID='ingestion_pipeline' AIRFLOW_CTX_TASK_ID='load_payments_bronze' AIRFLOW_CTX_EXECUTION_DATE='2025-10-29T00:00:00+00:00' AIRFLOW_CTX_TRY_NUMBER='1' AIRFLOW_CTX_DAG_RUN_ID='scheduled__2025-10-29T00:00:00+00:00'
[2025-11-02T01:30:15.798+0000] {payments_to_clickhouse.py:89} INFO - [payments->ch] Target CSV: /tmp/data/payments/payments-20251029.csv
[2025-11-02T01:30:15.819+0000] {payments_to_clickhouse.py:94} INFO - [payments->ch] Folder listing: ['payments-20251001.csv', 'payments-20251002.csv', 'payments-20251003.csv', 'payments-20251004.csv']
[2025-11-02T01:30:15.821+0000] {payments_to_clickhouse.py:100} WARNING - [payments->ch] File not found. Skipping.
[2025-11-02T01:30:15.822+0000] {python.py:201} INFO - Done. Returned value was: None
[2025-11-02T01:30:15.866+0000] {taskinstance.py:1138} INFO - Marking task as SUCCESS. dag_id=ingestion_pipeline, task_id=load_payments_bronze, execution_date=20251029T000000, start_date=20251102T013009, end_date=20251102T013015
[2025-11-02T01:30:16.227+0000] {local_task_job_runner.py:234} INFO - Task exited with return code 0
[2025-11-02T01:30:16.337+0000] {taskinstance.py:3280} INFO - 0 downstream tasks scheduled from follow-on schedule check
[2025-11-02T11:28:08.344+0000] {taskinstance.py:1956} INFO - Dependencies all met for dep_context=non-requeueable deps ti=<TaskInstance: ingestion_pipeline.load_payments_bronze scheduled__2025-10-29T00:00:00+00:00 [queued]>
[2025-11-02T11:28:08.403+0000] {taskinstance.py:1956} INFO - Dependencies all met for dep_context=requeueable deps ti=<TaskInstance: ingestion_pipeline.load_payments_bronze scheduled__2025-10-29T00:00:00+00:00 [queued]>
[2025-11-02T11:28:08.410+0000] {taskinstance.py:2170} INFO - Starting attempt 1 of 2
[2025-11-02T11:28:08.508+0000] {taskinstance.py:2191} INFO - Executing <Task(PythonOperator): load_payments_bronze> on 2025-10-29 00:00:00+00:00
[2025-11-02T11:28:08.529+0000] {standard_task_runner.py:60} INFO - Started process 1115 to run task
[2025-11-02T11:28:08.569+0000] {standard_task_runner.py:87} INFO - Running: ['***', 'tasks', 'run', 'ingestion_pipeline', 'load_payments_bronze', 'scheduled__2025-10-29T00:00:00+00:00', '--job-id', '115', '--raw', '--subdir', 'DAGS_FOLDER/ingestion_dag.py', '--cfg-path', '/tmp/tmp29qfn2oe']
[2025-11-02T11:28:08.602+0000] {standard_task_runner.py:88} INFO - Job 115: Subtask load_payments_bronze
[2025-11-02T11:28:09.022+0000] {task_command.py:423} INFO - Running <TaskInstance: ingestion_pipeline.load_payments_bronze scheduled__2025-10-29T00:00:00+00:00 [running]> on host 0d39d4365eb9
[2025-11-02T11:28:09.614+0000] {taskinstance.py:2480} INFO - Exporting env vars: AIRFLOW_CTX_DAG_OWNER='***' AIRFLOW_CTX_DAG_ID='ingestion_pipeline' AIRFLOW_CTX_TASK_ID='load_payments_bronze' AIRFLOW_CTX_EXECUTION_DATE='2025-10-29T00:00:00+00:00' AIRFLOW_CTX_TRY_NUMBER='1' AIRFLOW_CTX_DAG_RUN_ID='scheduled__2025-10-29T00:00:00+00:00'
[2025-11-02T11:28:13.583+0000] {payments_to_clickhouse.py:89} INFO - [payments->ch] Target CSV: /tmp/data/payments/payments-20251029.csv
[2025-11-02T11:28:13.605+0000] {payments_to_clickhouse.py:94} INFO - [payments->ch] Folder listing: ['payments-20251001.csv', 'payments-20251002.csv', 'payments-20251003.csv', 'payments-20251004.csv']
[2025-11-02T11:28:13.610+0000] {payments_to_clickhouse.py:100} WARNING - [payments->ch] File not found. Skipping.
[2025-11-02T11:28:13.612+0000] {python.py:201} INFO - Done. Returned value was: None
[2025-11-02T11:28:13.742+0000] {taskinstance.py:1138} INFO - Marking task as SUCCESS. dag_id=ingestion_pipeline, task_id=load_payments_bronze, execution_date=20251029T000000, start_date=20251102T112808, end_date=20251102T112813
[2025-11-02T11:28:14.002+0000] {local_task_job_runner.py:234} INFO - Task exited with return code 0
[2025-11-02T11:28:14.249+0000] {taskinstance.py:3280} INFO - 0 downstream tasks scheduled from follow-on schedule check
