[2025-11-01T11:40:44.076+0000] {taskinstance.py:1956} INFO - Dependencies all met for dep_context=non-requeueable deps ti=<TaskInstance: ingestion_pipeline.load_link_transactions_to_mongo scheduled__2025-10-31T00:00:00+00:00 [queued]>
[2025-11-01T11:40:44.107+0000] {taskinstance.py:1956} INFO - Dependencies all met for dep_context=requeueable deps ti=<TaskInstance: ingestion_pipeline.load_link_transactions_to_mongo scheduled__2025-10-31T00:00:00+00:00 [queued]>
[2025-11-01T11:40:44.108+0000] {taskinstance.py:2170} INFO - Starting attempt 1 of 2
[2025-11-01T11:40:44.159+0000] {taskinstance.py:2191} INFO - Executing <Task(PythonOperator): load_link_transactions_to_mongo> on 2025-10-31 00:00:00+00:00
[2025-11-01T11:40:44.190+0000] {standard_task_runner.py:60} INFO - Started process 444 to run task
[2025-11-01T11:40:44.221+0000] {standard_task_runner.py:87} INFO - Running: ['***', 'tasks', 'run', 'ingestion_pipeline', 'load_link_transactions_to_mongo', 'scheduled__2025-10-31T00:00:00+00:00', '--job-id', '13', '--raw', '--subdir', 'DAGS_FOLDER/ingestion_dag.py', '--cfg-path', '/tmp/tmpx609rkgm']
[2025-11-01T11:40:44.230+0000] {standard_task_runner.py:88} INFO - Job 13: Subtask load_link_transactions_to_mongo
[2025-11-01T11:40:44.531+0000] {task_command.py:423} INFO - Running <TaskInstance: ingestion_pipeline.load_link_transactions_to_mongo scheduled__2025-10-31T00:00:00+00:00 [running]> on host 6ac9b46937d1
[2025-11-01T11:40:44.930+0000] {taskinstance.py:2480} INFO - Exporting env vars: AIRFLOW_CTX_DAG_OWNER='***' AIRFLOW_CTX_DAG_ID='ingestion_pipeline' AIRFLOW_CTX_TASK_ID='load_link_transactions_to_mongo' AIRFLOW_CTX_EXECUTION_DATE='2025-10-31T00:00:00+00:00' AIRFLOW_CTX_TRY_NUMBER='1' AIRFLOW_CTX_DAG_RUN_ID='scheduled__2025-10-31T00:00:00+00:00'
[2025-11-01T11:40:49.455+0000] {mongo_ingestion.py:73} INFO - [mongo/link_tx] Target CSV: /tmp/data/link_transactions/link_transactions-20251031.csv
[2025-11-01T11:40:49.482+0000] {mongo_ingestion.py:76} INFO - [mongo/link_tx] Directory listing: ['link_transactions-20251001.csv', 'link_transactions-20251002.csv', 'link_transactions-20251003.csv', 'link_transactions-20251004.csv']
[2025-11-01T11:40:49.503+0000] {mongo_ingestion.py:82} WARNING - [mongo/link_tx] File not found, skipping.
[2025-11-01T11:40:49.505+0000] {python.py:201} INFO - Done. Returned value was: None
[2025-11-01T11:40:49.710+0000] {taskinstance.py:1138} INFO - Marking task as SUCCESS. dag_id=ingestion_pipeline, task_id=load_link_transactions_to_mongo, execution_date=20251031T000000, start_date=20251101T114044, end_date=20251101T114049
[2025-11-01T11:40:50.289+0000] {local_task_job_runner.py:234} INFO - Task exited with return code 0
[2025-11-01T11:40:50.517+0000] {taskinstance.py:3280} INFO - 0 downstream tasks scheduled from follow-on schedule check
[2025-11-01T12:25:47.066+0000] {taskinstance.py:1956} INFO - Dependencies all met for dep_context=non-requeueable deps ti=<TaskInstance: ingestion_pipeline.load_link_transactions_to_mongo scheduled__2025-10-31T00:00:00+00:00 [queued]>
[2025-11-01T12:25:47.098+0000] {taskinstance.py:1956} INFO - Dependencies all met for dep_context=requeueable deps ti=<TaskInstance: ingestion_pipeline.load_link_transactions_to_mongo scheduled__2025-10-31T00:00:00+00:00 [queued]>
[2025-11-01T12:25:47.105+0000] {taskinstance.py:2170} INFO - Starting attempt 1 of 2
[2025-11-01T12:25:47.177+0000] {taskinstance.py:2191} INFO - Executing <Task(PythonOperator): load_link_transactions_to_mongo> on 2025-10-31 00:00:00+00:00
[2025-11-01T12:25:47.209+0000] {standard_task_runner.py:60} INFO - Started process 384 to run task
[2025-11-01T12:25:47.226+0000] {standard_task_runner.py:87} INFO - Running: ['***', 'tasks', 'run', 'ingestion_pipeline', 'load_link_transactions_to_mongo', 'scheduled__2025-10-31T00:00:00+00:00', '--job-id', '10', '--raw', '--subdir', 'DAGS_FOLDER/ingestion_dag.py', '--cfg-path', '/tmp/tmpwe3ogknn']
[2025-11-01T12:25:47.233+0000] {standard_task_runner.py:88} INFO - Job 10: Subtask load_link_transactions_to_mongo
[2025-11-01T12:25:47.440+0000] {task_command.py:423} INFO - Running <TaskInstance: ingestion_pipeline.load_link_transactions_to_mongo scheduled__2025-10-31T00:00:00+00:00 [running]> on host dfaa589643e1
[2025-11-01T12:25:47.714+0000] {taskinstance.py:2480} INFO - Exporting env vars: AIRFLOW_CTX_DAG_OWNER='***' AIRFLOW_CTX_DAG_ID='ingestion_pipeline' AIRFLOW_CTX_TASK_ID='load_link_transactions_to_mongo' AIRFLOW_CTX_EXECUTION_DATE='2025-10-31T00:00:00+00:00' AIRFLOW_CTX_TRY_NUMBER='1' AIRFLOW_CTX_DAG_RUN_ID='scheduled__2025-10-31T00:00:00+00:00'
[2025-11-01T12:25:50.940+0000] {mongo_ingestion.py:58} INFO - [mongo/link_tx] Target CSV: /tmp/data/link_transactions/link_transactions-20251002.csv
[2025-11-01T12:25:50.985+0000] {mongo_ingestion.py:61} INFO - [mongo/link_tx] Directory listing: ['link_transactions-20251001.csv', 'link_transactions-20251002.csv', 'link_transactions-20251003.csv', 'link_transactions-20251004.csv']
[2025-11-01T12:25:51.236+0000] {crypto.py:82} WARNING - empty cryptography key - values will not be stored encrypted.
[2025-11-01T12:25:51.240+0000] {base.py:83} INFO - Using connection ID 'mongo_default' for task execution.
[2025-11-01T12:25:51.362+0000] {mongo_ingestion.py:112} INFO - [mongo/link_tx] Inserted 577 docs into link_transactions_raw.
[2025-11-01T12:25:51.364+0000] {mongo_ingestion.py:115} INFO - [mongo/link_tx] MongoDB connection closed.
[2025-11-01T12:25:51.370+0000] {python.py:201} INFO - Done. Returned value was: None
[2025-11-01T12:25:51.404+0000] {taskinstance.py:1138} INFO - Marking task as SUCCESS. dag_id=ingestion_pipeline, task_id=load_link_transactions_to_mongo, execution_date=20251031T000000, start_date=20251101T122547, end_date=20251101T122551
[2025-11-01T12:25:51.495+0000] {local_task_job_runner.py:234} INFO - Task exited with return code 0
[2025-11-01T12:25:51.547+0000] {taskinstance.py:3280} INFO - 1 downstream tasks scheduled from follow-on schedule check
[2025-11-01T12:32:48.178+0000] {taskinstance.py:1956} INFO - Dependencies all met for dep_context=non-requeueable deps ti=<TaskInstance: ingestion_pipeline.load_link_transactions_to_mongo scheduled__2025-10-31T00:00:00+00:00 [queued]>
[2025-11-01T12:32:48.196+0000] {taskinstance.py:1956} INFO - Dependencies all met for dep_context=requeueable deps ti=<TaskInstance: ingestion_pipeline.load_link_transactions_to_mongo scheduled__2025-10-31T00:00:00+00:00 [queued]>
[2025-11-01T12:32:48.197+0000] {taskinstance.py:2170} INFO - Starting attempt 1 of 2
[2025-11-01T12:32:48.218+0000] {taskinstance.py:2191} INFO - Executing <Task(PythonOperator): load_link_transactions_to_mongo> on 2025-10-31 00:00:00+00:00
[2025-11-01T12:32:48.236+0000] {standard_task_runner.py:60} INFO - Started process 882 to run task
[2025-11-01T12:32:48.244+0000] {standard_task_runner.py:87} INFO - Running: ['***', 'tasks', 'run', 'ingestion_pipeline', 'load_link_transactions_to_mongo', 'scheduled__2025-10-31T00:00:00+00:00', '--job-id', '28', '--raw', '--subdir', 'DAGS_FOLDER/ingestion_dag.py', '--cfg-path', '/tmp/tmpf2ayqmhp']
[2025-11-01T12:32:48.249+0000] {standard_task_runner.py:88} INFO - Job 28: Subtask load_link_transactions_to_mongo
[2025-11-01T12:32:48.396+0000] {task_command.py:423} INFO - Running <TaskInstance: ingestion_pipeline.load_link_transactions_to_mongo scheduled__2025-10-31T00:00:00+00:00 [running]> on host dfaa589643e1
[2025-11-01T12:32:48.555+0000] {taskinstance.py:2480} INFO - Exporting env vars: AIRFLOW_CTX_DAG_OWNER='***' AIRFLOW_CTX_DAG_ID='ingestion_pipeline' AIRFLOW_CTX_TASK_ID='load_link_transactions_to_mongo' AIRFLOW_CTX_EXECUTION_DATE='2025-10-31T00:00:00+00:00' AIRFLOW_CTX_TRY_NUMBER='1' AIRFLOW_CTX_DAG_RUN_ID='scheduled__2025-10-31T00:00:00+00:00'
[2025-11-01T12:32:49.475+0000] {mongo_ingestion.py:58} INFO - [mongo/link_tx] Target CSV: /tmp/data/link_transactions/link_transactions-20251002.csv
[2025-11-01T12:32:49.481+0000] {mongo_ingestion.py:61} INFO - [mongo/link_tx] Directory listing: ['link_transactions-20251001.csv', 'link_transactions-20251002.csv', 'link_transactions-20251003.csv', 'link_transactions-20251004.csv']
[2025-11-01T12:32:49.622+0000] {crypto.py:82} WARNING - empty cryptography key - values will not be stored encrypted.
[2025-11-01T12:32:49.624+0000] {base.py:83} INFO - Using connection ID 'mongo_default' for task execution.
[2025-11-01T12:32:49.707+0000] {mongo_ingestion.py:112} INFO - [mongo/link_tx] Inserted 577 docs into link_transactions_raw.
[2025-11-01T12:32:49.713+0000] {mongo_ingestion.py:115} INFO - [mongo/link_tx] MongoDB connection closed.
[2025-11-01T12:32:49.715+0000] {python.py:201} INFO - Done. Returned value was: None
[2025-11-01T12:32:49.752+0000] {taskinstance.py:1138} INFO - Marking task as SUCCESS. dag_id=ingestion_pipeline, task_id=load_link_transactions_to_mongo, execution_date=20251031T000000, start_date=20251101T123248, end_date=20251101T123249
[2025-11-01T12:32:49.835+0000] {local_task_job_runner.py:234} INFO - Task exited with return code 0
[2025-11-01T12:32:49.888+0000] {taskinstance.py:3280} INFO - 1 downstream tasks scheduled from follow-on schedule check
[2025-11-01T13:05:59.946+0000] {taskinstance.py:1956} INFO - Dependencies all met for dep_context=non-requeueable deps ti=<TaskInstance: ingestion_pipeline.load_link_transactions_to_mongo scheduled__2025-10-31T00:00:00+00:00 [queued]>
[2025-11-01T13:05:59.963+0000] {taskinstance.py:1956} INFO - Dependencies all met for dep_context=requeueable deps ti=<TaskInstance: ingestion_pipeline.load_link_transactions_to_mongo scheduled__2025-10-31T00:00:00+00:00 [queued]>
[2025-11-01T13:05:59.965+0000] {taskinstance.py:2170} INFO - Starting attempt 1 of 2
[2025-11-01T13:05:59.986+0000] {taskinstance.py:2191} INFO - Executing <Task(PythonOperator): load_link_transactions_to_mongo> on 2025-10-31 00:00:00+00:00
[2025-11-01T13:05:59.995+0000] {standard_task_runner.py:60} INFO - Started process 296 to run task
[2025-11-01T13:06:00.003+0000] {standard_task_runner.py:87} INFO - Running: ['***', 'tasks', 'run', 'ingestion_pipeline', 'load_link_transactions_to_mongo', 'scheduled__2025-10-31T00:00:00+00:00', '--job-id', '6', '--raw', '--subdir', 'DAGS_FOLDER/ingestion_dag.py', '--cfg-path', '/tmp/tmpooxddegc']
[2025-11-01T13:06:00.014+0000] {standard_task_runner.py:88} INFO - Job 6: Subtask load_link_transactions_to_mongo
[2025-11-01T13:06:00.146+0000] {task_command.py:423} INFO - Running <TaskInstance: ingestion_pipeline.load_link_transactions_to_mongo scheduled__2025-10-31T00:00:00+00:00 [running]> on host 0e882971ff2e
[2025-11-01T13:06:00.280+0000] {taskinstance.py:2480} INFO - Exporting env vars: AIRFLOW_CTX_DAG_OWNER='***' AIRFLOW_CTX_DAG_ID='ingestion_pipeline' AIRFLOW_CTX_TASK_ID='load_link_transactions_to_mongo' AIRFLOW_CTX_EXECUTION_DATE='2025-10-31T00:00:00+00:00' AIRFLOW_CTX_TRY_NUMBER='1' AIRFLOW_CTX_DAG_RUN_ID='scheduled__2025-10-31T00:00:00+00:00'
[2025-11-01T13:06:02.206+0000] {mongo_ingestion.py:59} INFO - [mongo/link_tx] Target CSV: /tmp/data/link_transactions/link_transactions-20251002.csv
[2025-11-01T13:06:02.209+0000] {mongo_ingestion.py:62} INFO - [mongo/link_tx] Directory listing: ['link_transactions-20251001.csv', 'link_transactions-20251002.csv', 'link_transactions-20251003.csv', 'link_transactions-20251004.csv']
[2025-11-01T13:06:02.211+0000] {crypto.py:82} WARNING - empty cryptography key - values will not be stored encrypted.
[2025-11-01T13:06:02.212+0000] {base.py:83} INFO - Using connection ID 'mongo_default' for task execution.
[2025-11-01T13:06:02.446+0000] {mongo_ingestion.py:136} INFO - [mongo/link_tx] Deleted 0 docs for _source_file=link_transactions-20251002.csv (idempotency).
[2025-11-01T13:06:02.494+0000] {mongo_ingestion.py:146} INFO - [mongo/link_tx] Inserted 577 docs into link_transactions_raw for 2025-10-02.
[2025-11-01T13:06:02.496+0000] {mongo_ingestion.py:154} INFO - [mongo/link_tx] MongoDB connection closed.
[2025-11-01T13:06:02.498+0000] {python.py:201} INFO - Done. Returned value was: None
[2025-11-01T13:06:02.515+0000] {taskinstance.py:1138} INFO - Marking task as SUCCESS. dag_id=ingestion_pipeline, task_id=load_link_transactions_to_mongo, execution_date=20251031T000000, start_date=20251101T130559, end_date=20251101T130602
[2025-11-01T13:06:02.579+0000] {local_task_job_runner.py:234} INFO - Task exited with return code 0
[2025-11-01T13:06:02.615+0000] {taskinstance.py:3280} INFO - 1 downstream tasks scheduled from follow-on schedule check
