[2025-11-01T20:13:08.625+0000] {taskinstance.py:1956} INFO - Dependencies all met for dep_context=non-requeueable deps ti=<TaskInstance: silver_transformation_pipeline.dbt_run_linktx scheduled__2025-10-03T00:00:00+00:00 [queued]>
[2025-11-01T20:13:08.636+0000] {taskinstance.py:1956} INFO - Dependencies all met for dep_context=requeueable deps ti=<TaskInstance: silver_transformation_pipeline.dbt_run_linktx scheduled__2025-10-03T00:00:00+00:00 [queued]>
[2025-11-01T20:13:08.637+0000] {taskinstance.py:2170} INFO - Starting attempt 1 of 2
[2025-11-01T20:13:08.655+0000] {taskinstance.py:2191} INFO - Executing <Task(PythonOperator): dbt_run_linktx> on 2025-10-03 00:00:00+00:00
[2025-11-01T20:13:08.664+0000] {standard_task_runner.py:60} INFO - Started process 1384 to run task
[2025-11-01T20:13:08.668+0000] {standard_task_runner.py:87} INFO - Running: ['***', 'tasks', 'run', 'silver_transformation_pipeline', 'dbt_run_linktx', 'scheduled__2025-10-03T00:00:00+00:00', '--job-id', '143', '--raw', '--subdir', 'DAGS_FOLDER/silver_dag.py', '--cfg-path', '/tmp/tmpm3fgkvf5']
[2025-11-01T20:13:08.671+0000] {standard_task_runner.py:88} INFO - Job 143: Subtask dbt_run_linktx
[2025-11-01T20:13:08.754+0000] {task_command.py:423} INFO - Running <TaskInstance: silver_transformation_pipeline.dbt_run_linktx scheduled__2025-10-03T00:00:00+00:00 [running]> on host 1a955fda0cfd
[2025-11-01T20:13:08.908+0000] {taskinstance.py:2480} INFO - Exporting env vars: AIRFLOW_CTX_DAG_OWNER='***' AIRFLOW_CTX_DAG_ID='silver_transformation_pipeline' AIRFLOW_CTX_TASK_ID='dbt_run_linktx' AIRFLOW_CTX_EXECUTION_DATE='2025-10-03T00:00:00+00:00' AIRFLOW_CTX_TRY_NUMBER='1' AIRFLOW_CTX_DAG_RUN_ID='scheduled__2025-10-03T00:00:00+00:00'
[2025-11-01T20:13:15.317+0000] {python.py:201} INFO - Done. Returned value was: None
[2025-11-01T20:13:15.338+0000] {taskinstance.py:1138} INFO - Marking task as SUCCESS. dag_id=silver_transformation_pipeline, task_id=dbt_run_linktx, execution_date=20251003T000000, start_date=20251101T201308, end_date=20251101T201315
[2025-11-01T20:13:15.394+0000] {local_task_job_runner.py:234} INFO - Task exited with return code 0
[2025-11-01T20:13:15.418+0000] {taskinstance.py:3280} INFO - 0 downstream tasks scheduled from follow-on schedule check
[2025-11-01T20:19:49.871+0000] {taskinstance.py:1956} INFO - Dependencies all met for dep_context=non-requeueable deps ti=<TaskInstance: silver_transformation_pipeline.dbt_run_linktx scheduled__2025-10-03T00:00:00+00:00 [queued]>
[2025-11-01T20:19:49.881+0000] {taskinstance.py:1956} INFO - Dependencies all met for dep_context=requeueable deps ti=<TaskInstance: silver_transformation_pipeline.dbt_run_linktx scheduled__2025-10-03T00:00:00+00:00 [queued]>
[2025-11-01T20:19:49.882+0000] {taskinstance.py:2170} INFO - Starting attempt 1 of 2
[2025-11-01T20:19:49.899+0000] {taskinstance.py:2191} INFO - Executing <Task(PythonOperator): dbt_run_linktx> on 2025-10-03 00:00:00+00:00
[2025-11-01T20:19:49.907+0000] {standard_task_runner.py:60} INFO - Started process 1042 to run task
[2025-11-01T20:19:49.911+0000] {standard_task_runner.py:87} INFO - Running: ['***', 'tasks', 'run', 'silver_transformation_pipeline', 'dbt_run_linktx', 'scheduled__2025-10-03T00:00:00+00:00', '--job-id', '137', '--raw', '--subdir', 'DAGS_FOLDER/silver_dag.py', '--cfg-path', '/tmp/tmp5wq2fny7']
[2025-11-01T20:19:49.914+0000] {standard_task_runner.py:88} INFO - Job 137: Subtask dbt_run_linktx
[2025-11-01T20:19:49.992+0000] {task_command.py:423} INFO - Running <TaskInstance: silver_transformation_pipeline.dbt_run_linktx scheduled__2025-10-03T00:00:00+00:00 [running]> on host 6335aa85b335
[2025-11-01T20:19:50.110+0000] {taskinstance.py:2480} INFO - Exporting env vars: AIRFLOW_CTX_DAG_OWNER='***' AIRFLOW_CTX_DAG_ID='silver_transformation_pipeline' AIRFLOW_CTX_TASK_ID='dbt_run_linktx' AIRFLOW_CTX_EXECUTION_DATE='2025-10-03T00:00:00+00:00' AIRFLOW_CTX_TRY_NUMBER='1' AIRFLOW_CTX_DAG_RUN_ID='scheduled__2025-10-03T00:00:00+00:00'
[2025-11-01T20:19:56.730+0000] {python.py:201} INFO - Done. Returned value was: None
[2025-11-01T20:19:56.750+0000] {taskinstance.py:1138} INFO - Marking task as SUCCESS. dag_id=silver_transformation_pipeline, task_id=dbt_run_linktx, execution_date=20251003T000000, start_date=20251101T201949, end_date=20251101T201956
[2025-11-01T20:19:56.784+0000] {local_task_job_runner.py:234} INFO - Task exited with return code 0
[2025-11-01T20:19:56.806+0000] {taskinstance.py:3280} INFO - 0 downstream tasks scheduled from follow-on schedule check
