[2025-11-02T00:30:29.321+0000] {taskinstance.py:1956} INFO - Dependencies all met for dep_context=non-requeueable deps ti=<TaskInstance: gold_dimensions_pipeline.dbt_dim_payment_method scheduled__2025-10-26T00:00:00+00:00 [queued]>
[2025-11-02T00:30:29.333+0000] {taskinstance.py:1956} INFO - Dependencies all met for dep_context=requeueable deps ti=<TaskInstance: gold_dimensions_pipeline.dbt_dim_payment_method scheduled__2025-10-26T00:00:00+00:00 [queued]>
[2025-11-02T00:30:29.334+0000] {taskinstance.py:2170} INFO - Starting attempt 1 of 2
[2025-11-02T00:30:29.353+0000] {taskinstance.py:2191} INFO - Executing <Task(PythonOperator): dbt_dim_payment_method> on 2025-10-26 00:00:00+00:00
[2025-11-02T00:30:29.364+0000] {standard_task_runner.py:60} INFO - Started process 16566 to run task
[2025-11-02T00:30:29.368+0000] {standard_task_runner.py:87} INFO - Running: ['***', 'tasks', 'run', 'gold_dimensions_pipeline', 'dbt_dim_payment_method', 'scheduled__2025-10-26T00:00:00+00:00', '--job-id', '410', '--raw', '--subdir', 'DAGS_FOLDER/gold_dag.py', '--cfg-path', '/tmp/tmpu1f1iv4v']
[2025-11-02T00:30:29.372+0000] {standard_task_runner.py:88} INFO - Job 410: Subtask dbt_dim_payment_method
[2025-11-02T00:30:29.475+0000] {task_command.py:423} INFO - Running <TaskInstance: gold_dimensions_pipeline.dbt_dim_payment_method scheduled__2025-10-26T00:00:00+00:00 [running]> on host 6335aa85b335
[2025-11-02T00:30:29.623+0000] {taskinstance.py:2480} INFO - Exporting env vars: AIRFLOW_CTX_DAG_OWNER='***' AIRFLOW_CTX_DAG_ID='gold_dimensions_pipeline' AIRFLOW_CTX_TASK_ID='dbt_dim_payment_method' AIRFLOW_CTX_EXECUTION_DATE='2025-10-26T00:00:00+00:00' AIRFLOW_CTX_TRY_NUMBER='1' AIRFLOW_CTX_DAG_RUN_ID='scheduled__2025-10-26T00:00:00+00:00'
[2025-11-02T00:30:39.314+0000] {python.py:201} INFO - Done. Returned value was: None
[2025-11-02T00:30:39.330+0000] {taskinstance.py:1138} INFO - Marking task as SUCCESS. dag_id=gold_dimensions_pipeline, task_id=dbt_dim_payment_method, execution_date=20251026T000000, start_date=20251102T003029, end_date=20251102T003039
[2025-11-02T00:30:39.384+0000] {local_task_job_runner.py:234} INFO - Task exited with return code 0
[2025-11-02T00:30:39.415+0000] {taskinstance.py:3280} INFO - 0 downstream tasks scheduled from follow-on schedule check
[2025-11-02T11:57:33.408+0000] {taskinstance.py:1956} INFO - Dependencies all met for dep_context=non-requeueable deps ti=<TaskInstance: gold_dimensions_pipeline.dbt_dim_payment_method scheduled__2025-10-26T00:00:00+00:00 [queued]>
[2025-11-02T11:57:33.421+0000] {taskinstance.py:1956} INFO - Dependencies all met for dep_context=requeueable deps ti=<TaskInstance: gold_dimensions_pipeline.dbt_dim_payment_method scheduled__2025-10-26T00:00:00+00:00 [queued]>
[2025-11-02T11:57:33.422+0000] {taskinstance.py:2170} INFO - Starting attempt 1 of 3
[2025-11-02T11:57:33.440+0000] {taskinstance.py:2191} INFO - Executing <Task(PythonOperator): dbt_dim_payment_method> on 2025-10-26 00:00:00+00:00
[2025-11-02T11:57:33.449+0000] {standard_task_runner.py:60} INFO - Started process 6268 to run task
[2025-11-02T11:57:33.454+0000] {standard_task_runner.py:87} INFO - Running: ['***', 'tasks', 'run', 'gold_dimensions_pipeline', 'dbt_dim_payment_method', 'scheduled__2025-10-26T00:00:00+00:00', '--job-id', '375', '--raw', '--subdir', 'DAGS_FOLDER/gold_dag.py', '--cfg-path', '/tmp/tmpl4kol6eo']
[2025-11-02T11:57:33.457+0000] {standard_task_runner.py:88} INFO - Job 375: Subtask dbt_dim_payment_method
[2025-11-02T11:57:33.550+0000] {task_command.py:423} INFO - Running <TaskInstance: gold_dimensions_pipeline.dbt_dim_payment_method scheduled__2025-10-26T00:00:00+00:00 [running]> on host 0d39d4365eb9
[2025-11-02T11:57:33.663+0000] {taskinstance.py:2480} INFO - Exporting env vars: AIRFLOW_CTX_DAG_OWNER='***' AIRFLOW_CTX_DAG_ID='gold_dimensions_pipeline' AIRFLOW_CTX_TASK_ID='dbt_dim_payment_method' AIRFLOW_CTX_EXECUTION_DATE='2025-10-26T00:00:00+00:00' AIRFLOW_CTX_TRY_NUMBER='1' AIRFLOW_CTX_DAG_RUN_ID='scheduled__2025-10-26T00:00:00+00:00'
[2025-11-02T11:57:39.840+0000] {logging_mixin.py:188} INFO - ==== DBT STDOUT ====
[2025-11-02T11:57:39.841+0000] {logging_mixin.py:188} INFO - 11:57:37  Running with dbt=1.5.9
11:57:37  Registered adapter: clickhouse=1.5.2
11:57:38  [WARNING]: Configuration paths exist in your dbt_project.yml file which do not apply to any resources.
There are 2 unused configuration paths:
- models.ck_project.bronze
- models.ck_project.gold.fact
11:57:38  Found 7 models, 17 tests, 0 snapshots, 0 analyses, 349 macros, 0 operations, 0 seed files, 6 sources, 0 exposures, 0 metrics, 0 groups
11:57:38  
11:57:38  Concurrency: 4 threads (target='dev')
11:57:38  
11:57:38  1 of 1 START sql table model gold.dim_payment_method ........................... [RUN]
11:57:38  1 of 1 OK created sql table model gold.dim_payment_method ...................... [OK in 0.31s]
11:57:38  
11:57:38  Finished running 1 table model in 0 hours 0 minutes and 0.79 seconds (0.79s).
11:57:38  
11:57:38  Completed successfully
11:57:38  
11:57:38  Done. PASS=1 WARN=0 ERROR=0 SKIP=0 TOTAL=1
[2025-11-02T11:57:39.844+0000] {logging_mixin.py:188} INFO - ==== DBT STDERR ====
[2025-11-02T11:57:39.846+0000] {python.py:201} INFO - Done. Returned value was: None
[2025-11-02T11:57:39.868+0000] {taskinstance.py:1138} INFO - Marking task as SUCCESS. dag_id=gold_dimensions_pipeline, task_id=dbt_dim_payment_method, execution_date=20251026T000000, start_date=20251102T115733, end_date=20251102T115739
[2025-11-02T11:57:39.916+0000] {local_task_job_runner.py:234} INFO - Task exited with return code 0
[2025-11-02T11:57:39.938+0000] {taskinstance.py:3280} INFO - 0 downstream tasks scheduled from follow-on schedule check
