[2025-11-01T20:06:17.983+0000] {taskinstance.py:1956} INFO - Dependencies all met for dep_context=non-requeueable deps ti=<TaskInstance: ingestion_pipeline.load_payments_bronze scheduled__2025-10-04T00:00:00+00:00 [queued]>
[2025-11-01T20:06:18.101+0000] {taskinstance.py:1956} INFO - Dependencies all met for dep_context=requeueable deps ti=<TaskInstance: ingestion_pipeline.load_payments_bronze scheduled__2025-10-04T00:00:00+00:00 [queued]>
[2025-11-01T20:06:18.116+0000] {taskinstance.py:2170} INFO - Starting attempt 1 of 2
[2025-11-01T20:06:18.293+0000] {taskinstance.py:2191} INFO - Executing <Task(PythonOperator): load_payments_bronze> on 2025-10-04 00:00:00+00:00
[2025-11-01T20:06:18.350+0000] {standard_task_runner.py:60} INFO - Started process 303 to run task
[2025-11-01T20:06:18.450+0000] {standard_task_runner.py:87} INFO - Running: ['***', 'tasks', 'run', 'ingestion_pipeline', 'load_payments_bronze', 'scheduled__2025-10-04T00:00:00+00:00', '--job-id', '12', '--raw', '--subdir', 'DAGS_FOLDER/ingestion_dag.py', '--cfg-path', '/tmp/tmpy59gpmdl']
[2025-11-01T20:06:18.478+0000] {standard_task_runner.py:88} INFO - Job 12: Subtask load_payments_bronze
[2025-11-01T20:06:19.201+0000] {task_command.py:423} INFO - Running <TaskInstance: ingestion_pipeline.load_payments_bronze scheduled__2025-10-04T00:00:00+00:00 [running]> on host 1a955fda0cfd
[2025-11-01T20:06:19.548+0000] {taskinstance.py:2480} INFO - Exporting env vars: AIRFLOW_CTX_DAG_OWNER='***' AIRFLOW_CTX_DAG_ID='ingestion_pipeline' AIRFLOW_CTX_TASK_ID='load_payments_bronze' AIRFLOW_CTX_EXECUTION_DATE='2025-10-04T00:00:00+00:00' AIRFLOW_CTX_TRY_NUMBER='1' AIRFLOW_CTX_DAG_RUN_ID='scheduled__2025-10-04T00:00:00+00:00'
[2025-11-01T20:06:30.382+0000] {payments_to_clickhouse.py:89} INFO - [payments->ch] Target CSV: /tmp/data/payments/payments-20251004.csv
[2025-11-01T20:06:30.396+0000] {payments_to_clickhouse.py:94} INFO - [payments->ch] Folder listing: ['payments-20251001.csv', 'payments-20251002.csv', 'payments-20251003.csv']
[2025-11-01T20:06:30.402+0000] {payments_to_clickhouse.py:100} WARNING - [payments->ch] File not found. Skipping.
[2025-11-01T20:06:30.403+0000] {python.py:201} INFO - Done. Returned value was: None
[2025-11-01T20:06:30.434+0000] {taskinstance.py:1138} INFO - Marking task as SUCCESS. dag_id=ingestion_pipeline, task_id=load_payments_bronze, execution_date=20251004T000000, start_date=20251101T200618, end_date=20251101T200630
[2025-11-01T20:06:30.835+0000] {local_task_job_runner.py:234} INFO - Task exited with return code 0
[2025-11-01T20:06:31.182+0000] {taskinstance.py:3280} INFO - 0 downstream tasks scheduled from follow-on schedule check
[2025-11-01T20:17:48.933+0000] {taskinstance.py:1956} INFO - Dependencies all met for dep_context=non-requeueable deps ti=<TaskInstance: ingestion_pipeline.load_payments_bronze scheduled__2025-10-04T00:00:00+00:00 [queued]>
[2025-11-01T20:17:48.980+0000] {taskinstance.py:1956} INFO - Dependencies all met for dep_context=requeueable deps ti=<TaskInstance: ingestion_pipeline.load_payments_bronze scheduled__2025-10-04T00:00:00+00:00 [queued]>
[2025-11-01T20:17:48.985+0000] {taskinstance.py:2170} INFO - Starting attempt 1 of 2
[2025-11-01T20:17:49.048+0000] {taskinstance.py:2191} INFO - Executing <Task(PythonOperator): load_payments_bronze> on 2025-10-04 00:00:00+00:00
[2025-11-01T20:17:49.092+0000] {standard_task_runner.py:60} INFO - Started process 305 to run task
[2025-11-01T20:17:49.101+0000] {standard_task_runner.py:87} INFO - Running: ['***', 'tasks', 'run', 'ingestion_pipeline', 'load_payments_bronze', 'scheduled__2025-10-04T00:00:00+00:00', '--job-id', '13', '--raw', '--subdir', 'DAGS_FOLDER/ingestion_dag.py', '--cfg-path', '/tmp/tmpcevtrow3']
[2025-11-01T20:17:49.113+0000] {standard_task_runner.py:88} INFO - Job 13: Subtask load_payments_bronze
[2025-11-01T20:17:49.357+0000] {task_command.py:423} INFO - Running <TaskInstance: ingestion_pipeline.load_payments_bronze scheduled__2025-10-04T00:00:00+00:00 [running]> on host 6335aa85b335
[2025-11-01T20:17:49.682+0000] {taskinstance.py:2480} INFO - Exporting env vars: AIRFLOW_CTX_DAG_OWNER='***' AIRFLOW_CTX_DAG_ID='ingestion_pipeline' AIRFLOW_CTX_TASK_ID='load_payments_bronze' AIRFLOW_CTX_EXECUTION_DATE='2025-10-04T00:00:00+00:00' AIRFLOW_CTX_TRY_NUMBER='1' AIRFLOW_CTX_DAG_RUN_ID='scheduled__2025-10-04T00:00:00+00:00'
[2025-11-01T20:17:56.895+0000] {payments_to_clickhouse.py:89} INFO - [payments->ch] Target CSV: /tmp/data/payments/payments-20251004.csv
[2025-11-01T20:17:56.908+0000] {payments_to_clickhouse.py:94} INFO - [payments->ch] Folder listing: ['payments-20251001.csv', 'payments-20251002.csv', 'payments-20251003.csv', 'payments-20251004.csv']
[2025-11-01T20:17:57.199+0000] {crypto.py:82} WARNING - empty cryptography key - values will not be stored encrypted.
[2025-11-01T20:17:57.207+0000] {base.py:83} INFO - Using connection ID 'clickhouse_default' for task execution.
[2025-11-01T20:17:57.478+0000] {payments_to_clickhouse.py:217} INFO - [payments->ch] Dropped partition for _snapshot_date=2025-10-04.
[2025-11-01T20:17:57.645+0000] {payments_to_clickhouse.py:255} INFO - [payments->ch] Inserted 681 rows into bronze.payments.
[2025-11-01T20:17:57.666+0000] {python.py:201} INFO - Done. Returned value was: None
[2025-11-01T20:17:57.720+0000] {taskinstance.py:1138} INFO - Marking task as SUCCESS. dag_id=ingestion_pipeline, task_id=load_payments_bronze, execution_date=20251004T000000, start_date=20251101T201748, end_date=20251101T201757
[2025-11-01T20:17:58.130+0000] {local_task_job_runner.py:234} INFO - Task exited with return code 0
[2025-11-01T20:17:58.222+0000] {taskinstance.py:3280} INFO - 0 downstream tasks scheduled from follow-on schedule check
