[2025-11-01T20:08:06.393+0000] {taskinstance.py:1956} INFO - Dependencies all met for dep_context=non-requeueable deps ti=<TaskInstance: silver_transformation_pipeline.ensure_bronze_prereqs scheduled__2025-10-01T00:00:00+00:00 [queued]>
[2025-11-01T20:08:06.402+0000] {taskinstance.py:1956} INFO - Dependencies all met for dep_context=requeueable deps ti=<TaskInstance: silver_transformation_pipeline.ensure_bronze_prereqs scheduled__2025-10-01T00:00:00+00:00 [queued]>
[2025-11-01T20:08:06.403+0000] {taskinstance.py:2170} INFO - Starting attempt 1 of 2
[2025-11-01T20:08:06.419+0000] {taskinstance.py:2191} INFO - Executing <Task(PythonOperator): ensure_bronze_prereqs> on 2025-10-01 00:00:00+00:00
[2025-11-01T20:08:06.426+0000] {standard_task_runner.py:60} INFO - Started process 924 to run task
[2025-11-01T20:08:06.430+0000] {standard_task_runner.py:87} INFO - Running: ['***', 'tasks', 'run', 'silver_transformation_pipeline', 'ensure_bronze_prereqs', 'scheduled__2025-10-01T00:00:00+00:00', '--job-id', '126', '--raw', '--subdir', 'DAGS_FOLDER/silver_dag.py', '--cfg-path', '/tmp/tmpx60_kdur']
[2025-11-01T20:08:06.434+0000] {standard_task_runner.py:88} INFO - Job 126: Subtask ensure_bronze_prereqs
[2025-11-01T20:08:06.520+0000] {task_command.py:423} INFO - Running <TaskInstance: silver_transformation_pipeline.ensure_bronze_prereqs scheduled__2025-10-01T00:00:00+00:00 [running]> on host 1a955fda0cfd
[2025-11-01T20:08:06.621+0000] {taskinstance.py:2480} INFO - Exporting env vars: AIRFLOW_CTX_DAG_OWNER='***' AIRFLOW_CTX_DAG_ID='silver_transformation_pipeline' AIRFLOW_CTX_TASK_ID='ensure_bronze_prereqs' AIRFLOW_CTX_EXECUTION_DATE='2025-10-01T00:00:00+00:00' AIRFLOW_CTX_TRY_NUMBER='1' AIRFLOW_CTX_DAG_RUN_ID='scheduled__2025-10-01T00:00:00+00:00'
[2025-11-01T20:08:06.625+0000] {crypto.py:82} WARNING - empty cryptography key - values will not be stored encrypted.
[2025-11-01T20:08:06.627+0000] {base.py:83} INFO - Using connection ID 'clickhouse_default' for task execution.
[2025-11-01T20:08:06.647+0000] {python.py:201} INFO - Done. Returned value was: None
[2025-11-01T20:08:06.660+0000] {taskinstance.py:1138} INFO - Marking task as SUCCESS. dag_id=silver_transformation_pipeline, task_id=ensure_bronze_prereqs, execution_date=20251001T000000, start_date=20251101T200806, end_date=20251101T200806
[2025-11-01T20:08:06.684+0000] {local_task_job_runner.py:234} INFO - Task exited with return code 0
[2025-11-01T20:08:06.711+0000] {taskinstance.py:3280} INFO - 3 downstream tasks scheduled from follow-on schedule check
[2025-11-01T20:19:29.123+0000] {taskinstance.py:1956} INFO - Dependencies all met for dep_context=non-requeueable deps ti=<TaskInstance: silver_transformation_pipeline.ensure_bronze_prereqs scheduled__2025-10-01T00:00:00+00:00 [queued]>
[2025-11-01T20:19:29.133+0000] {taskinstance.py:1956} INFO - Dependencies all met for dep_context=requeueable deps ti=<TaskInstance: silver_transformation_pipeline.ensure_bronze_prereqs scheduled__2025-10-01T00:00:00+00:00 [queued]>
[2025-11-01T20:19:29.133+0000] {taskinstance.py:2170} INFO - Starting attempt 1 of 2
[2025-11-01T20:19:29.146+0000] {taskinstance.py:2191} INFO - Executing <Task(PythonOperator): ensure_bronze_prereqs> on 2025-10-01 00:00:00+00:00
[2025-11-01T20:19:29.152+0000] {standard_task_runner.py:60} INFO - Started process 924 to run task
[2025-11-01T20:19:29.155+0000] {standard_task_runner.py:87} INFO - Running: ['***', 'tasks', 'run', 'silver_transformation_pipeline', 'ensure_bronze_prereqs', 'scheduled__2025-10-01T00:00:00+00:00', '--job-id', '126', '--raw', '--subdir', 'DAGS_FOLDER/silver_dag.py', '--cfg-path', '/tmp/tmp25i4a8om']
[2025-11-01T20:19:29.158+0000] {standard_task_runner.py:88} INFO - Job 126: Subtask ensure_bronze_prereqs
[2025-11-01T20:19:29.235+0000] {task_command.py:423} INFO - Running <TaskInstance: silver_transformation_pipeline.ensure_bronze_prereqs scheduled__2025-10-01T00:00:00+00:00 [running]> on host 6335aa85b335
[2025-11-01T20:19:29.323+0000] {taskinstance.py:2480} INFO - Exporting env vars: AIRFLOW_CTX_DAG_OWNER='***' AIRFLOW_CTX_DAG_ID='silver_transformation_pipeline' AIRFLOW_CTX_TASK_ID='ensure_bronze_prereqs' AIRFLOW_CTX_EXECUTION_DATE='2025-10-01T00:00:00+00:00' AIRFLOW_CTX_TRY_NUMBER='1' AIRFLOW_CTX_DAG_RUN_ID='scheduled__2025-10-01T00:00:00+00:00'
[2025-11-01T20:19:29.325+0000] {crypto.py:82} WARNING - empty cryptography key - values will not be stored encrypted.
[2025-11-01T20:19:29.326+0000] {base.py:83} INFO - Using connection ID 'clickhouse_default' for task execution.
[2025-11-01T20:19:29.342+0000] {python.py:201} INFO - Done. Returned value was: None
[2025-11-01T20:19:29.353+0000] {taskinstance.py:1138} INFO - Marking task as SUCCESS. dag_id=silver_transformation_pipeline, task_id=ensure_bronze_prereqs, execution_date=20251001T000000, start_date=20251101T201929, end_date=20251101T201929
[2025-11-01T20:19:29.373+0000] {local_task_job_runner.py:234} INFO - Task exited with return code 0
[2025-11-01T20:19:29.395+0000] {taskinstance.py:3280} INFO - 3 downstream tasks scheduled from follow-on schedule check
[2025-11-02T01:34:41.476+0000] {taskinstance.py:1956} INFO - Dependencies all met for dep_context=non-requeueable deps ti=<TaskInstance: silver_transformation_pipeline.ensure_bronze_prereqs scheduled__2025-10-01T00:00:00+00:00 [queued]>
[2025-11-02T01:34:41.486+0000] {taskinstance.py:1956} INFO - Dependencies all met for dep_context=requeueable deps ti=<TaskInstance: silver_transformation_pipeline.ensure_bronze_prereqs scheduled__2025-10-01T00:00:00+00:00 [queued]>
[2025-11-02T01:34:41.487+0000] {taskinstance.py:2170} INFO - Starting attempt 1 of 2
[2025-11-02T01:34:41.501+0000] {taskinstance.py:2191} INFO - Executing <Task(PythonOperator): ensure_bronze_prereqs> on 2025-10-01 00:00:00+00:00
[2025-11-02T01:34:41.507+0000] {standard_task_runner.py:60} INFO - Started process 1355 to run task
[2025-11-02T01:34:41.511+0000] {standard_task_runner.py:87} INFO - Running: ['***', 'tasks', 'run', 'silver_transformation_pipeline', 'ensure_bronze_prereqs', 'scheduled__2025-10-01T00:00:00+00:00', '--job-id', '130', '--raw', '--subdir', 'DAGS_FOLDER/silver_dag.py', '--cfg-path', '/tmp/tmpw3xu7xk_']
[2025-11-02T01:34:41.514+0000] {standard_task_runner.py:88} INFO - Job 130: Subtask ensure_bronze_prereqs
[2025-11-02T01:34:41.595+0000] {task_command.py:423} INFO - Running <TaskInstance: silver_transformation_pipeline.ensure_bronze_prereqs scheduled__2025-10-01T00:00:00+00:00 [running]> on host 3b0074fa0b5e
[2025-11-02T01:34:41.686+0000] {taskinstance.py:2480} INFO - Exporting env vars: AIRFLOW_CTX_DAG_OWNER='***' AIRFLOW_CTX_DAG_ID='silver_transformation_pipeline' AIRFLOW_CTX_TASK_ID='ensure_bronze_prereqs' AIRFLOW_CTX_EXECUTION_DATE='2025-10-01T00:00:00+00:00' AIRFLOW_CTX_TRY_NUMBER='1' AIRFLOW_CTX_DAG_RUN_ID='scheduled__2025-10-01T00:00:00+00:00'
[2025-11-02T01:34:41.688+0000] {crypto.py:82} WARNING - empty cryptography key - values will not be stored encrypted.
[2025-11-02T01:34:41.689+0000] {base.py:83} INFO - Using connection ID 'clickhouse_default' for task execution.
[2025-11-02T01:34:41.707+0000] {python.py:201} INFO - Done. Returned value was: None
[2025-11-02T01:34:41.718+0000] {taskinstance.py:1138} INFO - Marking task as SUCCESS. dag_id=silver_transformation_pipeline, task_id=ensure_bronze_prereqs, execution_date=20251001T000000, start_date=20251102T013441, end_date=20251102T013441
[2025-11-02T01:34:41.765+0000] {local_task_job_runner.py:234} INFO - Task exited with return code 0
[2025-11-02T01:34:41.789+0000] {taskinstance.py:3280} INFO - 3 downstream tasks scheduled from follow-on schedule check
[2025-11-02T11:29:10.721+0000] {taskinstance.py:1956} INFO - Dependencies all met for dep_context=non-requeueable deps ti=<TaskInstance: silver_transformation_pipeline.ensure_bronze_prereqs scheduled__2025-10-01T00:00:00+00:00 [queued]>
[2025-11-02T11:29:10.733+0000] {taskinstance.py:1956} INFO - Dependencies all met for dep_context=requeueable deps ti=<TaskInstance: silver_transformation_pipeline.ensure_bronze_prereqs scheduled__2025-10-01T00:00:00+00:00 [queued]>
[2025-11-02T11:29:10.734+0000] {taskinstance.py:2170} INFO - Starting attempt 1 of 2
[2025-11-02T11:29:10.760+0000] {taskinstance.py:2191} INFO - Executing <Task(PythonOperator): ensure_bronze_prereqs> on 2025-10-01 00:00:00+00:00
[2025-11-02T11:29:10.768+0000] {standard_task_runner.py:60} INFO - Started process 1269 to run task
[2025-11-02T11:29:10.772+0000] {standard_task_runner.py:87} INFO - Running: ['***', 'tasks', 'run', 'silver_transformation_pipeline', 'ensure_bronze_prereqs', 'scheduled__2025-10-01T00:00:00+00:00', '--job-id', '134', '--raw', '--subdir', 'DAGS_FOLDER/silver_dag.py', '--cfg-path', '/tmp/tmpnmuu7y0a']
[2025-11-02T11:29:10.777+0000] {standard_task_runner.py:88} INFO - Job 134: Subtask ensure_bronze_prereqs
[2025-11-02T11:29:10.898+0000] {task_command.py:423} INFO - Running <TaskInstance: silver_transformation_pipeline.ensure_bronze_prereqs scheduled__2025-10-01T00:00:00+00:00 [running]> on host 0d39d4365eb9
[2025-11-02T11:29:11.012+0000] {taskinstance.py:2480} INFO - Exporting env vars: AIRFLOW_CTX_DAG_OWNER='***' AIRFLOW_CTX_DAG_ID='silver_transformation_pipeline' AIRFLOW_CTX_TASK_ID='ensure_bronze_prereqs' AIRFLOW_CTX_EXECUTION_DATE='2025-10-01T00:00:00+00:00' AIRFLOW_CTX_TRY_NUMBER='1' AIRFLOW_CTX_DAG_RUN_ID='scheduled__2025-10-01T00:00:00+00:00'
[2025-11-02T11:29:11.016+0000] {crypto.py:82} WARNING - empty cryptography key - values will not be stored encrypted.
[2025-11-02T11:29:11.017+0000] {base.py:83} INFO - Using connection ID 'clickhouse_default' for task execution.
[2025-11-02T11:29:11.041+0000] {python.py:201} INFO - Done. Returned value was: None
[2025-11-02T11:29:11.053+0000] {taskinstance.py:1138} INFO - Marking task as SUCCESS. dag_id=silver_transformation_pipeline, task_id=ensure_bronze_prereqs, execution_date=20251001T000000, start_date=20251102T112910, end_date=20251102T112911
[2025-11-02T11:29:11.109+0000] {local_task_job_runner.py:234} INFO - Task exited with return code 0
[2025-11-02T11:29:11.133+0000] {taskinstance.py:3280} INFO - 3 downstream tasks scheduled from follow-on schedule check
