[2025-11-02T00:27:40.162+0000] {taskinstance.py:1956} INFO - Dependencies all met for dep_context=non-requeueable deps ti=<TaskInstance: gold_dimensions_pipeline.dbt_dim_payment_state scheduled__2025-10-14T00:00:00+00:00 [queued]>
[2025-11-02T00:27:40.180+0000] {taskinstance.py:1956} INFO - Dependencies all met for dep_context=requeueable deps ti=<TaskInstance: gold_dimensions_pipeline.dbt_dim_payment_state scheduled__2025-10-14T00:00:00+00:00 [queued]>
[2025-11-02T00:27:40.180+0000] {taskinstance.py:2170} INFO - Starting attempt 1 of 2
[2025-11-02T00:27:40.202+0000] {taskinstance.py:2191} INFO - Executing <Task(PythonOperator): dbt_dim_payment_state> on 2025-10-14 00:00:00+00:00
[2025-11-02T00:27:40.210+0000] {standard_task_runner.py:60} INFO - Started process 15450 to run task
[2025-11-02T00:27:40.214+0000] {standard_task_runner.py:87} INFO - Running: ['***', 'tasks', 'run', 'gold_dimensions_pipeline', 'dbt_dim_payment_state', 'scheduled__2025-10-14T00:00:00+00:00', '--job-id', '353', '--raw', '--subdir', 'DAGS_FOLDER/gold_dag.py', '--cfg-path', '/tmp/tmpcrbidgpg']
[2025-11-02T00:27:40.217+0000] {standard_task_runner.py:88} INFO - Job 353: Subtask dbt_dim_payment_state
[2025-11-02T00:27:40.319+0000] {task_command.py:423} INFO - Running <TaskInstance: gold_dimensions_pipeline.dbt_dim_payment_state scheduled__2025-10-14T00:00:00+00:00 [running]> on host 6335aa85b335
[2025-11-02T00:27:40.471+0000] {taskinstance.py:2480} INFO - Exporting env vars: AIRFLOW_CTX_DAG_OWNER='***' AIRFLOW_CTX_DAG_ID='gold_dimensions_pipeline' AIRFLOW_CTX_TASK_ID='dbt_dim_payment_state' AIRFLOW_CTX_EXECUTION_DATE='2025-10-14T00:00:00+00:00' AIRFLOW_CTX_TRY_NUMBER='1' AIRFLOW_CTX_DAG_RUN_ID='scheduled__2025-10-14T00:00:00+00:00'
[2025-11-02T00:27:50.498+0000] {python.py:201} INFO - Done. Returned value was: None
[2025-11-02T00:27:50.519+0000] {taskinstance.py:1138} INFO - Marking task as SUCCESS. dag_id=gold_dimensions_pipeline, task_id=dbt_dim_payment_state, execution_date=20251014T000000, start_date=20251102T002740, end_date=20251102T002750
[2025-11-02T00:27:50.548+0000] {local_task_job_runner.py:234} INFO - Task exited with return code 0
[2025-11-02T00:27:50.572+0000] {taskinstance.py:3280} INFO - 0 downstream tasks scheduled from follow-on schedule check
[2025-11-02T11:43:52.078+0000] {taskinstance.py:1956} INFO - Dependencies all met for dep_context=non-requeueable deps ti=<TaskInstance: gold_dimensions_pipeline.dbt_dim_payment_state scheduled__2025-10-14T00:00:00+00:00 [queued]>
[2025-11-02T11:43:52.089+0000] {taskinstance.py:1956} INFO - Dependencies all met for dep_context=requeueable deps ti=<TaskInstance: gold_dimensions_pipeline.dbt_dim_payment_state scheduled__2025-10-14T00:00:00+00:00 [queued]>
[2025-11-02T11:43:52.090+0000] {taskinstance.py:2170} INFO - Starting attempt 1 of 3
[2025-11-02T11:43:52.107+0000] {taskinstance.py:2191} INFO - Executing <Task(PythonOperator): dbt_dim_payment_state> on 2025-10-14 00:00:00+00:00
[2025-11-02T11:43:52.113+0000] {standard_task_runner.py:60} INFO - Started process 5366 to run task
[2025-11-02T11:43:52.118+0000] {standard_task_runner.py:87} INFO - Running: ['***', 'tasks', 'run', 'gold_dimensions_pipeline', 'dbt_dim_payment_state', 'scheduled__2025-10-14T00:00:00+00:00', '--job-id', '326', '--raw', '--subdir', 'DAGS_FOLDER/gold_dag.py', '--cfg-path', '/tmp/tmpi1021a2d']
[2025-11-02T11:43:52.122+0000] {standard_task_runner.py:88} INFO - Job 326: Subtask dbt_dim_payment_state
[2025-11-02T11:43:52.214+0000] {task_command.py:423} INFO - Running <TaskInstance: gold_dimensions_pipeline.dbt_dim_payment_state scheduled__2025-10-14T00:00:00+00:00 [running]> on host 0d39d4365eb9
[2025-11-02T11:43:52.319+0000] {taskinstance.py:2480} INFO - Exporting env vars: AIRFLOW_CTX_DAG_OWNER='***' AIRFLOW_CTX_DAG_ID='gold_dimensions_pipeline' AIRFLOW_CTX_TASK_ID='dbt_dim_payment_state' AIRFLOW_CTX_EXECUTION_DATE='2025-10-14T00:00:00+00:00' AIRFLOW_CTX_TRY_NUMBER='1' AIRFLOW_CTX_DAG_RUN_ID='scheduled__2025-10-14T00:00:00+00:00'
[2025-11-02T11:43:58.495+0000] {logging_mixin.py:188} INFO - ==== DBT STDOUT ====
[2025-11-02T11:43:58.496+0000] {logging_mixin.py:188} INFO - 11:43:56  Running with dbt=1.5.9
11:43:56  Registered adapter: clickhouse=1.5.2
11:43:56  [WARNING]: Configuration paths exist in your dbt_project.yml file which do not apply to any resources.
There are 2 unused configuration paths:
- models.ck_project.bronze
- models.ck_project.gold.fact
11:43:56  Found 7 models, 17 tests, 0 snapshots, 0 analyses, 349 macros, 0 operations, 0 seed files, 6 sources, 0 exposures, 0 metrics, 0 groups
11:43:56  
11:43:57  Concurrency: 4 threads (target='dev')
11:43:57  
11:43:57  1 of 1 START sql table model gold.dim_payment_state ............................ [RUN]
11:43:57  1 of 1 OK created sql table model gold.dim_payment_state ....................... [OK in 0.35s]
11:43:57  
11:43:57  Finished running 1 table model in 0 hours 0 minutes and 0.82 seconds (0.82s).
11:43:57  
11:43:57  Completed successfully
11:43:57  
11:43:57  Done. PASS=1 WARN=0 ERROR=0 SKIP=0 TOTAL=1
[2025-11-02T11:43:58.497+0000] {logging_mixin.py:188} INFO - ==== DBT STDERR ====
[2025-11-02T11:43:58.497+0000] {python.py:201} INFO - Done. Returned value was: None
[2025-11-02T11:43:58.516+0000] {taskinstance.py:1138} INFO - Marking task as SUCCESS. dag_id=gold_dimensions_pipeline, task_id=dbt_dim_payment_state, execution_date=20251014T000000, start_date=20251102T114352, end_date=20251102T114358
[2025-11-02T11:43:58.554+0000] {local_task_job_runner.py:234} INFO - Task exited with return code 0
[2025-11-02T11:43:58.580+0000] {taskinstance.py:3280} INFO - 0 downstream tasks scheduled from follow-on schedule check
