[2025-11-01T20:22:16.296+0000] {taskinstance.py:1956} INFO - Dependencies all met for dep_context=non-requeueable deps ti=<TaskInstance: silver_transformation_pipeline.dbt_run_linktx scheduled__2025-10-17T00:00:00+00:00 [queued]>
[2025-11-01T20:22:16.309+0000] {taskinstance.py:1956} INFO - Dependencies all met for dep_context=requeueable deps ti=<TaskInstance: silver_transformation_pipeline.dbt_run_linktx scheduled__2025-10-17T00:00:00+00:00 [queued]>
[2025-11-01T20:22:16.311+0000] {taskinstance.py:2170} INFO - Starting attempt 1 of 2
[2025-11-01T20:22:16.333+0000] {taskinstance.py:2191} INFO - Executing <Task(PythonOperator): dbt_run_linktx> on 2025-10-17 00:00:00+00:00
[2025-11-01T20:22:16.342+0000] {standard_task_runner.py:60} INFO - Started process 1750 to run task
[2025-11-01T20:22:16.347+0000] {standard_task_runner.py:87} INFO - Running: ['***', 'tasks', 'run', 'silver_transformation_pipeline', 'dbt_run_linktx', 'scheduled__2025-10-17T00:00:00+00:00', '--job-id', '192', '--raw', '--subdir', 'DAGS_FOLDER/silver_dag.py', '--cfg-path', '/tmp/tmpzfd57xyu']
[2025-11-01T20:22:16.356+0000] {standard_task_runner.py:88} INFO - Job 192: Subtask dbt_run_linktx
[2025-11-01T20:22:16.507+0000] {task_command.py:423} INFO - Running <TaskInstance: silver_transformation_pipeline.dbt_run_linktx scheduled__2025-10-17T00:00:00+00:00 [running]> on host 6335aa85b335
[2025-11-01T20:22:16.657+0000] {taskinstance.py:2480} INFO - Exporting env vars: AIRFLOW_CTX_DAG_OWNER='***' AIRFLOW_CTX_DAG_ID='silver_transformation_pipeline' AIRFLOW_CTX_TASK_ID='dbt_run_linktx' AIRFLOW_CTX_EXECUTION_DATE='2025-10-17T00:00:00+00:00' AIRFLOW_CTX_TRY_NUMBER='1' AIRFLOW_CTX_DAG_RUN_ID='scheduled__2025-10-17T00:00:00+00:00'
[2025-11-01T20:22:23.404+0000] {python.py:201} INFO - Done. Returned value was: None
[2025-11-01T20:22:23.423+0000] {taskinstance.py:1138} INFO - Marking task as SUCCESS. dag_id=silver_transformation_pipeline, task_id=dbt_run_linktx, execution_date=20251017T000000, start_date=20251101T202216, end_date=20251101T202223
[2025-11-01T20:22:23.493+0000] {local_task_job_runner.py:234} INFO - Task exited with return code 0
[2025-11-01T20:22:23.516+0000] {taskinstance.py:3280} INFO - 0 downstream tasks scheduled from follow-on schedule check
[2025-11-02T01:37:31.051+0000] {taskinstance.py:1956} INFO - Dependencies all met for dep_context=non-requeueable deps ti=<TaskInstance: silver_transformation_pipeline.dbt_run_linktx scheduled__2025-10-17T00:00:00+00:00 [queued]>
[2025-11-02T01:37:31.064+0000] {taskinstance.py:1956} INFO - Dependencies all met for dep_context=requeueable deps ti=<TaskInstance: silver_transformation_pipeline.dbt_run_linktx scheduled__2025-10-17T00:00:00+00:00 [queued]>
[2025-11-02T01:37:31.065+0000] {taskinstance.py:2170} INFO - Starting attempt 1 of 2
[2025-11-02T01:37:31.081+0000] {taskinstance.py:2191} INFO - Executing <Task(PythonOperator): dbt_run_linktx> on 2025-10-17 00:00:00+00:00
[2025-11-02T01:37:31.086+0000] {standard_task_runner.py:60} INFO - Started process 2606 to run task
[2025-11-02T01:37:31.091+0000] {standard_task_runner.py:87} INFO - Running: ['***', 'tasks', 'run', 'silver_transformation_pipeline', 'dbt_run_linktx', 'scheduled__2025-10-17T00:00:00+00:00', '--job-id', '196', '--raw', '--subdir', 'DAGS_FOLDER/silver_dag.py', '--cfg-path', '/tmp/tmpp7bxlo0d']
[2025-11-02T01:37:31.094+0000] {standard_task_runner.py:88} INFO - Job 196: Subtask dbt_run_linktx
[2025-11-02T01:37:31.186+0000] {task_command.py:423} INFO - Running <TaskInstance: silver_transformation_pipeline.dbt_run_linktx scheduled__2025-10-17T00:00:00+00:00 [running]> on host 3b0074fa0b5e
[2025-11-02T01:37:31.313+0000] {taskinstance.py:2480} INFO - Exporting env vars: AIRFLOW_CTX_DAG_OWNER='***' AIRFLOW_CTX_DAG_ID='silver_transformation_pipeline' AIRFLOW_CTX_TASK_ID='dbt_run_linktx' AIRFLOW_CTX_EXECUTION_DATE='2025-10-17T00:00:00+00:00' AIRFLOW_CTX_TRY_NUMBER='1' AIRFLOW_CTX_DAG_RUN_ID='scheduled__2025-10-17T00:00:00+00:00'
[2025-11-02T01:37:37.990+0000] {python.py:201} INFO - Done. Returned value was: None
[2025-11-02T01:37:38.016+0000] {taskinstance.py:1138} INFO - Marking task as SUCCESS. dag_id=silver_transformation_pipeline, task_id=dbt_run_linktx, execution_date=20251017T000000, start_date=20251102T013731, end_date=20251102T013738
[2025-11-02T01:37:38.087+0000] {local_task_job_runner.py:234} INFO - Task exited with return code 0
[2025-11-02T01:37:38.117+0000] {taskinstance.py:3280} INFO - 0 downstream tasks scheduled from follow-on schedule check
[2025-11-02T11:32:58.342+0000] {taskinstance.py:1956} INFO - Dependencies all met for dep_context=non-requeueable deps ti=<TaskInstance: silver_transformation_pipeline.dbt_run_linktx scheduled__2025-10-17T00:00:00+00:00 [queued]>
[2025-11-02T11:32:58.357+0000] {taskinstance.py:1956} INFO - Dependencies all met for dep_context=requeueable deps ti=<TaskInstance: silver_transformation_pipeline.dbt_run_linktx scheduled__2025-10-17T00:00:00+00:00 [queued]>
[2025-11-02T11:32:58.358+0000] {taskinstance.py:2170} INFO - Starting attempt 1 of 2
[2025-11-02T11:32:58.378+0000] {taskinstance.py:2191} INFO - Executing <Task(PythonOperator): dbt_run_linktx> on 2025-10-17 00:00:00+00:00
[2025-11-02T11:32:58.388+0000] {standard_task_runner.py:60} INFO - Started process 2739 to run task
[2025-11-02T11:32:58.393+0000] {standard_task_runner.py:87} INFO - Running: ['***', 'tasks', 'run', 'silver_transformation_pipeline', 'dbt_run_linktx', 'scheduled__2025-10-17T00:00:00+00:00', '--job-id', '207', '--raw', '--subdir', 'DAGS_FOLDER/silver_dag.py', '--cfg-path', '/tmp/tmpbk72velj']
[2025-11-02T11:32:58.397+0000] {standard_task_runner.py:88} INFO - Job 207: Subtask dbt_run_linktx
[2025-11-02T11:32:58.500+0000] {task_command.py:423} INFO - Running <TaskInstance: silver_transformation_pipeline.dbt_run_linktx scheduled__2025-10-17T00:00:00+00:00 [running]> on host 0d39d4365eb9
[2025-11-02T11:32:58.629+0000] {taskinstance.py:2480} INFO - Exporting env vars: AIRFLOW_CTX_DAG_OWNER='***' AIRFLOW_CTX_DAG_ID='silver_transformation_pipeline' AIRFLOW_CTX_TASK_ID='dbt_run_linktx' AIRFLOW_CTX_EXECUTION_DATE='2025-10-17T00:00:00+00:00' AIRFLOW_CTX_TRY_NUMBER='1' AIRFLOW_CTX_DAG_RUN_ID='scheduled__2025-10-17T00:00:00+00:00'
[2025-11-02T11:33:06.693+0000] {python.py:201} INFO - Done. Returned value was: None
[2025-11-02T11:33:06.718+0000] {taskinstance.py:1138} INFO - Marking task as SUCCESS. dag_id=silver_transformation_pipeline, task_id=dbt_run_linktx, execution_date=20251017T000000, start_date=20251102T113258, end_date=20251102T113306
[2025-11-02T11:33:06.793+0000] {local_task_job_runner.py:234} INFO - Task exited with return code 0
[2025-11-02T11:33:06.838+0000] {taskinstance.py:3280} INFO - 0 downstream tasks scheduled from follow-on schedule check
