[2025-11-02T01:50:11.043+0000] {taskinstance.py:1956} INFO - Dependencies all met for dep_context=non-requeueable deps ti=<TaskInstance: gold_dimensions_pipeline.dbt_dim_payment_state manual__2025-11-02T01:40:23.478659+00:00 [queued]>
[2025-11-02T01:50:11.054+0000] {taskinstance.py:1956} INFO - Dependencies all met for dep_context=requeueable deps ti=<TaskInstance: gold_dimensions_pipeline.dbt_dim_payment_state manual__2025-11-02T01:40:23.478659+00:00 [queued]>
[2025-11-02T01:50:11.055+0000] {taskinstance.py:2170} INFO - Starting attempt 1 of 3
[2025-11-02T01:50:11.077+0000] {taskinstance.py:2191} INFO - Executing <Task(PythonOperator): dbt_dim_payment_state> on 2025-11-02 01:40:23.478659+00:00
[2025-11-02T01:50:11.085+0000] {standard_task_runner.py:60} INFO - Started process 4566 to run task
[2025-11-02T01:50:11.091+0000] {standard_task_runner.py:87} INFO - Running: ['***', 'tasks', 'run', 'gold_dimensions_pipeline', 'dbt_dim_payment_state', 'manual__2025-11-02T01:40:23.478659+00:00', '--job-id', '263', '--raw', '--subdir', 'DAGS_FOLDER/gold_dag.py', '--cfg-path', '/tmp/tmp5h6xl9ri']
[2025-11-02T01:50:11.094+0000] {standard_task_runner.py:88} INFO - Job 263: Subtask dbt_dim_payment_state
[2025-11-02T01:50:11.182+0000] {task_command.py:423} INFO - Running <TaskInstance: gold_dimensions_pipeline.dbt_dim_payment_state manual__2025-11-02T01:40:23.478659+00:00 [running]> on host 3b0074fa0b5e
[2025-11-02T01:50:11.290+0000] {taskinstance.py:2480} INFO - Exporting env vars: AIRFLOW_CTX_DAG_OWNER='***' AIRFLOW_CTX_DAG_ID='gold_dimensions_pipeline' AIRFLOW_CTX_TASK_ID='dbt_dim_payment_state' AIRFLOW_CTX_EXECUTION_DATE='2025-11-02T01:40:23.478659+00:00' AIRFLOW_CTX_TRY_NUMBER='1' AIRFLOW_CTX_DAG_RUN_ID='manual__2025-11-02T01:40:23.478659+00:00'
[2025-11-02T01:50:16.252+0000] {logging_mixin.py:188} INFO - ==== DBT STDOUT ====
[2025-11-02T01:50:16.253+0000] {logging_mixin.py:188} INFO - 01:50:14  Running with dbt=1.5.9
01:50:14  Registered adapter: clickhouse=1.5.2
01:50:14  [WARNING]: Configuration paths exist in your dbt_project.yml file which do not apply to any resources.
There are 1 unused configuration paths:
- models.ck_project.gold.fact
01:50:14  Found 7 models, 17 tests, 0 snapshots, 0 analyses, 349 macros, 0 operations, 0 seed files, 6 sources, 0 exposures, 0 metrics, 0 groups
01:50:14  
01:50:15  Concurrency: 4 threads (target='dev')
01:50:15  
01:50:15  1 of 1 START sql table model default.dim_payment_state ......................... [RUN]
01:50:15  1 of 1 OK created sql table model default.dim_payment_state .................... [OK in 0.19s]
01:50:15  
01:50:15  Finished running 1 table model in 0 hours 0 minutes and 0.54 seconds (0.54s).
01:50:15  
01:50:15  Completed successfully
01:50:15  
01:50:15  Done. PASS=1 WARN=0 ERROR=0 SKIP=0 TOTAL=1
[2025-11-02T01:50:16.253+0000] {logging_mixin.py:188} INFO - ==== DBT STDERR ====
[2025-11-02T01:50:16.254+0000] {python.py:201} INFO - Done. Returned value was: None
[2025-11-02T01:50:16.271+0000] {taskinstance.py:1138} INFO - Marking task as SUCCESS. dag_id=gold_dimensions_pipeline, task_id=dbt_dim_payment_state, execution_date=20251102T014023, start_date=20251102T015011, end_date=20251102T015016
[2025-11-02T01:50:16.308+0000] {local_task_job_runner.py:234} INFO - Task exited with return code 0
[2025-11-02T01:50:16.348+0000] {taskinstance.py:3280} INFO - 0 downstream tasks scheduled from follow-on schedule check
