[2025-11-02T13:07:53.008+0000] {taskinstance.py:1956} INFO - Dependencies all met for dep_context=non-requeueable deps ti=<TaskInstance: gold_dimensions_pipeline.dbt_dim_merchants manual__2025-11-02T13:07:50.725059+00:00 [queued]>
[2025-11-02T13:07:53.073+0000] {taskinstance.py:1956} INFO - Dependencies all met for dep_context=requeueable deps ti=<TaskInstance: gold_dimensions_pipeline.dbt_dim_merchants manual__2025-11-02T13:07:50.725059+00:00 [queued]>
[2025-11-02T13:07:53.075+0000] {taskinstance.py:2170} INFO - Starting attempt 1 of 3
[2025-11-02T13:07:53.159+0000] {taskinstance.py:2191} INFO - Executing <Task(PythonOperator): dbt_dim_merchants> on 2025-11-02 13:07:50.725059+00:00
[2025-11-02T13:07:53.185+0000] {standard_task_runner.py:60} INFO - Started process 11555 to run task
[2025-11-02T13:07:53.206+0000] {standard_task_runner.py:87} INFO - Running: ['***', 'tasks', 'run', 'gold_dimensions_pipeline', 'dbt_dim_merchants', 'manual__2025-11-02T13:07:50.725059+00:00', '--job-id', '411', '--raw', '--subdir', 'DAGS_FOLDER/gold_dag.py', '--cfg-path', '/tmp/tmpipeib_11']
[2025-11-02T13:07:53.217+0000] {standard_task_runner.py:88} INFO - Job 411: Subtask dbt_dim_merchants
[2025-11-02T13:07:53.523+0000] {task_command.py:423} INFO - Running <TaskInstance: gold_dimensions_pipeline.dbt_dim_merchants manual__2025-11-02T13:07:50.725059+00:00 [running]> on host 0d39d4365eb9
[2025-11-02T13:07:54.147+0000] {taskinstance.py:2480} INFO - Exporting env vars: AIRFLOW_CTX_DAG_OWNER='***' AIRFLOW_CTX_DAG_ID='gold_dimensions_pipeline' AIRFLOW_CTX_TASK_ID='dbt_dim_merchants' AIRFLOW_CTX_EXECUTION_DATE='2025-11-02T13:07:50.725059+00:00' AIRFLOW_CTX_TRY_NUMBER='1' AIRFLOW_CTX_DAG_RUN_ID='manual__2025-11-02T13:07:50.725059+00:00'
[2025-11-02T13:08:05.928+0000] {logging_mixin.py:188} INFO - 13:08:05  Running with dbt=1.5.9
[2025-11-02T13:08:06.580+0000] {logging_mixin.py:188} INFO - 13:08:06  Registered adapter: clickhouse=1.5.2
[2025-11-02T13:08:12.150+0000] {logging_mixin.py:188} INFO - 13:08:12  [WARNING]: Configuration paths exist in your dbt_project.yml file which do not apply to any resources.
[2025-11-02T13:08:12.151+0000] {logging_mixin.py:188} INFO - There are 1 unused configuration paths:
[2025-11-02T13:08:12.153+0000] {logging_mixin.py:188} INFO - - models.ck_project.bronze
[2025-11-02T13:08:12.288+0000] {logging_mixin.py:188} INFO - 13:08:12  Found 8 models, 21 tests, 0 snapshots, 0 analyses, 349 macros, 0 operations, 0 seed files, 6 sources, 0 exposures, 0 metrics, 0 groups
[2025-11-02T13:08:12.297+0000] {logging_mixin.py:188} INFO - 13:08:12
[2025-11-02T13:08:13.443+0000] {logging_mixin.py:188} INFO - 13:08:13  Concurrency: 4 threads (target='dev')
[2025-11-02T13:08:13.446+0000] {logging_mixin.py:188} INFO - 13:08:13
[2025-11-02T13:08:13.500+0000] {logging_mixin.py:188} INFO - 13:08:13  1 of 1 START sql table model gold.dim_merchants ................................ [RUN]
[2025-11-02T13:08:14.569+0000] {logging_mixin.py:188} INFO - 13:08:14  1 of 1 OK created sql table model gold.dim_merchants ........................... [OK in 1.06s]
[2025-11-02T13:08:14.592+0000] {logging_mixin.py:188} INFO - 13:08:14
[2025-11-02T13:08:14.595+0000] {logging_mixin.py:188} INFO - 13:08:14  Finished running 1 table model in 0 hours 0 minutes and 2.29 seconds (2.29s).
[2025-11-02T13:08:14.651+0000] {logging_mixin.py:188} INFO - 13:08:14
[2025-11-02T13:08:14.659+0000] {logging_mixin.py:188} INFO - 13:08:14  Completed successfully
[2025-11-02T13:08:14.661+0000] {logging_mixin.py:188} INFO - 13:08:14
[2025-11-02T13:08:14.665+0000] {logging_mixin.py:188} INFO - 13:08:14  Done. PASS=1 WARN=0 ERROR=0 SKIP=0 TOTAL=1
[2025-11-02T13:08:15.823+0000] {python.py:201} INFO - Done. Returned value was: None
[2025-11-02T13:08:15.857+0000] {taskinstance.py:1138} INFO - Marking task as SUCCESS. dag_id=gold_dimensions_pipeline, task_id=dbt_dim_merchants, execution_date=20251102T130750, start_date=20251102T130753, end_date=20251102T130815
[2025-11-02T13:08:15.915+0000] {local_task_job_runner.py:234} INFO - Task exited with return code 0
[2025-11-02T13:08:15.968+0000] {taskinstance.py:3280} INFO - 0 downstream tasks scheduled from follow-on schedule check
