[2025-10-31T22:58:40.159+0000] {taskinstance.py:1956} INFO - Dependencies all met for dep_context=non-requeueable deps ti=<TaskInstance: ingestion_pipeline.load_link_transactions_bronze_from_mongo manual__2025-10-31T22:58:39.086063+00:00 [queued]>
[2025-10-31T22:58:40.178+0000] {taskinstance.py:1956} INFO - Dependencies all met for dep_context=requeueable deps ti=<TaskInstance: ingestion_pipeline.load_link_transactions_bronze_from_mongo manual__2025-10-31T22:58:39.086063+00:00 [queued]>
[2025-10-31T22:58:40.179+0000] {taskinstance.py:2170} INFO - Starting attempt 1 of 2
[2025-10-31T22:58:40.207+0000] {taskinstance.py:2191} INFO - Executing <Task(PythonOperator): load_link_transactions_bronze_from_mongo> on 2025-10-31 22:58:39.086063+00:00
[2025-10-31T22:58:40.227+0000] {standard_task_runner.py:60} INFO - Started process 344 to run task
[2025-10-31T22:58:40.257+0000] {standard_task_runner.py:87} INFO - Running: ['***', 'tasks', 'run', 'ingestion_pipeline', 'load_link_transactions_bronze_from_mongo', 'manual__2025-10-31T22:58:39.086063+00:00', '--job-id', '6', '--raw', '--subdir', 'DAGS_FOLDER/ingestion_dag.py', '--cfg-path', '/tmp/tmp6b2cd1_p']
[2025-10-31T22:58:40.267+0000] {standard_task_runner.py:88} INFO - Job 6: Subtask load_link_transactions_bronze_from_mongo
[2025-10-31T22:58:40.512+0000] {task_command.py:423} INFO - Running <TaskInstance: ingestion_pipeline.load_link_transactions_bronze_from_mongo manual__2025-10-31T22:58:39.086063+00:00 [running]> on host ad620feb6bee
[2025-10-31T22:58:40.779+0000] {taskinstance.py:2480} INFO - Exporting env vars: AIRFLOW_CTX_DAG_OWNER='***' AIRFLOW_CTX_DAG_ID='ingestion_pipeline' AIRFLOW_CTX_TASK_ID='load_link_transactions_bronze_from_mongo' AIRFLOW_CTX_EXECUTION_DATE='2025-10-31T22:58:39.086063+00:00' AIRFLOW_CTX_TRY_NUMBER='1' AIRFLOW_CTX_DAG_RUN_ID='manual__2025-10-31T22:58:39.086063+00:00'
[2025-10-31T22:58:43.281+0000] {mongo_to_clickhouse.py:169} INFO - [mongo->ch] Query window: 2025-10-31 00:00:00..2025-11-01 00:00:00
[2025-10-31T22:58:43.283+0000] {crypto.py:82} WARNING - empty cryptography key - values will not be stored encrypted.
[2025-10-31T22:58:43.284+0000] {base.py:83} INFO - Using connection ID 'mongo_default' for task execution.
[2025-10-31T22:58:43.306+0000] {base.py:83} INFO - Using connection ID 'clickhouse_default' for task execution.
[2025-10-31T22:58:43.364+0000] {mongo_to_clickhouse.py:280} INFO - [mongo->ch] No new rows, but idempotency cleanup removed any prior rows for 'mongo:link_transactions_raw:20251031'.
[2025-10-31T22:58:43.366+0000] {mongo_to_clickhouse.py:287} INFO - [mongo->ch] Inserted 0 rows into bronze.link_transactions.
[2025-10-31T22:58:43.369+0000] {mongo_to_clickhouse.py:289} INFO - [mongo->ch] No matching docs found for given filter.
[2025-10-31T22:58:43.375+0000] {python.py:201} INFO - Done. Returned value was: None
[2025-10-31T22:58:43.399+0000] {taskinstance.py:1138} INFO - Marking task as SUCCESS. dag_id=ingestion_pipeline, task_id=load_link_transactions_bronze_from_mongo, execution_date=20251031T225839, start_date=20251031T225840, end_date=20251031T225843
[2025-10-31T22:58:43.485+0000] {local_task_job_runner.py:234} INFO - Task exited with return code 0
[2025-10-31T22:58:43.535+0000] {taskinstance.py:3280} INFO - 0 downstream tasks scheduled from follow-on schedule check
