[2025-11-02T00:27:40.097+0000] {taskinstance.py:1956} INFO - Dependencies all met for dep_context=non-requeueable deps ti=<TaskInstance: gold_dimensions_pipeline.dbt_dim_date scheduled__2025-10-14T00:00:00+00:00 [queued]>
[2025-11-02T00:27:40.117+0000] {taskinstance.py:1956} INFO - Dependencies all met for dep_context=requeueable deps ti=<TaskInstance: gold_dimensions_pipeline.dbt_dim_date scheduled__2025-10-14T00:00:00+00:00 [queued]>
[2025-11-02T00:27:40.120+0000] {taskinstance.py:2170} INFO - Starting attempt 1 of 2
[2025-11-02T00:27:40.152+0000] {taskinstance.py:2191} INFO - Executing <Task(PythonOperator): dbt_dim_date> on 2025-10-14 00:00:00+00:00
[2025-11-02T00:27:40.164+0000] {standard_task_runner.py:60} INFO - Started process 15448 to run task
[2025-11-02T00:27:40.170+0000] {standard_task_runner.py:87} INFO - Running: ['***', 'tasks', 'run', 'gold_dimensions_pipeline', 'dbt_dim_date', 'scheduled__2025-10-14T00:00:00+00:00', '--job-id', '352', '--raw', '--subdir', 'DAGS_FOLDER/gold_dag.py', '--cfg-path', '/tmp/tmplottjyec']
[2025-11-02T00:27:40.173+0000] {standard_task_runner.py:88} INFO - Job 352: Subtask dbt_dim_date
[2025-11-02T00:27:40.281+0000] {task_command.py:423} INFO - Running <TaskInstance: gold_dimensions_pipeline.dbt_dim_date scheduled__2025-10-14T00:00:00+00:00 [running]> on host 6335aa85b335
[2025-11-02T00:27:40.429+0000] {taskinstance.py:2480} INFO - Exporting env vars: AIRFLOW_CTX_DAG_OWNER='***' AIRFLOW_CTX_DAG_ID='gold_dimensions_pipeline' AIRFLOW_CTX_TASK_ID='dbt_dim_date' AIRFLOW_CTX_EXECUTION_DATE='2025-10-14T00:00:00+00:00' AIRFLOW_CTX_TRY_NUMBER='1' AIRFLOW_CTX_DAG_RUN_ID='scheduled__2025-10-14T00:00:00+00:00'
[2025-11-02T00:27:50.472+0000] {python.py:201} INFO - Done. Returned value was: None
[2025-11-02T00:27:50.497+0000] {taskinstance.py:1138} INFO - Marking task as SUCCESS. dag_id=gold_dimensions_pipeline, task_id=dbt_dim_date, execution_date=20251014T000000, start_date=20251102T002740, end_date=20251102T002750
[2025-11-02T00:27:50.557+0000] {local_task_job_runner.py:234} INFO - Task exited with return code 0
[2025-11-02T00:27:50.586+0000] {taskinstance.py:3280} INFO - 0 downstream tasks scheduled from follow-on schedule check
[2025-11-02T11:43:46.297+0000] {taskinstance.py:1956} INFO - Dependencies all met for dep_context=non-requeueable deps ti=<TaskInstance: gold_dimensions_pipeline.dbt_dim_date scheduled__2025-10-14T00:00:00+00:00 [queued]>
[2025-11-02T11:43:46.309+0000] {taskinstance.py:1956} INFO - Dependencies all met for dep_context=requeueable deps ti=<TaskInstance: gold_dimensions_pipeline.dbt_dim_date scheduled__2025-10-14T00:00:00+00:00 [queued]>
[2025-11-02T11:43:46.310+0000] {taskinstance.py:2170} INFO - Starting attempt 1 of 3
[2025-11-02T11:43:46.327+0000] {taskinstance.py:2191} INFO - Executing <Task(PythonOperator): dbt_dim_date> on 2025-10-14 00:00:00+00:00
[2025-11-02T11:43:46.332+0000] {standard_task_runner.py:60} INFO - Started process 5334 to run task
[2025-11-02T11:43:46.336+0000] {standard_task_runner.py:87} INFO - Running: ['***', 'tasks', 'run', 'gold_dimensions_pipeline', 'dbt_dim_date', 'scheduled__2025-10-14T00:00:00+00:00', '--job-id', '324', '--raw', '--subdir', 'DAGS_FOLDER/gold_dag.py', '--cfg-path', '/tmp/tmp8w4e4vrw']
[2025-11-02T11:43:46.340+0000] {standard_task_runner.py:88} INFO - Job 324: Subtask dbt_dim_date
[2025-11-02T11:43:46.428+0000] {task_command.py:423} INFO - Running <TaskInstance: gold_dimensions_pipeline.dbt_dim_date scheduled__2025-10-14T00:00:00+00:00 [running]> on host 0d39d4365eb9
[2025-11-02T11:43:46.530+0000] {taskinstance.py:2480} INFO - Exporting env vars: AIRFLOW_CTX_DAG_OWNER='***' AIRFLOW_CTX_DAG_ID='gold_dimensions_pipeline' AIRFLOW_CTX_TASK_ID='dbt_dim_date' AIRFLOW_CTX_EXECUTION_DATE='2025-10-14T00:00:00+00:00' AIRFLOW_CTX_TRY_NUMBER='1' AIRFLOW_CTX_DAG_RUN_ID='scheduled__2025-10-14T00:00:00+00:00'
[2025-11-02T11:43:51.289+0000] {logging_mixin.py:188} INFO - ==== DBT STDOUT ====
[2025-11-02T11:43:51.290+0000] {logging_mixin.py:188} INFO - 11:43:49  Running with dbt=1.5.9
11:43:49  Registered adapter: clickhouse=1.5.2
11:43:49  [WARNING]: Configuration paths exist in your dbt_project.yml file which do not apply to any resources.
There are 2 unused configuration paths:
- models.ck_project.gold.fact
- models.ck_project.bronze
11:43:49  Found 7 models, 17 tests, 0 snapshots, 0 analyses, 349 macros, 0 operations, 0 seed files, 6 sources, 0 exposures, 0 metrics, 0 groups
11:43:49  
11:43:50  Concurrency: 4 threads (target='dev')
11:43:50  
11:43:50  1 of 1 START sql table model gold.dim_date ..................................... [RUN]
11:43:50  1 of 1 OK created sql table model gold.dim_date ................................ [OK in 0.25s]
11:43:50  
11:43:50  Finished running 1 table model in 0 hours 0 minutes and 0.59 seconds (0.59s).
11:43:50  
11:43:50  Completed successfully
11:43:50  
11:43:50  Done. PASS=1 WARN=0 ERROR=0 SKIP=0 TOTAL=1
[2025-11-02T11:43:51.291+0000] {logging_mixin.py:188} INFO - ==== DBT STDERR ====
[2025-11-02T11:43:51.292+0000] {python.py:201} INFO - Done. Returned value was: None
[2025-11-02T11:43:51.308+0000] {taskinstance.py:1138} INFO - Marking task as SUCCESS. dag_id=gold_dimensions_pipeline, task_id=dbt_dim_date, execution_date=20251014T000000, start_date=20251102T114346, end_date=20251102T114351
[2025-11-02T11:43:51.375+0000] {local_task_job_runner.py:234} INFO - Task exited with return code 0
[2025-11-02T11:43:51.405+0000] {taskinstance.py:3280} INFO - 3 downstream tasks scheduled from follow-on schedule check
