[2025-11-02T18:04:50.690+0000] {taskinstance.py:1956} INFO - Dependencies all met for dep_context=non-requeueable deps ti=<TaskInstance: gold_dimensions_pipeline.dbt_dim_date scheduled__2025-10-01T00:00:00+00:00 [queued]>
[2025-11-02T18:04:50.712+0000] {taskinstance.py:1956} INFO - Dependencies all met for dep_context=requeueable deps ti=<TaskInstance: gold_dimensions_pipeline.dbt_dim_date scheduled__2025-10-01T00:00:00+00:00 [queued]>
[2025-11-02T18:04:50.713+0000] {taskinstance.py:2170} INFO - Starting attempt 1 of 3
[2025-11-02T18:04:50.741+0000] {taskinstance.py:2191} INFO - Executing <Task(PythonOperator): dbt_dim_date> on 2025-10-01 00:00:00+00:00
[2025-11-02T18:04:50.751+0000] {standard_task_runner.py:60} INFO - Started process 4674 to run task
[2025-11-02T18:04:50.758+0000] {standard_task_runner.py:87} INFO - Running: ['***', 'tasks', 'run', 'gold_dimensions_pipeline', 'dbt_dim_date', 'scheduled__2025-10-01T00:00:00+00:00', '--job-id', '22', '--raw', '--subdir', 'DAGS_FOLDER/gold_dag.py', '--cfg-path', '/tmp/tmp2mgds65i']
[2025-11-02T18:04:50.764+0000] {standard_task_runner.py:88} INFO - Job 22: Subtask dbt_dim_date
[2025-11-02T18:04:50.919+0000] {task_command.py:423} INFO - Running <TaskInstance: gold_dimensions_pipeline.dbt_dim_date scheduled__2025-10-01T00:00:00+00:00 [running]> on host 65b87e279dde
[2025-11-02T18:04:51.116+0000] {taskinstance.py:2480} INFO - Exporting env vars: AIRFLOW_CTX_DAG_OWNER='***' AIRFLOW_CTX_DAG_ID='gold_dimensions_pipeline' AIRFLOW_CTX_TASK_ID='dbt_dim_date' AIRFLOW_CTX_EXECUTION_DATE='2025-10-01T00:00:00+00:00' AIRFLOW_CTX_TRY_NUMBER='1' AIRFLOW_CTX_DAG_RUN_ID='scheduled__2025-10-01T00:00:00+00:00'
[2025-11-02T18:04:56.662+0000] {logging_mixin.py:188} INFO - 18:04:56  Running with dbt=1.5.9
[2025-11-02T18:04:56.863+0000] {logging_mixin.py:188} INFO - 18:04:56  Registered adapter: clickhouse=1.5.2
[2025-11-02T18:04:59.090+0000] {logging_mixin.py:188} INFO - 18:04:59  [WARNING]: Configuration paths exist in your dbt_project.yml file which do not apply to any resources.
[2025-11-02T18:04:59.091+0000] {logging_mixin.py:188} INFO - There are 1 unused configuration paths:
[2025-11-02T18:04:59.092+0000] {logging_mixin.py:188} INFO - - models.ck_project.bronze
[2025-11-02T18:04:59.211+0000] {logging_mixin.py:188} INFO - 18:04:59  Found 8 models, 20 tests, 0 snapshots, 0 analyses, 349 macros, 0 operations, 0 seed files, 6 sources, 0 exposures, 0 metrics, 0 groups
[2025-11-02T18:04:59.217+0000] {logging_mixin.py:188} INFO - 18:04:59
[2025-11-02T18:05:00.476+0000] {logging_mixin.py:188} INFO - 18:05:00  Concurrency: 4 threads (target='dev')
[2025-11-02T18:05:00.478+0000] {logging_mixin.py:188} INFO - 18:05:00
[2025-11-02T18:05:00.524+0000] {logging_mixin.py:188} INFO - 18:05:00  1 of 1 START sql table model gold.dim_date ..................................... [RUN]
[2025-11-02T18:05:00.927+0000] {logging_mixin.py:188} INFO - 18:05:00  1 of 1 OK created sql table model gold.dim_date ................................ [OK in 0.40s]
[2025-11-02T18:05:00.941+0000] {logging_mixin.py:188} INFO - 18:05:00
[2025-11-02T18:05:00.943+0000] {logging_mixin.py:188} INFO - 18:05:00  Finished running 1 table model in 0 hours 0 minutes and 1.72 seconds (1.72s).
[2025-11-02T18:05:01.034+0000] {logging_mixin.py:188} INFO - 18:05:01
[2025-11-02T18:05:01.036+0000] {logging_mixin.py:188} INFO - 18:05:01  Completed successfully
[2025-11-02T18:05:01.037+0000] {logging_mixin.py:188} INFO - 18:05:01
[2025-11-02T18:05:01.039+0000] {logging_mixin.py:188} INFO - 18:05:01  Done. PASS=1 WARN=0 ERROR=0 SKIP=0 TOTAL=1
[2025-11-02T18:05:02.438+0000] {python.py:201} INFO - Done. Returned value was: None
[2025-11-02T18:05:02.495+0000] {taskinstance.py:1138} INFO - Marking task as SUCCESS. dag_id=gold_dimensions_pipeline, task_id=dbt_dim_date, execution_date=20251001T000000, start_date=20251102T180450, end_date=20251102T180502
[2025-11-02T18:05:02.619+0000] {local_task_job_runner.py:234} INFO - Task exited with return code 0
[2025-11-02T18:05:02.691+0000] {taskinstance.py:3280} INFO - 0 downstream tasks scheduled from follow-on schedule check
