[2025-11-26T19:22:38.165+0000] {taskinstance.py:1956} INFO - Dependencies all met for dep_context=non-requeueable deps ti=<TaskInstance: silver_transformation_pipeline.dbt_run_payments scheduled__2025-11-09T00:00:00+00:00 [queued]>
[2025-11-26T19:22:38.266+0000] {taskinstance.py:1956} INFO - Dependencies all met for dep_context=requeueable deps ti=<TaskInstance: silver_transformation_pipeline.dbt_run_payments scheduled__2025-11-09T00:00:00+00:00 [queued]>
[2025-11-26T19:22:38.284+0000] {taskinstance.py:2170} INFO - Starting attempt 1 of 2
[2025-11-26T19:22:38.499+0000] {taskinstance.py:2191} INFO - Executing <Task(PythonOperator): dbt_run_payments> on 2025-11-09 00:00:00+00:00
[2025-11-26T19:22:38.573+0000] {standard_task_runner.py:60} INFO - Started process 288 to run task
[2025-11-26T19:22:38.606+0000] {standard_task_runner.py:87} INFO - Running: ['***', 'tasks', 'run', 'silver_transformation_pipeline', 'dbt_run_payments', 'scheduled__2025-11-09T00:00:00+00:00', '--job-id', '533', '--raw', '--subdir', 'DAGS_FOLDER/silver_dag.py', '--cfg-path', '/tmp/tmpsuxwo5_k']
[2025-11-26T19:22:38.618+0000] {standard_task_runner.py:88} INFO - Job 533: Subtask dbt_run_payments
[2025-11-26T19:22:39.186+0000] {task_command.py:423} INFO - Running <TaskInstance: silver_transformation_pipeline.dbt_run_payments scheduled__2025-11-09T00:00:00+00:00 [running]> on host 0d39d4365eb9
[2025-11-26T19:22:39.542+0000] {taskinstance.py:2480} INFO - Exporting env vars: AIRFLOW_CTX_DAG_OWNER='***' AIRFLOW_CTX_DAG_ID='silver_transformation_pipeline' AIRFLOW_CTX_TASK_ID='dbt_run_payments' AIRFLOW_CTX_EXECUTION_DATE='2025-11-09T00:00:00+00:00' AIRFLOW_CTX_TRY_NUMBER='1' AIRFLOW_CTX_DAG_RUN_ID='scheduled__2025-11-09T00:00:00+00:00'
[2025-11-26T19:23:02.743+0000] {local_task_job_runner.py:121} ERROR - Received SIGTERM. Terminating subprocesses
[2025-11-26T19:23:02.748+0000] {process_utils.py:131} INFO - Sending 15 to group 288. PIDs of all processes in the group: [308, 288]
[2025-11-26T19:23:02.750+0000] {process_utils.py:86} INFO - Sending the signal 15 to group 288
[2025-11-26T19:23:02.791+0000] {taskinstance.py:2450} ERROR - Received SIGTERM. Terminating subprocesses.
[2025-11-26T19:23:03.263+0000] {process_utils.py:79} INFO - Process psutil.Process(pid=308, status='terminated', started='19:22:38') (308) terminated with exit code None
[2025-11-26T19:23:03.248+0000] {taskinstance.py:2698} ERROR - Task failed with exception
Traceback (most recent call last):
  File "/home/airflow/.local/lib/python3.8/site-packages/airflow/models/taskinstance.py", line 433, in _execute_task
    result = execute_callable(context=context, **execute_callable_kwargs)
  File "/home/airflow/.local/lib/python3.8/site-packages/airflow/operators/python.py", line 199, in execute
    return_value = self.execute_callable()
  File "/home/airflow/.local/lib/python3.8/site-packages/airflow/operators/python.py", line 216, in execute_callable
    return self.python_callable(*self.op_args, **self.op_kwargs)
  File "/opt/airflow/dags/silver_dag.py", line 188, in <lambda>
    python_callable=lambda ds, **_: _run_dbt("silver_payments", ds=ds, full_refresh=False, pass_ds_lagged=True),
  File "/opt/airflow/dags/silver_dag.py", line 148, in _run_dbt
    proc = subprocess.run(args, text=True, capture_output=True)
  File "/usr/local/lib/python3.8/subprocess.py", line 495, in run
    stdout, stderr = process.communicate(input, timeout=timeout)
  File "/usr/local/lib/python3.8/subprocess.py", line 1028, in communicate
    stdout, stderr = self._communicate(input, endtime, timeout)
  File "/usr/local/lib/python3.8/subprocess.py", line 1884, in _communicate
    ready = selector.select(timeout)
  File "/usr/local/lib/python3.8/selectors.py", line 415, in select
    fd_event_list = self._selector.poll(timeout)
  File "/home/airflow/.local/lib/python3.8/site-packages/airflow/models/taskinstance.py", line 2452, in signal_handler
    raise AirflowException("Task received SIGTERM signal")
airflow.exceptions.AirflowException: Task received SIGTERM signal
[2025-11-26T19:23:03.355+0000] {taskinstance.py:1138} INFO - Marking task as UP_FOR_RETRY. dag_id=silver_transformation_pipeline, task_id=dbt_run_payments, execution_date=20251109T000000, start_date=20251126T192238, end_date=20251126T192303
[2025-11-26T19:23:03.892+0000] {standard_task_runner.py:107} ERROR - Failed to execute job 533 for task dbt_run_payments (Task received SIGTERM signal; 288)
[2025-11-26T19:23:04.008+0000] {process_utils.py:79} INFO - Process psutil.Process(pid=288, status='terminated', exitcode=1, started='19:22:37') (288) terminated with exit code 1
[2025-11-26T19:23:04.043+0000] {local_task_job_runner.py:234} INFO - Task exited with return code 143
[2025-11-26T19:23:04.177+0000] {taskinstance.py:3280} INFO - 0 downstream tasks scheduled from follow-on schedule check
