[2025-11-01T20:22:05.780+0000] {taskinstance.py:1956} INFO - Dependencies all met for dep_context=non-requeueable deps ti=<TaskInstance: silver_transformation_pipeline.ensure_bronze_prereqs scheduled__2025-10-16T00:00:00+00:00 [queued]>
[2025-11-01T20:22:05.791+0000] {taskinstance.py:1956} INFO - Dependencies all met for dep_context=requeueable deps ti=<TaskInstance: silver_transformation_pipeline.ensure_bronze_prereqs scheduled__2025-10-16T00:00:00+00:00 [queued]>
[2025-11-01T20:22:05.792+0000] {taskinstance.py:2170} INFO - Starting attempt 1 of 2
[2025-11-01T20:22:05.808+0000] {taskinstance.py:2191} INFO - Executing <Task(PythonOperator): ensure_bronze_prereqs> on 2025-10-16 00:00:00+00:00
[2025-11-01T20:22:05.814+0000] {standard_task_runner.py:60} INFO - Started process 1694 to run task
[2025-11-01T20:22:05.817+0000] {standard_task_runner.py:87} INFO - Running: ['***', 'tasks', 'run', 'silver_transformation_pipeline', 'ensure_bronze_prereqs', 'scheduled__2025-10-16T00:00:00+00:00', '--job-id', '186', '--raw', '--subdir', 'DAGS_FOLDER/silver_dag.py', '--cfg-path', '/tmp/tmpvni8r0e6']
[2025-11-01T20:22:05.820+0000] {standard_task_runner.py:88} INFO - Job 186: Subtask ensure_bronze_prereqs
[2025-11-01T20:22:05.933+0000] {task_command.py:423} INFO - Running <TaskInstance: silver_transformation_pipeline.ensure_bronze_prereqs scheduled__2025-10-16T00:00:00+00:00 [running]> on host 6335aa85b335
[2025-11-01T20:22:06.040+0000] {taskinstance.py:2480} INFO - Exporting env vars: AIRFLOW_CTX_DAG_OWNER='***' AIRFLOW_CTX_DAG_ID='silver_transformation_pipeline' AIRFLOW_CTX_TASK_ID='ensure_bronze_prereqs' AIRFLOW_CTX_EXECUTION_DATE='2025-10-16T00:00:00+00:00' AIRFLOW_CTX_TRY_NUMBER='1' AIRFLOW_CTX_DAG_RUN_ID='scheduled__2025-10-16T00:00:00+00:00'
[2025-11-01T20:22:06.043+0000] {crypto.py:82} WARNING - empty cryptography key - values will not be stored encrypted.
[2025-11-01T20:22:06.043+0000] {base.py:83} INFO - Using connection ID 'clickhouse_default' for task execution.
[2025-11-01T20:22:06.052+0000] {python.py:201} INFO - Done. Returned value was: None
[2025-11-01T20:22:06.074+0000] {taskinstance.py:1138} INFO - Marking task as SUCCESS. dag_id=silver_transformation_pipeline, task_id=ensure_bronze_prereqs, execution_date=20251016T000000, start_date=20251101T202205, end_date=20251101T202206
[2025-11-01T20:22:06.111+0000] {local_task_job_runner.py:234} INFO - Task exited with return code 0
[2025-11-01T20:22:06.136+0000] {taskinstance.py:3280} INFO - 3 downstream tasks scheduled from follow-on schedule check
[2025-11-02T01:37:19.714+0000] {taskinstance.py:1956} INFO - Dependencies all met for dep_context=non-requeueable deps ti=<TaskInstance: silver_transformation_pipeline.ensure_bronze_prereqs scheduled__2025-10-16T00:00:00+00:00 [queued]>
[2025-11-02T01:37:19.723+0000] {taskinstance.py:1956} INFO - Dependencies all met for dep_context=requeueable deps ti=<TaskInstance: silver_transformation_pipeline.ensure_bronze_prereqs scheduled__2025-10-16T00:00:00+00:00 [queued]>
[2025-11-02T01:37:19.724+0000] {taskinstance.py:2170} INFO - Starting attempt 1 of 2
[2025-11-02T01:37:19.739+0000] {taskinstance.py:2191} INFO - Executing <Task(PythonOperator): ensure_bronze_prereqs> on 2025-10-16 00:00:00+00:00
[2025-11-02T01:37:19.747+0000] {standard_task_runner.py:60} INFO - Started process 2505 to run task
[2025-11-02T01:37:19.750+0000] {standard_task_runner.py:87} INFO - Running: ['***', 'tasks', 'run', 'silver_transformation_pipeline', 'ensure_bronze_prereqs', 'scheduled__2025-10-16T00:00:00+00:00', '--job-id', '190', '--raw', '--subdir', 'DAGS_FOLDER/silver_dag.py', '--cfg-path', '/tmp/tmps1alq6o5']
[2025-11-02T01:37:19.753+0000] {standard_task_runner.py:88} INFO - Job 190: Subtask ensure_bronze_prereqs
[2025-11-02T01:37:19.827+0000] {task_command.py:423} INFO - Running <TaskInstance: silver_transformation_pipeline.ensure_bronze_prereqs scheduled__2025-10-16T00:00:00+00:00 [running]> on host 3b0074fa0b5e
[2025-11-02T01:37:19.923+0000] {taskinstance.py:2480} INFO - Exporting env vars: AIRFLOW_CTX_DAG_OWNER='***' AIRFLOW_CTX_DAG_ID='silver_transformation_pipeline' AIRFLOW_CTX_TASK_ID='ensure_bronze_prereqs' AIRFLOW_CTX_EXECUTION_DATE='2025-10-16T00:00:00+00:00' AIRFLOW_CTX_TRY_NUMBER='1' AIRFLOW_CTX_DAG_RUN_ID='scheduled__2025-10-16T00:00:00+00:00'
[2025-11-02T01:37:19.925+0000] {crypto.py:82} WARNING - empty cryptography key - values will not be stored encrypted.
[2025-11-02T01:37:19.926+0000] {base.py:83} INFO - Using connection ID 'clickhouse_default' for task execution.
[2025-11-02T01:37:19.935+0000] {python.py:201} INFO - Done. Returned value was: None
[2025-11-02T01:37:19.947+0000] {taskinstance.py:1138} INFO - Marking task as SUCCESS. dag_id=silver_transformation_pipeline, task_id=ensure_bronze_prereqs, execution_date=20251016T000000, start_date=20251102T013719, end_date=20251102T013719
[2025-11-02T01:37:20.003+0000] {local_task_job_runner.py:234} INFO - Task exited with return code 0
[2025-11-02T01:37:20.029+0000] {taskinstance.py:3280} INFO - 3 downstream tasks scheduled from follow-on schedule check
[2025-11-02T11:32:45.229+0000] {taskinstance.py:1956} INFO - Dependencies all met for dep_context=non-requeueable deps ti=<TaskInstance: silver_transformation_pipeline.ensure_bronze_prereqs scheduled__2025-10-16T00:00:00+00:00 [queued]>
[2025-11-02T11:32:45.240+0000] {taskinstance.py:1956} INFO - Dependencies all met for dep_context=requeueable deps ti=<TaskInstance: silver_transformation_pipeline.ensure_bronze_prereqs scheduled__2025-10-16T00:00:00+00:00 [queued]>
[2025-11-02T11:32:45.240+0000] {taskinstance.py:2170} INFO - Starting attempt 1 of 2
[2025-11-02T11:32:45.255+0000] {taskinstance.py:2191} INFO - Executing <Task(PythonOperator): ensure_bronze_prereqs> on 2025-10-16 00:00:00+00:00
[2025-11-02T11:32:45.263+0000] {standard_task_runner.py:60} INFO - Started process 2666 to run task
[2025-11-02T11:32:45.269+0000] {standard_task_runner.py:87} INFO - Running: ['***', 'tasks', 'run', 'silver_transformation_pipeline', 'ensure_bronze_prereqs', 'scheduled__2025-10-16T00:00:00+00:00', '--job-id', '202', '--raw', '--subdir', 'DAGS_FOLDER/silver_dag.py', '--cfg-path', '/tmp/tmp40usot9t']
[2025-11-02T11:32:45.271+0000] {standard_task_runner.py:88} INFO - Job 202: Subtask ensure_bronze_prereqs
[2025-11-02T11:32:45.385+0000] {task_command.py:423} INFO - Running <TaskInstance: silver_transformation_pipeline.ensure_bronze_prereqs scheduled__2025-10-16T00:00:00+00:00 [running]> on host 0d39d4365eb9
[2025-11-02T11:32:45.534+0000] {taskinstance.py:2480} INFO - Exporting env vars: AIRFLOW_CTX_DAG_OWNER='***' AIRFLOW_CTX_DAG_ID='silver_transformation_pipeline' AIRFLOW_CTX_TASK_ID='ensure_bronze_prereqs' AIRFLOW_CTX_EXECUTION_DATE='2025-10-16T00:00:00+00:00' AIRFLOW_CTX_TRY_NUMBER='1' AIRFLOW_CTX_DAG_RUN_ID='scheduled__2025-10-16T00:00:00+00:00'
[2025-11-02T11:32:45.539+0000] {crypto.py:82} WARNING - empty cryptography key - values will not be stored encrypted.
[2025-11-02T11:32:45.541+0000] {base.py:83} INFO - Using connection ID 'clickhouse_default' for task execution.
[2025-11-02T11:32:45.558+0000] {python.py:201} INFO - Done. Returned value was: None
[2025-11-02T11:32:45.575+0000] {taskinstance.py:1138} INFO - Marking task as SUCCESS. dag_id=silver_transformation_pipeline, task_id=ensure_bronze_prereqs, execution_date=20251016T000000, start_date=20251102T113245, end_date=20251102T113245
[2025-11-02T11:32:45.602+0000] {local_task_job_runner.py:234} INFO - Task exited with return code 0
[2025-11-02T11:32:45.637+0000] {taskinstance.py:3280} INFO - 3 downstream tasks scheduled from follow-on schedule check
