[2025-11-01T20:07:16.033+0000] {taskinstance.py:1956} INFO - Dependencies all met for dep_context=non-requeueable deps ti=<TaskInstance: ingestion_pipeline.load_link_transactions_bronze_from_mongo scheduled__2025-10-25T00:00:00+00:00 [queued]>
[2025-11-01T20:07:16.129+0000] {taskinstance.py:1956} INFO - Dependencies all met for dep_context=requeueable deps ti=<TaskInstance: ingestion_pipeline.load_link_transactions_bronze_from_mongo scheduled__2025-10-25T00:00:00+00:00 [queued]>
[2025-11-01T20:07:16.131+0000] {taskinstance.py:2170} INFO - Starting attempt 1 of 2
[2025-11-01T20:07:16.184+0000] {taskinstance.py:2191} INFO - Executing <Task(PythonOperator): load_link_transactions_bronze_from_mongo> on 2025-10-25 00:00:00+00:00
[2025-11-01T20:07:16.209+0000] {standard_task_runner.py:60} INFO - Started process 783 to run task
[2025-11-01T20:07:16.253+0000] {standard_task_runner.py:87} INFO - Running: ['***', 'tasks', 'run', 'ingestion_pipeline', 'load_link_transactions_bronze_from_mongo', 'scheduled__2025-10-25T00:00:00+00:00', '--job-id', '109', '--raw', '--subdir', 'DAGS_FOLDER/ingestion_dag.py', '--cfg-path', '/tmp/tmpgjsgynp9']
[2025-11-01T20:07:16.286+0000] {standard_task_runner.py:88} INFO - Job 109: Subtask load_link_transactions_bronze_from_mongo
[2025-11-01T20:07:16.718+0000] {task_command.py:423} INFO - Running <TaskInstance: ingestion_pipeline.load_link_transactions_bronze_from_mongo scheduled__2025-10-25T00:00:00+00:00 [running]> on host 1a955fda0cfd
[2025-11-01T20:07:17.383+0000] {taskinstance.py:2480} INFO - Exporting env vars: AIRFLOW_CTX_DAG_OWNER='***' AIRFLOW_CTX_DAG_ID='ingestion_pipeline' AIRFLOW_CTX_TASK_ID='load_link_transactions_bronze_from_mongo' AIRFLOW_CTX_EXECUTION_DATE='2025-10-25T00:00:00+00:00' AIRFLOW_CTX_TRY_NUMBER='1' AIRFLOW_CTX_DAG_RUN_ID='scheduled__2025-10-25T00:00:00+00:00'
[2025-11-01T20:07:20.740+0000] {crypto.py:82} WARNING - empty cryptography key - values will not be stored encrypted.
[2025-11-01T20:07:20.743+0000] {base.py:83} INFO - Using connection ID 'mongo_default' for task execution.
[2025-11-01T20:07:20.782+0000] {base.py:83} INFO - Using connection ID 'clickhouse_default' for task execution.
[2025-11-01T20:07:20.794+0000] {mongo_to_clickhouse.py:241} INFO - [mongo->ch] Mongo query: {'_snapshot_date': {'$gte': datetime.datetime(2025, 10, 25, 0, 0), '$lte': datetime.datetime(2025, 10, 25, 23, 59, 59, 999000)}}
[2025-11-01T20:07:20.798+0000] {mongo_to_clickhouse.py:172} INFO - [mongo->ch] Dropped partition for _snapshot_date=2025-10-25.
[2025-11-01T20:07:20.890+0000] {mongo_to_clickhouse.py:275} INFO - [mongo->ch] Inserted 0 rows into bronze.link_transactions.
[2025-11-01T20:07:20.891+0000] {mongo_to_clickhouse.py:277} INFO - [mongo->ch] No matching docs found for given filter.
[2025-11-01T20:07:20.898+0000] {python.py:201} INFO - Done. Returned value was: None
[2025-11-01T20:07:20.943+0000] {taskinstance.py:1138} INFO - Marking task as SUCCESS. dag_id=ingestion_pipeline, task_id=load_link_transactions_bronze_from_mongo, execution_date=20251025T000000, start_date=20251101T200716, end_date=20251101T200720
[2025-11-01T20:07:21.100+0000] {local_task_job_runner.py:234} INFO - Task exited with return code 0
[2025-11-01T20:07:21.368+0000] {taskinstance.py:3280} INFO - 0 downstream tasks scheduled from follow-on schedule check
[2025-11-01T20:18:38.991+0000] {taskinstance.py:1956} INFO - Dependencies all met for dep_context=non-requeueable deps ti=<TaskInstance: ingestion_pipeline.load_link_transactions_bronze_from_mongo scheduled__2025-10-25T00:00:00+00:00 [queued]>
[2025-11-01T20:18:39.025+0000] {taskinstance.py:1956} INFO - Dependencies all met for dep_context=requeueable deps ti=<TaskInstance: ingestion_pipeline.load_link_transactions_bronze_from_mongo scheduled__2025-10-25T00:00:00+00:00 [queued]>
[2025-11-01T20:18:39.035+0000] {taskinstance.py:2170} INFO - Starting attempt 1 of 2
[2025-11-01T20:18:39.128+0000] {taskinstance.py:2191} INFO - Executing <Task(PythonOperator): load_link_transactions_bronze_from_mongo> on 2025-10-25 00:00:00+00:00
[2025-11-01T20:18:39.178+0000] {standard_task_runner.py:60} INFO - Started process 775 to run task
[2025-11-01T20:18:39.185+0000] {standard_task_runner.py:87} INFO - Running: ['***', 'tasks', 'run', 'ingestion_pipeline', 'load_link_transactions_bronze_from_mongo', 'scheduled__2025-10-25T00:00:00+00:00', '--job-id', '103', '--raw', '--subdir', 'DAGS_FOLDER/ingestion_dag.py', '--cfg-path', '/tmp/tmppvhgdzq8']
[2025-11-01T20:18:39.195+0000] {standard_task_runner.py:88} INFO - Job 103: Subtask load_link_transactions_bronze_from_mongo
[2025-11-01T20:18:39.636+0000] {task_command.py:423} INFO - Running <TaskInstance: ingestion_pipeline.load_link_transactions_bronze_from_mongo scheduled__2025-10-25T00:00:00+00:00 [running]> on host 6335aa85b335
[2025-11-01T20:18:40.414+0000] {taskinstance.py:2480} INFO - Exporting env vars: AIRFLOW_CTX_DAG_OWNER='***' AIRFLOW_CTX_DAG_ID='ingestion_pipeline' AIRFLOW_CTX_TASK_ID='load_link_transactions_bronze_from_mongo' AIRFLOW_CTX_EXECUTION_DATE='2025-10-25T00:00:00+00:00' AIRFLOW_CTX_TRY_NUMBER='1' AIRFLOW_CTX_DAG_RUN_ID='scheduled__2025-10-25T00:00:00+00:00'
[2025-11-01T20:18:44.360+0000] {crypto.py:82} WARNING - empty cryptography key - values will not be stored encrypted.
[2025-11-01T20:18:44.387+0000] {base.py:83} INFO - Using connection ID 'mongo_default' for task execution.
[2025-11-01T20:18:44.536+0000] {base.py:83} INFO - Using connection ID 'clickhouse_default' for task execution.
[2025-11-01T20:18:44.557+0000] {mongo_to_clickhouse.py:241} INFO - [mongo->ch] Mongo query: {'_snapshot_date': {'$gte': datetime.datetime(2025, 10, 25, 0, 0), '$lte': datetime.datetime(2025, 10, 25, 23, 59, 59, 999000)}}
[2025-11-01T20:18:44.579+0000] {mongo_to_clickhouse.py:172} INFO - [mongo->ch] Dropped partition for _snapshot_date=2025-10-25.
[2025-11-01T20:18:44.743+0000] {mongo_to_clickhouse.py:275} INFO - [mongo->ch] Inserted 0 rows into bronze.link_transactions.
[2025-11-01T20:18:44.748+0000] {mongo_to_clickhouse.py:277} INFO - [mongo->ch] No matching docs found for given filter.
[2025-11-01T20:18:44.764+0000] {python.py:201} INFO - Done. Returned value was: None
[2025-11-01T20:18:44.910+0000] {taskinstance.py:1138} INFO - Marking task as SUCCESS. dag_id=ingestion_pipeline, task_id=load_link_transactions_bronze_from_mongo, execution_date=20251025T000000, start_date=20251101T201838, end_date=20251101T201844
[2025-11-01T20:18:45.155+0000] {local_task_job_runner.py:234} INFO - Task exited with return code 0
[2025-11-01T20:18:45.203+0000] {taskinstance.py:3280} INFO - 0 downstream tasks scheduled from follow-on schedule check
