[2025-11-01T20:13:08.624+0000] {taskinstance.py:1956} INFO - Dependencies all met for dep_context=non-requeueable deps ti=<TaskInstance: silver_transformation_pipeline.dbt_run_merchants scheduled__2025-10-03T00:00:00+00:00 [queued]>
[2025-11-01T20:13:08.636+0000] {taskinstance.py:1956} INFO - Dependencies all met for dep_context=requeueable deps ti=<TaskInstance: silver_transformation_pipeline.dbt_run_merchants scheduled__2025-10-03T00:00:00+00:00 [queued]>
[2025-11-01T20:13:08.637+0000] {taskinstance.py:2170} INFO - Starting attempt 1 of 2
[2025-11-01T20:13:08.656+0000] {taskinstance.py:2191} INFO - Executing <Task(PythonOperator): dbt_run_merchants> on 2025-10-03 00:00:00+00:00
[2025-11-01T20:13:08.661+0000] {standard_task_runner.py:60} INFO - Started process 1383 to run task
[2025-11-01T20:13:08.668+0000] {standard_task_runner.py:87} INFO - Running: ['***', 'tasks', 'run', 'silver_transformation_pipeline', 'dbt_run_merchants', 'scheduled__2025-10-03T00:00:00+00:00', '--job-id', '142', '--raw', '--subdir', 'DAGS_FOLDER/silver_dag.py', '--cfg-path', '/tmp/tmpsyqgqqwp']
[2025-11-01T20:13:08.671+0000] {standard_task_runner.py:88} INFO - Job 142: Subtask dbt_run_merchants
[2025-11-01T20:13:08.754+0000] {task_command.py:423} INFO - Running <TaskInstance: silver_transformation_pipeline.dbt_run_merchants scheduled__2025-10-03T00:00:00+00:00 [running]> on host 1a955fda0cfd
[2025-11-01T20:13:08.908+0000] {taskinstance.py:2480} INFO - Exporting env vars: AIRFLOW_CTX_DAG_OWNER='***' AIRFLOW_CTX_DAG_ID='silver_transformation_pipeline' AIRFLOW_CTX_TASK_ID='dbt_run_merchants' AIRFLOW_CTX_EXECUTION_DATE='2025-10-03T00:00:00+00:00' AIRFLOW_CTX_TRY_NUMBER='1' AIRFLOW_CTX_DAG_RUN_ID='scheduled__2025-10-03T00:00:00+00:00'
[2025-11-01T20:13:15.368+0000] {python.py:201} INFO - Done. Returned value was: None
[2025-11-01T20:13:15.385+0000] {taskinstance.py:1138} INFO - Marking task as SUCCESS. dag_id=silver_transformation_pipeline, task_id=dbt_run_merchants, execution_date=20251003T000000, start_date=20251101T201308, end_date=20251101T201315
[2025-11-01T20:13:15.416+0000] {local_task_job_runner.py:234} INFO - Task exited with return code 0
[2025-11-01T20:13:15.436+0000] {taskinstance.py:3280} INFO - 0 downstream tasks scheduled from follow-on schedule check
[2025-11-01T20:19:49.860+0000] {taskinstance.py:1956} INFO - Dependencies all met for dep_context=non-requeueable deps ti=<TaskInstance: silver_transformation_pipeline.dbt_run_merchants scheduled__2025-10-03T00:00:00+00:00 [queued]>
[2025-11-01T20:19:49.874+0000] {taskinstance.py:1956} INFO - Dependencies all met for dep_context=requeueable deps ti=<TaskInstance: silver_transformation_pipeline.dbt_run_merchants scheduled__2025-10-03T00:00:00+00:00 [queued]>
[2025-11-01T20:19:49.875+0000] {taskinstance.py:2170} INFO - Starting attempt 1 of 2
[2025-11-01T20:19:49.891+0000] {taskinstance.py:2191} INFO - Executing <Task(PythonOperator): dbt_run_merchants> on 2025-10-03 00:00:00+00:00
[2025-11-01T20:19:49.898+0000] {standard_task_runner.py:60} INFO - Started process 1041 to run task
[2025-11-01T20:19:49.903+0000] {standard_task_runner.py:87} INFO - Running: ['***', 'tasks', 'run', 'silver_transformation_pipeline', 'dbt_run_merchants', 'scheduled__2025-10-03T00:00:00+00:00', '--job-id', '136', '--raw', '--subdir', 'DAGS_FOLDER/silver_dag.py', '--cfg-path', '/tmp/tmphryt9x0q']
[2025-11-01T20:19:49.905+0000] {standard_task_runner.py:88} INFO - Job 136: Subtask dbt_run_merchants
[2025-11-01T20:19:49.984+0000] {task_command.py:423} INFO - Running <TaskInstance: silver_transformation_pipeline.dbt_run_merchants scheduled__2025-10-03T00:00:00+00:00 [running]> on host 6335aa85b335
[2025-11-01T20:19:50.094+0000] {taskinstance.py:2480} INFO - Exporting env vars: AIRFLOW_CTX_DAG_OWNER='***' AIRFLOW_CTX_DAG_ID='silver_transformation_pipeline' AIRFLOW_CTX_TASK_ID='dbt_run_merchants' AIRFLOW_CTX_EXECUTION_DATE='2025-10-03T00:00:00+00:00' AIRFLOW_CTX_TRY_NUMBER='1' AIRFLOW_CTX_DAG_RUN_ID='scheduled__2025-10-03T00:00:00+00:00'
[2025-11-01T20:19:56.555+0000] {python.py:201} INFO - Done. Returned value was: None
[2025-11-01T20:19:56.575+0000] {taskinstance.py:1138} INFO - Marking task as SUCCESS. dag_id=silver_transformation_pipeline, task_id=dbt_run_merchants, execution_date=20251003T000000, start_date=20251101T201949, end_date=20251101T201956
[2025-11-01T20:19:56.613+0000] {local_task_job_runner.py:234} INFO - Task exited with return code 0
[2025-11-01T20:19:56.640+0000] {taskinstance.py:3280} INFO - 0 downstream tasks scheduled from follow-on schedule check
