[2025-11-29T01:23:55.752+0000] {processor.py:161} INFO - Started process (PID=14716) to work on /opt/airflow/dags/pipelines/mongo_ingestion.py
[2025-11-29T01:23:55.762+0000] {processor.py:830} INFO - Processing file /opt/airflow/dags/pipelines/mongo_ingestion.py for tasks to queue
[2025-11-29T01:23:55.767+0000] {logging_mixin.py:188} INFO - [2025-11-29T01:23:55.767+0000] {dagbag.py:538} INFO - Filling up the DagBag from /opt/airflow/dags/pipelines/mongo_ingestion.py
[2025-11-29T01:23:55.834+0000] {processor.py:842} WARNING - No viable dags retrieved from /opt/airflow/dags/pipelines/mongo_ingestion.py
[2025-11-29T01:23:55.908+0000] {processor.py:183} INFO - Processing /opt/airflow/dags/pipelines/mongo_ingestion.py took 0.173 seconds
[2025-11-29T02:10:27.418+0000] {processor.py:161} INFO - Started process (PID=14760) to work on /opt/airflow/dags/pipelines/mongo_ingestion.py
[2025-11-29T02:10:27.430+0000] {processor.py:830} INFO - Processing file /opt/airflow/dags/pipelines/mongo_ingestion.py for tasks to queue
[2025-11-29T02:10:27.436+0000] {logging_mixin.py:188} INFO - [2025-11-29T02:10:27.435+0000] {dagbag.py:538} INFO - Filling up the DagBag from /opt/airflow/dags/pipelines/mongo_ingestion.py
[2025-11-29T02:10:27.528+0000] {processor.py:842} WARNING - No viable dags retrieved from /opt/airflow/dags/pipelines/mongo_ingestion.py
[2025-11-29T02:10:27.585+0000] {processor.py:183} INFO - Processing /opt/airflow/dags/pipelines/mongo_ingestion.py took 0.173 seconds
[2025-11-29T02:10:58.557+0000] {processor.py:161} INFO - Started process (PID=14813) to work on /opt/airflow/dags/pipelines/mongo_ingestion.py
[2025-11-29T02:10:58.558+0000] {processor.py:830} INFO - Processing file /opt/airflow/dags/pipelines/mongo_ingestion.py for tasks to queue
[2025-11-29T02:10:58.559+0000] {logging_mixin.py:188} INFO - [2025-11-29T02:10:58.559+0000] {dagbag.py:538} INFO - Filling up the DagBag from /opt/airflow/dags/pipelines/mongo_ingestion.py
[2025-11-29T02:10:58.577+0000] {processor.py:842} WARNING - No viable dags retrieved from /opt/airflow/dags/pipelines/mongo_ingestion.py
[2025-11-29T02:10:58.595+0000] {processor.py:183} INFO - Processing /opt/airflow/dags/pipelines/mongo_ingestion.py took 0.042 seconds
[2025-11-29T02:11:28.749+0000] {processor.py:161} INFO - Started process (PID=14843) to work on /opt/airflow/dags/pipelines/mongo_ingestion.py
[2025-11-29T02:11:28.751+0000] {processor.py:830} INFO - Processing file /opt/airflow/dags/pipelines/mongo_ingestion.py for tasks to queue
[2025-11-29T02:11:28.752+0000] {logging_mixin.py:188} INFO - [2025-11-29T02:11:28.751+0000] {dagbag.py:538} INFO - Filling up the DagBag from /opt/airflow/dags/pipelines/mongo_ingestion.py
[2025-11-29T02:11:28.778+0000] {processor.py:842} WARNING - No viable dags retrieved from /opt/airflow/dags/pipelines/mongo_ingestion.py
[2025-11-29T02:11:28.797+0000] {processor.py:183} INFO - Processing /opt/airflow/dags/pipelines/mongo_ingestion.py took 0.053 seconds
[2025-11-29T02:11:58.900+0000] {processor.py:161} INFO - Started process (PID=14878) to work on /opt/airflow/dags/pipelines/mongo_ingestion.py
[2025-11-29T02:11:58.902+0000] {processor.py:830} INFO - Processing file /opt/airflow/dags/pipelines/mongo_ingestion.py for tasks to queue
[2025-11-29T02:11:58.903+0000] {logging_mixin.py:188} INFO - [2025-11-29T02:11:58.903+0000] {dagbag.py:538} INFO - Filling up the DagBag from /opt/airflow/dags/pipelines/mongo_ingestion.py
[2025-11-29T02:11:58.921+0000] {processor.py:842} WARNING - No viable dags retrieved from /opt/airflow/dags/pipelines/mongo_ingestion.py
[2025-11-29T02:11:58.937+0000] {processor.py:183} INFO - Processing /opt/airflow/dags/pipelines/mongo_ingestion.py took 0.040 seconds
[2025-11-29T10:21:21.728+0000] {processor.py:161} INFO - Started process (PID=14915) to work on /opt/airflow/dags/pipelines/mongo_ingestion.py
[2025-11-29T10:21:21.730+0000] {processor.py:830} INFO - Processing file /opt/airflow/dags/pipelines/mongo_ingestion.py for tasks to queue
[2025-11-29T10:21:21.732+0000] {logging_mixin.py:188} INFO - [2025-11-29T10:21:21.731+0000] {dagbag.py:538} INFO - Filling up the DagBag from /opt/airflow/dags/pipelines/mongo_ingestion.py
[2025-11-29T10:21:21.760+0000] {processor.py:842} WARNING - No viable dags retrieved from /opt/airflow/dags/pipelines/mongo_ingestion.py
[2025-11-29T10:21:21.813+0000] {processor.py:183} INFO - Processing /opt/airflow/dags/pipelines/mongo_ingestion.py took 0.096 seconds
[2025-11-29T10:34:30.936+0000] {processor.py:161} INFO - Started process (PID=14948) to work on /opt/airflow/dags/pipelines/mongo_ingestion.py
[2025-11-29T10:34:30.945+0000] {processor.py:830} INFO - Processing file /opt/airflow/dags/pipelines/mongo_ingestion.py for tasks to queue
[2025-11-29T10:34:30.953+0000] {logging_mixin.py:188} INFO - [2025-11-29T10:34:30.952+0000] {dagbag.py:538} INFO - Filling up the DagBag from /opt/airflow/dags/pipelines/mongo_ingestion.py
[2025-11-29T10:34:31.047+0000] {processor.py:842} WARNING - No viable dags retrieved from /opt/airflow/dags/pipelines/mongo_ingestion.py
[2025-11-29T10:34:31.088+0000] {processor.py:183} INFO - Processing /opt/airflow/dags/pipelines/mongo_ingestion.py took 0.158 seconds
[2025-11-29T10:35:01.399+0000] {processor.py:161} INFO - Started process (PID=15039) to work on /opt/airflow/dags/pipelines/mongo_ingestion.py
[2025-11-29T10:35:01.400+0000] {processor.py:830} INFO - Processing file /opt/airflow/dags/pipelines/mongo_ingestion.py for tasks to queue
[2025-11-29T10:35:01.401+0000] {logging_mixin.py:188} INFO - [2025-11-29T10:35:01.401+0000] {dagbag.py:538} INFO - Filling up the DagBag from /opt/airflow/dags/pipelines/mongo_ingestion.py
[2025-11-29T10:35:01.439+0000] {processor.py:842} WARNING - No viable dags retrieved from /opt/airflow/dags/pipelines/mongo_ingestion.py
[2025-11-29T10:35:01.458+0000] {processor.py:183} INFO - Processing /opt/airflow/dags/pipelines/mongo_ingestion.py took 0.064 seconds
[2025-11-29T10:35:31.743+0000] {processor.py:161} INFO - Started process (PID=15074) to work on /opt/airflow/dags/pipelines/mongo_ingestion.py
[2025-11-29T10:35:31.744+0000] {processor.py:830} INFO - Processing file /opt/airflow/dags/pipelines/mongo_ingestion.py for tasks to queue
[2025-11-29T10:35:31.745+0000] {logging_mixin.py:188} INFO - [2025-11-29T10:35:31.745+0000] {dagbag.py:538} INFO - Filling up the DagBag from /opt/airflow/dags/pipelines/mongo_ingestion.py
[2025-11-29T10:35:31.762+0000] {processor.py:842} WARNING - No viable dags retrieved from /opt/airflow/dags/pipelines/mongo_ingestion.py
[2025-11-29T10:35:31.786+0000] {processor.py:183} INFO - Processing /opt/airflow/dags/pipelines/mongo_ingestion.py took 0.047 seconds
[2025-11-29T10:36:01.980+0000] {processor.py:161} INFO - Started process (PID=15104) to work on /opt/airflow/dags/pipelines/mongo_ingestion.py
[2025-11-29T10:36:01.981+0000] {processor.py:830} INFO - Processing file /opt/airflow/dags/pipelines/mongo_ingestion.py for tasks to queue
[2025-11-29T10:36:01.982+0000] {logging_mixin.py:188} INFO - [2025-11-29T10:36:01.982+0000] {dagbag.py:538} INFO - Filling up the DagBag from /opt/airflow/dags/pipelines/mongo_ingestion.py
[2025-11-29T10:36:01.994+0000] {processor.py:842} WARNING - No viable dags retrieved from /opt/airflow/dags/pipelines/mongo_ingestion.py
[2025-11-29T10:36:02.010+0000] {processor.py:183} INFO - Processing /opt/airflow/dags/pipelines/mongo_ingestion.py took 0.033 seconds
[2025-11-29T10:36:32.226+0000] {processor.py:161} INFO - Started process (PID=15139) to work on /opt/airflow/dags/pipelines/mongo_ingestion.py
[2025-11-29T10:36:32.227+0000] {processor.py:830} INFO - Processing file /opt/airflow/dags/pipelines/mongo_ingestion.py for tasks to queue
[2025-11-29T10:36:32.228+0000] {logging_mixin.py:188} INFO - [2025-11-29T10:36:32.228+0000] {dagbag.py:538} INFO - Filling up the DagBag from /opt/airflow/dags/pipelines/mongo_ingestion.py
[2025-11-29T10:36:32.241+0000] {processor.py:842} WARNING - No viable dags retrieved from /opt/airflow/dags/pipelines/mongo_ingestion.py
[2025-11-29T10:36:32.257+0000] {processor.py:183} INFO - Processing /opt/airflow/dags/pipelines/mongo_ingestion.py took 0.034 seconds
[2025-11-29T10:37:02.622+0000] {processor.py:161} INFO - Started process (PID=15174) to work on /opt/airflow/dags/pipelines/mongo_ingestion.py
[2025-11-29T10:37:02.623+0000] {processor.py:830} INFO - Processing file /opt/airflow/dags/pipelines/mongo_ingestion.py for tasks to queue
[2025-11-29T10:37:02.624+0000] {logging_mixin.py:188} INFO - [2025-11-29T10:37:02.624+0000] {dagbag.py:538} INFO - Filling up the DagBag from /opt/airflow/dags/pipelines/mongo_ingestion.py
[2025-11-29T10:37:02.637+0000] {processor.py:842} WARNING - No viable dags retrieved from /opt/airflow/dags/pipelines/mongo_ingestion.py
[2025-11-29T10:37:02.654+0000] {processor.py:183} INFO - Processing /opt/airflow/dags/pipelines/mongo_ingestion.py took 0.035 seconds
[2025-11-29T10:37:32.873+0000] {processor.py:161} INFO - Started process (PID=15209) to work on /opt/airflow/dags/pipelines/mongo_ingestion.py
[2025-11-29T10:37:32.874+0000] {processor.py:830} INFO - Processing file /opt/airflow/dags/pipelines/mongo_ingestion.py for tasks to queue
[2025-11-29T10:37:32.875+0000] {logging_mixin.py:188} INFO - [2025-11-29T10:37:32.875+0000] {dagbag.py:538} INFO - Filling up the DagBag from /opt/airflow/dags/pipelines/mongo_ingestion.py
[2025-11-29T10:37:32.890+0000] {processor.py:842} WARNING - No viable dags retrieved from /opt/airflow/dags/pipelines/mongo_ingestion.py
[2025-11-29T10:37:32.910+0000] {processor.py:183} INFO - Processing /opt/airflow/dags/pipelines/mongo_ingestion.py took 0.040 seconds
[2025-11-29T10:38:03.053+0000] {processor.py:161} INFO - Started process (PID=15257) to work on /opt/airflow/dags/pipelines/mongo_ingestion.py
[2025-11-29T10:38:03.054+0000] {processor.py:830} INFO - Processing file /opt/airflow/dags/pipelines/mongo_ingestion.py for tasks to queue
[2025-11-29T10:38:03.055+0000] {logging_mixin.py:188} INFO - [2025-11-29T10:38:03.055+0000] {dagbag.py:538} INFO - Filling up the DagBag from /opt/airflow/dags/pipelines/mongo_ingestion.py
[2025-11-29T10:38:03.069+0000] {processor.py:842} WARNING - No viable dags retrieved from /opt/airflow/dags/pipelines/mongo_ingestion.py
[2025-11-29T10:38:03.089+0000] {processor.py:183} INFO - Processing /opt/airflow/dags/pipelines/mongo_ingestion.py took 0.041 seconds
[2025-11-29T10:38:33.912+0000] {processor.py:161} INFO - Started process (PID=15344) to work on /opt/airflow/dags/pipelines/mongo_ingestion.py
[2025-11-29T10:38:33.913+0000] {processor.py:830} INFO - Processing file /opt/airflow/dags/pipelines/mongo_ingestion.py for tasks to queue
[2025-11-29T10:38:33.915+0000] {logging_mixin.py:188} INFO - [2025-11-29T10:38:33.914+0000] {dagbag.py:538} INFO - Filling up the DagBag from /opt/airflow/dags/pipelines/mongo_ingestion.py
[2025-11-29T10:38:33.934+0000] {processor.py:842} WARNING - No viable dags retrieved from /opt/airflow/dags/pipelines/mongo_ingestion.py
[2025-11-29T10:38:33.958+0000] {processor.py:183} INFO - Processing /opt/airflow/dags/pipelines/mongo_ingestion.py took 0.051 seconds
[2025-11-29T10:39:04.095+0000] {processor.py:161} INFO - Started process (PID=15379) to work on /opt/airflow/dags/pipelines/mongo_ingestion.py
[2025-11-29T10:39:04.096+0000] {processor.py:830} INFO - Processing file /opt/airflow/dags/pipelines/mongo_ingestion.py for tasks to queue
[2025-11-29T10:39:04.097+0000] {logging_mixin.py:188} INFO - [2025-11-29T10:39:04.097+0000] {dagbag.py:538} INFO - Filling up the DagBag from /opt/airflow/dags/pipelines/mongo_ingestion.py
[2025-11-29T10:39:04.111+0000] {processor.py:842} WARNING - No viable dags retrieved from /opt/airflow/dags/pipelines/mongo_ingestion.py
[2025-11-29T10:39:04.130+0000] {processor.py:183} INFO - Processing /opt/airflow/dags/pipelines/mongo_ingestion.py took 0.038 seconds
[2025-11-29T10:39:34.291+0000] {processor.py:161} INFO - Started process (PID=15466) to work on /opt/airflow/dags/pipelines/mongo_ingestion.py
[2025-11-29T10:39:34.293+0000] {processor.py:830} INFO - Processing file /opt/airflow/dags/pipelines/mongo_ingestion.py for tasks to queue
[2025-11-29T10:39:34.294+0000] {logging_mixin.py:188} INFO - [2025-11-29T10:39:34.294+0000] {dagbag.py:538} INFO - Filling up the DagBag from /opt/airflow/dags/pipelines/mongo_ingestion.py
[2025-11-29T10:39:34.310+0000] {processor.py:842} WARNING - No viable dags retrieved from /opt/airflow/dags/pipelines/mongo_ingestion.py
[2025-11-29T10:39:34.329+0000] {processor.py:183} INFO - Processing /opt/airflow/dags/pipelines/mongo_ingestion.py took 0.043 seconds
[2025-11-29T10:40:04.490+0000] {processor.py:161} INFO - Started process (PID=15503) to work on /opt/airflow/dags/pipelines/mongo_ingestion.py
[2025-11-29T10:40:04.492+0000] {processor.py:830} INFO - Processing file /opt/airflow/dags/pipelines/mongo_ingestion.py for tasks to queue
[2025-11-29T10:40:04.493+0000] {logging_mixin.py:188} INFO - [2025-11-29T10:40:04.493+0000] {dagbag.py:538} INFO - Filling up the DagBag from /opt/airflow/dags/pipelines/mongo_ingestion.py
[2025-11-29T10:40:04.507+0000] {processor.py:842} WARNING - No viable dags retrieved from /opt/airflow/dags/pipelines/mongo_ingestion.py
[2025-11-29T10:40:04.529+0000] {processor.py:183} INFO - Processing /opt/airflow/dags/pipelines/mongo_ingestion.py took 0.043 seconds
[2025-11-29T10:40:34.817+0000] {processor.py:161} INFO - Started process (PID=15536) to work on /opt/airflow/dags/pipelines/mongo_ingestion.py
[2025-11-29T10:40:34.819+0000] {processor.py:830} INFO - Processing file /opt/airflow/dags/pipelines/mongo_ingestion.py for tasks to queue
[2025-11-29T10:40:34.820+0000] {logging_mixin.py:188} INFO - [2025-11-29T10:40:34.819+0000] {dagbag.py:538} INFO - Filling up the DagBag from /opt/airflow/dags/pipelines/mongo_ingestion.py
[2025-11-29T10:40:34.840+0000] {processor.py:842} WARNING - No viable dags retrieved from /opt/airflow/dags/pipelines/mongo_ingestion.py
[2025-11-29T10:40:34.861+0000] {processor.py:183} INFO - Processing /opt/airflow/dags/pipelines/mongo_ingestion.py took 0.047 seconds
[2025-11-29T10:41:05.020+0000] {processor.py:161} INFO - Started process (PID=15571) to work on /opt/airflow/dags/pipelines/mongo_ingestion.py
[2025-11-29T10:41:05.021+0000] {processor.py:830} INFO - Processing file /opt/airflow/dags/pipelines/mongo_ingestion.py for tasks to queue
[2025-11-29T10:41:05.022+0000] {logging_mixin.py:188} INFO - [2025-11-29T10:41:05.022+0000] {dagbag.py:538} INFO - Filling up the DagBag from /opt/airflow/dags/pipelines/mongo_ingestion.py
[2025-11-29T10:41:05.038+0000] {processor.py:842} WARNING - No viable dags retrieved from /opt/airflow/dags/pipelines/mongo_ingestion.py
[2025-11-29T10:41:05.056+0000] {processor.py:183} INFO - Processing /opt/airflow/dags/pipelines/mongo_ingestion.py took 0.040 seconds
[2025-11-29T10:41:35.227+0000] {processor.py:161} INFO - Started process (PID=15606) to work on /opt/airflow/dags/pipelines/mongo_ingestion.py
[2025-11-29T10:41:35.228+0000] {processor.py:830} INFO - Processing file /opt/airflow/dags/pipelines/mongo_ingestion.py for tasks to queue
[2025-11-29T10:41:35.229+0000] {logging_mixin.py:188} INFO - [2025-11-29T10:41:35.229+0000] {dagbag.py:538} INFO - Filling up the DagBag from /opt/airflow/dags/pipelines/mongo_ingestion.py
[2025-11-29T10:41:35.246+0000] {processor.py:842} WARNING - No viable dags retrieved from /opt/airflow/dags/pipelines/mongo_ingestion.py
[2025-11-29T10:41:35.267+0000] {processor.py:183} INFO - Processing /opt/airflow/dags/pipelines/mongo_ingestion.py took 0.044 seconds
[2025-11-29T10:42:06.103+0000] {processor.py:161} INFO - Started process (PID=15641) to work on /opt/airflow/dags/pipelines/mongo_ingestion.py
[2025-11-29T10:42:06.105+0000] {processor.py:830} INFO - Processing file /opt/airflow/dags/pipelines/mongo_ingestion.py for tasks to queue
[2025-11-29T10:42:06.106+0000] {logging_mixin.py:188} INFO - [2025-11-29T10:42:06.106+0000] {dagbag.py:538} INFO - Filling up the DagBag from /opt/airflow/dags/pipelines/mongo_ingestion.py
[2025-11-29T10:42:06.126+0000] {processor.py:842} WARNING - No viable dags retrieved from /opt/airflow/dags/pipelines/mongo_ingestion.py
[2025-11-29T10:42:06.145+0000] {processor.py:183} INFO - Processing /opt/airflow/dags/pipelines/mongo_ingestion.py took 0.046 seconds
[2025-11-29T10:42:36.211+0000] {processor.py:161} INFO - Started process (PID=15676) to work on /opt/airflow/dags/pipelines/mongo_ingestion.py
[2025-11-29T10:42:36.215+0000] {processor.py:830} INFO - Processing file /opt/airflow/dags/pipelines/mongo_ingestion.py for tasks to queue
[2025-11-29T10:42:36.216+0000] {logging_mixin.py:188} INFO - [2025-11-29T10:42:36.216+0000] {dagbag.py:538} INFO - Filling up the DagBag from /opt/airflow/dags/pipelines/mongo_ingestion.py
[2025-11-29T10:42:36.236+0000] {processor.py:842} WARNING - No viable dags retrieved from /opt/airflow/dags/pipelines/mongo_ingestion.py
[2025-11-29T10:42:36.256+0000] {processor.py:183} INFO - Processing /opt/airflow/dags/pipelines/mongo_ingestion.py took 0.048 seconds
[2025-11-29T10:43:06.543+0000] {processor.py:161} INFO - Started process (PID=15711) to work on /opt/airflow/dags/pipelines/mongo_ingestion.py
[2025-11-29T10:43:06.544+0000] {processor.py:830} INFO - Processing file /opt/airflow/dags/pipelines/mongo_ingestion.py for tasks to queue
[2025-11-29T10:43:06.546+0000] {logging_mixin.py:188} INFO - [2025-11-29T10:43:06.545+0000] {dagbag.py:538} INFO - Filling up the DagBag from /opt/airflow/dags/pipelines/mongo_ingestion.py
[2025-11-29T10:43:06.570+0000] {processor.py:842} WARNING - No viable dags retrieved from /opt/airflow/dags/pipelines/mongo_ingestion.py
[2025-11-29T10:43:06.599+0000] {processor.py:183} INFO - Processing /opt/airflow/dags/pipelines/mongo_ingestion.py took 0.061 seconds
[2025-11-29T10:43:36.724+0000] {processor.py:161} INFO - Started process (PID=15751) to work on /opt/airflow/dags/pipelines/mongo_ingestion.py
[2025-11-29T10:43:36.726+0000] {processor.py:830} INFO - Processing file /opt/airflow/dags/pipelines/mongo_ingestion.py for tasks to queue
[2025-11-29T10:43:36.728+0000] {logging_mixin.py:188} INFO - [2025-11-29T10:43:36.727+0000] {dagbag.py:538} INFO - Filling up the DagBag from /opt/airflow/dags/pipelines/mongo_ingestion.py
[2025-11-29T10:43:36.761+0000] {processor.py:842} WARNING - No viable dags retrieved from /opt/airflow/dags/pipelines/mongo_ingestion.py
[2025-11-29T10:43:36.786+0000] {processor.py:183} INFO - Processing /opt/airflow/dags/pipelines/mongo_ingestion.py took 0.069 seconds
[2025-11-29T10:44:06.940+0000] {processor.py:161} INFO - Started process (PID=15786) to work on /opt/airflow/dags/pipelines/mongo_ingestion.py
[2025-11-29T10:44:06.942+0000] {processor.py:830} INFO - Processing file /opt/airflow/dags/pipelines/mongo_ingestion.py for tasks to queue
[2025-11-29T10:44:06.943+0000] {logging_mixin.py:188} INFO - [2025-11-29T10:44:06.943+0000] {dagbag.py:538} INFO - Filling up the DagBag from /opt/airflow/dags/pipelines/mongo_ingestion.py
[2025-11-29T10:44:06.963+0000] {processor.py:842} WARNING - No viable dags retrieved from /opt/airflow/dags/pipelines/mongo_ingestion.py
[2025-11-29T10:44:06.989+0000] {processor.py:183} INFO - Processing /opt/airflow/dags/pipelines/mongo_ingestion.py took 0.053 seconds
[2025-11-29T10:44:37.407+0000] {processor.py:161} INFO - Started process (PID=15873) to work on /opt/airflow/dags/pipelines/mongo_ingestion.py
[2025-11-29T10:44:37.408+0000] {processor.py:830} INFO - Processing file /opt/airflow/dags/pipelines/mongo_ingestion.py for tasks to queue
[2025-11-29T10:44:37.409+0000] {logging_mixin.py:188} INFO - [2025-11-29T10:44:37.409+0000] {dagbag.py:538} INFO - Filling up the DagBag from /opt/airflow/dags/pipelines/mongo_ingestion.py
[2025-11-29T10:44:37.431+0000] {processor.py:842} WARNING - No viable dags retrieved from /opt/airflow/dags/pipelines/mongo_ingestion.py
[2025-11-29T10:44:37.453+0000] {processor.py:183} INFO - Processing /opt/airflow/dags/pipelines/mongo_ingestion.py took 0.049 seconds
[2025-11-29T10:45:07.679+0000] {processor.py:161} INFO - Started process (PID=15908) to work on /opt/airflow/dags/pipelines/mongo_ingestion.py
[2025-11-29T10:45:07.681+0000] {processor.py:830} INFO - Processing file /opt/airflow/dags/pipelines/mongo_ingestion.py for tasks to queue
[2025-11-29T10:45:07.682+0000] {logging_mixin.py:188} INFO - [2025-11-29T10:45:07.682+0000] {dagbag.py:538} INFO - Filling up the DagBag from /opt/airflow/dags/pipelines/mongo_ingestion.py
[2025-11-29T10:45:07.697+0000] {processor.py:842} WARNING - No viable dags retrieved from /opt/airflow/dags/pipelines/mongo_ingestion.py
[2025-11-29T10:45:07.719+0000] {processor.py:183} INFO - Processing /opt/airflow/dags/pipelines/mongo_ingestion.py took 0.044 seconds
[2025-11-29T10:45:37.944+0000] {processor.py:161} INFO - Started process (PID=15943) to work on /opt/airflow/dags/pipelines/mongo_ingestion.py
[2025-11-29T10:45:37.946+0000] {processor.py:830} INFO - Processing file /opt/airflow/dags/pipelines/mongo_ingestion.py for tasks to queue
[2025-11-29T10:45:37.949+0000] {logging_mixin.py:188} INFO - [2025-11-29T10:45:37.948+0000] {dagbag.py:538} INFO - Filling up the DagBag from /opt/airflow/dags/pipelines/mongo_ingestion.py
[2025-11-29T10:45:37.965+0000] {processor.py:842} WARNING - No viable dags retrieved from /opt/airflow/dags/pipelines/mongo_ingestion.py
[2025-11-29T10:45:37.986+0000] {processor.py:183} INFO - Processing /opt/airflow/dags/pipelines/mongo_ingestion.py took 0.047 seconds
[2025-11-29T10:46:08.109+0000] {processor.py:161} INFO - Started process (PID=15978) to work on /opt/airflow/dags/pipelines/mongo_ingestion.py
[2025-11-29T10:46:08.111+0000] {processor.py:830} INFO - Processing file /opt/airflow/dags/pipelines/mongo_ingestion.py for tasks to queue
[2025-11-29T10:46:08.112+0000] {logging_mixin.py:188} INFO - [2025-11-29T10:46:08.112+0000] {dagbag.py:538} INFO - Filling up the DagBag from /opt/airflow/dags/pipelines/mongo_ingestion.py
[2025-11-29T10:46:08.129+0000] {processor.py:842} WARNING - No viable dags retrieved from /opt/airflow/dags/pipelines/mongo_ingestion.py
[2025-11-29T10:46:08.153+0000] {processor.py:183} INFO - Processing /opt/airflow/dags/pipelines/mongo_ingestion.py took 0.048 seconds
[2025-11-29T10:46:38.307+0000] {processor.py:161} INFO - Started process (PID=16013) to work on /opt/airflow/dags/pipelines/mongo_ingestion.py
[2025-11-29T10:46:38.308+0000] {processor.py:830} INFO - Processing file /opt/airflow/dags/pipelines/mongo_ingestion.py for tasks to queue
[2025-11-29T10:46:38.309+0000] {logging_mixin.py:188} INFO - [2025-11-29T10:46:38.309+0000] {dagbag.py:538} INFO - Filling up the DagBag from /opt/airflow/dags/pipelines/mongo_ingestion.py
[2025-11-29T10:46:38.325+0000] {processor.py:842} WARNING - No viable dags retrieved from /opt/airflow/dags/pipelines/mongo_ingestion.py
[2025-11-29T10:46:38.344+0000] {processor.py:183} INFO - Processing /opt/airflow/dags/pipelines/mongo_ingestion.py took 0.041 seconds
[2025-11-29T10:47:09.198+0000] {processor.py:161} INFO - Started process (PID=16048) to work on /opt/airflow/dags/pipelines/mongo_ingestion.py
[2025-11-29T10:47:09.199+0000] {processor.py:830} INFO - Processing file /opt/airflow/dags/pipelines/mongo_ingestion.py for tasks to queue
[2025-11-29T10:47:09.201+0000] {logging_mixin.py:188} INFO - [2025-11-29T10:47:09.200+0000] {dagbag.py:538} INFO - Filling up the DagBag from /opt/airflow/dags/pipelines/mongo_ingestion.py
[2025-11-29T10:47:09.230+0000] {processor.py:842} WARNING - No viable dags retrieved from /opt/airflow/dags/pipelines/mongo_ingestion.py
[2025-11-29T10:47:09.262+0000] {processor.py:183} INFO - Processing /opt/airflow/dags/pipelines/mongo_ingestion.py took 0.069 seconds
[2025-11-29T10:47:40.275+0000] {processor.py:161} INFO - Started process (PID=16083) to work on /opt/airflow/dags/pipelines/mongo_ingestion.py
[2025-11-29T10:47:40.277+0000] {processor.py:830} INFO - Processing file /opt/airflow/dags/pipelines/mongo_ingestion.py for tasks to queue
[2025-11-29T10:47:40.278+0000] {logging_mixin.py:188} INFO - [2025-11-29T10:47:40.277+0000] {dagbag.py:538} INFO - Filling up the DagBag from /opt/airflow/dags/pipelines/mongo_ingestion.py
[2025-11-29T10:47:40.294+0000] {processor.py:842} WARNING - No viable dags retrieved from /opt/airflow/dags/pipelines/mongo_ingestion.py
[2025-11-29T10:47:40.311+0000] {processor.py:183} INFO - Processing /opt/airflow/dags/pipelines/mongo_ingestion.py took 0.039 seconds
[2025-11-29T10:48:11.198+0000] {processor.py:161} INFO - Started process (PID=16118) to work on /opt/airflow/dags/pipelines/mongo_ingestion.py
[2025-11-29T10:48:11.199+0000] {processor.py:830} INFO - Processing file /opt/airflow/dags/pipelines/mongo_ingestion.py for tasks to queue
[2025-11-29T10:48:11.200+0000] {logging_mixin.py:188} INFO - [2025-11-29T10:48:11.200+0000] {dagbag.py:538} INFO - Filling up the DagBag from /opt/airflow/dags/pipelines/mongo_ingestion.py
[2025-11-29T10:48:11.215+0000] {processor.py:842} WARNING - No viable dags retrieved from /opt/airflow/dags/pipelines/mongo_ingestion.py
[2025-11-29T10:48:11.232+0000] {processor.py:183} INFO - Processing /opt/airflow/dags/pipelines/mongo_ingestion.py took 0.038 seconds
[2025-11-29T10:48:42.227+0000] {processor.py:161} INFO - Started process (PID=16153) to work on /opt/airflow/dags/pipelines/mongo_ingestion.py
[2025-11-29T10:48:42.228+0000] {processor.py:830} INFO - Processing file /opt/airflow/dags/pipelines/mongo_ingestion.py for tasks to queue
[2025-11-29T10:48:42.230+0000] {logging_mixin.py:188} INFO - [2025-11-29T10:48:42.229+0000] {dagbag.py:538} INFO - Filling up the DagBag from /opt/airflow/dags/pipelines/mongo_ingestion.py
[2025-11-29T10:48:42.243+0000] {processor.py:842} WARNING - No viable dags retrieved from /opt/airflow/dags/pipelines/mongo_ingestion.py
[2025-11-29T10:48:42.260+0000] {processor.py:183} INFO - Processing /opt/airflow/dags/pipelines/mongo_ingestion.py took 0.037 seconds
[2025-11-29T10:49:13.245+0000] {processor.py:161} INFO - Started process (PID=16188) to work on /opt/airflow/dags/pipelines/mongo_ingestion.py
[2025-11-29T10:49:13.246+0000] {processor.py:830} INFO - Processing file /opt/airflow/dags/pipelines/mongo_ingestion.py for tasks to queue
[2025-11-29T10:49:13.247+0000] {logging_mixin.py:188} INFO - [2025-11-29T10:49:13.247+0000] {dagbag.py:538} INFO - Filling up the DagBag from /opt/airflow/dags/pipelines/mongo_ingestion.py
[2025-11-29T10:49:13.260+0000] {processor.py:842} WARNING - No viable dags retrieved from /opt/airflow/dags/pipelines/mongo_ingestion.py
[2025-11-29T10:49:13.277+0000] {processor.py:183} INFO - Processing /opt/airflow/dags/pipelines/mongo_ingestion.py took 0.035 seconds
[2025-11-29T10:49:43.359+0000] {processor.py:161} INFO - Started process (PID=16327) to work on /opt/airflow/dags/pipelines/mongo_ingestion.py
[2025-11-29T10:49:43.360+0000] {processor.py:830} INFO - Processing file /opt/airflow/dags/pipelines/mongo_ingestion.py for tasks to queue
[2025-11-29T10:49:43.361+0000] {logging_mixin.py:188} INFO - [2025-11-29T10:49:43.361+0000] {dagbag.py:538} INFO - Filling up the DagBag from /opt/airflow/dags/pipelines/mongo_ingestion.py
[2025-11-29T10:49:43.379+0000] {processor.py:842} WARNING - No viable dags retrieved from /opt/airflow/dags/pipelines/mongo_ingestion.py
[2025-11-29T10:49:43.400+0000] {processor.py:183} INFO - Processing /opt/airflow/dags/pipelines/mongo_ingestion.py took 0.045 seconds
[2025-11-29T10:50:14.261+0000] {processor.py:161} INFO - Started process (PID=16362) to work on /opt/airflow/dags/pipelines/mongo_ingestion.py
[2025-11-29T10:50:14.262+0000] {processor.py:830} INFO - Processing file /opt/airflow/dags/pipelines/mongo_ingestion.py for tasks to queue
[2025-11-29T10:50:14.264+0000] {logging_mixin.py:188} INFO - [2025-11-29T10:50:14.263+0000] {dagbag.py:538} INFO - Filling up the DagBag from /opt/airflow/dags/pipelines/mongo_ingestion.py
[2025-11-29T10:50:14.277+0000] {processor.py:842} WARNING - No viable dags retrieved from /opt/airflow/dags/pipelines/mongo_ingestion.py
[2025-11-29T10:50:14.297+0000] {processor.py:183} INFO - Processing /opt/airflow/dags/pipelines/mongo_ingestion.py took 0.039 seconds
[2025-11-29T10:50:45.298+0000] {processor.py:161} INFO - Started process (PID=16397) to work on /opt/airflow/dags/pipelines/mongo_ingestion.py
[2025-11-29T10:50:45.299+0000] {processor.py:830} INFO - Processing file /opt/airflow/dags/pipelines/mongo_ingestion.py for tasks to queue
[2025-11-29T10:50:45.301+0000] {logging_mixin.py:188} INFO - [2025-11-29T10:50:45.300+0000] {dagbag.py:538} INFO - Filling up the DagBag from /opt/airflow/dags/pipelines/mongo_ingestion.py
[2025-11-29T10:50:45.318+0000] {processor.py:842} WARNING - No viable dags retrieved from /opt/airflow/dags/pipelines/mongo_ingestion.py
[2025-11-29T10:50:45.341+0000] {processor.py:183} INFO - Processing /opt/airflow/dags/pipelines/mongo_ingestion.py took 0.047 seconds
[2025-11-29T10:51:15.417+0000] {processor.py:161} INFO - Started process (PID=16432) to work on /opt/airflow/dags/pipelines/mongo_ingestion.py
[2025-11-29T10:51:15.418+0000] {processor.py:830} INFO - Processing file /opt/airflow/dags/pipelines/mongo_ingestion.py for tasks to queue
[2025-11-29T10:51:15.419+0000] {logging_mixin.py:188} INFO - [2025-11-29T10:51:15.419+0000] {dagbag.py:538} INFO - Filling up the DagBag from /opt/airflow/dags/pipelines/mongo_ingestion.py
[2025-11-29T10:51:15.433+0000] {processor.py:842} WARNING - No viable dags retrieved from /opt/airflow/dags/pipelines/mongo_ingestion.py
[2025-11-29T10:51:15.450+0000] {processor.py:183} INFO - Processing /opt/airflow/dags/pipelines/mongo_ingestion.py took 0.037 seconds
[2025-11-29T10:51:46.429+0000] {processor.py:161} INFO - Started process (PID=16467) to work on /opt/airflow/dags/pipelines/mongo_ingestion.py
[2025-11-29T10:51:46.431+0000] {processor.py:830} INFO - Processing file /opt/airflow/dags/pipelines/mongo_ingestion.py for tasks to queue
[2025-11-29T10:51:46.432+0000] {logging_mixin.py:188} INFO - [2025-11-29T10:51:46.431+0000] {dagbag.py:538} INFO - Filling up the DagBag from /opt/airflow/dags/pipelines/mongo_ingestion.py
[2025-11-29T10:51:46.447+0000] {processor.py:842} WARNING - No viable dags retrieved from /opt/airflow/dags/pipelines/mongo_ingestion.py
[2025-11-29T10:51:46.463+0000] {processor.py:183} INFO - Processing /opt/airflow/dags/pipelines/mongo_ingestion.py took 0.037 seconds
[2025-11-29T10:52:17.315+0000] {processor.py:161} INFO - Started process (PID=16502) to work on /opt/airflow/dags/pipelines/mongo_ingestion.py
[2025-11-29T10:52:17.316+0000] {processor.py:830} INFO - Processing file /opt/airflow/dags/pipelines/mongo_ingestion.py for tasks to queue
[2025-11-29T10:52:17.317+0000] {logging_mixin.py:188} INFO - [2025-11-29T10:52:17.317+0000] {dagbag.py:538} INFO - Filling up the DagBag from /opt/airflow/dags/pipelines/mongo_ingestion.py
[2025-11-29T10:52:17.330+0000] {processor.py:842} WARNING - No viable dags retrieved from /opt/airflow/dags/pipelines/mongo_ingestion.py
[2025-11-29T10:52:17.349+0000] {processor.py:183} INFO - Processing /opt/airflow/dags/pipelines/mongo_ingestion.py took 0.039 seconds
[2025-11-29T10:52:47.518+0000] {processor.py:161} INFO - Started process (PID=16539) to work on /opt/airflow/dags/pipelines/mongo_ingestion.py
[2025-11-29T10:52:47.520+0000] {processor.py:830} INFO - Processing file /opt/airflow/dags/pipelines/mongo_ingestion.py for tasks to queue
[2025-11-29T10:52:47.521+0000] {logging_mixin.py:188} INFO - [2025-11-29T10:52:47.520+0000] {dagbag.py:538} INFO - Filling up the DagBag from /opt/airflow/dags/pipelines/mongo_ingestion.py
[2025-11-29T10:52:47.540+0000] {processor.py:842} WARNING - No viable dags retrieved from /opt/airflow/dags/pipelines/mongo_ingestion.py
[2025-11-29T10:52:47.562+0000] {processor.py:183} INFO - Processing /opt/airflow/dags/pipelines/mongo_ingestion.py took 0.048 seconds
[2025-11-29T10:53:18.542+0000] {processor.py:161} INFO - Started process (PID=16574) to work on /opt/airflow/dags/pipelines/mongo_ingestion.py
[2025-11-29T10:53:18.543+0000] {processor.py:830} INFO - Processing file /opt/airflow/dags/pipelines/mongo_ingestion.py for tasks to queue
[2025-11-29T10:53:18.544+0000] {logging_mixin.py:188} INFO - [2025-11-29T10:53:18.544+0000] {dagbag.py:538} INFO - Filling up the DagBag from /opt/airflow/dags/pipelines/mongo_ingestion.py
[2025-11-29T10:53:18.562+0000] {processor.py:842} WARNING - No viable dags retrieved from /opt/airflow/dags/pipelines/mongo_ingestion.py
[2025-11-29T10:53:18.583+0000] {processor.py:183} INFO - Processing /opt/airflow/dags/pipelines/mongo_ingestion.py took 0.045 seconds
[2025-11-29T10:53:49.537+0000] {processor.py:161} INFO - Started process (PID=16609) to work on /opt/airflow/dags/pipelines/mongo_ingestion.py
[2025-11-29T10:53:49.539+0000] {processor.py:830} INFO - Processing file /opt/airflow/dags/pipelines/mongo_ingestion.py for tasks to queue
[2025-11-29T10:53:49.541+0000] {logging_mixin.py:188} INFO - [2025-11-29T10:53:49.541+0000] {dagbag.py:538} INFO - Filling up the DagBag from /opt/airflow/dags/pipelines/mongo_ingestion.py
[2025-11-29T10:53:49.568+0000] {processor.py:842} WARNING - No viable dags retrieved from /opt/airflow/dags/pipelines/mongo_ingestion.py
[2025-11-29T10:53:49.595+0000] {processor.py:183} INFO - Processing /opt/airflow/dags/pipelines/mongo_ingestion.py took 0.063 seconds
[2025-11-29T10:54:20.463+0000] {processor.py:161} INFO - Started process (PID=16644) to work on /opt/airflow/dags/pipelines/mongo_ingestion.py
[2025-11-29T10:54:20.465+0000] {processor.py:830} INFO - Processing file /opt/airflow/dags/pipelines/mongo_ingestion.py for tasks to queue
[2025-11-29T10:54:20.466+0000] {logging_mixin.py:188} INFO - [2025-11-29T10:54:20.466+0000] {dagbag.py:538} INFO - Filling up the DagBag from /opt/airflow/dags/pipelines/mongo_ingestion.py
[2025-11-29T10:54:20.481+0000] {processor.py:842} WARNING - No viable dags retrieved from /opt/airflow/dags/pipelines/mongo_ingestion.py
[2025-11-29T10:54:20.499+0000] {processor.py:183} INFO - Processing /opt/airflow/dags/pipelines/mongo_ingestion.py took 0.040 seconds
[2025-11-29T10:54:51.403+0000] {processor.py:161} INFO - Started process (PID=16731) to work on /opt/airflow/dags/pipelines/mongo_ingestion.py
[2025-11-29T10:54:51.405+0000] {processor.py:830} INFO - Processing file /opt/airflow/dags/pipelines/mongo_ingestion.py for tasks to queue
[2025-11-29T10:54:51.406+0000] {logging_mixin.py:188} INFO - [2025-11-29T10:54:51.405+0000] {dagbag.py:538} INFO - Filling up the DagBag from /opt/airflow/dags/pipelines/mongo_ingestion.py
[2025-11-29T10:54:51.421+0000] {processor.py:842} WARNING - No viable dags retrieved from /opt/airflow/dags/pipelines/mongo_ingestion.py
[2025-11-29T10:54:51.450+0000] {processor.py:183} INFO - Processing /opt/airflow/dags/pipelines/mongo_ingestion.py took 0.051 seconds
[2025-11-29T10:55:21.510+0000] {processor.py:161} INFO - Started process (PID=16766) to work on /opt/airflow/dags/pipelines/mongo_ingestion.py
[2025-11-29T10:55:21.511+0000] {processor.py:830} INFO - Processing file /opt/airflow/dags/pipelines/mongo_ingestion.py for tasks to queue
[2025-11-29T10:55:21.512+0000] {logging_mixin.py:188} INFO - [2025-11-29T10:55:21.512+0000] {dagbag.py:538} INFO - Filling up the DagBag from /opt/airflow/dags/pipelines/mongo_ingestion.py
[2025-11-29T10:55:21.530+0000] {processor.py:842} WARNING - No viable dags retrieved from /opt/airflow/dags/pipelines/mongo_ingestion.py
[2025-11-29T10:55:21.546+0000] {processor.py:183} INFO - Processing /opt/airflow/dags/pipelines/mongo_ingestion.py took 0.039 seconds
[2025-11-29T10:55:51.630+0000] {processor.py:161} INFO - Started process (PID=16801) to work on /opt/airflow/dags/pipelines/mongo_ingestion.py
[2025-11-29T10:55:51.631+0000] {processor.py:830} INFO - Processing file /opt/airflow/dags/pipelines/mongo_ingestion.py for tasks to queue
[2025-11-29T10:55:51.632+0000] {logging_mixin.py:188} INFO - [2025-11-29T10:55:51.632+0000] {dagbag.py:538} INFO - Filling up the DagBag from /opt/airflow/dags/pipelines/mongo_ingestion.py
[2025-11-29T10:55:51.645+0000] {processor.py:842} WARNING - No viable dags retrieved from /opt/airflow/dags/pipelines/mongo_ingestion.py
[2025-11-29T10:55:51.664+0000] {processor.py:183} INFO - Processing /opt/airflow/dags/pipelines/mongo_ingestion.py took 0.037 seconds
[2025-11-29T10:56:22.650+0000] {processor.py:161} INFO - Started process (PID=16836) to work on /opt/airflow/dags/pipelines/mongo_ingestion.py
[2025-11-29T10:56:22.653+0000] {processor.py:830} INFO - Processing file /opt/airflow/dags/pipelines/mongo_ingestion.py for tasks to queue
[2025-11-29T10:56:22.657+0000] {logging_mixin.py:188} INFO - [2025-11-29T10:56:22.656+0000] {dagbag.py:538} INFO - Filling up the DagBag from /opt/airflow/dags/pipelines/mongo_ingestion.py
[2025-11-29T10:56:22.682+0000] {processor.py:842} WARNING - No viable dags retrieved from /opt/airflow/dags/pipelines/mongo_ingestion.py
[2025-11-29T10:56:22.712+0000] {processor.py:183} INFO - Processing /opt/airflow/dags/pipelines/mongo_ingestion.py took 0.069 seconds
[2025-11-29T10:56:52.772+0000] {processor.py:161} INFO - Started process (PID=16871) to work on /opt/airflow/dags/pipelines/mongo_ingestion.py
[2025-11-29T10:56:52.773+0000] {processor.py:830} INFO - Processing file /opt/airflow/dags/pipelines/mongo_ingestion.py for tasks to queue
[2025-11-29T10:56:52.774+0000] {logging_mixin.py:188} INFO - [2025-11-29T10:56:52.774+0000] {dagbag.py:538} INFO - Filling up the DagBag from /opt/airflow/dags/pipelines/mongo_ingestion.py
[2025-11-29T10:56:52.788+0000] {processor.py:842} WARNING - No viable dags retrieved from /opt/airflow/dags/pipelines/mongo_ingestion.py
[2025-11-29T10:56:52.808+0000] {processor.py:183} INFO - Processing /opt/airflow/dags/pipelines/mongo_ingestion.py took 0.040 seconds
