[2025-11-29T01:23:56.240+0000] {processor.py:161} INFO - Started process (PID=14728) to work on /opt/airflow/dags/pipelines/payments_to_clickhouse.py
[2025-11-29T01:23:56.253+0000] {processor.py:830} INFO - Processing file /opt/airflow/dags/pipelines/payments_to_clickhouse.py for tasks to queue
[2025-11-29T01:23:56.258+0000] {logging_mixin.py:188} INFO - [2025-11-29T01:23:56.257+0000] {dagbag.py:538} INFO - Filling up the DagBag from /opt/airflow/dags/pipelines/payments_to_clickhouse.py
[2025-11-29T01:23:56.292+0000] {processor.py:842} WARNING - No viable dags retrieved from /opt/airflow/dags/pipelines/payments_to_clickhouse.py
[2025-11-29T01:23:56.344+0000] {processor.py:183} INFO - Processing /opt/airflow/dags/pipelines/payments_to_clickhouse.py took 0.110 seconds
[2025-11-29T02:10:27.981+0000] {processor.py:161} INFO - Started process (PID=14772) to work on /opt/airflow/dags/pipelines/payments_to_clickhouse.py
[2025-11-29T02:10:27.989+0000] {processor.py:830} INFO - Processing file /opt/airflow/dags/pipelines/payments_to_clickhouse.py for tasks to queue
[2025-11-29T02:10:27.992+0000] {logging_mixin.py:188} INFO - [2025-11-29T02:10:27.992+0000] {dagbag.py:538} INFO - Filling up the DagBag from /opt/airflow/dags/pipelines/payments_to_clickhouse.py
[2025-11-29T02:10:28.035+0000] {processor.py:842} WARNING - No viable dags retrieved from /opt/airflow/dags/pipelines/payments_to_clickhouse.py
[2025-11-29T02:10:28.077+0000] {processor.py:183} INFO - Processing /opt/airflow/dags/pipelines/payments_to_clickhouse.py took 0.101 seconds
[2025-11-29T02:10:58.754+0000] {processor.py:161} INFO - Started process (PID=14825) to work on /opt/airflow/dags/pipelines/payments_to_clickhouse.py
[2025-11-29T02:10:58.755+0000] {processor.py:830} INFO - Processing file /opt/airflow/dags/pipelines/payments_to_clickhouse.py for tasks to queue
[2025-11-29T02:10:58.756+0000] {logging_mixin.py:188} INFO - [2025-11-29T02:10:58.756+0000] {dagbag.py:538} INFO - Filling up the DagBag from /opt/airflow/dags/pipelines/payments_to_clickhouse.py
[2025-11-29T02:10:58.778+0000] {processor.py:842} WARNING - No viable dags retrieved from /opt/airflow/dags/pipelines/payments_to_clickhouse.py
[2025-11-29T02:10:58.797+0000] {processor.py:183} INFO - Processing /opt/airflow/dags/pipelines/payments_to_clickhouse.py took 0.047 seconds
[2025-11-29T02:11:29.011+0000] {processor.py:161} INFO - Started process (PID=14858) to work on /opt/airflow/dags/pipelines/payments_to_clickhouse.py
[2025-11-29T02:11:29.013+0000] {processor.py:830} INFO - Processing file /opt/airflow/dags/pipelines/payments_to_clickhouse.py for tasks to queue
[2025-11-29T02:11:29.014+0000] {logging_mixin.py:188} INFO - [2025-11-29T02:11:29.013+0000] {dagbag.py:538} INFO - Filling up the DagBag from /opt/airflow/dags/pipelines/payments_to_clickhouse.py
[2025-11-29T02:11:29.032+0000] {processor.py:842} WARNING - No viable dags retrieved from /opt/airflow/dags/pipelines/payments_to_clickhouse.py
[2025-11-29T02:11:29.054+0000] {processor.py:183} INFO - Processing /opt/airflow/dags/pipelines/payments_to_clickhouse.py took 0.047 seconds
[2025-11-29T10:21:21.209+0000] {processor.py:161} INFO - Started process (PID=14901) to work on /opt/airflow/dags/pipelines/payments_to_clickhouse.py
[2025-11-29T10:21:21.211+0000] {processor.py:830} INFO - Processing file /opt/airflow/dags/pipelines/payments_to_clickhouse.py for tasks to queue
[2025-11-29T10:21:21.213+0000] {logging_mixin.py:188} INFO - [2025-11-29T10:21:21.213+0000] {dagbag.py:538} INFO - Filling up the DagBag from /opt/airflow/dags/pipelines/payments_to_clickhouse.py
[2025-11-29T10:21:21.279+0000] {processor.py:842} WARNING - No viable dags retrieved from /opt/airflow/dags/pipelines/payments_to_clickhouse.py
[2025-11-29T10:21:21.315+0000] {processor.py:183} INFO - Processing /opt/airflow/dags/pipelines/payments_to_clickhouse.py took 0.112 seconds
[2025-11-29T10:34:31.414+0000] {processor.py:161} INFO - Started process (PID=14958) to work on /opt/airflow/dags/pipelines/payments_to_clickhouse.py
[2025-11-29T10:34:31.434+0000] {processor.py:830} INFO - Processing file /opt/airflow/dags/pipelines/payments_to_clickhouse.py for tasks to queue
[2025-11-29T10:34:31.439+0000] {logging_mixin.py:188} INFO - [2025-11-29T10:34:31.438+0000] {dagbag.py:538} INFO - Filling up the DagBag from /opt/airflow/dags/pipelines/payments_to_clickhouse.py
[2025-11-29T10:34:31.493+0000] {processor.py:842} WARNING - No viable dags retrieved from /opt/airflow/dags/pipelines/payments_to_clickhouse.py
[2025-11-29T10:34:31.537+0000] {processor.py:183} INFO - Processing /opt/airflow/dags/pipelines/payments_to_clickhouse.py took 0.128 seconds
[2025-11-29T10:35:02.553+0000] {processor.py:161} INFO - Started process (PID=15054) to work on /opt/airflow/dags/pipelines/payments_to_clickhouse.py
[2025-11-29T10:35:02.554+0000] {processor.py:830} INFO - Processing file /opt/airflow/dags/pipelines/payments_to_clickhouse.py for tasks to queue
[2025-11-29T10:35:02.555+0000] {logging_mixin.py:188} INFO - [2025-11-29T10:35:02.555+0000] {dagbag.py:538} INFO - Filling up the DagBag from /opt/airflow/dags/pipelines/payments_to_clickhouse.py
[2025-11-29T10:35:02.571+0000] {processor.py:842} WARNING - No viable dags retrieved from /opt/airflow/dags/pipelines/payments_to_clickhouse.py
[2025-11-29T10:35:02.587+0000] {processor.py:183} INFO - Processing /opt/airflow/dags/pipelines/payments_to_clickhouse.py took 0.037 seconds
[2025-11-29T10:35:32.951+0000] {processor.py:161} INFO - Started process (PID=15086) to work on /opt/airflow/dags/pipelines/payments_to_clickhouse.py
[2025-11-29T10:35:32.952+0000] {processor.py:830} INFO - Processing file /opt/airflow/dags/pipelines/payments_to_clickhouse.py for tasks to queue
[2025-11-29T10:35:32.954+0000] {logging_mixin.py:188} INFO - [2025-11-29T10:35:32.953+0000] {dagbag.py:538} INFO - Filling up the DagBag from /opt/airflow/dags/pipelines/payments_to_clickhouse.py
[2025-11-29T10:35:32.970+0000] {processor.py:842} WARNING - No viable dags retrieved from /opt/airflow/dags/pipelines/payments_to_clickhouse.py
[2025-11-29T10:35:32.985+0000] {processor.py:183} INFO - Processing /opt/airflow/dags/pipelines/payments_to_clickhouse.py took 0.037 seconds
[2025-11-29T10:36:03.154+0000] {processor.py:161} INFO - Started process (PID=15121) to work on /opt/airflow/dags/pipelines/payments_to_clickhouse.py
[2025-11-29T10:36:03.155+0000] {processor.py:830} INFO - Processing file /opt/airflow/dags/pipelines/payments_to_clickhouse.py for tasks to queue
[2025-11-29T10:36:03.156+0000] {logging_mixin.py:188} INFO - [2025-11-29T10:36:03.156+0000] {dagbag.py:538} INFO - Filling up the DagBag from /opt/airflow/dags/pipelines/payments_to_clickhouse.py
[2025-11-29T10:36:03.171+0000] {processor.py:842} WARNING - No viable dags retrieved from /opt/airflow/dags/pipelines/payments_to_clickhouse.py
[2025-11-29T10:36:03.191+0000] {processor.py:183} INFO - Processing /opt/airflow/dags/pipelines/payments_to_clickhouse.py took 0.041 seconds
[2025-11-29T10:36:33.562+0000] {processor.py:161} INFO - Started process (PID=15156) to work on /opt/airflow/dags/pipelines/payments_to_clickhouse.py
[2025-11-29T10:36:33.563+0000] {processor.py:830} INFO - Processing file /opt/airflow/dags/pipelines/payments_to_clickhouse.py for tasks to queue
[2025-11-29T10:36:33.564+0000] {logging_mixin.py:188} INFO - [2025-11-29T10:36:33.564+0000] {dagbag.py:538} INFO - Filling up the DagBag from /opt/airflow/dags/pipelines/payments_to_clickhouse.py
[2025-11-29T10:36:33.576+0000] {processor.py:842} WARNING - No viable dags retrieved from /opt/airflow/dags/pipelines/payments_to_clickhouse.py
[2025-11-29T10:36:33.592+0000] {processor.py:183} INFO - Processing /opt/airflow/dags/pipelines/payments_to_clickhouse.py took 0.033 seconds
[2025-11-29T10:37:03.797+0000] {processor.py:161} INFO - Started process (PID=15191) to work on /opt/airflow/dags/pipelines/payments_to_clickhouse.py
[2025-11-29T10:37:03.798+0000] {processor.py:830} INFO - Processing file /opt/airflow/dags/pipelines/payments_to_clickhouse.py for tasks to queue
[2025-11-29T10:37:03.799+0000] {logging_mixin.py:188} INFO - [2025-11-29T10:37:03.799+0000] {dagbag.py:538} INFO - Filling up the DagBag from /opt/airflow/dags/pipelines/payments_to_clickhouse.py
[2025-11-29T10:37:03.811+0000] {processor.py:842} WARNING - No viable dags retrieved from /opt/airflow/dags/pipelines/payments_to_clickhouse.py
[2025-11-29T10:37:03.826+0000] {processor.py:183} INFO - Processing /opt/airflow/dags/pipelines/payments_to_clickhouse.py took 0.032 seconds
[2025-11-29T10:37:34.089+0000] {processor.py:161} INFO - Started process (PID=15226) to work on /opt/airflow/dags/pipelines/payments_to_clickhouse.py
[2025-11-29T10:37:34.091+0000] {processor.py:830} INFO - Processing file /opt/airflow/dags/pipelines/payments_to_clickhouse.py for tasks to queue
[2025-11-29T10:37:34.092+0000] {logging_mixin.py:188} INFO - [2025-11-29T10:37:34.092+0000] {dagbag.py:538} INFO - Filling up the DagBag from /opt/airflow/dags/pipelines/payments_to_clickhouse.py
[2025-11-29T10:37:34.110+0000] {processor.py:842} WARNING - No viable dags retrieved from /opt/airflow/dags/pipelines/payments_to_clickhouse.py
[2025-11-29T10:37:34.129+0000] {processor.py:183} INFO - Processing /opt/airflow/dags/pipelines/payments_to_clickhouse.py took 0.043 seconds
[2025-11-29T10:38:04.228+0000] {processor.py:161} INFO - Started process (PID=15272) to work on /opt/airflow/dags/pipelines/payments_to_clickhouse.py
[2025-11-29T10:38:04.229+0000] {processor.py:830} INFO - Processing file /opt/airflow/dags/pipelines/payments_to_clickhouse.py for tasks to queue
[2025-11-29T10:38:04.230+0000] {logging_mixin.py:188} INFO - [2025-11-29T10:38:04.230+0000] {dagbag.py:538} INFO - Filling up the DagBag from /opt/airflow/dags/pipelines/payments_to_clickhouse.py
[2025-11-29T10:38:04.244+0000] {processor.py:842} WARNING - No viable dags retrieved from /opt/airflow/dags/pipelines/payments_to_clickhouse.py
[2025-11-29T10:38:04.260+0000] {processor.py:183} INFO - Processing /opt/airflow/dags/pipelines/payments_to_clickhouse.py took 0.036 seconds
[2025-11-29T10:38:35.046+0000] {processor.py:161} INFO - Started process (PID=15359) to work on /opt/airflow/dags/pipelines/payments_to_clickhouse.py
[2025-11-29T10:38:35.047+0000] {processor.py:830} INFO - Processing file /opt/airflow/dags/pipelines/payments_to_clickhouse.py for tasks to queue
[2025-11-29T10:38:35.048+0000] {logging_mixin.py:188} INFO - [2025-11-29T10:38:35.048+0000] {dagbag.py:538} INFO - Filling up the DagBag from /opt/airflow/dags/pipelines/payments_to_clickhouse.py
[2025-11-29T10:38:35.061+0000] {processor.py:842} WARNING - No viable dags retrieved from /opt/airflow/dags/pipelines/payments_to_clickhouse.py
[2025-11-29T10:38:35.080+0000] {processor.py:183} INFO - Processing /opt/airflow/dags/pipelines/payments_to_clickhouse.py took 0.038 seconds
[2025-11-29T10:39:05.190+0000] {processor.py:161} INFO - Started process (PID=15391) to work on /opt/airflow/dags/pipelines/payments_to_clickhouse.py
[2025-11-29T10:39:05.191+0000] {processor.py:830} INFO - Processing file /opt/airflow/dags/pipelines/payments_to_clickhouse.py for tasks to queue
[2025-11-29T10:39:05.193+0000] {logging_mixin.py:188} INFO - [2025-11-29T10:39:05.192+0000] {dagbag.py:538} INFO - Filling up the DagBag from /opt/airflow/dags/pipelines/payments_to_clickhouse.py
[2025-11-29T10:39:05.207+0000] {processor.py:842} WARNING - No viable dags retrieved from /opt/airflow/dags/pipelines/payments_to_clickhouse.py
[2025-11-29T10:39:05.225+0000] {processor.py:183} INFO - Processing /opt/airflow/dags/pipelines/payments_to_clickhouse.py took 0.040 seconds
[2025-11-29T10:39:35.403+0000] {processor.py:161} INFO - Started process (PID=15478) to work on /opt/airflow/dags/pipelines/payments_to_clickhouse.py
[2025-11-29T10:39:35.404+0000] {processor.py:830} INFO - Processing file /opt/airflow/dags/pipelines/payments_to_clickhouse.py for tasks to queue
[2025-11-29T10:39:35.405+0000] {logging_mixin.py:188} INFO - [2025-11-29T10:39:35.405+0000] {dagbag.py:538} INFO - Filling up the DagBag from /opt/airflow/dags/pipelines/payments_to_clickhouse.py
[2025-11-29T10:39:35.419+0000] {processor.py:842} WARNING - No viable dags retrieved from /opt/airflow/dags/pipelines/payments_to_clickhouse.py
[2025-11-29T10:39:35.436+0000] {processor.py:183} INFO - Processing /opt/airflow/dags/pipelines/payments_to_clickhouse.py took 0.036 seconds
[2025-11-29T10:40:05.548+0000] {processor.py:161} INFO - Started process (PID=15513) to work on /opt/airflow/dags/pipelines/payments_to_clickhouse.py
[2025-11-29T10:40:05.550+0000] {processor.py:830} INFO - Processing file /opt/airflow/dags/pipelines/payments_to_clickhouse.py for tasks to queue
[2025-11-29T10:40:05.551+0000] {logging_mixin.py:188} INFO - [2025-11-29T10:40:05.551+0000] {dagbag.py:538} INFO - Filling up the DagBag from /opt/airflow/dags/pipelines/payments_to_clickhouse.py
[2025-11-29T10:40:05.570+0000] {processor.py:842} WARNING - No viable dags retrieved from /opt/airflow/dags/pipelines/payments_to_clickhouse.py
[2025-11-29T10:40:05.588+0000] {processor.py:183} INFO - Processing /opt/airflow/dags/pipelines/payments_to_clickhouse.py took 0.044 seconds
[2025-11-29T10:40:35.948+0000] {processor.py:161} INFO - Started process (PID=15551) to work on /opt/airflow/dags/pipelines/payments_to_clickhouse.py
[2025-11-29T10:40:35.949+0000] {processor.py:830} INFO - Processing file /opt/airflow/dags/pipelines/payments_to_clickhouse.py for tasks to queue
[2025-11-29T10:40:35.950+0000] {logging_mixin.py:188} INFO - [2025-11-29T10:40:35.950+0000] {dagbag.py:538} INFO - Filling up the DagBag from /opt/airflow/dags/pipelines/payments_to_clickhouse.py
[2025-11-29T10:40:35.960+0000] {processor.py:842} WARNING - No viable dags retrieved from /opt/airflow/dags/pipelines/payments_to_clickhouse.py
[2025-11-29T10:40:35.976+0000] {processor.py:183} INFO - Processing /opt/airflow/dags/pipelines/payments_to_clickhouse.py took 0.032 seconds
[2025-11-29T10:41:06.128+0000] {processor.py:161} INFO - Started process (PID=15586) to work on /opt/airflow/dags/pipelines/payments_to_clickhouse.py
[2025-11-29T10:41:06.129+0000] {processor.py:830} INFO - Processing file /opt/airflow/dags/pipelines/payments_to_clickhouse.py for tasks to queue
[2025-11-29T10:41:06.131+0000] {logging_mixin.py:188} INFO - [2025-11-29T10:41:06.131+0000] {dagbag.py:538} INFO - Filling up the DagBag from /opt/airflow/dags/pipelines/payments_to_clickhouse.py
[2025-11-29T10:41:06.148+0000] {processor.py:842} WARNING - No viable dags retrieved from /opt/airflow/dags/pipelines/payments_to_clickhouse.py
[2025-11-29T10:41:06.168+0000] {processor.py:183} INFO - Processing /opt/airflow/dags/pipelines/payments_to_clickhouse.py took 0.044 seconds
[2025-11-29T10:41:36.345+0000] {processor.py:161} INFO - Started process (PID=15621) to work on /opt/airflow/dags/pipelines/payments_to_clickhouse.py
[2025-11-29T10:41:36.346+0000] {processor.py:830} INFO - Processing file /opt/airflow/dags/pipelines/payments_to_clickhouse.py for tasks to queue
[2025-11-29T10:41:36.347+0000] {logging_mixin.py:188} INFO - [2025-11-29T10:41:36.347+0000] {dagbag.py:538} INFO - Filling up the DagBag from /opt/airflow/dags/pipelines/payments_to_clickhouse.py
[2025-11-29T10:41:36.360+0000] {processor.py:842} WARNING - No viable dags retrieved from /opt/airflow/dags/pipelines/payments_to_clickhouse.py
[2025-11-29T10:41:36.377+0000] {processor.py:183} INFO - Processing /opt/airflow/dags/pipelines/payments_to_clickhouse.py took 0.035 seconds
[2025-11-29T10:42:07.223+0000] {processor.py:161} INFO - Started process (PID=15656) to work on /opt/airflow/dags/pipelines/payments_to_clickhouse.py
[2025-11-29T10:42:07.224+0000] {processor.py:830} INFO - Processing file /opt/airflow/dags/pipelines/payments_to_clickhouse.py for tasks to queue
[2025-11-29T10:42:07.227+0000] {logging_mixin.py:188} INFO - [2025-11-29T10:42:07.226+0000] {dagbag.py:538} INFO - Filling up the DagBag from /opt/airflow/dags/pipelines/payments_to_clickhouse.py
[2025-11-29T10:42:07.243+0000] {processor.py:842} WARNING - No viable dags retrieved from /opt/airflow/dags/pipelines/payments_to_clickhouse.py
[2025-11-29T10:42:07.259+0000] {processor.py:183} INFO - Processing /opt/airflow/dags/pipelines/payments_to_clickhouse.py took 0.039 seconds
[2025-11-29T10:42:37.385+0000] {processor.py:161} INFO - Started process (PID=15688) to work on /opt/airflow/dags/pipelines/payments_to_clickhouse.py
[2025-11-29T10:42:37.387+0000] {processor.py:830} INFO - Processing file /opt/airflow/dags/pipelines/payments_to_clickhouse.py for tasks to queue
[2025-11-29T10:42:37.388+0000] {logging_mixin.py:188} INFO - [2025-11-29T10:42:37.388+0000] {dagbag.py:538} INFO - Filling up the DagBag from /opt/airflow/dags/pipelines/payments_to_clickhouse.py
[2025-11-29T10:42:37.411+0000] {processor.py:842} WARNING - No viable dags retrieved from /opt/airflow/dags/pipelines/payments_to_clickhouse.py
[2025-11-29T10:42:37.428+0000] {processor.py:183} INFO - Processing /opt/airflow/dags/pipelines/payments_to_clickhouse.py took 0.047 seconds
[2025-11-29T10:43:07.687+0000] {processor.py:161} INFO - Started process (PID=15726) to work on /opt/airflow/dags/pipelines/payments_to_clickhouse.py
[2025-11-29T10:43:07.689+0000] {processor.py:830} INFO - Processing file /opt/airflow/dags/pipelines/payments_to_clickhouse.py for tasks to queue
[2025-11-29T10:43:07.691+0000] {logging_mixin.py:188} INFO - [2025-11-29T10:43:07.690+0000] {dagbag.py:538} INFO - Filling up the DagBag from /opt/airflow/dags/pipelines/payments_to_clickhouse.py
[2025-11-29T10:43:07.706+0000] {processor.py:842} WARNING - No viable dags retrieved from /opt/airflow/dags/pipelines/payments_to_clickhouse.py
[2025-11-29T10:43:07.727+0000] {processor.py:183} INFO - Processing /opt/airflow/dags/pipelines/payments_to_clickhouse.py took 0.044 seconds
[2025-11-29T10:43:37.865+0000] {processor.py:161} INFO - Started process (PID=15763) to work on /opt/airflow/dags/pipelines/payments_to_clickhouse.py
[2025-11-29T10:43:37.866+0000] {processor.py:830} INFO - Processing file /opt/airflow/dags/pipelines/payments_to_clickhouse.py for tasks to queue
[2025-11-29T10:43:37.867+0000] {logging_mixin.py:188} INFO - [2025-11-29T10:43:37.867+0000] {dagbag.py:538} INFO - Filling up the DagBag from /opt/airflow/dags/pipelines/payments_to_clickhouse.py
[2025-11-29T10:43:37.880+0000] {processor.py:842} WARNING - No viable dags retrieved from /opt/airflow/dags/pipelines/payments_to_clickhouse.py
[2025-11-29T10:43:37.896+0000] {processor.py:183} INFO - Processing /opt/airflow/dags/pipelines/payments_to_clickhouse.py took 0.035 seconds
[2025-11-29T10:44:08.067+0000] {processor.py:161} INFO - Started process (PID=15798) to work on /opt/airflow/dags/pipelines/payments_to_clickhouse.py
[2025-11-29T10:44:08.068+0000] {processor.py:830} INFO - Processing file /opt/airflow/dags/pipelines/payments_to_clickhouse.py for tasks to queue
[2025-11-29T10:44:08.069+0000] {logging_mixin.py:188} INFO - [2025-11-29T10:44:08.069+0000] {dagbag.py:538} INFO - Filling up the DagBag from /opt/airflow/dags/pipelines/payments_to_clickhouse.py
[2025-11-29T10:44:08.082+0000] {processor.py:842} WARNING - No viable dags retrieved from /opt/airflow/dags/pipelines/payments_to_clickhouse.py
[2025-11-29T10:44:08.098+0000] {processor.py:183} INFO - Processing /opt/airflow/dags/pipelines/payments_to_clickhouse.py took 0.034 seconds
[2025-11-29T10:44:38.530+0000] {processor.py:161} INFO - Started process (PID=15888) to work on /opt/airflow/dags/pipelines/payments_to_clickhouse.py
[2025-11-29T10:44:38.531+0000] {processor.py:830} INFO - Processing file /opt/airflow/dags/pipelines/payments_to_clickhouse.py for tasks to queue
[2025-11-29T10:44:38.533+0000] {logging_mixin.py:188} INFO - [2025-11-29T10:44:38.533+0000] {dagbag.py:538} INFO - Filling up the DagBag from /opt/airflow/dags/pipelines/payments_to_clickhouse.py
[2025-11-29T10:44:38.551+0000] {processor.py:842} WARNING - No viable dags retrieved from /opt/airflow/dags/pipelines/payments_to_clickhouse.py
[2025-11-29T10:44:38.575+0000] {processor.py:183} INFO - Processing /opt/airflow/dags/pipelines/payments_to_clickhouse.py took 0.050 seconds
[2025-11-29T10:45:08.858+0000] {processor.py:161} INFO - Started process (PID=15923) to work on /opt/airflow/dags/pipelines/payments_to_clickhouse.py
[2025-11-29T10:45:08.859+0000] {processor.py:830} INFO - Processing file /opt/airflow/dags/pipelines/payments_to_clickhouse.py for tasks to queue
[2025-11-29T10:45:08.860+0000] {logging_mixin.py:188} INFO - [2025-11-29T10:45:08.860+0000] {dagbag.py:538} INFO - Filling up the DagBag from /opt/airflow/dags/pipelines/payments_to_clickhouse.py
[2025-11-29T10:45:08.872+0000] {processor.py:842} WARNING - No viable dags retrieved from /opt/airflow/dags/pipelines/payments_to_clickhouse.py
[2025-11-29T10:45:08.887+0000] {processor.py:183} INFO - Processing /opt/airflow/dags/pipelines/payments_to_clickhouse.py took 0.033 seconds
[2025-11-29T10:45:39.067+0000] {processor.py:161} INFO - Started process (PID=15955) to work on /opt/airflow/dags/pipelines/payments_to_clickhouse.py
[2025-11-29T10:45:39.069+0000] {processor.py:830} INFO - Processing file /opt/airflow/dags/pipelines/payments_to_clickhouse.py for tasks to queue
[2025-11-29T10:45:39.070+0000] {logging_mixin.py:188} INFO - [2025-11-29T10:45:39.070+0000] {dagbag.py:538} INFO - Filling up the DagBag from /opt/airflow/dags/pipelines/payments_to_clickhouse.py
[2025-11-29T10:45:39.088+0000] {processor.py:842} WARNING - No viable dags retrieved from /opt/airflow/dags/pipelines/payments_to_clickhouse.py
[2025-11-29T10:45:39.109+0000] {processor.py:183} INFO - Processing /opt/airflow/dags/pipelines/payments_to_clickhouse.py took 0.048 seconds
[2025-11-29T10:46:09.254+0000] {processor.py:161} INFO - Started process (PID=15990) to work on /opt/airflow/dags/pipelines/payments_to_clickhouse.py
[2025-11-29T10:46:09.257+0000] {processor.py:830} INFO - Processing file /opt/airflow/dags/pipelines/payments_to_clickhouse.py for tasks to queue
[2025-11-29T10:46:09.258+0000] {logging_mixin.py:188} INFO - [2025-11-29T10:46:09.258+0000] {dagbag.py:538} INFO - Filling up the DagBag from /opt/airflow/dags/pipelines/payments_to_clickhouse.py
[2025-11-29T10:46:09.288+0000] {processor.py:842} WARNING - No viable dags retrieved from /opt/airflow/dags/pipelines/payments_to_clickhouse.py
[2025-11-29T10:46:09.316+0000] {processor.py:183} INFO - Processing /opt/airflow/dags/pipelines/payments_to_clickhouse.py took 0.068 seconds
[2025-11-29T10:46:39.408+0000] {processor.py:161} INFO - Started process (PID=16025) to work on /opt/airflow/dags/pipelines/payments_to_clickhouse.py
[2025-11-29T10:46:39.410+0000] {processor.py:830} INFO - Processing file /opt/airflow/dags/pipelines/payments_to_clickhouse.py for tasks to queue
[2025-11-29T10:46:39.410+0000] {logging_mixin.py:188} INFO - [2025-11-29T10:46:39.410+0000] {dagbag.py:538} INFO - Filling up the DagBag from /opt/airflow/dags/pipelines/payments_to_clickhouse.py
[2025-11-29T10:46:39.427+0000] {processor.py:842} WARNING - No viable dags retrieved from /opt/airflow/dags/pipelines/payments_to_clickhouse.py
[2025-11-29T10:46:39.443+0000] {processor.py:183} INFO - Processing /opt/airflow/dags/pipelines/payments_to_clickhouse.py took 0.038 seconds
[2025-11-29T10:47:10.346+0000] {processor.py:161} INFO - Started process (PID=16060) to work on /opt/airflow/dags/pipelines/payments_to_clickhouse.py
[2025-11-29T10:47:10.347+0000] {processor.py:830} INFO - Processing file /opt/airflow/dags/pipelines/payments_to_clickhouse.py for tasks to queue
[2025-11-29T10:47:10.348+0000] {logging_mixin.py:188} INFO - [2025-11-29T10:47:10.348+0000] {dagbag.py:538} INFO - Filling up the DagBag from /opt/airflow/dags/pipelines/payments_to_clickhouse.py
[2025-11-29T10:47:10.365+0000] {processor.py:842} WARNING - No viable dags retrieved from /opt/airflow/dags/pipelines/payments_to_clickhouse.py
[2025-11-29T10:47:10.384+0000] {processor.py:183} INFO - Processing /opt/airflow/dags/pipelines/payments_to_clickhouse.py took 0.042 seconds
[2025-11-29T10:47:41.389+0000] {processor.py:161} INFO - Started process (PID=16095) to work on /opt/airflow/dags/pipelines/payments_to_clickhouse.py
[2025-11-29T10:47:41.390+0000] {processor.py:830} INFO - Processing file /opt/airflow/dags/pipelines/payments_to_clickhouse.py for tasks to queue
[2025-11-29T10:47:41.392+0000] {logging_mixin.py:188} INFO - [2025-11-29T10:47:41.391+0000] {dagbag.py:538} INFO - Filling up the DagBag from /opt/airflow/dags/pipelines/payments_to_clickhouse.py
[2025-11-29T10:47:41.412+0000] {processor.py:842} WARNING - No viable dags retrieved from /opt/airflow/dags/pipelines/payments_to_clickhouse.py
[2025-11-29T10:47:41.431+0000] {processor.py:183} INFO - Processing /opt/airflow/dags/pipelines/payments_to_clickhouse.py took 0.047 seconds
[2025-11-29T10:48:12.297+0000] {processor.py:161} INFO - Started process (PID=16130) to work on /opt/airflow/dags/pipelines/payments_to_clickhouse.py
[2025-11-29T10:48:12.298+0000] {processor.py:830} INFO - Processing file /opt/airflow/dags/pipelines/payments_to_clickhouse.py for tasks to queue
[2025-11-29T10:48:12.300+0000] {logging_mixin.py:188} INFO - [2025-11-29T10:48:12.299+0000] {dagbag.py:538} INFO - Filling up the DagBag from /opt/airflow/dags/pipelines/payments_to_clickhouse.py
[2025-11-29T10:48:12.318+0000] {processor.py:842} WARNING - No viable dags retrieved from /opt/airflow/dags/pipelines/payments_to_clickhouse.py
[2025-11-29T10:48:12.335+0000] {processor.py:183} INFO - Processing /opt/airflow/dags/pipelines/payments_to_clickhouse.py took 0.042 seconds
[2025-11-29T10:48:43.332+0000] {processor.py:161} INFO - Started process (PID=16165) to work on /opt/airflow/dags/pipelines/payments_to_clickhouse.py
[2025-11-29T10:48:43.333+0000] {processor.py:830} INFO - Processing file /opt/airflow/dags/pipelines/payments_to_clickhouse.py for tasks to queue
[2025-11-29T10:48:43.334+0000] {logging_mixin.py:188} INFO - [2025-11-29T10:48:43.334+0000] {dagbag.py:538} INFO - Filling up the DagBag from /opt/airflow/dags/pipelines/payments_to_clickhouse.py
[2025-11-29T10:48:43.347+0000] {processor.py:842} WARNING - No viable dags retrieved from /opt/airflow/dags/pipelines/payments_to_clickhouse.py
[2025-11-29T10:48:43.363+0000] {processor.py:183} INFO - Processing /opt/airflow/dags/pipelines/payments_to_clickhouse.py took 0.034 seconds
[2025-11-29T10:49:14.340+0000] {processor.py:161} INFO - Started process (PID=16200) to work on /opt/airflow/dags/pipelines/payments_to_clickhouse.py
[2025-11-29T10:49:14.341+0000] {processor.py:830} INFO - Processing file /opt/airflow/dags/pipelines/payments_to_clickhouse.py for tasks to queue
[2025-11-29T10:49:14.343+0000] {logging_mixin.py:188} INFO - [2025-11-29T10:49:14.342+0000] {dagbag.py:538} INFO - Filling up the DagBag from /opt/airflow/dags/pipelines/payments_to_clickhouse.py
[2025-11-29T10:49:14.355+0000] {processor.py:842} WARNING - No viable dags retrieved from /opt/airflow/dags/pipelines/payments_to_clickhouse.py
[2025-11-29T10:49:14.373+0000] {processor.py:183} INFO - Processing /opt/airflow/dags/pipelines/payments_to_clickhouse.py took 0.036 seconds
[2025-11-29T10:49:44.482+0000] {processor.py:161} INFO - Started process (PID=16339) to work on /opt/airflow/dags/pipelines/payments_to_clickhouse.py
[2025-11-29T10:49:44.485+0000] {processor.py:830} INFO - Processing file /opt/airflow/dags/pipelines/payments_to_clickhouse.py for tasks to queue
[2025-11-29T10:49:44.486+0000] {logging_mixin.py:188} INFO - [2025-11-29T10:49:44.485+0000] {dagbag.py:538} INFO - Filling up the DagBag from /opt/airflow/dags/pipelines/payments_to_clickhouse.py
[2025-11-29T10:49:44.501+0000] {processor.py:842} WARNING - No viable dags retrieved from /opt/airflow/dags/pipelines/payments_to_clickhouse.py
[2025-11-29T10:49:44.518+0000] {processor.py:183} INFO - Processing /opt/airflow/dags/pipelines/payments_to_clickhouse.py took 0.040 seconds
[2025-11-29T10:50:15.369+0000] {processor.py:161} INFO - Started process (PID=16374) to work on /opt/airflow/dags/pipelines/payments_to_clickhouse.py
[2025-11-29T10:50:15.371+0000] {processor.py:830} INFO - Processing file /opt/airflow/dags/pipelines/payments_to_clickhouse.py for tasks to queue
[2025-11-29T10:50:15.373+0000] {logging_mixin.py:188} INFO - [2025-11-29T10:50:15.372+0000] {dagbag.py:538} INFO - Filling up the DagBag from /opt/airflow/dags/pipelines/payments_to_clickhouse.py
[2025-11-29T10:50:15.392+0000] {processor.py:842} WARNING - No viable dags retrieved from /opt/airflow/dags/pipelines/payments_to_clickhouse.py
[2025-11-29T10:50:15.408+0000] {processor.py:183} INFO - Processing /opt/airflow/dags/pipelines/payments_to_clickhouse.py took 0.042 seconds
[2025-11-29T10:50:45.483+0000] {processor.py:161} INFO - Started process (PID=16409) to work on /opt/airflow/dags/pipelines/payments_to_clickhouse.py
[2025-11-29T10:50:45.484+0000] {processor.py:830} INFO - Processing file /opt/airflow/dags/pipelines/payments_to_clickhouse.py for tasks to queue
[2025-11-29T10:50:45.485+0000] {logging_mixin.py:188} INFO - [2025-11-29T10:50:45.485+0000] {dagbag.py:538} INFO - Filling up the DagBag from /opt/airflow/dags/pipelines/payments_to_clickhouse.py
[2025-11-29T10:50:45.505+0000] {processor.py:842} WARNING - No viable dags retrieved from /opt/airflow/dags/pipelines/payments_to_clickhouse.py
[2025-11-29T10:50:45.524+0000] {processor.py:183} INFO - Processing /opt/airflow/dags/pipelines/payments_to_clickhouse.py took 0.046 seconds
[2025-11-29T10:51:16.528+0000] {processor.py:161} INFO - Started process (PID=16444) to work on /opt/airflow/dags/pipelines/payments_to_clickhouse.py
[2025-11-29T10:51:16.529+0000] {processor.py:830} INFO - Processing file /opt/airflow/dags/pipelines/payments_to_clickhouse.py for tasks to queue
[2025-11-29T10:51:16.530+0000] {logging_mixin.py:188} INFO - [2025-11-29T10:51:16.530+0000] {dagbag.py:538} INFO - Filling up the DagBag from /opt/airflow/dags/pipelines/payments_to_clickhouse.py
[2025-11-29T10:51:16.543+0000] {processor.py:842} WARNING - No viable dags retrieved from /opt/airflow/dags/pipelines/payments_to_clickhouse.py
[2025-11-29T10:51:16.559+0000] {processor.py:183} INFO - Processing /opt/airflow/dags/pipelines/payments_to_clickhouse.py took 0.034 seconds
[2025-11-29T10:51:47.536+0000] {processor.py:161} INFO - Started process (PID=16479) to work on /opt/airflow/dags/pipelines/payments_to_clickhouse.py
[2025-11-29T10:51:47.538+0000] {processor.py:830} INFO - Processing file /opt/airflow/dags/pipelines/payments_to_clickhouse.py for tasks to queue
[2025-11-29T10:51:47.539+0000] {logging_mixin.py:188} INFO - [2025-11-29T10:51:47.538+0000] {dagbag.py:538} INFO - Filling up the DagBag from /opt/airflow/dags/pipelines/payments_to_clickhouse.py
[2025-11-29T10:51:47.552+0000] {processor.py:842} WARNING - No viable dags retrieved from /opt/airflow/dags/pipelines/payments_to_clickhouse.py
[2025-11-29T10:51:47.571+0000] {processor.py:183} INFO - Processing /opt/airflow/dags/pipelines/payments_to_clickhouse.py took 0.038 seconds
[2025-11-29T10:52:18.417+0000] {processor.py:161} INFO - Started process (PID=16514) to work on /opt/airflow/dags/pipelines/payments_to_clickhouse.py
[2025-11-29T10:52:18.419+0000] {processor.py:830} INFO - Processing file /opt/airflow/dags/pipelines/payments_to_clickhouse.py for tasks to queue
[2025-11-29T10:52:18.420+0000] {logging_mixin.py:188} INFO - [2025-11-29T10:52:18.419+0000] {dagbag.py:538} INFO - Filling up the DagBag from /opt/airflow/dags/pipelines/payments_to_clickhouse.py
[2025-11-29T10:52:18.435+0000] {processor.py:842} WARNING - No viable dags retrieved from /opt/airflow/dags/pipelines/payments_to_clickhouse.py
[2025-11-29T10:52:18.451+0000] {processor.py:183} INFO - Processing /opt/airflow/dags/pipelines/payments_to_clickhouse.py took 0.038 seconds
[2025-11-29T10:52:48.575+0000] {processor.py:161} INFO - Started process (PID=16549) to work on /opt/airflow/dags/pipelines/payments_to_clickhouse.py
[2025-11-29T10:52:48.576+0000] {processor.py:830} INFO - Processing file /opt/airflow/dags/pipelines/payments_to_clickhouse.py for tasks to queue
[2025-11-29T10:52:48.577+0000] {logging_mixin.py:188} INFO - [2025-11-29T10:52:48.577+0000] {dagbag.py:538} INFO - Filling up the DagBag from /opt/airflow/dags/pipelines/payments_to_clickhouse.py
[2025-11-29T10:52:48.597+0000] {processor.py:842} WARNING - No viable dags retrieved from /opt/airflow/dags/pipelines/payments_to_clickhouse.py
[2025-11-29T10:52:48.617+0000] {processor.py:183} INFO - Processing /opt/airflow/dags/pipelines/payments_to_clickhouse.py took 0.047 seconds
[2025-11-29T10:53:19.622+0000] {processor.py:161} INFO - Started process (PID=16584) to work on /opt/airflow/dags/pipelines/payments_to_clickhouse.py
[2025-11-29T10:53:19.624+0000] {processor.py:830} INFO - Processing file /opt/airflow/dags/pipelines/payments_to_clickhouse.py for tasks to queue
[2025-11-29T10:53:19.625+0000] {logging_mixin.py:188} INFO - [2025-11-29T10:53:19.625+0000] {dagbag.py:538} INFO - Filling up the DagBag from /opt/airflow/dags/pipelines/payments_to_clickhouse.py
[2025-11-29T10:53:19.639+0000] {processor.py:842} WARNING - No viable dags retrieved from /opt/airflow/dags/pipelines/payments_to_clickhouse.py
[2025-11-29T10:53:19.655+0000] {processor.py:183} INFO - Processing /opt/airflow/dags/pipelines/payments_to_clickhouse.py took 0.036 seconds
[2025-11-29T10:53:50.590+0000] {processor.py:161} INFO - Started process (PID=16619) to work on /opt/airflow/dags/pipelines/payments_to_clickhouse.py
[2025-11-29T10:53:50.591+0000] {processor.py:830} INFO - Processing file /opt/airflow/dags/pipelines/payments_to_clickhouse.py for tasks to queue
[2025-11-29T10:53:50.592+0000] {logging_mixin.py:188} INFO - [2025-11-29T10:53:50.592+0000] {dagbag.py:538} INFO - Filling up the DagBag from /opt/airflow/dags/pipelines/payments_to_clickhouse.py
[2025-11-29T10:53:50.604+0000] {processor.py:842} WARNING - No viable dags retrieved from /opt/airflow/dags/pipelines/payments_to_clickhouse.py
[2025-11-29T10:53:50.619+0000] {processor.py:183} INFO - Processing /opt/airflow/dags/pipelines/payments_to_clickhouse.py took 0.033 seconds
[2025-11-29T10:54:21.516+0000] {processor.py:161} INFO - Started process (PID=16654) to work on /opt/airflow/dags/pipelines/payments_to_clickhouse.py
[2025-11-29T10:54:21.518+0000] {processor.py:830} INFO - Processing file /opt/airflow/dags/pipelines/payments_to_clickhouse.py for tasks to queue
[2025-11-29T10:54:21.518+0000] {logging_mixin.py:188} INFO - [2025-11-29T10:54:21.518+0000] {dagbag.py:538} INFO - Filling up the DagBag from /opt/airflow/dags/pipelines/payments_to_clickhouse.py
[2025-11-29T10:54:21.531+0000] {processor.py:842} WARNING - No viable dags retrieved from /opt/airflow/dags/pipelines/payments_to_clickhouse.py
[2025-11-29T10:54:21.546+0000] {processor.py:183} INFO - Processing /opt/airflow/dags/pipelines/payments_to_clickhouse.py took 0.033 seconds
[2025-11-29T10:54:52.524+0000] {processor.py:161} INFO - Started process (PID=16741) to work on /opt/airflow/dags/pipelines/payments_to_clickhouse.py
[2025-11-29T10:54:52.525+0000] {processor.py:830} INFO - Processing file /opt/airflow/dags/pipelines/payments_to_clickhouse.py for tasks to queue
[2025-11-29T10:54:52.526+0000] {logging_mixin.py:188} INFO - [2025-11-29T10:54:52.526+0000] {dagbag.py:538} INFO - Filling up the DagBag from /opt/airflow/dags/pipelines/payments_to_clickhouse.py
[2025-11-29T10:54:52.539+0000] {processor.py:842} WARNING - No viable dags retrieved from /opt/airflow/dags/pipelines/payments_to_clickhouse.py
[2025-11-29T10:54:52.554+0000] {processor.py:183} INFO - Processing /opt/airflow/dags/pipelines/payments_to_clickhouse.py took 0.033 seconds
[2025-11-29T10:55:22.612+0000] {processor.py:161} INFO - Started process (PID=16776) to work on /opt/airflow/dags/pipelines/payments_to_clickhouse.py
[2025-11-29T10:55:22.613+0000] {processor.py:830} INFO - Processing file /opt/airflow/dags/pipelines/payments_to_clickhouse.py for tasks to queue
[2025-11-29T10:55:22.614+0000] {logging_mixin.py:188} INFO - [2025-11-29T10:55:22.614+0000] {dagbag.py:538} INFO - Filling up the DagBag from /opt/airflow/dags/pipelines/payments_to_clickhouse.py
[2025-11-29T10:55:22.627+0000] {processor.py:842} WARNING - No viable dags retrieved from /opt/airflow/dags/pipelines/payments_to_clickhouse.py
[2025-11-29T10:55:22.641+0000] {processor.py:183} INFO - Processing /opt/airflow/dags/pipelines/payments_to_clickhouse.py took 0.032 seconds
[2025-11-29T10:55:52.741+0000] {processor.py:161} INFO - Started process (PID=16811) to work on /opt/airflow/dags/pipelines/payments_to_clickhouse.py
[2025-11-29T10:55:52.742+0000] {processor.py:830} INFO - Processing file /opt/airflow/dags/pipelines/payments_to_clickhouse.py for tasks to queue
[2025-11-29T10:55:52.743+0000] {logging_mixin.py:188} INFO - [2025-11-29T10:55:52.743+0000] {dagbag.py:538} INFO - Filling up the DagBag from /opt/airflow/dags/pipelines/payments_to_clickhouse.py
[2025-11-29T10:55:52.755+0000] {processor.py:842} WARNING - No viable dags retrieved from /opt/airflow/dags/pipelines/payments_to_clickhouse.py
[2025-11-29T10:55:52.769+0000] {processor.py:183} INFO - Processing /opt/airflow/dags/pipelines/payments_to_clickhouse.py took 0.031 seconds
[2025-11-29T10:56:23.740+0000] {processor.py:161} INFO - Started process (PID=16846) to work on /opt/airflow/dags/pipelines/payments_to_clickhouse.py
[2025-11-29T10:56:23.741+0000] {processor.py:830} INFO - Processing file /opt/airflow/dags/pipelines/payments_to_clickhouse.py for tasks to queue
[2025-11-29T10:56:23.742+0000] {logging_mixin.py:188} INFO - [2025-11-29T10:56:23.742+0000] {dagbag.py:538} INFO - Filling up the DagBag from /opt/airflow/dags/pipelines/payments_to_clickhouse.py
[2025-11-29T10:56:23.768+0000] {processor.py:842} WARNING - No viable dags retrieved from /opt/airflow/dags/pipelines/payments_to_clickhouse.py
[2025-11-29T10:56:23.793+0000] {processor.py:183} INFO - Processing /opt/airflow/dags/pipelines/payments_to_clickhouse.py took 0.058 seconds
[2025-11-29T10:56:53.890+0000] {processor.py:161} INFO - Started process (PID=16881) to work on /opt/airflow/dags/pipelines/payments_to_clickhouse.py
[2025-11-29T10:56:53.891+0000] {processor.py:830} INFO - Processing file /opt/airflow/dags/pipelines/payments_to_clickhouse.py for tasks to queue
[2025-11-29T10:56:53.893+0000] {logging_mixin.py:188} INFO - [2025-11-29T10:56:53.892+0000] {dagbag.py:538} INFO - Filling up the DagBag from /opt/airflow/dags/pipelines/payments_to_clickhouse.py
[2025-11-29T10:56:53.913+0000] {processor.py:842} WARNING - No viable dags retrieved from /opt/airflow/dags/pipelines/payments_to_clickhouse.py
[2025-11-29T10:56:53.929+0000] {processor.py:183} INFO - Processing /opt/airflow/dags/pipelines/payments_to_clickhouse.py took 0.043 seconds
