[2025-11-02T18:36:37.436+0000] {taskinstance.py:1956} INFO - Dependencies all met for dep_context=non-requeueable deps ti=<TaskInstance: gold_dimensions_pipeline.dbt_dim_merchants scheduled__2025-10-04T00:00:00+00:00 [queued]>
[2025-11-02T18:36:37.459+0000] {taskinstance.py:1956} INFO - Dependencies all met for dep_context=requeueable deps ti=<TaskInstance: gold_dimensions_pipeline.dbt_dim_merchants scheduled__2025-10-04T00:00:00+00:00 [queued]>
[2025-11-02T18:36:37.460+0000] {taskinstance.py:2170} INFO - Starting attempt 1 of 3
[2025-11-02T18:36:37.503+0000] {taskinstance.py:2191} INFO - Executing <Task(PythonOperator): dbt_dim_merchants> on 2025-10-04 00:00:00+00:00
[2025-11-02T18:36:37.518+0000] {standard_task_runner.py:60} INFO - Started process 7350 to run task
[2025-11-02T18:36:37.523+0000] {standard_task_runner.py:87} INFO - Running: ['***', 'tasks', 'run', 'gold_dimensions_pipeline', 'dbt_dim_merchants', 'scheduled__2025-10-04T00:00:00+00:00', '--job-id', '42', '--raw', '--subdir', 'DAGS_FOLDER/gold_dag.py', '--cfg-path', '/tmp/tmpoxthtw3r']
[2025-11-02T18:36:37.529+0000] {standard_task_runner.py:88} INFO - Job 42: Subtask dbt_dim_merchants
[2025-11-02T18:36:37.683+0000] {task_command.py:423} INFO - Running <TaskInstance: gold_dimensions_pipeline.dbt_dim_merchants scheduled__2025-10-04T00:00:00+00:00 [running]> on host 65b87e279dde
[2025-11-02T18:36:37.842+0000] {taskinstance.py:2480} INFO - Exporting env vars: AIRFLOW_CTX_DAG_OWNER='***' AIRFLOW_CTX_DAG_ID='gold_dimensions_pipeline' AIRFLOW_CTX_TASK_ID='dbt_dim_merchants' AIRFLOW_CTX_EXECUTION_DATE='2025-10-04T00:00:00+00:00' AIRFLOW_CTX_TRY_NUMBER='1' AIRFLOW_CTX_DAG_RUN_ID='scheduled__2025-10-04T00:00:00+00:00'
[2025-11-02T18:36:41.029+0000] {logging_mixin.py:188} INFO - 18:36:41  Running with dbt=1.5.9
[2025-11-02T18:36:41.246+0000] {logging_mixin.py:188} INFO - 18:36:41  Registered adapter: clickhouse=1.5.2
[2025-11-02T18:36:43.648+0000] {logging_mixin.py:188} INFO - 18:36:43  [WARNING]: Configuration paths exist in your dbt_project.yml file which do not apply to any resources.
[2025-11-02T18:36:43.649+0000] {logging_mixin.py:188} INFO - There are 1 unused configuration paths:
[2025-11-02T18:36:43.650+0000] {logging_mixin.py:188} INFO - - models.ck_project.bronze
[2025-11-02T18:36:43.707+0000] {logging_mixin.py:188} INFO - 18:36:43  Found 8 models, 20 tests, 0 snapshots, 0 analyses, 349 macros, 0 operations, 0 seed files, 6 sources, 0 exposures, 0 metrics, 0 groups
[2025-11-02T18:36:43.713+0000] {logging_mixin.py:188} INFO - 18:36:43
[2025-11-02T18:36:44.289+0000] {logging_mixin.py:188} INFO - 18:36:44  Concurrency: 4 threads (target='dev')
[2025-11-02T18:36:44.291+0000] {logging_mixin.py:188} INFO - 18:36:44
[2025-11-02T18:36:44.337+0000] {logging_mixin.py:188} INFO - 18:36:44  1 of 1 START sql table model gold.dim_merchants ................................ [RUN]
[2025-11-02T18:36:44.525+0000] {logging_mixin.py:188} INFO - 18:36:44  1 of 1 ERROR creating sql table model gold.dim_merchants ....................... [ERROR in 0.18s]
[2025-11-02T18:36:44.539+0000] {logging_mixin.py:188} INFO - 18:36:44
[2025-11-02T18:36:44.541+0000] {logging_mixin.py:188} INFO - 18:36:44  Finished running 1 table model in 0 hours 0 minutes and 0.82 seconds (0.82s).
[2025-11-02T18:36:44.579+0000] {logging_mixin.py:188} INFO - 18:36:44
[2025-11-02T18:36:44.581+0000] {logging_mixin.py:188} INFO - 18:36:44  Completed with 1 error and 0 warnings:
[2025-11-02T18:36:44.583+0000] {logging_mixin.py:188} INFO - 18:36:44
[2025-11-02T18:36:44.585+0000] {logging_mixin.py:188} INFO - 18:36:44  Database Error in model dim_merchants (models/gold/dim/dim_merchants.sql)
[2025-11-02T18:36:44.586+0000] {logging_mixin.py:188} INFO - 18:36:44    Code: 81.
[2025-11-02T18:36:44.588+0000] {logging_mixin.py:188} INFO - 18:36:44    DB::Exception: Database silver does not exist. Stack trace:
[2025-11-02T18:36:44.590+0000] {logging_mixin.py:188} INFO - 18:36:44
[2025-11-02T18:36:44.591+0000] {logging_mixin.py:188} INFO - 18:36:44    0. DB::Exception::Exception(DB::Exception::MessageMasked&&, int, bool) @ 0x00000000137a855f
[2025-11-02T18:36:44.594+0000] {logging_mixin.py:188} INFO - 18:36:44    1. DB::Exception::Exception(String&&, int, String, bool) @ 0x000000000cae7e8e
[2025-11-02T18:36:44.596+0000] {logging_mixin.py:188} INFO - 18:36:44    2. DB::Exception::Exception(PreformattedMessage&&, int) @ 0x000000000cae7940
[2025-11-02T18:36:44.597+0000] {logging_mixin.py:188} INFO - 18:36:44    3. DB::Exception::Exception<String>(int, FormatStringHelperImpl<std::type_identity<String>::type>, String&&) @ 0x000000000cae74ab
[2025-11-02T18:36:44.598+0000] {logging_mixin.py:188} INFO - 18:36:44    4. DB::DatabaseCatalog::getDatabase(String const&) const @ 0x00000000181f2a4a
[2025-11-02T18:36:44.600+0000] {logging_mixin.py:188} INFO - 18:36:44    5. DB::Context::resolveStorageID(DB::StorageID, DB::Context::StorageNamespace) const @ 0x0000000018109f71
[2025-11-02T18:36:44.601+0000] {logging_mixin.py:188} INFO - 18:36:44    6. DB::IdentifierResolver::tryResolveTableIdentifier(DB::Identifier const&, std::shared_ptr<DB::Context const> const&) @ 0x0000000017a91618
[2025-11-02T18:36:44.602+0000] {logging_mixin.py:188} INFO - 18:36:44    7. DB::QueryAnalyzer::tryResolveIdentifier(DB::IdentifierLookup const&, DB::IdentifierResolveScope&, DB::IdentifierResolveContext) @ 0x000000001784563c
[2025-11-02T18:36:44.604+0000] {logging_mixin.py:188} INFO - 18:36:44    8. DB::QueryAnalyzer::resolveQuery(std::shared_ptr<DB::IQueryTreeNode> const&, DB::IdentifierResolveScope&) @ 0x000000001782bebb
[2025-11-02T18:36:44.605+0000] {logging_mixin.py:188} INFO - 18:36:44    9. DB::QueryAnalyzer::resolveExpressionNode(std::shared_ptr<DB::IQueryTreeNode>&, DB::IdentifierResolveScope&, bool, bool, bool) @ 0x0000000017837221
[2025-11-02T18:36:44.606+0000] {logging_mixin.py:188} INFO - 18:36:44    10. DB::QueryAnalyzer::resolveQueryJoinTreeNode(std::shared_ptr<DB::IQueryTreeNode>&, DB::IdentifierResolveScope&, DB::QueryExpressionsAliasVisitor&) @ 0x000000001785ae58
[2025-11-02T18:36:44.608+0000] {logging_mixin.py:188} INFO - 18:36:44    11. DB::QueryAnalyzer::resolveQuery(std::shared_ptr<DB::IQueryTreeNode> const&, DB::IdentifierResolveScope&) @ 0x000000001782d021
[2025-11-02T18:36:44.609+0000] {logging_mixin.py:188} INFO - 18:36:44    12. DB::QueryAnalyzer::resolveExpressionNode(std::shared_ptr<DB::IQueryTreeNode>&, DB::IdentifierResolveScope&, bool, bool, bool) @ 0x0000000017837221
[2025-11-02T18:36:44.610+0000] {logging_mixin.py:188} INFO - 18:36:44    13. DB::QueryAnalyzer::resolveQueryJoinTreeNode(std::shared_ptr<DB::IQueryTreeNode>&, DB::IdentifierResolveScope&, DB::QueryExpressionsAliasVisitor&) @ 0x000000001785ae58
[2025-11-02T18:36:44.612+0000] {logging_mixin.py:188} INFO - 18:36:44    14. DB::QueryAnalyzer::resolveQuery(std::shared_ptr<DB::IQueryTreeNode> const&, DB::IdentifierResolveScope&) @ 0x000000001782d021
[2025-11-02T18:36:44.612+0000] {logging_mixin.py:188} INFO - 18:36:44    15. DB::QueryAnalyzer::resolve(std::shared_ptr<DB::IQueryTreeNode>&, std::shared_ptr<DB::IQueryTreeNode> const&, std::shared_ptr<DB::Context const>) @ 0x000000001782a87a
[2025-11-02T18:36:44.614+0000] {logging_mixin.py:188} INFO - 18:36:44    16. DB::QueryAnalysisPass::run(std::shared_ptr<DB::IQueryTreeNode>&, std::shared_ptr<DB::Context const>) @ 0x0000000017829edc
[2025-11-02T18:36:44.615+0000] {logging_mixin.py:188} INFO - 18:36:44    17. DB::QueryTreePassManager::run(std::shared_ptr<DB::IQueryTreeNode>) @ 0x000000001787d276
[2025-11-02T18:36:44.616+0000] {logging_mixin.py:188} INFO - 18:36:44    18. DB::buildQueryTreeAndRunPasses(std::shared_ptr<DB::IAST> const&, DB::SelectQueryOptions const&, std::shared_ptr<DB::Context const> const&, std::shared_ptr<DB::IStorage> const&) (.llvm.8096503222789336007) @ 0x00000000183bd40d
[2025-11-02T18:36:44.618+0000] {logging_mixin.py:188} INFO - 18:36:44    19. DB::InterpreterSelectQueryAnalyzer::InterpreterSelectQueryAnalyzer(std::shared_ptr<DB::IAST> const&, std::shared_ptr<DB::Context const> const&, DB::SelectQueryOptions const&, std::vector<String, std::allocator<String>> const&) @ 0x00000000183bb32a
[2025-11-02T18:36:44.619+0000] {logging_mixin.py:188} INFO - 18:36:44    20. DB::InterpreterSelectQueryAnalyzer::getSampleBlock(std::shared_ptr<DB::IAST> const&, std::shared_ptr<DB::Context const> const&, DB::SelectQueryOptions const&) @ 0x00000000183bd86a
[2025-11-02T18:36:44.620+0000] {logging_mixin.py:188} INFO - 18:36:44    21. DB::InterpreterCreateQuery::getTablePropertiesAndNormalizeCreateQuery(DB::ASTCreateQuery&, DB::LoadingStrictnessLevel) const @ 0x00000000182e49d3
[2025-11-02T18:36:44.621+0000] {logging_mixin.py:188} INFO - 18:36:44    22. DB::InterpreterCreateQuery::createTable(DB::ASTCreateQuery&) @ 0x00000000182ed2c5
[2025-11-02T18:36:44.625+0000] {logging_mixin.py:188} INFO - 18:36:44    23. DB::InterpreterCreateQuery::execute() @ 0x0000000018303978
[2025-11-02T18:36:44.626+0000] {logging_mixin.py:188} INFO - 18:36:44    24. DB::executeQueryImpl(char const*, char const*, std::shared_ptr<DB::Context>, DB::QueryFlags, DB::QueryProcessingStage::Enum, std::unique_ptr<DB::ReadBuffer, std::default_delete<DB::ReadBuffer>>&, std::shared_ptr<DB::IAST>&, std::shared_ptr<DB::ImplicitTransactionControlExecutor>) @ 0x0000000018780440
[2025-11-02T18:36:44.628+0000] {logging_mixin.py:188} INFO - 18:36:44    25. DB::executeQuery(String const&, std::shared_ptr<DB::Context>, DB::QueryFlags, DB::QueryProcessingStage::Enum) @ 0x00000000187786cb
[2025-11-02T18:36:44.629+0000] {logging_mixin.py:188} INFO - 18:36:44    26. DB::TCPHandler::runImpl() @ 0x0000000019e2d3db
[2025-11-02T18:36:44.630+0000] {logging_mixin.py:188} INFO - 18:36:44    27. DB::TCPHandler::run() @ 0x0000000019e4f119
[2025-11-02T18:36:44.632+0000] {logging_mixin.py:188} INFO - 18:36:44    28. Poco::Net::TCPServerConnection::start() @ 0x000000001ef4ed07
[2025-11-02T18:36:44.633+0000] {logging_mixin.py:188} INFO - 18:36:44    29. Poco::Net::TCPServerDispatcher::run() @ 0x000000001ef4f199
[2025-11-02T18:36:44.635+0000] {logging_mixin.py:188} INFO - 18:36:44    30. Poco::PooledThread::run() @ 0x000000001ef15b87
[2025-11-02T18:36:44.636+0000] {logging_mixin.py:188} INFO - 18:36:44    31. Poco::ThreadImpl::runnableEntry(void*) @ 0x000000001ef13f81
[2025-11-02T18:36:44.637+0000] {logging_mixin.py:188} INFO - 18:36:44
[2025-11-02T18:36:44.639+0000] {logging_mixin.py:188} INFO - 18:36:44  Done. PASS=0 WARN=0 ERROR=1 SKIP=0 TOTAL=1
[2025-11-02T18:36:45.553+0000] {taskinstance.py:2698} ERROR - Task failed with exception
Traceback (most recent call last):
  File "/home/airflow/.local/lib/python3.8/site-packages/airflow/models/taskinstance.py", line 433, in _execute_task
    result = execute_callable(context=context, **execute_callable_kwargs)
  File "/home/airflow/.local/lib/python3.8/site-packages/airflow/operators/python.py", line 199, in execute
    return_value = self.execute_callable()
  File "/home/airflow/.local/lib/python3.8/site-packages/airflow/operators/python.py", line 216, in execute_callable
    return self.python_callable(*self.op_args, **self.op_kwargs)
  File "/opt/airflow/dags/gold_dag.py", line 136, in <lambda>
    python_callable=lambda **_: _run_dbt("dim_merchants"),
  File "/opt/airflow/dags/gold_dag.py", line 90, in _run_dbt
    raise RuntimeError(f"dbt failed (exit {ret}). See logs above.")
RuntimeError: dbt failed (exit 1). See logs above.
[2025-11-02T18:36:45.588+0000] {taskinstance.py:1138} INFO - Marking task as UP_FOR_RETRY. dag_id=gold_dimensions_pipeline, task_id=dbt_dim_merchants, execution_date=20251004T000000, start_date=20251102T183637, end_date=20251102T183645
[2025-11-02T18:36:45.638+0000] {standard_task_runner.py:107} ERROR - Failed to execute job 42 for task dbt_dim_merchants (dbt failed (exit 1). See logs above.; 7350)
[2025-11-02T18:36:45.688+0000] {local_task_job_runner.py:234} INFO - Task exited with return code 1
[2025-11-02T18:36:45.734+0000] {taskinstance.py:3280} INFO - 0 downstream tasks scheduled from follow-on schedule check
