[2025-11-01T20:21:36.793+0000] {taskinstance.py:1956} INFO - Dependencies all met for dep_context=non-requeueable deps ti=<TaskInstance: silver_transformation_pipeline.dbt_run_merchants scheduled__2025-10-13T00:00:00+00:00 [queued]>
[2025-11-01T20:21:36.807+0000] {taskinstance.py:1956} INFO - Dependencies all met for dep_context=requeueable deps ti=<TaskInstance: silver_transformation_pipeline.dbt_run_merchants scheduled__2025-10-13T00:00:00+00:00 [queued]>
[2025-11-01T20:21:36.808+0000] {taskinstance.py:2170} INFO - Starting attempt 1 of 2
[2025-11-01T20:21:36.824+0000] {taskinstance.py:2191} INFO - Executing <Task(PythonOperator): dbt_run_merchants> on 2025-10-13 00:00:00+00:00
[2025-11-01T20:21:36.833+0000] {standard_task_runner.py:60} INFO - Started process 1547 to run task
[2025-11-01T20:21:36.837+0000] {standard_task_runner.py:87} INFO - Running: ['***', 'tasks', 'run', 'silver_transformation_pipeline', 'dbt_run_merchants', 'scheduled__2025-10-13T00:00:00+00:00', '--job-id', '176', '--raw', '--subdir', 'DAGS_FOLDER/silver_dag.py', '--cfg-path', '/tmp/tmpoi6k46z9']
[2025-11-01T20:21:36.841+0000] {standard_task_runner.py:88} INFO - Job 176: Subtask dbt_run_merchants
[2025-11-01T20:21:36.931+0000] {task_command.py:423} INFO - Running <TaskInstance: silver_transformation_pipeline.dbt_run_merchants scheduled__2025-10-13T00:00:00+00:00 [running]> on host 6335aa85b335
[2025-11-01T20:21:37.057+0000] {taskinstance.py:2480} INFO - Exporting env vars: AIRFLOW_CTX_DAG_OWNER='***' AIRFLOW_CTX_DAG_ID='silver_transformation_pipeline' AIRFLOW_CTX_TASK_ID='dbt_run_merchants' AIRFLOW_CTX_EXECUTION_DATE='2025-10-13T00:00:00+00:00' AIRFLOW_CTX_TRY_NUMBER='1' AIRFLOW_CTX_DAG_RUN_ID='scheduled__2025-10-13T00:00:00+00:00'
[2025-11-01T20:21:43.863+0000] {python.py:201} INFO - Done. Returned value was: None
[2025-11-01T20:21:43.875+0000] {taskinstance.py:1138} INFO - Marking task as SUCCESS. dag_id=silver_transformation_pipeline, task_id=dbt_run_merchants, execution_date=20251013T000000, start_date=20251101T202136, end_date=20251101T202143
[2025-11-01T20:21:43.916+0000] {local_task_job_runner.py:234} INFO - Task exited with return code 0
[2025-11-01T20:21:43.944+0000] {taskinstance.py:3280} INFO - 0 downstream tasks scheduled from follow-on schedule check
[2025-11-02T01:36:50.412+0000] {taskinstance.py:1956} INFO - Dependencies all met for dep_context=non-requeueable deps ti=<TaskInstance: silver_transformation_pipeline.dbt_run_merchants scheduled__2025-10-13T00:00:00+00:00 [queued]>
[2025-11-02T01:36:50.422+0000] {taskinstance.py:1956} INFO - Dependencies all met for dep_context=requeueable deps ti=<TaskInstance: silver_transformation_pipeline.dbt_run_merchants scheduled__2025-10-13T00:00:00+00:00 [queued]>
[2025-11-02T01:36:50.423+0000] {taskinstance.py:2170} INFO - Starting attempt 1 of 2
[2025-11-02T01:36:50.441+0000] {taskinstance.py:2191} INFO - Executing <Task(PythonOperator): dbt_run_merchants> on 2025-10-13 00:00:00+00:00
[2025-11-02T01:36:50.448+0000] {standard_task_runner.py:60} INFO - Started process 2279 to run task
[2025-11-02T01:36:50.453+0000] {standard_task_runner.py:87} INFO - Running: ['***', 'tasks', 'run', 'silver_transformation_pipeline', 'dbt_run_merchants', 'scheduled__2025-10-13T00:00:00+00:00', '--job-id', '180', '--raw', '--subdir', 'DAGS_FOLDER/silver_dag.py', '--cfg-path', '/tmp/tmps2c6fq7x']
[2025-11-02T01:36:50.455+0000] {standard_task_runner.py:88} INFO - Job 180: Subtask dbt_run_merchants
[2025-11-02T01:36:50.539+0000] {task_command.py:423} INFO - Running <TaskInstance: silver_transformation_pipeline.dbt_run_merchants scheduled__2025-10-13T00:00:00+00:00 [running]> on host 3b0074fa0b5e
[2025-11-02T01:36:50.646+0000] {taskinstance.py:2480} INFO - Exporting env vars: AIRFLOW_CTX_DAG_OWNER='***' AIRFLOW_CTX_DAG_ID='silver_transformation_pipeline' AIRFLOW_CTX_TASK_ID='dbt_run_merchants' AIRFLOW_CTX_EXECUTION_DATE='2025-10-13T00:00:00+00:00' AIRFLOW_CTX_TRY_NUMBER='1' AIRFLOW_CTX_DAG_RUN_ID='scheduled__2025-10-13T00:00:00+00:00'
[2025-11-02T01:36:57.964+0000] {python.py:201} INFO - Done. Returned value was: None
[2025-11-02T01:36:57.984+0000] {taskinstance.py:1138} INFO - Marking task as SUCCESS. dag_id=silver_transformation_pipeline, task_id=dbt_run_merchants, execution_date=20251013T000000, start_date=20251102T013650, end_date=20251102T013657
[2025-11-02T01:36:58.030+0000] {local_task_job_runner.py:234} INFO - Task exited with return code 0
[2025-11-02T01:36:58.052+0000] {taskinstance.py:3280} INFO - 0 downstream tasks scheduled from follow-on schedule check
[2025-11-02T11:32:09.681+0000] {taskinstance.py:1956} INFO - Dependencies all met for dep_context=non-requeueable deps ti=<TaskInstance: silver_transformation_pipeline.dbt_run_merchants scheduled__2025-10-13T00:00:00+00:00 [queued]>
[2025-11-02T11:32:09.693+0000] {taskinstance.py:1956} INFO - Dependencies all met for dep_context=requeueable deps ti=<TaskInstance: silver_transformation_pipeline.dbt_run_merchants scheduled__2025-10-13T00:00:00+00:00 [queued]>
[2025-11-02T11:32:09.693+0000] {taskinstance.py:2170} INFO - Starting attempt 1 of 2
[2025-11-02T11:32:09.714+0000] {taskinstance.py:2191} INFO - Executing <Task(PythonOperator): dbt_run_merchants> on 2025-10-13 00:00:00+00:00
[2025-11-02T11:32:09.723+0000] {standard_task_runner.py:60} INFO - Started process 2411 to run task
[2025-11-02T11:32:09.728+0000] {standard_task_runner.py:87} INFO - Running: ['***', 'tasks', 'run', 'silver_transformation_pipeline', 'dbt_run_merchants', 'scheduled__2025-10-13T00:00:00+00:00', '--job-id', '192', '--raw', '--subdir', 'DAGS_FOLDER/silver_dag.py', '--cfg-path', '/tmp/tmp562d_hni']
[2025-11-02T11:32:09.732+0000] {standard_task_runner.py:88} INFO - Job 192: Subtask dbt_run_merchants
[2025-11-02T11:32:09.826+0000] {task_command.py:423} INFO - Running <TaskInstance: silver_transformation_pipeline.dbt_run_merchants scheduled__2025-10-13T00:00:00+00:00 [running]> on host 0d39d4365eb9
[2025-11-02T11:32:09.972+0000] {taskinstance.py:2480} INFO - Exporting env vars: AIRFLOW_CTX_DAG_OWNER='***' AIRFLOW_CTX_DAG_ID='silver_transformation_pipeline' AIRFLOW_CTX_TASK_ID='dbt_run_merchants' AIRFLOW_CTX_EXECUTION_DATE='2025-10-13T00:00:00+00:00' AIRFLOW_CTX_TRY_NUMBER='1' AIRFLOW_CTX_DAG_RUN_ID='scheduled__2025-10-13T00:00:00+00:00'
[2025-11-02T11:32:18.246+0000] {python.py:201} INFO - Done. Returned value was: None
[2025-11-02T11:32:18.266+0000] {taskinstance.py:1138} INFO - Marking task as SUCCESS. dag_id=silver_transformation_pipeline, task_id=dbt_run_merchants, execution_date=20251013T000000, start_date=20251102T113209, end_date=20251102T113218
[2025-11-02T11:32:18.332+0000] {local_task_job_runner.py:234} INFO - Task exited with return code 0
[2025-11-02T11:32:18.359+0000] {taskinstance.py:3280} INFO - 0 downstream tasks scheduled from follow-on schedule check
