[2025-11-01T20:14:20.160+0000] {taskinstance.py:1956} INFO - Dependencies all met for dep_context=non-requeueable deps ti=<TaskInstance: silver_transformation_pipeline.dbt_run_merchants scheduled__2025-10-10T00:00:00+00:00 [queued]>
[2025-11-01T20:14:20.171+0000] {taskinstance.py:1956} INFO - Dependencies all met for dep_context=requeueable deps ti=<TaskInstance: silver_transformation_pipeline.dbt_run_merchants scheduled__2025-10-10T00:00:00+00:00 [queued]>
[2025-11-01T20:14:20.172+0000] {taskinstance.py:2170} INFO - Starting attempt 1 of 2
[2025-11-01T20:14:20.185+0000] {taskinstance.py:2191} INFO - Executing <Task(PythonOperator): dbt_run_merchants> on 2025-10-10 00:00:00+00:00
[2025-11-01T20:14:20.193+0000] {standard_task_runner.py:60} INFO - Started process 1729 to run task
[2025-11-01T20:14:20.197+0000] {standard_task_runner.py:87} INFO - Running: ['***', 'tasks', 'run', 'silver_transformation_pipeline', 'dbt_run_merchants', 'scheduled__2025-10-10T00:00:00+00:00', '--job-id', '169', '--raw', '--subdir', 'DAGS_FOLDER/silver_dag.py', '--cfg-path', '/tmp/tmpbqnmfq9a']
[2025-11-01T20:14:20.199+0000] {standard_task_runner.py:88} INFO - Job 169: Subtask dbt_run_merchants
[2025-11-01T20:14:20.278+0000] {task_command.py:423} INFO - Running <TaskInstance: silver_transformation_pipeline.dbt_run_merchants scheduled__2025-10-10T00:00:00+00:00 [running]> on host 1a955fda0cfd
[2025-11-01T20:14:20.379+0000] {taskinstance.py:2480} INFO - Exporting env vars: AIRFLOW_CTX_DAG_OWNER='***' AIRFLOW_CTX_DAG_ID='silver_transformation_pipeline' AIRFLOW_CTX_TASK_ID='dbt_run_merchants' AIRFLOW_CTX_EXECUTION_DATE='2025-10-10T00:00:00+00:00' AIRFLOW_CTX_TRY_NUMBER='1' AIRFLOW_CTX_DAG_RUN_ID='scheduled__2025-10-10T00:00:00+00:00'
[2025-11-01T20:14:22.513+0000] {local_task_job_runner.py:121} ERROR - Received SIGTERM. Terminating subprocesses
[2025-11-01T20:14:22.575+0000] {process_utils.py:131} INFO - Sending 15 to group 1729. PIDs of all processes in the group: [1732, 1729]
[2025-11-01T20:14:22.579+0000] {process_utils.py:86} INFO - Sending the signal 15 to group 1729
[2025-11-01T20:14:22.584+0000] {taskinstance.py:2450} ERROR - Received SIGTERM. Terminating subprocesses.
[2025-11-01T20:14:22.726+0000] {taskinstance.py:2698} ERROR - Task failed with exception
Traceback (most recent call last):
  File "/home/airflow/.local/lib/python3.8/site-packages/airflow/models/taskinstance.py", line 433, in _execute_task
    result = execute_callable(context=context, **execute_callable_kwargs)
  File "/home/airflow/.local/lib/python3.8/site-packages/airflow/operators/python.py", line 199, in execute
    return_value = self.execute_callable()
  File "/home/airflow/.local/lib/python3.8/site-packages/airflow/operators/python.py", line 216, in execute_callable
    return self.python_callable(*self.op_args, **self.op_kwargs)
  File "/opt/airflow/dags/silver_dag.py", line 192, in <lambda>
    python_callable=lambda ds, **_: _run_dbt("silver_merchants", ds=ds, full_refresh=False, pass_ds_lagged=True),
  File "/opt/airflow/dags/silver_dag.py", line 148, in _run_dbt
    proc = subprocess.run(args, text=True, capture_output=True)
  File "/usr/local/lib/python3.8/subprocess.py", line 495, in run
    stdout, stderr = process.communicate(input, timeout=timeout)
  File "/usr/local/lib/python3.8/subprocess.py", line 1028, in communicate
    stdout, stderr = self._communicate(input, endtime, timeout)
  File "/usr/local/lib/python3.8/subprocess.py", line 1884, in _communicate
    ready = selector.select(timeout)
  File "/usr/local/lib/python3.8/selectors.py", line 415, in select
    fd_event_list = self._selector.poll(timeout)
  File "/home/airflow/.local/lib/python3.8/site-packages/airflow/models/taskinstance.py", line 2452, in signal_handler
    raise AirflowException("Task received SIGTERM signal")
airflow.exceptions.AirflowException: Task received SIGTERM signal
[2025-11-01T20:14:22.779+0000] {taskinstance.py:1138} INFO - Marking task as UP_FOR_RETRY. dag_id=silver_transformation_pipeline, task_id=dbt_run_merchants, execution_date=20251010T000000, start_date=20251101T201420, end_date=20251101T201422
[2025-11-01T20:14:22.881+0000] {standard_task_runner.py:107} ERROR - Failed to execute job 169 for task dbt_run_merchants (Task received SIGTERM signal; 1729)
[2025-11-01T20:14:22.920+0000] {process_utils.py:79} INFO - Process psutil.Process(pid=1729, status='terminated', exitcode=1, started='20:14:20') (1729) terminated with exit code 1
[2025-11-01T20:14:22.924+0000] {process_utils.py:79} INFO - Process psutil.Process(pid=1732, status='terminated', started='20:14:20') (1732) terminated with exit code None
[2025-11-01T20:14:22.931+0000] {local_task_job_runner.py:234} INFO - Task exited with return code 143
[2025-11-01T20:14:22.997+0000] {taskinstance.py:3280} INFO - 0 downstream tasks scheduled from follow-on schedule check
[2025-11-01T20:21:04.443+0000] {taskinstance.py:1956} INFO - Dependencies all met for dep_context=non-requeueable deps ti=<TaskInstance: silver_transformation_pipeline.dbt_run_merchants scheduled__2025-10-10T00:00:00+00:00 [queued]>
[2025-11-01T20:21:04.455+0000] {taskinstance.py:1956} INFO - Dependencies all met for dep_context=requeueable deps ti=<TaskInstance: silver_transformation_pipeline.dbt_run_merchants scheduled__2025-10-10T00:00:00+00:00 [queued]>
[2025-11-01T20:21:04.457+0000] {taskinstance.py:2170} INFO - Starting attempt 1 of 2
[2025-11-01T20:21:04.476+0000] {taskinstance.py:2191} INFO - Executing <Task(PythonOperator): dbt_run_merchants> on 2025-10-10 00:00:00+00:00
[2025-11-01T20:21:04.488+0000] {standard_task_runner.py:60} INFO - Started process 1392 to run task
[2025-11-01T20:21:04.493+0000] {standard_task_runner.py:87} INFO - Running: ['***', 'tasks', 'run', 'silver_transformation_pipeline', 'dbt_run_merchants', 'scheduled__2025-10-10T00:00:00+00:00', '--job-id', '163', '--raw', '--subdir', 'DAGS_FOLDER/silver_dag.py', '--cfg-path', '/tmp/tmp3washj89']
[2025-11-01T20:21:04.497+0000] {standard_task_runner.py:88} INFO - Job 163: Subtask dbt_run_merchants
[2025-11-01T20:21:04.683+0000] {task_command.py:423} INFO - Running <TaskInstance: silver_transformation_pipeline.dbt_run_merchants scheduled__2025-10-10T00:00:00+00:00 [running]> on host 6335aa85b335
[2025-11-01T20:21:04.800+0000] {taskinstance.py:2480} INFO - Exporting env vars: AIRFLOW_CTX_DAG_OWNER='***' AIRFLOW_CTX_DAG_ID='silver_transformation_pipeline' AIRFLOW_CTX_TASK_ID='dbt_run_merchants' AIRFLOW_CTX_EXECUTION_DATE='2025-10-10T00:00:00+00:00' AIRFLOW_CTX_TRY_NUMBER='1' AIRFLOW_CTX_DAG_RUN_ID='scheduled__2025-10-10T00:00:00+00:00'
[2025-11-01T20:21:12.853+0000] {python.py:201} INFO - Done. Returned value was: None
[2025-11-01T20:21:12.875+0000] {taskinstance.py:1138} INFO - Marking task as SUCCESS. dag_id=silver_transformation_pipeline, task_id=dbt_run_merchants, execution_date=20251010T000000, start_date=20251101T202104, end_date=20251101T202112
[2025-11-01T20:21:12.910+0000] {local_task_job_runner.py:234} INFO - Task exited with return code 0
[2025-11-01T20:21:12.933+0000] {taskinstance.py:3280} INFO - 0 downstream tasks scheduled from follow-on schedule check
[2025-11-02T01:36:14.911+0000] {taskinstance.py:1956} INFO - Dependencies all met for dep_context=non-requeueable deps ti=<TaskInstance: silver_transformation_pipeline.dbt_run_merchants scheduled__2025-10-10T00:00:00+00:00 [queued]>
[2025-11-02T01:36:14.923+0000] {taskinstance.py:1956} INFO - Dependencies all met for dep_context=requeueable deps ti=<TaskInstance: silver_transformation_pipeline.dbt_run_merchants scheduled__2025-10-10T00:00:00+00:00 [queued]>
[2025-11-02T01:36:14.924+0000] {taskinstance.py:2170} INFO - Starting attempt 1 of 2
[2025-11-02T01:36:14.939+0000] {taskinstance.py:2191} INFO - Executing <Task(PythonOperator): dbt_run_merchants> on 2025-10-10 00:00:00+00:00
[2025-11-02T01:36:14.948+0000] {standard_task_runner.py:60} INFO - Started process 2050 to run task
[2025-11-02T01:36:14.953+0000] {standard_task_runner.py:87} INFO - Running: ['***', 'tasks', 'run', 'silver_transformation_pipeline', 'dbt_run_merchants', 'scheduled__2025-10-10T00:00:00+00:00', '--job-id', '167', '--raw', '--subdir', 'DAGS_FOLDER/silver_dag.py', '--cfg-path', '/tmp/tmp4nm4la9o']
[2025-11-02T01:36:14.955+0000] {standard_task_runner.py:88} INFO - Job 167: Subtask dbt_run_merchants
[2025-11-02T01:36:15.053+0000] {task_command.py:423} INFO - Running <TaskInstance: silver_transformation_pipeline.dbt_run_merchants scheduled__2025-10-10T00:00:00+00:00 [running]> on host 3b0074fa0b5e
[2025-11-02T01:36:15.179+0000] {taskinstance.py:2480} INFO - Exporting env vars: AIRFLOW_CTX_DAG_OWNER='***' AIRFLOW_CTX_DAG_ID='silver_transformation_pipeline' AIRFLOW_CTX_TASK_ID='dbt_run_merchants' AIRFLOW_CTX_EXECUTION_DATE='2025-10-10T00:00:00+00:00' AIRFLOW_CTX_TRY_NUMBER='1' AIRFLOW_CTX_DAG_RUN_ID='scheduled__2025-10-10T00:00:00+00:00'
[2025-11-02T01:36:24.510+0000] {python.py:201} INFO - Done. Returned value was: None
[2025-11-02T01:36:24.531+0000] {taskinstance.py:1138} INFO - Marking task as SUCCESS. dag_id=silver_transformation_pipeline, task_id=dbt_run_merchants, execution_date=20251010T000000, start_date=20251102T013614, end_date=20251102T013624
[2025-11-02T01:36:24.606+0000] {local_task_job_runner.py:234} INFO - Task exited with return code 0
[2025-11-02T01:36:24.636+0000] {taskinstance.py:3280} INFO - 0 downstream tasks scheduled from follow-on schedule check
[2025-11-02T11:31:24.631+0000] {taskinstance.py:1956} INFO - Dependencies all met for dep_context=non-requeueable deps ti=<TaskInstance: silver_transformation_pipeline.dbt_run_merchants scheduled__2025-10-10T00:00:00+00:00 [queued]>
[2025-11-02T11:31:24.645+0000] {taskinstance.py:1956} INFO - Dependencies all met for dep_context=requeueable deps ti=<TaskInstance: silver_transformation_pipeline.dbt_run_merchants scheduled__2025-10-10T00:00:00+00:00 [queued]>
[2025-11-02T11:31:24.646+0000] {taskinstance.py:2170} INFO - Starting attempt 1 of 2
[2025-11-02T11:31:24.665+0000] {taskinstance.py:2191} INFO - Executing <Task(PythonOperator): dbt_run_merchants> on 2025-10-10 00:00:00+00:00
[2025-11-02T11:31:24.672+0000] {standard_task_runner.py:60} INFO - Started process 2095 to run task
[2025-11-02T11:31:24.678+0000] {standard_task_runner.py:87} INFO - Running: ['***', 'tasks', 'run', 'silver_transformation_pipeline', 'dbt_run_merchants', 'scheduled__2025-10-10T00:00:00+00:00', '--job-id', '177', '--raw', '--subdir', 'DAGS_FOLDER/silver_dag.py', '--cfg-path', '/tmp/tmpukrqwtn8']
[2025-11-02T11:31:24.681+0000] {standard_task_runner.py:88} INFO - Job 177: Subtask dbt_run_merchants
[2025-11-02T11:31:24.788+0000] {task_command.py:423} INFO - Running <TaskInstance: silver_transformation_pipeline.dbt_run_merchants scheduled__2025-10-10T00:00:00+00:00 [running]> on host 0d39d4365eb9
[2025-11-02T11:31:24.914+0000] {taskinstance.py:2480} INFO - Exporting env vars: AIRFLOW_CTX_DAG_OWNER='***' AIRFLOW_CTX_DAG_ID='silver_transformation_pipeline' AIRFLOW_CTX_TASK_ID='dbt_run_merchants' AIRFLOW_CTX_EXECUTION_DATE='2025-10-10T00:00:00+00:00' AIRFLOW_CTX_TRY_NUMBER='1' AIRFLOW_CTX_DAG_RUN_ID='scheduled__2025-10-10T00:00:00+00:00'
[2025-11-02T11:31:35.118+0000] {python.py:201} INFO - Done. Returned value was: None
[2025-11-02T11:31:35.142+0000] {taskinstance.py:1138} INFO - Marking task as SUCCESS. dag_id=silver_transformation_pipeline, task_id=dbt_run_merchants, execution_date=20251010T000000, start_date=20251102T113124, end_date=20251102T113135
[2025-11-02T11:31:35.224+0000] {local_task_job_runner.py:234} INFO - Task exited with return code 0
[2025-11-02T11:31:35.266+0000] {taskinstance.py:3280} INFO - 0 downstream tasks scheduled from follow-on schedule check
