[2025-11-28T16:46:49.926+0000] {taskinstance.py:1956} INFO - Dependencies all met for dep_context=non-requeueable deps ti=<TaskInstance: gold_layer_pipeline.dbt_dim_payment_method scheduled__2025-10-03T00:00:00+00:00 [queued]>
[2025-11-28T16:46:49.942+0000] {taskinstance.py:1956} INFO - Dependencies all met for dep_context=requeueable deps ti=<TaskInstance: gold_layer_pipeline.dbt_dim_payment_method scheduled__2025-10-03T00:00:00+00:00 [queued]>
[2025-11-28T16:46:49.943+0000] {taskinstance.py:2170} INFO - Starting attempt 3 of 3
[2025-11-28T16:46:49.966+0000] {taskinstance.py:2191} INFO - Executing <Task(PythonOperator): dbt_dim_payment_method> on 2025-10-03 00:00:00+00:00
[2025-11-28T16:46:49.976+0000] {standard_task_runner.py:60} INFO - Started process 9933 to run task
[2025-11-28T16:46:49.982+0000] {standard_task_runner.py:87} INFO - Running: ['***', 'tasks', 'run', 'gold_layer_pipeline', 'dbt_dim_payment_method', 'scheduled__2025-10-03T00:00:00+00:00', '--job-id', '651', '--raw', '--subdir', 'DAGS_FOLDER/gold_dag.py', '--cfg-path', '/tmp/tmpqxfmynfu']
[2025-11-28T16:46:49.985+0000] {standard_task_runner.py:88} INFO - Job 651: Subtask dbt_dim_payment_method
[2025-11-28T16:46:50.095+0000] {task_command.py:423} INFO - Running <TaskInstance: gold_layer_pipeline.dbt_dim_payment_method scheduled__2025-10-03T00:00:00+00:00 [running]> on host b34d3694f5a7
[2025-11-28T16:46:50.240+0000] {taskinstance.py:2480} INFO - Exporting env vars: AIRFLOW_CTX_DAG_OWNER='***' AIRFLOW_CTX_DAG_ID='gold_layer_pipeline' AIRFLOW_CTX_TASK_ID='dbt_dim_payment_method' AIRFLOW_CTX_EXECUTION_DATE='2025-10-03T00:00:00+00:00' AIRFLOW_CTX_TRY_NUMBER='3' AIRFLOW_CTX_DAG_RUN_ID='scheduled__2025-10-03T00:00:00+00:00'
[2025-11-28T16:46:54.274+0000] {logging_mixin.py:188} INFO - 16:46:54  Running with dbt=1.5.9
[2025-11-28T16:46:54.403+0000] {logging_mixin.py:188} INFO - 16:46:54  Registered adapter: clickhouse=1.5.2
[2025-11-28T16:46:56.408+0000] {logging_mixin.py:188} INFO - 16:46:56  [WARNING]: Configuration paths exist in your dbt_project.yml file which do not apply to any resources.
[2025-11-28T16:46:56.409+0000] {logging_mixin.py:188} INFO - There are 1 unused configuration paths:
[2025-11-28T16:46:56.410+0000] {logging_mixin.py:188} INFO - - models.ck_project.bronze
[2025-11-28T16:46:56.451+0000] {logging_mixin.py:188} INFO - 16:46:56  Found 8 models, 20 tests, 0 snapshots, 0 analyses, 349 macros, 0 operations, 0 seed files, 6 sources, 0 exposures, 0 metrics, 0 groups
[2025-11-28T16:46:56.455+0000] {logging_mixin.py:188} INFO - 16:46:56
[2025-11-28T16:46:56.685+0000] {logging_mixin.py:188} INFO - 16:46:56
[2025-11-28T16:46:56.686+0000] {logging_mixin.py:188} INFO - 16:46:56  Finished running  in 0 hours 0 minutes and 0.23 seconds (0.23s).
[2025-11-28T16:46:56.690+0000] {logging_mixin.py:188} INFO - 16:46:56  Encountered an error:
[2025-11-28T16:46:56.694+0000] {logging_mixin.py:188} INFO - Database Error
[2025-11-28T16:46:56.695+0000] {logging_mixin.py:188} INFO -   Code: 516.
[2025-11-28T16:46:56.697+0000] {logging_mixin.py:188} INFO -   DB::Exception: default: Authentication failed: password is incorrect, or there is no user with such name.
[2025-11-28T16:46:56.698+0000] {logging_mixin.py:188} INFO -   If you use ClickHouse Cloud, the password can be reset at https://clickhouse.cloud/
[2025-11-28T16:46:56.699+0000] {logging_mixin.py:188} INFO -   on the settings page for the corresponding service.
[2025-11-28T16:46:56.699+0000] {logging_mixin.py:188} INFO -   If you have installed ClickHouse and forgot password you can reset it in the configuration file.
[2025-11-28T16:46:56.700+0000] {logging_mixin.py:188} INFO -   The password for default user is typically located at /etc/clickhouse-server/users.d/default-password.xml
[2025-11-28T16:46:56.701+0000] {logging_mixin.py:188} INFO -   and deleting this file will reset the password.
[2025-11-28T16:46:56.701+0000] {logging_mixin.py:188} INFO -   See also /etc/clickhouse-server/users.xml on the server where ClickHouse is installed.
[2025-11-28T16:46:56.702+0000] {logging_mixin.py:188} INFO -   . Stack trace:
[2025-11-28T16:46:56.703+0000] {logging_mixin.py:188} INFO -   0. DB::Exception::Exception(DB::Exception::MessageMasked&&, int, bool) @ 0x00000000137a855f
[2025-11-28T16:46:56.704+0000] {logging_mixin.py:188} INFO -   1. DB::Exception::Exception(String&&, int, String, bool) @ 0x000000000cae7e8e
[2025-11-28T16:46:56.705+0000] {logging_mixin.py:188} INFO -   2. DB::Exception::Exception(PreformattedMessage&&, int) @ 0x000000000cae7940
[2025-11-28T16:46:56.707+0000] {logging_mixin.py:188} INFO -   3. DB::AccessControl::authenticate(DB::Credentials const&, Poco::Net::IPAddress const&, DB::ClientInfo const&) const @ 0x0000000016c5c123
[2025-11-28T16:46:56.709+0000] {logging_mixin.py:188} INFO -   4. DB::Session::authenticate(DB::Credentials const&, Poco::Net::SocketAddress const&, std::vector<String, std::allocator<String>> const&) @ 0x00000000184732f2
[2025-11-28T16:46:56.709+0000] {logging_mixin.py:188} INFO -   5. DB::Session::authenticate(String const&, String const&, Poco::Net::SocketAddress const&, std::vector<String, std::allocator<String>> const&) @ 0x00000000184727b2
[2025-11-28T16:46:56.710+0000] {logging_mixin.py:188} INFO -   6. DB::TCPHandler::receiveHello() @ 0x0000000019e38ff9
[2025-11-28T16:46:56.711+0000] {logging_mixin.py:188} INFO -   7. DB::TCPHandler::runImpl() @ 0x0000000019e29a13
[2025-11-28T16:46:56.712+0000] {logging_mixin.py:188} INFO -   8. DB::TCPHandler::run() @ 0x0000000019e4f119
[2025-11-28T16:46:56.713+0000] {logging_mixin.py:188} INFO -   9. Poco::Net::TCPServerConnection::start() @ 0x000000001ef4ed07
[2025-11-28T16:46:56.714+0000] {logging_mixin.py:188} INFO -   10. Poco::Net::TCPServerDispatcher::run() @ 0x000000001ef4f199
[2025-11-28T16:46:56.714+0000] {logging_mixin.py:188} INFO -   11. Poco::PooledThread::run() @ 0x000000001ef15b87
[2025-11-28T16:46:56.715+0000] {logging_mixin.py:188} INFO -   12. Poco::ThreadImpl::runnableEntry(void*) @ 0x000000001ef13f81
[2025-11-28T16:46:56.716+0000] {logging_mixin.py:188} INFO -   13. ? @ 0x0000000000094ac3
[2025-11-28T16:46:56.716+0000] {logging_mixin.py:188} INFO -   14. ? @ 0x0000000000125a74
[2025-11-28T16:46:57.625+0000] {taskinstance.py:2698} ERROR - Task failed with exception
Traceback (most recent call last):
  File "/home/airflow/.local/lib/python3.8/site-packages/airflow/models/taskinstance.py", line 433, in _execute_task
    result = execute_callable(context=context, **execute_callable_kwargs)
  File "/home/airflow/.local/lib/python3.8/site-packages/airflow/operators/python.py", line 199, in execute
    return_value = self.execute_callable()
  File "/home/airflow/.local/lib/python3.8/site-packages/airflow/operators/python.py", line 216, in execute_callable
    return self.python_callable(*self.op_args, **self.op_kwargs)
  File "/opt/airflow/dags/gold_dag.py", line 123, in <lambda>
    python_callable=lambda **_: _run_dbt("dim_payment_method"),
  File "/opt/airflow/dags/gold_dag.py", line 90, in _run_dbt
    raise RuntimeError(f"dbt failed (exit {ret}). See logs above.")
RuntimeError: dbt failed (exit 2). See logs above.
[2025-11-28T16:46:57.648+0000] {taskinstance.py:1138} INFO - Marking task as FAILED. dag_id=gold_layer_pipeline, task_id=dbt_dim_payment_method, execution_date=20251003T000000, start_date=20251128T164649, end_date=20251128T164657
[2025-11-28T16:46:57.670+0000] {standard_task_runner.py:107} ERROR - Failed to execute job 651 for task dbt_dim_payment_method (dbt failed (exit 2). See logs above.; 9933)
[2025-11-28T16:46:57.692+0000] {local_task_job_runner.py:234} INFO - Task exited with return code 1
[2025-11-28T16:46:57.713+0000] {taskinstance.py:3280} INFO - 0 downstream tasks scheduled from follow-on schedule check
