[2025-11-01T20:22:27.214+0000] {taskinstance.py:1956} INFO - Dependencies all met for dep_context=non-requeueable deps ti=<TaskInstance: silver_transformation_pipeline.dbt_run_merchants scheduled__2025-10-18T00:00:00+00:00 [queued]>
[2025-11-01T20:22:27.226+0000] {taskinstance.py:1956} INFO - Dependencies all met for dep_context=requeueable deps ti=<TaskInstance: silver_transformation_pipeline.dbt_run_merchants scheduled__2025-10-18T00:00:00+00:00 [queued]>
[2025-11-01T20:22:27.227+0000] {taskinstance.py:2170} INFO - Starting attempt 1 of 2
[2025-11-01T20:22:27.248+0000] {taskinstance.py:2191} INFO - Executing <Task(PythonOperator): dbt_run_merchants> on 2025-10-18 00:00:00+00:00
[2025-11-01T20:22:27.259+0000] {standard_task_runner.py:60} INFO - Started process 1812 to run task
[2025-11-01T20:22:27.264+0000] {standard_task_runner.py:87} INFO - Running: ['***', 'tasks', 'run', 'silver_transformation_pipeline', 'dbt_run_merchants', 'scheduled__2025-10-18T00:00:00+00:00', '--job-id', '197', '--raw', '--subdir', 'DAGS_FOLDER/silver_dag.py', '--cfg-path', '/tmp/tmpzy1bjsxj']
[2025-11-01T20:22:27.267+0000] {standard_task_runner.py:88} INFO - Job 197: Subtask dbt_run_merchants
[2025-11-01T20:22:27.348+0000] {task_command.py:423} INFO - Running <TaskInstance: silver_transformation_pipeline.dbt_run_merchants scheduled__2025-10-18T00:00:00+00:00 [running]> on host 6335aa85b335
[2025-11-01T20:22:27.457+0000] {taskinstance.py:2480} INFO - Exporting env vars: AIRFLOW_CTX_DAG_OWNER='***' AIRFLOW_CTX_DAG_ID='silver_transformation_pipeline' AIRFLOW_CTX_TASK_ID='dbt_run_merchants' AIRFLOW_CTX_EXECUTION_DATE='2025-10-18T00:00:00+00:00' AIRFLOW_CTX_TRY_NUMBER='1' AIRFLOW_CTX_DAG_RUN_ID='scheduled__2025-10-18T00:00:00+00:00'
[2025-11-01T20:22:33.115+0000] {python.py:201} INFO - Done. Returned value was: None
[2025-11-01T20:22:33.134+0000] {taskinstance.py:1138} INFO - Marking task as SUCCESS. dag_id=silver_transformation_pipeline, task_id=dbt_run_merchants, execution_date=20251018T000000, start_date=20251101T202227, end_date=20251101T202233
[2025-11-01T20:22:33.195+0000] {local_task_job_runner.py:234} INFO - Task exited with return code 0
[2025-11-01T20:22:33.218+0000] {taskinstance.py:3280} INFO - 0 downstream tasks scheduled from follow-on schedule check
[2025-11-02T01:37:41.328+0000] {taskinstance.py:1956} INFO - Dependencies all met for dep_context=non-requeueable deps ti=<TaskInstance: silver_transformation_pipeline.dbt_run_merchants scheduled__2025-10-18T00:00:00+00:00 [queued]>
[2025-11-02T01:37:41.341+0000] {taskinstance.py:1956} INFO - Dependencies all met for dep_context=requeueable deps ti=<TaskInstance: silver_transformation_pipeline.dbt_run_merchants scheduled__2025-10-18T00:00:00+00:00 [queued]>
[2025-11-02T01:37:41.341+0000] {taskinstance.py:2170} INFO - Starting attempt 1 of 2
[2025-11-02T01:37:41.358+0000] {taskinstance.py:2191} INFO - Executing <Task(PythonOperator): dbt_run_merchants> on 2025-10-18 00:00:00+00:00
[2025-11-02T01:37:41.366+0000] {standard_task_runner.py:60} INFO - Started process 2675 to run task
[2025-11-02T01:37:41.370+0000] {standard_task_runner.py:87} INFO - Running: ['***', 'tasks', 'run', 'silver_transformation_pipeline', 'dbt_run_merchants', 'scheduled__2025-10-18T00:00:00+00:00', '--job-id', '199', '--raw', '--subdir', 'DAGS_FOLDER/silver_dag.py', '--cfg-path', '/tmp/tmpv57rmgfr']
[2025-11-02T01:37:41.373+0000] {standard_task_runner.py:88} INFO - Job 199: Subtask dbt_run_merchants
[2025-11-02T01:37:41.454+0000] {task_command.py:423} INFO - Running <TaskInstance: silver_transformation_pipeline.dbt_run_merchants scheduled__2025-10-18T00:00:00+00:00 [running]> on host 3b0074fa0b5e
[2025-11-02T01:37:41.560+0000] {taskinstance.py:2480} INFO - Exporting env vars: AIRFLOW_CTX_DAG_OWNER='***' AIRFLOW_CTX_DAG_ID='silver_transformation_pipeline' AIRFLOW_CTX_TASK_ID='dbt_run_merchants' AIRFLOW_CTX_EXECUTION_DATE='2025-10-18T00:00:00+00:00' AIRFLOW_CTX_TRY_NUMBER='1' AIRFLOW_CTX_DAG_RUN_ID='scheduled__2025-10-18T00:00:00+00:00'
[2025-11-02T01:37:48.289+0000] {python.py:201} INFO - Done. Returned value was: None
[2025-11-02T01:37:48.307+0000] {taskinstance.py:1138} INFO - Marking task as SUCCESS. dag_id=silver_transformation_pipeline, task_id=dbt_run_merchants, execution_date=20251018T000000, start_date=20251102T013741, end_date=20251102T013748
[2025-11-02T01:37:48.353+0000] {local_task_job_runner.py:234} INFO - Task exited with return code 0
[2025-11-02T01:37:48.372+0000] {taskinstance.py:3280} INFO - 0 downstream tasks scheduled from follow-on schedule check
[2025-11-02T11:33:10.127+0000] {taskinstance.py:1956} INFO - Dependencies all met for dep_context=non-requeueable deps ti=<TaskInstance: silver_transformation_pipeline.dbt_run_merchants scheduled__2025-10-18T00:00:00+00:00 [queued]>
[2025-11-02T11:33:10.139+0000] {taskinstance.py:1956} INFO - Dependencies all met for dep_context=requeueable deps ti=<TaskInstance: silver_transformation_pipeline.dbt_run_merchants scheduled__2025-10-18T00:00:00+00:00 [queued]>
[2025-11-02T11:33:10.140+0000] {taskinstance.py:2170} INFO - Starting attempt 1 of 2
[2025-11-02T11:33:10.165+0000] {taskinstance.py:2191} INFO - Executing <Task(PythonOperator): dbt_run_merchants> on 2025-10-18 00:00:00+00:00
[2025-11-02T11:33:10.174+0000] {standard_task_runner.py:60} INFO - Started process 2818 to run task
[2025-11-02T11:33:10.185+0000] {standard_task_runner.py:87} INFO - Running: ['***', 'tasks', 'run', 'silver_transformation_pipeline', 'dbt_run_merchants', 'scheduled__2025-10-18T00:00:00+00:00', '--job-id', '212', '--raw', '--subdir', 'DAGS_FOLDER/silver_dag.py', '--cfg-path', '/tmp/tmphrf5ujit']
[2025-11-02T11:33:10.189+0000] {standard_task_runner.py:88} INFO - Job 212: Subtask dbt_run_merchants
[2025-11-02T11:33:10.290+0000] {task_command.py:423} INFO - Running <TaskInstance: silver_transformation_pipeline.dbt_run_merchants scheduled__2025-10-18T00:00:00+00:00 [running]> on host 0d39d4365eb9
[2025-11-02T11:33:10.408+0000] {taskinstance.py:2480} INFO - Exporting env vars: AIRFLOW_CTX_DAG_OWNER='***' AIRFLOW_CTX_DAG_ID='silver_transformation_pipeline' AIRFLOW_CTX_TASK_ID='dbt_run_merchants' AIRFLOW_CTX_EXECUTION_DATE='2025-10-18T00:00:00+00:00' AIRFLOW_CTX_TRY_NUMBER='1' AIRFLOW_CTX_DAG_RUN_ID='scheduled__2025-10-18T00:00:00+00:00'
[2025-11-02T11:33:18.966+0000] {python.py:201} INFO - Done. Returned value was: None
[2025-11-02T11:33:18.988+0000] {taskinstance.py:1138} INFO - Marking task as SUCCESS. dag_id=silver_transformation_pipeline, task_id=dbt_run_merchants, execution_date=20251018T000000, start_date=20251102T113310, end_date=20251102T113318
[2025-11-02T11:33:19.045+0000] {local_task_job_runner.py:234} INFO - Task exited with return code 0
[2025-11-02T11:33:19.067+0000] {taskinstance.py:3280} INFO - 0 downstream tasks scheduled from follow-on schedule check
