[2025-10-31T20:06:19.223+0000] {taskinstance.py:1956} INFO - Dependencies all met for dep_context=non-requeueable deps ti=<TaskInstance: ingestion_pipeline.load_link_transactions_to_mongo manual__2025-10-31T20:06:17.873943+00:00 [queued]>
[2025-10-31T20:06:19.251+0000] {taskinstance.py:1956} INFO - Dependencies all met for dep_context=requeueable deps ti=<TaskInstance: ingestion_pipeline.load_link_transactions_to_mongo manual__2025-10-31T20:06:17.873943+00:00 [queued]>
[2025-10-31T20:06:19.252+0000] {taskinstance.py:2170} INFO - Starting attempt 1 of 2
[2025-10-31T20:06:19.278+0000] {taskinstance.py:2191} INFO - Executing <Task(PythonOperator): load_link_transactions_to_mongo> on 2025-10-31 20:06:17.873943+00:00
[2025-10-31T20:06:19.295+0000] {standard_task_runner.py:60} INFO - Started process 372 to run task
[2025-10-31T20:06:19.311+0000] {standard_task_runner.py:87} INFO - Running: ['***', 'tasks', 'run', 'ingestion_pipeline', 'load_link_transactions_to_mongo', 'manual__2025-10-31T20:06:17.873943+00:00', '--job-id', '7', '--raw', '--subdir', 'DAGS_FOLDER/ingestion_dag.py', '--cfg-path', '/tmp/tmph_1n8wth']
[2025-10-31T20:06:19.317+0000] {standard_task_runner.py:88} INFO - Job 7: Subtask load_link_transactions_to_mongo
[2025-10-31T20:06:19.523+0000] {task_command.py:423} INFO - Running <TaskInstance: ingestion_pipeline.load_link_transactions_to_mongo manual__2025-10-31T20:06:17.873943+00:00 [running]> on host c2d20b09a38d
[2025-10-31T20:06:19.711+0000] {taskinstance.py:2480} INFO - Exporting env vars: AIRFLOW_CTX_DAG_OWNER='***' AIRFLOW_CTX_DAG_ID='ingestion_pipeline' AIRFLOW_CTX_TASK_ID='load_link_transactions_to_mongo' AIRFLOW_CTX_EXECUTION_DATE='2025-10-31T20:06:17.873943+00:00' AIRFLOW_CTX_TRY_NUMBER='1' AIRFLOW_CTX_DAG_RUN_ID='manual__2025-10-31T20:06:17.873943+00:00'
[2025-10-31T20:06:23.253+0000] {mongo_ingestion.py:76} INFO - [mongo/link_tx] Target CSV: /tmp/data/link_transactions/link_transactions-20251002.csv
[2025-10-31T20:06:23.285+0000] {mongo_ingestion.py:79} INFO - [mongo/link_tx] Directory listing: ['link_transactions-20251001.csv', 'link_transactions-20251002.csv', 'link_transactions-20251003.csv', 'link_transactions-20251004.csv']
[2025-10-31T20:06:23.624+0000] {mongo_ingestion.py:126} INFO - [mongo/link_tx] Filtered to snapshot day 2025-10-02..2025-10-03 (577 -> 577 rows).
[2025-10-31T20:06:23.648+0000] {crypto.py:82} WARNING - empty cryptography key - values will not be stored encrypted.
[2025-10-31T20:06:23.652+0000] {base.py:83} INFO - Using connection ID 'mongo_default' for task execution.
[2025-10-31T20:06:23.966+0000] {mongo_ingestion.py:196} INFO - [mongo/link_tx] Upserted into link_transactions_raw for file link_transactions-20251002.csv: matched=0, modified=0, upserted=577, total_input=577
[2025-10-31T20:06:23.968+0000] {mongo_ingestion.py:207} INFO - [mongo/link_tx] MongoDB connection closed.
[2025-10-31T20:06:23.971+0000] {python.py:201} INFO - Done. Returned value was: None
[2025-10-31T20:06:24.001+0000] {taskinstance.py:1138} INFO - Marking task as SUCCESS. dag_id=ingestion_pipeline, task_id=load_link_transactions_to_mongo, execution_date=20251031T200617, start_date=20251031T200619, end_date=20251031T200624
[2025-10-31T20:06:24.133+0000] {local_task_job_runner.py:234} INFO - Task exited with return code 0
[2025-10-31T20:06:24.170+0000] {taskinstance.py:3280} INFO - 0 downstream tasks scheduled from follow-on schedule check
