[2025-11-01T20:07:15.917+0000] {taskinstance.py:1956} INFO - Dependencies all met for dep_context=non-requeueable deps ti=<TaskInstance: ingestion_pipeline.load_payments_bronze scheduled__2025-10-26T00:00:00+00:00 [queued]>
[2025-11-01T20:07:16.016+0000] {taskinstance.py:1956} INFO - Dependencies all met for dep_context=requeueable deps ti=<TaskInstance: ingestion_pipeline.load_payments_bronze scheduled__2025-10-26T00:00:00+00:00 [queued]>
[2025-11-01T20:07:16.019+0000] {taskinstance.py:2170} INFO - Starting attempt 1 of 2
[2025-11-01T20:07:16.086+0000] {taskinstance.py:2191} INFO - Executing <Task(PythonOperator): load_payments_bronze> on 2025-10-26 00:00:00+00:00
[2025-11-01T20:07:16.144+0000] {standard_task_runner.py:60} INFO - Started process 782 to run task
[2025-11-01T20:07:16.177+0000] {standard_task_runner.py:87} INFO - Running: ['***', 'tasks', 'run', 'ingestion_pipeline', 'load_payments_bronze', 'scheduled__2025-10-26T00:00:00+00:00', '--job-id', '107', '--raw', '--subdir', 'DAGS_FOLDER/ingestion_dag.py', '--cfg-path', '/tmp/tmp6r1quk7u']
[2025-11-01T20:07:16.212+0000] {standard_task_runner.py:88} INFO - Job 107: Subtask load_payments_bronze
[2025-11-01T20:07:16.653+0000] {task_command.py:423} INFO - Running <TaskInstance: ingestion_pipeline.load_payments_bronze scheduled__2025-10-26T00:00:00+00:00 [running]> on host 1a955fda0cfd
[2025-11-01T20:07:17.279+0000] {taskinstance.py:2480} INFO - Exporting env vars: AIRFLOW_CTX_DAG_OWNER='***' AIRFLOW_CTX_DAG_ID='ingestion_pipeline' AIRFLOW_CTX_TASK_ID='load_payments_bronze' AIRFLOW_CTX_EXECUTION_DATE='2025-10-26T00:00:00+00:00' AIRFLOW_CTX_TRY_NUMBER='1' AIRFLOW_CTX_DAG_RUN_ID='scheduled__2025-10-26T00:00:00+00:00'
[2025-11-01T20:07:20.478+0000] {payments_to_clickhouse.py:89} INFO - [payments->ch] Target CSV: /tmp/data/payments/payments-20251026.csv
[2025-11-01T20:07:20.502+0000] {payments_to_clickhouse.py:94} INFO - [payments->ch] Folder listing: ['payments-20251001.csv', 'payments-20251002.csv', 'payments-20251003.csv']
[2025-11-01T20:07:20.507+0000] {payments_to_clickhouse.py:100} WARNING - [payments->ch] File not found. Skipping.
[2025-11-01T20:07:20.508+0000] {python.py:201} INFO - Done. Returned value was: None
[2025-11-01T20:07:20.559+0000] {taskinstance.py:1138} INFO - Marking task as SUCCESS. dag_id=ingestion_pipeline, task_id=load_payments_bronze, execution_date=20251026T000000, start_date=20251101T200715, end_date=20251101T200720
[2025-11-01T20:07:20.721+0000] {local_task_job_runner.py:234} INFO - Task exited with return code 0
[2025-11-01T20:07:20.791+0000] {taskinstance.py:3280} INFO - 0 downstream tasks scheduled from follow-on schedule check
[2025-11-01T20:18:39.060+0000] {taskinstance.py:1956} INFO - Dependencies all met for dep_context=non-requeueable deps ti=<TaskInstance: ingestion_pipeline.load_payments_bronze scheduled__2025-10-26T00:00:00+00:00 [queued]>
[2025-11-01T20:18:39.119+0000] {taskinstance.py:1956} INFO - Dependencies all met for dep_context=requeueable deps ti=<TaskInstance: ingestion_pipeline.load_payments_bronze scheduled__2025-10-26T00:00:00+00:00 [queued]>
[2025-11-01T20:18:39.124+0000] {taskinstance.py:2170} INFO - Starting attempt 1 of 2
[2025-11-01T20:18:39.226+0000] {taskinstance.py:2191} INFO - Executing <Task(PythonOperator): load_payments_bronze> on 2025-10-26 00:00:00+00:00
[2025-11-01T20:18:39.239+0000] {standard_task_runner.py:60} INFO - Started process 777 to run task
[2025-11-01T20:18:39.254+0000] {standard_task_runner.py:87} INFO - Running: ['***', 'tasks', 'run', 'ingestion_pipeline', 'load_payments_bronze', 'scheduled__2025-10-26T00:00:00+00:00', '--job-id', '105', '--raw', '--subdir', 'DAGS_FOLDER/ingestion_dag.py', '--cfg-path', '/tmp/tmpe_wqf9tf']
[2025-11-01T20:18:39.258+0000] {standard_task_runner.py:88} INFO - Job 105: Subtask load_payments_bronze
[2025-11-01T20:18:39.820+0000] {task_command.py:423} INFO - Running <TaskInstance: ingestion_pipeline.load_payments_bronze scheduled__2025-10-26T00:00:00+00:00 [running]> on host 6335aa85b335
[2025-11-01T20:18:40.316+0000] {taskinstance.py:2480} INFO - Exporting env vars: AIRFLOW_CTX_DAG_OWNER='***' AIRFLOW_CTX_DAG_ID='ingestion_pipeline' AIRFLOW_CTX_TASK_ID='load_payments_bronze' AIRFLOW_CTX_EXECUTION_DATE='2025-10-26T00:00:00+00:00' AIRFLOW_CTX_TRY_NUMBER='1' AIRFLOW_CTX_DAG_RUN_ID='scheduled__2025-10-26T00:00:00+00:00'
[2025-11-01T20:18:43.162+0000] {payments_to_clickhouse.py:89} INFO - [payments->ch] Target CSV: /tmp/data/payments/payments-20251026.csv
[2025-11-01T20:18:43.193+0000] {payments_to_clickhouse.py:94} INFO - [payments->ch] Folder listing: ['payments-20251001.csv', 'payments-20251002.csv', 'payments-20251003.csv', 'payments-20251004.csv']
[2025-11-01T20:18:43.196+0000] {payments_to_clickhouse.py:100} WARNING - [payments->ch] File not found. Skipping.
[2025-11-01T20:18:43.209+0000] {python.py:201} INFO - Done. Returned value was: None
[2025-11-01T20:18:43.260+0000] {taskinstance.py:1138} INFO - Marking task as SUCCESS. dag_id=ingestion_pipeline, task_id=load_payments_bronze, execution_date=20251026T000000, start_date=20251101T201839, end_date=20251101T201843
[2025-11-01T20:18:43.663+0000] {local_task_job_runner.py:234} INFO - Task exited with return code 0
[2025-11-01T20:18:43.967+0000] {taskinstance.py:3280} INFO - 0 downstream tasks scheduled from follow-on schedule check
